[21:29:58.950] [INFO   ] thread main starting.
[21:29:58.960] [SEVERE ] cannot read configuration file config.properties trying from resources.
[21:29:58.963] [SEVERE ] configuration file was loaded from resources directory.
[21:29:59.586] [INFO   ] thread dealer starting.
[21:29:59.586] [INFO   ] thread dealer starting.
[21:29:59.714] [SEVERE ] placing card 73 in slot 0
[21:29:59.823] [SEVERE ] placing card 1 in slot 1
[21:29:59.932] [SEVERE ] placing card 38 in slot 2
[21:30:00.040] [SEVERE ] placing card 70 in slot 3
[21:30:00.150] [SEVERE ] placing card 37 in slot 4
[21:30:00.259] [SEVERE ] placing card 51 in slot 5
[21:30:00.367] [SEVERE ] placing card 0 in slot 6
[21:30:00.476] [SEVERE ] placing card 7 in slot 7
[21:30:00.585] [SEVERE ] placing card 67 in slot 8
[21:30:00.695] [SEVERE ] placing card 23 in slot 9
[21:30:00.804] [SEVERE ] placing card 4 in slot 10
[21:30:00.893] [SEVERE ] key 81 was pressed by player 1
[21:30:00.893] [SEVERE ] player 1 placing token on slot 0
[21:30:00.913] [SEVERE ] placing card 8 in slot 11
[21:30:03.518] [SEVERE ] key 81 was pressed by player 1
[21:30:03.518] [SEVERE ] removing player 1 token from slot 0
[21:30:06.228] [SEVERE ] key 79 was pressed by player 2
[21:30:06.228] [SEVERE ] player 2 placing token on slot 2
[21:30:08.953] [SEVERE ] key 79 was pressed by player 2
[21:30:08.953] [SEVERE ] removing player 2 token from slot 2
[21:30:09.394] [SEVERE ] key 82 was pressed by player 1
[21:30:09.394] [SEVERE ] player 1 placing token on slot 3
[21:30:10.462] [SEVERE ] key 82 was pressed by player 1
[21:30:10.462] [SEVERE ] removing player 1 token from slot 3
[21:30:10.974] [SEVERE ] key 69 was pressed by player 1
[21:30:10.974] [SEVERE ] player 1 placing token on slot 2
[21:30:11.461] [SEVERE ] key 69 was pressed by player 1
[21:30:11.462] [SEVERE ] removing player 1 token from slot 2
[21:30:12.006] [SEVERE ] key 79 was pressed by player 2
[21:30:12.006] [SEVERE ] player 2 placing token on slot 2
[21:30:12.008] [SEVERE ] key 69 was pressed by player 1
[21:30:12.008] [SEVERE ] player 1 placing token on slot 2
[21:30:13.297] [SEVERE ] key 79 was pressed by player 2
[21:30:13.298] [SEVERE ] removing player 2 token from slot 2
[21:30:13.306] [SEVERE ] key 69 was pressed by player 1
[21:30:13.306] [SEVERE ] removing player 1 token from slot 2
[21:30:14.032] [SEVERE ] key 69 was pressed by player 1
[21:30:14.032] [SEVERE ] player 1 placing token on slot 2
[21:30:14.057] [SEVERE ] key 79 was pressed by player 2
[21:30:14.057] [SEVERE ] player 2 placing token on slot 2
[21:30:14.834] [SEVERE ] key 69 was pressed by player 1
[21:30:14.835] [SEVERE ] removing player 1 token from slot 2
[21:30:14.869] [SEVERE ] key 79 was pressed by player 2
[21:30:14.869] [SEVERE ] removing player 2 token from slot 2
[21:30:16.088] [SEVERE ] exit button pressed
[21:30:33.708] [SEVERE ] exit button pressed
[21:30:35.087] [SEVERE ] key 81 was pressed by player 1
[21:30:35.087] [SEVERE ] player 1 placing token on slot 0
[21:30:35.467] [SEVERE ] key 81 was pressed by player 1
[21:30:35.467] [SEVERE ] removing player 1 token from slot 0
[21:30:35.815] [SEVERE ] key 81 was pressed by player 1
[21:30:35.816] [SEVERE ] player 1 placing token on slot 0
[21:30:36.538] [SEVERE ] exit button pressed
[21:30:48.718] [SEVERE ] exit button pressed
