[19:08:46.477] [INFO   ] thread main starting.
[19:08:46.487] [SEVERE ] cannot read configuration file config.properties trying from resources.
[19:08:46.492] [SEVERE ] configuration file was loaded from resources directory.
[19:08:47.176] [INFO   ] thread dealer starting.
[19:08:47.176] [INFO   ] thread dealer starting.
[19:08:47.302] [SEVERE ] placing card 0 in slot 0
[19:08:47.408] [SEVERE ] placing card 15 in slot 1
[19:08:47.522] [SEVERE ] placing card 57 in slot 2
[19:08:47.637] [SEVERE ] placing card 69 in slot 3
[19:08:47.752] [SEVERE ] placing card 4 in slot 4
[19:08:47.860] [SEVERE ] placing card 79 in slot 5
[19:08:47.967] [SEVERE ] placing card 58 in slot 6
[19:08:48.072] [SEVERE ] placing card 5 in slot 7
[19:08:48.180] [SEVERE ] placing card 30 in slot 8
[19:08:48.294] [SEVERE ] placing card 12 in slot 9
[19:08:48.402] [SEVERE ] placing card 80 in slot 10
[19:08:48.510] [SEVERE ] placing card 38 in slot 11
[19:08:49.148] [SEVERE ] key 81 was pressed by player 1
[19:08:49.148] [SEVERE ] player 1 placing token on slot 0
[19:08:51.255] [SEVERE ] key 81 was pressed by player 1
[19:08:51.255] [SEVERE ] removing player 1 token from slot 0
[19:08:52.465] [SEVERE ] key 81 was pressed by player 1
[19:08:52.465] [SEVERE ] player 1 placing token on slot 0
[19:08:52.747] [SEVERE ] key 81 was pressed by player 1
[19:08:52.747] [SEVERE ] removing player 1 token from slot 0
[19:08:53.002] [SEVERE ] key 81 was pressed by player 1
[19:08:53.002] [SEVERE ] player 1 placing token on slot 0
[19:08:53.197] [SEVERE ] key 81 was pressed by player 1
[19:08:53.198] [SEVERE ] removing player 1 token from slot 0
[19:08:53.369] [SEVERE ] key 81 was pressed by player 1
[19:08:53.369] [SEVERE ] player 1 placing token on slot 0
[19:08:53.532] [SEVERE ] key 81 was pressed by player 1
[19:08:53.532] [SEVERE ] removing player 1 token from slot 0
[19:08:53.695] [SEVERE ] key 81 was pressed by player 1
[19:08:53.695] [SEVERE ] player 1 placing token on slot 0
[19:08:53.848] [SEVERE ] key 81 was pressed by player 1
[19:08:53.848] [SEVERE ] removing player 1 token from slot 0
[19:08:54.072] [SEVERE ] key 81 was pressed by player 1
[19:08:54.073] [SEVERE ] player 1 placing token on slot 0
[19:08:54.235] [SEVERE ] key 81 was pressed by player 1
[19:08:54.235] [SEVERE ] removing player 1 token from slot 0
[19:08:54.744] [SEVERE ] key 81 was pressed by player 1
[19:08:54.744] [SEVERE ] player 1 placing token on slot 0
[19:08:54.772] [SEVERE ] key 81 was pressed by player 1
[19:08:54.772] [SEVERE ] removing player 1 token from slot 0
[19:08:54.802] [SEVERE ] key 81 was pressed by player 1
[19:08:54.802] [SEVERE ] player 1 placing token on slot 0
[19:08:54.833] [SEVERE ] key 81 was pressed by player 1
[19:08:54.833] [SEVERE ] removing player 1 token from slot 0
[19:08:54.865] [SEVERE ] key 81 was pressed by player 1
[19:08:54.865] [SEVERE ] player 1 placing token on slot 0
[19:08:54.897] [SEVERE ] key 81 was pressed by player 1
[19:08:54.898] [SEVERE ] removing player 1 token from slot 0
[19:08:54.927] [SEVERE ] key 81 was pressed by player 1
[19:08:54.927] [SEVERE ] player 1 placing token on slot 0
[19:08:54.954] [SEVERE ] key 81 was pressed by player 1
[19:08:54.954] [SEVERE ] removing player 1 token from slot 0
[19:08:54.987] [SEVERE ] key 81 was pressed by player 1
[19:08:54.987] [SEVERE ] player 1 placing token on slot 0
[19:09:15.160] [SEVERE ] key 81 was pressed by player 1
[19:09:15.160] [SEVERE ] removing player 1 token from slot 0
[19:09:15.517] [SEVERE ] key 81 was pressed by player 1
[19:09:15.517] [SEVERE ] player 1 placing token on slot 0
[19:09:15.862] [SEVERE ] key 81 was pressed by player 1
[19:09:15.862] [SEVERE ] removing player 1 token from slot 0
[19:09:16.022] [SEVERE ] key 81 was pressed by player 1
[19:09:16.022] [SEVERE ] player 1 placing token on slot 0
[19:09:16.159] [SEVERE ] key 81 was pressed by player 1
[19:09:16.159] [SEVERE ] removing player 1 token from slot 0
[19:09:16.312] [SEVERE ] key 81 was pressed by player 1
[19:09:16.313] [SEVERE ] player 1 placing token on slot 0
[19:09:16.435] [SEVERE ] key 81 was pressed by player 1
[19:09:16.435] [SEVERE ] removing player 1 token from slot 0
[19:09:16.542] [SEVERE ] key 81 was pressed by player 1
[19:09:16.542] [SEVERE ] player 1 placing token on slot 0
[19:09:17.012] [SEVERE ] key 81 was pressed by player 1
[19:09:17.012] [SEVERE ] removing player 1 token from slot 0
[19:09:17.357] [SEVERE ] key 81 was pressed by player 1
[19:09:17.357] [SEVERE ] player 1 placing token on slot 0
[19:09:33.856] [SEVERE ] key 87 was pressed by player 1
[19:09:33.856] [SEVERE ] player 1 placing token on slot 1
[19:09:34.092] [SEVERE ] key 69 was pressed by player 1
[19:09:34.092] [SEVERE ] player 1 placing token on slot 2
[19:09:34.536] [SEVERE ] key 69 was pressed by player 1
[19:09:34.536] [SEVERE ] removing player 1 token from slot 2
[19:09:35.202] [SEVERE ] key 69 was pressed by player 1
[19:09:35.202] [SEVERE ] player 1 placing token on slot 2
[19:09:35.732] [SEVERE ] key 69 was pressed by player 1
[19:09:35.732] [SEVERE ] removing player 1 token from slot 2
[19:09:36.155] [SEVERE ] key 69 was pressed by player 1
[19:09:36.155] [SEVERE ] player 1 placing token on slot 2
[19:09:36.668] [SEVERE ] key 82 was pressed by player 1
[19:09:37.032] [SEVERE ] key 82 was pressed by player 1
[19:09:37.443] [SEVERE ] key 69 was pressed by player 1
[19:09:37.443] [SEVERE ] removing player 1 token from slot 2
[19:09:37.693] [SEVERE ] key 69 was pressed by player 1
[19:09:37.693] [SEVERE ] player 1 placing token on slot 2
[19:09:38.585] [SEVERE ] key 80 was pressed by player 2
[19:09:38.585] [SEVERE ] player 2 placing token on slot 3
[19:09:38.835] [SEVERE ] key 79 was pressed by player 2
[19:09:38.835] [SEVERE ] player 2 placing token on slot 2
[19:09:39.352] [SEVERE ] key 79 was pressed by player 2
[19:09:39.352] [SEVERE ] removing player 2 token from slot 2
[19:09:39.686] [SEVERE ] key 79 was pressed by player 2
[19:09:39.686] [SEVERE ] player 2 placing token on slot 2
[19:09:40.037] [SEVERE ] key 79 was pressed by player 2
[19:09:40.039] [SEVERE ] removing player 2 token from slot 2
[19:09:40.265] [SEVERE ] key 79 was pressed by player 2
[19:09:40.265] [SEVERE ] player 2 placing token on slot 2
[19:09:41.713] [SEVERE ] exit button pressed
