[15:33:35.436] [INFO   ] thread main starting.
[15:33:35.447] [SEVERE ] cannot read configuration file config.properties trying from resources.
[15:33:35.450] [SEVERE ] configuration file was loaded from resources directory.
[15:33:36.080] [INFO   ] thread dealer starting.
[15:33:36.081] [INFO   ] thread dealer starting.
[15:33:36.196] [SEVERE ] placing card 30 in slot 0
[15:33:36.304] [SEVERE ] placing card 44 in slot 1
[15:33:36.413] [SEVERE ] placing card 74 in slot 2
[15:33:36.521] [SEVERE ] placing card 47 in slot 3
[15:33:36.628] [SEVERE ] placing card 61 in slot 4
[15:33:36.737] [SEVERE ] placing card 79 in slot 5
[15:33:36.846] [SEVERE ] placing card 28 in slot 6
[15:33:36.953] [SEVERE ] placing card 38 in slot 7
[15:33:37.063] [SEVERE ] placing card 21 in slot 8
[15:33:37.172] [SEVERE ] placing card 73 in slot 9
[15:33:37.279] [SEVERE ] placing card 8 in slot 10
[15:33:37.387] [SEVERE ] placing card 5 in slot 11
[15:33:38.129] [SEVERE ] key 81 was pressed by player 1
[15:33:39.800] [SEVERE ] key 81 was pressed by player 1
[15:33:41.324] [SEVERE ] key 81 was pressed by player 1
[15:33:42.373] [SEVERE ] key 81 was pressed by player 1
[15:33:43.058] [SEVERE ] key 81 was pressed by player 1
