[18:50:37.451] [INFO   ] thread main starting.
[18:50:37.472] [SEVERE ] cannot read configuration file config.properties trying from resources.
[18:50:37.482] [SEVERE ] configuration file was loaded from resources directory.
[18:50:38.263] [INFO   ] thread dealer starting.
[18:50:38.263] [INFO   ] thread dealer starting.
[18:50:38.371] [SEVERE ] placing card 18 in slot 0
[18:50:38.475] [SEVERE ] placing card 33 in slot 1
[18:50:38.585] [SEVERE ] placing card 79 in slot 2
[18:50:38.699] [SEVERE ] placing card 42 in slot 3
[18:50:38.800] [SEVERE ] placing card 55 in slot 4
[18:50:38.861] [SEVERE ] key 81 was pressed by player 1
[18:50:38.863] [SEVERE ] player 1 placing token on slot 0
[18:50:38.907] [SEVERE ] placing card 58 in slot 5
[18:50:39.016] [SEVERE ] placing card 78 in slot 6
[18:50:39.131] [SEVERE ] placing card 57 in slot 7
[18:50:39.239] [SEVERE ] placing card 27 in slot 8
[18:50:39.345] [SEVERE ] placing card 59 in slot 9
[18:50:39.446] [SEVERE ] placing card 4 in slot 10
[18:50:39.554] [SEVERE ] placing card 64 in slot 11
[18:50:40.306] [SEVERE ] key 81 was pressed by player 1
[18:50:40.892] [SEVERE ] key 81 was pressed by player 1
[18:50:40.895] [SEVERE ] player 1 placing token on slot 0
[18:50:41.271] [SEVERE ] key 81 was pressed by player 1
[18:50:41.471] [SEVERE ] key 81 was pressed by player 1
[18:50:41.471] [SEVERE ] player 1 placing token on slot 0
[18:50:41.644] [SEVERE ] key 81 was pressed by player 1
[18:50:41.821] [SEVERE ] key 81 was pressed by player 1
[18:50:41.825] [SEVERE ] player 1 placing token on slot 0
[18:50:42.061] [SEVERE ] key 87 was pressed by player 1
[18:50:42.061] [SEVERE ] player 1 placing token on slot 1
[18:50:42.282] [SEVERE ] key 69 was pressed by player 1
[18:50:42.282] [SEVERE ] player 1 placing token on slot 2
[18:50:43.238] [SEVERE ] key 69 was pressed by player 1
[18:50:43.592] [SEVERE ] key 82 was pressed by player 1
[18:50:43.592] [SEVERE ] player 1 placing token on slot 3
[18:50:44.977] [SEVERE ] key 73 was pressed by player 2
[18:50:44.977] [SEVERE ] player 2 placing token on slot 1
[18:50:45.141] [SEVERE ] key 73 was pressed by player 2
[18:50:45.261] [SEVERE ] key 79 was pressed by player 2
[18:50:45.261] [SEVERE ] player 2 placing token on slot 2
[18:50:45.415] [SEVERE ] key 73 was pressed by player 2
[18:50:45.415] [SEVERE ] player 2 placing token on slot 1
[18:50:45.581] [SEVERE ] key 79 was pressed by player 2
[18:50:45.581] [SEVERE ] player 2 placing token on slot 2
[18:50:45.681] [SEVERE ] key 73 was pressed by player 2
[18:50:45.681] [SEVERE ] player 2 placing token on slot 1
[18:50:45.831] [SEVERE ] key 79 was pressed by player 2
[18:50:45.831] [SEVERE ] player 2 placing token on slot 2
[18:50:48.283] [SEVERE ] key 81 was pressed by player 1
[18:50:48.284] [SEVERE ] player 1 placing token on slot 0
[18:50:48.541] [SEVERE ] key 81 was pressed by player 1
[18:50:49.642] [SEVERE ] exit button pressed
[18:52:53.913] [SEVERE ] exit button pressed
[18:52:54.346] [SEVERE ] exit button pressed
[18:56:16.142] [SEVERE ] exit button pressed
