[18:53:53.351] [INFO   ] thread main starting.
[18:53:53.367] [SEVERE ] cannot read configuration file config.properties trying from resources.
[18:53:53.371] [SEVERE ] configuration file was loaded from resources directory.
[18:53:54.099] [INFO   ] thread dealer starting.
[18:53:54.101] [INFO   ] thread dealer starting.
[18:53:54.213] [SEVERE ] placing card 11 in slot 0
[18:53:54.319] [SEVERE ] placing card 12 in slot 1
[18:53:54.429] [SEVERE ] placing card 60 in slot 2
[18:53:54.539] [SEVERE ] placing card 42 in slot 3
[18:53:54.648] [SEVERE ] placing card 3 in slot 4
[18:53:54.757] [SEVERE ] placing card 2 in slot 5
[18:53:54.867] [SEVERE ] placing card 5 in slot 6
[18:53:54.975] [SEVERE ] placing card 37 in slot 7
[18:53:55.087] [SEVERE ] placing card 47 in slot 8
[18:53:55.196] [SEVERE ] placing card 45 in slot 9
[18:53:55.304] [SEVERE ] placing card 61 in slot 10
[18:53:55.414] [SEVERE ] placing card 65 in slot 11
[18:53:56.851] [SEVERE ] key 69 was pressed by player 1
[18:54:17.684] [SEVERE ] player 1 placing token on slot 2
[18:54:37.971] [SEVERE ] key 69 was pressed by player 1
[18:55:52.434] [SEVERE ] exit button pressed
[18:55:54.020] [SEVERE ] exit button pressed
[18:56:41.641] [SEVERE ] exit button pressed
