[21:31:51.875] [INFO   ] thread main starting.
[21:31:51.888] [SEVERE ] cannot read configuration file config.properties trying from resources.
[21:31:51.892] [SEVERE ] configuration file was loaded from resources directory.
[21:31:52.437] [INFO   ] thread dealer starting.
[21:31:52.438] [INFO   ] thread dealer starting.
[21:31:52.555] [SEVERE ] placing card 59 in slot 0
[21:31:52.664] [SEVERE ] placing card 41 in slot 1
[21:31:52.773] [SEVERE ] placing card 53 in slot 2
[21:31:52.875] [SEVERE ] placing card 12 in slot 3
[21:31:52.884] [SEVERE ] key 82 was pressed by player 1
[21:31:52.884] [SEVERE ] player 1 placing token on slot 3
[21:31:52.985] [SEVERE ] placing card 13 in slot 4
[21:31:53.094] [SEVERE ] placing card 62 in slot 5
[21:31:53.204] [SEVERE ] placing card 64 in slot 6
[21:31:53.312] [SEVERE ] placing card 38 in slot 7
[21:31:53.424] [SEVERE ] placing card 37 in slot 8
[21:31:53.533] [SEVERE ] placing card 74 in slot 9
[21:31:53.641] [SEVERE ] placing card 71 in slot 10
[21:31:53.751] [SEVERE ] placing card 2 in slot 11
[21:32:05.098] [SEVERE ] exit button pressed
