[18:35:05.921] [INFO   ] thread main starting.
[18:35:05.949] [SEVERE ] cannot read configuration file config.properties trying from resources.
[18:35:05.954] [SEVERE ] configuration file was loaded from resources directory.
[18:35:06.649] [INFO   ] thread dealer starting.
[18:35:06.649] [INFO   ] thread dealer starting.
[18:35:06.769] [SEVERE ] placing card 43 in slot 0
[18:35:06.878] [SEVERE ] placing card 18 in slot 1
[18:35:06.986] [SEVERE ] placing card 1 in slot 2
[18:35:07.099] [SEVERE ] placing card 24 in slot 3
[18:35:07.199] [SEVERE ] placing card 65 in slot 4
[18:35:07.306] [SEVERE ] placing card 39 in slot 5
[18:35:07.414] [SEVERE ] placing card 48 in slot 6
[18:35:07.514] [SEVERE ] placing card 58 in slot 7
[18:35:07.622] [SEVERE ] placing card 53 in slot 8
[18:35:07.730] [SEVERE ] placing card 28 in slot 9
[18:35:07.838] [SEVERE ] placing card 70 in slot 10
[18:35:07.948] [SEVERE ] placing card 55 in slot 11
[18:35:09.455] [SEVERE ] key 81 was pressed by player 1
[18:35:09.455] [SEVERE ] player 1 placing token on slot 0
[18:35:10.749] [SEVERE ] key 81 was pressed by player 1
[18:35:11.637] [SEVERE ] key 81 was pressed by player 1
[18:35:11.919] [SEVERE ] key 81 was pressed by player 1
[18:35:12.156] [SEVERE ] key 87 was pressed by player 1
[18:35:12.156] [SEVERE ] player 1 placing token on slot 1
[18:35:12.639] [SEVERE ] key 69 was pressed by player 1
[18:35:12.639] [SEVERE ] player 1 placing token on slot 2
[18:35:13.376] [SEVERE ] key 69 was pressed by player 1
[18:35:13.719] [SEVERE ] key 87 was pressed by player 1
[18:35:15.090] [SEVERE ] key 80 was pressed by player 2
[18:35:15.090] [SEVERE ] player 2 placing token on slot 3
[18:35:15.406] [SEVERE ] key 79 was pressed by player 2
[18:35:15.406] [SEVERE ] player 2 placing token on slot 2
[18:35:16.829] [SEVERE ] key 73 was pressed by player 2
[18:35:16.829] [SEVERE ] player 2 placing token on slot 1
[18:35:18.185] [SEVERE ] exit button pressed
[18:35:19.314] [SEVERE ] exit button pressed
[18:35:19.633] [SEVERE ] exit button pressed
