[15:24:05.208] [INFO   ] thread main starting.
[15:24:05.216] [SEVERE ] cannot read configuration file config.properties trying from resources.
[15:24:05.218] [SEVERE ] configuration file was loaded from resources directory.
[15:24:05.821] [INFO   ] thread dealer starting.
[15:24:05.822] [INFO   ] thread dealer starting.
[15:24:05.947] [SEVERE ] placing card 32 in slot 0
[15:24:06.053] [SEVERE ] placing card 59 in slot 1
[15:24:06.161] [SEVERE ] placing card 34 in slot 2
[15:24:06.268] [SEVERE ] placing card 46 in slot 3
[15:24:06.377] [SEVERE ] placing card 12 in slot 4
[15:24:06.486] [SEVERE ] placing card 47 in slot 5
[15:24:06.595] [SEVERE ] placing card 48 in slot 6
[15:24:06.703] [SEVERE ] placing card 80 in slot 7
[15:24:06.813] [SEVERE ] placing card 10 in slot 8
[15:24:06.922] [SEVERE ] placing card 25 in slot 9
[15:24:07.031] [SEVERE ] placing card 13 in slot 10
[15:24:07.140] [SEVERE ] placing card 4 in slot 11
[15:24:11.723] [SEVERE ] key 88 was pressed by player 1
[15:24:12.523] [SEVERE ] key 67 was pressed by player 1
[15:24:12.999] [SEVERE ] key 88 was pressed by player 1
[15:24:13.195] [SEVERE ] key 90 was pressed by player 1
[15:24:13.380] [SEVERE ] key 90 was pressed by player 1
[15:24:13.566] [SEVERE ] key 83 was pressed by player 1
[15:24:13.781] [SEVERE ] key 68 was pressed by player 1
[15:24:13.956] [SEVERE ] key 90 was pressed by player 1
[15:24:14.622] [SEVERE ] key 65 was pressed by player 1
[15:24:14.918] [SEVERE ] key 87 was pressed by player 1
[15:24:14.978] [SEVERE ] key 69 was pressed by player 1
[15:24:15.288] [SEVERE ] key 81 was pressed by player 1
[15:24:15.423] [SEVERE ] key 69 was pressed by player 1
[15:24:15.434] [SEVERE ] key 87 was pressed by player 1
[15:24:15.655] [SEVERE ] key 82 was pressed by player 1
[15:24:17.634] [SEVERE ] exit button pressed
