[18:43:32.960] [INFO   ] thread main starting.
[18:43:32.970] [SEVERE ] cannot read configuration file config.properties trying from resources.
[18:43:32.974] [SEVERE ] configuration file was loaded from resources directory.
[18:43:33.710] [INFO   ] thread dealer starting.
[18:43:33.710] [INFO   ] thread dealer starting.
[18:43:33.824] [SEVERE ] placing card 45 in slot 0
[18:43:33.930] [SEVERE ] placing card 25 in slot 1
[18:43:34.038] [SEVERE ] placing card 34 in slot 2
[18:43:34.147] [SEVERE ] placing card 31 in slot 3
[18:43:34.250] [SEVERE ] placing card 43 in slot 4
[18:43:34.364] [SEVERE ] placing card 30 in slot 5
[18:43:34.470] [SEVERE ] placing card 17 in slot 6
[18:43:34.580] [SEVERE ] placing card 39 in slot 7
[18:43:34.689] [SEVERE ] placing card 37 in slot 8
[18:43:34.763] [SEVERE ] key 82 was pressed by player 1
[18:43:34.763] [SEVERE ] player 1 placing token on slot 3
[18:43:34.796] [SEVERE ] placing card 11 in slot 9
[18:43:34.914] [SEVERE ] placing card 21 in slot 10
[18:43:35.020] [SEVERE ] placing card 23 in slot 11
[18:43:39.490] [SEVERE ] key 82 was pressed by player 1
[18:43:40.286] [SEVERE ] key 82 was pressed by player 1
[18:43:43.910] [SEVERE ] key 81 was pressed by player 1
[18:43:43.910] [SEVERE ] player 1 placing token on slot 0
[18:43:46.362] [SEVERE ] key 81 was pressed by player 1
[18:43:46.837] [SEVERE ] key 81 was pressed by player 1
[18:43:47.204] [SEVERE ] key 81 was pressed by player 1
[18:43:47.490] [SEVERE ] key 81 was pressed by player 1
[18:43:47.760] [SEVERE ] key 81 was pressed by player 1
[18:43:47.990] [SEVERE ] key 81 was pressed by player 1
[18:43:48.275] [SEVERE ] key 87 was pressed by player 1
[18:43:48.275] [SEVERE ] player 1 placing token on slot 1
[18:43:48.820] [SEVERE ] key 87 was pressed by player 1
[18:43:49.284] [SEVERE ] key 81 was pressed by player 1
[18:43:49.510] [SEVERE ] key 87 was pressed by player 1
[18:43:49.745] [SEVERE ] key 69 was pressed by player 1
[18:43:49.970] [SEVERE ] key 87 was pressed by player 1
[18:43:50.149] [SEVERE ] key 82 was pressed by player 1
[18:43:50.866] [SEVERE ] key 68 was pressed by player 1
