[15:40:51.075] [INFO   ] thread main starting.
[15:40:51.081] [SEVERE ] cannot read configuration file config.properties trying from resources.
[15:40:51.090] [SEVERE ] configuration file was loaded from resources directory.
[15:40:51.758] [INFO   ] thread dealer starting.
[15:40:51.758] [INFO   ] thread dealer starting.
[15:40:51.877] [SEVERE ] placing card 8 in slot 0
[15:40:51.987] [SEVERE ] placing card 45 in slot 1
[15:40:52.097] [SEVERE ] placing card 77 in slot 2
[15:40:52.204] [SEVERE ] placing card 32 in slot 3
[15:40:52.314] [SEVERE ] placing card 24 in slot 4
[15:40:52.424] [SEVERE ] placing card 70 in slot 5
[15:40:52.534] [SEVERE ] placing card 76 in slot 6
[15:40:52.644] [SEVERE ] placing card 38 in slot 7
[15:40:52.752] [SEVERE ] placing card 26 in slot 8
[15:40:52.860] [SEVERE ] placing card 25 in slot 9
[15:40:52.967] [SEVERE ] placing card 44 in slot 10
[15:40:53.077] [SEVERE ] placing card 29 in slot 11
[15:40:56.989] [SEVERE ] key 81 was pressed by player 1
[15:41:55.239] [SEVERE ] player 1 placing token on slot 0
[15:43:54.578] [SEVERE ] key 81 was pressed by player 1
