[19:00:28.072] [INFO   ] thread main starting.
[19:00:28.092] [SEVERE ] cannot read configuration file config.properties trying from resources.
[19:00:28.098] [SEVERE ] configuration file was loaded from resources directory.
[19:00:29.013] [INFO   ] thread dealer starting.
[19:00:29.021] [INFO   ] thread dealer starting.
[19:00:29.139] [SEVERE ] placing card 16 in slot 0
[19:00:29.247] [SEVERE ] placing card 40 in slot 1
[19:00:29.355] [SEVERE ] placing card 72 in slot 2
[19:00:29.465] [SEVERE ] placing card 56 in slot 3
[19:00:29.576] [SEVERE ] placing card 1 in slot 4
[19:00:29.685] [SEVERE ] placing card 24 in slot 5
[19:00:29.793] [SEVERE ] placing card 10 in slot 6
[19:00:29.903] [SEVERE ] placing card 18 in slot 7
[19:00:30.013] [SEVERE ] placing card 11 in slot 8
[19:00:30.122] [SEVERE ] placing card 55 in slot 9
[19:00:30.232] [SEVERE ] placing card 20 in slot 10
[19:00:30.341] [SEVERE ] placing card 22 in slot 11
[19:00:31.375] [SEVERE ] key 87 was pressed by player 1
[19:00:35.110] [SEVERE ] player 1 placing token on slot 1
[19:00:45.511] [SEVERE ] key 87 was pressed by player 1
