[15:49:31.394] [INFO   ] thread main starting.
[15:49:31.404] [SEVERE ] cannot read configuration file config.properties trying from resources.
[15:49:31.409] [SEVERE ] configuration file was loaded from resources directory.
[15:49:31.973] [INFO   ] thread dealer starting.
[15:49:31.974] [INFO   ] thread dealer starting.
[15:49:32.100] [SEVERE ] placing card 30 in slot 0
[15:49:32.207] [SEVERE ] placing card 50 in slot 1
[15:49:32.315] [SEVERE ] placing card 55 in slot 2
[15:49:32.424] [SEVERE ] placing card 69 in slot 3
[15:49:32.533] [SEVERE ] placing card 34 in slot 4
[15:49:32.633] [SEVERE ] key 81 was pressed by player 1
[15:49:32.636] [SEVERE ] player 1 placing token on slot 0
[15:49:32.643] [SEVERE ] placing card 47 in slot 5
[15:49:32.753] [SEVERE ] placing card 17 in slot 6
[15:49:32.860] [SEVERE ] placing card 3 in slot 7
[15:49:32.896] [SEVERE ] key 87 was pressed by player 1
[15:49:32.969] [SEVERE ] placing card 15 in slot 8
[15:49:33.077] [SEVERE ] placing card 22 in slot 9
[15:49:33.185] [SEVERE ] placing card 54 in slot 10
[15:49:33.295] [SEVERE ] placing card 6 in slot 11
