[18:44:15.780] [INFO   ] thread main starting.
[18:44:15.790] [SEVERE ] cannot read configuration file config.properties trying from resources.
[18:44:15.795] [SEVERE ] configuration file was loaded from resources directory.
[18:44:16.490] [INFO   ] thread dealer starting.
[18:44:16.493] [INFO   ] thread dealer starting.
[18:44:16.612] [SEVERE ] placing card 40 in slot 0
[18:44:16.720] [SEVERE ] placing card 61 in slot 1
[18:44:16.820] [SEVERE ] placing card 19 in slot 2
[18:44:16.922] [SEVERE ] placing card 35 in slot 3
[18:44:17.030] [SEVERE ] placing card 47 in slot 4
[18:44:17.139] [SEVERE ] placing card 68 in slot 5
[18:44:17.247] [SEVERE ] placing card 21 in slot 6
[18:44:17.356] [SEVERE ] placing card 14 in slot 7
[18:44:17.465] [SEVERE ] placing card 10 in slot 8
[18:44:17.570] [SEVERE ] placing card 80 in slot 9
[18:44:17.681] [SEVERE ] placing card 33 in slot 10
[18:44:17.790] [SEVERE ] placing card 72 in slot 11
[18:44:18.764] [SEVERE ] key 81 was pressed by player 1
[18:44:26.436] [SEVERE ] player 1 placing token on slot 0
[18:44:30.361] [SEVERE ] key 81 was pressed by player 1
