[15:21:38.422] [INFO   ] thread main starting.
[15:21:38.427] [SEVERE ] cannot read configuration file config.properties trying from resources.
[15:21:38.429] [SEVERE ] configuration file was loaded from resources directory.
[15:21:39.054] [INFO   ] thread dealer starting.
[15:21:39.055] [INFO   ] thread dealer starting.
[15:21:39.163] [SEVERE ] placing card 28 in slot 0
[15:21:39.269] [SEVERE ] placing card 0 in slot 1
[15:21:39.379] [SEVERE ] placing card 72 in slot 2
[15:21:39.486] [SEVERE ] placing card 59 in slot 3
[15:21:39.596] [SEVERE ] placing card 63 in slot 4
[15:21:39.702] [SEVERE ] placing card 47 in slot 5
[15:21:39.811] [SEVERE ] placing card 36 in slot 6
[15:21:39.921] [SEVERE ] placing card 68 in slot 7
[15:21:40.028] [SEVERE ] placing card 16 in slot 8
[15:21:40.138] [SEVERE ] placing card 24 in slot 9
[15:21:40.246] [SEVERE ] placing card 54 in slot 10
[15:21:40.356] [SEVERE ] placing card 74 in slot 11
[15:21:40.623] [SEVERE ] key 90 was pressed by player 1
[15:21:41.081] [SEVERE ] key 90 was pressed by player 1
[15:21:41.296] [SEVERE ] key 90 was pressed by player 1
[15:21:41.661] [SEVERE ] key 90 was pressed by player 1
[15:21:42.123] [SEVERE ] key 90 was pressed by player 1
[15:21:42.574] [SEVERE ] key 90 was pressed by player 1
[15:21:42.889] [SEVERE ] key 90 was pressed by player 1
[15:21:43.314] [SEVERE ] key 90 was pressed by player 1
[15:21:44.227] [SEVERE ] key 83 was pressed by player 1
[15:21:44.628] [SEVERE ] key 68 was pressed by player 1
[15:21:45.044] [SEVERE ] key 88 was pressed by player 1
[15:21:45.414] [SEVERE ] key 67 was pressed by player 1
[15:21:47.097] [SEVERE ] key 81 was pressed by player 1
[15:21:47.468] [SEVERE ] key 69 was pressed by player 1
[15:21:47.939] [SEVERE ] key 82 was pressed by player 1
[15:21:48.309] [SEVERE ] key 87 was pressed by player 1
[15:21:48.710] [SEVERE ] key 69 was pressed by player 1
[15:21:49.090] [SEVERE ] key 69 was pressed by player 1
[15:21:49.702] [SEVERE ] key 68 was pressed by player 1
[15:21:50.184] [SEVERE ] key 65 was pressed by player 1
[15:21:50.519] [SEVERE ] key 83 was pressed by player 1
[15:21:50.804] [SEVERE ] key 68 was pressed by player 1
[15:21:51.330] [SEVERE ] key 70 was pressed by player 1
[15:21:52.322] [SEVERE ] key 75 was pressed by player 2
[15:21:52.331] [SEVERE ] key 74 was pressed by player 2
[15:21:52.447] [SEVERE ] key 76 was pressed by player 2
[15:21:52.593] [SEVERE ] key 74 was pressed by player 2
[15:21:52.748] [SEVERE ] key 76 was pressed by player 2
[15:21:54.620] [SEVERE ] key 86 was pressed by player 1
[15:21:56.997] [SEVERE ] key 86 was pressed by player 1
[15:21:57.236] [SEVERE ] key 70 was pressed by player 1
[15:22:01.659] [SEVERE ] key 77 was pressed by player 2
[15:22:02.386] [SEVERE ] key 44 was pressed by player 2
[15:22:02.937] [SEVERE ] key 46 was pressed by player 2
[15:22:03.333] [SEVERE ] key 47 was pressed by player 2
[15:22:03.714] [SEVERE ] key 47 was pressed by player 2
[15:22:03.989] [SEVERE ] key 46 was pressed by player 2
[15:22:05.048] [SEVERE ] key 59 was pressed by player 2
[15:22:05.427] [SEVERE ] key 76 was pressed by player 2
[15:22:05.763] [SEVERE ] key 76 was pressed by player 2
[15:22:06.043] [SEVERE ] key 75 was pressed by player 2
[15:22:06.328] [SEVERE ] key 75 was pressed by player 2
[15:22:06.674] [SEVERE ] key 74 was pressed by player 2
[15:22:12.396] [SEVERE ] key 69 was pressed by player 1
[15:22:12.741] [SEVERE ] key 68 was pressed by player 1
[15:22:13.107] [SEVERE ] key 67 was pressed by player 1
[15:22:13.472] [SEVERE ] key 83 was pressed by player 1
[15:22:14.379] [SEVERE ] key 59 was pressed by player 2
[15:22:14.695] [SEVERE ] key 76 was pressed by player 2
[15:22:14.997] [SEVERE ] key 76 was pressed by player 2
[15:22:15.307] [SEVERE ] key 46 was pressed by player 2
[15:22:15.568] [SEVERE ] key 46 was pressed by player 2
