[19:03:06.694] [INFO   ] thread main starting.
[19:03:06.711] [SEVERE ] cannot read configuration file config.properties trying from resources.
[19:03:06.715] [SEVERE ] configuration file was loaded from resources directory.
[19:03:07.485] [INFO   ] thread dealer starting.
[19:03:07.486] [INFO   ] thread dealer starting.
[19:03:07.601] [SEVERE ] placing card 50 in slot 0
[19:03:07.704] [SEVERE ] placing card 62 in slot 1
[19:03:07.807] [SEVERE ] placing card 70 in slot 2
[19:03:07.907] [SEVERE ] placing card 39 in slot 3
[19:03:08.012] [SEVERE ] placing card 72 in slot 4
[19:03:08.116] [SEVERE ] placing card 47 in slot 5
[19:03:08.231] [SEVERE ] placing card 58 in slot 6
[19:03:08.340] [SEVERE ] placing card 79 in slot 7
[19:03:08.448] [SEVERE ] placing card 30 in slot 8
[19:03:08.646] [SEVERE ] placing card 55 in slot 9
[19:03:08.749] [SEVERE ] placing card 37 in slot 10
[19:03:08.861] [SEVERE ] placing card 35 in slot 11
[19:03:12.156] [SEVERE ] key 69 was pressed by player 1
[19:03:32.093] [SEVERE ] player 1 placing token on slot 2
[19:04:17.841] [SEVERE ] key 69 was pressed by player 1
[19:04:40.743] [SEVERE ] exit button pressed
[21:10:56.346] [SEVERE ] exit button pressed
