[21:31:16.902] [INFO   ] thread main starting.
[21:31:16.917] [SEVERE ] cannot read configuration file config.properties trying from resources.
[21:31:16.921] [SEVERE ] configuration file was loaded from resources directory.
[21:31:17.459] [INFO   ] thread dealer starting.
[21:31:17.460] [INFO   ] thread dealer starting.
[21:31:17.576] [SEVERE ] placing card 76 in slot 0
[21:31:17.678] [SEVERE ] placing card 10 in slot 1
[21:31:17.794] [SEVERE ] placing card 9 in slot 2
[21:31:17.911] [SEVERE ] placing card 6 in slot 3
[21:31:17.926] [SEVERE ] key 81 was pressed by player 1
[21:31:17.926] [SEVERE ] player 1 placing token on slot 0
[21:31:18.011] [SEVERE ] placing card 12 in slot 4
[21:31:18.111] [SEVERE ] placing card 3 in slot 5
[21:31:18.211] [SEVERE ] placing card 72 in slot 6
[21:31:18.313] [SEVERE ] placing card 15 in slot 7
[21:31:18.423] [SEVERE ] placing card 18 in slot 8
[21:31:18.531] [SEVERE ] placing card 8 in slot 9
[21:31:18.640] [SEVERE ] placing card 41 in slot 10
[21:31:18.749] [SEVERE ] placing card 74 in slot 11
[21:31:18.770] [SEVERE ] key 87 was pressed by player 1
[21:31:18.770] [SEVERE ] player 1 placing token on slot 1
[21:31:42.426] [SEVERE ] exit button pressed
