[18:52:00.280] [INFO   ] thread main starting.
[18:52:00.290] [SEVERE ] cannot read configuration file config.properties trying from resources.
[18:52:00.300] [SEVERE ] configuration file was loaded from resources directory.
[18:52:01.200] [INFO   ] thread dealer starting.
[18:52:01.201] [INFO   ] thread dealer starting.
[18:52:01.323] [SEVERE ] placing card 31 in slot 0
[18:52:01.434] [SEVERE ] placing card 2 in slot 1
[18:52:01.545] [SEVERE ] placing card 74 in slot 2
[18:52:01.655] [SEVERE ] placing card 35 in slot 3
[18:52:01.765] [SEVERE ] placing card 41 in slot 4
[18:52:01.876] [SEVERE ] placing card 55 in slot 5
[18:52:01.987] [SEVERE ] placing card 69 in slot 6
[18:52:02.098] [SEVERE ] placing card 10 in slot 7
[18:52:02.209] [SEVERE ] placing card 73 in slot 8
[18:52:02.320] [SEVERE ] placing card 61 in slot 9
[18:52:02.432] [SEVERE ] placing card 11 in slot 10
[18:52:02.496] [SEVERE ] key 81 was pressed by player 1
[18:52:02.496] [SEVERE ] player 1 placing token on slot 0
[18:52:02.543] [SEVERE ] placing card 34 in slot 11
[18:52:03.251] [SEVERE ] key 81 was pressed by player 1
[18:52:45.800] [SEVERE ] exit button pressed
[18:52:52.378] [SEVERE ] exit button pressed
[18:53:06.751] [SEVERE ] exit button pressed
[18:53:07.430] [SEVERE ] exit button pressed
[18:53:33.577] [SEVERE ] exit button pressed
[18:53:34.162] [SEVERE ] exit button pressed
[18:53:34.449] [SEVERE ] exit button pressed
[18:56:48.221] [SEVERE ] exit button pressed
