[22:04:39.898] [INFO   ] thread main starting.
[22:04:39.918] [SEVERE ] cannot read configuration file config.properties trying from resources.
[22:04:39.923] [SEVERE ] configuration file was loaded from resources directory.
[22:04:40.645] [INFO   ] thread dealer starting.
[22:04:40.650] [INFO   ] thread dealer starting.
[22:04:40.773] [SEVERE ] placing card 74 in slot 0
[22:04:40.888] [SEVERE ] placing card 27 in slot 1
[22:04:40.989] [SEVERE ] placing card 72 in slot 2
[22:04:41.101] [SEVERE ] placing card 6 in slot 3
[22:04:41.204] [SEVERE ] placing card 13 in slot 4
[22:04:41.309] [SEVERE ] placing card 45 in slot 5
[22:04:41.420] [SEVERE ] placing card 75 in slot 6
[22:04:41.435] [SEVERE ] key 68 was pressed by player 1
[22:04:41.435] [SEVERE ] player 1 placing token on slot 6
[22:04:41.534] [SEVERE ] placing card 78 in slot 7
[22:04:41.644] [SEVERE ] placing card 41 in slot 8
[22:04:41.755] [SEVERE ] placing card 35 in slot 9
[22:04:41.787] [SEVERE ] key 83 was pressed by player 1
[22:04:41.787] [SEVERE ] player 1 placing token on slot 5
[22:04:41.866] [SEVERE ] placing card 46 in slot 10
[22:04:41.978] [SEVERE ] placing card 51 in slot 11
[22:04:42.546] [SEVERE ] key 65 was pressed by player 1
[22:04:42.546] [SEVERE ] player 1 placing token on slot 4
[22:05:26.418] [SEVERE ] exit button pressed
