[22:32:00.416] [INFO   ] thread main starting.
[22:32:00.424] [SEVERE ] cannot read configuration file config.properties trying from resources.
[22:32:00.424] [SEVERE ] configuration file was loaded from resources directory.
[22:32:01.040] [INFO   ] thread dealer starting.
[22:32:01.040] [INFO   ] thread dealer starting.
[22:32:01.160] [SEVERE ] placing card 31 in slot 0
[22:32:01.263] [SEVERE ] placing card 16 in slot 1
[22:32:01.380] [SEVERE ] placing card 78 in slot 2
[22:32:01.468] [SEVERE ] key 70 was pressed by player 1
[22:32:01.468] [SEVERE ] player 1 placing token on slot 7
[22:32:01.485] [SEVERE ] placing card 13 in slot 3
[22:32:01.596] [SEVERE ] placing card 26 in slot 4
[22:32:01.699] [SEVERE ] placing card 5 in slot 5
[22:32:01.718] [SEVERE ] key 70 was pressed by player 1
[22:32:01.718] [SEVERE ] removing player 1 token from slot 7
[22:32:01.811] [SEVERE ] placing card 20 in slot 6
[22:32:01.917] [SEVERE ] placing card 65 in slot 7
[22:32:01.925] [SEVERE ] key 70 was pressed by player 1
[22:32:01.933] [SEVERE ] player 1 placing token on slot 7
[22:32:02.028] [SEVERE ] placing card 23 in slot 8
[22:32:02.138] [SEVERE ] placing card 27 in slot 9
[22:32:02.249] [SEVERE ] placing card 10 in slot 10
[22:32:02.323] [SEVERE ] key 70 was pressed by player 1
[22:32:02.323] [SEVERE ] removing player 1 token from slot 7
[22:32:02.366] [SEVERE ] placing card 15 in slot 11
[22:32:10.117] [SEVERE ] exit button pressed
