[21:54:11.054] [INFO   ] thread main starting.
[21:54:11.074] [SEVERE ] cannot read configuration file config.properties trying from resources.
[21:54:11.074] [SEVERE ] configuration file was loaded from resources directory.
[21:54:11.906] [INFO   ] thread dealer starting.
[21:54:11.906] [INFO   ] thread dealer starting.
[21:54:12.035] [SEVERE ] placing card 52 in slot 0
[21:54:12.135] [SEVERE ] placing card 37 in slot 1
[21:54:12.235] [SEVERE ] placing card 62 in slot 2
[21:54:12.336] [SEVERE ] placing card 67 in slot 3
[21:54:12.447] [SEVERE ] placing card 44 in slot 4
[21:54:12.463] [SEVERE ] key 70 was pressed by player 1
[21:54:12.470] [SEVERE ] player 1 placing token on slot 7
[21:54:12.551] [SEVERE ] placing card 63 in slot 5
[21:54:12.653] [SEVERE ] placing card 20 in slot 6
[21:54:12.756] [SEVERE ] placing card 36 in slot 7
[21:54:12.866] [SEVERE ] placing card 64 in slot 8
[21:54:12.969] [SEVERE ] placing card 9 in slot 9
[21:54:13.080] [SEVERE ] placing card 72 in slot 10
[21:54:13.184] [SEVERE ] placing card 41 in slot 11
[21:54:13.629] [SEVERE ] key 68 was pressed by player 1
[21:54:13.629] [SEVERE ] player 1 placing token on slot 6
[21:54:13.898] [SEVERE ] key 83 was pressed by player 1
[21:54:13.898] [SEVERE ] player 1 placing token on slot 5
[21:54:34.133] [SEVERE ] exit button pressed
