[19:51:58.885] [INFO   ] thread main starting.
[19:51:58.907] [SEVERE ] cannot read configuration file config.properties trying from resources.
[19:51:58.910] [SEVERE ] configuration file was loaded from resources directory.
[19:51:59.751] [INFO   ] thread dealer starting.
[19:51:59.751] [INFO   ] thread dealer starting.
[19:51:59.866] [SEVERE ] placing card 2 in slot 0
[19:51:59.977] [SEVERE ] placing card 43 in slot 1
[19:52:00.079] [SEVERE ] placing card 78 in slot 2
[19:52:00.185] [SEVERE ] placing card 72 in slot 3
[19:52:00.237] [SEVERE ] key 70 was pressed by player 1
[19:52:00.237] [SEVERE ] player 1 placing token on slot 7
[19:52:00.287] [SEVERE ] placing card 20 in slot 4
[19:52:00.391] [SEVERE ] placing card 3 in slot 5
[19:52:00.498] [SEVERE ] placing card 66 in slot 6
[19:52:00.603] [SEVERE ] placing card 7 in slot 7
[19:52:00.708] [SEVERE ] placing card 10 in slot 8
[19:52:00.809] [SEVERE ] placing card 42 in slot 9
[19:52:00.917] [SEVERE ] placing card 48 in slot 10
[19:52:01.024] [SEVERE ] placing card 73 in slot 11
[19:52:01.849] [SEVERE ] key 68 was pressed by player 1
[19:52:01.850] [SEVERE ] player 1 placing token on slot 6
[19:52:02.380] [SEVERE ] key 83 was pressed by player 1
[19:52:02.381] [SEVERE ] player 1 placing token on slot 5
[19:52:04.644] [SEVERE ] key 83 was pressed by player 1
[19:52:04.644] [SEVERE ] removing player 1 token from slot 5
[19:52:04.974] [SEVERE ] key 83 was pressed by player 1
[19:52:04.974] [SEVERE ] player 1 placing token on slot 5
[19:52:05.276] [SEVERE ] key 65 was pressed by player 1
[19:52:12.879] [SEVERE ] exit button pressed
