[19:55:54.641] [INFO   ] thread main starting.
[19:55:54.653] [SEVERE ] cannot read configuration file config.properties trying from resources.
[19:55:54.656] [SEVERE ] configuration file was loaded from resources directory.
[19:55:55.524] [INFO   ] thread dealer starting.
[19:55:55.554] [INFO   ] thread dealer starting.
[19:55:55.668] [SEVERE ] placing card 39 in slot 0
[19:55:55.772] [SEVERE ] placing card 14 in slot 1
[19:55:55.885] [SEVERE ] placing card 69 in slot 2
[19:55:55.990] [SEVERE ] placing card 73 in slot 3
[19:55:56.058] [SEVERE ] key 68 was pressed by player 1
[19:55:56.058] [SEVERE ] player 1 placing token on slot 6
[19:55:56.100] [SEVERE ] placing card 45 in slot 4
[19:55:56.201] [SEVERE ] placing card 44 in slot 5
[19:55:56.305] [SEVERE ] placing card 50 in slot 6
[19:55:56.419] [SEVERE ] placing card 10 in slot 7
[19:55:56.530] [SEVERE ] placing card 56 in slot 8
[19:55:56.641] [SEVERE ] placing card 53 in slot 9
[19:55:56.753] [SEVERE ] placing card 61 in slot 10
[19:55:56.864] [SEVERE ] placing card 2 in slot 11
[21:45:21.686] [SEVERE ] exit button pressed
