[22:23:17.300] [INFO   ] thread main starting.
[22:23:17.313] [SEVERE ] cannot read configuration file config.properties trying from resources.
[22:23:17.319] [SEVERE ] configuration file was loaded from resources directory.
[22:23:18.071] [INFO   ] thread dealer starting.
[22:23:18.073] [INFO   ] thread dealer starting.
[22:23:18.216] [SEVERE ] placing card 43 in slot 0
[22:23:18.328] [SEVERE ] placing card 41 in slot 1
[22:23:18.439] [SEVERE ] placing card 65 in slot 2
[22:23:18.439] [SEVERE ] key 70 was pressed by player 1
[22:23:18.439] [SEVERE ] player 1 placing token on slot 7
[22:23:18.549] [SEVERE ] placing card 50 in slot 3
[22:23:18.628] [SEVERE ] key 70 was pressed by player 1
[22:23:18.628] [SEVERE ] removing player 1 token from slot 7
[22:23:18.660] [SEVERE ] placing card 39 in slot 4
[22:23:18.764] [SEVERE ] placing card 36 in slot 5
[22:23:18.828] [SEVERE ] key 70 was pressed by player 1
[22:23:18.828] [SEVERE ] player 1 placing token on slot 7
[22:23:18.870] [SEVERE ] placing card 7 in slot 6
[22:23:18.980] [SEVERE ] placing card 66 in slot 7
[22:23:19.090] [SEVERE ] placing card 60 in slot 8
[22:23:19.202] [SEVERE ] placing card 19 in slot 9
[22:23:19.233] [SEVERE ] key 70 was pressed by player 1
[22:23:19.233] [SEVERE ] removing player 1 token from slot 7
[22:23:19.313] [SEVERE ] placing card 4 in slot 10
[22:23:19.423] [SEVERE ] placing card 67 in slot 11
[22:23:19.590] [SEVERE ] key 70 was pressed by player 1
[22:23:19.590] [SEVERE ] player 1 placing token on slot 7
[22:25:53.012] [SEVERE ] exit button pressed
