[23:06:31.254] [INFO   ] thread main starting.
[23:06:31.265] [SEVERE ] cannot read configuration file config.properties trying from resources.
[23:06:31.268] [SEVERE ] configuration file was loaded from resources directory.
[23:06:31.804] [INFO   ] thread dealer starting.
[23:06:31.807] [INFO   ] thread dealer starting.
[23:06:31.915] [SEVERE ] placing card 20 in slot 0
[23:06:32.029] [SEVERE ] placing card 53 in slot 1
[23:06:32.129] [SEVERE ] placing card 39 in slot 2
[23:06:32.185] [SEVERE ] key 81 was pressed by player 1
[23:06:32.231] [SEVERE ] placing card 54 in slot 3
[23:06:32.347] [SEVERE ] placing card 40 in slot 4
[23:06:32.348] [SEVERE ] key 81 was pressed by player 1
[23:06:32.448] [SEVERE ] placing card 77 in slot 5
[23:06:32.564] [SEVERE ] placing card 18 in slot 6
[23:06:32.666] [SEVERE ] placing card 67 in slot 7
[23:06:32.685] [SEVERE ] key 81 was pressed by player 1
[23:06:32.780] [SEVERE ] placing card 45 in slot 8
[23:06:32.890] [SEVERE ] placing card 25 in slot 9
[23:06:32.897] [SEVERE ] key 81 was pressed by player 1
[23:06:33.001] [SEVERE ] placing card 11 in slot 10
[23:06:33.111] [SEVERE ] placing card 27 in slot 11
[23:06:33.268] [SEVERE ] key 81 was pressed by player 1
[23:06:33.598] [SEVERE ] key 81 was pressed by player 1
[23:06:33.895] [SEVERE ] key 81 was pressed by player 1
[23:06:34.178] [SEVERE ] key 81 was pressed by player 1
[23:06:34.448] [SEVERE ] key 81 was pressed by player 1
[23:06:34.685] [SEVERE ] key 81 was pressed by player 1
[23:06:34.920] [SEVERE ] key 81 was pressed by player 1
[23:06:35.108] [SEVERE ] key 81 was pressed by player 1
[23:06:35.264] [SEVERE ] key 81 was pressed by player 1
[23:06:35.437] [SEVERE ] key 81 was pressed by player 1
[23:06:35.830] [SEVERE ] key 81 was pressed by player 1
[23:06:36.018] [SEVERE ] key 81 was pressed by player 1
[23:06:36.222] [SEVERE ] key 81 was pressed by player 1
[23:06:36.411] [SEVERE ] key 81 was pressed by player 1
[23:06:36.537] [SEVERE ] key 81 was pressed by player 1
[23:06:36.819] [SEVERE ] key 87 was pressed by player 1
[23:06:36.991] [SEVERE ] key 83 was pressed by player 1
[23:06:37.208] [SEVERE ] key 70 was pressed by player 1
[23:06:37.478] [SEVERE ] key 68 was pressed by player 1
[23:06:37.493] [SEVERE ] key 83 was pressed by player 1
[23:06:37.650] [SEVERE ] key 68 was pressed by player 1
[23:06:37.713] [SEVERE ] key 70 was pressed by player 1
[23:06:38.168] [SEVERE ] key 70 was pressed by player 1
[23:06:38.247] [SEVERE ] key 68 was pressed by player 1
[23:06:38.312] [SEVERE ] key 83 was pressed by player 1
[23:07:16.162] [SEVERE ] exit button pressed
