[21:52:23.405] [INFO   ] thread main starting.
[21:52:23.417] [SEVERE ] cannot read configuration file config.properties trying from resources.
[21:52:23.420] [SEVERE ] configuration file was loaded from resources directory.
[21:52:24.225] [INFO   ] thread dealer starting.
[21:52:24.225] [INFO   ] thread dealer starting.
[21:52:24.348] [SEVERE ] placing card 77 in slot 0
[21:52:24.460] [SEVERE ] placing card 78 in slot 1
[21:52:24.563] [SEVERE ] placing card 31 in slot 2
[21:52:24.666] [SEVERE ] placing card 18 in slot 3
[21:52:24.668] [SEVERE ] key 82 was pressed by player 1
[21:52:24.682] [SEVERE ] player 1 placing token on slot 3
[21:52:24.778] [SEVERE ] placing card 69 in slot 4
[21:52:24.881] [SEVERE ] placing card 34 in slot 5
[21:52:24.992] [SEVERE ] placing card 3 in slot 6
[21:52:25.108] [SEVERE ] placing card 39 in slot 7
[21:52:25.210] [SEVERE ] placing card 7 in slot 8
[21:52:25.321] [SEVERE ] placing card 6 in slot 9
[21:52:25.432] [SEVERE ] placing card 46 in slot 10
[21:52:25.543] [SEVERE ] placing card 56 in slot 11
[21:52:29.704] [SEVERE ] key 82 was pressed by player 1
[21:52:29.704] [SEVERE ] removing player 1 token from slot 3
[21:52:30.084] [SEVERE ] key 82 was pressed by player 1
[21:52:30.084] [SEVERE ] player 1 placing token on slot 3
[21:52:30.369] [SEVERE ] key 82 was pressed by player 1
[21:52:30.369] [SEVERE ] removing player 1 token from slot 3
[21:52:36.129] [SEVERE ] exit button pressed
