[22:03:14.546] [INFO   ] thread main starting.
[22:03:14.573] [SEVERE ] cannot read configuration file config.properties trying from resources.
[22:03:14.573] [SEVERE ] configuration file was loaded from resources directory.
[22:03:15.322] [INFO   ] thread dealer starting.
[22:03:15.322] [INFO   ] thread dealer starting.
[22:03:15.435] [SEVERE ] placing card 20 in slot 0
[22:03:15.546] [SEVERE ] placing card 73 in slot 1
[22:03:15.657] [SEVERE ] placing card 63 in slot 2
[22:03:15.767] [SEVERE ] placing card 72 in slot 3
[22:03:15.872] [SEVERE ] placing card 60 in slot 4
[22:03:15.981] [SEVERE ] placing card 4 in slot 5
[22:03:16.091] [SEVERE ] placing card 65 in slot 6
[22:03:16.202] [SEVERE ] placing card 57 in slot 7
[22:03:16.312] [SEVERE ] placing card 74 in slot 8
[22:03:16.423] [SEVERE ] placing card 22 in slot 9
[22:03:16.535] [SEVERE ] placing card 54 in slot 10
[22:03:16.646] [SEVERE ] placing card 15 in slot 11
[22:03:17.103] [SEVERE ] key 68 was pressed by player 1
[22:03:17.103] [SEVERE ] player 1 placing token on slot 6
[22:03:17.308] [SEVERE ] key 83 was pressed by player 1
[22:03:17.308] [SEVERE ] player 1 placing token on slot 5
[22:03:17.767] [SEVERE ] key 65 was pressed by player 1
[22:03:17.767] [SEVERE ] player 1 placing token on slot 4
[22:03:18.696] [SEVERE ] key 65 was pressed by player 1
[22:03:18.696] [SEVERE ] removing player 1 token from slot 4
[22:03:19.107] [SEVERE ] key 65 was pressed by player 1
[22:03:19.107] [SEVERE ] player 1 placing token on slot 4
[22:03:20.878] [SEVERE ] key 65 was pressed by player 1
[22:03:20.878] [SEVERE ] removing player 1 token from slot 4
[22:03:21.131] [SEVERE ] key 65 was pressed by player 1
[22:03:21.131] [SEVERE ] player 1 placing token on slot 4
[22:03:21.733] [SEVERE ] key 65 was pressed by player 1
[22:03:21.733] [SEVERE ] removing player 1 token from slot 4
[22:03:22.049] [SEVERE ] key 65 was pressed by player 1
[22:03:22.049] [SEVERE ] player 1 placing token on slot 4
[22:03:23.078] [SEVERE ] key 80 was pressed by player 2
[22:03:23.087] [SEVERE ] player 2 placing token on slot 3
[22:03:23.347] [SEVERE ] key 79 was pressed by player 2
[22:03:23.347] [SEVERE ] player 2 placing token on slot 2
[22:03:23.614] [SEVERE ] key 73 was pressed by player 2
[22:03:23.614] [SEVERE ] player 2 placing token on slot 1
