[19:40:58.550] [INFO   ] thread main starting.
[19:40:58.561] [SEVERE ] cannot read configuration file config.properties trying from resources.
[19:40:58.561] [SEVERE ] configuration file was loaded from resources directory.
[19:40:59.342] [INFO   ] thread dealer starting.
[19:40:59.342] [INFO   ] thread dealer starting.
[19:40:59.464] [SEVERE ] placing card 23 in slot 0
[19:40:59.565] [SEVERE ] placing card 0 in slot 1
[19:40:59.672] [SEVERE ] placing card 31 in slot 2
[19:40:59.774] [SEVERE ] placing card 35 in slot 3
[19:40:59.849] [SEVERE ] key 68 was pressed by player 1
[19:40:59.849] [SEVERE ] player 1 placing token on slot 6
[19:40:59.876] [SEVERE ] placing card 15 in slot 4
[19:40:59.980] [SEVERE ] placing card 37 in slot 5
[19:41:00.095] [SEVERE ] placing card 33 in slot 6
[19:41:00.206] [SEVERE ] placing card 19 in slot 7
[19:41:00.306] [SEVERE ] placing card 41 in slot 8
[19:41:00.415] [SEVERE ] placing card 9 in slot 9
[19:41:00.526] [SEVERE ] placing card 6 in slot 10
[19:41:00.631] [SEVERE ] placing card 42 in slot 11
[19:41:07.121] [SEVERE ] key 68 was pressed by player 1
[19:41:07.121] [SEVERE ] removing player 1 token from slot 6
[19:41:07.566] [SEVERE ] exit button pressed
[19:42:31.208] [SEVERE ] key 70 was pressed by player 1
[19:42:31.208] [SEVERE ] player 1 placing token on slot 7
[19:42:31.767] [SEVERE ] key 70 was pressed by player 1
[19:42:31.767] [SEVERE ] removing player 1 token from slot 7
[19:42:32.413] [SEVERE ] exit button pressed
[19:42:36.873] [SEVERE ] exit button pressed
