[12:02:06.538] [INFO   ] thread main starting.
[12:02:06.549] [SEVERE ] cannot read configuration file config.properties trying from resources.
[12:02:06.553] [SEVERE ] configuration file was loaded from resources directory.
[12:02:07.151] [INFO   ] thread dealer starting.
[12:02:07.151] [INFO   ] thread Thread-0 starting.
[12:02:07.151] [INFO   ] thread Thread-1 starting.
[12:02:07.152] [INFO   ] thread dealer starting.
[12:02:07.264] [SEVERE ] placing card 4 in slot 0
[12:02:07.379] [SEVERE ] placing card 5 in slot 1
[12:02:07.481] [SEVERE ] placing card 13 in slot 2
[12:02:07.596] [SEVERE ] placing card 15 in slot 3
[12:02:07.698] [SEVERE ] placing card 35 in slot 4
[12:02:07.798] [SEVERE ] placing card 50 in slot 5
[12:02:07.900] [SEVERE ] placing card 49 in slot 6
[12:02:08.011] [SEVERE ] placing card 25 in slot 7
[12:02:08.113] [SEVERE ] placing card 65 in slot 8
[12:02:08.183] [SEVERE ] key 65 was pressed by player 1
[12:02:08.184] [SEVERE ] player 1 placing token on slot 4
[12:02:08.214] [SEVERE ] placing card 77 in slot 9
[12:02:08.330] [SEVERE ] placing card 43 in slot 10
[12:02:08.385] [SEVERE ] key 83 was pressed by player 1
[12:02:08.386] [SEVERE ] player 1 placing token on slot 5
[12:02:08.446] [SEVERE ] placing card 26 in slot 11
[12:02:08.596] [SEVERE ] key 68 was pressed by player 1
[12:02:08.597] [SEVERE ] player 1 placing token on slot 6
[12:02:19.514] [SEVERE ] setting player 1 freeze to 3000
[12:02:24.180] [SEVERE ] exit button pressed
[12:02:24.181] [INFO   ] thread Thread-0 terminated.
[12:02:24.181] [INFO   ] thread Thread-1 terminated.
