[12:37:26.485] [INFO   ] thread main starting.
[12:37:26.497] [SEVERE ] cannot read configuration file config.properties trying from resources.
[12:37:26.500] [SEVERE ] configuration file was loaded from resources directory.
[12:37:27.141] [INFO   ] thread dealer starting.
[12:37:27.154] [INFO   ] thread Thread-0 starting.
[12:37:27.146] [INFO   ] thread Thread-1 starting.
[12:37:27.155] [INFO   ] thread dealer starting.
[12:37:27.280] [SEVERE ] placing card 4 in slot 0
[12:37:27.389] [SEVERE ] placing card 51 in slot 1
[12:37:27.494] [SEVERE ] placing card 18 in slot 2
[12:37:27.603] [SEVERE ] placing card 7 in slot 3
[12:37:27.711] [SEVERE ] placing card 59 in slot 4
[12:37:27.826] [SEVERE ] placing card 61 in slot 5
[12:37:27.934] [SEVERE ] placing card 45 in slot 6
[12:37:28.045] [SEVERE ] placing card 16 in slot 7
[12:37:28.154] [SEVERE ] placing card 1 in slot 8
[12:37:28.263] [SEVERE ] placing card 62 in slot 9
[12:37:28.371] [SEVERE ] placing card 70 in slot 10
[12:37:28.479] [SEVERE ] placing card 40 in slot 11
[12:37:30.249] [SEVERE ] key 81 was pressed by player 1
[12:37:30.249] [SEVERE ] player 1 placing token on slot 0
[12:37:30.584] [SEVERE ] key 87 was pressed by player 1
[12:37:30.584] [SEVERE ] player 1 placing token on slot 1
[12:37:30.844] [SEVERE ] key 69 was pressed by player 1
[12:37:30.844] [SEVERE ] player 1 placing token on slot 2
[12:37:33.648] [SEVERE ] setting player 1 score to 1
[12:37:34.664] [SEVERE ] setting player 1 freeze to 1000
[12:37:45.327] [SEVERE ] removing player 1 token from slot 0
[12:37:45.612] [SEVERE ] removing card from slot 0
[12:37:45.997] [SEVERE ] removing player 1 token from slot 1
[12:37:46.264] [SEVERE ] removing card from slot 1
[12:37:46.642] [SEVERE ] removing player 1 token from slot 2
[12:37:46.900] [SEVERE ] removing card from slot 2
[12:37:50.211] [SEVERE ] placing card 2 in slot 0
[12:37:50.327] [SEVERE ] placing card 25 in slot 1
[12:37:50.443] [SEVERE ] placing card 50 in slot 2
[12:38:01.964] [SEVERE ] exit button pressed
[12:38:01.964] [INFO   ] thread Thread-0 terminated.
[12:38:01.964] [INFO   ] thread Thread-1 terminated.
