[12:35:53.627] [INFO   ] thread main starting.
[12:35:53.633] [SEVERE ] cannot read configuration file config.properties trying from resources.
[12:35:53.643] [SEVERE ] configuration file was loaded from resources directory.
[12:35:54.262] [INFO   ] thread dealer starting.
[12:35:54.262] [INFO   ] thread Thread-0 starting.
[12:35:54.263] [INFO   ] thread dealer starting.
[12:35:54.262] [INFO   ] thread Thread-1 starting.
[12:35:54.373] [SEVERE ] placing card 53 in slot 0
[12:35:54.475] [SEVERE ] placing card 34 in slot 1
[12:35:54.576] [SEVERE ] placing card 59 in slot 2
[12:35:54.690] [SEVERE ] placing card 67 in slot 3
[12:35:54.807] [SEVERE ] placing card 17 in slot 4
[12:35:54.843] [SEVERE ] key 81 was pressed by player 1
[12:35:54.843] [SEVERE ] player 1 placing token on slot 0
[12:35:54.908] [SEVERE ] placing card 80 in slot 5
[12:35:55.024] [SEVERE ] placing card 0 in slot 6
[12:35:55.064] [SEVERE ] key 87 was pressed by player 1
[12:35:55.064] [SEVERE ] player 1 placing token on slot 1
[12:35:55.124] [SEVERE ] placing card 40 in slot 7
[12:35:55.225] [SEVERE ] placing card 75 in slot 8
[12:35:55.294] [SEVERE ] key 69 was pressed by player 1
[12:35:55.294] [SEVERE ] player 1 placing token on slot 2
[12:35:55.329] [SEVERE ] placing card 41 in slot 9
[12:35:55.440] [SEVERE ] placing card 56 in slot 10
[12:35:55.541] [SEVERE ] placing card 13 in slot 11
[12:35:59.107] [SEVERE ] setting player 1 score to 1
[12:36:00.123] [SEVERE ] setting player 1 freeze to 1000
[12:36:17.964] [SEVERE ] removing player 1 token from slot 0
[12:36:19.410] [SEVERE ] removing card from slot 0
[12:36:22.762] [SEVERE ] removing player 1 token from slot 1
[12:36:25.154] [SEVERE ] removing card from slot 1
[12:36:27.874] [SEVERE ] removing player 1 token from slot 2
[12:36:28.287] [SEVERE ] removing card from slot 2
[12:36:57.845] [SEVERE ] placing card 58 in slot 0
[12:37:01.801] [SEVERE ] placing card 33 in slot 1
[12:37:03.807] [SEVERE ] placing card 55 in slot 2
[12:37:13.187] [SEVERE ] exit button pressed
[12:37:13.188] [INFO   ] thread Thread-0 terminated.
[12:37:13.188] [INFO   ] thread Thread-1 terminated.
