[10:51:40.913] [INFO   ] thread main starting.
[10:51:40.922] [SEVERE ] cannot read configuration file config.properties trying from resources.
[10:51:40.924] [SEVERE ] configuration file was loaded from resources directory.
[10:51:41.597] [INFO   ] thread dealer starting.
[10:51:41.597] [INFO   ] thread Thread-0 starting.
[10:51:41.597] [INFO   ] thread Thread-1 starting.
[10:51:41.597] [INFO   ] thread dealer starting.
[10:51:41.704] [SEVERE ] placing card 76 in slot 0
[10:51:41.816] [SEVERE ] placing card 21 in slot 1
[10:51:41.926] [SEVERE ] placing card 48 in slot 2
[10:51:42.034] [SEVERE ] placing card 70 in slot 3
[10:51:42.144] [SEVERE ] placing card 75 in slot 4
[10:51:42.252] [SEVERE ] placing card 43 in slot 5
[10:51:42.361] [SEVERE ] placing card 8 in slot 6
[10:51:42.469] [SEVERE ] placing card 34 in slot 7
[10:51:42.577] [SEVERE ] placing card 78 in slot 8
[10:51:42.684] [SEVERE ] placing card 12 in slot 9
[10:51:42.791] [SEVERE ] placing card 23 in slot 10
[10:51:42.900] [SEVERE ] placing card 67 in slot 11
[10:51:50.321] [SEVERE ] key 86 was pressed by player 1
[10:51:50.322] [SEVERE ] player 1 placing token on slot 11
[10:51:54.285] [SEVERE ] key 69 was pressed by player 1
[10:51:54.286] [SEVERE ] player 1 placing token on slot 2
[10:51:54.701] [SEVERE ] key 68 was pressed by player 1
[10:51:54.701] [SEVERE ] player 1 placing token on slot 6
