[09:02:20.128] [INFO   ] thread main starting.
[09:02:20.130] [SEVERE ] cannot read configuration file config.properties trying from resources.
[09:02:20.140] [SEVERE ] configuration file was loaded from resources directory.
[09:02:20.670] [INFO   ] thread dealer starting.
[09:02:20.670] [INFO   ] thread dealer starting.
[09:02:20.792] [SEVERE ] placing card 65 in slot 0
[09:02:20.910] [SEVERE ] placing card 71 in slot 1
[09:02:21.011] [SEVERE ] placing card 73 in slot 2
[09:02:21.126] [SEVERE ] placing card 47 in slot 3
[09:02:21.242] [SEVERE ] placing card 22 in slot 4
[09:02:21.343] [SEVERE ] placing card 51 in slot 5
[09:02:21.460] [SEVERE ] placing card 16 in slot 6
[09:02:21.574] [SEVERE ] placing card 77 in slot 7
[09:02:21.684] [SEVERE ] placing card 4 in slot 8
[09:02:21.794] [SEVERE ] placing card 3 in slot 9
[09:02:21.904] [SEVERE ] placing card 45 in slot 10
[09:02:22.015] [SEVERE ] placing card 11 in slot 11
[09:02:40.104] [SEVERE ] key 86 was pressed by player 1
[09:02:40.104] [SEVERE ] player 1 placing token on slot 11
[09:02:40.722] [SEVERE ] key 86 was pressed by player 1
[09:02:40.722] [SEVERE ] removing player 1 token from slot 11
[09:02:41.254] [SEVERE ] key 67 was pressed by player 1
[09:02:41.257] [SEVERE ] player 1 placing token on slot 10
[09:02:42.511] [SEVERE ] key 90 was pressed by player 1
[09:02:42.515] [SEVERE ] player 1 placing token on slot 8
[09:02:45.872] [SEVERE ] key 69 was pressed by player 1
[09:02:45.872] [SEVERE ] player 1 placing token on slot 2
[09:02:46.390] [SEVERE ] key 69 was pressed by player 1
[09:02:46.390] [SEVERE ] removing player 1 token from slot 2
[09:02:47.534] [SEVERE ] key 87 was pressed by player 1
[09:02:47.534] [SEVERE ] player 1 placing token on slot 1
[09:03:10.084] [SEVERE ] exit button pressed
