[12:05:31.942] [INFO   ] thread main starting.
[12:05:31.951] [SEVERE ] cannot read configuration file config.properties trying from resources.
[12:05:31.955] [SEVERE ] configuration file was loaded from resources directory.
[12:05:32.600] [INFO   ] thread dealer starting.
[12:05:32.600] [INFO   ] thread Thread-0 starting.
[12:05:32.606] [INFO   ] thread Thread-1 starting.
[12:05:32.607] [INFO   ] thread dealer starting.
[12:05:32.725] [SEVERE ] placing card 18 in slot 0
[12:05:32.833] [SEVERE ] placing card 63 in slot 1
[12:05:32.938] [SEVERE ] placing card 22 in slot 2
[12:05:33.039] [SEVERE ] placing card 21 in slot 3
[12:05:33.139] [SEVERE ] placing card 2 in slot 4
[12:05:33.254] [SEVERE ] placing card 62 in slot 5
[12:05:33.355] [SEVERE ] placing card 33 in slot 6
[12:05:33.456] [SEVERE ] placing card 4 in slot 7
[12:05:33.566] [SEVERE ] placing card 0 in slot 8
[12:05:33.670] [SEVERE ] placing card 31 in slot 9
[12:05:33.772] [SEVERE ] placing card 27 in slot 10
[12:05:33.888] [SEVERE ] placing card 24 in slot 11
[12:05:34.116] [SEVERE ] key 65 was pressed by player 1
[12:05:34.117] [SEVERE ] player 1 placing token on slot 4
[12:05:34.342] [SEVERE ] key 83 was pressed by player 1
[12:05:34.344] [SEVERE ] player 1 placing token on slot 5
[12:05:34.653] [SEVERE ] key 68 was pressed by player 1
[12:05:34.655] [SEVERE ] player 1 placing token on slot 6
[12:05:37.660] [SEVERE ] setting player 1 freeze to 3000
[12:05:46.968] [SEVERE ] key 70 was pressed by player 1
[12:05:47.428] [SEVERE ] key 68 was pressed by player 1
[12:05:47.429] [SEVERE ] removing player 1 token from slot 6
[12:05:47.818] [SEVERE ] key 83 was pressed by player 1
[12:05:47.818] [SEVERE ] removing player 1 token from slot 5
[12:05:48.149] [SEVERE ] key 65 was pressed by player 1
[12:05:48.151] [SEVERE ] removing player 1 token from slot 4
[12:05:49.438] [SEVERE ] key 81 was pressed by player 1
[12:05:49.438] [SEVERE ] player 1 placing token on slot 0
[12:05:49.735] [SEVERE ] key 87 was pressed by player 1
[12:05:49.736] [SEVERE ] player 1 placing token on slot 1
[12:05:50.251] [SEVERE ] key 69 was pressed by player 1
[12:05:50.251] [SEVERE ] player 1 placing token on slot 2
[12:06:08.600] [SEVERE ] exit button pressed
[12:06:08.601] [INFO   ] thread Thread-0 terminated.
[12:06:08.601] [INFO   ] thread Thread-1 terminated.
