[12:35:38.173] [INFO   ] thread main starting.
[12:35:38.183] [SEVERE ] cannot read configuration file config.properties trying from resources.
[12:35:38.183] [SEVERE ] configuration file was loaded from resources directory.
[12:35:38.733] [INFO   ] thread dealer starting.
[12:35:38.737] [INFO   ] thread Thread-1 starting.
[12:35:38.754] [INFO   ] thread dealer starting.
[12:35:38.754] [INFO   ] thread Thread-0 starting.
[12:35:38.865] [SEVERE ] placing card 33 in slot 0
[12:35:38.976] [SEVERE ] placing card 77 in slot 1
[12:35:39.078] [SEVERE ] placing card 42 in slot 2
[12:35:39.189] [SEVERE ] placing card 64 in slot 3
[12:35:39.254] [SEVERE ] key 65 was pressed by player 1
[12:35:39.300] [SEVERE ] placing card 39 in slot 4
[12:35:39.414] [SEVERE ] placing card 71 in slot 5
[12:35:39.528] [SEVERE ] placing card 41 in slot 6
[12:35:39.564] [SEVERE ] key 83 was pressed by player 1
[12:35:39.564] [SEVERE ] player 1 placing token on slot 5
[12:35:39.641] [SEVERE ] placing card 51 in slot 7
[12:35:39.754] [SEVERE ] placing card 26 in slot 8
[12:35:39.858] [SEVERE ] placing card 78 in slot 9
[12:35:39.970] [SEVERE ] placing card 66 in slot 10
[12:35:40.065] [SEVERE ] key 65 was pressed by player 1
[12:35:40.065] [SEVERE ] player 1 placing token on slot 4
[12:35:40.081] [SEVERE ] placing card 5 in slot 11
[12:35:40.363] [SEVERE ] key 70 was pressed by player 1
[12:35:40.363] [SEVERE ] player 1 placing token on slot 7
[12:35:43.671] [SEVERE ] setting player 1 freeze to 3000
[12:35:46.934] [SEVERE ] exit button pressed
[12:35:46.934] [INFO   ] thread Thread-0 terminated.
[12:35:46.934] [INFO   ] thread Thread-1 terminated.
