[18:02:08.359] [INFO   ] thread main starting.
[18:02:08.382] [SEVERE ] cannot read configuration file config.properties trying from resources.
[18:02:08.389] [SEVERE ] configuration file was loaded from resources directory.
[18:02:09.121] [INFO   ] thread dealer starting.
[18:02:09.122] [INFO   ] thread Thread-1 starting.
[18:02:09.122] [INFO   ] thread Thread-0 starting.
[18:02:09.123] [INFO   ] thread dealer starting.
[18:02:09.249] [SEVERE ] placing card 34 in slot 0
[18:02:09.359] [SEVERE ] placing card 37 in slot 1
[18:02:09.469] [SEVERE ] placing card 18 in slot 2
[18:02:09.577] [SEVERE ] placing card 57 in slot 3
[18:02:09.687] [SEVERE ] placing card 70 in slot 4
[18:02:09.796] [SEVERE ] placing card 58 in slot 5
[18:02:09.906] [SEVERE ] placing card 73 in slot 6
[18:02:10.016] [SEVERE ] placing card 10 in slot 7
[18:02:10.126] [SEVERE ] placing card 25 in slot 8
[18:02:10.235] [SEVERE ] placing card 68 in slot 9
[18:02:10.345] [SEVERE ] placing card 75 in slot 10
[18:02:10.455] [SEVERE ] placing card 28 in slot 11
[18:02:10.455] [SEVERE ] updating countdown to 60000
[18:02:11.459] [SEVERE ] updating countdown to 59000
[18:02:12.459] [SEVERE ] updating countdown to 58000
[18:02:13.459] [SEVERE ] updating countdown to 57000
[18:02:14.459] [SEVERE ] updating countdown to 56000
[18:02:15.459] [SEVERE ] updating countdown to 55000
[18:02:16.459] [SEVERE ] updating countdown to 54000
[18:02:17.459] [SEVERE ] updating countdown to 53000
[18:02:18.459] [SEVERE ] updating countdown to 52000
[18:02:19.460] [SEVERE ] updating countdown to 51000
[18:02:20.460] [SEVERE ] updating countdown to 50000
[18:02:21.460] [SEVERE ] updating countdown to 49000
[18:02:22.460] [SEVERE ] updating countdown to 48000
[18:02:23.460] [SEVERE ] updating countdown to 47000
[18:02:24.462] [SEVERE ] updating countdown to 46000
[18:02:25.462] [SEVERE ] updating countdown to 45000
[18:02:26.462] [SEVERE ] updating countdown to 44000
[18:02:27.462] [SEVERE ] updating countdown to 43000
[18:02:28.462] [SEVERE ] updating countdown to 42000
[18:02:29.462] [SEVERE ] updating countdown to 41000
[18:02:30.462] [SEVERE ] updating countdown to 40000
[18:02:31.462] [SEVERE ] updating countdown to 39000
[18:02:32.462] [SEVERE ] updating countdown to 38000
[18:02:33.462] [SEVERE ] updating countdown to 37000
[18:02:34.463] [SEVERE ] updating countdown to 36000
[18:02:35.463] [SEVERE ] updating countdown to 35000
[18:02:36.464] [SEVERE ] updating countdown to 34000
[18:02:37.464] [SEVERE ] updating countdown to 33000
[18:02:38.464] [SEVERE ] updating countdown to 32000
[18:02:39.464] [SEVERE ] updating countdown to 31000
[18:02:40.464] [SEVERE ] updating countdown to 30000
[18:02:41.465] [SEVERE ] updating countdown to 29000
[18:02:42.465] [SEVERE ] updating countdown to 28000
[18:02:43.465] [SEVERE ] updating countdown to 27000
[18:02:44.465] [SEVERE ] updating countdown to 26000
[18:02:45.465] [SEVERE ] updating countdown to 25000
[18:02:46.465] [SEVERE ] updating countdown to 24000
[18:02:47.468] [SEVERE ] updating countdown to 23000
[18:02:48.470] [SEVERE ] updating countdown to 22000
[18:02:49.472] [SEVERE ] updating countdown to 21000
[18:02:50.473] [SEVERE ] updating countdown to 20000
[18:02:51.473] [SEVERE ] updating countdown to 19000
[18:02:52.473] [SEVERE ] updating countdown to 18000
[18:02:53.475] [SEVERE ] updating countdown to 17000
[18:02:54.475] [SEVERE ] updating countdown to 16000
[18:02:55.475] [SEVERE ] updating countdown to 15000
[18:02:56.475] [SEVERE ] updating countdown to 14000
[18:02:57.475] [SEVERE ] updating countdown to 13000
[18:02:58.476] [SEVERE ] updating countdown to 12000
[18:02:59.481] [SEVERE ] updating countdown to 11000
[18:03:00.482] [SEVERE ] updating countdown to 10000
[18:03:01.485] [SEVERE ] updating countdown to 9000
[18:03:02.488] [SEVERE ] updating countdown to 8000
[18:03:03.491] [SEVERE ] updating countdown to 7000
[18:03:04.493] [SEVERE ] updating countdown to 6000
