[10:35:42.396] [INFO   ] thread main starting.
[10:35:42.405] [SEVERE ] cannot read configuration file config.properties trying from resources.
[10:35:42.407] [SEVERE ] configuration file was loaded from resources directory.
[10:35:42.985] [INFO   ] thread dealer starting.
[10:35:42.985] [INFO   ] thread Thread-0 starting.
[10:35:42.985] [INFO   ] thread Thread-1 starting.
[10:35:42.985] [INFO   ] thread dealer starting.
[10:35:43.098] [SEVERE ] placing card 35 in slot 0
[10:35:43.207] [SEVERE ] placing card 16 in slot 1
[10:35:43.315] [SEVERE ] placing card 10 in slot 2
[10:35:43.425] [SEVERE ] placing card 9 in slot 3
[10:35:43.533] [SEVERE ] placing card 38 in slot 4
[10:35:43.643] [SEVERE ] placing card 49 in slot 5
[10:35:43.752] [SEVERE ] placing card 69 in slot 6
[10:35:43.860] [SEVERE ] placing card 52 in slot 7
[10:35:43.967] [SEVERE ] placing card 62 in slot 8
[10:35:44.075] [SEVERE ] placing card 67 in slot 9
[10:35:44.184] [SEVERE ] placing card 53 in slot 10
[10:35:44.291] [SEVERE ] placing card 51 in slot 11
[10:35:45.932] [SEVERE ] key 83 was pressed by player 1
[10:35:45.933] [SEVERE ] player 1 placing token on slot 5
[10:35:46.266] [SEVERE ] key 68 was pressed by player 1
[10:35:46.267] [SEVERE ] player 1 placing token on slot 6
[10:35:46.677] [SEVERE ] key 70 was pressed by player 1
[10:35:46.678] [SEVERE ] player 1 placing token on slot 7
[10:35:47.583] [SEVERE ] key 70 was pressed by player 1
[10:35:47.584] [SEVERE ] removing player 1 token from slot 7
[10:35:47.934] [SEVERE ] key 70 was pressed by player 1
[10:35:47.934] [SEVERE ] player 1 placing token on slot 7
[10:35:48.381] [SEVERE ] key 69 was pressed by player 1
[10:35:48.630] [SEVERE ] key 87 was pressed by player 1
[10:35:48.791] [SEVERE ] key 82 was pressed by player 1
[10:35:49.387] [SEVERE ] key 75 was pressed by player 2
[10:35:49.388] [SEVERE ] player 2 placing token on slot 5
[10:35:49.407] [SEVERE ] key 76 was pressed by player 2
[10:35:49.407] [SEVERE ] player 2 placing token on slot 6
[10:35:49.622] [SEVERE ] key 75 was pressed by player 2
[10:35:49.622] [SEVERE ] removing player 2 token from slot 5
[10:35:49.658] [SEVERE ] key 76 was pressed by player 2
[10:35:49.658] [SEVERE ] removing player 2 token from slot 6
[10:35:49.743] [SEVERE ] key 59 was pressed by player 2
[10:35:49.743] [SEVERE ] player 2 placing token on slot 7
[10:35:49.873] [SEVERE ] key 75 was pressed by player 2
[10:35:49.873] [SEVERE ] player 2 placing token on slot 5
