[12:04:00.378] [INFO   ] thread main starting.
[12:04:00.389] [SEVERE ] cannot read configuration file config.properties trying from resources.
[12:04:00.393] [SEVERE ] configuration file was loaded from resources directory.
[12:04:00.966] [INFO   ] thread dealer starting.
[12:04:00.968] [INFO   ] thread Thread-0 starting.
[12:04:00.974] [INFO   ] thread dealer starting.
[12:04:00.974] [INFO   ] thread Thread-1 starting.
[12:04:01.085] [SEVERE ] placing card 79 in slot 0
[12:04:01.195] [SEVERE ] placing card 60 in slot 1
[12:04:01.303] [SEVERE ] placing card 28 in slot 2
[12:04:01.411] [SEVERE ] placing card 38 in slot 3
[12:04:01.521] [SEVERE ] placing card 56 in slot 4
[12:04:01.629] [SEVERE ] placing card 62 in slot 5
[12:04:01.737] [SEVERE ] placing card 1 in slot 6
[12:04:01.845] [SEVERE ] placing card 3 in slot 7
[12:04:01.956] [SEVERE ] placing card 5 in slot 8
[12:04:02.063] [SEVERE ] placing card 13 in slot 9
[12:04:02.173] [SEVERE ] placing card 45 in slot 10
[12:04:02.182] [SEVERE ] key 65 was pressed by player 1
[12:04:02.182] [SEVERE ] player 1 placing token on slot 4
[12:04:02.281] [SEVERE ] placing card 0 in slot 11
[12:04:02.414] [SEVERE ] key 83 was pressed by player 1
[12:04:02.414] [SEVERE ] player 1 placing token on slot 5
[12:04:03.084] [SEVERE ] key 68 was pressed by player 1
[12:04:03.085] [SEVERE ] player 1 placing token on slot 6
[12:04:06.093] [SEVERE ] setting player 1 freeze to 3000
[12:05:15.101] [SEVERE ] key 68 was pressed by player 1
[12:05:15.102] [SEVERE ] removing player 1 token from slot 6
[12:05:15.656] [SEVERE ] key 68 was pressed by player 1
[12:05:15.657] [SEVERE ] player 1 placing token on slot 6
[12:05:16.376] [SEVERE ] exit button pressed
[12:05:16.376] [INFO   ] thread Thread-1 terminated.
[12:05:16.376] [INFO   ] thread Thread-0 terminated.
