[09:16:38.227] [INFO   ] thread main starting.
[09:16:38.236] [SEVERE ] cannot read configuration file config.properties trying from resources.
[09:16:38.236] [SEVERE ] configuration file was loaded from resources directory.
[09:16:38.796] [INFO   ] thread dealer starting.
[09:16:38.800] [INFO   ] thread Thread-0 starting.
[09:16:38.800] [INFO   ] thread dealer starting.
[09:16:38.800] [INFO   ] thread Thread-1 starting.
[09:16:38.917] [SEVERE ] placing card 6 in slot 0
[09:16:39.027] [SEVERE ] placing card 29 in slot 1
[09:16:39.137] [SEVERE ] placing card 40 in slot 2
[09:16:39.252] [SEVERE ] placing card 61 in slot 3
[09:16:39.364] [SEVERE ] placing card 52 in slot 4
[09:16:39.475] [SEVERE ] placing card 13 in slot 5
[09:16:39.584] [SEVERE ] placing card 56 in slot 6
[09:16:39.684] [SEVERE ] placing card 58 in slot 7
[09:16:39.797] [SEVERE ] placing card 32 in slot 8
[09:16:39.907] [SEVERE ] placing card 9 in slot 9
[09:16:40.019] [SEVERE ] placing card 49 in slot 10
[09:16:40.129] [SEVERE ] placing card 64 in slot 11
[09:16:42.814] [SEVERE ] key 70 was pressed by player 1
[09:16:42.814] [SEVERE ] player 1 placing token on slot 7
[09:16:43.176] [SEVERE ] key 68 was pressed by player 1
[09:16:43.176] [SEVERE ] player 1 placing token on slot 6
[09:16:43.568] [SEVERE ] key 83 was pressed by player 1
[09:16:43.568] [SEVERE ] player 1 placing token on slot 5
[09:17:09.573] [SEVERE ] exit button pressed
[09:17:09.573] [INFO   ] thread Thread-0 terminated.
[09:17:09.573] [INFO   ] thread Thread-1 terminated.
