[18:10:49.316] [INFO   ] thread main starting.
[18:10:49.326] [SEVERE ] cannot read configuration file config.properties trying from resources.
[18:10:49.336] [SEVERE ] configuration file was loaded from resources directory.
[18:10:50.088] [INFO   ] thread dealer starting.
[18:10:50.091] [INFO   ] thread Thread-0 starting.
[18:10:50.091] [INFO   ] thread dealer starting.
[18:10:50.091] [INFO   ] thread Thread-1 starting.
[18:10:50.207] [SEVERE ] placing card 1 in slot 0
[18:10:50.322] [SEVERE ] placing card 44 in slot 1
[18:10:50.433] [SEVERE ] placing card 64 in slot 2
[18:10:50.536] [SEVERE ] placing card 22 in slot 3
[18:10:50.638] [SEVERE ] placing card 4 in slot 4
[18:10:50.741] [SEVERE ] placing card 28 in slot 5
[18:10:50.853] [SEVERE ] placing card 70 in slot 6
[18:10:50.954] [SEVERE ] placing card 69 in slot 7
[18:10:51.066] [SEVERE ] placing card 36 in slot 8
[18:10:51.178] [SEVERE ] placing card 25 in slot 9
[18:10:51.290] [SEVERE ] placing card 15 in slot 10
[18:10:51.401] [SEVERE ] placing card 41 in slot 11
[18:10:51.401] [SEVERE ] setting player 1 score to 1
[18:10:52.403] [SEVERE ] setting player 1 freeze to 1000
[18:10:52.405] [SEVERE ] updating countdown to 60000
[18:10:52.406] [SEVERE ] setting player 1 score to 2
[18:10:53.413] [SEVERE ] setting player 1 freeze to 1000
[18:10:53.413] [SEVERE ] updating countdown to 60000
[18:10:53.413] [SEVERE ] setting player 1 score to 3
[18:10:54.416] [SEVERE ] setting player 1 freeze to 1000
[18:10:54.416] [SEVERE ] updating countdown to 60000
[18:10:54.416] [SEVERE ] setting player 1 score to 4
[18:10:55.432] [SEVERE ] setting player 1 freeze to 1000
[18:10:55.432] [SEVERE ] updating countdown to 60000
[18:10:55.432] [SEVERE ] setting player 1 score to 5
[18:10:56.440] [SEVERE ] setting player 1 freeze to 1000
[18:10:56.440] [SEVERE ] updating countdown to 60000
[18:10:56.440] [SEVERE ] setting player 1 score to 6
[18:10:57.448] [SEVERE ] setting player 1 freeze to 1000
[18:10:57.450] [SEVERE ] updating countdown to 60000
[18:10:57.450] [SEVERE ] setting player 1 score to 7
[18:10:58.455] [SEVERE ] setting player 1 freeze to 1000
[18:10:58.455] [SEVERE ] updating countdown to 60000
[18:10:58.456] [SEVERE ] setting player 1 score to 8
[18:10:59.458] [SEVERE ] setting player 1 freeze to 1000
[18:10:59.458] [SEVERE ] updating countdown to 60000
[18:10:59.459] [SEVERE ] setting player 1 score to 9
[18:11:00.474] [SEVERE ] setting player 1 freeze to 1000
[18:11:00.474] [SEVERE ] updating countdown to 60000
[18:11:00.474] [SEVERE ] setting player 1 score to 10
[18:11:01.476] [SEVERE ] setting player 1 freeze to 1000
[18:11:01.476] [SEVERE ] updating countdown to 60000
[18:11:01.476] [SEVERE ] setting player 1 score to 11
[18:11:02.486] [SEVERE ] setting player 1 freeze to 1000
[18:11:02.486] [SEVERE ] updating countdown to 60000
[18:11:02.486] [SEVERE ] setting player 1 score to 12
[18:11:03.491] [SEVERE ] setting player 1 freeze to 1000
[18:11:03.491] [SEVERE ] updating countdown to 60000
[18:11:03.491] [SEVERE ] setting player 1 score to 13
[18:11:04.504] [SEVERE ] setting player 1 freeze to 1000
[18:11:04.506] [SEVERE ] updating countdown to 60000
[18:11:04.508] [SEVERE ] setting player 1 score to 14
[18:11:05.519] [SEVERE ] setting player 1 freeze to 1000
[18:11:05.519] [SEVERE ] updating countdown to 60000
[18:11:05.519] [SEVERE ] setting player 1 score to 15
[18:11:06.521] [SEVERE ] setting player 1 freeze to 1000
[18:11:06.521] [SEVERE ] updating countdown to 60000
[18:11:06.521] [SEVERE ] setting player 1 score to 16
[18:11:07.532] [SEVERE ] setting player 1 freeze to 1000
[18:11:07.532] [SEVERE ] updating countdown to 60000
[18:11:07.534] [SEVERE ] setting player 1 score to 17
[18:11:08.536] [SEVERE ] setting player 1 freeze to 1000
[18:11:08.536] [SEVERE ] updating countdown to 60000
[18:11:08.536] [SEVERE ] setting player 1 score to 18
[18:11:09.549] [SEVERE ] setting player 1 freeze to 1000
[18:11:09.549] [SEVERE ] updating countdown to 60000
[18:11:09.549] [SEVERE ] setting player 1 score to 19
[18:11:10.564] [SEVERE ] setting player 1 freeze to 1000
[18:11:10.564] [SEVERE ] updating countdown to 60000
[18:11:10.564] [SEVERE ] setting player 1 score to 20
[18:11:11.576] [SEVERE ] setting player 1 freeze to 1000
[18:11:11.576] [SEVERE ] updating countdown to 60000
[18:11:11.576] [SEVERE ] setting player 1 score to 21
[18:11:12.590] [SEVERE ] setting player 1 freeze to 1000
[18:11:12.590] [SEVERE ] updating countdown to 60000
[18:11:12.591] [SEVERE ] setting player 1 score to 22
[18:11:13.605] [SEVERE ] setting player 1 freeze to 1000
[18:11:13.605] [SEVERE ] updating countdown to 60000
[18:11:13.606] [SEVERE ] setting player 1 score to 23
[18:11:14.616] [SEVERE ] setting player 1 freeze to 1000
[18:11:14.616] [SEVERE ] updating countdown to 60000
[18:11:14.616] [SEVERE ] setting player 1 score to 24
[18:11:15.620] [SEVERE ] setting player 1 freeze to 1000
[18:11:15.620] [SEVERE ] updating countdown to 60000
[18:11:15.620] [SEVERE ] setting player 1 score to 25
