[17:05:45.962] [INFO   ] thread main starting.
[17:05:45.977] [SEVERE ] cannot read configuration file config.properties trying from resources.
[17:05:45.981] [SEVERE ] configuration file was loaded from resources directory.
[17:05:46.701] [INFO   ] thread dealer starting.
[17:05:46.706] [INFO   ] thread Thread-1 starting.
[17:05:46.706] [INFO   ] thread dealer starting.
[17:05:46.706] [INFO   ] thread Thread-2 starting.
[17:05:46.834] [SEVERE ] placing card 6 in slot 0
[17:05:46.943] [SEVERE ] placing card 21 in slot 1
[17:05:47.051] [SEVERE ] placing card 38 in slot 2
[17:05:47.158] [SEVERE ] placing card 53 in slot 3
[17:05:47.267] [SEVERE ] placing card 17 in slot 4
[17:05:47.375] [SEVERE ] placing card 60 in slot 5
[17:05:47.483] [SEVERE ] placing card 66 in slot 6
[17:05:47.591] [SEVERE ] placing card 79 in slot 7
[17:05:47.699] [SEVERE ] placing card 20 in slot 8
[17:05:47.808] [SEVERE ] placing card 48 in slot 9
[17:05:47.918] [SEVERE ] placing card 49 in slot 10
[17:05:48.026] [SEVERE ] placing card 42 in slot 11
[17:06:10.260] [SEVERE ] exit button pressed
[17:06:10.260] [INFO   ] thread Thread-1 terminated.
[17:06:10.261] [INFO   ] thread Thread-2 terminated.
