[11:58:34.485] [INFO   ] thread main starting.
[11:58:34.498] [SEVERE ] cannot read configuration file config.properties trying from resources.
[11:58:34.502] [SEVERE ] configuration file was loaded from resources directory.
[11:58:35.085] [INFO   ] thread dealer starting.
[11:58:35.088] [INFO   ] thread Thread-1 starting.
[11:58:35.100] [INFO   ] thread dealer starting.
[11:58:35.100] [INFO   ] thread Thread-0 starting.
[11:58:35.218] [SEVERE ] placing card 79 in slot 0
[11:58:35.323] [SEVERE ] placing card 43 in slot 1
[11:58:35.423] [SEVERE ] placing card 49 in slot 2
[11:58:35.528] [SEVERE ] placing card 45 in slot 3
[11:58:35.641] [SEVERE ] placing card 14 in slot 4
[11:58:35.742] [SEVERE ] placing card 74 in slot 5
[11:58:35.799] [SEVERE ] key 81 was pressed by player 1
[11:58:35.799] [SEVERE ] player 1 placing token on slot 0
[11:58:35.857] [SEVERE ] placing card 69 in slot 6
[11:58:35.971] [SEVERE ] placing card 55 in slot 7
[11:58:36.041] [SEVERE ] key 87 was pressed by player 1
[11:58:36.042] [SEVERE ] player 1 placing token on slot 1
[11:58:36.073] [SEVERE ] placing card 2 in slot 8
[11:58:36.175] [SEVERE ] placing card 26 in slot 9
[11:58:36.290] [SEVERE ] placing card 18 in slot 10
[11:58:36.338] [SEVERE ] key 69 was pressed by player 1
[11:58:36.338] [SEVERE ] player 1 placing token on slot 2
[11:58:36.390] [SEVERE ] placing card 10 in slot 11
[11:58:40.631] [SEVERE ] setting player 1 score to 1
[11:58:41.647] [SEVERE ] setting player 1 freeze to 1000
[11:58:55.375] [SEVERE ] removing player 1 token from slot 0
[11:58:58.598] [SEVERE ] removing card from slot 0
[11:59:04.550] [INFO   ] thread dealer terminated.
[11:59:09.553] [SEVERE ] thanks for playing... it was fun!
[11:59:09.555] [INFO   ] thread main terminated.
[11:59:09.555] [SEVERE ] disposing of user interface elements
