[17:04:53.067] [INFO   ] thread main starting.
[17:04:53.078] [SEVERE ] cannot read configuration file config.properties trying from resources.
[17:04:53.078] [SEVERE ] configuration file was loaded from resources directory.
[17:04:53.948] [INFO   ] thread dealer starting.
[17:04:53.954] [INFO   ] thread Thread-1 starting.
[17:04:53.954] [INFO   ] thread Thread-2 starting.
[17:04:53.954] [INFO   ] thread dealer starting.
[17:04:54.075] [SEVERE ] placing card 66 in slot 0
[17:04:54.178] [SEVERE ] placing card 28 in slot 1
[17:04:54.281] [SEVERE ] placing card 55 in slot 2
[17:04:54.392] [SEVERE ] placing card 73 in slot 3
[17:04:54.503] [SEVERE ] placing card 75 in slot 4
[17:04:54.606] [SEVERE ] placing card 76 in slot 5
[17:04:54.718] [SEVERE ] placing card 59 in slot 6
[17:04:54.823] [SEVERE ] placing card 38 in slot 7
[17:04:54.939] [SEVERE ] placing card 2 in slot 8
[17:04:55.040] [SEVERE ] placing card 1 in slot 9
[17:04:55.156] [SEVERE ] placing card 26 in slot 10
[17:04:55.268] [SEVERE ] placing card 37 in slot 11
[17:05:23.748] [SEVERE ] exit button pressed
[17:05:23.748] [INFO   ] thread Thread-2 terminated.
[17:05:23.748] [INFO   ] thread Thread-1 terminated.
