[11:48:49.822] [INFO   ] thread main starting.
[11:48:49.831] [SEVERE ] cannot read configuration file config.properties trying from resources.
[11:48:49.835] [SEVERE ] configuration file was loaded from resources directory.
[11:48:50.453] [INFO   ] thread dealer starting.
[11:48:50.454] [INFO   ] thread Thread-0 starting.
[11:48:50.454] [INFO   ] thread dealer starting.
[11:48:50.454] [INFO   ] thread Thread-1 starting.
[11:48:50.576] [SEVERE ] placing card 69 in slot 0
[11:48:50.686] [SEVERE ] placing card 14 in slot 1
[11:48:50.793] [SEVERE ] placing card 21 in slot 2
[11:48:50.902] [SEVERE ] placing card 57 in slot 3
[11:48:51.012] [SEVERE ] placing card 2 in slot 4
[11:48:51.121] [SEVERE ] placing card 3 in slot 5
[11:48:51.231] [SEVERE ] placing card 50 in slot 6
[11:48:51.339] [SEVERE ] placing card 35 in slot 7
[11:48:51.449] [SEVERE ] placing card 66 in slot 8
[11:48:51.558] [SEVERE ] placing card 63 in slot 9
[11:48:51.665] [SEVERE ] placing card 55 in slot 10
[11:48:51.774] [SEVERE ] placing card 73 in slot 11
[11:48:52.798] [SEVERE ] key 81 was pressed by player 1
[11:48:52.798] [SEVERE ] player 1 placing token on slot 0
[11:48:53.078] [SEVERE ] key 87 was pressed by player 1
[11:48:53.078] [SEVERE ] player 1 placing token on slot 1
[11:48:53.991] [SEVERE ] key 82 was pressed by player 1
[11:48:53.991] [SEVERE ] player 1 placing token on slot 3
[11:48:57.005] [SEVERE ] setting player 1 freeze to 3000
[11:52:28.278] [SEVERE ] exit button pressed
[11:52:28.278] [INFO   ] thread Thread-0 terminated.
[11:52:28.278] [INFO   ] thread Thread-1 terminated.
