[17:34:59.906] [INFO   ] thread main starting.
[17:34:59.935] [SEVERE ] cannot read configuration file config.properties trying from resources.
[17:34:59.941] [SEVERE ] configuration file was loaded from resources directory.
[17:35:00.982] [INFO   ] thread dealer starting.
[17:35:00.986] [INFO   ] thread Thread-2 starting.
[17:35:00.982] [INFO   ] thread Thread-1 starting.
[17:35:00.987] [INFO   ] thread dealer starting.
[17:35:03.804] [SEVERE ] placing card 27 in slot 0
[17:35:03.921] [SEVERE ] placing card 51 in slot 1
[17:35:04.041] [SEVERE ] placing card 69 in slot 2
[17:35:04.152] [SEVERE ] placing card 56 in slot 3
[17:35:04.273] [SEVERE ] placing card 67 in slot 4
[17:35:04.385] [SEVERE ] placing card 73 in slot 5
[17:35:04.507] [SEVERE ] placing card 37 in slot 6
[17:35:04.627] [SEVERE ] placing card 79 in slot 7
[17:35:04.747] [SEVERE ] placing card 14 in slot 8
[17:35:04.859] [SEVERE ] placing card 46 in slot 9
[17:35:04.977] [SEVERE ] placing card 4 in slot 10
[17:35:05.096] [SEVERE ] placing card 49 in slot 11
[17:35:41.795] [SEVERE ] exit button pressed
[17:35:41.796] [INFO   ] thread Thread-2 terminated.
[17:35:41.796] [INFO   ] thread Thread-1 terminated.
