[12:27:10.062] [INFO   ] thread main starting.
[12:27:10.078] [SEVERE ] cannot read configuration file config.properties trying from resources.
[12:27:10.078] [SEVERE ] configuration file was loaded from resources directory.
[12:27:10.631] [INFO   ] thread dealer starting.
[12:27:10.640] [INFO   ] thread dealer starting.
[12:27:10.642] [INFO   ] thread Thread-0 starting.
[12:27:10.640] [INFO   ] thread Thread-1 starting.
[12:27:10.757] [SEVERE ] placing card 74 in slot 0
[12:27:10.874] [SEVERE ] placing card 39 in slot 1
[12:27:10.991] [SEVERE ] placing card 75 in slot 2
[12:27:11.091] [SEVERE ] placing card 24 in slot 3
[12:27:11.207] [SEVERE ] placing card 49 in slot 4
[12:27:11.308] [SEVERE ] placing card 27 in slot 5
[12:27:11.424] [SEVERE ] placing card 8 in slot 6
[12:27:11.541] [SEVERE ] placing card 53 in slot 7
[12:27:11.652] [SEVERE ] placing card 7 in slot 8
[12:27:11.764] [SEVERE ] placing card 47 in slot 9
[12:27:11.773] [SEVERE ] key 81 was pressed by player 1
[12:27:11.773] [SEVERE ] player 1 placing token on slot 0
[12:27:11.876] [SEVERE ] placing card 77 in slot 10
[12:27:11.973] [SEVERE ] key 87 was pressed by player 1
[12:27:11.973] [SEVERE ] player 1 placing token on slot 1
[12:27:11.987] [SEVERE ] placing card 38 in slot 11
[12:27:12.213] [SEVERE ] key 69 was pressed by player 1
[12:27:12.213] [SEVERE ] player 1 placing token on slot 2
[12:27:14.499] [SEVERE ] setting player 1 score to 1
[12:27:15.523] [SEVERE ] setting player 1 freeze to 1000
[12:27:27.172] [SEVERE ] removing player 1 token from slot 2
[12:27:27.277] [SEVERE ] removing card from slot 2
[12:27:27.277] [SEVERE ] removing player 1 token from slot 0
[12:27:27.384] [SEVERE ] removing card from slot 0
[12:27:27.489] [SEVERE ] removing card from slot 0
[12:27:27.602] [SEVERE ] placing card 56 in slot 0
[12:27:27.709] [SEVERE ] placing card 9 in slot 2
[12:34:50.074] [SEVERE ] key 81 was pressed by player 1
[12:34:50.074] [SEVERE ] player 1 placing token on slot 0
[12:34:50.884] [SEVERE ] key 69 was pressed by player 1
[12:34:50.884] [SEVERE ] player 1 placing token on slot 2
[12:34:58.704] [SEVERE ] exit button pressed
[12:34:58.704] [INFO   ] thread Thread-0 terminated.
[12:34:58.704] [INFO   ] thread Thread-1 terminated.
