[09:33:24.061] [INFO   ] thread main starting.
[09:33:24.065] [SEVERE ] cannot read configuration file config.properties trying from resources.
[09:33:24.077] [SEVERE ] configuration file was loaded from resources directory.
[09:33:24.659] [INFO   ] thread dealer starting.
[09:33:24.659] [INFO   ] thread Thread-0 starting.
[09:33:24.659] [INFO   ] thread Thread-1 starting.
[09:33:24.673] [INFO   ] thread dealer starting.
[09:33:24.791] [SEVERE ] placing card 74 in slot 0
[09:33:24.908] [SEVERE ] placing card 49 in slot 1
[09:33:25.025] [SEVERE ] placing card 41 in slot 2
[09:33:25.141] [SEVERE ] placing card 18 in slot 3
[09:33:25.258] [SEVERE ] placing card 60 in slot 4
[09:33:25.359] [SEVERE ] placing card 52 in slot 5
[09:33:25.474] [SEVERE ] placing card 32 in slot 6
[09:33:25.590] [SEVERE ] placing card 10 in slot 7
[09:33:25.692] [SEVERE ] placing card 70 in slot 8
[09:33:25.792] [SEVERE ] placing card 54 in slot 9
[09:33:25.908] [SEVERE ] placing card 7 in slot 10
[09:33:26.024] [SEVERE ] placing card 64 in slot 11
[09:33:35.909] [INFO   ] thread dealer terminated.
[09:33:40.922] [SEVERE ] thanks for playing... it was fun!
[09:33:40.924] [INFO   ] thread main terminated.
[09:33:40.924] [SEVERE ] disposing of user interface elements
