[09:40:33.512] [INFO   ] thread main starting.
[09:40:33.522] [SEVERE ] cannot read configuration file config.properties trying from resources.
[09:40:33.525] [SEVERE ] configuration file was loaded from resources directory.
[09:40:34.107] [INFO   ] thread dealer starting.
[09:40:34.116] [INFO   ] thread Thread-1 starting.
[09:40:34.116] [INFO   ] thread Thread-0 starting.
[09:40:34.117] [INFO   ] thread dealer starting.
[09:40:34.242] [SEVERE ] placing card 66 in slot 0
[09:40:34.352] [SEVERE ] placing card 46 in slot 1
[09:40:34.462] [SEVERE ] placing card 44 in slot 2
[09:40:34.572] [SEVERE ] placing card 54 in slot 3
[09:40:34.681] [SEVERE ] placing card 67 in slot 4
[09:40:34.791] [SEVERE ] placing card 25 in slot 5
[09:40:34.898] [SEVERE ] placing card 56 in slot 6
[09:40:35.007] [SEVERE ] placing card 73 in slot 7
[09:40:35.115] [SEVERE ] placing card 57 in slot 8
[09:40:35.224] [SEVERE ] placing card 58 in slot 9
[09:40:35.333] [SEVERE ] placing card 33 in slot 10
[09:40:35.440] [SEVERE ] placing card 75 in slot 11
[09:40:39.465] [SEVERE ] key 70 was pressed by player 1
[09:40:39.466] [SEVERE ] player 1 placing token on slot 7
[09:40:39.787] [SEVERE ] key 68 was pressed by player 1
[09:40:39.787] [SEVERE ] player 1 placing token on slot 6
[09:40:40.071] [SEVERE ] key 83 was pressed by player 1
[09:40:40.072] [SEVERE ] player 1 placing token on slot 5
[09:44:50.811] [SEVERE ] exit button pressed
[09:44:50.811] [INFO   ] thread Thread-0 terminated.
[09:44:50.811] [INFO   ] thread Thread-1 terminated.
