[12:38:14.434] [INFO   ] thread main starting.
[12:38:14.454] [SEVERE ] cannot read configuration file config.properties trying from resources.
[12:38:14.454] [SEVERE ] configuration file was loaded from resources directory.
[12:38:15.079] [INFO   ] thread dealer starting.
[12:38:15.079] [INFO   ] thread Thread-0 starting.
[12:38:15.079] [INFO   ] thread Thread-1 starting.
[12:38:15.079] [INFO   ] thread dealer starting.
[12:38:15.197] [SEVERE ] placing card 70 in slot 0
[12:38:15.309] [SEVERE ] placing card 41 in slot 1
[12:38:15.424] [SEVERE ] placing card 17 in slot 2
[12:38:15.535] [SEVERE ] placing card 67 in slot 3
[12:38:15.638] [SEVERE ] placing card 28 in slot 4
[12:38:15.742] [SEVERE ] placing card 32 in slot 5
[12:38:15.854] [SEVERE ] placing card 13 in slot 6
[12:38:15.956] [SEVERE ] placing card 57 in slot 7
[12:38:16.066] [SEVERE ] placing card 79 in slot 8
[12:38:16.172] [SEVERE ] placing card 45 in slot 9
[12:38:16.186] [SEVERE ] key 81 was pressed by player 1
[12:38:16.186] [SEVERE ] player 1 placing token on slot 0
[12:38:16.284] [SEVERE ] placing card 3 in slot 10
[12:38:16.396] [SEVERE ] placing card 72 in slot 11
[12:38:16.434] [SEVERE ] key 87 was pressed by player 1
[12:38:16.434] [SEVERE ] player 1 placing token on slot 1
[12:38:16.686] [SEVERE ] key 69 was pressed by player 1
[12:38:16.692] [SEVERE ] player 1 placing token on slot 2
[12:38:19.531] [SEVERE ] setting player 1 score to 1
[12:38:20.554] [SEVERE ] setting player 1 freeze to 1000
[12:38:34.084] [SEVERE ] removing player 1 token from slot 0
[12:38:34.410] [SEVERE ] removing card from slot 0
[12:38:34.834] [SEVERE ] removing player 1 token from slot 1
[12:38:35.107] [SEVERE ] removing card from slot 1
[12:38:35.514] [SEVERE ] removing player 1 token from slot 2
[12:38:35.855] [SEVERE ] removing card from slot 2
[12:38:38.592] [SEVERE ] placing card 21 in slot 0
[12:38:38.705] [SEVERE ] placing card 9 in slot 1
[12:38:38.821] [SEVERE ] placing card 56 in slot 2
[12:38:47.784] [SEVERE ] exit button pressed
[12:38:47.784] [INFO   ] thread Thread-0 terminated.
[12:38:47.784] [INFO   ] thread Thread-1 terminated.
