[23:22:04.556] [INFO   ] thread main starting.
[23:22:04.621] [SEVERE ] cannot read configuration file config.properties trying from resources.
[23:22:04.664] [SEVERE ] configuration file was loaded from resources directory.
[23:22:09.370] [INFO   ] thread Thread-0 starting.
[23:22:09.370] [INFO   ] thread dealer starting.
[23:22:09.370] [INFO   ] thread Thread-1 starting.
[23:22:09.377] [INFO   ] thread dealer starting.
[23:22:09.488] [SEVERE ] placing card 14 in slot 0
[23:22:09.596] [SEVERE ] placing card 40 in slot 1
[23:22:09.705] [SEVERE ] placing card 60 in slot 2
[23:22:09.814] [SEVERE ] placing card 78 in slot 3
[23:22:09.923] [SEVERE ] placing card 79 in slot 4
[23:22:10.034] [SEVERE ] placing card 31 in slot 5
[23:22:10.142] [SEVERE ] placing card 37 in slot 6
[23:22:10.251] [SEVERE ] placing card 58 in slot 7
[23:22:10.361] [SEVERE ] placing card 7 in slot 8
[23:22:10.470] [SEVERE ] placing card 19 in slot 9
[23:22:10.580] [SEVERE ] placing card 3 in slot 10
[23:22:10.689] [SEVERE ] placing card 18 in slot 11
[23:22:10.689] [SEVERE ] updating countdown to 60000
[23:22:11.693] [SEVERE ] updating countdown to 59000
[23:22:12.693] [SEVERE ] updating countdown to 58000
[23:22:13.693] [SEVERE ] updating countdown to 57000
[23:22:14.693] [SEVERE ] updating countdown to 56000
[23:22:15.695] [SEVERE ] updating countdown to 55000
[23:22:16.695] [SEVERE ] updating countdown to 54000
[23:22:17.697] [SEVERE ] updating countdown to 53000
[23:22:18.697] [SEVERE ] updating countdown to 52000
[23:22:19.697] [SEVERE ] updating countdown to 51000
[23:22:20.697] [SEVERE ] updating countdown to 50000
[23:22:21.697] [SEVERE ] updating countdown to 49000
[23:22:22.360] [SEVERE ] key 81 was pressed by player 1
[23:22:22.360] [SEVERE ] player 1 placing token on slot 0
[23:22:22.632] [SEVERE ] key 87 was pressed by player 1
[23:22:22.632] [SEVERE ] player 1 placing token on slot 1
[23:22:22.697] [SEVERE ] updating countdown to 48000
[23:22:22.877] [SEVERE ] key 69 was pressed by player 1
[23:22:22.878] [SEVERE ] player 1 placing token on slot 2
[23:22:22.878] [SEVERE ] setting player 1 score to 1
[23:22:23.892] [SEVERE ] setting player 1 freeze to 1000
[23:22:23.893] [SEVERE ] updating countdown to 60000
[23:22:29.395] [SEVERE ] key 65 was pressed by player 1
[23:22:29.665] [SEVERE ] key 83 was pressed by player 1
[23:22:29.895] [SEVERE ] key 68 was pressed by player 1
[23:22:30.877] [SEVERE ] key 59 was pressed by player 2
[23:22:30.877] [SEVERE ] player 2 placing token on slot 7
[23:22:31.191] [SEVERE ] key 76 was pressed by player 2
[23:22:31.191] [SEVERE ] player 2 placing token on slot 6
[23:22:31.488] [SEVERE ] key 75 was pressed by player 2
[23:22:31.488] [SEVERE ] player 2 placing token on slot 5
[23:22:32.742] [SEVERE ] key 74 was pressed by player 2
[23:22:32.852] [SEVERE ] key 75 was pressed by player 2
[23:22:32.853] [SEVERE ] removing player 2 token from slot 5
[23:22:34.182] [SEVERE ] exit button pressed
[23:22:34.183] [INFO   ] thread Thread-0 terminated.
[23:22:34.183] [INFO   ] thread Thread-1 terminated.
