[11:57:27.790] [INFO   ] thread main starting.
[11:57:27.807] [SEVERE ] cannot read configuration file config.properties trying from resources.
[11:57:27.810] [SEVERE ] configuration file was loaded from resources directory.
[11:57:28.570] [INFO   ] thread dealer starting.
[11:57:28.570] [INFO   ] thread Thread-1 starting.
[11:57:28.570] [INFO   ] thread Thread-0 starting.
[11:57:28.572] [INFO   ] thread dealer starting.
[11:57:28.686] [SEVERE ] placing card 22 in slot 0
[11:57:28.794] [SEVERE ] placing card 28 in slot 1
[11:57:28.902] [SEVERE ] placing card 15 in slot 2
[11:57:29.009] [SEVERE ] placing card 64 in slot 3
[11:57:29.117] [SEVERE ] placing card 61 in slot 4
[11:57:29.224] [SEVERE ] placing card 80 in slot 5
[11:57:29.331] [SEVERE ] placing card 63 in slot 6
[11:57:29.442] [SEVERE ] placing card 53 in slot 7
[11:57:29.549] [SEVERE ] placing card 74 in slot 8
[11:57:29.652] [SEVERE ] placing card 19 in slot 9
[11:57:29.752] [SEVERE ] placing card 11 in slot 10
[11:57:29.860] [SEVERE ] placing card 39 in slot 11
[11:57:30.152] [SEVERE ] key 81 was pressed by player 1
[11:57:30.152] [SEVERE ] player 1 placing token on slot 0
[11:57:30.405] [SEVERE ] key 87 was pressed by player 1
[11:57:30.405] [SEVERE ] player 1 placing token on slot 1
[11:57:31.186] [SEVERE ] key 69 was pressed by player 1
[11:57:31.187] [SEVERE ] player 1 placing token on slot 2
[11:57:31.187] [SEVERE ] setting player 1 score to 1
[11:57:32.196] [SEVERE ] setting player 1 freeze to 1000
[11:57:32.197] [SEVERE ] removing player 1 token from slot 0
[11:57:32.304] [SEVERE ] removing card from slot 0
[11:57:32.312] [INFO   ] thread dealer terminated.
[11:57:37.317] [SEVERE ] thanks for playing... it was fun!
[11:57:37.318] [INFO   ] thread main terminated.
[11:57:37.319] [SEVERE ] disposing of user interface elements
