[17:38:08.771] [INFO   ] thread main starting.
[17:38:08.796] [SEVERE ] cannot read configuration file config.properties trying from resources.
[17:38:08.803] [SEVERE ] configuration file was loaded from resources directory.
[17:38:09.725] [INFO   ] thread dealer starting.
[17:38:09.728] [INFO   ] thread Thread-1 starting.
[17:38:09.728] [INFO   ] thread dealer starting.
[17:38:09.728] [INFO   ] thread Thread-2 starting.
[17:38:11.841] [SEVERE ] placing card 17 in slot 0
[17:38:11.955] [SEVERE ] placing card 40 in slot 1
[17:38:12.071] [SEVERE ] placing card 9 in slot 2
[17:38:12.189] [SEVERE ] placing card 28 in slot 3
[17:38:12.301] [SEVERE ] placing card 80 in slot 4
[17:38:12.420] [SEVERE ] placing card 24 in slot 5
[17:38:12.525] [SEVERE ] placing card 7 in slot 6
[17:38:12.634] [SEVERE ] placing card 52 in slot 7
[17:38:12.751] [SEVERE ] placing card 55 in slot 8
[17:38:12.886] [SEVERE ] placing card 42 in slot 9
[17:38:13.004] [SEVERE ] placing card 33 in slot 10
[17:38:13.122] [SEVERE ] placing card 2 in slot 11
[17:38:19.290] [SEVERE ] updating countdown to 60000
[17:38:28.385] [SEVERE ] key 81 was pressed by player 1
[17:38:28.385] [SEVERE ] player 1 placing token on slot 0
[17:38:29.662] [SEVERE ] key 87 was pressed by player 1
[17:38:29.662] [SEVERE ] player 1 placing token on slot 1
[17:38:30.356] [SEVERE ] key 69 was pressed by player 1
[17:38:30.356] [SEVERE ] player 1 placing token on slot 2
[17:38:40.327] [SEVERE ] removing player 1 token from slot 0
[17:38:43.640] [SEVERE ] removing card from slot 0
[17:38:44.330] [SEVERE ] removing player 1 token from slot 1
[17:38:44.776] [SEVERE ] removing card from slot 1
[17:38:45.421] [SEVERE ] removing player 1 token from slot 2
[17:38:47.284] [SEVERE ] removing card from slot 2
[17:38:48.431] [SEVERE ] placing card 26 in slot 0
[17:38:48.541] [SEVERE ] placing card 4 in slot 1
[17:38:48.659] [SEVERE ] placing card 56 in slot 2
[17:39:41.449] [SEVERE ] updating countdown to 59999
