[17:07:10.795] [INFO   ] thread main starting.
[17:07:10.823] [SEVERE ] cannot read configuration file config.properties trying from resources.
[17:07:10.831] [SEVERE ] configuration file was loaded from resources directory.
[17:07:11.548] [INFO   ] thread dealer starting.
[17:07:11.554] [INFO   ] thread Thread-2 starting.
[17:07:11.557] [INFO   ] thread dealer starting.
[17:07:11.554] [INFO   ] thread Thread-1 starting.
[17:07:13.623] [SEVERE ] placing card 40 in slot 0
[17:07:13.740] [SEVERE ] placing card 45 in slot 1
[17:07:13.860] [SEVERE ] placing card 71 in slot 2
[17:07:13.978] [SEVERE ] placing card 38 in slot 3
[17:07:14.107] [SEVERE ] placing card 30 in slot 4
[17:07:14.228] [SEVERE ] placing card 78 in slot 5
[17:07:14.353] [SEVERE ] placing card 0 in slot 6
[17:07:14.472] [SEVERE ] placing card 53 in slot 7
[17:07:14.604] [SEVERE ] placing card 20 in slot 8
[17:07:14.727] [SEVERE ] placing card 76 in slot 9
[17:07:14.851] [SEVERE ] placing card 22 in slot 10
[17:07:14.964] [SEVERE ] placing card 66 in slot 11
[17:12:46.568] [SEVERE ] exit button pressed
[17:12:46.568] [INFO   ] thread Thread-2 terminated.
[17:12:46.568] [INFO   ] thread Thread-1 terminated.
