[12:35:08.033] [INFO   ] thread main starting.
[12:35:08.043] [SEVERE ] cannot read configuration file config.properties trying from resources.
[12:35:08.043] [SEVERE ] configuration file was loaded from resources directory.
[12:35:08.723] [INFO   ] thread dealer starting.
[12:35:08.723] [INFO   ] thread Thread-0 starting.
[12:35:08.723] [INFO   ] thread Thread-1 starting.
[12:35:08.723] [INFO   ] thread dealer starting.
[12:35:08.849] [SEVERE ] placing card 44 in slot 0
[12:35:08.964] [SEVERE ] placing card 60 in slot 1
[12:35:09.075] [SEVERE ] placing card 70 in slot 2
[12:35:09.187] [SEVERE ] placing card 38 in slot 3
[12:35:09.300] [SEVERE ] placing card 48 in slot 4
[12:35:09.414] [SEVERE ] placing card 0 in slot 5
[12:35:09.529] [SEVERE ] placing card 36 in slot 6
[12:35:09.645] [SEVERE ] placing card 39 in slot 7
[12:35:09.654] [SEVERE ] key 65 was pressed by player 1
[12:35:09.654] [SEVERE ] player 1 placing token on slot 4
[12:35:09.757] [SEVERE ] placing card 53 in slot 8
[12:35:09.868] [SEVERE ] placing card 79 in slot 9
[12:35:09.980] [SEVERE ] placing card 13 in slot 10
[12:35:09.989] [SEVERE ] key 83 was pressed by player 1
[12:35:09.989] [SEVERE ] player 1 placing token on slot 5
[12:35:10.091] [SEVERE ] placing card 69 in slot 11
[12:35:10.314] [SEVERE ] key 68 was pressed by player 1
[12:35:10.314] [SEVERE ] player 1 placing token on slot 6
[12:35:27.706] [SEVERE ] setting player 1 freeze to 3000
[12:35:32.651] [SEVERE ] exit button pressed
[12:35:32.651] [INFO   ] thread Thread-0 terminated.
[12:35:32.651] [INFO   ] thread Thread-1 terminated.
