[09:17:16.466] [INFO   ] thread main starting.
[09:17:16.483] [SEVERE ] cannot read configuration file config.properties trying from resources.
[09:17:16.483] [SEVERE ] configuration file was loaded from resources directory.
[09:17:17.119] [INFO   ] thread dealer starting.
[09:17:17.119] [INFO   ] thread Thread-1 starting.
[09:17:17.119] [INFO   ] thread Thread-0 starting.
[09:17:17.120] [INFO   ] thread dealer starting.
[09:17:17.233] [SEVERE ] placing card 41 in slot 0
[09:17:17.347] [SEVERE ] placing card 51 in slot 1
[09:17:17.449] [SEVERE ] placing card 43 in slot 2
[09:17:17.549] [SEVERE ] placing card 56 in slot 3
[09:17:17.663] [SEVERE ] placing card 71 in slot 4
[09:17:17.763] [SEVERE ] placing card 12 in slot 5
[09:17:17.864] [SEVERE ] placing card 78 in slot 6
[09:17:17.980] [SEVERE ] placing card 38 in slot 7
[09:17:18.096] [SEVERE ] placing card 65 in slot 8
[09:17:18.197] [SEVERE ] placing card 7 in slot 9
[09:17:18.313] [SEVERE ] placing card 18 in slot 10
[09:17:18.430] [SEVERE ] placing card 1 in slot 11
[09:17:23.381] [SEVERE ] key 70 was pressed by player 1
[09:17:23.394] [SEVERE ] player 1 placing token on slot 7
[09:17:23.620] [SEVERE ] key 68 was pressed by player 1
[09:17:23.620] [SEVERE ] player 1 placing token on slot 6
[09:17:25.557] [SEVERE ] key 68 was pressed by player 1
[09:17:25.557] [SEVERE ] removing player 1 token from slot 6
[09:17:26.592] [SEVERE ] key 68 was pressed by player 1
[09:17:26.592] [SEVERE ] player 1 placing token on slot 6
[09:17:26.702] [SEVERE ] key 70 was pressed by player 1
[09:17:26.702] [SEVERE ] removing player 1 token from slot 7
[09:17:28.162] [SEVERE ] key 70 was pressed by player 1
[09:17:28.162] [SEVERE ] player 1 placing token on slot 7
[09:17:28.508] [SEVERE ] key 83 was pressed by player 1
[09:17:28.508] [SEVERE ] player 1 placing token on slot 5
[09:21:19.362] [SEVERE ] exit button pressed
[09:21:19.362] [INFO   ] thread Thread-1 terminated.
[09:21:19.362] [INFO   ] thread Thread-0 terminated.
