[11:36:01.737] [INFO   ] thread main starting.
[11:36:01.747] [SEVERE ] cannot read configuration file config.properties trying from resources.
[11:36:01.750] [SEVERE ] configuration file was loaded from resources directory.
[11:36:02.475] [INFO   ] thread dealer starting.
[11:36:02.479] [INFO   ] thread dealer starting.
[11:36:02.475] [INFO   ] thread Thread-1 starting.
[11:36:02.475] [INFO   ] thread Thread-0 starting.
[11:36:02.597] [SEVERE ] placing card 40 in slot 0
[11:36:02.700] [SEVERE ] placing card 24 in slot 1
[11:36:02.812] [SEVERE ] placing card 53 in slot 2
[11:36:02.914] [SEVERE ] placing card 5 in slot 3
[11:36:03.030] [SEVERE ] placing card 63 in slot 4
[11:36:03.133] [SEVERE ] placing card 49 in slot 5
[11:36:03.234] [SEVERE ] placing card 44 in slot 6
[11:36:03.341] [SEVERE ] placing card 61 in slot 7
[11:36:03.453] [SEVERE ] placing card 79 in slot 8
[11:36:03.563] [SEVERE ] placing card 27 in slot 9
[11:36:03.668] [SEVERE ] placing card 22 in slot 10
[11:36:03.769] [SEVERE ] placing card 33 in slot 11
[11:38:49.949] [SEVERE ] exit button pressed
[11:38:49.949] [INFO   ] thread Thread-0 terminated.
[11:38:49.949] [INFO   ] thread Thread-1 terminated.
