[23:23:02.106] [INFO   ] thread main starting.
[23:23:02.701] [SEVERE ] cannot read configuration file config.properties trying from resources.
[23:23:02.763] [SEVERE ] configuration file was loaded from resources directory.
[23:23:41.527] [INFO   ] thread Thread-0 starting.
[23:23:42.641] [INFO   ] thread Thread-1 starting.
[23:23:55.191] [INFO   ] thread dealer starting.
[23:23:55.198] [INFO   ] thread dealer starting.
[23:23:55.317] [SEVERE ] placing card 55 in slot 0
[23:23:55.425] [SEVERE ] placing card 49 in slot 1
[23:23:55.534] [SEVERE ] placing card 35 in slot 2
[23:23:55.644] [SEVERE ] placing card 62 in slot 3
[23:23:55.753] [SEVERE ] placing card 64 in slot 4
[23:23:55.863] [SEVERE ] placing card 33 in slot 5
[23:23:55.967] [SEVERE ] placing card 0 in slot 6
[23:23:56.077] [SEVERE ] placing card 34 in slot 7
[23:23:56.185] [SEVERE ] placing card 58 in slot 8
[23:23:56.294] [SEVERE ] placing card 18 in slot 9
[23:23:56.402] [SEVERE ] placing card 27 in slot 10
[23:23:56.511] [SEVERE ] placing card 36 in slot 11
[23:23:56.512] [SEVERE ] updating countdown to 60000
[23:23:57.515] [SEVERE ] updating countdown to 59000
[23:23:58.515] [SEVERE ] updating countdown to 58000
[23:23:59.520] [SEVERE ] updating countdown to 57000
[23:24:00.521] [SEVERE ] updating countdown to 56000
[23:24:01.521] [SEVERE ] updating countdown to 55000
