[09:11:52.855] [INFO   ] thread main starting.
[09:11:52.865] [SEVERE ] cannot read configuration file config.properties trying from resources.
[09:11:52.865] [SEVERE ] configuration file was loaded from resources directory.
[09:11:59.963] [INFO   ] thread Thread-0 starting.
[09:12:04.557] [INFO   ] thread dealer starting.
[09:12:04.559] [INFO   ] thread Thread-1 starting.
[09:12:04.561] [INFO   ] thread dealer starting.
[09:12:04.686] [SEVERE ] placing card 70 in slot 0
[09:12:04.802] [SEVERE ] placing card 72 in slot 1
[09:12:04.903] [SEVERE ] placing card 52 in slot 2
[09:12:05.004] [SEVERE ] placing card 3 in slot 3
[09:12:05.118] [SEVERE ] placing card 7 in slot 4
[09:12:05.219] [SEVERE ] placing card 71 in slot 5
[09:12:05.319] [SEVERE ] placing card 40 in slot 6
[09:12:05.419] [SEVERE ] placing card 64 in slot 7
[09:12:05.524] [SEVERE ] placing card 66 in slot 8
[09:12:05.635] [SEVERE ] placing card 17 in slot 9
[09:12:05.749] [SEVERE ] placing card 25 in slot 10
[09:12:05.853] [SEVERE ] placing card 8 in slot 11
[09:15:54.675] [SEVERE ] exit button pressed
[09:15:54.675] [INFO   ] thread Thread-1 terminated.
[09:15:54.675] [INFO   ] thread Thread-0 terminated.
