[18:00:04.745] [INFO   ] thread main starting.
[18:00:04.768] [SEVERE ] cannot read configuration file config.properties trying from resources.
[18:00:04.768] [SEVERE ] configuration file was loaded from resources directory.
[18:00:05.476] [INFO   ] thread dealer starting.
[18:00:05.476] [INFO   ] thread Thread-1 starting.
[18:00:05.476] [INFO   ] thread Thread-0 starting.
[18:00:05.476] [INFO   ] thread dealer starting.
[18:00:05.597] [SEVERE ] placing card 19 in slot 0
[18:00:05.705] [SEVERE ] placing card 56 in slot 1
[18:00:05.814] [SEVERE ] placing card 16 in slot 2
[18:00:05.920] [SEVERE ] placing card 5 in slot 3
[18:00:06.025] [SEVERE ] placing card 7 in slot 4
[18:00:06.125] [SEVERE ] placing card 8 in slot 5
[18:00:06.226] [SEVERE ] placing card 77 in slot 6
[18:00:06.335] [SEVERE ] placing card 41 in slot 7
[18:00:06.450] [SEVERE ] placing card 22 in slot 8
[18:00:06.552] [SEVERE ] placing card 20 in slot 9
[18:00:06.659] [SEVERE ] placing card 32 in slot 10
[18:00:06.763] [SEVERE ] placing card 4 in slot 11
[18:00:06.764] [SEVERE ] updating countdown to 60000
[18:00:07.765] [SEVERE ] updating countdown to 59000
[18:00:08.765] [SEVERE ] updating countdown to 58000
[18:00:09.765] [SEVERE ] updating countdown to 57000
[18:00:10.765] [SEVERE ] updating countdown to 56000
[18:00:11.765] [SEVERE ] updating countdown to 55000
[18:00:12.765] [SEVERE ] updating countdown to 54000
[18:00:13.765] [SEVERE ] updating countdown to 53000
[18:00:14.765] [SEVERE ] updating countdown to 52000
[18:00:15.765] [SEVERE ] updating countdown to 51000
[18:00:16.765] [SEVERE ] updating countdown to 50000
[18:00:17.765] [SEVERE ] updating countdown to 49000
[18:00:18.765] [SEVERE ] updating countdown to 48000
[18:00:19.765] [SEVERE ] updating countdown to 47000
[18:00:20.765] [SEVERE ] updating countdown to 46000
[18:00:21.765] [SEVERE ] updating countdown to 45000
[18:00:22.765] [SEVERE ] updating countdown to 44000
[18:00:23.765] [SEVERE ] updating countdown to 43000
[18:00:24.765] [SEVERE ] updating countdown to 42000
[18:00:25.765] [SEVERE ] updating countdown to 41000
[18:00:26.765] [SEVERE ] updating countdown to 40000
[18:00:27.765] [SEVERE ] updating countdown to 39000
[18:00:28.765] [SEVERE ] updating countdown to 38000
[18:00:29.765] [SEVERE ] updating countdown to 37000
[18:00:30.765] [SEVERE ] updating countdown to 36000
[18:00:31.765] [SEVERE ] updating countdown to 35000
[18:00:32.765] [SEVERE ] updating countdown to 34000
[18:00:33.765] [SEVERE ] updating countdown to 33000
[18:00:34.765] [SEVERE ] updating countdown to 32000
[18:00:35.765] [SEVERE ] updating countdown to 31000
[18:00:36.765] [SEVERE ] updating countdown to 30000
[18:00:37.765] [SEVERE ] updating countdown to 29000
[18:00:38.765] [SEVERE ] updating countdown to 28000
[18:00:39.765] [SEVERE ] updating countdown to 27000
[18:00:40.765] [SEVERE ] updating countdown to 26000
[18:00:41.765] [SEVERE ] updating countdown to 25000
[18:00:42.765] [SEVERE ] updating countdown to 24000
[18:00:43.765] [SEVERE ] updating countdown to 23000
[18:00:44.765] [SEVERE ] updating countdown to 22000
[18:00:45.765] [SEVERE ] updating countdown to 21000
[18:00:46.765] [SEVERE ] updating countdown to 20000
[18:00:47.765] [SEVERE ] updating countdown to 19000
[18:00:48.765] [SEVERE ] updating countdown to 18000
[18:00:49.765] [SEVERE ] updating countdown to 17000
[18:00:50.765] [SEVERE ] updating countdown to 16000
[18:00:51.765] [SEVERE ] updating countdown to 15000
[18:00:52.766] [SEVERE ] updating countdown to 14000
[18:00:53.769] [SEVERE ] updating countdown to 13000
[18:00:54.775] [SEVERE ] updating countdown to 12000
[18:00:55.775] [SEVERE ] updating countdown to 11000
[18:00:56.775] [SEVERE ] updating countdown to 10000
[18:00:57.775] [SEVERE ] updating countdown to 9000
[18:00:58.775] [SEVERE ] updating countdown to 8000
[18:00:59.775] [SEVERE ] updating countdown to 7000
[18:01:00.775] [SEVERE ] updating countdown to 6000
[18:01:01.775] [SEVERE ] updating countdown to 5000
[18:01:02.775] [SEVERE ] updating countdown to 4000
[18:01:03.775] [SEVERE ] updating countdown to 3000
[18:01:04.775] [SEVERE ] updating countdown to 2000
[18:01:05.775] [SEVERE ] updating countdown to 1000
