[11:47:22.725] [INFO   ] thread main starting.
[11:47:22.735] [SEVERE ] cannot read configuration file config.properties trying from resources.
[11:47:22.737] [SEVERE ] configuration file was loaded from resources directory.
[11:47:23.302] [INFO   ] thread dealer starting.
[11:47:23.303] [INFO   ] thread Thread-0 starting.
[11:47:23.306] [INFO   ] thread dealer starting.
[11:47:23.303] [INFO   ] thread Thread-1 starting.
[11:47:23.422] [SEVERE ] placing card 28 in slot 0
[11:47:23.532] [SEVERE ] placing card 51 in slot 1
[11:47:23.641] [SEVERE ] placing card 3 in slot 2
[11:47:23.751] [SEVERE ] placing card 59 in slot 3
[11:47:23.859] [SEVERE ] placing card 50 in slot 4
[11:47:23.968] [SEVERE ] placing card 53 in slot 5
[11:47:24.078] [SEVERE ] placing card 70 in slot 6
[11:47:24.186] [SEVERE ] placing card 39 in slot 7
[11:47:24.294] [SEVERE ] placing card 72 in slot 8
[11:47:24.402] [SEVERE ] placing card 48 in slot 9
[11:47:24.507] [SEVERE ] placing card 37 in slot 10
[11:47:24.615] [SEVERE ] placing card 47 in slot 11
[11:47:28.716] [SEVERE ] key 81 was pressed by player 1
[11:47:28.716] [SEVERE ] player 1 placing token on slot 0
[11:47:28.940] [SEVERE ] key 87 was pressed by player 1
[11:47:28.940] [SEVERE ] player 1 placing token on slot 1
[11:47:29.199] [SEVERE ] key 69 was pressed by player 1
[11:47:29.200] [SEVERE ] player 1 placing token on slot 2
[11:47:29.201] [SEVERE ] setting player 1 score to 1
[11:47:30.212] [SEVERE ] setting player 1 freeze to 1000
[11:47:37.536] [SEVERE ] removing card from slot 0
[11:47:42.041] [SEVERE ] placing card 27 in slot 0
[11:47:42.146] [SEVERE ] removing card from slot 1
[11:47:42.260] [SEVERE ] placing card 61 in slot 1
[11:47:42.376] [SEVERE ] removing card from slot 2
[11:47:42.477] [SEVERE ] placing card 36 in slot 2
[11:48:06.763] [SEVERE ] exit button pressed
[11:48:06.763] [INFO   ] thread Thread-0 terminated.
[11:48:06.763] [INFO   ] thread Thread-1 terminated.
