[11:54:32.758] [INFO   ] thread main starting.
[11:54:32.767] [SEVERE ] cannot read configuration file config.properties trying from resources.
[11:54:32.769] [SEVERE ] configuration file was loaded from resources directory.
[11:54:33.330] [INFO   ] thread dealer starting.
[11:54:33.331] [INFO   ] thread Thread-1 starting.
[11:54:33.347] [INFO   ] thread dealer starting.
[11:54:33.347] [INFO   ] thread Thread-0 starting.
[11:54:33.462] [SEVERE ] placing card 8 in slot 0
[11:54:33.579] [SEVERE ] placing card 70 in slot 1
[11:54:33.688] [SEVERE ] placing card 2 in slot 2
[11:54:33.797] [SEVERE ] placing card 39 in slot 3
[11:54:33.907] [SEVERE ] placing card 22 in slot 4
[11:54:34.017] [SEVERE ] placing card 62 in slot 5
[11:54:34.125] [SEVERE ] placing card 63 in slot 6
[11:54:34.235] [SEVERE ] placing card 72 in slot 7
[11:54:34.344] [SEVERE ] placing card 20 in slot 8
[11:54:34.453] [SEVERE ] placing card 32 in slot 9
[11:54:34.567] [SEVERE ] placing card 56 in slot 10
[11:54:34.676] [SEVERE ] placing card 7 in slot 11
[11:54:35.078] [SEVERE ] key 81 was pressed by player 1
[11:54:35.078] [SEVERE ] player 1 placing token on slot 0
[11:54:35.248] [SEVERE ] key 87 was pressed by player 1
[11:54:35.249] [SEVERE ] player 1 placing token on slot 1
[11:54:35.562] [SEVERE ] key 69 was pressed by player 1
[11:54:35.563] [SEVERE ] player 1 placing token on slot 2
[11:54:43.698] [SEVERE ] setting player 1 score to 1
[11:54:44.718] [SEVERE ] setting player 1 freeze to 1000
[11:54:51.968] [SEVERE ] removing player 1 token from slot 0
[11:55:15.132] [SEVERE ] removing card from slot 0
[11:56:04.527] [SEVERE ] placing card 4 in slot 0
[11:56:09.684] [INFO   ] thread dealer terminated.
[11:56:14.697] [SEVERE ] thanks for playing... it was fun!
[11:56:14.698] [INFO   ] thread main terminated.
[11:56:14.699] [SEVERE ] disposing of user interface elements
