[17:12:56.109] [INFO   ] thread main starting.
[17:12:56.138] [SEVERE ] cannot read configuration file config.properties trying from resources.
[17:12:56.139] [SEVERE ] configuration file was loaded from resources directory.
[17:12:56.905] [INFO   ] thread Thread-1 starting.
[17:12:56.908] [INFO   ] thread dealer starting.
[17:12:56.908] [INFO   ] thread Thread-2 starting.
[17:12:56.910] [INFO   ] thread dealer starting.
[17:12:59.364] [SEVERE ] placing card 74 in slot 0
[17:12:59.489] [SEVERE ] placing card 17 in slot 1
[17:12:59.600] [SEVERE ] placing card 40 in slot 2
[17:12:59.719] [SEVERE ] placing card 68 in slot 3
[17:12:59.830] [SEVERE ] placing card 37 in slot 4
[17:12:59.944] [SEVERE ] placing card 78 in slot 5
[17:13:00.073] [SEVERE ] placing card 24 in slot 6
[17:13:00.192] [SEVERE ] placing card 20 in slot 7
[17:13:00.311] [SEVERE ] placing card 72 in slot 8
[17:13:00.424] [SEVERE ] placing card 29 in slot 9
[17:13:00.544] [SEVERE ] placing card 80 in slot 10
[17:13:00.663] [SEVERE ] placing card 59 in slot 11
[17:13:41.818] [SEVERE ] exit button pressed
[17:13:41.818] [INFO   ] thread Thread-2 terminated.
[17:13:41.818] [INFO   ] thread Thread-1 terminated.
