[14:20:29.742] [INFO   ] thread main starting.
[14:20:29.747] [SEVERE ] cannot read configuration file config.properties trying from resources.
[14:20:29.758] [SEVERE ] configuration file was loaded from resources directory.
[14:20:30.430] [INFO   ] thread dealer starting.
[14:20:30.438] [INFO   ] thread dealer starting.
[14:20:30.438] [INFO   ] thread Thread-1 starting.
[14:20:30.432] [INFO   ] thread Thread-0 starting.
[14:20:30.560] [SEVERE ] placing card 27 in slot 0
[14:20:30.660] [SEVERE ] placing card 24 in slot 1
[14:20:30.763] [SEVERE ] placing card 33 in slot 2
[14:20:30.875] [SEVERE ] placing card 32 in slot 3
[14:20:30.978] [SEVERE ] placing card 39 in slot 4
[14:20:31.089] [SEVERE ] placing card 40 in slot 5
[14:20:31.193] [SEVERE ] placing card 8 in slot 6
[14:20:31.303] [SEVERE ] placing card 71 in slot 7
[14:20:31.405] [SEVERE ] placing card 29 in slot 8
[14:20:31.516] [SEVERE ] placing card 5 in slot 9
[14:20:31.627] [SEVERE ] placing card 25 in slot 10
[14:20:31.737] [SEVERE ] placing card 6 in slot 11
[14:20:31.737] [SEVERE ] updating countdown to 60000
[14:20:32.747] [SEVERE ] updating countdown to 59000
[14:20:33.488] [SEVERE ] key 81 was pressed by player 1
[14:20:33.754] [SEVERE ] updating countdown to 58000
[14:20:34.760] [SEVERE ] updating countdown to 57000
[14:20:35.767] [SEVERE ] updating countdown to 56000
