[13:38:11.106] [INFO   ] thread main starting.
[13:38:11.118] [SEVERE ] cannot read configuration file config.properties trying from resources.
[13:38:11.118] [SEVERE ] configuration file was loaded from resources directory.
[13:38:11.815] [INFO   ] thread dealer starting.
[13:38:11.815] [INFO   ] thread Thread-1 starting.
[13:38:11.815] [INFO   ] thread Thread-0 starting.
[13:38:11.817] [INFO   ] thread dealer starting.
[13:38:11.934] [SEVERE ] placing card 69 in slot 0
[13:38:12.050] [SEVERE ] placing card 68 in slot 1
[13:38:12.157] [SEVERE ] placing card 50 in slot 2
[13:38:12.263] [SEVERE ] placing card 2 in slot 3
[13:38:12.367] [SEVERE ] placing card 78 in slot 4
[13:38:12.478] [SEVERE ] placing card 27 in slot 5
[13:38:12.582] [SEVERE ] placing card 29 in slot 6
[13:38:12.684] [SEVERE ] placing card 23 in slot 7
[13:38:12.795] [SEVERE ] placing card 25 in slot 8
[13:38:12.905] [SEVERE ] placing card 60 in slot 9
[13:38:13.015] [SEVERE ] placing card 30 in slot 10
[13:38:13.125] [SEVERE ] placing card 1 in slot 11
[13:38:13.125] [SEVERE ] updating countdown to 60000
[13:38:14.132] [SEVERE ] updating countdown to 59000
[13:38:14.814] [SEVERE ] key 81 was pressed by player 1
[13:38:14.814] [SEVERE ] player 1 placing token on slot 0
[13:38:15.132] [SEVERE ] updating countdown to 58000
[13:38:16.135] [SEVERE ] updating countdown to 57000
[13:38:16.139] [SEVERE ] key 81 was pressed by player 1
[13:38:16.139] [SEVERE ] removing player 1 token from slot 0
[13:38:17.138] [SEVERE ] updating countdown to 56000
[13:38:17.218] [SEVERE ] key 81 was pressed by player 1
[13:38:17.218] [SEVERE ] player 1 placing token on slot 0
[13:38:17.924] [SEVERE ] key 81 was pressed by player 1
[13:38:17.924] [SEVERE ] removing player 1 token from slot 0
[13:38:18.140] [SEVERE ] updating countdown to 55000
[13:38:18.389] [SEVERE ] key 81 was pressed by player 1
[13:38:18.389] [SEVERE ] player 1 placing token on slot 0
[13:38:18.578] [SEVERE ] key 81 was pressed by player 1
[13:38:18.578] [SEVERE ] removing player 1 token from slot 0
[13:38:18.755] [SEVERE ] key 81 was pressed by player 1
[13:38:18.755] [SEVERE ] player 1 placing token on slot 0
[13:38:18.937] [SEVERE ] key 81 was pressed by player 1
[13:38:18.937] [SEVERE ] removing player 1 token from slot 0
[13:38:19.088] [SEVERE ] key 81 was pressed by player 1
[13:38:19.088] [SEVERE ] player 1 placing token on slot 0
[13:38:19.141] [SEVERE ] updating countdown to 54000
[13:38:19.233] [SEVERE ] key 81 was pressed by player 1
[13:38:19.233] [SEVERE ] removing player 1 token from slot 0
[13:38:20.141] [SEVERE ] updating countdown to 53000
