[14:32:39.403] [INFO   ] thread main starting.
[14:32:39.419] [SEVERE ] cannot read configuration file config.properties trying from resources.
[14:32:39.423] [SEVERE ] configuration file was loaded from resources directory.
[14:32:40.114] [INFO   ] thread dealer starting.
[14:32:40.114] [INFO   ] thread Thread-0 starting.
[14:32:40.127] [INFO   ] thread dealer starting.
[14:32:40.127] [INFO   ] thread Thread-1 starting.
[14:32:40.238] [SEVERE ] placing card 48 in slot 0
[14:32:40.354] [SEVERE ] placing card 38 in slot 1
[14:32:40.465] [SEVERE ] placing card 51 in slot 2
[14:32:40.569] [SEVERE ] placing card 50 in slot 3
[14:32:40.686] [SEVERE ] placing card 35 in slot 4
[14:32:40.787] [SEVERE ] placing card 15 in slot 5
[14:32:40.900] [SEVERE ] placing card 73 in slot 6
[14:32:41.004] [SEVERE ] placing card 43 in slot 7
[14:32:41.114] [SEVERE ] placing card 69 in slot 8
[14:32:41.225] [SEVERE ] placing card 9 in slot 9
[14:32:41.335] [SEVERE ] placing card 44 in slot 10
[14:32:41.445] [SEVERE ] placing card 67 in slot 11
[14:32:41.446] [SEVERE ] updating countdown to 60000
[14:32:41.840] [SEVERE ] key 65 was pressed by player 1
[14:32:41.855] [SEVERE ] player 1 placing token on slot 4
[14:32:42.123] [SEVERE ] key 83 was pressed by player 1
[14:32:42.123] [SEVERE ] player 1 placing token on slot 5
[14:32:42.453] [SEVERE ] updating countdown to 59000
[14:32:42.847] [SEVERE ] key 68 was pressed by player 1
[14:32:42.849] [SEVERE ] player 1 placing token on slot 6
[14:32:43.466] [SEVERE ] updating countdown to 58000
[14:32:44.191] [SEVERE ] key 68 was pressed by player 1
[14:32:44.475] [SEVERE ] updating countdown to 57000
[14:32:44.900] [SEVERE ] key 68 was pressed by player 1
[14:32:45.120] [SEVERE ] key 68 was pressed by player 1
[14:32:45.340] [SEVERE ] key 68 was pressed by player 1
[14:32:45.340] [SEVERE ] player 1 placing token on slot 6
[14:32:45.482] [SEVERE ] updating countdown to 56000
[14:32:45.514] [SEVERE ] key 68 was pressed by player 1
[14:32:45.690] [SEVERE ] key 68 was pressed by player 1
[14:32:45.690] [SEVERE ] player 1 placing token on slot 6
[14:32:46.223] [SEVERE ] key 70 was pressed by player 1
[14:32:46.223] [SEVERE ] player 1 placing token on slot 7
[14:32:46.491] [SEVERE ] updating countdown to 55000
[14:32:46.832] [SEVERE ] key 70 was pressed by player 1
[14:32:47.454] [SEVERE ] key 68 was pressed by player 1
[14:32:47.454] [SEVERE ] player 1 placing token on slot 6
[14:32:47.493] [SEVERE ] updating countdown to 54000
[14:32:47.634] [SEVERE ] key 83 was pressed by player 1
[14:32:47.634] [SEVERE ] player 1 placing token on slot 5
[14:32:47.793] [SEVERE ] key 87 was pressed by player 1
[14:32:47.943] [SEVERE ] key 69 was pressed by player 1
[14:32:48.046] [SEVERE ] key 82 was pressed by player 1
[14:32:48.495] [SEVERE ] updating countdown to 53000
[14:32:49.496] [SEVERE ] updating countdown to 52000
