[14:30:07.474] [INFO   ] thread main starting.
[14:30:07.496] [SEVERE ] cannot read configuration file config.properties trying from resources.
[14:30:07.496] [SEVERE ] configuration file was loaded from resources directory.
[14:30:08.277] [INFO   ] thread dealer starting.
[14:30:08.279] [INFO   ] thread Thread-0 starting.
[14:30:08.279] [INFO   ] thread dealer starting.
[14:30:08.279] [INFO   ] thread Thread-1 starting.
[14:30:08.404] [SEVERE ] placing card 73 in slot 0
[14:30:08.506] [SEVERE ] placing card 27 in slot 1
[14:30:08.608] [SEVERE ] placing card 48 in slot 2
[14:30:08.716] [SEVERE ] placing card 61 in slot 3
[14:30:08.819] [SEVERE ] placing card 21 in slot 4
[14:30:08.923] [SEVERE ] placing card 37 in slot 5
[14:30:09.031] [SEVERE ] placing card 19 in slot 6
[14:30:09.139] [SEVERE ] placing card 24 in slot 7
[14:30:09.250] [SEVERE ] placing card 54 in slot 8
[14:30:09.361] [SEVERE ] placing card 75 in slot 9
[14:30:09.472] [SEVERE ] placing card 34 in slot 10
[14:30:09.582] [SEVERE ] placing card 32 in slot 11
[14:30:09.583] [SEVERE ] updating countdown to 60000
[14:30:10.512] [SEVERE ] key 65 was pressed by player 1
[14:30:10.591] [SEVERE ] updating countdown to 59000
[14:30:11.415] [SEVERE ] key 65 was pressed by player 1
[14:30:11.602] [SEVERE ] updating countdown to 58000
[14:30:11.933] [SEVERE ] key 65 was pressed by player 1
[14:30:12.122] [SEVERE ] key 65 was pressed by player 1
[14:30:12.312] [SEVERE ] key 65 was pressed by player 1
[14:30:12.500] [SEVERE ] key 65 was pressed by player 1
[14:30:12.605] [SEVERE ] updating countdown to 57000
[14:30:12.658] [SEVERE ] key 65 was pressed by player 1
[14:30:13.606] [SEVERE ] updating countdown to 56000
[14:30:14.607] [SEVERE ] updating countdown to 55000
[14:30:15.608] [SEVERE ] updating countdown to 54000
[14:30:16.609] [SEVERE ] updating countdown to 53000
[14:30:17.609] [SEVERE ] updating countdown to 52000
[14:30:18.609] [SEVERE ] updating countdown to 51000
