[13:33:53.301] [INFO   ] thread main starting.
[13:33:53.312] [SEVERE ] cannot read configuration file config.properties trying from resources.
[13:33:53.317] [SEVERE ] configuration file was loaded from resources directory.
[13:33:54.135] [INFO   ] thread dealer starting.
[13:33:54.138] [INFO   ] thread Thread-1 starting.
[13:33:54.135] [INFO   ] thread Thread-0 starting.
[13:33:54.139] [INFO   ] thread dealer starting.
[13:33:54.255] [SEVERE ] placing card 32 in slot 0
[13:33:54.366] [SEVERE ] placing card 57 in slot 1
[13:33:54.478] [SEVERE ] placing card 41 in slot 2
[13:33:54.580] [SEVERE ] placing card 60 in slot 3
[13:33:54.684] [SEVERE ] placing card 54 in slot 4
[13:33:54.797] [SEVERE ] placing card 43 in slot 5
[13:33:54.900] [SEVERE ] placing card 76 in slot 6
[13:33:55.016] [SEVERE ] placing card 45 in slot 7
[13:33:55.117] [SEVERE ] placing card 0 in slot 8
[13:33:55.232] [SEVERE ] placing card 65 in slot 9
[13:33:55.349] [SEVERE ] placing card 50 in slot 10
[13:33:55.452] [SEVERE ] placing card 67 in slot 11
[13:33:55.452] [SEVERE ] updating countdown to 60000
[13:33:56.461] [SEVERE ] updating countdown to 59000
[13:33:57.465] [SEVERE ] updating countdown to 58000
[13:33:58.465] [SEVERE ] updating countdown to 57000
[13:33:59.466] [SEVERE ] updating countdown to 56000
[13:34:00.478] [SEVERE ] updating countdown to 55000
[13:34:01.487] [SEVERE ] updating countdown to 54000
[13:34:01.690] [SEVERE ] key 81 was pressed by player 1
[13:34:02.497] [SEVERE ] updating countdown to 53000
[13:34:03.501] [SEVERE ] updating countdown to 52000
[13:34:04.503] [SEVERE ] updating countdown to 51000
[13:34:05.510] [SEVERE ] updating countdown to 50000
[13:34:06.514] [SEVERE ] updating countdown to 49000
[13:34:07.515] [SEVERE ] updating countdown to 48000
[13:34:08.515] [SEVERE ] updating countdown to 47000
[13:34:09.517] [SEVERE ] updating countdown to 46000
[13:34:10.522] [SEVERE ] updating countdown to 45000
[13:34:11.522] [SEVERE ] updating countdown to 44000
[13:34:12.522] [SEVERE ] updating countdown to 43000
[13:34:13.527] [SEVERE ] updating countdown to 42000
[13:34:14.528] [SEVERE ] updating countdown to 41000
[13:34:15.530] [SEVERE ] updating countdown to 40000
[13:34:16.057] [SEVERE ] player 1 placing token on slot 0
[13:34:16.531] [SEVERE ] updating countdown to 39000
[13:34:17.531] [SEVERE ] updating countdown to 38000
[13:34:18.533] [SEVERE ] updating countdown to 37000
[13:34:19.535] [SEVERE ] updating countdown to 36000
[13:34:20.536] [SEVERE ] updating countdown to 35000
[13:34:21.537] [SEVERE ] updating countdown to 34000
[13:34:22.540] [SEVERE ] updating countdown to 33000
[13:34:23.542] [SEVERE ] updating countdown to 32000
