[13:32:18.097] [INFO   ] thread main starting.
[13:32:18.113] [SEVERE ] cannot read configuration file config.properties trying from resources.
[13:32:18.121] [SEVERE ] configuration file was loaded from resources directory.
[13:32:18.821] [INFO   ] thread dealer starting.
[13:32:18.822] [INFO   ] thread Thread-0 starting.
[13:32:18.822] [INFO   ] thread dealer starting.
[13:32:18.822] [INFO   ] thread Thread-1 starting.
[13:32:18.941] [SEVERE ] placing card 53 in slot 0
[13:32:19.052] [SEVERE ] placing card 61 in slot 1
[13:32:19.155] [SEVERE ] placing card 0 in slot 2
[13:32:19.257] [SEVERE ] placing card 4 in slot 3
[13:32:19.367] [SEVERE ] placing card 33 in slot 4
[13:32:19.472] [SEVERE ] placing card 52 in slot 5
[13:32:19.578] [SEVERE ] placing card 26 in slot 6
[13:32:19.692] [SEVERE ] placing card 74 in slot 7
[13:32:19.795] [SEVERE ] placing card 70 in slot 8
[13:32:19.911] [SEVERE ] placing card 66 in slot 9
[13:32:20.025] [SEVERE ] placing card 54 in slot 10
[13:32:20.127] [SEVERE ] placing card 73 in slot 11
[13:32:20.128] [SEVERE ] updating countdown to 60000
[13:32:21.141] [SEVERE ] updating countdown to 59000
[13:32:22.142] [SEVERE ] updating countdown to 58000
[13:32:23.150] [SEVERE ] updating countdown to 57000
[13:32:23.971] [SEVERE ] key 81 was pressed by player 1
[13:32:24.159] [SEVERE ] updating countdown to 56000
[13:32:25.170] [SEVERE ] updating countdown to 55000
[13:32:26.180] [SEVERE ] updating countdown to 54000
[13:32:27.188] [SEVERE ] updating countdown to 53000
[13:32:28.201] [SEVERE ] updating countdown to 52000
[13:32:29.212] [SEVERE ] updating countdown to 51000
[13:32:30.212] [SEVERE ] updating countdown to 50000
[13:32:31.214] [SEVERE ] updating countdown to 49000
[13:32:32.217] [SEVERE ] updating countdown to 48000
[13:32:33.226] [SEVERE ] updating countdown to 47000
[13:32:34.228] [SEVERE ] updating countdown to 46000
[13:32:35.230] [SEVERE ] updating countdown to 45000
[13:32:36.234] [SEVERE ] updating countdown to 44000
[13:32:37.235] [SEVERE ] updating countdown to 43000
[13:32:38.235] [SEVERE ] updating countdown to 42000
[13:32:39.237] [SEVERE ] updating countdown to 41000
[13:32:40.239] [SEVERE ] updating countdown to 40000
[13:32:41.240] [SEVERE ] updating countdown to 39000
[13:32:42.242] [SEVERE ] updating countdown to 38000
[13:32:43.242] [SEVERE ] updating countdown to 37000
[13:32:43.783] [SEVERE ] player 1 placing token on slot 0
[13:32:43.811] [SEVERE ] key 81 was pressed by player 1
[13:32:44.242] [SEVERE ] updating countdown to 36000
[13:32:44.488] [SEVERE ] removing player 1 token from slot 0
[13:32:45.242] [SEVERE ] updating countdown to 35000
[13:32:46.242] [SEVERE ] updating countdown to 34000
[13:32:47.247] [SEVERE ] updating countdown to 33000
[13:32:48.248] [SEVERE ] updating countdown to 32000
[13:32:49.250] [SEVERE ] updating countdown to 31000
[13:32:49.406] [SEVERE ] key 81 was pressed by player 1
[13:32:49.406] [SEVERE ] player 1 placing token on slot 0
[13:32:50.251] [SEVERE ] updating countdown to 30000
[13:32:51.253] [SEVERE ] updating countdown to 29000
[13:32:52.254] [SEVERE ] updating countdown to 28000
[13:32:53.254] [SEVERE ] updating countdown to 27000
[13:32:54.255] [SEVERE ] updating countdown to 26000
[13:32:55.257] [SEVERE ] updating countdown to 25000
[13:32:56.258] [SEVERE ] updating countdown to 24000
[13:32:57.259] [SEVERE ] updating countdown to 23000
[13:32:58.259] [SEVERE ] updating countdown to 22000
