[14:27:22.192] [INFO   ] thread main starting.
[14:27:22.220] [SEVERE ] cannot read configuration file config.properties trying from resources.
[14:27:22.226] [SEVERE ] configuration file was loaded from resources directory.
[14:27:22.908] [INFO   ] thread dealer starting.
[14:27:22.909] [INFO   ] thread Thread-0 starting.
[14:27:22.910] [INFO   ] thread dealer starting.
[14:27:22.910] [INFO   ] thread Thread-1 starting.
[14:27:23.026] [SEVERE ] placing card 70 in slot 0
[14:27:23.128] [SEVERE ] placing card 38 in slot 1
[14:27:23.230] [SEVERE ] placing card 20 in slot 2
[14:27:23.340] [SEVERE ] placing card 0 in slot 3
[14:27:23.442] [SEVERE ] placing card 3 in slot 4
[14:27:23.546] [SEVERE ] placing card 46 in slot 5
[14:27:23.657] [SEVERE ] placing card 59 in slot 6
[14:27:23.769] [SEVERE ] placing card 76 in slot 7
[14:27:23.871] [SEVERE ] placing card 53 in slot 8
[14:27:23.982] [SEVERE ] placing card 42 in slot 9
[14:27:24.092] [SEVERE ] placing card 15 in slot 10
[14:27:24.203] [SEVERE ] placing card 52 in slot 11
[14:27:24.203] [SEVERE ] updating countdown to 60000
[14:27:24.678] [SEVERE ] key 65 was pressed by player 1
[14:27:24.679] [SEVERE ] player 1 placing token on slot 4
[14:27:24.931] [SEVERE ] key 83 was pressed by player 1
[14:27:24.931] [SEVERE ] player 1 placing token on slot 5
[14:27:25.214] [SEVERE ] updating countdown to 59000
[14:27:25.214] [SEVERE ] key 68 was pressed by player 1
[14:27:25.214] [SEVERE ] player 1 placing token on slot 6
[14:27:25.768] [SEVERE ] key 88 was pressed by player 1
[14:27:26.214] [SEVERE ] updating countdown to 58000
[14:27:27.224] [SEVERE ] updating countdown to 57000
[14:27:28.228] [SEVERE ] updating countdown to 56000
[14:27:29.229] [SEVERE ] updating countdown to 55000
[14:27:30.230] [SEVERE ] updating countdown to 54000
[14:27:31.232] [SEVERE ] updating countdown to 53000
[14:27:32.233] [SEVERE ] updating countdown to 52000
[14:27:33.234] [SEVERE ] updating countdown to 51000
[14:27:34.236] [SEVERE ] updating countdown to 50000
