[14:25:59.939] [INFO   ] thread main starting.
[14:25:59.952] [SEVERE ] cannot read configuration file config.properties trying from resources.
[14:25:59.952] [SEVERE ] configuration file was loaded from resources directory.
[14:26:00.617] [INFO   ] thread dealer starting.
[14:26:00.617] [INFO   ] thread Thread-0 starting.
[14:26:00.617] [INFO   ] thread Thread-1 starting.
[14:26:00.617] [INFO   ] thread dealer starting.
[14:26:00.736] [SEVERE ] placing card 13 in slot 0
[14:26:00.840] [SEVERE ] placing card 26 in slot 1
[14:26:00.945] [SEVERE ] placing card 54 in slot 2
[14:26:01.053] [SEVERE ] placing card 80 in slot 3
[14:26:01.171] [SEVERE ] placing card 76 in slot 4
[14:26:01.282] [SEVERE ] placing card 63 in slot 5
[14:26:01.386] [SEVERE ] placing card 0 in slot 6
[14:26:01.488] [SEVERE ] placing card 15 in slot 7
[14:26:01.599] [SEVERE ] placing card 61 in slot 8
[14:26:01.709] [SEVERE ] placing card 58 in slot 9
[14:26:01.819] [SEVERE ] placing card 40 in slot 10
[14:26:01.929] [SEVERE ] placing card 55 in slot 11
[14:26:01.929] [SEVERE ] updating countdown to 60000
[14:26:02.937] [SEVERE ] updating countdown to 59000
[14:26:02.953] [SEVERE ] key 65 was pressed by player 1
[14:26:02.953] [SEVERE ] player 1 placing token on slot 4
[14:26:03.220] [SEVERE ] key 83 was pressed by player 1
[14:26:03.220] [SEVERE ] player 1 placing token on slot 5
[14:26:03.504] [SEVERE ] key 68 was pressed by player 1
[14:26:03.504] [SEVERE ] player 1 placing token on slot 6
[14:26:03.944] [SEVERE ] updating countdown to 58000
[14:26:03.976] [SEVERE ] key 88 was pressed by player 1
[14:26:04.944] [SEVERE ] updating countdown to 57000
[14:26:05.959] [SEVERE ] updating countdown to 56000
[14:26:06.962] [SEVERE ] updating countdown to 55000
[14:26:07.970] [SEVERE ] updating countdown to 54000
[14:26:08.970] [SEVERE ] updating countdown to 53000
[14:26:09.976] [SEVERE ] updating countdown to 52000
[14:26:10.978] [SEVERE ] updating countdown to 51000
[14:26:11.979] [SEVERE ] updating countdown to 50000
[14:26:12.980] [SEVERE ] updating countdown to 49000
[14:26:13.982] [SEVERE ] updating countdown to 48000
[14:26:14.984] [SEVERE ] updating countdown to 47000
[14:26:15.986] [SEVERE ] updating countdown to 46000
[14:26:16.986] [SEVERE ] updating countdown to 45000
[14:26:17.987] [SEVERE ] updating countdown to 44000
[14:26:18.988] [SEVERE ] updating countdown to 43000
[14:26:19.989] [SEVERE ] updating countdown to 42000
[14:26:20.993] [SEVERE ] updating countdown to 41000
[14:26:21.995] [SEVERE ] updating countdown to 40000
[14:26:22.997] [SEVERE ] updating countdown to 39000
[14:26:23.998] [SEVERE ] updating countdown to 38000
[14:26:25.000] [SEVERE ] updating countdown to 37000
[14:26:26.000] [SEVERE ] updating countdown to 36000
[14:26:27.001] [SEVERE ] updating countdown to 35000
[14:26:28.001] [SEVERE ] updating countdown to 34000
[14:26:29.001] [SEVERE ] updating countdown to 33000
[14:26:30.004] [SEVERE ] updating countdown to 32000
[14:26:31.009] [SEVERE ] updating countdown to 31000
