[14:14:25.983] [INFO   ] thread main starting.
[14:14:25.994] [SEVERE ] cannot read configuration file config.properties trying from resources.
[14:14:25.999] [SEVERE ] configuration file was loaded from resources directory.
[14:14:26.682] [INFO   ] thread dealer starting.
[14:14:26.682] [INFO   ] thread Thread-1 starting.
[14:14:26.682] [INFO   ] thread Thread-0 starting.
[14:14:26.682] [INFO   ] thread dealer starting.
[14:14:26.808] [SEVERE ] placing card 6 in slot 0
[14:14:26.918] [SEVERE ] placing card 79 in slot 1
[14:14:27.027] [SEVERE ] placing card 22 in slot 2
[14:14:27.138] [SEVERE ] placing card 7 in slot 3
[14:14:27.248] [SEVERE ] placing card 59 in slot 4
[14:14:27.358] [SEVERE ] placing card 31 in slot 5
[14:14:27.466] [SEVERE ] placing card 41 in slot 6
[14:14:27.576] [SEVERE ] placing card 72 in slot 7
[14:14:27.684] [SEVERE ] placing card 65 in slot 8
[14:14:27.793] [SEVERE ] placing card 44 in slot 9
[14:14:27.901] [SEVERE ] placing card 55 in slot 10
[14:14:28.010] [SEVERE ] placing card 46 in slot 11
[14:14:28.017] [INFO   ] thread dealer terminated.
[14:14:29.213] [SEVERE ] exit button pressed
[14:14:29.214] [INFO   ] Thread-1 interrupted
[14:14:29.214] [INFO   ] thread Thread-1 terminated.
[14:14:29.214] [INFO   ] Thread-0 interrupted
[14:14:29.214] [INFO   ] thread Thread-0 terminated.
[14:14:33.018] [SEVERE ] thanks for playing... it was fun!
[14:14:33.020] [INFO   ] thread main terminated.
