[14:11:48.346] [INFO   ] thread main starting.
[14:11:48.356] [SEVERE ] cannot read configuration file config.properties trying from resources.
[14:11:48.360] [SEVERE ] configuration file was loaded from resources directory.
[14:11:48.979] [INFO   ] thread dealer starting.
[14:11:48.979] [INFO   ] thread Thread-1 starting.
[14:11:48.979] [INFO   ] thread Thread-0 starting.
[14:11:48.982] [INFO   ] thread dealer starting.
[14:11:49.108] [SEVERE ] placing card 45 in slot 0
[14:11:49.212] [SEVERE ] placing card 19 in slot 1
[14:11:49.318] [SEVERE ] placing card 9 in slot 2
[14:11:49.425] [SEVERE ] placing card 3 in slot 3
[14:11:49.528] [SEVERE ] placing card 72 in slot 4
[14:11:49.640] [SEVERE ] placing card 22 in slot 5
[14:11:49.744] [SEVERE ] placing card 2 in slot 6
[14:11:49.845] [SEVERE ] placing card 54 in slot 7
[14:11:49.956] [SEVERE ] placing card 41 in slot 8
[14:11:50.067] [SEVERE ] placing card 29 in slot 9
[14:11:50.178] [SEVERE ] placing card 50 in slot 10
[14:11:50.288] [SEVERE ] placing card 69 in slot 11
[14:11:50.302] [INFO   ] thread dealer terminated.
[14:11:50.986] [SEVERE ] key 81 was pressed by player 1
[14:11:50.986] [SEVERE ] player 1 placing token on slot 0
[14:11:55.327] [SEVERE ] thanks for playing... it was fun!
[14:11:55.370] [INFO   ] thread main terminated.
[14:11:55.370] [SEVERE ] disposing of user interface elements
