[20:58:01.454] [INFO   ] thread main starting.
[20:58:01.463] [SEVERE ] cannot read configuration file config.properties trying from resources.
[20:58:01.463] [SEVERE ] configuration file was loaded from resources directory.
[20:58:02.006] [INFO   ] thread dealer starting.
[20:58:02.009] [INFO   ] thread player 0 starting.
[20:58:02.011] [INFO   ] thread player 1 starting.
[20:58:02.011] [INFO   ] thread dealer starting.
[20:58:02.024] [INFO   ] thread player 0 starting.
[20:58:02.024] [INFO   ] thread player 1 starting.
[20:58:02.142] [SEVERE ] placing card 76 in slot 0
[20:58:02.252] [SEVERE ] placing card 31 in slot 1
[20:58:02.364] [SEVERE ] placing card 17 in slot 2
[20:58:02.477] [SEVERE ] placing card 6 in slot 3
[20:58:02.588] [SEVERE ] placing card 67 in slot 4
[20:58:02.699] [SEVERE ] placing card 19 in slot 5
[20:58:02.807] [SEVERE ] placing card 46 in slot 6
[20:58:02.922] [SEVERE ] placing card 7 in slot 7
[20:58:03.034] [SEVERE ] placing card 60 in slot 8
[20:58:03.147] [SEVERE ] placing card 59 in slot 9
[20:58:03.258] [SEVERE ] placing card 43 in slot 10
[20:58:03.368] [SEVERE ] placing card 24 in slot 11
[20:58:04.374] [SEVERE ] updating countdown to 59000
[20:58:04.773] [SEVERE ] key 65 was pressed by player 1
[20:58:04.783] [SEVERE ] player 1 placing token on slot 4
[20:58:05.029] [SEVERE ] key 83 was pressed by player 1
[20:58:05.029] [SEVERE ] player 1 placing token on slot 5
[20:58:05.378] [SEVERE ] updating countdown to 58000
[20:58:05.433] [SEVERE ] key 68 was pressed by player 1
[20:58:05.433] [SEVERE ] player 1 placing token on slot 6
[20:58:05.433] [SEVERE ] setting player 1 freeze to 3000
[20:58:05.441] [SEVERE ] setting player 1 freeze to 2000
[20:58:05.442] [SEVERE ] setting player 1 freeze to 1000
[20:58:05.445] [SEVERE ] setting player 1 freeze to 0
[20:58:06.388] [SEVERE ] updating countdown to 57000
[20:58:07.389] [SEVERE ] updating countdown to 56000
[20:58:08.393] [SEVERE ] updating countdown to 55000
[20:58:09.395] [SEVERE ] updating countdown to 54000
[20:58:10.396] [SEVERE ] updating countdown to 53000
[20:58:11.408] [SEVERE ] updating countdown to 52000
