[14:53:14.669] [INFO   ] thread main starting.
[14:53:14.685] [SEVERE ] cannot read configuration file config.properties trying from resources.
[14:53:14.689] [SEVERE ] configuration file was loaded from resources directory.
[14:53:15.528] [INFO   ] thread dealer starting.
[14:53:15.529] [INFO   ] thread Thread-1 starting.
[14:53:15.529] [INFO   ] thread dealer starting.
[14:53:15.529] [INFO   ] thread Thread-2 starting.
[14:53:15.649] [SEVERE ] placing card 0 in slot 0
[14:53:15.757] [SEVERE ] placing card 77 in slot 1
[14:53:15.867] [SEVERE ] placing card 29 in slot 2
[14:53:15.978] [SEVERE ] placing card 19 in slot 3
[14:53:16.088] [SEVERE ] placing card 24 in slot 4
[14:53:16.198] [SEVERE ] placing card 40 in slot 5
[14:53:16.305] [SEVERE ] placing card 57 in slot 6
[14:53:16.414] [SEVERE ] placing card 23 in slot 7
[14:53:16.524] [SEVERE ] placing card 9 in slot 8
[14:53:16.634] [SEVERE ] placing card 34 in slot 9
[14:53:16.744] [SEVERE ] placing card 79 in slot 10
[14:53:16.853] [SEVERE ] placing card 10 in slot 11
[14:53:17.857] [SEVERE ] updating countdown to 59000
[14:53:18.803] [SEVERE ] key 81 was pressed by player 1
[14:53:18.803] [SEVERE ] player 1 placing token on slot 0
[14:53:18.861] [SEVERE ] updating countdown to 58000
[14:53:19.295] [SEVERE ] key 81 was pressed by player 1
[14:53:19.295] [SEVERE ] removing player 1 token from slot 0
[14:53:19.868] [SEVERE ] updating countdown to 57000
[14:53:20.781] [SEVERE ] key 81 was pressed by player 1
[14:53:20.782] [SEVERE ] player 1 placing token on slot 0
[14:53:20.872] [SEVERE ] updating countdown to 56000
[14:53:21.582] [SEVERE ] key 87 was pressed by player 1
[14:53:21.582] [SEVERE ] player 1 placing token on slot 1
[14:53:21.877] [SEVERE ] updating countdown to 55000
[14:53:22.225] [SEVERE ] key 69 was pressed by player 1
[14:53:22.225] [SEVERE ] player 1 placing token on slot 2
[14:53:22.892] [SEVERE ] updating countdown to 54000
[14:53:22.893] [SEVERE ] removing player 1 token from slot 0
[14:53:23.000] [SEVERE ] removing card from slot 0
[14:53:23.000] [SEVERE ] removing player 1 token from slot 1
[14:53:23.110] [SEVERE ] removing card from slot 1
[14:53:23.110] [SEVERE ] removing player 1 token from slot 2
[14:53:23.220] [SEVERE ] removing card from slot 2
[14:53:23.329] [SEVERE ] placing card 64 in slot 0
[14:53:23.440] [SEVERE ] placing card 16 in slot 1
[14:53:23.548] [SEVERE ] placing card 43 in slot 2
[14:53:24.551] [SEVERE ] updating countdown to 53000
[14:53:25.247] [SEVERE ] key 69 was pressed by player 1
[14:53:25.247] [SEVERE ] player 1 placing token on slot 2
[14:53:25.565] [SEVERE ] updating countdown to 52000
[14:53:25.883] [SEVERE ] key 68 was pressed by player 1
[14:53:25.883] [SEVERE ] player 1 placing token on slot 6
[14:53:26.572] [SEVERE ] updating countdown to 51000
[14:53:27.157] [SEVERE ] key 70 was pressed by player 1
[14:53:27.157] [SEVERE ] player 1 placing token on slot 7
[14:53:27.582] [SEVERE ] updating countdown to 50000
[14:53:28.592] [SEVERE ] updating countdown to 49000
[14:53:29.605] [SEVERE ] updating countdown to 48000
[14:53:30.239] [SEVERE ] key 70 was pressed by player 1
[14:53:30.239] [SEVERE ] removing player 1 token from slot 7
[14:53:30.617] [SEVERE ] updating countdown to 47000
[14:53:31.630] [SEVERE ] updating countdown to 46000
[14:53:31.632] [SEVERE ] key 82 was pressed by player 1
[14:53:31.642] [SEVERE ] player 1 placing token on slot 3
[14:53:32.631] [SEVERE ] updating countdown to 45000
[14:53:33.636] [SEVERE ] updating countdown to 44000
