[18:24:04.921] [INFO   ] thread main starting.
[18:24:04.931] [SEVERE ] cannot read configuration file config.properties trying from resources.
[18:24:04.931] [SEVERE ] configuration file was loaded from resources directory.
[18:24:05.617] [INFO   ] thread dealer starting.
[18:24:05.626] [INFO   ] thread player 0 starting.
[18:24:05.626] [INFO   ] thread player 1 starting.
[18:24:05.627] [INFO   ] thread dealer starting.
[18:24:05.745] [SEVERE ] placing card 5 in slot 0
[18:24:05.849] [SEVERE ] placing card 32 in slot 1
[18:24:05.960] [SEVERE ] placing card 6 in slot 2
[18:24:06.060] [SEVERE ] placing card 46 in slot 3
[18:24:06.161] [SEVERE ] placing card 48 in slot 4
[18:24:06.261] [SEVERE ] placing card 3 in slot 5
[18:24:06.365] [SEVERE ] placing card 13 in slot 6
[18:24:06.468] [SEVERE ] placing card 39 in slot 7
[18:24:06.568] [SEVERE ] placing card 67 in slot 8
[18:24:06.679] [SEVERE ] placing card 26 in slot 9
[18:24:06.790] [SEVERE ] placing card 47 in slot 10
[18:24:06.901] [SEVERE ] placing card 44 in slot 11
[18:24:06.933] [SEVERE ] key 81 was pressed by player 1
[18:24:07.085] [SEVERE ] key 87 was pressed by player 1
[18:24:07.297] [SEVERE ] key 69 was pressed by player 1
[18:24:07.483] [SEVERE ] key 69 was pressed by player 1
[18:24:07.907] [SEVERE ] updating countdown to 59000
[18:24:08.913] [SEVERE ] updating countdown to 58000
[18:24:09.636] [SEVERE ] key 87 was pressed by player 1
[18:24:09.903] [SEVERE ] key 69 was pressed by player 1
[18:24:09.919] [SEVERE ] updating countdown to 57000
[18:24:10.265] [SEVERE ] key 82 was pressed by player 1
[18:24:10.421] [SEVERE ] key 69 was pressed by player 1
[18:24:10.516] [SEVERE ] key 87 was pressed by player 1
[18:24:10.752] [SEVERE ] key 69 was pressed by player 1
[18:24:10.831] [SEVERE ] key 82 was pressed by player 1
[18:24:10.926] [SEVERE ] updating countdown to 56000
[18:24:11.005] [SEVERE ] key 69 was pressed by player 1
[18:24:11.927] [SEVERE ] updating countdown to 55000
[18:24:12.929] [SEVERE ] updating countdown to 54000
[18:24:13.938] [SEVERE ] updating countdown to 53000
[18:24:14.942] [SEVERE ] updating countdown to 52000
[18:24:15.945] [SEVERE ] updating countdown to 51000
[18:24:16.953] [SEVERE ] updating countdown to 50000
[18:24:17.977] [SEVERE ] updating countdown to 49000
[18:24:18.990] [SEVERE ] updating countdown to 48000
[18:24:20.000] [SEVERE ] updating countdown to 47000
[18:24:21.015] [SEVERE ] updating countdown to 46000
[18:24:22.020] [SEVERE ] updating countdown to 45000
[18:24:23.033] [SEVERE ] updating countdown to 44000
[18:24:24.044] [SEVERE ] updating countdown to 43000
[18:24:25.058] [SEVERE ] updating countdown to 42000
[18:24:26.059] [SEVERE ] updating countdown to 41000
[18:24:27.071] [SEVERE ] updating countdown to 40000
[18:24:28.073] [SEVERE ] updating countdown to 39000
[18:24:29.076] [SEVERE ] updating countdown to 38000
[18:24:30.084] [SEVERE ] updating countdown to 37000
[18:24:31.089] [SEVERE ] updating countdown to 36000
[18:24:32.090] [SEVERE ] updating countdown to 35000
[18:24:33.097] [SEVERE ] updating countdown to 34000
[18:24:34.100] [SEVERE ] updating countdown to 33000
[18:24:35.104] [SEVERE ] updating countdown to 32000
[18:24:36.119] [SEVERE ] updating countdown to 31000
