[03:04:16.312] [INFO   ] thread main starting.
[03:04:16.320] [SEVERE ] cannot read configuration file config.properties trying from resources.
[03:04:16.323] [SEVERE ] configuration file was loaded from resources directory.
[03:04:16.912] [INFO   ] thread dealer starting.
[03:04:16.913] [INFO   ] thread dealer starting.
[03:04:17.027] [SEVERE ] placing card 0 in slot 0
[03:04:17.136] [SEVERE ] placing card 1 in slot 1
[03:04:17.244] [SEVERE ] placing card 40 in slot 2
[03:04:17.354] [SEVERE ] placing card 3 in slot 3
[03:04:17.458] [SEVERE ] placing card 4 in slot 4
[03:04:17.562] [SEVERE ] placing card 70 in slot 5
[03:04:17.671] [SEVERE ] placing card 69 in slot 6
[03:04:17.778] [SEVERE ] placing card 62 in slot 7
[03:04:17.887] [SEVERE ] placing card 34 in slot 8
[03:04:17.989] [SEVERE ] placing card 46 in slot 9
[03:04:18.096] [SEVERE ] placing card 80 in slot 10
[03:04:18.206] [SEVERE ] placing card 55 in slot 11
[03:04:19.220] [SEVERE ] updating countdown to 59000
[03:04:19.634] [SEVERE ] key 81 was pressed by player 1
[03:04:20.233] [SEVERE ] updating countdown to 58000
[03:04:21.246] [SEVERE ] updating countdown to 57000
[03:04:22.258] [SEVERE ] updating countdown to 56000
[03:04:23.270] [SEVERE ] updating countdown to 55000
[03:04:24.285] [SEVERE ] updating countdown to 54000
[03:04:25.296] [SEVERE ] updating countdown to 53000
[03:04:26.308] [SEVERE ] updating countdown to 52000
[03:04:27.324] [SEVERE ] updating countdown to 51000
[03:04:28.335] [SEVERE ] updating countdown to 50000
[03:04:29.345] [SEVERE ] updating countdown to 49000
[03:04:30.358] [SEVERE ] updating countdown to 48000
[03:04:31.366] [SEVERE ] updating countdown to 47000
[03:04:32.377] [SEVERE ] updating countdown to 46000
[03:04:33.389] [SEVERE ] updating countdown to 45000
[03:04:34.399] [SEVERE ] updating countdown to 44000
[03:04:35.415] [SEVERE ] updating countdown to 43000
[03:04:36.427] [SEVERE ] updating countdown to 42000
[03:04:37.437] [SEVERE ] updating countdown to 41000
[03:04:38.448] [SEVERE ] updating countdown to 40000
[03:04:39.470] [SEVERE ] updating countdown to 39000
[03:04:40.491] [SEVERE ] updating countdown to 38000
[03:04:41.503] [SEVERE ] updating countdown to 37000
