[09:08:37.955] [INFO   ] thread main starting.
[09:08:37.974] [SEVERE ] cannot read configuration file config.properties trying from resources.
[09:08:37.979] [SEVERE ] configuration file was loaded from resources directory.
[09:08:38.905] [INFO   ] thread dealer starting.
[09:08:38.906] [INFO   ] thread Thread-1 starting.
[09:08:38.907] [INFO   ] thread Thread-0 starting.
[09:08:38.907] [INFO   ] thread dealer starting.
[09:08:39.034] [SEVERE ] placing card 67 in slot 0
[09:08:39.144] [SEVERE ] placing card 58 in slot 1
[09:08:39.251] [SEVERE ] placing card 5 in slot 2
[09:08:39.358] [SEVERE ] placing card 16 in slot 3
[09:08:39.468] [SEVERE ] placing card 60 in slot 4
[09:08:39.576] [SEVERE ] placing card 65 in slot 5
[09:08:39.686] [SEVERE ] placing card 29 in slot 6
[09:08:39.794] [SEVERE ] placing card 69 in slot 7
[09:08:39.904] [SEVERE ] placing card 9 in slot 8
[09:08:40.015] [SEVERE ] placing card 78 in slot 9
[09:08:40.125] [SEVERE ] placing card 13 in slot 10
[09:08:40.234] [SEVERE ] placing card 37 in slot 11
[09:08:46.965] [SEVERE ] updating countdown to 59000
[09:08:47.982] [SEVERE ] updating countdown to 58000
[09:08:48.995] [SEVERE ] updating countdown to 57000
[09:08:49.260] [SEVERE ] key 83 was pressed by player 1
[09:08:50.005] [SEVERE ] updating countdown to 56000
[09:08:51.020] [SEVERE ] updating countdown to 55000
[09:08:52.029] [SEVERE ] updating countdown to 54000
[09:08:53.045] [SEVERE ] updating countdown to 53000
[09:08:54.054] [SEVERE ] updating countdown to 52000
[09:08:55.068] [SEVERE ] updating countdown to 51000
[09:08:56.084] [SEVERE ] updating countdown to 50000
[09:08:57.097] [SEVERE ] updating countdown to 49000
[09:08:58.113] [SEVERE ] updating countdown to 48000
[09:08:59.115] [SEVERE ] updating countdown to 47000
[09:09:00.127] [SEVERE ] updating countdown to 46000
[09:09:01.137] [SEVERE ] updating countdown to 45000
[09:09:02.153] [SEVERE ] updating countdown to 44000
[09:09:03.165] [SEVERE ] updating countdown to 43000
[09:09:04.166] [SEVERE ] updating countdown to 42000
[09:09:05.182] [SEVERE ] updating countdown to 41000
[09:09:06.194] [SEVERE ] updating countdown to 40000
[09:09:07.209] [SEVERE ] updating countdown to 39000
[09:09:08.211] [SEVERE ] updating countdown to 38000
[09:09:09.213] [SEVERE ] updating countdown to 37000
[09:09:10.215] [SEVERE ] updating countdown to 36000
[09:09:11.230] [SEVERE ] updating countdown to 35000
[09:09:12.233] [SEVERE ] updating countdown to 34000
[09:09:13.235] [SEVERE ] updating countdown to 33000
[09:09:14.244] [SEVERE ] updating countdown to 32000
[09:09:15.257] [SEVERE ] updating countdown to 31000
[09:09:16.272] [SEVERE ] updating countdown to 30000
[09:09:17.284] [SEVERE ] updating countdown to 29000
[09:09:18.286] [SEVERE ] updating countdown to 28000
[09:09:19.299] [SEVERE ] updating countdown to 27000
[09:09:20.305] [SEVERE ] updating countdown to 26000
[09:09:21.315] [SEVERE ] updating countdown to 25000
[09:09:22.332] [SEVERE ] updating countdown to 24000
[09:09:23.348] [SEVERE ] updating countdown to 23000
[09:09:24.364] [SEVERE ] updating countdown to 22000
[09:09:25.380] [SEVERE ] updating countdown to 21000
[09:09:26.393] [SEVERE ] updating countdown to 20000
[09:09:27.406] [SEVERE ] updating countdown to 19000
[09:09:28.420] [SEVERE ] updating countdown to 18000
[09:09:29.436] [SEVERE ] updating countdown to 17000
[09:09:30.439] [SEVERE ] updating countdown to 16000
[09:09:31.443] [SEVERE ] updating countdown to 15000
[09:09:32.458] [SEVERE ] updating countdown to 14000
[09:09:33.466] [SEVERE ] updating countdown to 13000
[09:09:34.466] [SEVERE ] updating countdown to 12000
[09:09:35.467] [SEVERE ] updating countdown to 11000
[09:09:36.473] [SEVERE ] updating countdown to 10000
[09:09:37.486] [SEVERE ] updating countdown to 9000
[09:09:38.488] [SEVERE ] updating countdown to 8000
[09:09:39.490] [SEVERE ] updating countdown to 7000
[09:09:40.492] [SEVERE ] updating countdown to 6000
[09:09:41.494] [SEVERE ] updating countdown to 5000
[09:09:42.506] [SEVERE ] updating countdown to 4000
[09:09:43.519] [SEVERE ] updating countdown to 3000
[09:09:44.522] [SEVERE ] updating countdown to 2000
[09:09:45.531] [SEVERE ] updating countdown to 1000
[09:09:46.654] [SEVERE ] removing card from slot 0
[09:09:46.764] [SEVERE ] removing card from slot 1
[09:09:46.873] [SEVERE ] removing card from slot 2
[09:09:46.983] [SEVERE ] removing card from slot 3
[09:09:47.091] [SEVERE ] removing card from slot 4
[09:09:47.202] [SEVERE ] removing card from slot 5
[09:09:47.311] [SEVERE ] removing card from slot 6
[09:09:47.420] [SEVERE ] removing card from slot 7
[09:09:47.529] [SEVERE ] removing card from slot 8
[09:09:47.638] [SEVERE ] removing card from slot 9
[09:09:47.746] [SEVERE ] removing card from slot 10
[09:09:47.854] [SEVERE ] removing card from slot 11
[09:09:47.964] [SEVERE ] placing card 20 in slot 0
[09:09:48.074] [SEVERE ] placing card 73 in slot 1
[09:09:48.182] [SEVERE ] placing card 56 in slot 2
[09:09:48.191] [INFO   ] thread dealer terminated.
[09:09:53.195] [SEVERE ] thanks for playing... it was fun!
[09:09:53.196] [INFO   ] thread main terminated.
[09:09:53.197] [SEVERE ] disposing of user interface elements
