[10:03:15.558] [INFO   ] thread main starting.
[10:03:15.568] [SEVERE ] cannot read configuration file config.properties trying from resources.
[10:03:15.568] [SEVERE ] configuration file was loaded from resources directory.
[10:03:16.409] [INFO   ] thread dealer starting.
[10:03:16.409] [INFO   ] thread Thread-0 starting.
[10:03:16.416] [INFO   ] thread dealer starting.
[10:03:16.416] [INFO   ] thread Thread-1 starting.
[10:03:16.528] [SEVERE ] placing card 41 in slot 0
[10:03:16.630] [SEVERE ] placing card 48 in slot 1
[10:03:16.730] [SEVERE ] placing card 20 in slot 2
[10:03:16.846] [SEVERE ] placing card 79 in slot 3
[10:03:16.962] [SEVERE ] placing card 58 in slot 4
[10:03:17.062] [SEVERE ] placing card 15 in slot 5
[10:03:17.163] [SEVERE ] placing card 3 in slot 6
[10:03:17.265] [SEVERE ] placing card 67 in slot 7
[10:03:17.375] [SEVERE ] placing card 39 in slot 8
[10:03:17.485] [SEVERE ] placing card 13 in slot 9
[10:03:17.595] [SEVERE ] placing card 61 in slot 10
[10:03:17.706] [SEVERE ] placing card 70 in slot 11
[10:03:18.712] [SEVERE ] updating countdown to 59000
[10:03:19.383] [SEVERE ] key 81 was pressed by player 1
[10:03:19.467] [SEVERE ] player 1 placing token on slot 0
[10:03:19.720] [SEVERE ] updating countdown to 58000
[10:03:20.462] [SEVERE ] key 87 was pressed by player 1
[10:03:20.462] [SEVERE ] removing player 1 token from slot 0
[10:03:20.723] [SEVERE ] updating countdown to 57000
[10:03:21.618] [SEVERE ] key 81 was pressed by player 1
[10:03:21.618] [SEVERE ] player 1 placing token on slot 1
[10:03:21.729] [SEVERE ] updating countdown to 56000
[10:03:22.404] [SEVERE ] key 81 was pressed by player 1
[10:03:22.404] [SEVERE ] removing player 1 token from slot 1
[10:03:22.735] [SEVERE ] updating countdown to 55000
[10:03:23.334] [SEVERE ] key 81 was pressed by player 1
[10:03:23.334] [SEVERE ] player 1 placing token on slot 0
[10:03:23.743] [SEVERE ] updating countdown to 54000
[10:03:23.821] [SEVERE ] key 81 was pressed by player 1
[10:03:24.750] [SEVERE ] updating countdown to 53000
[10:03:25.764] [SEVERE ] updating countdown to 52000
[10:03:26.770] [SEVERE ] updating countdown to 51000
[10:03:27.781] [SEVERE ] updating countdown to 50000
[10:03:28.789] [SEVERE ] updating countdown to 49000
[10:03:29.808] [SEVERE ] updating countdown to 48000
[10:03:30.812] [SEVERE ] updating countdown to 47000
