[21:16:51.823] [INFO   ] thread main starting.
[21:16:51.831] [SEVERE ] cannot read configuration file config.properties trying from resources.
[21:16:51.833] [SEVERE ] configuration file was loaded from resources directory.
[21:16:52.439] [INFO   ] thread dealer starting.
[21:16:52.441] [INFO   ] thread player 0 starting.
[21:16:52.442] [INFO   ] thread player 1 starting.
[21:16:52.442] [INFO   ] thread dealer starting.
[21:16:52.451] [INFO   ] thread player 1 starting.
[21:16:52.451] [INFO   ] thread player 0 starting.
[21:16:52.562] [SEVERE ] placing card 65 in slot 0
[21:16:52.674] [SEVERE ] placing card 75 in slot 1
[21:16:52.775] [SEVERE ] placing card 8 in slot 2
[21:16:52.887] [SEVERE ] placing card 26 in slot 3
[21:16:52.997] [SEVERE ] placing card 40 in slot 4
[21:16:53.109] [SEVERE ] placing card 18 in slot 5
[21:16:53.215] [SEVERE ] placing card 24 in slot 6
[21:16:53.331] [SEVERE ] placing card 0 in slot 7
[21:16:53.441] [SEVERE ] placing card 58 in slot 8
[21:16:53.553] [SEVERE ] placing card 14 in slot 9
[21:16:53.664] [SEVERE ] placing card 27 in slot 10
[21:16:53.775] [SEVERE ] placing card 78 in slot 11
[21:16:54.778] [SEVERE ] updating countdown to 59000
[21:16:54.905] [SEVERE ] key 65 was pressed by player 1
[21:16:54.913] [SEVERE ] player 1 placing token on slot 4
[21:16:55.602] [SEVERE ] key 83 was pressed by player 1
[21:16:55.603] [SEVERE ] player 1 placing token on slot 5
[21:16:55.780] [SEVERE ] updating countdown to 58000
[21:16:56.243] [SEVERE ] key 68 was pressed by player 1
[21:16:56.243] [SEVERE ] player 1 placing token on slot 6
[21:16:56.243] [SEVERE ] setting player 1 freeze to 3000
[21:16:56.783] [SEVERE ] updating countdown to 57000
[21:16:57.245] [SEVERE ] setting player 1 freeze to 2000
[21:16:57.554] [SEVERE ] key 68 was pressed by player 1
[21:16:57.743] [SEVERE ] key 68 was pressed by player 1
[21:16:57.787] [SEVERE ] updating countdown to 56000
[21:16:57.904] [SEVERE ] key 68 was pressed by player 1
[21:16:58.063] [SEVERE ] key 68 was pressed by player 1
[21:16:58.224] [SEVERE ] key 68 was pressed by player 1
[21:16:58.250] [SEVERE ] setting player 1 freeze to 1000
[21:16:58.374] [SEVERE ] key 68 was pressed by player 1
[21:16:58.514] [SEVERE ] key 68 was pressed by player 1
[21:16:58.633] [SEVERE ] key 68 was pressed by player 1
[21:16:58.790] [SEVERE ] updating countdown to 55000
[21:16:59.252] [SEVERE ] setting player 1 freeze to 0
[21:16:59.792] [SEVERE ] updating countdown to 54000
[21:16:59.793] [SEVERE ] key 68 was pressed by player 1
[21:16:59.793] [SEVERE ] removing player 1 token from slot 6
[21:17:00.366] [SEVERE ] key 81 was pressed by player 1
[21:17:00.366] [SEVERE ] player 1 placing token on slot 0
[21:17:00.366] [SEVERE ] setting player 1 freeze to 3000
[21:17:00.797] [SEVERE ] updating countdown to 53000
[21:17:01.063] [SEVERE ] key 81 was pressed by player 1
[21:17:01.232] [SEVERE ] key 81 was pressed by player 1
[21:17:01.370] [SEVERE ] setting player 1 freeze to 2000
[21:17:01.375] [SEVERE ] key 81 was pressed by player 1
[21:17:01.533] [SEVERE ] key 81 was pressed by player 1
[21:17:01.658] [SEVERE ] key 81 was pressed by player 1
[21:17:01.800] [SEVERE ] updating countdown to 52000
[21:17:02.375] [SEVERE ] setting player 1 freeze to 1000
[21:17:02.804] [SEVERE ] updating countdown to 51000
[21:17:03.376] [SEVERE ] setting player 1 freeze to 0
[21:17:03.805] [SEVERE ] updating countdown to 50000
[21:17:04.583] [SEVERE ] key 81 was pressed by player 1
[21:17:04.583] [SEVERE ] removing player 1 token from slot 0
[21:17:04.806] [SEVERE ] updating countdown to 49000
[21:17:04.838] [SEVERE ] key 65 was pressed by player 1
[21:17:04.838] [SEVERE ] removing player 1 token from slot 4
[21:17:05.204] [SEVERE ] key 83 was pressed by player 1
[21:17:05.204] [SEVERE ] removing player 1 token from slot 5
[21:17:05.810] [SEVERE ] updating countdown to 48000
[21:17:06.813] [SEVERE ] updating countdown to 47000
[21:17:07.523] [SEVERE ] key 81 was pressed by player 1
[21:17:07.523] [SEVERE ] player 1 placing token on slot 0
[21:17:07.817] [SEVERE ] updating countdown to 46000
[21:17:08.820] [SEVERE ] updating countdown to 45000
[21:17:09.302] [SEVERE ] key 80 was pressed by player 2
[21:17:09.303] [SEVERE ] player 2 placing token on slot 3
[21:17:09.829] [SEVERE ] updating countdown to 44000
[21:17:10.834] [SEVERE ] updating countdown to 43000
[21:17:11.835] [SEVERE ] updating countdown to 42000
[21:17:12.838] [SEVERE ] updating countdown to 41000
[21:17:13.094] [SEVERE ] key 82 was pressed by player 1
[21:17:13.094] [SEVERE ] player 1 placing token on slot 3
[21:17:13.841] [SEVERE ] updating countdown to 40000
[21:17:14.123] [SEVERE ] key 82 was pressed by player 1
[21:17:14.128] [SEVERE ] removing player 1 token from slot 3
[21:17:14.844] [SEVERE ] updating countdown to 39000
[21:17:15.374] [SEVERE ] key 80 was pressed by player 2
[21:17:15.374] [SEVERE ] removing player 2 token from slot 3
[21:17:15.851] [SEVERE ] updating countdown to 38000
[21:17:16.157] [SEVERE ] key 80 was pressed by player 2
[21:17:16.157] [SEVERE ] player 2 placing token on slot 3
[21:17:16.169] [SEVERE ] key 82 was pressed by player 1
[21:17:16.169] [SEVERE ] player 1 placing token on slot 3
[21:17:16.853] [SEVERE ] updating countdown to 37000
[21:17:17.793] [SEVERE ] key 79 was pressed by player 2
[21:17:17.793] [SEVERE ] player 2 placing token on slot 2
[21:17:17.854] [SEVERE ] updating countdown to 36000
[21:17:18.334] [SEVERE ] key 69 was pressed by player 1
[21:17:18.334] [SEVERE ] player 1 placing token on slot 2
[21:17:18.334] [SEVERE ] setting player 1 freeze to 3000
[21:17:18.860] [SEVERE ] updating countdown to 35000
[21:17:19.349] [SEVERE ] setting player 1 freeze to 2000
[21:17:19.876] [SEVERE ] updating countdown to 34000
[21:17:20.355] [SEVERE ] setting player 1 freeze to 1000
[21:17:20.881] [SEVERE ] updating countdown to 33000
[21:17:21.359] [SEVERE ] setting player 1 freeze to 0
[21:17:21.704] [SEVERE ] key 69 was pressed by player 1
[21:17:21.704] [SEVERE ] removing player 1 token from slot 2
[21:17:21.885] [SEVERE ] updating countdown to 32000
[21:17:22.423] [SEVERE ] key 81 was pressed by player 1
[21:17:22.423] [SEVERE ] removing player 1 token from slot 0
[21:17:22.891] [SEVERE ] updating countdown to 31000
[21:17:23.895] [SEVERE ] updating countdown to 30000
[21:17:24.443] [SEVERE ] key 80 was pressed by player 2
[21:17:24.443] [SEVERE ] removing player 2 token from slot 3
[21:17:24.899] [SEVERE ] updating countdown to 29000
[21:17:25.394] [SEVERE ] key 80 was pressed by player 2
[21:17:25.394] [SEVERE ] player 2 placing token on slot 3
[21:17:25.824] [SEVERE ] key 80 was pressed by player 2
[21:17:25.824] [SEVERE ] removing player 2 token from slot 3
[21:17:25.905] [SEVERE ] updating countdown to 28000
[21:17:26.910] [SEVERE ] updating countdown to 27000
[21:17:27.276] [SEVERE ] key 79 was pressed by player 2
[21:17:27.283] [SEVERE ] removing player 2 token from slot 2
[21:17:27.835] [SEVERE ] key 69 was pressed by player 1
[21:17:27.835] [SEVERE ] player 1 placing token on slot 2
[21:17:27.915] [SEVERE ] updating countdown to 26000
[21:17:28.315] [SEVERE ] key 69 was pressed by player 1
[21:17:28.315] [SEVERE ] removing player 1 token from slot 2
[21:17:28.744] [SEVERE ] key 87 was pressed by player 1
[21:17:28.744] [SEVERE ] player 1 placing token on slot 1
[21:17:28.919] [SEVERE ] updating countdown to 25000
[21:17:29.109] [SEVERE ] key 87 was pressed by player 1
[21:17:29.109] [SEVERE ] removing player 1 token from slot 1
[21:17:29.863] [SEVERE ] key 69 was pressed by player 1
[21:17:29.863] [SEVERE ] player 1 placing token on slot 2
[21:17:29.920] [SEVERE ] updating countdown to 24000
[21:17:30.584] [SEVERE ] key 82 was pressed by player 1
[21:17:30.584] [SEVERE ] removing player 1 token from slot 3
[21:17:30.904] [SEVERE ] key 82 was pressed by player 1
[21:17:30.904] [SEVERE ] player 1 placing token on slot 3
[21:17:30.920] [SEVERE ] updating countdown to 23000
[21:17:31.224] [SEVERE ] key 69 was pressed by player 1
[21:17:31.224] [SEVERE ] removing player 1 token from slot 2
[21:17:31.504] [SEVERE ] key 82 was pressed by player 1
[21:17:31.504] [SEVERE ] removing player 1 token from slot 3
[21:17:31.924] [SEVERE ] updating countdown to 22000
[21:17:32.928] [SEVERE ] updating countdown to 21000
[21:17:33.932] [SEVERE ] updating countdown to 20000
[21:17:34.934] [SEVERE ] updating countdown to 19000
[21:17:35.939] [SEVERE ] updating countdown to 18000
[21:17:36.353] [SEVERE ] key 81 was pressed by player 1
[21:17:36.353] [SEVERE ] player 1 placing token on slot 0
[21:17:36.940] [SEVERE ] updating countdown to 17000
[21:17:37.941] [SEVERE ] updating countdown to 16000
[21:17:38.785] [SEVERE ] key 69 was pressed by player 1
[21:17:38.785] [SEVERE ] player 1 placing token on slot 2
[21:17:38.944] [SEVERE ] updating countdown to 15000
[21:17:39.951] [SEVERE ] updating countdown to 14000
[21:17:40.953] [SEVERE ] updating countdown to 13000
[21:17:41.104] [SEVERE ] key 69 was pressed by player 1
[21:17:41.111] [SEVERE ] removing player 1 token from slot 2
[21:17:41.380] [SEVERE ] key 81 was pressed by player 1
[21:17:41.380] [SEVERE ] removing player 1 token from slot 0
[21:17:41.954] [SEVERE ] updating countdown to 12000
[21:17:42.957] [SEVERE ] updating countdown to 11000
[21:17:43.959] [SEVERE ] updating countdown to 10000
[21:17:44.579] [SEVERE ] key 83 was pressed by player 1
[21:17:44.579] [SEVERE ] player 1 placing token on slot 5
[21:17:44.960] [SEVERE ] updating countdown to 9000
[21:17:45.056] [SEVERE ] key 83 was pressed by player 1
[21:17:45.056] [SEVERE ] removing player 1 token from slot 5
[21:17:45.653] [SEVERE ] key 65 was pressed by player 1
[21:17:45.653] [SEVERE ] player 1 placing token on slot 4
[21:17:45.965] [SEVERE ] updating countdown to 8000
[21:17:46.969] [SEVERE ] updating countdown to 7000
[21:17:47.970] [SEVERE ] updating countdown to 6000
[21:17:48.973] [SEVERE ] updating countdown to 5000
[21:17:49.974] [SEVERE ] updating countdown to 4000
[21:17:50.977] [SEVERE ] updating countdown to 3000
[21:17:51.986] [SEVERE ] updating countdown to 2000
[21:17:52.058] [SEVERE ] key 87 was pressed by player 1
[21:17:52.058] [SEVERE ] player 1 placing token on slot 1
[21:17:52.996] [SEVERE ] updating countdown to 1000
[21:17:54.120] [SEVERE ] removing card from slot 0
[21:17:54.228] [SEVERE ] removing card from slot 1
[21:17:54.336] [SEVERE ] removing card from slot 2
[21:17:54.445] [SEVERE ] removing card from slot 3
[21:17:54.555] [SEVERE ] removing card from slot 4
[21:17:54.663] [SEVERE ] removing card from slot 5
[21:17:54.772] [SEVERE ] removing card from slot 6
[21:17:54.881] [SEVERE ] removing card from slot 7
[21:17:54.991] [SEVERE ] removing card from slot 8
[21:17:55.101] [SEVERE ] removing card from slot 9
[21:17:55.210] [SEVERE ] removing card from slot 10
[21:17:55.320] [SEVERE ] removing card from slot 11
[21:17:55.428] [SEVERE ] placing card 74 in slot 0
[21:17:55.539] [SEVERE ] placing card 25 in slot 1
[21:17:55.648] [SEVERE ] placing card 35 in slot 2
[21:17:55.760] [SEVERE ] placing card 2 in slot 3
[21:17:55.871] [SEVERE ] placing card 9 in slot 4
[21:17:55.978] [SEVERE ] placing card 22 in slot 5
[21:17:56.087] [SEVERE ] placing card 4 in slot 6
[21:17:56.195] [SEVERE ] placing card 71 in slot 7
[21:17:56.304] [SEVERE ] placing card 52 in slot 8
[21:17:56.310] [INFO   ] thread dealer terminated.
[21:18:01.312] [SEVERE ] thanks for playing... it was fun!
[21:18:01.312] [INFO   ] thread main terminated.
[21:18:01.313] [SEVERE ] disposing of user interface elements
