[10:15:14.993] [INFO   ] thread main starting.
[10:15:15.006] [SEVERE ] cannot read configuration file config.properties trying from resources.
[10:15:15.013] [SEVERE ] configuration file was loaded from resources directory.
[10:15:16.136] [INFO   ] thread dealer starting.
[10:15:16.148] [INFO   ] thread Thread-0 starting.
[10:15:16.148] [INFO   ] thread Thread-1 starting.
[10:15:16.148] [INFO   ] thread dealer starting.
[10:15:16.278] [SEVERE ] placing card 23 in slot 0
[10:15:16.389] [SEVERE ] placing card 51 in slot 1
[10:15:16.493] [SEVERE ] placing card 65 in slot 2
[10:15:16.604] [SEVERE ] placing card 50 in slot 3
[10:15:16.721] [SEVERE ] placing card 24 in slot 4
[10:15:16.822] [SEVERE ] placing card 52 in slot 5
[10:15:16.938] [SEVERE ] placing card 2 in slot 6
[10:15:17.052] [SEVERE ] placing card 78 in slot 7
[10:15:17.156] [SEVERE ] placing card 33 in slot 8
[10:15:17.256] [SEVERE ] placing card 1 in slot 9
[10:15:17.371] [SEVERE ] placing card 76 in slot 10
[10:15:17.472] [SEVERE ] placing card 18 in slot 11
[10:15:18.487] [SEVERE ] updating countdown to 59000
[10:15:19.155] [SEVERE ] key 65 was pressed by player 1
[10:15:19.487] [SEVERE ] updating countdown to 58000
[10:15:20.488] [SEVERE ] updating countdown to 57000
[10:15:21.489] [SEVERE ] updating countdown to 56000
[10:15:22.495] [SEVERE ] updating countdown to 55000
[10:15:23.497] [SEVERE ] updating countdown to 54000
[10:15:24.505] [SEVERE ] updating countdown to 53000
[10:15:25.513] [SEVERE ] updating countdown to 52000
[10:15:26.520] [SEVERE ] updating countdown to 51000
[10:15:27.538] [SEVERE ] updating countdown to 50000
[10:15:28.554] [SEVERE ] updating countdown to 49000
[10:15:29.558] [SEVERE ] updating countdown to 48000
[10:15:30.100] [SEVERE ] player 1 placing token on slot 4
[10:15:30.573] [SEVERE ] updating countdown to 47000
[10:15:31.574] [SEVERE ] updating countdown to 46000
[10:15:32.589] [SEVERE ] updating countdown to 45000
[10:15:33.590] [SEVERE ] updating countdown to 44000
[10:15:34.594] [SEVERE ] updating countdown to 43000
[10:15:35.596] [SEVERE ] updating countdown to 42000
[10:15:36.601] [SEVERE ] updating countdown to 41000
[10:15:37.623] [SEVERE ] updating countdown to 40000
[10:15:38.627] [SEVERE ] updating countdown to 39000
[10:15:39.636] [SEVERE ] updating countdown to 38000
[10:15:40.639] [SEVERE ] updating countdown to 37000
[10:15:41.654] [SEVERE ] updating countdown to 36000
