[10:29:07.067] [INFO   ] thread main starting.
[10:29:07.092] [SEVERE ] cannot read configuration file config.properties trying from resources.
[10:29:07.097] [SEVERE ] configuration file was loaded from resources directory.
[10:29:08.018] [INFO   ] thread dealer starting.
[10:29:08.036] [INFO   ] thread dealer starting.
[10:29:08.024] [INFO   ] thread Thread-1 starting.
[10:29:08.037] [INFO   ] thread Thread-2 starting.
[10:29:08.162] [SEVERE ] placing card 29 in slot 0
[10:29:08.277] [SEVERE ] placing card 40 in slot 1
[10:29:08.377] [SEVERE ] placing card 19 in slot 2
[10:29:08.479] [SEVERE ] placing card 10 in slot 3
[10:29:08.594] [SEVERE ] placing card 58 in slot 4
[10:29:08.695] [SEVERE ] placing card 42 in slot 5
[10:29:08.815] [SEVERE ] placing card 1 in slot 6
[10:29:08.916] [SEVERE ] placing card 70 in slot 7
[10:29:09.034] [SEVERE ] placing card 26 in slot 8
[10:29:09.145] [SEVERE ] placing card 79 in slot 9
[10:29:09.250] [SEVERE ] placing card 52 in slot 10
[10:29:09.361] [SEVERE ] placing card 28 in slot 11
[10:29:10.361] [SEVERE ] updating countdown to 59000
[10:29:11.004] [SEVERE ] key 81 was pressed by player 1
[10:29:11.004] [SEVERE ] player 1 placing token on slot 0
[10:29:11.222] [SEVERE ] key 87 was pressed by player 1
[10:29:11.224] [SEVERE ] player 1 placing token on slot 1
[10:29:11.378] [SEVERE ] updating countdown to 58000
[10:29:11.604] [SEVERE ] key 69 was pressed by player 1
[10:29:11.650] [SEVERE ] player 1 placing token on slot 2
[10:29:12.381] [SEVERE ] updating countdown to 57000
[10:29:12.382] [SEVERE ] removing player 1 token from slot 0
[10:29:12.493] [SEVERE ] removing card from slot 0
[10:29:12.493] [SEVERE ] removing player 1 token from slot 1
[10:29:12.615] [SEVERE ] removing card from slot 1
[10:29:12.615] [SEVERE ] removing player 1 token from slot 2
[10:29:12.730] [SEVERE ] removing card from slot 2
[10:29:12.830] [SEVERE ] placing card 67 in slot 0
[10:29:12.930] [SEVERE ] placing card 2 in slot 1
[10:29:13.030] [SEVERE ] placing card 0 in slot 2
[10:29:14.036] [SEVERE ] updating countdown to 56000
[10:29:14.968] [SEVERE ] exit button pressed
[10:29:14.968] [INFO   ] thread Thread-2 terminated.
[10:29:14.968] [INFO   ] thread Thread-1 terminated.
[10:29:15.046] [SEVERE ] updating countdown to 55000
[10:29:16.048] [SEVERE ] updating countdown to 54000
