[14:50:18.596] [INFO   ] thread main starting.
[14:50:18.617] [SEVERE ] cannot read configuration file config.properties trying from resources.
[14:50:18.617] [SEVERE ] configuration file was loaded from resources directory.
[14:50:19.361] [INFO   ] thread dealer starting.
[14:50:19.378] [INFO   ] thread dealer starting.
[14:50:19.378] [INFO   ] thread Thread-2 starting.
[14:50:19.378] [INFO   ] thread Thread-1 starting.
[14:50:19.493] [SEVERE ] placing card 36 in slot 0
[14:50:19.600] [SEVERE ] placing card 43 in slot 1
[14:50:19.711] [SEVERE ] placing card 64 in slot 2
[14:50:19.826] [SEVERE ] placing card 60 in slot 3
[14:50:19.928] [SEVERE ] placing card 77 in slot 4
[14:50:20.043] [SEVERE ] placing card 78 in slot 5
[14:50:20.146] [SEVERE ] placing card 70 in slot 6
[14:50:20.261] [SEVERE ] placing card 39 in slot 7
[14:50:20.371] [SEVERE ] placing card 18 in slot 8
[14:50:20.481] [SEVERE ] placing card 10 in slot 9
[14:50:20.590] [SEVERE ] placing card 21 in slot 10
[14:50:20.700] [SEVERE ] placing card 49 in slot 11
[14:50:21.705] [SEVERE ] updating countdown to 59000
[14:50:22.711] [SEVERE ] updating countdown to 58000
[14:50:22.823] [SEVERE ] key 81 was pressed by player 1
[14:50:22.823] [SEVERE ] player 1 placing token on slot 0
[14:50:23.720] [SEVERE ] updating countdown to 57000
[14:50:24.222] [SEVERE ] key 81 was pressed by player 1
[14:50:24.728] [SEVERE ] updating countdown to 56000
[14:50:25.740] [SEVERE ] updating countdown to 55000
[14:50:26.747] [SEVERE ] updating countdown to 54000
[14:50:27.769] [SEVERE ] updating countdown to 53000
[14:50:28.776] [SEVERE ] updating countdown to 52000
