[20:50:53.033] [INFO   ] thread main starting.
[20:50:53.045] [SEVERE ] cannot read configuration file config.properties trying from resources.
[20:50:53.045] [SEVERE ] configuration file was loaded from resources directory.
[20:50:53.587] [INFO   ] thread dealer starting.
[20:50:53.588] [INFO   ] thread player 0 starting.
[20:50:53.588] [INFO   ] thread player 1 starting.
[20:50:53.588] [INFO   ] thread dealer starting.
[20:50:53.597] [INFO   ] thread player 0 starting.
[20:50:53.597] [INFO   ] thread player 1 starting.
[20:50:53.708] [SEVERE ] placing card 1 in slot 0
[20:50:53.819] [SEVERE ] placing card 80 in slot 1
[20:50:53.931] [SEVERE ] placing card 18 in slot 2
[20:50:54.041] [SEVERE ] placing card 31 in slot 3
[20:50:54.154] [SEVERE ] placing card 7 in slot 4
[20:50:54.265] [SEVERE ] placing card 40 in slot 5
[20:50:54.377] [SEVERE ] placing card 32 in slot 6
[20:50:54.493] [SEVERE ] placing card 51 in slot 7
[20:50:54.605] [SEVERE ] placing card 28 in slot 8
[20:50:54.717] [SEVERE ] placing card 44 in slot 9
[20:50:54.828] [SEVERE ] placing card 4 in slot 10
[20:50:54.938] [SEVERE ] placing card 54 in slot 11
[20:50:55.384] [SEVERE ] key 65 was pressed by player 1
[20:50:55.391] [SEVERE ] player 1 placing token on slot 4
[20:50:55.622] [SEVERE ] key 83 was pressed by player 1
[20:50:55.622] [SEVERE ] player 1 placing token on slot 5
[20:50:55.893] [SEVERE ] key 68 was pressed by player 1
[20:50:55.893] [SEVERE ] player 1 placing token on slot 6
[20:50:55.893] [SEVERE ] setting player 1 freeze to 1000
[20:50:55.893] [SEVERE ] setting player 1 freeze to 0
[20:50:55.945] [SEVERE ] updating countdown to 59000
[20:50:56.951] [SEVERE ] updating countdown to 58000
[20:50:57.956] [SEVERE ] updating countdown to 57000
[20:50:58.959] [SEVERE ] updating countdown to 56000
[20:50:59.960] [SEVERE ] updating countdown to 55000
