[03:12:28.810] [INFO   ] thread main starting.
[03:12:28.814] [SEVERE ] cannot read configuration file config.properties trying from resources.
[03:12:28.814] [SEVERE ] configuration file was loaded from resources directory.
[03:12:29.367] [INFO   ] thread dealer starting.
[03:12:29.371] [INFO   ] thread dealer starting.
[03:12:29.491] [SEVERE ] placing card 39 in slot 0
[03:12:29.599] [SEVERE ] placing card 44 in slot 1
[03:12:29.705] [SEVERE ] placing card 78 in slot 2
[03:12:29.808] [SEVERE ] placing card 25 in slot 3
[03:12:29.922] [SEVERE ] placing card 30 in slot 4
[03:12:30.024] [SEVERE ] placing card 41 in slot 5
[03:12:30.127] [SEVERE ] placing card 3 in slot 6
[03:12:30.229] [SEVERE ] placing card 53 in slot 7
[03:12:30.332] [SEVERE ] placing card 66 in slot 8
[03:12:30.440] [SEVERE ] placing card 77 in slot 9
[03:12:30.540] [SEVERE ] placing card 4 in slot 10
[03:12:30.655] [SEVERE ] placing card 22 in slot 11
[03:12:31.657] [SEVERE ] updating countdown to 59000
[03:12:32.662] [SEVERE ] updating countdown to 58000
[03:12:33.420] [SEVERE ] key 81 was pressed by player 1
[03:12:33.670] [SEVERE ] updating countdown to 57000
[03:12:34.689] [SEVERE ] updating countdown to 56000
[03:12:35.691] [SEVERE ] updating countdown to 55000
