[14:41:01.603] [INFO   ] thread main starting.
[14:41:01.616] [SEVERE ] cannot read configuration file config.properties trying from resources.
[14:41:01.623] [SEVERE ] configuration file was loaded from resources directory.
[14:41:02.437] [INFO   ] thread dealer starting.
[14:41:02.437] [INFO   ] thread Thread-2 starting.
[14:41:02.437] [INFO   ] thread Thread-1 starting.
[14:41:02.441] [INFO   ] thread dealer starting.
[14:41:02.555] [SEVERE ] placing card 71 in slot 0
[14:41:02.669] [SEVERE ] placing card 59 in slot 1
[14:41:02.815] [SEVERE ] placing card 46 in slot 2
[14:41:02.923] [SEVERE ] placing card 11 in slot 3
[14:41:03.027] [SEVERE ] placing card 17 in slot 4
[14:41:03.134] [SEVERE ] placing card 48 in slot 5
[14:41:03.247] [SEVERE ] placing card 68 in slot 6
[14:41:03.365] [SEVERE ] placing card 28 in slot 7
[14:41:03.466] [SEVERE ] placing card 80 in slot 8
[14:41:03.580] [SEVERE ] placing card 65 in slot 9
[14:41:03.683] [SEVERE ] placing card 20 in slot 10
[14:41:03.783] [SEVERE ] placing card 58 in slot 11
[14:41:13.796] [SEVERE ] updating countdown to 59000
[14:41:19.392] [SEVERE ] key 65 was pressed by player 1
[14:41:23.810] [SEVERE ] updating countdown to 58000
[14:41:33.813] [SEVERE ] updating countdown to 57000
[14:41:43.827] [SEVERE ] updating countdown to 56000
[14:41:53.840] [SEVERE ] updating countdown to 55000
