[03:35:24.297] [INFO   ] thread main starting.
[03:35:24.307] [SEVERE ] cannot read configuration file config.properties trying from resources.
[03:35:24.307] [SEVERE ] configuration file was loaded from resources directory.
[03:35:24.878] [INFO   ] thread dealer starting.
[03:35:24.878] [INFO   ] thread Thread-0 starting.
[03:35:24.878] [INFO   ] thread Thread-1 starting.
[03:35:24.878] [INFO   ] thread dealer starting.
[03:35:24.995] [SEVERE ] placing card 33 in slot 0
[03:35:25.113] [SEVERE ] placing card 25 in slot 1
[03:35:25.215] [SEVERE ] placing card 62 in slot 2
[03:35:25.329] [SEVERE ] placing card 6 in slot 3
[03:35:25.445] [SEVERE ] placing card 52 in slot 4
[03:35:25.562] [SEVERE ] placing card 76 in slot 5
[03:35:25.678] [SEVERE ] placing card 43 in slot 6
[03:35:25.779] [SEVERE ] placing card 58 in slot 7
[03:35:25.883] [SEVERE ] placing card 74 in slot 8
[03:35:25.996] [SEVERE ] placing card 61 in slot 9
[03:35:26.112] [SEVERE ] placing card 55 in slot 10
[03:35:26.229] [SEVERE ] placing card 35 in slot 11
[03:35:26.865] [SEVERE ] key 81 was pressed by player 1
[03:35:26.865] [SEVERE ] player 1 placing token on slot 0
[03:35:27.236] [SEVERE ] updating countdown to 59000
[03:35:27.348] [SEVERE ] key 83 was pressed by player 1
[03:35:27.348] [SEVERE ] player 1 placing token on slot 5
[03:35:28.245] [SEVERE ] updating countdown to 58000
[03:35:28.277] [SEVERE ] key 87 was pressed by player 1
[03:35:28.277] [SEVERE ] player 1 placing token on slot 1
[03:35:29.248] [SEVERE ] updating countdown to 57000
[03:35:30.249] [SEVERE ] updating countdown to 56000
[03:35:31.264] [SEVERE ] updating countdown to 55000
[03:35:32.278] [SEVERE ] updating countdown to 54000
[03:35:33.281] [SEVERE ] updating countdown to 53000
[03:35:34.296] [SEVERE ] updating countdown to 52000
[03:35:35.311] [SEVERE ] updating countdown to 51000
