[03:13:56.487] [INFO   ] thread main starting.
[03:13:56.497] [SEVERE ] cannot read configuration file config.properties trying from resources.
[03:13:56.497] [SEVERE ] configuration file was loaded from resources directory.
[03:13:57.005] [INFO   ] thread dealer starting.
[03:13:57.006] [INFO   ] thread Thread-1 starting.
[03:13:57.006] [INFO   ] thread Thread-0 starting.
[03:13:57.006] [INFO   ] thread dealer starting.
[03:13:57.128] [SEVERE ] placing card 61 in slot 0
[03:13:57.230] [SEVERE ] placing card 60 in slot 1
[03:13:57.346] [SEVERE ] placing card 53 in slot 2
[03:13:57.448] [SEVERE ] placing card 13 in slot 3
[03:13:57.554] [SEVERE ] placing card 39 in slot 4
[03:13:57.663] [SEVERE ] placing card 47 in slot 5
[03:13:57.766] [SEVERE ] placing card 67 in slot 6
[03:13:57.868] [SEVERE ] placing card 78 in slot 7
[03:13:57.979] [SEVERE ] placing card 29 in slot 8
[03:13:58.082] [SEVERE ] placing card 48 in slot 9
[03:13:58.196] [SEVERE ] placing card 34 in slot 10
[03:13:58.302] [SEVERE ] placing card 27 in slot 11
[03:13:59.314] [SEVERE ] updating countdown to 59000
[03:14:00.320] [SEVERE ] updating countdown to 58000
[03:14:01.324] [SEVERE ] updating countdown to 57000
[03:14:02.327] [SEVERE ] updating countdown to 56000
[03:14:03.329] [SEVERE ] updating countdown to 55000
[03:14:04.332] [SEVERE ] updating countdown to 54000
[03:14:05.346] [SEVERE ] updating countdown to 53000
[03:14:06.360] [SEVERE ] updating countdown to 52000
[03:14:06.964] [SEVERE ] key 81 was pressed by player 1
[03:14:07.364] [SEVERE ] updating countdown to 51000
[03:14:08.376] [SEVERE ] updating countdown to 50000
[03:14:09.389] [SEVERE ] updating countdown to 49000
[03:14:10.392] [SEVERE ] updating countdown to 48000
[03:14:11.400] [SEVERE ] updating countdown to 47000
[03:14:12.411] [SEVERE ] updating countdown to 46000
[03:14:13.413] [SEVERE ] updating countdown to 45000
[03:14:14.418] [SEVERE ] updating countdown to 44000
[03:14:15.433] [SEVERE ] updating countdown to 43000
[03:14:16.441] [SEVERE ] updating countdown to 42000
[03:14:17.452] [SEVERE ] updating countdown to 41000
[03:14:18.460] [SEVERE ] updating countdown to 40000
[03:14:19.477] [SEVERE ] updating countdown to 39000
[03:14:20.481] [SEVERE ] updating countdown to 38000
[03:14:21.492] [SEVERE ] updating countdown to 37000
[03:14:22.507] [SEVERE ] updating countdown to 36000
[03:14:23.512] [SEVERE ] updating countdown to 35000
[03:14:24.514] [SEVERE ] updating countdown to 34000
[03:14:25.517] [SEVERE ] updating countdown to 33000
[03:14:26.532] [SEVERE ] updating countdown to 32000
[03:14:27.547] [SEVERE ] updating countdown to 31000
[03:14:28.554] [SEVERE ] updating countdown to 30000
[03:14:29.556] [SEVERE ] updating countdown to 29000
[03:14:30.557] [SEVERE ] updating countdown to 28000
[03:14:31.569] [SEVERE ] updating countdown to 27000
[03:14:32.572] [SEVERE ] updating countdown to 26000
[03:14:33.573] [SEVERE ] updating countdown to 25000
[03:14:34.574] [SEVERE ] updating countdown to 24000
[03:14:35.581] [SEVERE ] updating countdown to 23000
[03:14:36.586] [SEVERE ] updating countdown to 22000
[03:14:37.588] [SEVERE ] updating countdown to 21000
[03:14:38.589] [SEVERE ] updating countdown to 20000
[03:14:39.607] [SEVERE ] updating countdown to 19000
[03:14:40.621] [SEVERE ] updating countdown to 18000
[03:14:41.632] [SEVERE ] updating countdown to 17000
[03:14:42.636] [SEVERE ] updating countdown to 16000
[03:14:43.647] [SEVERE ] updating countdown to 15000
[03:14:44.653] [SEVERE ] updating countdown to 14000
[03:14:45.660] [SEVERE ] updating countdown to 13000
[03:14:46.673] [SEVERE ] updating countdown to 12000
[03:14:47.677] [SEVERE ] updating countdown to 11000
[03:14:48.680] [SEVERE ] updating countdown to 10000
[03:14:49.684] [SEVERE ] updating countdown to 9000
[03:14:50.688] [SEVERE ] updating countdown to 8000
[03:14:51.689] [SEVERE ] updating countdown to 7000
[03:14:52.692] [SEVERE ] updating countdown to 6000
[03:14:53.696] [SEVERE ] updating countdown to 5000
[03:14:54.697] [SEVERE ] updating countdown to 4000
[03:14:55.705] [SEVERE ] updating countdown to 3000
[03:14:56.719] [SEVERE ] updating countdown to 2000
[03:14:57.723] [SEVERE ] updating countdown to 1000
[03:14:58.842] [SEVERE ] removing card from slot 0
[03:14:58.954] [SEVERE ] removing card from slot 1
[03:14:59.055] [SEVERE ] removing card from slot 2
[03:14:59.161] [SEVERE ] removing card from slot 3
[03:14:59.269] [SEVERE ] removing card from slot 4
[03:14:59.373] [SEVERE ] removing card from slot 5
[03:14:59.474] [SEVERE ] removing card from slot 6
[03:14:59.586] [SEVERE ] removing card from slot 7
[03:14:59.703] [SEVERE ] removing card from slot 8
[03:14:59.805] [SEVERE ] removing card from slot 9
[03:14:59.908] [SEVERE ] removing card from slot 10
[03:15:00.021] [SEVERE ] removing card from slot 11
[03:15:00.132] [SEVERE ] placing card 58 in slot 0
[03:15:00.132] [INFO   ] thread dealer terminated.
[03:15:05.140] [SEVERE ] thanks for playing... it was fun!
[03:15:05.140] [INFO   ] thread main terminated.
[03:15:05.140] [SEVERE ] disposing of user interface elements
