[03:13:14.577] [INFO   ] thread main starting.
[03:13:14.578] [SEVERE ] cannot read configuration file config.properties trying from resources.
[03:13:14.586] [SEVERE ] configuration file was loaded from resources directory.
[03:13:15.086] [INFO   ] thread dealer starting.
[03:13:15.086] [INFO   ] thread Thread-1 starting.
[03:13:15.088] [INFO   ] thread dealer starting.
[03:13:15.086] [INFO   ] thread Thread-0 starting.
[03:13:15.199] [SEVERE ] placing card 54 in slot 0
[03:13:15.307] [SEVERE ] placing card 66 in slot 1
[03:13:15.419] [SEVERE ] placing card 55 in slot 2
[03:13:15.533] [SEVERE ] placing card 58 in slot 3
[03:13:15.642] [SEVERE ] placing card 37 in slot 4
[03:13:15.746] [SEVERE ] placing card 31 in slot 5
[03:13:15.849] [SEVERE ] placing card 70 in slot 6
[03:13:15.952] [SEVERE ] placing card 68 in slot 7
[03:13:16.066] [SEVERE ] placing card 14 in slot 8
[03:13:16.167] [SEVERE ] placing card 52 in slot 9
[03:13:16.268] [SEVERE ] placing card 59 in slot 10
[03:13:16.369] [SEVERE ] placing card 36 in slot 11
[03:13:17.382] [SEVERE ] updating countdown to 59000
[03:13:18.393] [SEVERE ] updating countdown to 58000
[03:13:19.395] [SEVERE ] updating countdown to 57000
[03:13:20.401] [SEVERE ] updating countdown to 56000
[03:13:21.416] [SEVERE ] updating countdown to 55000
[03:13:22.432] [SEVERE ] updating countdown to 54000
[03:13:23.434] [SEVERE ] updating countdown to 53000
[03:13:24.437] [SEVERE ] updating countdown to 52000
[03:13:25.442] [SEVERE ] updating countdown to 51000
[03:13:26.446] [SEVERE ] updating countdown to 50000
[03:13:27.452] [SEVERE ] updating countdown to 49000
[03:13:28.459] [SEVERE ] updating countdown to 48000
[03:13:29.465] [SEVERE ] updating countdown to 47000
[03:13:30.471] [SEVERE ] updating countdown to 46000
[03:13:31.486] [SEVERE ] updating countdown to 45000
[03:13:32.489] [SEVERE ] updating countdown to 44000
[03:13:32.617] [SEVERE ] key 81 was pressed by player 1
[03:13:33.497] [SEVERE ] updating countdown to 43000
[03:13:34.514] [SEVERE ] updating countdown to 42000
[03:13:35.530] [SEVERE ] updating countdown to 41000
[03:13:36.543] [SEVERE ] updating countdown to 40000
[03:13:37.546] [SEVERE ] updating countdown to 39000
[03:13:38.553] [SEVERE ] updating countdown to 38000
[03:13:39.564] [SEVERE ] updating countdown to 37000
[03:13:40.585] [SEVERE ] updating countdown to 36000
[03:13:41.596] [SEVERE ] updating countdown to 35000
[03:13:42.633] [SEVERE ] updating countdown to 34000
[03:13:43.649] [SEVERE ] updating countdown to 33000
[03:13:44.665] [SEVERE ] updating countdown to 32000
[03:13:45.675] [SEVERE ] updating countdown to 31000
[03:13:46.678] [SEVERE ] updating countdown to 30000
[03:13:47.713] [SEVERE ] updating countdown to 29000
[03:13:48.721] [SEVERE ] updating countdown to 28000
[03:13:49.730] [SEVERE ] updating countdown to 27000
[03:13:50.745] [SEVERE ] updating countdown to 26000
[03:13:51.746] [SEVERE ] updating countdown to 25000
