[10:10:42.324] [INFO   ] thread main starting.
[10:10:42.343] [SEVERE ] cannot read configuration file config.properties trying from resources.
[10:10:42.343] [SEVERE ] configuration file was loaded from resources directory.
[10:10:43.286] [INFO   ] thread dealer starting.
[10:10:43.290] [INFO   ] thread dealer starting.
[10:10:43.288] [INFO   ] thread Thread-0 starting.
[10:10:43.290] [INFO   ] thread Thread-1 starting.
[10:10:43.409] [SEVERE ] placing card 23 in slot 0
[10:10:43.523] [SEVERE ] placing card 52 in slot 1
[10:10:43.627] [SEVERE ] placing card 26 in slot 2
[10:10:43.739] [SEVERE ] placing card 71 in slot 3
[10:10:43.856] [SEVERE ] placing card 0 in slot 4
[10:10:43.960] [SEVERE ] placing card 61 in slot 5
[10:10:44.073] [SEVERE ] placing card 50 in slot 6
[10:10:44.176] [SEVERE ] placing card 20 in slot 7
[10:10:44.285] [SEVERE ] placing card 30 in slot 8
[10:10:44.397] [SEVERE ] placing card 65 in slot 9
[10:10:44.508] [SEVERE ] placing card 73 in slot 10
[10:10:44.619] [SEVERE ] placing card 25 in slot 11
[10:10:45.624] [SEVERE ] updating countdown to 59000
[10:10:46.114] [SEVERE ] key 81 was pressed by player 1
[10:10:46.637] [SEVERE ] updating countdown to 58000
[10:10:47.642] [SEVERE ] updating countdown to 57000
[10:10:48.656] [SEVERE ] updating countdown to 56000
[10:10:49.672] [SEVERE ] updating countdown to 55000
[10:10:50.689] [SEVERE ] updating countdown to 54000
[10:10:51.696] [SEVERE ] updating countdown to 53000
[10:10:51.899] [SEVERE ] player 1 placing token on slot 0
[10:10:52.707] [SEVERE ] updating countdown to 52000
[10:10:53.716] [SEVERE ] updating countdown to 51000
[10:10:54.224] [SEVERE ] key 87 was pressed by player 1
[10:10:54.728] [SEVERE ] updating countdown to 50000
[10:10:55.730] [SEVERE ] updating countdown to 49000
[10:10:56.738] [SEVERE ] updating countdown to 48000
[10:10:57.745] [SEVERE ] updating countdown to 47000
[10:10:58.748] [SEVERE ] updating countdown to 46000
[10:10:59.754] [SEVERE ] updating countdown to 45000
[10:11:00.754] [SEVERE ] updating countdown to 44000
[10:11:01.770] [SEVERE ] updating countdown to 43000
[10:11:02.785] [SEVERE ] updating countdown to 42000
[10:11:03.786] [SEVERE ] updating countdown to 41000
[10:11:04.801] [SEVERE ] updating countdown to 40000
[10:11:05.806] [SEVERE ] updating countdown to 39000
[10:11:06.816] [SEVERE ] updating countdown to 38000
[10:11:07.820] [SEVERE ] updating countdown to 37000
[10:11:08.822] [SEVERE ] updating countdown to 36000
[10:11:09.827] [SEVERE ] updating countdown to 35000
[10:11:10.830] [SEVERE ] updating countdown to 34000
[10:11:11.834] [SEVERE ] updating countdown to 33000
[10:11:12.837] [SEVERE ] updating countdown to 32000
