[03:28:11.878] [INFO   ] thread main starting.
[03:28:11.883] [SEVERE ] cannot read configuration file config.properties trying from resources.
[03:28:11.886] [SEVERE ] configuration file was loaded from resources directory.
[03:28:12.336] [INFO   ] thread dealer starting.
[03:28:12.337] [INFO   ] thread Thread-1 starting.
[03:28:12.337] [INFO   ] thread Thread-0 starting.
[03:28:12.337] [INFO   ] thread dealer starting.
[03:28:12.451] [SEVERE ] placing card 73 in slot 0
[03:28:12.561] [SEVERE ] placing card 36 in slot 1
[03:28:12.670] [SEVERE ] placing card 40 in slot 2
[03:28:12.778] [SEVERE ] placing card 75 in slot 3
[03:28:12.889] [SEVERE ] placing card 76 in slot 4
[03:28:12.998] [SEVERE ] placing card 41 in slot 5
[03:28:13.108] [SEVERE ] placing card 50 in slot 6
[03:28:13.220] [SEVERE ] placing card 71 in slot 7
[03:28:13.330] [SEVERE ] placing card 70 in slot 8
[03:28:13.438] [SEVERE ] placing card 15 in slot 9
[03:28:13.549] [SEVERE ] placing card 74 in slot 10
[03:28:13.660] [SEVERE ] placing card 26 in slot 11
[03:28:13.810] [SEVERE ] key 81 was pressed by player 1
[03:28:13.810] [SEVERE ] player 1 placing token on slot 0
[03:28:14.229] [SEVERE ] key 83 was pressed by player 1
[03:28:14.230] [SEVERE ] player 1 placing token on slot 5
[03:28:14.665] [SEVERE ] updating countdown to 59000
[03:28:15.360] [SEVERE ] key 68 was pressed by player 1
[03:28:15.361] [SEVERE ] player 1 placing token on slot 6
[03:28:15.361] [SEVERE ] setting player 1 freeze to 3000
[03:28:15.668] [SEVERE ] updating countdown to 58000
[03:28:16.672] [SEVERE ] updating countdown to 57000
[03:28:17.676] [SEVERE ] updating countdown to 56000
[03:28:18.683] [SEVERE ] updating countdown to 55000
[03:28:19.701] [SEVERE ] updating countdown to 54000
[03:28:20.703] [SEVERE ] updating countdown to 53000
