[19:34:19.432] [INFO   ] thread main starting.
[19:34:19.444] [SEVERE ] cannot read configuration file config.properties trying from resources.
[19:34:19.447] [SEVERE ] configuration file was loaded from resources directory.
[19:34:20.201] [INFO   ] thread dealer starting.
[19:34:20.204] [INFO   ] thread player 0 starting.
[19:34:20.205] [INFO   ] thread player 1 starting.
[19:34:20.205] [INFO   ] thread dealer starting.
[19:34:20.205] [INFO   ] thread player 1 starting.
[19:34:20.206] [INFO   ] thread player 0 starting.
[19:34:20.325] [SEVERE ] placing card 35 in slot 0
[19:34:20.434] [SEVERE ] placing card 24 in slot 1
[19:34:20.544] [SEVERE ] placing card 70 in slot 2
[19:34:20.654] [SEVERE ] placing card 14 in slot 3
[19:34:20.762] [SEVERE ] placing card 8 in slot 4
[19:34:20.872] [SEVERE ] placing card 62 in slot 5
[19:34:20.982] [SEVERE ] placing card 78 in slot 6
[19:34:21.093] [SEVERE ] placing card 27 in slot 7
[19:34:21.203] [SEVERE ] placing card 4 in slot 8
[19:34:21.312] [SEVERE ] placing card 53 in slot 9
[19:34:21.421] [SEVERE ] placing card 44 in slot 10
[19:34:21.531] [SEVERE ] placing card 11 in slot 11
[19:34:22.016] [SEVERE ] key 81 was pressed by player 1
[19:34:22.018] [SEVERE ] player 1 placing token on slot 0
[19:34:22.206] [SEVERE ] key 87 was pressed by player 1
[19:34:22.208] [SEVERE ] player 1 placing token on slot 1
[19:34:22.423] [SEVERE ] key 69 was pressed by player 1
[19:34:22.424] [SEVERE ] player 1 placing token on slot 2
[19:34:22.545] [SEVERE ] updating countdown to 59000
[19:34:22.548] [SEVERE ] removing player 1 token from slot 0
[19:34:22.655] [SEVERE ] removing card from slot 0
[19:34:22.656] [SEVERE ] removing player 1 token from slot 1
[19:34:22.765] [SEVERE ] removing card from slot 1
[19:34:22.765] [SEVERE ] removing player 1 token from slot 2
[19:34:22.876] [SEVERE ] removing card from slot 2
[19:34:22.984] [SEVERE ] placing card 37 in slot 0
[19:34:23.095] [SEVERE ] placing card 22 in slot 1
[19:34:23.204] [SEVERE ] placing card 52 in slot 2
[19:34:24.218] [SEVERE ] updating countdown to 58000
[19:34:24.585] [SEVERE ] key 81 was pressed by player 1
[19:34:24.699] [SEVERE ] key 87 was pressed by player 1
[19:34:24.938] [SEVERE ] key 69 was pressed by player 1
[19:34:25.221] [SEVERE ] updating countdown to 57000
[19:34:26.235] [SEVERE ] updating countdown to 56000
[19:34:26.454] [SEVERE ] key 80 was pressed by player 2
[19:34:26.456] [SEVERE ] player 2 placing token on slot 3
[19:34:26.615] [SEVERE ] key 80 was pressed by player 2
[19:34:26.616] [SEVERE ] removing player 2 token from slot 3
[19:34:27.059] [SEVERE ] key 79 was pressed by player 2
[19:34:27.059] [SEVERE ] player 2 placing token on slot 2
[19:34:27.246] [SEVERE ] updating countdown to 55000
[19:34:27.301] [SEVERE ] key 80 was pressed by player 2
[19:34:27.303] [SEVERE ] player 2 placing token on slot 3
[19:34:27.839] [SEVERE ] key 79 was pressed by player 2
[19:34:27.842] [SEVERE ] removing player 2 token from slot 2
[19:34:28.262] [SEVERE ] updating countdown to 54000
[19:34:29.275] [SEVERE ] updating countdown to 53000
[19:34:29.330] [SEVERE ] key 80 was pressed by player 2
[19:34:29.333] [SEVERE ] removing player 2 token from slot 3
[19:34:29.514] [SEVERE ] key 73 was pressed by player 2
[19:34:29.515] [SEVERE ] player 2 placing token on slot 1
[19:34:29.849] [SEVERE ] key 79 was pressed by player 2
[19:34:29.851] [SEVERE ] player 2 placing token on slot 2
[19:34:30.057] [SEVERE ] key 80 was pressed by player 2
[19:34:30.059] [SEVERE ] player 2 placing token on slot 3
[19:34:30.060] [SEVERE ] setting player 2 freeze to 3000
[19:34:30.289] [SEVERE ] updating countdown to 52000
[19:34:31.072] [SEVERE ] setting player 2 freeze to 2000
[19:34:31.291] [SEVERE ] updating countdown to 51000
[19:34:32.087] [SEVERE ] setting player 2 freeze to 1000
[19:34:32.305] [SEVERE ] updating countdown to 50000
[19:34:33.319] [SEVERE ] updating countdown to 49000
[19:34:34.321] [SEVERE ] updating countdown to 48000
[19:34:34.955] [SEVERE ] key 73 was pressed by player 2
[19:34:34.957] [SEVERE ] removing player 2 token from slot 1
[19:34:35.289] [SEVERE ] key 79 was pressed by player 2
[19:34:35.291] [SEVERE ] removing player 2 token from slot 2
[19:34:35.335] [SEVERE ] updating countdown to 47000
[19:34:35.544] [SEVERE ] key 80 was pressed by player 2
[19:34:35.545] [SEVERE ] removing player 2 token from slot 3
[19:34:36.346] [SEVERE ] updating countdown to 46000
[19:34:37.008] [SEVERE ] key 75 was pressed by player 2
[19:34:37.010] [SEVERE ] player 2 placing token on slot 5
[19:34:37.362] [SEVERE ] updating countdown to 45000
[19:34:37.364] [SEVERE ] key 59 was pressed by player 2
[19:34:37.367] [SEVERE ] player 2 placing token on slot 7
[19:34:37.767] [SEVERE ] key 76 was pressed by player 2
[19:34:37.771] [SEVERE ] player 2 placing token on slot 6
[19:34:37.773] [SEVERE ] setting player 2 freeze to 3000
[19:34:38.366] [SEVERE ] updating countdown to 44000
[19:34:38.774] [SEVERE ] setting player 2 freeze to 2000
[19:34:39.036] [SEVERE ] key 75 was pressed by player 2
[19:34:39.382] [SEVERE ] updating countdown to 43000
[19:34:39.455] [SEVERE ] key 75 was pressed by player 2
[19:34:39.787] [SEVERE ] setting player 2 freeze to 1000
[19:34:39.929] [SEVERE ] key 76 was pressed by player 2
[19:34:40.153] [SEVERE ] key 59 was pressed by player 2
[19:34:40.395] [SEVERE ] updating countdown to 42000
[19:34:40.802] [SEVERE ] key 75 was pressed by player 2
[19:34:40.802] [SEVERE ] removing player 2 token from slot 5
[19:34:40.806] [SEVERE ] player 2 placing token on slot 5
[19:34:40.807] [SEVERE ] setting player 2 freeze to 3000
[19:34:41.397] [SEVERE ] updating countdown to 41000
[19:34:41.819] [SEVERE ] setting player 2 freeze to 2000
[19:34:42.018] [SEVERE ] key 75 was pressed by player 2
[19:34:42.398] [SEVERE ] updating countdown to 40000
[19:34:42.822] [SEVERE ] setting player 2 freeze to 1000
[19:34:43.401] [SEVERE ] updating countdown to 39000
[19:34:43.835] [SEVERE ] removing player 2 token from slot 6
[19:34:43.837] [SEVERE ] removing player 2 token from slot 7
[19:34:43.838] [SEVERE ] removing player 2 token from slot 5
[19:34:43.839] [SEVERE ] player 2 placing token on slot 5
[19:34:44.414] [SEVERE ] updating countdown to 38000
[19:34:45.426] [SEVERE ] updating countdown to 37000
[19:34:45.808] [SEVERE ] key 75 was pressed by player 2
[19:34:45.809] [SEVERE ] removing player 2 token from slot 5
[19:34:46.437] [SEVERE ] updating countdown to 36000
[19:34:46.995] [SEVERE ] key 69 was pressed by player 1
[19:34:47.447] [SEVERE ] updating countdown to 35000
[19:34:48.461] [SEVERE ] updating countdown to 34000
[19:34:49.473] [SEVERE ] updating countdown to 33000
[19:34:50.473] [SEVERE ] updating countdown to 32000
[19:34:51.487] [SEVERE ] updating countdown to 31000
[19:34:52.500] [SEVERE ] updating countdown to 30000
[19:34:53.513] [SEVERE ] updating countdown to 29000
