[19:32:18.210] [INFO   ] thread main starting.
[19:32:18.226] [SEVERE ] cannot read configuration file config.properties trying from resources.
[19:32:18.226] [SEVERE ] configuration file was loaded from resources directory.
[19:32:18.954] [INFO   ] thread dealer starting.
[19:32:18.972] [INFO   ] thread player 0 starting.
[19:32:18.975] [INFO   ] thread player 1 starting.
[19:32:18.975] [INFO   ] thread dealer starting.
[19:32:18.987] [INFO   ] thread player 0 starting.
[19:32:18.987] [INFO   ] thread player 1 starting.
[19:32:19.098] [SEVERE ] placing card 17 in slot 0
[19:32:19.210] [SEVERE ] placing card 43 in slot 1
[19:32:19.318] [SEVERE ] placing card 34 in slot 2
[19:32:19.429] [SEVERE ] placing card 31 in slot 3
[19:32:19.534] [SEVERE ] placing card 69 in slot 4
[19:32:19.646] [SEVERE ] placing card 39 in slot 5
[19:32:19.749] [SEVERE ] placing card 79 in slot 6
[19:32:19.858] [SEVERE ] placing card 53 in slot 7
[19:32:19.970] [SEVERE ] placing card 77 in slot 8
[19:32:20.081] [SEVERE ] placing card 15 in slot 9
[19:32:20.192] [SEVERE ] placing card 38 in slot 10
[19:32:20.302] [SEVERE ] placing card 27 in slot 11
[19:32:21.315] [SEVERE ] updating countdown to 59000
[19:32:22.330] [SEVERE ] updating countdown to 58000
[19:32:23.332] [SEVERE ] updating countdown to 57000
[19:32:24.333] [SEVERE ] updating countdown to 56000
[19:32:25.345] [SEVERE ] updating countdown to 55000
[19:32:26.346] [SEVERE ] updating countdown to 54000
[19:32:27.348] [SEVERE ] updating countdown to 53000
[19:32:28.358] [SEVERE ] updating countdown to 52000
[19:32:29.358] [SEVERE ] updating countdown to 51000
[19:32:30.366] [SEVERE ] updating countdown to 50000
[19:32:31.373] [SEVERE ] updating countdown to 49000
[19:32:32.320] [SEVERE ] key 81 was pressed by player 1
[19:32:32.320] [SEVERE ] player 1 placing token on slot 0
[19:32:32.377] [SEVERE ] updating countdown to 48000
[19:32:32.483] [SEVERE ] key 87 was pressed by player 1
[19:32:32.483] [SEVERE ] player 1 placing token on slot 1
[19:32:32.697] [SEVERE ] key 69 was pressed by player 1
[19:32:32.697] [SEVERE ] player 1 placing token on slot 2
[19:32:33.389] [SEVERE ] updating countdown to 47000
[19:32:33.392] [SEVERE ] removing player 1 token from slot 0
[19:32:33.499] [SEVERE ] removing card from slot 0
[19:32:33.499] [SEVERE ] removing player 1 token from slot 1
[19:32:33.610] [SEVERE ] removing card from slot 1
[19:32:33.610] [SEVERE ] removing player 1 token from slot 2
[19:32:33.720] [SEVERE ] removing card from slot 2
[19:32:33.831] [SEVERE ] placing card 36 in slot 0
[19:32:33.942] [SEVERE ] placing card 21 in slot 1
[19:32:34.052] [SEVERE ] placing card 60 in slot 2
[19:32:35.068] [SEVERE ] updating countdown to 46000
[19:32:36.079] [SEVERE ] updating countdown to 45000
[19:32:36.506] [SEVERE ] key 80 was pressed by player 2
[19:32:36.508] [SEVERE ] player 2 placing token on slot 3
[19:32:36.550] [SEVERE ] key 79 was pressed by player 2
[19:32:36.558] [SEVERE ] player 2 placing token on slot 2
[19:32:37.087] [SEVERE ] updating countdown to 44000
[19:32:37.138] [SEVERE ] key 74 was pressed by player 2
[19:32:37.140] [SEVERE ] player 2 placing token on slot 4
[19:32:38.098] [SEVERE ] updating countdown to 43000
[19:32:39.110] [SEVERE ] updating countdown to 42000
[19:32:40.123] [SEVERE ] updating countdown to 41000
[19:32:41.126] [SEVERE ] updating countdown to 40000
[19:32:42.135] [SEVERE ] updating countdown to 39000
[19:32:43.142] [SEVERE ] updating countdown to 38000
[19:32:44.154] [SEVERE ] updating countdown to 37000
[19:32:45.166] [SEVERE ] updating countdown to 36000
[19:32:46.180] [SEVERE ] updating countdown to 35000
[19:32:47.196] [SEVERE ] updating countdown to 34000
[19:32:48.207] [SEVERE ] updating countdown to 33000
[19:32:49.221] [SEVERE ] updating countdown to 32000
[19:32:50.185] [SEVERE ] key 80 was pressed by player 2
[19:32:50.230] [SEVERE ] updating countdown to 31000
[19:32:50.280] [SEVERE ] key 79 was pressed by player 2
[19:32:50.776] [SEVERE ] key 80 was pressed by player 2
[19:32:50.922] [SEVERE ] key 79 was pressed by player 2
[19:32:51.245] [SEVERE ] updating countdown to 30000
[19:32:52.257] [SEVERE ] updating countdown to 29000
[19:32:53.262] [SEVERE ] updating countdown to 28000
[19:32:54.263] [SEVERE ] updating countdown to 27000
[19:32:55.268] [SEVERE ] updating countdown to 26000
[19:32:56.273] [SEVERE ] updating countdown to 25000
[19:32:57.284] [SEVERE ] updating countdown to 24000
[19:32:58.294] [SEVERE ] updating countdown to 23000
[19:32:59.296] [SEVERE ] updating countdown to 22000
[19:33:00.302] [SEVERE ] updating countdown to 21000
[19:33:01.312] [SEVERE ] updating countdown to 20000
[19:33:02.312] [SEVERE ] updating countdown to 19000
[19:33:03.325] [SEVERE ] updating countdown to 18000
[19:33:04.333] [SEVERE ] updating countdown to 17000
[19:33:05.335] [SEVERE ] updating countdown to 16000
[19:33:06.343] [SEVERE ] updating countdown to 15000
[19:33:07.348] [SEVERE ] updating countdown to 14000
[19:33:08.359] [SEVERE ] updating countdown to 13000
[19:33:09.360] [SEVERE ] updating countdown to 12000
[19:33:10.369] [SEVERE ] updating countdown to 11000
[19:33:11.376] [SEVERE ] updating countdown to 10000
[19:33:12.381] [SEVERE ] updating countdown to 9000
[19:33:13.393] [SEVERE ] updating countdown to 8000
[19:33:14.406] [SEVERE ] updating countdown to 7000
[19:33:15.422] [SEVERE ] updating countdown to 6000
[19:33:16.430] [SEVERE ] updating countdown to 5000
[19:33:17.439] [SEVERE ] updating countdown to 4000
[19:33:18.443] [SEVERE ] updating countdown to 3000
[19:33:19.445] [SEVERE ] updating countdown to 2000
[19:33:20.461] [SEVERE ] updating countdown to 1000
[19:33:21.568] [SEVERE ] removing card from slot 0
[19:33:21.671] [SEVERE ] removing card from slot 1
[19:33:21.781] [SEVERE ] removing card from slot 2
[19:33:21.891] [SEVERE ] removing card from slot 3
[19:33:22.002] [SEVERE ] removing card from slot 4
[19:33:22.107] [SEVERE ] removing card from slot 5
[19:33:22.208] [SEVERE ] removing card from slot 6
[19:33:22.318] [SEVERE ] removing card from slot 7
[19:33:22.431] [SEVERE ] removing card from slot 8
[19:33:22.542] [SEVERE ] removing card from slot 9
[19:33:22.653] [SEVERE ] removing card from slot 10
[19:33:22.763] [SEVERE ] removing card from slot 11
[19:33:22.866] [SEVERE ] placing card 12 in slot 0
[19:33:22.973] [SEVERE ] placing card 40 in slot 1
[19:33:23.093] [SEVERE ] placing card 19 in slot 2
[19:33:23.205] [SEVERE ] placing card 50 in slot 3
[19:33:23.208] [INFO   ] thread dealer terminated.
[19:33:28.209] [SEVERE ] thanks for playing... it was fun!
[19:33:28.209] [INFO   ] thread main terminated.
[19:33:28.209] [SEVERE ] disposing of user interface elements
