[03:23:30.772] [INFO   ] thread main starting.
[03:23:30.779] [SEVERE ] cannot read configuration file config.properties trying from resources.
[03:23:30.784] [SEVERE ] configuration file was loaded from resources directory.
[03:23:31.328] [INFO   ] thread dealer starting.
[03:23:31.328] [INFO   ] thread Thread-1 starting.
[03:23:31.328] [INFO   ] thread Thread-0 starting.
[03:23:31.329] [INFO   ] thread dealer starting.
[03:23:31.436] [SEVERE ] placing card 7 in slot 0
[03:23:31.542] [SEVERE ] placing card 30 in slot 1
[03:23:31.654] [SEVERE ] placing card 64 in slot 2
[03:23:31.770] [SEVERE ] placing card 62 in slot 3
[03:23:31.887] [SEVERE ] placing card 31 in slot 4
[03:23:32.003] [SEVERE ] placing card 44 in slot 5
[03:23:32.105] [SEVERE ] placing card 8 in slot 6
[03:23:32.206] [SEVERE ] placing card 16 in slot 7
[03:23:32.321] [SEVERE ] placing card 43 in slot 8
[03:23:32.437] [SEVERE ] placing card 6 in slot 9
[03:23:32.553] [SEVERE ] placing card 0 in slot 10
[03:23:32.654] [SEVERE ] placing card 26 in slot 11
[03:23:33.489] [SEVERE ] key 81 was pressed by player 1
[03:23:33.489] [SEVERE ] player 1 placing token on slot 0
[03:23:33.673] [SEVERE ] updating countdown to 59000
[03:23:34.687] [SEVERE ] updating countdown to 58000
[03:23:35.703] [SEVERE ] updating countdown to 57000
[03:23:36.704] [SEVERE ] updating countdown to 56000
[03:23:37.371] [SEVERE ] key 68 was pressed by player 1
[03:23:37.371] [SEVERE ] player 1 placing token on slot 6
[03:23:37.720] [SEVERE ] updating countdown to 55000
[03:23:38.735] [SEVERE ] updating countdown to 54000
[03:23:39.737] [SEVERE ] updating countdown to 53000
[03:23:40.122] [SEVERE ] key 67 was pressed by player 1
[03:23:40.122] [SEVERE ] player 1 placing token on slot 10
[03:23:40.122] [SEVERE ] setting player 1 freeze to 3000
[03:23:40.753] [SEVERE ] updating countdown to 52000
[03:23:41.769] [SEVERE ] updating countdown to 51000
[03:23:42.785] [SEVERE ] updating countdown to 50000
[03:23:43.303] [SEVERE ] key 44 was pressed by player 2
[03:23:43.303] [SEVERE ] player 2 placing token on slot 9
[03:23:43.553] [SEVERE ] key 77 was pressed by player 2
[03:23:43.553] [SEVERE ] player 2 placing token on slot 8
[03:23:43.802] [SEVERE ] updating countdown to 49000
[03:23:44.520] [SEVERE ] key 74 was pressed by player 2
[03:23:44.520] [SEVERE ] player 2 placing token on slot 4
[03:23:44.520] [SEVERE ] setting player 2 freeze to 3000
[03:23:44.818] [SEVERE ] updating countdown to 48000
[03:23:45.822] [SEVERE ] updating countdown to 47000
[03:23:46.835] [SEVERE ] updating countdown to 46000
[03:23:47.839] [SEVERE ] updating countdown to 45000
[03:23:48.852] [SEVERE ] updating countdown to 44000
[03:23:49.869] [SEVERE ] updating countdown to 43000
