[20:46:23.111] [INFO   ] thread main starting.
[20:46:23.121] [SEVERE ] cannot read configuration file config.properties trying from resources.
[20:46:23.124] [SEVERE ] configuration file was loaded from resources directory.
[20:46:23.643] [INFO   ] thread dealer starting.
[20:46:23.644] [INFO   ] thread player 0 starting.
[20:46:23.646] [INFO   ] thread player 1 starting.
[20:46:23.647] [INFO   ] thread dealer starting.
[20:46:23.654] [INFO   ] thread player 0 starting.
[20:46:23.654] [INFO   ] thread player 1 starting.
[20:46:23.764] [SEVERE ] placing card 9 in slot 0
[20:46:23.873] [SEVERE ] placing card 40 in slot 1
[20:46:23.982] [SEVERE ] placing card 11 in slot 2
[20:46:24.091] [SEVERE ] placing card 62 in slot 3
[20:46:24.199] [SEVERE ] placing card 76 in slot 4
[20:46:24.309] [SEVERE ] placing card 23 in slot 5
[20:46:24.417] [SEVERE ] placing card 15 in slot 6
[20:46:24.525] [SEVERE ] placing card 70 in slot 7
[20:46:24.633] [SEVERE ] placing card 20 in slot 8
[20:46:24.741] [SEVERE ] placing card 28 in slot 9
[20:46:24.850] [SEVERE ] placing card 31 in slot 10
[20:46:24.959] [SEVERE ] placing card 74 in slot 11
[20:46:25.974] [SEVERE ] updating countdown to 59000
[20:46:26.986] [SEVERE ] updating countdown to 58000
[20:46:27.997] [SEVERE ] updating countdown to 57000
[20:46:29.008] [SEVERE ] updating countdown to 56000
[20:46:30.018] [SEVERE ] updating countdown to 55000
[20:46:31.033] [SEVERE ] updating countdown to 54000
[20:46:32.045] [SEVERE ] updating countdown to 53000
[20:46:33.059] [SEVERE ] updating countdown to 52000
[20:46:34.066] [SEVERE ] updating countdown to 51000
[20:46:35.079] [SEVERE ] updating countdown to 50000
[20:46:36.090] [SEVERE ] updating countdown to 49000
[20:46:36.858] [SEVERE ] key 86 was pressed by player 1
[20:46:36.861] [SEVERE ] player 1 placing token on slot 11
[20:46:37.092] [SEVERE ] updating countdown to 48000
[20:46:37.873] [SEVERE ] key 68 was pressed by player 1
[20:46:37.875] [SEVERE ] player 1 placing token on slot 6
[20:46:38.108] [SEVERE ] updating countdown to 47000
[20:46:38.234] [SEVERE ] key 65 was pressed by player 1
[20:46:38.235] [SEVERE ] player 1 placing token on slot 4
[20:46:39.122] [SEVERE ] updating countdown to 46000
[20:46:39.246] [SEVERE ] setting player 2 freeze to 1
[20:46:40.135] [SEVERE ] updating countdown to 45000
[20:46:41.148] [SEVERE ] updating countdown to 44000
[20:46:42.079] [SEVERE ] exit button pressed
[20:46:42.161] [SEVERE ] updating countdown to 43000
[20:46:43.171] [SEVERE ] updating countdown to 42000
