[20:44:15.887] [INFO   ] thread main starting.
[20:44:15.898] [SEVERE ] cannot read configuration file config.properties trying from resources.
[20:44:15.898] [SEVERE ] configuration file was loaded from resources directory.
[20:44:16.454] [INFO   ] thread dealer starting.
[20:44:16.455] [INFO   ] thread player 0 starting.
[20:44:16.456] [INFO   ] thread player 1 starting.
[20:44:16.456] [INFO   ] thread player 0 starting.
[20:44:16.456] [INFO   ] thread player 1 starting.
[20:44:16.456] [INFO   ] thread dealer starting.
[20:44:16.574] [SEVERE ] placing card 1 in slot 0
[20:44:16.679] [SEVERE ] placing card 33 in slot 1
[20:44:16.791] [SEVERE ] placing card 78 in slot 2
[20:44:16.902] [SEVERE ] placing card 29 in slot 3
[20:44:17.014] [SEVERE ] placing card 49 in slot 4
[20:44:17.125] [SEVERE ] placing card 38 in slot 5
[20:44:17.236] [SEVERE ] placing card 2 in slot 6
[20:44:17.348] [SEVERE ] placing card 3 in slot 7
[20:44:17.458] [SEVERE ] placing card 72 in slot 8
[20:44:17.570] [SEVERE ] placing card 77 in slot 9
[20:44:17.681] [SEVERE ] placing card 24 in slot 10
[20:44:17.792] [SEVERE ] placing card 65 in slot 11
[20:44:18.799] [SEVERE ] updating countdown to 59000
[20:44:19.801] [SEVERE ] updating countdown to 58000
[20:44:20.806] [SEVERE ] updating countdown to 57000
[20:44:21.809] [SEVERE ] updating countdown to 56000
[20:44:22.814] [SEVERE ] updating countdown to 55000
[20:44:23.821] [SEVERE ] updating countdown to 54000
[20:44:24.825] [SEVERE ] updating countdown to 53000
[20:44:25.647] [SEVERE ] key 81 was pressed by player 1
[20:44:25.648] [SEVERE ] player 1 placing token on slot 0
[20:44:25.842] [SEVERE ] updating countdown to 52000
[20:44:26.008] [SEVERE ] key 87 was pressed by player 1
[20:44:26.008] [SEVERE ] player 1 placing token on slot 1
[20:44:26.549] [SEVERE ] key 69 was pressed by player 1
[20:44:26.557] [SEVERE ] player 1 placing token on slot 2
[20:44:26.852] [SEVERE ] updating countdown to 51000
[20:44:26.853] [SEVERE ] removing player 1 token from slot 0
[20:44:26.964] [SEVERE ] removing card from slot 0
[20:44:26.964] [SEVERE ] removing player 1 token from slot 1
[20:44:27.074] [SEVERE ] removing card from slot 1
[20:44:27.074] [SEVERE ] removing player 1 token from slot 2
[20:44:27.186] [SEVERE ] removing card from slot 2
[20:44:27.297] [SEVERE ] placing card 61 in slot 0
[20:44:27.410] [SEVERE ] placing card 41 in slot 1
[20:44:27.515] [SEVERE ] placing card 47 in slot 2
[20:44:27.559] [SEVERE ] setting player 2 freeze to 1
[20:44:28.516] [SEVERE ] updating countdown to 50000
[20:44:29.526] [SEVERE ] updating countdown to 49000
[20:44:30.528] [SEVERE ] updating countdown to 48000
[20:44:31.534] [SEVERE ] updating countdown to 47000
[20:44:32.538] [SEVERE ] updating countdown to 46000
[20:44:33.554] [SEVERE ] updating countdown to 45000
[20:44:34.557] [SEVERE ] updating countdown to 44000
[20:44:35.565] [SEVERE ] updating countdown to 43000
[20:44:36.566] [SEVERE ] updating countdown to 42000
[20:44:37.580] [SEVERE ] updating countdown to 41000
[20:44:38.590] [SEVERE ] updating countdown to 40000
[20:44:39.601] [SEVERE ] updating countdown to 39000
[20:44:40.602] [SEVERE ] updating countdown to 38000
[20:44:41.615] [SEVERE ] updating countdown to 37000
[20:44:42.630] [SEVERE ] updating countdown to 36000
[20:44:43.630] [SEVERE ] updating countdown to 35000
[20:44:44.631] [SEVERE ] updating countdown to 34000
[20:44:45.632] [SEVERE ] updating countdown to 33000
[20:44:46.636] [SEVERE ] updating countdown to 32000
[20:44:47.652] [SEVERE ] updating countdown to 31000
[20:44:48.655] [SEVERE ] updating countdown to 30000
[20:44:49.660] [SEVERE ] updating countdown to 29000
[20:44:50.661] [SEVERE ] updating countdown to 28000
[20:44:51.662] [SEVERE ] updating countdown to 27000
[20:44:52.677] [SEVERE ] updating countdown to 26000
[20:44:53.678] [SEVERE ] updating countdown to 25000
[20:44:54.680] [SEVERE ] updating countdown to 24000
[20:44:55.681] [SEVERE ] updating countdown to 23000
[20:44:56.684] [SEVERE ] updating countdown to 22000
[20:44:57.687] [SEVERE ] updating countdown to 21000
[20:44:58.692] [SEVERE ] updating countdown to 20000
[20:44:59.694] [SEVERE ] updating countdown to 19000
[20:45:00.709] [SEVERE ] updating countdown to 18000
[20:45:01.724] [SEVERE ] updating countdown to 17000
[20:45:02.725] [SEVERE ] updating countdown to 16000
[20:45:03.730] [SEVERE ] updating countdown to 15000
[20:45:04.745] [SEVERE ] updating countdown to 14000
[20:45:05.749] [SEVERE ] updating countdown to 13000
[20:45:06.751] [SEVERE ] updating countdown to 12000
[20:45:07.754] [SEVERE ] updating countdown to 11000
[20:45:08.769] [SEVERE ] updating countdown to 10000
[20:45:09.783] [SEVERE ] updating countdown to 9000
[20:45:10.791] [SEVERE ] updating countdown to 8000
[20:45:11.801] [SEVERE ] updating countdown to 7000
[20:45:12.806] [SEVERE ] updating countdown to 6000
[20:45:13.820] [SEVERE ] updating countdown to 5000
[20:45:14.826] [SEVERE ] updating countdown to 4000
[20:45:15.829] [SEVERE ] updating countdown to 3000
[20:45:16.831] [SEVERE ] updating countdown to 2000
[20:45:17.835] [SEVERE ] updating countdown to 1000
[20:45:18.953] [SEVERE ] removing card from slot 0
[20:45:19.067] [SEVERE ] removing card from slot 1
[20:45:19.179] [SEVERE ] removing card from slot 2
[20:45:19.291] [SEVERE ] removing card from slot 3
[20:45:19.401] [SEVERE ] removing card from slot 4
[20:45:19.516] [SEVERE ] removing card from slot 5
[20:45:19.627] [SEVERE ] removing card from slot 6
[20:45:19.740] [SEVERE ] removing card from slot 7
[20:45:19.853] [SEVERE ] removing card from slot 8
[20:45:19.968] [SEVERE ] removing card from slot 9
[20:45:20.080] [SEVERE ] removing card from slot 10
[20:45:20.191] [SEVERE ] removing card from slot 11
[20:45:20.303] [SEVERE ] placing card 40 in slot 0
[20:45:20.403] [SEVERE ] placing card 28 in slot 1
[20:45:20.516] [SEVERE ] placing card 50 in slot 2
[20:45:20.627] [SEVERE ] placing card 35 in slot 3
[20:45:20.739] [SEVERE ] placing card 66 in slot 4
[20:45:20.849] [SEVERE ] placing card 73 in slot 5
[20:45:20.950] [SEVERE ] placing card 6 in slot 6
[20:45:21.064] [SEVERE ] placing card 18 in slot 7
[20:45:21.175] [SEVERE ] placing card 32 in slot 8
[20:45:21.286] [SEVERE ] placing card 45 in slot 9
[20:45:21.397] [SEVERE ] placing card 79 in slot 10
[20:45:21.401] [INFO   ] thread dealer terminated.
[20:45:26.402] [SEVERE ] thanks for playing... it was fun!
[20:45:26.402] [INFO   ] thread main terminated.
[20:45:26.402] [SEVERE ] disposing of user interface elements
