[15:03:00.151] [INFO   ] thread main starting.
[15:03:00.163] [SEVERE ] cannot read configuration file config.properties trying from resources.
[15:03:00.166] [SEVERE ] configuration file was loaded from resources directory.
[15:03:01.133] [INFO   ] thread dealer starting.
[15:03:01.133] [INFO   ] thread Thread-1 starting.
[15:03:01.134] [INFO   ] thread Thread-2 starting.
[15:03:01.135] [INFO   ] thread dealer starting.
[15:03:01.273] [SEVERE ] placing card 2 in slot 0
[15:03:01.384] [SEVERE ] placing card 78 in slot 1
[15:03:01.493] [SEVERE ] placing card 69 in slot 2
[15:03:01.603] [SEVERE ] placing card 72 in slot 3
[15:03:01.713] [SEVERE ] placing card 42 in slot 4
[15:03:01.822] [SEVERE ] placing card 74 in slot 5
[15:03:01.932] [SEVERE ] placing card 30 in slot 6
[15:03:02.039] [SEVERE ] placing card 76 in slot 7
[15:03:02.147] [SEVERE ] placing card 45 in slot 8
[15:03:02.257] [SEVERE ] placing card 48 in slot 9
[15:03:02.368] [SEVERE ] placing card 25 in slot 10
[15:03:02.476] [SEVERE ] placing card 19 in slot 11
[15:03:07.369] [SEVERE ] updating countdown to 59000
[15:03:09.100] [SEVERE ] key 81 was pressed by player 1
[15:03:09.100] [SEVERE ] player 1 placing token on slot 0
[15:03:09.566] [SEVERE ] key 65 was pressed by player 1
[15:03:09.566] [SEVERE ] player 1 placing token on slot 4
[15:03:09.969] [SEVERE ] key 83 was pressed by player 1
[15:03:09.971] [SEVERE ] player 1 placing token on slot 5
