[14:44:34.555] [INFO   ] thread main starting.
[14:44:34.571] [SEVERE ] cannot read configuration file config.properties trying from resources.
[14:44:34.571] [SEVERE ] configuration file was loaded from resources directory.
[14:44:35.331] [INFO   ] thread dealer starting.
[14:44:35.333] [INFO   ] thread Thread-1 starting.
[14:44:35.334] [INFO   ] thread dealer starting.
[14:44:35.334] [INFO   ] thread Thread-2 starting.
[14:44:35.453] [SEVERE ] placing card 21 in slot 0
[14:44:35.554] [SEVERE ] placing card 2 in slot 1
[14:44:35.669] [SEVERE ] placing card 72 in slot 2
[14:44:35.769] [SEVERE ] placing card 62 in slot 3
[14:44:35.870] [SEVERE ] placing card 78 in slot 4
[14:44:35.971] [SEVERE ] placing card 58 in slot 5
[14:44:36.086] [SEVERE ] placing card 25 in slot 6
[14:44:36.187] [SEVERE ] placing card 31 in slot 7
[14:44:36.299] [SEVERE ] placing card 13 in slot 8
[14:44:36.410] [SEVERE ] placing card 52 in slot 9
[14:44:36.521] [SEVERE ] placing card 66 in slot 10
[14:44:36.632] [SEVERE ] placing card 40 in slot 11
[14:44:37.646] [SEVERE ] updating countdown to 59000
[14:44:38.152] [SEVERE ] key 81 was pressed by player 1
[14:44:38.152] [SEVERE ] player 1 placing token on slot 0
[14:44:38.659] [SEVERE ] updating countdown to 58000
[14:44:39.311] [SEVERE ] key 87 was pressed by player 1
[14:44:39.311] [SEVERE ] setting player 1 freeze to 3000
[14:44:39.659] [SEVERE ] updating countdown to 57000
[14:44:40.672] [SEVERE ] updating countdown to 56000
[14:44:41.684] [SEVERE ] updating countdown to 55000
[14:44:42.687] [SEVERE ] updating countdown to 54000
