[16:08:52.946] [INFO   ] thread main starting.
[16:08:52.958] [SEVERE ] cannot read configuration file config.properties trying from resources.
[16:08:52.970] [SEVERE ] configuration file was loaded from resources directory.
[16:08:53.911] [INFO   ] thread dealer starting.
[16:08:53.911] [INFO   ] thread dealer starting.
[16:08:54.039] [SEVERE ] placing card 17 in slot 0
[16:08:54.150] [SEVERE ] placing card 4 in slot 1
[16:08:54.260] [SEVERE ] placing card 12 in slot 2
[16:08:54.368] [SEVERE ] placing card 64 in slot 3
[16:08:54.478] [SEVERE ] placing card 63 in slot 4
[16:08:54.589] [SEVERE ] placing card 62 in slot 5
[16:08:54.700] [SEVERE ] placing card 3 in slot 6
[16:08:54.804] [SEVERE ] placing card 71 in slot 7
[16:08:54.907] [SEVERE ] placing card 54 in slot 8
[16:08:55.018] [SEVERE ] placing card 70 in slot 9
[16:08:55.129] [SEVERE ] placing card 40 in slot 10
[16:08:55.240] [SEVERE ] placing card 72 in slot 11
[16:08:56.255] [SEVERE ] updating countdown to 59000
[16:08:57.256] [SEVERE ] updating countdown to 58000
[16:08:57.288] [SEVERE ] key 81 was pressed by player 1
[16:08:57.539] [SEVERE ] key 87 was pressed by player 1
[16:08:58.265] [SEVERE ] updating countdown to 57000
[16:08:58.534] [SEVERE ] key 69 was pressed by player 1
[16:08:59.274] [SEVERE ] updating countdown to 56000
[16:08:59.908] [SEVERE ] key 81 was pressed by player 1
[16:09:00.161] [SEVERE ] key 87 was pressed by player 1
[16:09:00.287] [SEVERE ] updating countdown to 55000
[16:09:00.622] [SEVERE ] key 69 was pressed by player 1
[16:09:00.845] [SEVERE ] key 82 was pressed by player 1
[16:09:01.289] [SEVERE ] updating countdown to 54000
[16:09:02.299] [SEVERE ] updating countdown to 53000
[16:09:03.302] [SEVERE ] updating countdown to 52000
[16:09:04.303] [SEVERE ] updating countdown to 51000
[16:09:05.318] [SEVERE ] updating countdown to 50000
[16:09:06.333] [SEVERE ] updating countdown to 49000
[16:09:07.334] [SEVERE ] updating countdown to 48000
[16:09:08.350] [SEVERE ] updating countdown to 47000
[16:09:09.352] [SEVERE ] updating countdown to 46000
[16:09:10.366] [SEVERE ] updating countdown to 45000
[16:09:11.387] [SEVERE ] updating countdown to 44000
[16:09:12.401] [SEVERE ] updating countdown to 43000
[16:09:13.404] [SEVERE ] updating countdown to 42000
[16:09:14.404] [SEVERE ] updating countdown to 41000
[16:09:15.411] [SEVERE ] updating countdown to 40000
[16:09:16.412] [SEVERE ] updating countdown to 39000
[16:09:17.415] [SEVERE ] updating countdown to 38000
[16:09:18.418] [SEVERE ] updating countdown to 37000
[16:09:19.420] [SEVERE ] updating countdown to 36000
[16:09:20.423] [SEVERE ] updating countdown to 35000
[16:09:21.424] [SEVERE ] updating countdown to 34000
[16:09:22.427] [SEVERE ] updating countdown to 33000
[16:09:23.436] [SEVERE ] updating countdown to 32000
[16:09:24.444] [SEVERE ] updating countdown to 31000
[16:09:25.457] [SEVERE ] updating countdown to 30000
[16:09:26.469] [SEVERE ] updating countdown to 29000
[16:09:27.477] [SEVERE ] updating countdown to 28000
[16:09:28.481] [SEVERE ] updating countdown to 27000
[16:09:29.484] [SEVERE ] updating countdown to 26000
[16:09:30.488] [SEVERE ] updating countdown to 25000
[16:09:31.507] [SEVERE ] updating countdown to 24000
[16:09:32.516] [SEVERE ] updating countdown to 23000
[16:09:33.518] [SEVERE ] updating countdown to 22000
[16:09:34.523] [SEVERE ] updating countdown to 21000
[16:09:35.534] [SEVERE ] updating countdown to 20000
[16:09:36.540] [SEVERE ] updating countdown to 19000
[16:09:37.543] [SEVERE ] updating countdown to 18000
[16:09:38.547] [SEVERE ] updating countdown to 17000
[16:09:39.559] [SEVERE ] updating countdown to 16000
[16:09:40.569] [SEVERE ] updating countdown to 15000
[16:09:41.572] [SEVERE ] updating countdown to 14000
[16:09:42.578] [SEVERE ] updating countdown to 13000
[16:09:43.591] [SEVERE ] updating countdown to 12000
[16:09:44.596] [SEVERE ] updating countdown to 11000
[16:09:45.601] [SEVERE ] updating countdown to 10000
[16:09:46.606] [SEVERE ] updating countdown to 9000
[16:09:47.607] [SEVERE ] updating countdown to 8000
[16:09:48.613] [SEVERE ] updating countdown to 7000
[16:09:49.626] [SEVERE ] updating countdown to 6000
[16:09:50.632] [SEVERE ] updating countdown to 5000
[16:09:51.647] [SEVERE ] updating countdown to 4000
[16:09:52.662] [SEVERE ] updating countdown to 3000
[16:09:53.664] [SEVERE ] updating countdown to 2000
[16:09:54.665] [SEVERE ] updating countdown to 1000
[16:09:55.796] [SEVERE ] removing card from slot 0
[16:09:55.903] [SEVERE ] removing card from slot 1
[16:09:56.014] [SEVERE ] removing card from slot 2
[16:09:56.118] [SEVERE ] removing card from slot 3
[16:09:56.230] [SEVERE ] removing card from slot 4
[16:09:56.341] [SEVERE ] removing card from slot 5
[16:09:56.445] [SEVERE ] removing card from slot 6
[16:09:56.556] [SEVERE ] removing card from slot 7
[16:09:56.667] [SEVERE ] removing card from slot 8
[16:09:56.777] [SEVERE ] removing card from slot 9
[16:09:56.881] [SEVERE ] removing card from slot 10
[16:09:56.985] [SEVERE ] removing card from slot 11
[16:09:57.097] [SEVERE ] placing card 31 in slot 0
[16:09:57.200] [SEVERE ] placing card 29 in slot 1
[16:09:57.312] [SEVERE ] placing card 48 in slot 2
[16:09:57.425] [SEVERE ] placing card 30 in slot 3
[16:09:57.528] [SEVERE ] placing card 58 in slot 4
[16:09:57.531] [INFO   ] thread dealer terminated.
[16:10:02.536] [SEVERE ] thanks for playing... it was fun!
[16:10:02.537] [INFO   ] thread main terminated.
[16:10:02.537] [SEVERE ] disposing of user interface elements
