[21:00:57.154] [INFO   ] thread main starting.
[21:00:57.163] [SEVERE ] cannot read configuration file config.properties trying from resources.
[21:00:57.171] [SEVERE ] configuration file was loaded from resources directory.
[21:00:57.815] [INFO   ] thread dealer starting.
[21:00:57.815] [INFO   ] thread player 0 starting.
[21:00:57.816] [INFO   ] thread player 1 starting.
[21:00:57.818] [INFO   ] thread dealer starting.
[21:00:57.824] [INFO   ] thread player 1 starting.
[21:00:57.824] [INFO   ] thread player 0 starting.
[21:00:57.937] [SEVERE ] placing card 51 in slot 0
[21:00:58.050] [SEVERE ] placing card 34 in slot 1
[21:00:58.167] [SEVERE ] placing card 65 in slot 2
[21:00:58.272] [SEVERE ] placing card 23 in slot 3
[21:00:58.383] [SEVERE ] placing card 79 in slot 4
[21:00:58.500] [SEVERE ] placing card 4 in slot 5
[21:00:58.600] [SEVERE ] placing card 71 in slot 6
[21:00:58.713] [SEVERE ] placing card 12 in slot 7
[21:00:58.814] [SEVERE ] placing card 26 in slot 8
[21:00:58.925] [SEVERE ] placing card 18 in slot 9
[21:00:59.037] [SEVERE ] placing card 36 in slot 10
[21:00:59.149] [SEVERE ] placing card 1 in slot 11
[21:00:59.473] [SEVERE ] key 65 was pressed by player 1
[21:00:59.473] [SEVERE ] player 1 placing token on slot 4
[21:00:59.683] [SEVERE ] key 83 was pressed by player 1
[21:00:59.683] [SEVERE ] player 1 placing token on slot 5
[21:01:00.015] [SEVERE ] key 68 was pressed by player 1
[21:01:00.015] [SEVERE ] player 1 placing token on slot 6
[21:01:00.015] [SEVERE ] setting player 1 freeze to 3000
[21:01:00.015] [SEVERE ] setting player 1 freeze to 3000
[21:01:00.021] [SEVERE ] setting player 1 freeze to 3000
[21:01:00.021] [SEVERE ] setting player 1 freeze to 3000
[21:01:00.151] [SEVERE ] updating countdown to 59000
[21:01:01.154] [SEVERE ] updating countdown to 58000
[21:01:02.159] [SEVERE ] updating countdown to 57000
[21:01:03.170] [SEVERE ] updating countdown to 56000
