[03:05:09.222] [INFO   ] thread main starting.
[03:05:09.227] [SEVERE ] cannot read configuration file config.properties trying from resources.
[03:05:09.232] [SEVERE ] configuration file was loaded from resources directory.
[03:05:09.787] [INFO   ] thread dealer starting.
[03:05:09.789] [INFO   ] thread dealer starting.
[03:05:09.905] [SEVERE ] placing card 55 in slot 0
[03:05:10.014] [SEVERE ] placing card 76 in slot 1
[03:05:10.121] [SEVERE ] placing card 36 in slot 2
[03:05:10.231] [SEVERE ] placing card 69 in slot 3
[03:05:10.341] [SEVERE ] placing card 25 in slot 4
[03:05:10.450] [SEVERE ] placing card 41 in slot 5
[03:05:10.558] [SEVERE ] placing card 8 in slot 6
[03:05:10.666] [SEVERE ] placing card 62 in slot 7
[03:05:10.775] [SEVERE ] placing card 17 in slot 8
[03:05:10.884] [SEVERE ] placing card 43 in slot 9
[03:05:10.993] [SEVERE ] placing card 10 in slot 10
[03:05:11.100] [SEVERE ] placing card 28 in slot 11
[03:05:12.114] [SEVERE ] updating countdown to 59000
[03:05:13.121] [SEVERE ] updating countdown to 58000
[03:05:14.133] [SEVERE ] updating countdown to 57000
[03:05:15.148] [SEVERE ] updating countdown to 56000
[03:05:15.453] [INFO   ] thread Thread-1 starting.
[03:05:16.161] [SEVERE ] updating countdown to 55000
[03:05:17.171] [SEVERE ] updating countdown to 54000
[03:05:18.186] [SEVERE ] updating countdown to 53000
[03:05:19.192] [SEVERE ] updating countdown to 52000
[03:05:20.205] [SEVERE ] updating countdown to 51000
[03:05:21.221] [SEVERE ] updating countdown to 50000
[03:05:22.232] [SEVERE ] updating countdown to 49000
[03:05:23.236] [SEVERE ] updating countdown to 48000
[03:05:24.247] [SEVERE ] updating countdown to 47000
[03:05:25.255] [SEVERE ] updating countdown to 46000
[03:05:26.267] [SEVERE ] updating countdown to 45000
[03:05:26.702] [INFO   ] thread Thread-0 starting.
[03:05:27.274] [SEVERE ] updating countdown to 44000
[03:05:28.284] [SEVERE ] updating countdown to 43000
[03:05:29.295] [SEVERE ] updating countdown to 42000
[03:05:30.307] [SEVERE ] updating countdown to 41000
[03:05:31.317] [SEVERE ] updating countdown to 40000
[03:05:32.328] [SEVERE ] updating countdown to 39000
[03:05:33.337] [SEVERE ] updating countdown to 38000
[03:05:33.833] [SEVERE ] key 81 was pressed by player 1
[03:05:34.351] [SEVERE ] updating countdown to 37000
[03:05:35.362] [SEVERE ] updating countdown to 36000
[03:05:36.371] [SEVERE ] updating countdown to 35000
[03:05:37.382] [SEVERE ] updating countdown to 34000
[03:05:38.383] [SEVERE ] updating countdown to 33000
[03:05:39.395] [SEVERE ] updating countdown to 32000
[03:05:40.410] [SEVERE ] updating countdown to 31000
[03:05:41.424] [SEVERE ] updating countdown to 30000
[03:05:42.439] [SEVERE ] updating countdown to 29000
[03:05:43.453] [SEVERE ] updating countdown to 28000
