[03:27:15.255] [INFO   ] thread main starting.
[03:27:15.255] [SEVERE ] cannot read configuration file config.properties trying from resources.
[03:27:15.266] [SEVERE ] configuration file was loaded from resources directory.
[03:27:15.766] [INFO   ] thread dealer starting.
[03:27:15.766] [INFO   ] thread Thread-0 starting.
[03:27:15.766] [INFO   ] thread Thread-1 starting.
[03:27:15.766] [INFO   ] thread dealer starting.
[03:27:15.879] [SEVERE ] placing card 55 in slot 0
[03:27:15.993] [SEVERE ] placing card 34 in slot 1
[03:27:16.108] [SEVERE ] placing card 10 in slot 2
[03:27:16.224] [SEVERE ] placing card 61 in slot 3
[03:27:16.328] [SEVERE ] placing card 2 in slot 4
[03:27:16.432] [SEVERE ] placing card 73 in slot 5
[03:27:16.542] [SEVERE ] placing card 14 in slot 6
[03:27:16.657] [SEVERE ] placing card 57 in slot 7
[03:27:16.758] [SEVERE ] placing card 78 in slot 8
[03:27:16.859] [SEVERE ] placing card 48 in slot 9
[03:27:16.975] [SEVERE ] placing card 37 in slot 10
[03:27:17.042] [SEVERE ] key 81 was pressed by player 1
[03:27:17.042] [SEVERE ] player 1 placing token on slot 0
[03:27:17.091] [SEVERE ] placing card 38 in slot 11
[03:27:17.392] [SEVERE ] key 87 was pressed by player 1
[03:27:17.392] [SEVERE ] player 1 placing token on slot 1
[03:27:17.769] [SEVERE ] key 69 was pressed by player 1
[03:27:17.769] [SEVERE ] player 1 placing token on slot 2
[03:27:18.107] [SEVERE ] updating countdown to 59000
[03:27:18.107] [SEVERE ] removing player 1 token from slot 0
[03:27:18.225] [SEVERE ] removing card from slot 0
[03:27:18.227] [SEVERE ] removing player 1 token from slot 1
[03:27:18.340] [SEVERE ] removing card from slot 1
[03:27:18.341] [SEVERE ] removing player 1 token from slot 2
[03:27:18.443] [SEVERE ] removing card from slot 2
[03:27:18.554] [SEVERE ] placing card 58 in slot 0
[03:27:18.674] [SEVERE ] placing card 27 in slot 1
[03:27:18.775] [SEVERE ] placing card 18 in slot 2
[03:27:19.783] [SEVERE ] updating countdown to 58000
[03:27:19.783] [SEVERE ] removing player 1 token from slot 0
[03:27:19.894] [SEVERE ] removing card from slot 0
[03:27:19.894] [SEVERE ] removing player 1 token from slot 1
[03:27:20.007] [SEVERE ] removing card from slot 1
[03:27:20.007] [SEVERE ] removing player 1 token from slot 2
[03:27:20.124] [SEVERE ] removing card from slot 2
[03:27:20.242] [SEVERE ] placing card 45 in slot 0
[03:27:20.353] [SEVERE ] placing card 79 in slot 1
[03:27:20.457] [SEVERE ] placing card 54 in slot 2
[03:27:21.474] [SEVERE ] updating countdown to 57000
[03:27:21.474] [SEVERE ] removing player 1 token from slot 0
[03:27:21.589] [SEVERE ] removing card from slot 0
[03:27:21.589] [SEVERE ] removing player 1 token from slot 1
[03:27:21.699] [SEVERE ] removing card from slot 1
[03:27:21.699] [SEVERE ] removing player 1 token from slot 2
[03:27:21.808] [SEVERE ] removing card from slot 2
[03:27:21.923] [SEVERE ] placing card 32 in slot 0
[03:27:22.024] [SEVERE ] placing card 59 in slot 1
[03:27:22.139] [SEVERE ] placing card 49 in slot 2
[03:27:22.967] [SEVERE ] key 65 was pressed by player 1
[03:27:23.152] [SEVERE ] updating countdown to 56000
[03:27:23.152] [SEVERE ] removing player 1 token from slot 0
[03:27:23.261] [SEVERE ] removing card from slot 0
[03:27:23.261] [SEVERE ] removing player 1 token from slot 1
[03:27:23.371] [SEVERE ] removing card from slot 1
[03:27:23.371] [SEVERE ] removing player 1 token from slot 2
[03:27:23.408] [SEVERE ] key 83 was pressed by player 1
[03:27:23.474] [SEVERE ] removing card from slot 2
[03:27:23.588] [SEVERE ] placing card 52 in slot 0
[03:27:23.689] [SEVERE ] placing card 75 in slot 1
[03:27:23.689] [SEVERE ] key 68 was pressed by player 1
[03:27:23.791] [SEVERE ] placing card 26 in slot 2
[03:27:23.791] [SEVERE ] key 65 was pressed by player 1
[03:27:24.040] [SEVERE ] key 83 was pressed by player 1
[03:27:24.056] [SEVERE ] key 68 was pressed by player 1
[03:27:24.305] [SEVERE ] key 83 was pressed by player 1
[03:27:24.336] [SEVERE ] key 65 was pressed by player 1
[03:27:24.394] [SEVERE ] key 68 was pressed by player 1
[03:27:24.805] [SEVERE ] updating countdown to 55000
[03:27:24.805] [SEVERE ] removing player 1 token from slot 0
[03:27:24.915] [SEVERE ] removing card from slot 0
[03:27:24.915] [SEVERE ] removing player 1 token from slot 1
[03:27:25.022] [SEVERE ] removing card from slot 1
[03:27:25.022] [SEVERE ] removing player 1 token from slot 2
[03:27:25.123] [SEVERE ] removing card from slot 2
[03:27:25.241] [SEVERE ] placing card 53 in slot 0
[03:27:25.352] [SEVERE ] placing card 7 in slot 1
[03:27:25.456] [SEVERE ] placing card 70 in slot 2
[03:27:26.460] [SEVERE ] updating countdown to 54000
[03:27:26.460] [SEVERE ] removing player 1 token from slot 0
[03:27:26.575] [SEVERE ] removing card from slot 0
[03:27:26.576] [SEVERE ] removing player 1 token from slot 1
[03:27:26.677] [SEVERE ] removing card from slot 1
[03:27:26.678] [SEVERE ] removing player 1 token from slot 2
[03:27:26.793] [SEVERE ] removing card from slot 2
[03:27:26.903] [SEVERE ] placing card 76 in slot 0
[03:27:27.008] [SEVERE ] placing card 5 in slot 1
[03:27:27.120] [SEVERE ] placing card 15 in slot 2
