[15:05:16.814] [INFO   ] thread main starting.
[15:05:16.832] [SEVERE ] cannot read configuration file config.properties trying from resources.
[15:05:16.832] [SEVERE ] configuration file was loaded from resources directory.
[15:05:17.619] [INFO   ] thread dealer starting.
[15:05:17.620] [INFO   ] thread Thread-2 starting.
[15:05:17.619] [INFO   ] thread Thread-1 starting.
[15:05:17.620] [INFO   ] thread dealer starting.
[15:05:17.746] [SEVERE ] placing card 70 in slot 0
[15:05:17.848] [SEVERE ] placing card 28 in slot 1
[15:05:17.948] [SEVERE ] placing card 51 in slot 2
[15:05:18.048] [SEVERE ] placing card 25 in slot 3
[15:05:18.163] [SEVERE ] placing card 42 in slot 4
[15:05:18.263] [SEVERE ] placing card 41 in slot 5
[15:05:18.363] [SEVERE ] placing card 55 in slot 6
[15:05:18.463] [SEVERE ] placing card 32 in slot 7
[15:05:18.565] [SEVERE ] placing card 76 in slot 8
[15:05:18.675] [SEVERE ] placing card 56 in slot 9
[15:05:18.785] [SEVERE ] placing card 46 in slot 10
[15:05:18.895] [SEVERE ] placing card 69 in slot 11
[15:05:19.897] [SEVERE ] updating countdown to 59000
[15:05:20.769] [SEVERE ] key 65 was pressed by player 1
[15:05:20.771] [SEVERE ] player 1 placing token on slot 4
[15:05:20.899] [SEVERE ] updating countdown to 58000
[15:05:21.029] [SEVERE ] key 83 was pressed by player 1
[15:05:21.029] [SEVERE ] player 1 placing token on slot 5
[15:05:21.437] [SEVERE ] key 68 was pressed by player 1
[15:05:21.437] [SEVERE ] player 1 placing token on slot 6
[15:05:21.908] [SEVERE ] updating countdown to 57000
[15:05:22.912] [SEVERE ] updating countdown to 56000
[15:05:23.133] [SEVERE ] key 68 was pressed by player 1
[15:05:23.133] [SEVERE ] removing player 1 token from slot 6
[15:05:23.417] [SEVERE ] key 83 was pressed by player 1
[15:05:23.417] [SEVERE ] removing player 1 token from slot 5
[15:05:23.685] [SEVERE ] key 65 was pressed by player 1
[15:05:23.685] [SEVERE ] removing player 1 token from slot 4
[15:05:23.921] [SEVERE ] updating countdown to 55000
[15:05:24.192] [SEVERE ] key 65 was pressed by player 1
[15:05:24.192] [SEVERE ] player 1 placing token on slot 4
[15:05:24.391] [SEVERE ] key 81 was pressed by player 1
[15:05:24.391] [SEVERE ] player 1 placing token on slot 0
[15:05:24.644] [SEVERE ] key 87 was pressed by player 1
[15:05:24.644] [SEVERE ] player 1 placing token on slot 1
[15:05:24.928] [SEVERE ] updating countdown to 54000
[15:05:25.297] [SEVERE ] key 83 was pressed by player 1
[15:05:25.643] [SEVERE ] key 83 was pressed by player 1
[15:05:25.863] [SEVERE ] key 83 was pressed by player 1
[15:05:25.944] [SEVERE ] updating countdown to 53000
[15:05:26.466] [SEVERE ] key 65 was pressed by player 1
[15:05:26.466] [SEVERE ] removing player 1 token from slot 4
[15:05:26.767] [SEVERE ] key 81 was pressed by player 1
[15:05:26.767] [SEVERE ] removing player 1 token from slot 0
[15:05:26.958] [SEVERE ] updating countdown to 52000
[15:05:27.101] [SEVERE ] key 87 was pressed by player 1
[15:05:27.104] [SEVERE ] removing player 1 token from slot 1
[15:05:27.414] [SEVERE ] key 81 was pressed by player 1
[15:05:27.414] [SEVERE ] player 1 placing token on slot 0
[15:05:27.609] [SEVERE ] key 87 was pressed by player 1
[15:05:27.609] [SEVERE ] player 1 placing token on slot 1
[15:05:27.799] [SEVERE ] key 69 was pressed by player 1
[15:05:27.799] [SEVERE ] player 1 placing token on slot 2
[15:05:27.973] [SEVERE ] updating countdown to 51000
[15:05:27.974] [SEVERE ] removing player 1 token from slot 0
[15:05:28.084] [SEVERE ] removing card from slot 0
[15:05:28.084] [SEVERE ] removing player 1 token from slot 1
[15:05:28.196] [SEVERE ] removing card from slot 1
[15:05:28.196] [SEVERE ] removing player 1 token from slot 2
[15:05:28.306] [SEVERE ] removing card from slot 2
[15:05:28.417] [SEVERE ] placing card 6 in slot 0
[15:05:28.529] [SEVERE ] placing card 65 in slot 1
[15:05:28.640] [SEVERE ] placing card 39 in slot 2
[15:05:29.647] [SEVERE ] updating countdown to 50000
[15:05:30.655] [SEVERE ] updating countdown to 49000
