[19:55:47.813] [INFO   ] thread main starting.
[19:55:47.844] [SEVERE ] cannot read configuration file config.properties trying from resources.
[19:55:47.844] [SEVERE ] configuration file was loaded from resources directory.
[19:55:48.540] [INFO   ] thread dealer starting.
[19:55:48.551] [INFO   ] thread player 0 starting.
[19:55:48.551] [INFO   ] thread player 1 starting.
[19:55:48.553] [INFO   ] thread dealer starting.
[19:55:48.553] [INFO   ] thread player 0 starting.
[19:55:48.553] [INFO   ] thread player 1 starting.
[19:55:48.672] [SEVERE ] placing card 62 in slot 0
[19:55:48.784] [SEVERE ] placing card 9 in slot 1
[19:55:48.888] [SEVERE ] placing card 76 in slot 2
[19:55:48.993] [SEVERE ] placing card 66 in slot 3
[19:55:49.095] [SEVERE ] placing card 55 in slot 4
[19:55:49.204] [SEVERE ] placing card 44 in slot 5
[19:55:49.307] [SEVERE ] placing card 21 in slot 6
[19:55:49.423] [SEVERE ] placing card 43 in slot 7
[19:55:49.533] [SEVERE ] placing card 58 in slot 8
[19:55:49.642] [SEVERE ] placing card 10 in slot 9
[19:55:49.753] [SEVERE ] placing card 31 in slot 10
[19:55:49.863] [SEVERE ] placing card 56 in slot 11
[19:55:50.871] [SEVERE ] updating countdown to 59000
[19:55:51.218] [SEVERE ] key 81 was pressed by player 1
[19:55:51.295] [SEVERE ] key 87 was pressed by player 1
[19:55:51.872] [SEVERE ] updating countdown to 58000
[19:55:52.873] [SEVERE ] updating countdown to 57000
[19:55:53.877] [SEVERE ] updating countdown to 56000
[19:55:54.890] [SEVERE ] updating countdown to 55000
[19:55:55.900] [SEVERE ] updating countdown to 54000
[19:55:56.903] [SEVERE ] updating countdown to 53000
[19:55:57.914] [SEVERE ] updating countdown to 52000
[19:55:58.024] [SEVERE ] player 1 placing token on slot 0
[19:55:58.030] [SEVERE ] player 1 placing token on slot 1
[19:55:58.921] [SEVERE ] updating countdown to 51000
[19:55:59.923] [SEVERE ] updating countdown to 50000
[19:56:00.934] [SEVERE ] updating countdown to 49000
[19:56:01.940] [SEVERE ] updating countdown to 48000
[19:56:02.942] [SEVERE ] updating countdown to 47000
[19:56:03.814] [SEVERE ] key 82 was pressed by player 1
[19:56:03.814] [SEVERE ] player 1 placing token on slot 3
[19:56:03.829] [SEVERE ] setting player 1 freeze to 3000
[19:56:03.955] [SEVERE ] updating countdown to 46000
[19:56:04.830] [SEVERE ] setting player 1 freeze to 2000
[19:56:04.957] [SEVERE ] updating countdown to 45000
[19:56:05.836] [SEVERE ] setting player 1 freeze to 1000
[19:56:05.971] [SEVERE ] updating countdown to 44000
[19:56:06.977] [SEVERE ] updating countdown to 43000
[19:56:07.990] [SEVERE ] updating countdown to 42000
[19:56:08.994] [SEVERE ] updating countdown to 41000
[19:56:09.924] [SEVERE ] key 82 was pressed by player 1
[19:56:09.938] [SEVERE ] removing player 1 token from slot 3
[19:56:10.004] [SEVERE ] updating countdown to 40000
[19:56:10.475] [SEVERE ] key 69 was pressed by player 1
[19:56:10.476] [SEVERE ] player 1 placing token on slot 2
[19:56:11.011] [SEVERE ] updating countdown to 39000
[19:56:11.011] [SEVERE ] removing player 1 token from slot 0
[19:56:11.116] [SEVERE ] removing card from slot 0
[19:56:11.116] [SEVERE ] removing player 1 token from slot 1
[19:56:11.220] [SEVERE ] removing card from slot 1
[19:56:11.220] [SEVERE ] removing player 1 token from slot 2
[19:56:11.332] [SEVERE ] removing card from slot 2
[19:56:11.436] [SEVERE ] placing card 69 in slot 0
[19:56:11.548] [SEVERE ] placing card 25 in slot 1
[19:56:11.651] [SEVERE ] placing card 38 in slot 2
[19:56:12.461] [SEVERE ] key 69 was pressed by player 1
[19:56:12.654] [SEVERE ] updating countdown to 38000
[19:56:12.677] [SEVERE ] key 82 was pressed by player 1
[19:56:13.670] [SEVERE ] updating countdown to 37000
[19:56:14.683] [SEVERE ] updating countdown to 36000
[19:56:15.199] [SEVERE ] exit button pressed
[19:56:15.688] [SEVERE ] updating countdown to 35000
[19:56:16.702] [SEVERE ] updating countdown to 34000
[19:56:17.712] [SEVERE ] updating countdown to 33000
[19:56:18.719] [SEVERE ] updating countdown to 32000
[19:56:19.728] [SEVERE ] updating countdown to 31000
[19:56:20.736] [SEVERE ] updating countdown to 30000
[19:56:21.745] [SEVERE ] updating countdown to 29000
[19:56:22.754] [SEVERE ] updating countdown to 28000
[19:56:23.764] [SEVERE ] updating countdown to 27000
[19:56:24.765] [SEVERE ] updating countdown to 26000
