[08:12:06.964] [INFO   ] thread main starting.
[08:12:06.989] [SEVERE ] cannot read configuration file config.properties trying from resources.
[08:12:06.990] [SEVERE ] configuration file was loaded from resources directory.
[08:12:07.829] [INFO   ] thread dealer starting.
[08:12:07.829] [INFO   ] thread Thread-0 starting.
[08:12:07.836] [INFO   ] thread dealer starting.
[08:12:07.836] [INFO   ] thread Thread-1 starting.
[08:12:07.953] [SEVERE ] placing card 31 in slot 0
[08:12:08.053] [SEVERE ] placing card 59 in slot 1
[08:12:08.158] [SEVERE ] placing card 30 in slot 2
[08:12:08.268] [SEVERE ] placing card 22 in slot 3
[08:12:08.369] [SEVERE ] placing card 34 in slot 4
[08:12:08.471] [SEVERE ] placing card 29 in slot 5
[08:12:08.583] [SEVERE ] placing card 33 in slot 6
[08:12:08.685] [SEVERE ] placing card 44 in slot 7
[08:12:08.796] [SEVERE ] placing card 67 in slot 8
[08:12:08.906] [SEVERE ] placing card 9 in slot 9
[08:12:09.016] [SEVERE ] placing card 54 in slot 10
[08:12:09.127] [SEVERE ] placing card 46 in slot 11
[08:12:10.136] [SEVERE ] updating countdown to 59000
[08:12:11.152] [SEVERE ] updating countdown to 58000
[08:12:12.160] [SEVERE ] updating countdown to 57000
[08:12:13.172] [SEVERE ] updating countdown to 56000
[08:12:14.179] [SEVERE ] updating countdown to 55000
[08:12:15.183] [SEVERE ] updating countdown to 54000
[08:12:16.189] [SEVERE ] updating countdown to 53000
[08:12:16.739] [SEVERE ] key 81 was pressed by player 1
[08:12:16.739] [SEVERE ] player 1 placing token on slot 0
[08:12:17.132] [SEVERE ] key 87 was pressed by player 1
[08:12:17.132] [SEVERE ] player 1 placing token on slot 1
[08:12:17.195] [SEVERE ] updating countdown to 52000
[08:12:17.573] [SEVERE ] key 69 was pressed by player 1
[08:12:17.573] [SEVERE ] player 1 placing token on slot 2
[08:12:18.196] [SEVERE ] updating countdown to 51000
[08:12:18.196] [SEVERE ] removing player 1 token from slot 0
[08:12:18.306] [SEVERE ] removing card from slot 0
[08:12:18.306] [SEVERE ] removing player 1 token from slot 1
[08:12:18.416] [SEVERE ] removing card from slot 1
[08:12:18.416] [SEVERE ] removing player 1 token from slot 2
[08:12:18.526] [SEVERE ] removing card from slot 2
[08:12:18.630] [SEVERE ] placing card 16 in slot 0
[08:12:18.735] [SEVERE ] placing card 35 in slot 1
[08:12:18.845] [SEVERE ] placing card 4 in slot 2
