[18:24:49.004] [INFO   ] thread main starting.
[18:24:49.009] [SEVERE ] cannot read configuration file config.properties trying from resources.
[18:24:49.019] [SEVERE ] configuration file was loaded from resources directory.
[18:24:49.725] [INFO   ] thread dealer starting.
[18:24:49.725] [INFO   ] thread player 0 starting.
[18:24:49.728] [INFO   ] thread player 1 starting.
[18:24:49.728] [INFO   ] thread dealer starting.
[18:24:49.853] [SEVERE ] placing card 78 in slot 0
[18:24:49.956] [SEVERE ] placing card 7 in slot 1
[18:24:50.071] [SEVERE ] placing card 61 in slot 2
[18:24:50.186] [SEVERE ] placing card 77 in slot 3
[18:24:50.289] [SEVERE ] placing card 52 in slot 4
[18:24:50.390] [SEVERE ] placing card 35 in slot 5
[18:24:50.506] [SEVERE ] placing card 23 in slot 6
[18:24:50.611] [SEVERE ] placing card 33 in slot 7
[18:24:50.714] [SEVERE ] placing card 54 in slot 8
[18:24:50.824] [SEVERE ] placing card 41 in slot 9
[18:24:50.935] [SEVERE ] placing card 20 in slot 10
[18:24:51.046] [SEVERE ] placing card 12 in slot 11
[18:24:51.393] [SEVERE ] key 81 was pressed by player 1
[18:24:51.871] [SEVERE ] key 87 was pressed by player 1
[18:24:52.057] [SEVERE ] updating countdown to 59000
[18:24:52.073] [SEVERE ] key 81 was pressed by player 1
[18:24:52.329] [SEVERE ] key 87 was pressed by player 1
[18:24:52.599] [SEVERE ] key 69 was pressed by player 1
[18:24:52.815] [SEVERE ] key 81 was pressed by player 1
[18:24:52.830] [SEVERE ] key 69 was pressed by player 1
[18:24:53.065] [SEVERE ] updating countdown to 58000
[18:24:53.116] [SEVERE ] key 87 was pressed by player 1
[18:24:53.295] [SEVERE ] key 81 was pressed by player 1
[18:24:53.306] [SEVERE ] key 87 was pressed by player 1
[18:24:53.556] [SEVERE ] key 69 was pressed by player 1
[18:24:53.777] [SEVERE ] key 81 was pressed by player 1
[18:24:53.839] [SEVERE ] key 87 was pressed by player 1
[18:24:54.057] [SEVERE ] key 81 was pressed by player 1
[18:24:54.076] [SEVERE ] updating countdown to 57000
[18:24:54.133] [SEVERE ] key 69 was pressed by player 1
[18:24:54.321] [SEVERE ] key 81 was pressed by player 1
[18:24:54.387] [SEVERE ] key 69 was pressed by player 1
[18:24:54.568] [SEVERE ] key 81 was pressed by player 1
[18:24:54.604] [SEVERE ] key 69 was pressed by player 1
[18:24:54.805] [SEVERE ] key 69 was pressed by player 1
[18:24:54.821] [SEVERE ] key 81 was pressed by player 1
[18:24:55.090] [SEVERE ] updating countdown to 56000
[18:24:56.102] [SEVERE ] updating countdown to 55000
[18:24:57.113] [SEVERE ] updating countdown to 54000
[18:24:58.126] [SEVERE ] updating countdown to 53000
[18:24:58.552] [SEVERE ] exit button pressed
[18:24:59.140] [SEVERE ] updating countdown to 52000
[18:25:00.151] [SEVERE ] updating countdown to 51000
[18:25:01.155] [SEVERE ] updating countdown to 50000
[18:25:02.171] [SEVERE ] updating countdown to 49000
[18:25:03.186] [SEVERE ] updating countdown to 48000
[18:25:04.192] [SEVERE ] updating countdown to 47000
[18:25:05.197] [SEVERE ] updating countdown to 46000
[18:25:06.197] [SEVERE ] updating countdown to 45000
[18:25:07.204] [SEVERE ] updating countdown to 44000
[18:25:08.207] [SEVERE ] updating countdown to 43000
[18:25:09.220] [SEVERE ] updating countdown to 42000
[18:25:10.221] [SEVERE ] updating countdown to 41000
[18:25:11.234] [SEVERE ] updating countdown to 40000
[18:25:12.238] [SEVERE ] updating countdown to 39000
[18:25:13.242] [SEVERE ] updating countdown to 38000
[18:25:14.246] [SEVERE ] updating countdown to 37000
[18:25:15.253] [SEVERE ] updating countdown to 36000
[18:25:16.254] [SEVERE ] updating countdown to 35000
[18:25:17.269] [SEVERE ] updating countdown to 34000
[18:25:18.283] [SEVERE ] updating countdown to 33000
[18:25:19.288] [SEVERE ] updating countdown to 32000
[18:25:20.302] [SEVERE ] updating countdown to 31000
[18:25:21.308] [SEVERE ] updating countdown to 30000
[18:25:22.322] [SEVERE ] updating countdown to 29000
[18:25:23.337] [SEVERE ] updating countdown to 28000
[18:25:24.349] [SEVERE ] updating countdown to 27000
[18:25:25.363] [SEVERE ] updating countdown to 26000
[18:25:26.366] [SEVERE ] updating countdown to 25000
[18:25:27.368] [SEVERE ] updating countdown to 24000
[18:25:28.380] [SEVERE ] updating countdown to 23000
[18:25:29.382] [SEVERE ] updating countdown to 22000
[18:25:30.398] [SEVERE ] updating countdown to 21000
[18:25:31.411] [SEVERE ] updating countdown to 20000
[18:25:32.413] [SEVERE ] updating countdown to 19000
[18:25:33.420] [SEVERE ] updating countdown to 18000
[18:25:34.435] [SEVERE ] updating countdown to 17000
[18:25:35.445] [SEVERE ] updating countdown to 16000
[18:25:36.447] [SEVERE ] updating countdown to 15000
[18:25:37.467] [SEVERE ] updating countdown to 14000
[18:25:38.478] [SEVERE ] updating countdown to 13000
[18:25:39.488] [SEVERE ] updating countdown to 12000
[18:25:40.489] [SEVERE ] updating countdown to 11000
[18:25:41.494] [SEVERE ] updating countdown to 10000
[18:25:42.501] [SEVERE ] updating countdown to 9000
[18:25:43.506] [SEVERE ] updating countdown to 8000
[18:25:44.521] [SEVERE ] updating countdown to 7000
[18:25:45.526] [SEVERE ] updating countdown to 6000
[18:25:46.530] [SEVERE ] updating countdown to 5000
[18:25:47.533] [SEVERE ] updating countdown to 4000
[18:25:48.541] [SEVERE ] updating countdown to 3000
[18:25:49.555] [SEVERE ] updating countdown to 2000
[18:25:50.569] [SEVERE ] updating countdown to 1000
[18:25:51.685] [SEVERE ] removing card from slot 0
[18:25:51.799] [SEVERE ] removing card from slot 1
[18:25:51.910] [SEVERE ] removing card from slot 2
[18:25:52.020] [SEVERE ] removing card from slot 3
[18:25:52.131] [SEVERE ] removing card from slot 4
[18:25:52.240] [SEVERE ] removing card from slot 5
[18:25:52.346] [SEVERE ] removing card from slot 6
[18:25:52.456] [SEVERE ] removing card from slot 7
[18:25:52.567] [SEVERE ] removing card from slot 8
[18:25:52.678] [SEVERE ] removing card from slot 9
[18:25:52.782] [SEVERE ] removing card from slot 10
[18:25:52.896] [SEVERE ] removing card from slot 11
[18:25:53.006] [SEVERE ] placing card 60 in slot 0
[18:25:53.118] [SEVERE ] placing card 69 in slot 1
[18:25:53.123] [INFO   ] thread dealer terminated.
[18:25:53.124] [SEVERE ] thanks for playing... it was fun!
[18:25:53.124] [INFO   ] thread main terminated.
