[10:27:51.599] [INFO   ] thread main starting.
[10:27:51.618] [SEVERE ] cannot read configuration file config.properties trying from resources.
[10:27:51.621] [SEVERE ] configuration file was loaded from resources directory.
[10:27:52.657] [INFO   ] thread dealer starting.
[10:27:52.658] [INFO   ] thread Thread-2 starting.
[10:27:52.658] [INFO   ] thread Thread-1 starting.
[10:27:52.669] [INFO   ] thread dealer starting.
[10:27:52.796] [SEVERE ] placing card 51 in slot 0
[10:27:52.903] [SEVERE ] placing card 68 in slot 1
[10:27:53.010] [SEVERE ] placing card 30 in slot 2
[10:27:53.126] [SEVERE ] placing card 58 in slot 3
[10:27:53.235] [SEVERE ] placing card 25 in slot 4
[10:27:53.340] [SEVERE ] placing card 21 in slot 5
[10:27:53.441] [SEVERE ] placing card 26 in slot 6
[10:27:53.550] [SEVERE ] placing card 11 in slot 7
[10:27:53.665] [SEVERE ] placing card 53 in slot 8
[10:27:53.777] [SEVERE ] placing card 73 in slot 9
[10:27:53.892] [SEVERE ] placing card 8 in slot 10
[10:27:53.993] [SEVERE ] placing card 74 in slot 11
[10:27:55.004] [SEVERE ] updating countdown to 59000
[10:27:55.448] [SEVERE ] key 81 was pressed by player 1
[10:27:55.448] [SEVERE ] player 1 placing token on slot 0
[10:27:55.696] [SEVERE ] key 87 was pressed by player 1
[10:27:55.696] [SEVERE ] player 1 placing token on slot 1
[10:27:56.009] [SEVERE ] updating countdown to 58000
[10:27:56.069] [SEVERE ] key 69 was pressed by player 1
[10:27:56.069] [SEVERE ] player 1 placing token on slot 2
[10:27:57.019] [SEVERE ] updating countdown to 57000
[10:27:57.019] [SEVERE ] removing player 1 token from slot 0
[10:27:57.129] [SEVERE ] removing card from slot 0
[10:27:57.130] [SEVERE ] removing player 1 token from slot 1
[10:27:57.237] [SEVERE ] removing card from slot 1
[10:27:57.237] [SEVERE ] removing player 1 token from slot 2
[10:27:57.346] [SEVERE ] removing card from slot 2
[10:27:57.455] [SEVERE ] placing card 79 in slot 0
[10:27:57.564] [SEVERE ] placing card 42 in slot 1
[10:27:57.673] [SEVERE ] placing card 32 in slot 2
[10:27:58.687] [SEVERE ] updating countdown to 56000
[10:27:59.698] [SEVERE ] updating countdown to 55000
[10:28:00.700] [SEVERE ] updating countdown to 54000
[10:28:01.708] [SEVERE ] updating countdown to 53000
[10:28:02.722] [SEVERE ] updating countdown to 52000
[10:28:03.737] [SEVERE ] updating countdown to 51000
[10:28:04.738] [SEVERE ] updating countdown to 50000
[10:28:05.745] [SEVERE ] updating countdown to 49000
[10:28:06.748] [SEVERE ] updating countdown to 48000
[10:28:07.749] [SEVERE ] updating countdown to 47000
[10:28:08.783] [SEVERE ] updating countdown to 46000
[10:28:09.792] [SEVERE ] updating countdown to 45000
[10:28:10.853] [SEVERE ] updating countdown to 44000
[10:28:11.863] [SEVERE ] updating countdown to 43000
[10:28:12.869] [SEVERE ] updating countdown to 42000
[10:28:13.869] [SEVERE ] updating countdown to 41000
[10:28:14.886] [SEVERE ] updating countdown to 40000
[10:28:15.894] [SEVERE ] updating countdown to 39000
[10:28:16.895] [SEVERE ] updating countdown to 38000
[10:28:17.898] [SEVERE ] updating countdown to 37000
[10:28:18.903] [SEVERE ] updating countdown to 36000
