[19:08:16.988] [INFO   ] thread main starting.
[19:08:17.000] [SEVERE ] cannot read configuration file config.properties trying from resources.
[19:08:17.005] [SEVERE ] configuration file was loaded from resources directory.
[19:08:17.740] [INFO   ] thread dealer starting.
[19:08:17.740] [INFO   ] thread player 0 starting.
[19:08:17.742] [INFO   ] thread player 1 starting.
[19:08:17.743] [INFO   ] thread dealer starting.
[19:08:17.744] [INFO   ] thread player 0 starting.
[19:08:17.744] [INFO   ] thread player 1 starting.
[19:08:17.863] [SEVERE ] placing card 59 in slot 0
[19:08:17.967] [SEVERE ] placing card 58 in slot 1
[19:08:18.076] [SEVERE ] placing card 13 in slot 2
[19:08:18.180] [SEVERE ] placing card 43 in slot 3
[19:08:18.282] [SEVERE ] placing card 6 in slot 4
[19:08:18.387] [SEVERE ] placing card 23 in slot 5
[19:08:18.495] [SEVERE ] placing card 60 in slot 6
[19:08:18.599] [SEVERE ] placing card 62 in slot 7
[19:08:18.703] [SEVERE ] placing card 73 in slot 8
[19:08:18.814] [SEVERE ] placing card 75 in slot 9
[19:08:18.924] [SEVERE ] placing card 65 in slot 10
[19:08:19.031] [SEVERE ] key 81 was pressed by player 1
[19:08:19.035] [SEVERE ] placing card 67 in slot 11
[19:08:19.257] [SEVERE ] key 87 was pressed by player 1
[19:08:19.466] [SEVERE ] key 69 was pressed by player 1
[19:08:19.629] [SEVERE ] key 69 was pressed by player 1
[19:08:19.991] [SEVERE ] key 82 was pressed by player 1
[19:08:20.048] [SEVERE ] updating countdown to 59000
[19:08:20.176] [SEVERE ] key 70 was pressed by player 1
[19:08:20.363] [SEVERE ] key 83 was pressed by player 1
[19:08:20.539] [SEVERE ] key 65 was pressed by player 1
[19:08:20.691] [SEVERE ] key 65 was pressed by player 1
[19:08:20.697] [SEVERE ] key 83 was pressed by player 1
[19:08:21.058] [SEVERE ] updating countdown to 58000
[19:08:22.070] [SEVERE ] updating countdown to 57000
[19:08:23.073] [SEVERE ] updating countdown to 56000
[19:08:24.076] [SEVERE ] updating countdown to 55000
