[10:42:10.153] [INFO   ] thread main starting.
[10:42:10.166] [SEVERE ] cannot read configuration file config.properties trying from resources.
[10:42:10.172] [SEVERE ] configuration file was loaded from resources directory.
[10:42:11.064] [INFO   ] thread dealer starting.
[10:42:11.068] [INFO   ] thread Thread-2 starting.
[10:42:11.069] [INFO   ] thread dealer starting.
[10:42:11.065] [INFO   ] thread Thread-1 starting.
[10:42:11.190] [SEVERE ] placing card 80 in slot 0
[10:42:11.301] [SEVERE ] placing card 57 in slot 1
[10:42:11.417] [SEVERE ] placing card 11 in slot 2
[10:42:11.521] [SEVERE ] placing card 41 in slot 3
[10:42:11.621] [SEVERE ] placing card 47 in slot 4
[10:42:11.734] [SEVERE ] placing card 70 in slot 5
[10:42:11.837] [SEVERE ] placing card 3 in slot 6
[10:42:11.951] [SEVERE ] placing card 55 in slot 7
[10:42:12.062] [SEVERE ] placing card 52 in slot 8
[10:42:12.172] [SEVERE ] placing card 24 in slot 9
[10:42:12.283] [SEVERE ] placing card 19 in slot 10
[10:42:12.394] [SEVERE ] placing card 20 in slot 11
[10:42:15.908] [SEVERE ] key 81 was pressed by player 1
[10:42:15.908] [SEVERE ] player 1 placing token on slot 0
[10:42:16.112] [SEVERE ] key 87 was pressed by player 1
[10:42:16.112] [SEVERE ] player 1 placing token on slot 1
[10:42:16.371] [SEVERE ] key 69 was pressed by player 1
[10:42:16.371] [SEVERE ] player 1 placing token on slot 2
