[10:24:30.877] [INFO   ] thread main starting.
[10:24:30.891] [SEVERE ] cannot read configuration file config.properties trying from resources.
[10:24:30.894] [SEVERE ] configuration file was loaded from resources directory.
[10:24:34.925] [INFO   ] thread dealer starting.
[10:24:34.925] [INFO   ] thread Thread-1 starting.
[10:24:34.925] [INFO   ] thread Thread-2 starting.
[10:24:34.926] [INFO   ] thread dealer starting.
[10:24:35.038] [SEVERE ] placing card 40 in slot 0
[10:24:35.148] [SEVERE ] placing card 21 in slot 1
[10:24:35.258] [SEVERE ] placing card 8 in slot 2
[10:24:35.366] [SEVERE ] placing card 3 in slot 3
[10:24:35.477] [SEVERE ] placing card 73 in slot 4
[10:24:35.594] [SEVERE ] placing card 62 in slot 5
[10:24:35.695] [SEVERE ] placing card 34 in slot 6
[10:24:35.805] [SEVERE ] placing card 13 in slot 7
[10:24:35.915] [SEVERE ] placing card 45 in slot 8
[10:24:36.024] [SEVERE ] placing card 18 in slot 9
[10:24:36.133] [SEVERE ] placing card 2 in slot 10
[10:24:36.242] [SEVERE ] placing card 78 in slot 11
[10:24:37.245] [SEVERE ] updating countdown to 59000
[10:24:38.255] [SEVERE ] updating countdown to 58000
[10:24:38.543] [SEVERE ] key 81 was pressed by player 1
[10:24:38.544] [SEVERE ] player 1 placing token on slot 0
[10:24:38.904] [SEVERE ] key 87 was pressed by player 1
[10:24:38.904] [SEVERE ] player 1 placing token on slot 1
[10:24:39.149] [SEVERE ] key 69 was pressed by player 1
[10:24:39.150] [SEVERE ] player 1 placing token on slot 2
[10:24:39.267] [SEVERE ] updating countdown to 57000
[10:24:39.268] [SEVERE ] removing player 1 token from slot 0
[10:24:39.377] [SEVERE ] removing card from slot 0
[10:24:39.378] [SEVERE ] removing player 1 token from slot 1
[10:24:39.488] [SEVERE ] removing card from slot 1
[10:24:39.488] [SEVERE ] removing player 1 token from slot 2
[10:24:39.598] [SEVERE ] removing card from slot 2
[10:24:39.700] [SEVERE ] placing card 53 in slot 0
[10:24:39.810] [SEVERE ] placing card 29 in slot 1
[10:24:39.920] [SEVERE ] placing card 64 in slot 2
[10:24:40.926] [SEVERE ] updating countdown to 56000
[10:24:41.931] [SEVERE ] updating countdown to 55000
[10:24:42.933] [SEVERE ] updating countdown to 54000
[10:24:43.935] [SEVERE ] updating countdown to 53000
[10:24:44.952] [SEVERE ] updating countdown to 52000
[10:24:45.962] [SEVERE ] updating countdown to 51000
