[03:17:42.910] [INFO   ] thread main starting.
[03:17:42.918] [SEVERE ] cannot read configuration file config.properties trying from resources.
[03:17:42.921] [SEVERE ] configuration file was loaded from resources directory.
[03:17:43.522] [INFO   ] thread dealer starting.
[03:17:43.522] [INFO   ] thread Thread-0 starting.
[03:17:43.522] [INFO   ] thread Thread-1 starting.
[03:17:43.523] [INFO   ] thread dealer starting.
[03:17:43.631] [SEVERE ] placing card 64 in slot 0
[03:17:43.740] [SEVERE ] placing card 53 in slot 1
[03:17:43.849] [SEVERE ] placing card 22 in slot 2
[03:17:43.959] [SEVERE ] placing card 75 in slot 3
[03:17:44.068] [SEVERE ] placing card 24 in slot 4
[03:17:44.178] [SEVERE ] placing card 44 in slot 5
[03:17:44.285] [SEVERE ] placing card 61 in slot 6
[03:17:44.396] [SEVERE ] placing card 3 in slot 7
[03:17:44.508] [SEVERE ] placing card 31 in slot 8
[03:17:44.618] [SEVERE ] placing card 35 in slot 9
[03:17:44.726] [SEVERE ] placing card 58 in slot 10
[03:17:44.836] [SEVERE ] placing card 32 in slot 11
[03:17:45.847] [SEVERE ] updating countdown to 59000
[03:17:46.852] [SEVERE ] updating countdown to 58000
[03:17:47.574] [SEVERE ] key 81 was pressed by player 1
[03:17:47.866] [SEVERE ] updating countdown to 57000
[03:17:48.874] [SEVERE ] updating countdown to 56000
[03:17:49.880] [SEVERE ] updating countdown to 55000
[03:17:50.880] [SEVERE ] updating countdown to 54000
[03:17:51.885] [SEVERE ] updating countdown to 53000
[03:17:52.898] [SEVERE ] updating countdown to 52000
[03:17:53.913] [SEVERE ] updating countdown to 51000
[03:17:54.926] [SEVERE ] updating countdown to 50000
[03:17:55.931] [SEVERE ] updating countdown to 49000
[03:17:56.937] [SEVERE ] updating countdown to 48000
[03:17:57.946] [SEVERE ] updating countdown to 47000
[03:17:58.962] [SEVERE ] updating countdown to 46000
[03:18:00.002] [SEVERE ] updating countdown to 45000
[03:18:01.003] [SEVERE ] updating countdown to 44000
[03:18:02.013] [SEVERE ] updating countdown to 43000
