[20:42:11.917] [INFO   ] thread main starting.
[20:42:11.928] [SEVERE ] cannot read configuration file config.properties trying from resources.
[20:42:11.934] [SEVERE ] configuration file was loaded from resources directory.
[20:42:12.504] [INFO   ] thread dealer starting.
[20:42:12.506] [INFO   ] thread player 0 starting.
[20:42:12.507] [INFO   ] thread player 1 starting.
[20:42:12.507] [INFO   ] thread dealer starting.
[20:42:12.507] [INFO   ] thread player 0 starting.
[20:42:12.513] [INFO   ] thread player 1 starting.
[20:42:12.626] [SEVERE ] placing card 59 in slot 0
[20:42:12.743] [SEVERE ] placing card 40 in slot 1
[20:42:12.860] [SEVERE ] placing card 71 in slot 2
[20:42:12.976] [SEVERE ] placing card 39 in slot 3
[20:42:13.093] [SEVERE ] placing card 67 in slot 4
[20:42:13.209] [SEVERE ] placing card 8 in slot 5
[20:42:13.309] [SEVERE ] placing card 12 in slot 6
[20:42:13.410] [SEVERE ] placing card 57 in slot 7
[20:42:13.520] [SEVERE ] placing card 72 in slot 8
[20:42:13.632] [SEVERE ] placing card 4 in slot 9
[20:42:13.744] [SEVERE ] placing card 77 in slot 10
[20:42:13.855] [SEVERE ] placing card 35 in slot 11
[20:42:14.860] [SEVERE ] updating countdown to 59000
[20:42:15.863] [SEVERE ] updating countdown to 58000
[20:42:15.918] [SEVERE ] key 81 was pressed by player 1
[20:42:15.918] [SEVERE ] player 1 placing token on slot 0
[20:42:16.138] [SEVERE ] key 87 was pressed by player 1
[20:42:16.146] [SEVERE ] player 1 placing token on slot 1
[20:42:16.451] [SEVERE ] key 69 was pressed by player 1
[20:42:16.457] [SEVERE ] player 1 placing token on slot 2
[20:42:16.876] [SEVERE ] updating countdown to 57000
[20:42:16.878] [SEVERE ] removing player 1 token from slot 0
[20:42:16.987] [SEVERE ] removing card from slot 0
[20:42:16.988] [SEVERE ] removing player 1 token from slot 1
[20:42:17.098] [SEVERE ] removing card from slot 1
[20:42:17.098] [SEVERE ] removing player 1 token from slot 2
[20:42:17.210] [SEVERE ] removing card from slot 2
[20:42:17.322] [SEVERE ] placing card 26 in slot 0
[20:42:17.434] [SEVERE ] placing card 17 in slot 1
[20:42:17.466] [SEVERE ] setting player 2 freeze to 1
[20:42:17.546] [SEVERE ] placing card 33 in slot 2
[20:42:18.550] [SEVERE ] updating countdown to 56000
[20:42:19.558] [SEVERE ] updating countdown to 55000
[20:42:19.687] [SEVERE ] key 81 was pressed by player 1
[20:42:19.687] [SEVERE ] player 1 placing token on slot 0
[20:42:19.897] [SEVERE ] key 87 was pressed by player 1
[20:42:19.897] [SEVERE ] player 1 placing token on slot 1
[20:42:20.189] [SEVERE ] key 69 was pressed by player 1
[20:42:20.193] [SEVERE ] player 1 placing token on slot 2
[20:42:20.564] [SEVERE ] updating countdown to 54000
[20:42:20.567] [SEVERE ] removing player 1 token from slot 0
[20:42:20.675] [SEVERE ] removing card from slot 0
[20:42:20.676] [SEVERE ] removing player 1 token from slot 1
[20:42:20.785] [SEVERE ] removing card from slot 1
[20:42:20.786] [SEVERE ] removing player 1 token from slot 2
[20:42:20.896] [SEVERE ] removing card from slot 2
[20:42:21.008] [SEVERE ] placing card 24 in slot 0
[20:42:21.119] [SEVERE ] placing card 80 in slot 1
[20:42:21.199] [SEVERE ] setting player 2 freeze to 1
[20:42:21.230] [SEVERE ] placing card 49 in slot 2
[20:42:22.234] [SEVERE ] updating countdown to 53000
[20:42:22.867] [SEVERE ] key 81 was pressed by player 1
[20:42:22.872] [SEVERE ] player 1 placing token on slot 0
[20:42:23.069] [SEVERE ] key 87 was pressed by player 1
[20:42:23.069] [SEVERE ] player 1 placing token on slot 1
[20:42:23.241] [SEVERE ] updating countdown to 52000
[20:42:23.278] [SEVERE ] key 69 was pressed by player 1
[20:42:23.278] [SEVERE ] player 1 placing token on slot 2
[20:42:24.256] [SEVERE ] updating countdown to 51000
[20:42:24.257] [SEVERE ] removing player 1 token from slot 0
[20:42:24.288] [SEVERE ] setting player 2 freeze to 1
[20:42:24.367] [SEVERE ] removing card from slot 0
[20:42:24.367] [SEVERE ] removing player 1 token from slot 1
[20:42:24.478] [SEVERE ] removing card from slot 1
[20:42:24.478] [SEVERE ] removing player 1 token from slot 2
[20:42:24.588] [SEVERE ] removing card from slot 2
[20:42:24.701] [SEVERE ] placing card 43 in slot 0
[20:42:24.812] [SEVERE ] placing card 37 in slot 1
[20:42:24.925] [SEVERE ] placing card 10 in slot 2
[20:42:25.548] [SEVERE ] key 81 was pressed by player 1
[20:42:25.548] [SEVERE ] player 1 placing token on slot 0
[20:42:25.807] [SEVERE ] key 65 was pressed by player 1
[20:42:25.812] [SEVERE ] player 1 placing token on slot 4
[20:42:25.925] [SEVERE ] updating countdown to 50000
[20:42:26.321] [SEVERE ] key 83 was pressed by player 1
[20:42:26.321] [SEVERE ] player 1 placing token on slot 5
[20:42:26.938] [SEVERE ] updating countdown to 49000
[20:42:27.338] [SEVERE ] setting player 2 freeze to 1
[20:42:27.944] [SEVERE ] updating countdown to 48000
[20:42:28.947] [SEVERE ] updating countdown to 47000
[20:42:29.958] [SEVERE ] updating countdown to 46000
