[03:26:57.232] [INFO   ] thread main starting.
[03:26:57.241] [SEVERE ] cannot read configuration file config.properties trying from resources.
[03:26:57.250] [SEVERE ] configuration file was loaded from resources directory.
[03:26:57.869] [INFO   ] thread dealer starting.
[03:26:57.869] [INFO   ] thread Thread-1 starting.
[03:26:57.869] [INFO   ] thread Thread-0 starting.
[03:26:57.869] [INFO   ] thread dealer starting.
[03:26:57.990] [SEVERE ] placing card 31 in slot 0
[03:26:58.110] [SEVERE ] placing card 54 in slot 1
[03:26:58.228] [SEVERE ] placing card 47 in slot 2
[03:26:58.338] [SEVERE ] placing card 59 in slot 3
[03:26:58.443] [SEVERE ] placing card 57 in slot 4
[03:26:58.545] [SEVERE ] placing card 44 in slot 5
[03:26:58.659] [SEVERE ] placing card 15 in slot 6
[03:26:58.770] [SEVERE ] placing card 36 in slot 7
[03:26:58.876] [SEVERE ] placing card 73 in slot 8
[03:26:58.977] [SEVERE ] placing card 75 in slot 9
[03:26:59.089] [SEVERE ] placing card 66 in slot 10
[03:26:59.193] [SEVERE ] placing card 38 in slot 11
[03:26:59.610] [SEVERE ] key 81 was pressed by player 1
[03:27:00.197] [SEVERE ] updating countdown to 59000
[03:27:01.200] [SEVERE ] updating countdown to 58000
[03:27:02.212] [SEVERE ] updating countdown to 57000
[03:27:03.215] [SEVERE ] updating countdown to 56000
[03:27:04.227] [SEVERE ] updating countdown to 55000
[03:27:05.235] [SEVERE ] updating countdown to 54000
