[11:02:49.053] [INFO   ] thread main starting.
[11:02:49.068] [SEVERE ] cannot read configuration file config.properties trying from resources.
[11:02:49.073] [SEVERE ] configuration file was loaded from resources directory.
[11:02:50.087] [INFO   ] thread dealer starting.
[11:02:50.088] [INFO   ] thread Thread-1 starting.
[11:02:50.088] [INFO   ] thread dealer starting.
[11:02:50.088] [INFO   ] thread Thread-2 starting.
[11:02:50.211] [SEVERE ] placing card 18 in slot 0
[11:02:50.311] [SEVERE ] placing card 73 in slot 1
[11:02:50.428] [SEVERE ] placing card 14 in slot 2
[11:02:50.532] [SEVERE ] placing card 32 in slot 3
[11:02:50.644] [SEVERE ] placing card 79 in slot 4
[11:02:50.745] [SEVERE ] placing card 23 in slot 5
[11:02:50.848] [SEVERE ] placing card 0 in slot 6
[11:02:50.960] [SEVERE ] placing card 43 in slot 7
[11:02:51.076] [SEVERE ] placing card 33 in slot 8
[11:02:51.187] [SEVERE ] placing card 62 in slot 9
[11:02:51.299] [SEVERE ] placing card 70 in slot 10
[11:02:51.411] [SEVERE ] placing card 77 in slot 11
[11:02:53.025] [SEVERE ] key 81 was pressed by player 1
[11:02:53.025] [SEVERE ] player 1 placing token on slot 0
[11:02:53.243] [SEVERE ] key 87 was pressed by player 1
[11:02:53.256] [SEVERE ] player 1 placing token on slot 1
[11:02:53.613] [SEVERE ] key 69 was pressed by player 1
[11:02:53.693] [SEVERE ] player 1 placing token on slot 2
[11:02:55.608] [SEVERE ] key 69 was pressed by player 1
[11:02:55.624] [SEVERE ] removing player 1 token from slot 2
[11:02:55.963] [SEVERE ] key 69 was pressed by player 1
[11:02:55.973] [SEVERE ] player 1 placing token on slot 2
[11:02:56.253] [SEVERE ] key 82 was pressed by player 1
[11:02:56.773] [SEVERE ] key 70 was pressed by player 1
[11:02:57.033] [SEVERE ] key 68 was pressed by player 1
[11:02:57.329] [SEVERE ] key 83 was pressed by player 1
[11:02:57.503] [SEVERE ] key 87 was pressed by player 1
[11:02:57.573] [SEVERE ] removing player 1 token from slot 1
[11:02:57.724] [SEVERE ] key 69 was pressed by player 1
[11:02:57.727] [SEVERE ] removing player 1 token from slot 2
