[21:12:53.854] [INFO   ] thread main starting.
[21:12:53.863] [SEVERE ] cannot read configuration file config.properties trying from resources.
[21:12:53.867] [SEVERE ] configuration file was loaded from resources directory.
[21:12:54.417] [INFO   ] thread dealer starting.
[21:12:54.417] [INFO   ] thread player 0 starting.
[21:12:54.418] [INFO   ] thread player 1 starting.
[21:12:54.418] [INFO   ] thread player 0 starting.
[21:12:54.418] [INFO   ] thread dealer starting.
[21:12:54.419] [INFO   ] thread player 1 starting.
[21:12:54.533] [SEVERE ] placing card 80 in slot 0
[21:12:54.641] [SEVERE ] placing card 40 in slot 1
[21:12:54.749] [SEVERE ] placing card 5 in slot 2
[21:12:54.858] [SEVERE ] placing card 36 in slot 3
[21:12:54.966] [SEVERE ] placing card 14 in slot 4
[21:12:55.076] [SEVERE ] placing card 46 in slot 5
[21:12:55.186] [SEVERE ] placing card 1 in slot 6
[21:12:55.295] [SEVERE ] placing card 75 in slot 7
[21:12:55.404] [SEVERE ] placing card 45 in slot 8
[21:12:55.513] [SEVERE ] placing card 50 in slot 9
[21:12:55.623] [SEVERE ] placing card 48 in slot 10
[21:12:55.731] [SEVERE ] placing card 60 in slot 11
[21:12:56.745] [SEVERE ] updating countdown to 59000
[21:12:57.163] [SEVERE ] key 65 was pressed by player 1
[21:12:57.164] [SEVERE ] player 1 placing token on slot 4
[21:12:57.398] [SEVERE ] key 83 was pressed by player 1
[21:12:57.399] [SEVERE ] player 1 placing token on slot 5
[21:12:57.760] [SEVERE ] updating countdown to 58000
[21:12:57.793] [SEVERE ] key 68 was pressed by player 1
[21:12:57.795] [SEVERE ] player 1 placing token on slot 6
[21:12:57.797] [SEVERE ] setting player 1 freeze to 3000
[21:12:58.776] [SEVERE ] updating countdown to 57000
[21:12:58.807] [SEVERE ] setting player 1 freeze to 2000
[21:12:59.606] [SEVERE ] key 68 was pressed by player 1
[21:12:59.782] [SEVERE ] updating countdown to 56000
[21:12:59.813] [SEVERE ] setting player 1 freeze to 1000
[21:13:00.792] [SEVERE ] updating countdown to 55000
[21:13:00.823] [SEVERE ] setting player 1 freeze to 0
[21:13:01.346] [SEVERE ] key 68 was pressed by player 1
[21:13:01.346] [SEVERE ] removing player 1 token from slot 6
[21:13:01.753] [SEVERE ] key 83 was pressed by player 1
[21:13:01.753] [SEVERE ] removing player 1 token from slot 5
[21:13:01.807] [SEVERE ] updating countdown to 54000
[21:13:02.086] [SEVERE ] key 65 was pressed by player 1
[21:13:02.087] [SEVERE ] removing player 1 token from slot 4
[21:13:02.513] [SEVERE ] key 65 was pressed by player 1
[21:13:02.514] [SEVERE ] player 1 placing token on slot 4
[21:13:02.716] [SEVERE ] key 83 was pressed by player 1
[21:13:02.717] [SEVERE ] player 1 placing token on slot 5
[21:13:02.817] [SEVERE ] updating countdown to 53000
[21:13:02.976] [SEVERE ] key 68 was pressed by player 1
[21:13:02.977] [SEVERE ] player 1 placing token on slot 6
[21:13:02.978] [SEVERE ] setting player 1 freeze to 3000
[21:13:03.831] [SEVERE ] updating countdown to 52000
[21:13:03.988] [SEVERE ] setting player 1 freeze to 2000
[21:13:04.847] [SEVERE ] updating countdown to 51000
[21:13:04.988] [SEVERE ] setting player 1 freeze to 1000
[21:13:05.856] [SEVERE ] updating countdown to 50000
[21:13:05.900] [SEVERE ] key 81 was pressed by player 1
[21:13:05.998] [SEVERE ] setting player 1 freeze to 0
[21:13:06.308] [SEVERE ] key 81 was pressed by player 1
[21:13:06.309] [SEVERE ] setting player 1 freeze to 3000
[21:13:06.859] [SEVERE ] updating countdown to 49000
[21:13:07.311] [SEVERE ] setting player 1 freeze to 2000
[21:13:07.869] [SEVERE ] updating countdown to 48000
[21:13:08.322] [SEVERE ] setting player 1 freeze to 1000
[21:13:08.884] [SEVERE ] updating countdown to 47000
[21:13:09.335] [SEVERE ] setting player 1 freeze to 0
[21:13:09.781] [SEVERE ] key 81 was pressed by player 1
[21:13:09.782] [SEVERE ] setting player 1 freeze to 3000
[21:13:09.897] [SEVERE ] updating countdown to 46000
[21:13:10.784] [SEVERE ] setting player 1 freeze to 2000
[21:13:10.908] [SEVERE ] updating countdown to 45000
[21:13:11.798] [SEVERE ] setting player 1 freeze to 1000
[21:13:11.922] [SEVERE ] updating countdown to 44000
