[15:02:02.657] [INFO   ] thread main starting.
[15:02:02.662] [SEVERE ] cannot read configuration file config.properties trying from resources.
[15:02:02.673] [SEVERE ] configuration file was loaded from resources directory.
[15:02:03.475] [INFO   ] thread dealer starting.
[15:02:03.482] [INFO   ] thread Thread-1 starting.
[15:02:03.482] [INFO   ] thread dealer starting.
[15:02:03.482] [INFO   ] thread Thread-2 starting.
[15:02:03.620] [SEVERE ] placing card 79 in slot 0
[15:02:03.722] [SEVERE ] placing card 67 in slot 1
[15:02:03.822] [SEVERE ] placing card 2 in slot 2
[15:02:03.922] [SEVERE ] placing card 35 in slot 3
[15:02:04.037] [SEVERE ] placing card 63 in slot 4
[15:02:04.137] [SEVERE ] placing card 31 in slot 5
[15:02:04.237] [SEVERE ] placing card 42 in slot 6
[15:02:04.338] [SEVERE ] placing card 6 in slot 7
[15:02:04.450] [SEVERE ] placing card 3 in slot 8
[15:02:04.561] [SEVERE ] placing card 37 in slot 9
[15:02:04.672] [SEVERE ] placing card 7 in slot 10
[15:02:04.783] [SEVERE ] placing card 40 in slot 11
[15:02:05.799] [SEVERE ] updating countdown to 59000
[15:02:06.117] [SEVERE ] key 81 was pressed by player 1
[15:02:06.117] [SEVERE ] player 1 placing token on slot 0
[15:02:06.371] [SEVERE ] key 65 was pressed by player 1
[15:02:06.371] [SEVERE ] player 1 placing token on slot 4
[15:02:06.672] [SEVERE ] key 83 was pressed by player 1
[15:02:06.672] [SEVERE ] player 1 placing token on slot 5
[15:02:06.799] [SEVERE ] updating countdown to 58000
[15:02:07.804] [SEVERE ] updating countdown to 57000
[15:02:08.805] [SEVERE ] updating countdown to 56000
[15:02:09.816] [SEVERE ] updating countdown to 55000
[15:02:10.820] [SEVERE ] updating countdown to 54000
[15:02:11.822] [SEVERE ] updating countdown to 53000
[15:02:12.835] [SEVERE ] updating countdown to 52000
