[10:19:04.964] [INFO   ] thread main starting.
[10:19:04.977] [SEVERE ] cannot read configuration file config.properties trying from resources.
[10:19:04.980] [SEVERE ] configuration file was loaded from resources directory.
[10:19:05.914] [INFO   ] thread dealer starting.
[10:19:05.919] [INFO   ] thread dealer starting.
[10:19:06.039] [SEVERE ] placing card 29 in slot 0
[10:19:06.149] [SEVERE ] placing card 59 in slot 1
[10:19:06.257] [SEVERE ] placing card 28 in slot 2
[10:19:06.366] [SEVERE ] placing card 2 in slot 3
[10:19:06.475] [SEVERE ] placing card 46 in slot 4
[10:19:06.584] [SEVERE ] placing card 42 in slot 5
[10:19:06.693] [SEVERE ] placing card 72 in slot 6
[10:19:06.803] [SEVERE ] placing card 13 in slot 7
[10:19:06.912] [SEVERE ] placing card 70 in slot 8
[10:19:07.022] [SEVERE ] placing card 78 in slot 9
[10:19:07.131] [SEVERE ] placing card 50 in slot 10
[10:19:07.240] [SEVERE ] placing card 5 in slot 11
[10:19:07.436] [SEVERE ] key 81 was pressed by player 1
[10:19:07.436] [SEVERE ] player 1 placing token on slot 0
[10:19:07.562] [SEVERE ] key 81 was pressed by player 1
[10:19:07.563] [SEVERE ] removing player 1 token from slot 0
[10:19:08.241] [SEVERE ] updating countdown to 59000
[10:19:08.929] [INFO   ] thread Thread-1 starting.
[10:19:08.929] [INFO   ] thread Thread-0 starting.
[10:19:09.243] [SEVERE ] updating countdown to 58000
[10:19:10.253] [SEVERE ] updating countdown to 57000
