[03:36:18.270] [INFO   ] thread main starting.
[03:36:18.276] [SEVERE ] cannot read configuration file config.properties trying from resources.
[03:36:18.282] [SEVERE ] configuration file was loaded from resources directory.
[03:36:18.803] [INFO   ] thread dealer starting.
[03:36:18.803] [INFO   ] thread Thread-1 starting.
[03:36:18.803] [INFO   ] thread Thread-0 starting.
[03:36:18.803] [INFO   ] thread dealer starting.
[03:36:18.922] [SEVERE ] placing card 1 in slot 0
[03:36:19.039] [SEVERE ] placing card 49 in slot 1
[03:36:19.156] [SEVERE ] placing card 37 in slot 2
[03:36:19.259] [SEVERE ] placing card 36 in slot 3
[03:36:19.373] [SEVERE ] placing card 2 in slot 4
[03:36:19.489] [SEVERE ] placing card 68 in slot 5
[03:36:19.605] [SEVERE ] placing card 39 in slot 6
[03:36:19.722] [SEVERE ] placing card 64 in slot 7
[03:36:19.834] [SEVERE ] placing card 74 in slot 8
[03:36:19.943] [SEVERE ] placing card 8 in slot 9
[03:36:20.053] [SEVERE ] placing card 76 in slot 10
[03:36:20.162] [SEVERE ] placing card 18 in slot 11
[03:36:21.178] [SEVERE ] updating countdown to 59000
[03:36:22.192] [SEVERE ] updating countdown to 58000
[03:36:23.194] [SEVERE ] updating countdown to 57000
[03:36:23.273] [SEVERE ] key 86 was pressed by player 1
[03:36:23.273] [SEVERE ] player 1 placing token on slot 11
[03:36:24.200] [SEVERE ] updating countdown to 56000
[03:36:24.687] [SEVERE ] key 67 was pressed by player 1
[03:36:24.687] [SEVERE ] player 1 placing token on slot 10
[03:36:25.208] [SEVERE ] updating countdown to 55000
[03:36:26.215] [SEVERE ] updating countdown to 54000
[03:36:27.218] [SEVERE ] updating countdown to 53000
[03:36:28.221] [SEVERE ] updating countdown to 52000
[03:36:28.424] [SEVERE ] key 81 was pressed by player 1
[03:36:28.424] [SEVERE ] player 1 placing token on slot 0
[03:36:28.424] [SEVERE ] setting player 1 freeze to 3000
[03:36:29.235] [SEVERE ] updating countdown to 51000
[03:36:30.236] [SEVERE ] updating countdown to 50000
[03:36:31.250] [SEVERE ] updating countdown to 49000
[03:36:32.260] [SEVERE ] updating countdown to 48000
[03:36:33.261] [SEVERE ] updating countdown to 47000
[03:36:34.275] [SEVERE ] updating countdown to 46000
[03:36:35.290] [SEVERE ] updating countdown to 45000
[03:36:36.293] [SEVERE ] updating countdown to 44000
[03:36:37.294] [SEVERE ] updating countdown to 43000
[03:36:38.296] [SEVERE ] updating countdown to 42000
[03:36:39.308] [SEVERE ] updating countdown to 41000
[03:36:40.312] [SEVERE ] updating countdown to 40000
[03:36:41.328] [SEVERE ] updating countdown to 39000
[03:36:42.343] [SEVERE ] updating countdown to 38000
[03:36:43.218] [SEVERE ] exit button pressed
[03:36:43.218] [INFO   ] thread Thread-0 terminated.
[03:36:43.218] [INFO   ] thread Thread-1 terminated.
[03:36:43.359] [SEVERE ] updating countdown to 37000
[03:36:44.370] [SEVERE ] updating countdown to 36000
[03:36:45.376] [SEVERE ] updating countdown to 35000
[03:36:46.386] [SEVERE ] updating countdown to 34000
