[19:21:38.599] [INFO   ] thread main starting.
[19:21:38.616] [SEVERE ] cannot read configuration file config.properties trying from resources.
[19:21:38.616] [SEVERE ] configuration file was loaded from resources directory.
[19:21:39.327] [INFO   ] thread dealer starting.
[19:21:39.327] [INFO   ] thread player 0 starting.
[19:21:39.332] [INFO   ] thread player 1 starting.
[19:21:39.335] [INFO   ] thread dealer starting.
[19:21:39.338] [INFO   ] thread player 0 starting.
[19:21:39.338] [INFO   ] thread player 1 starting.
[19:21:39.445] [SEVERE ] placing card 47 in slot 0
[19:21:39.547] [SEVERE ] placing card 54 in slot 1
[19:21:39.651] [SEVERE ] placing card 79 in slot 2
[19:21:39.763] [SEVERE ] placing card 19 in slot 3
[19:21:39.864] [SEVERE ] placing card 57 in slot 4
[19:21:39.978] [SEVERE ] placing card 37 in slot 5
[19:21:40.086] [SEVERE ] placing card 7 in slot 6
[19:21:40.190] [SEVERE ] placing card 56 in slot 7
[19:21:40.292] [SEVERE ] placing card 30 in slot 8
[19:21:40.403] [SEVERE ] placing card 0 in slot 9
[19:21:40.513] [SEVERE ] placing card 9 in slot 10
[19:21:40.624] [SEVERE ] placing card 29 in slot 11
[19:21:41.629] [SEVERE ] updating countdown to 59000
[19:21:41.724] [SEVERE ] key 80 was pressed by player 2
[19:21:41.724] [SEVERE ] player 2 placing token on slot 3
[19:21:42.630] [SEVERE ] updating countdown to 58000
[19:21:42.704] [SEVERE ] key 80 was pressed by player 2
[19:21:42.706] [SEVERE ] removing player 2 token from slot 3
[19:21:43.643] [SEVERE ] updating countdown to 57000
[19:21:44.008] [SEVERE ] key 80 was pressed by player 2
[19:21:44.017] [SEVERE ] player 2 placing token on slot 3
[19:21:44.260] [SEVERE ] key 79 was pressed by player 2
[19:21:44.275] [SEVERE ] player 2 placing token on slot 2
[19:21:44.596] [SEVERE ] key 85 was pressed by player 2
[19:21:44.596] [SEVERE ] player 2 placing token on slot 0
[19:21:44.664] [SEVERE ] updating countdown to 56000
[19:21:45.677] [SEVERE ] updating countdown to 55000
[19:21:46.687] [SEVERE ] updating countdown to 54000
[19:21:47.696] [SEVERE ] updating countdown to 53000
[19:21:48.703] [SEVERE ] updating countdown to 52000
[19:21:49.097] [SEVERE ] key 85 was pressed by player 2
[19:21:49.709] [SEVERE ] updating countdown to 51000
[19:21:50.169] [SEVERE ] key 73 was pressed by player 2
[19:21:50.432] [SEVERE ] key 79 was pressed by player 2
[19:21:50.679] [SEVERE ] key 80 was pressed by player 2
[19:21:50.716] [SEVERE ] updating countdown to 50000
[19:21:51.725] [SEVERE ] updating countdown to 49000
[19:21:52.737] [SEVERE ] updating countdown to 48000
[19:21:53.750] [SEVERE ] updating countdown to 47000
[19:21:54.760] [SEVERE ] updating countdown to 46000
[19:21:55.774] [SEVERE ] updating countdown to 45000
[19:21:56.787] [SEVERE ] updating countdown to 44000
[19:21:57.799] [SEVERE ] updating countdown to 43000
[19:21:58.809] [SEVERE ] updating countdown to 42000
[19:21:59.818] [SEVERE ] updating countdown to 41000
[19:22:00.829] [SEVERE ] updating countdown to 40000
[19:22:01.841] [SEVERE ] updating countdown to 39000
[19:22:02.852] [SEVERE ] updating countdown to 38000
[19:22:03.863] [SEVERE ] updating countdown to 37000
[19:22:04.873] [SEVERE ] updating countdown to 36000
[19:22:05.887] [SEVERE ] updating countdown to 35000
[19:22:06.898] [SEVERE ] updating countdown to 34000
[19:22:07.912] [SEVERE ] updating countdown to 33000
[19:22:08.925] [SEVERE ] updating countdown to 32000
[19:22:09.938] [SEVERE ] updating countdown to 31000
[19:22:10.952] [SEVERE ] updating countdown to 30000
[19:22:11.963] [SEVERE ] updating countdown to 29000
[19:22:12.976] [SEVERE ] updating countdown to 28000
[19:22:13.991] [SEVERE ] updating countdown to 27000
[19:22:15.000] [SEVERE ] updating countdown to 26000
[19:22:16.014] [SEVERE ] updating countdown to 25000
[19:22:17.026] [SEVERE ] updating countdown to 24000
[19:22:18.037] [SEVERE ] updating countdown to 23000
[19:22:19.043] [SEVERE ] updating countdown to 22000
[19:22:20.052] [SEVERE ] updating countdown to 21000
[19:22:21.060] [SEVERE ] updating countdown to 20000
[19:22:22.067] [SEVERE ] updating countdown to 19000
