[03:35:54.471] [INFO   ] thread main starting.
[03:35:54.479] [SEVERE ] cannot read configuration file config.properties trying from resources.
[03:35:54.486] [SEVERE ] configuration file was loaded from resources directory.
[03:35:54.974] [INFO   ] thread dealer starting.
[03:35:54.974] [INFO   ] thread Thread-1 starting.
[03:35:54.974] [INFO   ] thread Thread-0 starting.
[03:35:54.975] [INFO   ] thread dealer starting.
[03:35:55.092] [SEVERE ] placing card 56 in slot 0
[03:35:55.196] [SEVERE ] placing card 42 in slot 1
[03:35:55.309] [SEVERE ] placing card 6 in slot 2
[03:35:55.425] [SEVERE ] placing card 53 in slot 3
[03:35:55.542] [SEVERE ] placing card 58 in slot 4
[03:35:55.658] [SEVERE ] placing card 52 in slot 5
[03:35:55.759] [SEVERE ] placing card 12 in slot 6
[03:35:55.873] [SEVERE ] placing card 46 in slot 7
[03:35:55.982] [SEVERE ] placing card 31 in slot 8
[03:35:56.092] [SEVERE ] placing card 2 in slot 9
[03:35:56.206] [SEVERE ] placing card 21 in slot 10
[03:35:56.326] [SEVERE ] placing card 19 in slot 11
[03:35:56.799] [SEVERE ] key 81 was pressed by player 1
[03:35:56.799] [SEVERE ] player 1 placing token on slot 0
[03:35:57.112] [SEVERE ] key 87 was pressed by player 1
[03:35:57.112] [SEVERE ] player 1 placing token on slot 1
[03:35:57.331] [SEVERE ] updating countdown to 59000
[03:35:58.020] [SEVERE ] key 69 was pressed by player 1
[03:35:58.020] [SEVERE ] player 1 placing token on slot 2
[03:35:58.347] [SEVERE ] updating countdown to 58000
[03:35:58.347] [SEVERE ] removing player 1 token from slot 0
[03:35:58.452] [SEVERE ] removing card from slot 0
[03:35:58.452] [SEVERE ] removing player 1 token from slot 1
[03:35:58.561] [SEVERE ] removing card from slot 1
[03:35:58.561] [SEVERE ] removing player 1 token from slot 2
[03:35:58.672] [SEVERE ] removing card from slot 2
[03:35:58.783] [SEVERE ] placing card 34 in slot 0
[03:35:58.892] [SEVERE ] placing card 50 in slot 1
[03:35:59.002] [SEVERE ] placing card 67 in slot 2
[03:36:00.028] [SEVERE ] updating countdown to 57000
[03:36:00.029] [SEVERE ] removing player 1 token from slot 0
[03:36:00.141] [SEVERE ] removing card from slot 0
[03:36:00.141] [SEVERE ] removing player 1 token from slot 1
[03:36:00.251] [SEVERE ] removing card from slot 1
[03:36:00.251] [SEVERE ] removing player 1 token from slot 2
[03:36:00.360] [SEVERE ] removing card from slot 2
[03:36:00.470] [SEVERE ] placing card 63 in slot 0
[03:36:00.580] [SEVERE ] placing card 65 in slot 1
[03:36:00.689] [SEVERE ] placing card 23 in slot 2
[03:36:01.696] [SEVERE ] updating countdown to 56000
[03:36:01.696] [SEVERE ] removing player 1 token from slot 0
[03:36:01.806] [SEVERE ] removing card from slot 0
[03:36:01.806] [SEVERE ] removing player 1 token from slot 1
[03:36:01.915] [SEVERE ] removing card from slot 1
[03:36:01.915] [SEVERE ] removing player 1 token from slot 2
[03:36:02.025] [SEVERE ] removing card from slot 2
[03:36:02.138] [SEVERE ] placing card 45 in slot 0
[03:36:02.251] [SEVERE ] placing card 44 in slot 1
[03:36:02.360] [SEVERE ] placing card 76 in slot 2
[03:36:03.361] [SEVERE ] updating countdown to 55000
[03:36:03.361] [SEVERE ] removing player 1 token from slot 0
[03:36:03.471] [SEVERE ] removing card from slot 0
[03:36:03.471] [SEVERE ] removing player 1 token from slot 1
[03:36:03.581] [SEVERE ] removing card from slot 1
[03:36:03.581] [SEVERE ] removing player 1 token from slot 2
[03:36:03.690] [SEVERE ] removing card from slot 2
[03:36:03.802] [SEVERE ] placing card 18 in slot 0
[03:36:03.912] [SEVERE ] placing card 60 in slot 1
[03:36:04.021] [SEVERE ] placing card 15 in slot 2
[03:36:05.031] [SEVERE ] updating countdown to 54000
[03:36:05.031] [SEVERE ] removing player 1 token from slot 0
[03:36:05.140] [SEVERE ] removing card from slot 0
[03:36:05.140] [SEVERE ] removing player 1 token from slot 1
[03:36:05.250] [SEVERE ] removing card from slot 1
[03:36:05.250] [SEVERE ] removing player 1 token from slot 2
[03:36:05.360] [SEVERE ] removing card from slot 2
[03:36:05.470] [SEVERE ] placing card 13 in slot 0
[03:36:05.579] [SEVERE ] placing card 26 in slot 1
[03:36:05.689] [SEVERE ] placing card 25 in slot 2
[03:36:06.697] [SEVERE ] updating countdown to 53000
[03:36:06.697] [SEVERE ] removing player 1 token from slot 0
[03:36:06.808] [SEVERE ] removing card from slot 0
[03:36:06.808] [SEVERE ] removing player 1 token from slot 1
[03:36:06.917] [SEVERE ] removing card from slot 1
[03:36:06.917] [SEVERE ] removing player 1 token from slot 2
[03:36:07.027] [SEVERE ] removing card from slot 2
[03:36:07.136] [SEVERE ] placing card 49 in slot 0
[03:36:07.246] [SEVERE ] placing card 5 in slot 1
[03:36:07.355] [SEVERE ] placing card 41 in slot 2
[03:36:08.357] [SEVERE ] updating countdown to 52000
[03:36:08.357] [SEVERE ] removing player 1 token from slot 0
[03:36:08.474] [SEVERE ] removing card from slot 0
[03:36:08.474] [SEVERE ] removing player 1 token from slot 1
[03:36:08.590] [SEVERE ] removing card from slot 1
[03:36:08.591] [SEVERE ] removing player 1 token from slot 2
[03:36:08.706] [SEVERE ] removing card from slot 2
[03:36:08.810] [SEVERE ] placing card 17 in slot 0
[03:36:08.922] [SEVERE ] placing card 62 in slot 1
[03:36:09.033] [SEVERE ] placing card 55 in slot 2
[03:36:10.043] [SEVERE ] updating countdown to 51000
[03:36:10.043] [SEVERE ] removing player 1 token from slot 0
[03:36:10.146] [SEVERE ] removing card from slot 0
[03:36:10.146] [SEVERE ] removing player 1 token from slot 1
[03:36:10.257] [SEVERE ] removing card from slot 1
[03:36:10.257] [SEVERE ] removing player 1 token from slot 2
[03:36:10.360] [SEVERE ] removing card from slot 2
[03:36:10.472] [SEVERE ] placing card 27 in slot 0
[03:36:10.582] [SEVERE ] placing card 7 in slot 1
[03:36:10.703] [SEVERE ] placing card 68 in slot 2
