[21:03:13.735] [INFO   ] thread main starting.
[21:03:13.743] [SEVERE ] cannot read configuration file config.properties trying from resources.
[21:03:13.743] [SEVERE ] configuration file was loaded from resources directory.
[21:03:14.277] [INFO   ] thread dealer starting.
[21:03:14.278] [INFO   ] thread player 0 starting.
[21:03:14.278] [INFO   ] thread player 1 starting.
[21:03:14.280] [INFO   ] thread dealer starting.
[21:03:14.289] [INFO   ] thread player 1 starting.
[21:03:14.289] [INFO   ] thread player 0 starting.
[21:03:14.399] [SEVERE ] placing card 26 in slot 0
[21:03:14.500] [SEVERE ] placing card 43 in slot 1
[21:03:14.616] [SEVERE ] placing card 66 in slot 2
[21:03:14.717] [SEVERE ] placing card 14 in slot 3
[21:03:14.818] [SEVERE ] placing card 11 in slot 4
[21:03:14.934] [SEVERE ] placing card 10 in slot 5
[21:03:15.035] [SEVERE ] placing card 64 in slot 6
[21:03:15.140] [SEVERE ] placing card 55 in slot 7
[21:03:15.249] [SEVERE ] placing card 9 in slot 8
[21:03:15.361] [SEVERE ] placing card 4 in slot 9
[21:03:15.473] [SEVERE ] placing card 80 in slot 10
[21:03:15.584] [SEVERE ] placing card 48 in slot 11
[21:03:16.588] [SEVERE ] updating countdown to 59000
[21:03:16.893] [SEVERE ] key 65 was pressed by player 1
[21:03:16.902] [SEVERE ] player 1 placing token on slot 4
[21:03:17.084] [SEVERE ] key 83 was pressed by player 1
[21:03:17.084] [SEVERE ] player 1 placing token on slot 5
[21:03:17.323] [SEVERE ] key 68 was pressed by player 1
[21:03:17.323] [SEVERE ] player 1 placing token on slot 6
[21:03:17.323] [SEVERE ] setting player 1 freeze to 3000
[21:03:17.595] [SEVERE ] updating countdown to 58000
[21:03:18.328] [SEVERE ] setting player 1 freeze to 2000
[21:03:18.599] [SEVERE ] updating countdown to 57000
[21:03:19.332] [SEVERE ] setting player 1 freeze to 1000
[21:03:19.603] [SEVERE ] updating countdown to 56000
[21:03:20.337] [SEVERE ] setting player 1 freeze to 0
[21:03:20.607] [SEVERE ] updating countdown to 55000
[21:03:21.612] [SEVERE ] updating countdown to 54000
[21:03:21.883] [SEVERE ] key 68 was pressed by player 1
[21:03:21.883] [SEVERE ] removing player 1 token from slot 6
[21:03:22.123] [SEVERE ] key 83 was pressed by player 1
[21:03:22.123] [SEVERE ] removing player 1 token from slot 5
[21:03:22.443] [SEVERE ] key 65 was pressed by player 1
[21:03:22.443] [SEVERE ] removing player 1 token from slot 4
[21:03:22.616] [SEVERE ] updating countdown to 53000
[21:03:22.855] [SEVERE ] key 65 was pressed by player 1
[21:03:22.855] [SEVERE ] player 1 placing token on slot 4
[21:03:23.063] [SEVERE ] key 83 was pressed by player 1
[21:03:23.063] [SEVERE ] player 1 placing token on slot 5
[21:03:23.354] [SEVERE ] key 68 was pressed by player 1
[21:03:23.354] [SEVERE ] player 1 placing token on slot 6
[21:03:23.354] [SEVERE ] setting player 1 freeze to 3000
[21:03:23.627] [SEVERE ] updating countdown to 52000
[21:03:23.803] [SEVERE ] key 68 was pressed by player 1
[21:03:24.183] [SEVERE ] key 68 was pressed by player 1
[21:03:24.344] [SEVERE ] key 68 was pressed by player 1
[21:03:24.361] [SEVERE ] setting player 1 freeze to 2000
[21:03:24.623] [SEVERE ] key 83 was pressed by player 1
[21:03:24.633] [SEVERE ] updating countdown to 51000
[21:03:25.368] [SEVERE ] setting player 1 freeze to 1000
[21:03:25.639] [SEVERE ] updating countdown to 50000
[21:03:26.371] [SEVERE ] setting player 1 freeze to 0
[21:03:26.643] [SEVERE ] updating countdown to 49000
[21:03:27.376] [SEVERE ] removing player 1 token from slot 6
[21:03:27.376] [SEVERE ] player 1 placing token on slot 6
[21:03:27.376] [SEVERE ] setting player 1 freeze to 3000
[21:03:27.376] [SEVERE ] key 83 was pressed by player 1
[21:03:27.376] [SEVERE ] key 65 was pressed by player 1
[21:03:27.646] [SEVERE ] updating countdown to 48000
[21:03:28.382] [SEVERE ] setting player 1 freeze to 2000
[21:03:28.655] [SEVERE ] updating countdown to 47000
[21:03:29.388] [SEVERE ] setting player 1 freeze to 1000
[21:03:29.660] [SEVERE ] updating countdown to 46000
[21:03:30.393] [SEVERE ] setting player 1 freeze to 0
[21:03:30.662] [SEVERE ] updating countdown to 45000
[21:03:31.398] [SEVERE ] removing player 1 token from slot 6
[21:03:31.398] [SEVERE ] removing player 1 token from slot 5
[21:03:31.398] [SEVERE ] player 1 placing token on slot 5
[21:03:31.398] [SEVERE ] key 65 was pressed by player 1
[21:03:31.398] [SEVERE ] removing player 1 token from slot 4
[21:03:31.398] [SEVERE ] player 1 placing token on slot 4
[21:03:31.398] [SEVERE ] key 65 was pressed by player 1
[21:03:31.398] [SEVERE ] removing player 1 token from slot 4
[21:03:31.668] [SEVERE ] updating countdown to 44000
[21:03:32.672] [SEVERE ] updating countdown to 43000
[21:03:33.675] [SEVERE ] updating countdown to 42000
[21:03:34.681] [SEVERE ] updating countdown to 41000
[21:03:35.685] [SEVERE ] updating countdown to 40000
[21:03:36.293] [SEVERE ] key 81 was pressed by player 1
[21:03:36.293] [SEVERE ] player 1 placing token on slot 0
[21:03:36.495] [SEVERE ] key 87 was pressed by player 1
[21:03:36.495] [SEVERE ] player 1 placing token on slot 1
[21:03:36.503] [SEVERE ] setting player 1 freeze to 3000
[21:03:36.697] [SEVERE ] updating countdown to 39000
[21:03:37.511] [SEVERE ] setting player 1 freeze to 2000
[21:03:37.702] [SEVERE ] updating countdown to 38000
[21:03:38.516] [SEVERE ] setting player 1 freeze to 1000
[21:03:38.709] [SEVERE ] updating countdown to 37000
[21:03:39.519] [SEVERE ] setting player 1 freeze to 0
[21:03:39.711] [SEVERE ] updating countdown to 36000
[21:03:40.505] [SEVERE ] key 68 was pressed by player 1
[21:03:40.526] [SEVERE ] setting player 1 freeze to 3000
[21:03:40.712] [SEVERE ] updating countdown to 35000
[21:03:41.541] [SEVERE ] setting player 1 freeze to 2000
[21:03:41.716] [SEVERE ] updating countdown to 34000
[21:03:42.546] [SEVERE ] setting player 1 freeze to 1000
[21:03:42.720] [SEVERE ] updating countdown to 33000
[21:03:43.553] [SEVERE ] setting player 1 freeze to 0
[21:03:43.729] [SEVERE ] updating countdown to 32000
[21:03:44.735] [SEVERE ] updating countdown to 31000
[21:03:44.775] [SEVERE ] key 81 was pressed by player 1
[21:03:44.775] [SEVERE ] removing player 1 token from slot 0
[21:03:45.574] [SEVERE ] key 87 was pressed by player 1
[21:03:45.574] [SEVERE ] removing player 1 token from slot 1
[21:03:45.740] [SEVERE ] updating countdown to 30000
[21:03:46.459] [SEVERE ] key 68 was pressed by player 1
[21:03:46.463] [SEVERE ] player 1 placing token on slot 6
[21:03:46.744] [SEVERE ] updating countdown to 29000
[21:03:47.155] [SEVERE ] key 68 was pressed by player 1
[21:03:47.155] [SEVERE ] removing player 1 token from slot 6
[21:03:47.573] [SEVERE ] key 83 was pressed by player 1
[21:03:47.573] [SEVERE ] removing player 1 token from slot 5
[21:03:47.748] [SEVERE ] updating countdown to 28000
[21:03:48.363] [SEVERE ] key 81 was pressed by player 1
[21:03:48.363] [SEVERE ] player 1 placing token on slot 0
[21:03:48.560] [SEVERE ] key 87 was pressed by player 1
[21:03:48.560] [SEVERE ] player 1 placing token on slot 1
[21:03:48.750] [SEVERE ] updating countdown to 27000
[21:03:48.830] [SEVERE ] key 69 was pressed by player 1
[21:03:48.832] [SEVERE ] player 1 placing token on slot 2
[21:03:48.833] [SEVERE ] setting player 1 freeze to 3000
[21:03:49.762] [SEVERE ] updating countdown to 26000
[21:03:49.843] [SEVERE ] setting player 1 freeze to 2000
[21:03:50.347] [SEVERE ] key 69 was pressed by player 1
[21:03:50.768] [SEVERE ] updating countdown to 25000
[21:03:50.847] [SEVERE ] setting player 1 freeze to 1000
[21:03:51.772] [SEVERE ] updating countdown to 24000
[21:03:51.851] [SEVERE ] setting player 1 freeze to 0
[21:03:52.763] [SEVERE ] key 69 was pressed by player 1
[21:03:52.774] [SEVERE ] updating countdown to 23000
[21:03:52.853] [SEVERE ] removing player 1 token from slot 2
[21:03:52.855] [SEVERE ] player 1 placing token on slot 2
[21:03:52.855] [SEVERE ] setting player 1 freeze to 3000
[21:03:53.777] [SEVERE ] updating countdown to 22000
[21:03:53.857] [SEVERE ] setting player 1 freeze to 2000
[21:03:54.780] [SEVERE ] updating countdown to 21000
[21:03:54.860] [SEVERE ] setting player 1 freeze to 1000
[21:03:55.787] [SEVERE ] updating countdown to 20000
[21:03:55.867] [SEVERE ] setting player 1 freeze to 0
[21:03:56.245] [SEVERE ] key 69 was pressed by player 1
[21:03:56.790] [SEVERE ] updating countdown to 19000
[21:03:56.871] [SEVERE ] removing player 1 token from slot 2
[21:03:57.797] [SEVERE ] updating countdown to 18000
[21:03:58.805] [SEVERE ] updating countdown to 17000
[21:03:59.256] [SEVERE ] key 69 was pressed by player 1
[21:03:59.256] [SEVERE ] player 1 placing token on slot 2
[21:03:59.256] [SEVERE ] setting player 1 freeze to 3000
[21:03:59.810] [SEVERE ] updating countdown to 16000
[21:04:00.270] [SEVERE ] setting player 1 freeze to 2000
[21:04:00.405] [SEVERE ] key 80 was pressed by player 2
[21:04:00.405] [SEVERE ] player 2 placing token on slot 3
[21:04:00.812] [SEVERE ] updating countdown to 15000
[21:04:01.286] [SEVERE ] setting player 1 freeze to 1000
[21:04:01.463] [SEVERE ] key 79 was pressed by player 2
[21:04:01.463] [SEVERE ] player 2 placing token on slot 2
[21:04:01.813] [SEVERE ] updating countdown to 14000
[21:04:01.815] [SEVERE ] key 85 was pressed by player 2
[21:04:01.815] [SEVERE ] player 2 placing token on slot 0
[21:04:01.815] [SEVERE ] setting player 2 freeze to 3000
[21:04:02.298] [SEVERE ] setting player 1 freeze to 0
[21:04:02.826] [SEVERE ] updating countdown to 13000
[21:04:02.826] [SEVERE ] setting player 2 freeze to 2000
[21:04:03.827] [SEVERE ] updating countdown to 12000
[21:04:03.827] [SEVERE ] setting player 2 freeze to 1000
[21:04:03.966] [SEVERE ] key 87 was pressed by player 1
[21:04:03.966] [SEVERE ] removing player 1 token from slot 1
[21:04:04.503] [SEVERE ] key 81 was pressed by player 1
[21:04:04.505] [SEVERE ] removing player 1 token from slot 0
[21:04:04.829] [SEVERE ] setting player 2 freeze to 0
[21:04:04.829] [SEVERE ] updating countdown to 11000
[21:04:05.763] [SEVERE ] key 81 was pressed by player 1
[21:04:05.763] [SEVERE ] player 1 placing token on slot 0
[21:04:05.832] [SEVERE ] updating countdown to 10000
[21:04:06.024] [SEVERE ] key 65 was pressed by player 1
[21:04:06.024] [SEVERE ] player 1 placing token on slot 4
[21:04:06.024] [SEVERE ] setting player 1 freeze to 3000
[21:04:06.844] [SEVERE ] updating countdown to 9000
[21:04:07.034] [SEVERE ] setting player 1 freeze to 2000
[21:04:07.306] [SEVERE ] key 65 was pressed by player 1
[21:04:07.643] [SEVERE ] key 65 was pressed by player 1
[21:04:07.848] [SEVERE ] updating countdown to 8000
[21:04:07.913] [SEVERE ] key 65 was pressed by player 1
[21:04:08.039] [SEVERE ] setting player 1 freeze to 1000
[21:04:08.119] [SEVERE ] key 65 was pressed by player 1
[21:04:08.853] [SEVERE ] updating countdown to 7000
[21:04:09.045] [SEVERE ] setting player 1 freeze to 0
[21:04:09.860] [SEVERE ] updating countdown to 6000
[21:04:10.053] [SEVERE ] removing player 1 token from slot 4
[21:04:10.053] [SEVERE ] player 1 placing token on slot 4
[21:04:10.053] [SEVERE ] key 65 was pressed by player 1
[21:04:10.053] [SEVERE ] setting player 1 freeze to 3000
[21:04:10.863] [SEVERE ] updating countdown to 5000
[21:04:11.054] [SEVERE ] setting player 1 freeze to 2000
[21:04:11.868] [SEVERE ] updating countdown to 4000
[21:04:12.059] [SEVERE ] setting player 1 freeze to 1000
[21:04:12.877] [SEVERE ] updating countdown to 3000
[21:04:13.062] [SEVERE ] setting player 1 freeze to 0
[21:04:13.892] [SEVERE ] updating countdown to 2000
[21:04:14.075] [SEVERE ] removing player 1 token from slot 4
[21:04:14.075] [SEVERE ] player 1 placing token on slot 4
[21:04:14.075] [SEVERE ] setting player 1 freeze to 3000
[21:04:14.897] [SEVERE ] updating countdown to 1000
[21:04:15.075] [SEVERE ] setting player 1 freeze to 2000
