[03:20:34.639] [INFO   ] thread main starting.
[03:20:34.649] [SEVERE ] cannot read configuration file config.properties trying from resources.
[03:20:34.649] [SEVERE ] configuration file was loaded from resources directory.
[03:20:35.189] [INFO   ] thread dealer starting.
[03:20:35.189] [INFO   ] thread Thread-0 starting.
[03:20:35.189] [INFO   ] thread Thread-1 starting.
[03:20:35.189] [INFO   ] thread dealer starting.
[03:20:35.310] [SEVERE ] placing card 0 in slot 0
[03:20:35.428] [SEVERE ] placing card 45 in slot 1
[03:20:35.543] [SEVERE ] placing card 56 in slot 2
[03:20:35.660] [SEVERE ] placing card 39 in slot 3
[03:20:35.777] [SEVERE ] placing card 38 in slot 4
[03:20:35.893] [SEVERE ] placing card 18 in slot 5
[03:20:35.995] [SEVERE ] placing card 4 in slot 6
[03:20:36.109] [SEVERE ] placing card 69 in slot 7
[03:20:36.219] [SEVERE ] placing card 27 in slot 8
[03:20:36.329] [SEVERE ] placing card 74 in slot 9
[03:20:36.440] [SEVERE ] placing card 54 in slot 10
[03:20:36.542] [SEVERE ] placing card 26 in slot 11
[03:20:37.484] [SEVERE ] key 81 was pressed by player 1
[03:20:37.484] [SEVERE ] player 1 placing token on slot 0
[03:20:37.550] [SEVERE ] updating countdown to 59000
[03:20:38.561] [SEVERE ] updating countdown to 58000
[03:20:38.670] [SEVERE ] key 87 was pressed by player 1
[03:20:38.670] [SEVERE ] player 1 placing token on slot 1
[03:20:38.670] [SEVERE ] setting player 1 freeze to 3000
[03:20:39.567] [SEVERE ] updating countdown to 57000
[03:20:40.568] [SEVERE ] updating countdown to 56000
[03:20:41.576] [SEVERE ] updating countdown to 55000
[03:20:42.520] [SEVERE ] key 75 was pressed by player 2
[03:20:42.520] [SEVERE ] player 2 placing token on slot 5
[03:20:42.586] [SEVERE ] updating countdown to 54000
[03:20:43.537] [SEVERE ] key 76 was pressed by player 2
[03:20:43.538] [SEVERE ] player 2 placing token on slot 6
[03:20:43.538] [SEVERE ] setting player 2 freeze to 3000
[03:20:43.602] [SEVERE ] updating countdown to 53000
[03:20:44.611] [SEVERE ] updating countdown to 52000
[03:20:45.612] [SEVERE ] updating countdown to 51000
