[18:18:55.869] [INFO   ] thread main starting.
[18:18:55.880] [SEVERE ] cannot read configuration file config.properties trying from resources.
[18:18:55.886] [SEVERE ] configuration file was loaded from resources directory.
[18:18:56.512] [INFO   ] thread dealer starting.
[18:18:56.521] [INFO   ] thread player 0 starting.
[18:18:56.526] [INFO   ] thread player 1 starting.
[18:18:56.526] [INFO   ] thread dealer starting.
[18:18:56.651] [SEVERE ] placing card 49 in slot 0
[18:18:56.763] [SEVERE ] placing card 45 in slot 1
[18:18:56.866] [SEVERE ] placing card 25 in slot 2
[18:18:56.970] [SEVERE ] placing card 53 in slot 3
[18:18:57.081] [SEVERE ] placing card 28 in slot 4
[18:18:57.185] [SEVERE ] placing card 40 in slot 5
[18:18:57.296] [SEVERE ] placing card 66 in slot 6
[18:18:57.400] [SEVERE ] placing card 16 in slot 7
[18:18:57.510] [SEVERE ] placing card 68 in slot 8
[18:18:57.620] [SEVERE ] placing card 18 in slot 9
[18:18:57.730] [SEVERE ] placing card 20 in slot 10
[18:18:57.841] [SEVERE ] placing card 60 in slot 11
[18:18:58.856] [SEVERE ] updating countdown to 59000
[18:18:59.650] [SEVERE ] key 81 was pressed by player 1
[18:18:59.870] [SEVERE ] updating countdown to 58000
[18:19:00.885] [SEVERE ] updating countdown to 57000
[18:19:01.886] [SEVERE ] updating countdown to 56000
[18:19:01.998] [SEVERE ] exit button pressed
[18:19:02.899] [SEVERE ] updating countdown to 55000
[18:19:03.902] [SEVERE ] updating countdown to 54000
[18:19:04.913] [SEVERE ] updating countdown to 53000
[18:19:05.916] [SEVERE ] updating countdown to 52000
[18:19:06.916] [SEVERE ] updating countdown to 51000
[18:19:07.931] [SEVERE ] updating countdown to 50000
[18:19:08.946] [SEVERE ] updating countdown to 49000
[18:19:09.948] [SEVERE ] updating countdown to 48000
[18:19:10.953] [SEVERE ] updating countdown to 47000
[18:19:11.956] [SEVERE ] updating countdown to 46000
[18:19:12.957] [SEVERE ] updating countdown to 45000
[18:19:13.961] [SEVERE ] updating countdown to 44000
[18:19:14.973] [SEVERE ] updating countdown to 43000
[18:19:15.986] [SEVERE ] updating countdown to 42000
[18:19:16.988] [SEVERE ] updating countdown to 41000
[18:19:17.999] [SEVERE ] updating countdown to 40000
[18:19:19.014] [SEVERE ] updating countdown to 39000
[18:19:20.015] [SEVERE ] updating countdown to 38000
[18:19:21.030] [SEVERE ] updating countdown to 37000
[18:19:22.040] [SEVERE ] updating countdown to 36000
[18:19:23.043] [SEVERE ] updating countdown to 35000
[18:19:24.046] [SEVERE ] updating countdown to 34000
[18:19:25.060] [SEVERE ] updating countdown to 33000
[18:19:26.062] [SEVERE ] updating countdown to 32000
[18:19:27.078] [SEVERE ] updating countdown to 31000
[18:19:28.088] [SEVERE ] updating countdown to 30000
[18:19:29.093] [SEVERE ] updating countdown to 29000
[18:19:30.096] [SEVERE ] updating countdown to 28000
[18:19:31.097] [SEVERE ] updating countdown to 27000
[18:19:32.111] [SEVERE ] updating countdown to 26000
[18:19:33.115] [SEVERE ] updating countdown to 25000
[18:19:34.122] [SEVERE ] updating countdown to 24000
[18:19:35.130] [SEVERE ] updating countdown to 23000
[18:19:36.146] [SEVERE ] updating countdown to 22000
[18:19:37.159] [SEVERE ] updating countdown to 21000
[18:19:38.169] [SEVERE ] updating countdown to 20000
[18:19:39.177] [SEVERE ] updating countdown to 19000
[18:19:40.179] [SEVERE ] updating countdown to 18000
[18:19:41.195] [SEVERE ] updating countdown to 17000
[18:19:42.203] [SEVERE ] updating countdown to 16000
[18:19:43.204] [SEVERE ] updating countdown to 15000
[18:19:44.217] [SEVERE ] updating countdown to 14000
[18:19:45.229] [SEVERE ] updating countdown to 13000
[18:19:46.242] [SEVERE ] updating countdown to 12000
[18:19:47.248] [SEVERE ] updating countdown to 11000
[18:19:48.261] [SEVERE ] updating countdown to 10000
[18:19:49.261] [SEVERE ] updating countdown to 9000
[18:19:50.277] [SEVERE ] updating countdown to 8000
[18:19:51.278] [SEVERE ] updating countdown to 7000
[18:19:52.292] [SEVERE ] updating countdown to 6000
[18:19:53.304] [SEVERE ] updating countdown to 5000
[18:19:54.314] [SEVERE ] updating countdown to 4000
[18:19:55.328] [SEVERE ] updating countdown to 3000
[18:19:56.331] [SEVERE ] updating countdown to 2000
[18:19:57.345] [SEVERE ] updating countdown to 1000
[18:19:58.461] [SEVERE ] removing card from slot 0
[18:19:58.575] [SEVERE ] removing card from slot 1
[18:19:58.689] [SEVERE ] removing card from slot 2
[18:19:58.793] [SEVERE ] removing card from slot 3
[18:19:58.908] [SEVERE ] removing card from slot 4
[18:19:59.012] [SEVERE ] removing card from slot 5
[18:19:59.123] [SEVERE ] removing card from slot 6
[18:19:59.228] [SEVERE ] removing card from slot 7
[18:19:59.339] [SEVERE ] removing card from slot 8
[18:19:59.449] [SEVERE ] removing card from slot 9
[18:19:59.558] [SEVERE ] removing card from slot 10
[18:19:59.660] [SEVERE ] removing card from slot 11
[18:19:59.766] [SEVERE ] placing card 17 in slot 0
[18:19:59.870] [SEVERE ] placing card 57 in slot 1
[18:19:59.977] [SEVERE ] placing card 2 in slot 2
[18:20:00.084] [SEVERE ] placing card 51 in slot 3
[18:20:00.193] [SEVERE ] placing card 74 in slot 4
[18:20:00.195] [INFO   ] thread dealer terminated.
[18:20:00.195] [SEVERE ] thanks for playing... it was fun!
[18:20:00.196] [INFO   ] thread main terminated.
