[19:23:25.886] [INFO   ] thread main starting.
[19:23:25.886] [SEVERE ] cannot read configuration file config.properties trying from resources.
[19:23:25.902] [SEVERE ] configuration file was loaded from resources directory.
[19:23:26.581] [INFO   ] thread dealer starting.
[19:23:26.581] [INFO   ] thread player 0 starting.
[19:23:26.582] [INFO   ] thread player 1 starting.
[19:23:26.582] [INFO   ] thread dealer starting.
[19:23:26.601] [INFO   ] thread player 1 starting.
[19:23:26.602] [INFO   ] thread player 0 starting.
[19:23:26.724] [SEVERE ] placing card 68 in slot 0
[19:23:26.834] [SEVERE ] placing card 16 in slot 1
[19:23:26.944] [SEVERE ] placing card 71 in slot 2
[19:23:27.054] [SEVERE ] placing card 60 in slot 3
[19:23:27.165] [SEVERE ] placing card 27 in slot 4
[19:23:27.275] [SEVERE ] placing card 77 in slot 5
[19:23:27.385] [SEVERE ] placing card 42 in slot 6
[19:23:27.495] [SEVERE ] placing card 57 in slot 7
[19:23:27.605] [SEVERE ] placing card 76 in slot 8
[19:23:27.716] [SEVERE ] placing card 40 in slot 9
[19:23:27.827] [SEVERE ] placing card 6 in slot 10
[19:23:27.938] [SEVERE ] placing card 19 in slot 11
[19:23:28.946] [SEVERE ] updating countdown to 59000
[19:23:29.956] [SEVERE ] updating countdown to 58000
[19:23:30.967] [SEVERE ] updating countdown to 57000
[19:23:31.981] [SEVERE ] updating countdown to 56000
[19:23:32.989] [SEVERE ] updating countdown to 55000
[19:23:33.995] [SEVERE ] updating countdown to 54000
[19:23:35.000] [SEVERE ] updating countdown to 53000
[19:23:36.011] [SEVERE ] updating countdown to 52000
[19:23:37.022] [SEVERE ] updating countdown to 51000
[19:23:37.748] [SEVERE ] key 81 was pressed by player 1
[19:23:37.748] [SEVERE ] player 1 placing token on slot 0
[19:23:38.032] [SEVERE ] updating countdown to 50000
[19:23:38.175] [SEVERE ] key 87 was pressed by player 1
[19:23:38.175] [SEVERE ] player 1 placing token on slot 1
[19:23:38.568] [SEVERE ] key 69 was pressed by player 1
[19:23:38.568] [SEVERE ] player 1 placing token on slot 2
[19:23:39.040] [SEVERE ] updating countdown to 49000
[19:23:39.040] [SEVERE ] removing player 1 token from slot 0
[19:23:39.150] [SEVERE ] removing card from slot 0
[19:23:39.150] [SEVERE ] removing player 1 token from slot 1
[19:23:39.260] [SEVERE ] removing card from slot 1
[19:23:39.260] [SEVERE ] removing player 1 token from slot 2
[19:23:39.371] [SEVERE ] removing card from slot 2
[19:23:39.483] [SEVERE ] placing card 72 in slot 0
[19:23:39.594] [SEVERE ] placing card 5 in slot 1
[19:23:39.705] [SEVERE ] placing card 14 in slot 2
[19:23:40.716] [SEVERE ] updating countdown to 48000
[19:23:41.721] [SEVERE ] updating countdown to 47000
[19:23:42.732] [SEVERE ] updating countdown to 46000
[19:23:43.747] [SEVERE ] updating countdown to 45000
[19:23:44.750] [SEVERE ] updating countdown to 44000
[19:23:45.763] [SEVERE ] updating countdown to 43000
[19:23:46.766] [SEVERE ] updating countdown to 42000
[19:23:47.782] [SEVERE ] updating countdown to 41000
[19:23:48.788] [SEVERE ] updating countdown to 40000
[19:23:49.799] [SEVERE ] updating countdown to 39000
[19:23:50.809] [SEVERE ] updating countdown to 38000
[19:23:51.812] [SEVERE ] updating countdown to 37000
[19:23:52.814] [SEVERE ] updating countdown to 36000
[19:23:53.829] [SEVERE ] updating countdown to 35000
[19:23:54.844] [SEVERE ] updating countdown to 34000
[19:23:55.849] [SEVERE ] updating countdown to 33000
[19:23:56.850] [SEVERE ] updating countdown to 32000
[19:23:57.852] [SEVERE ] updating countdown to 31000
[19:23:58.858] [SEVERE ] updating countdown to 30000
[19:23:59.869] [SEVERE ] updating countdown to 29000
[19:24:00.881] [SEVERE ] updating countdown to 28000
[19:24:01.883] [SEVERE ] updating countdown to 27000
[19:24:02.897] [SEVERE ] updating countdown to 26000
[19:24:03.905] [SEVERE ] updating countdown to 25000
[19:24:04.921] [SEVERE ] updating countdown to 24000
[19:24:05.928] [SEVERE ] updating countdown to 23000
[19:24:06.943] [SEVERE ] updating countdown to 22000
[19:24:07.948] [SEVERE ] updating countdown to 21000
[19:24:08.952] [SEVERE ] updating countdown to 20000
[19:24:09.960] [SEVERE ] updating countdown to 19000
[19:24:10.964] [SEVERE ] updating countdown to 18000
[19:24:11.969] [SEVERE ] updating countdown to 17000
[19:24:12.975] [SEVERE ] updating countdown to 16000
[19:24:13.993] [SEVERE ] updating countdown to 15000
[19:24:14.996] [SEVERE ] updating countdown to 14000
[19:24:16.003] [SEVERE ] updating countdown to 13000
[19:24:17.009] [SEVERE ] updating countdown to 12000
[19:24:18.011] [SEVERE ] updating countdown to 11000
[19:24:19.012] [SEVERE ] updating countdown to 10000
[19:24:20.021] [SEVERE ] updating countdown to 9000
[19:24:21.026] [SEVERE ] updating countdown to 8000
[19:24:22.033] [SEVERE ] updating countdown to 7000
[19:24:23.034] [SEVERE ] updating countdown to 6000
[19:24:24.040] [SEVERE ] updating countdown to 5000
[19:24:25.043] [SEVERE ] updating countdown to 4000
[19:24:26.045] [SEVERE ] updating countdown to 3000
[19:24:27.052] [SEVERE ] updating countdown to 2000
[19:24:28.058] [SEVERE ] updating countdown to 1000
[19:24:29.168] [SEVERE ] removing card from slot 0
[19:24:29.279] [SEVERE ] removing card from slot 1
[19:24:29.390] [SEVERE ] removing card from slot 2
[19:24:29.500] [SEVERE ] removing card from slot 3
[19:24:29.613] [SEVERE ] removing card from slot 4
[19:24:29.723] [SEVERE ] removing card from slot 5
[19:24:29.833] [SEVERE ] removing card from slot 6
[19:24:29.944] [SEVERE ] removing card from slot 7
[19:24:30.045] [SEVERE ] removing card from slot 8
[19:24:30.153] [SEVERE ] removing card from slot 9
[19:24:30.259] [SEVERE ] removing card from slot 10
[19:24:30.359] [SEVERE ] removing card from slot 11
[19:24:30.475] [SEVERE ] placing card 51 in slot 0
[19:24:30.590] [SEVERE ] placing card 22 in slot 1
[19:24:30.707] [SEVERE ] placing card 39 in slot 2
[19:24:30.807] [SEVERE ] placing card 62 in slot 3
[19:24:30.911] [SEVERE ] placing card 31 in slot 4
[19:24:30.911] [INFO   ] thread dealer terminated.
[19:24:35.913] [SEVERE ] thanks for playing... it was fun!
[19:24:35.913] [INFO   ] thread main terminated.
[19:24:35.913] [SEVERE ] disposing of user interface elements
