[16:18:26.009] [INFO   ] thread main starting.
[16:18:26.025] [SEVERE ] cannot read configuration file config.properties trying from resources.
[16:18:26.025] [SEVERE ] configuration file was loaded from resources directory.
[16:18:26.903] [INFO   ] thread dealer starting.
[16:18:26.912] [INFO   ] thread dealer starting.
[16:18:27.041] [SEVERE ] placing card 75 in slot 0
[16:18:27.141] [SEVERE ] placing card 55 in slot 1
[16:18:27.252] [SEVERE ] placing card 15 in slot 2
[16:18:27.356] [SEVERE ] placing card 54 in slot 3
[16:18:27.458] [SEVERE ] placing card 69 in slot 4
[16:18:27.570] [SEVERE ] placing card 20 in slot 5
[16:18:27.674] [SEVERE ] placing card 72 in slot 6
[16:18:27.775] [SEVERE ] placing card 52 in slot 7
[16:18:27.886] [SEVERE ] placing card 27 in slot 8
[16:18:27.996] [SEVERE ] placing card 4 in slot 9
[16:18:28.106] [SEVERE ] placing card 11 in slot 10
[16:18:28.216] [SEVERE ] placing card 56 in slot 11
[16:18:29.222] [SEVERE ] updating countdown to 59000
[16:18:29.992] [SEVERE ] key 81 was pressed by player 1
[16:18:30.227] [SEVERE ] updating countdown to 58000
[16:18:30.432] [SEVERE ] key 87 was pressed by player 1
[16:18:30.643] [SEVERE ] key 69 was pressed by player 1
[16:18:31.239] [SEVERE ] updating countdown to 57000
[16:18:32.247] [SEVERE ] updating countdown to 56000
[16:18:33.249] [SEVERE ] updating countdown to 55000
[16:18:34.258] [SEVERE ] updating countdown to 54000
[16:18:35.269] [SEVERE ] updating countdown to 53000
[16:18:36.274] [SEVERE ] updating countdown to 52000
[16:18:37.278] [SEVERE ] updating countdown to 51000
[16:18:38.291] [SEVERE ] updating countdown to 50000
[16:18:39.291] [SEVERE ] updating countdown to 49000
[16:18:40.302] [SEVERE ] updating countdown to 48000
[16:18:41.314] [SEVERE ] updating countdown to 47000
[16:18:42.324] [SEVERE ] updating countdown to 46000
[16:18:43.338] [SEVERE ] updating countdown to 45000
[16:18:44.340] [SEVERE ] updating countdown to 44000
[16:18:45.356] [SEVERE ] updating countdown to 43000
[16:18:46.371] [SEVERE ] updating countdown to 42000
[16:18:47.372] [SEVERE ] updating countdown to 41000
[16:18:48.381] [SEVERE ] updating countdown to 40000
[16:18:49.392] [SEVERE ] updating countdown to 39000
[16:22:03.445] [SEVERE ] updating countdown to 38000
[16:22:04.469] [SEVERE ] updating countdown to 37000
[16:22:05.481] [SEVERE ] updating countdown to 36000
[16:22:06.481] [SEVERE ] updating countdown to 35000
[16:22:07.483] [SEVERE ] updating countdown to 34000
[16:22:08.496] [SEVERE ] updating countdown to 33000
[16:22:09.503] [SEVERE ] updating countdown to 32000
[16:22:10.511] [SEVERE ] updating countdown to 31000
[16:22:11.517] [SEVERE ] updating countdown to 30000
[16:22:12.531] [SEVERE ] updating countdown to 29000
[16:22:13.543] [SEVERE ] updating countdown to 28000
[16:22:14.552] [SEVERE ] updating countdown to 27000
[16:22:15.563] [SEVERE ] updating countdown to 26000
[16:22:16.572] [SEVERE ] updating countdown to 25000
[16:22:17.577] [SEVERE ] updating countdown to 24000
[16:22:18.590] [SEVERE ] updating countdown to 23000
[16:22:19.606] [SEVERE ] updating countdown to 22000
[16:22:20.607] [SEVERE ] updating countdown to 21000
[16:22:21.622] [SEVERE ] updating countdown to 20000
[16:22:22.628] [SEVERE ] updating countdown to 19000
[16:22:23.629] [SEVERE ] updating countdown to 18000
[16:22:24.645] [SEVERE ] updating countdown to 17000
[16:22:25.652] [SEVERE ] updating countdown to 16000
[16:22:26.659] [SEVERE ] updating countdown to 15000
[16:22:27.670] [SEVERE ] updating countdown to 14000
[16:22:28.686] [SEVERE ] updating countdown to 13000
[16:22:29.687] [SEVERE ] updating countdown to 12000
[16:22:30.695] [SEVERE ] updating countdown to 11000
[16:22:31.707] [SEVERE ] updating countdown to 10000
[16:22:32.715] [SEVERE ] updating countdown to 9000
[16:22:33.724] [SEVERE ] updating countdown to 8000
[16:22:34.730] [SEVERE ] updating countdown to 7000
[16:22:35.742] [SEVERE ] updating countdown to 6000
[16:22:36.743] [SEVERE ] updating countdown to 5000
[16:22:37.749] [SEVERE ] updating countdown to 4000
[16:22:38.760] [SEVERE ] updating countdown to 3000
[16:22:39.765] [SEVERE ] updating countdown to 2000
[16:22:40.766] [SEVERE ] updating countdown to 1000
[16:22:41.892] [SEVERE ] removing card from slot 0
[16:22:41.995] [SEVERE ] removing card from slot 1
[16:22:42.107] [SEVERE ] removing card from slot 2
[16:22:42.210] [SEVERE ] removing card from slot 3
[16:22:42.314] [SEVERE ] removing card from slot 4
[16:22:42.425] [SEVERE ] removing card from slot 5
[16:22:42.536] [SEVERE ] removing card from slot 6
[16:22:42.644] [SEVERE ] removing card from slot 7
[16:22:42.746] [SEVERE ] removing card from slot 8
[16:22:42.858] [SEVERE ] removing card from slot 9
[16:22:42.969] [SEVERE ] removing card from slot 10
[16:22:43.080] [SEVERE ] removing card from slot 11
[16:22:43.200] [SEVERE ] placing card 60 in slot 0
[16:22:43.311] [SEVERE ] placing card 42 in slot 1
[16:22:43.422] [SEVERE ] placing card 67 in slot 2
[16:22:43.533] [SEVERE ] placing card 76 in slot 3
[16:22:43.644] [SEVERE ] placing card 34 in slot 4
[16:22:43.748] [SEVERE ] placing card 22 in slot 5
[16:22:43.860] [SEVERE ] placing card 3 in slot 6
[16:22:43.970] [SEVERE ] placing card 18 in slot 7
[16:22:44.082] [SEVERE ] placing card 28 in slot 8
[16:22:44.184] [SEVERE ] placing card 80 in slot 9
[16:22:44.296] [SEVERE ] placing card 29 in slot 10
[16:22:44.398] [SEVERE ] placing card 45 in slot 11
[16:22:44.398] [SEVERE ] updating countdown to 60000
[16:22:44.398] [SEVERE ] updating countdown to 59000
[16:22:45.410] [SEVERE ] updating countdown to 58000
[16:22:46.415] [SEVERE ] updating countdown to 57000
[16:22:47.422] [SEVERE ] updating countdown to 56000
[16:22:48.430] [SEVERE ] updating countdown to 55000
[16:22:49.441] [SEVERE ] updating countdown to 54000
[16:22:50.453] [SEVERE ] updating countdown to 53000
[16:22:51.467] [SEVERE ] updating countdown to 52000
[16:22:52.476] [SEVERE ] updating countdown to 51000
[16:22:53.491] [SEVERE ] updating countdown to 50000
[16:22:54.504] [SEVERE ] updating countdown to 49000
[16:22:55.509] [SEVERE ] updating countdown to 48000
[16:22:56.521] [SEVERE ] updating countdown to 47000
[16:22:57.535] [SEVERE ] updating countdown to 46000
[16:22:58.542] [SEVERE ] updating countdown to 45000
[16:22:59.550] [SEVERE ] updating countdown to 44000
[16:23:00.555] [SEVERE ] updating countdown to 43000
[16:23:01.558] [SEVERE ] updating countdown to 42000
[16:23:02.559] [SEVERE ] updating countdown to 41000
[16:23:03.569] [SEVERE ] updating countdown to 40000
[16:23:04.574] [SEVERE ] updating countdown to 39000
[16:23:05.590] [SEVERE ] updating countdown to 38000
[16:23:06.604] [SEVERE ] updating countdown to 37000
[16:23:07.608] [SEVERE ] updating countdown to 36000
[16:23:08.620] [SEVERE ] updating countdown to 35000
[16:23:09.628] [SEVERE ] updating countdown to 34000
[16:23:10.637] [SEVERE ] updating countdown to 33000
[16:23:11.642] [SEVERE ] updating countdown to 32000
[16:23:12.651] [SEVERE ] updating countdown to 31000
[16:23:13.653] [SEVERE ] updating countdown to 30000
[16:23:14.663] [SEVERE ] updating countdown to 29000
[16:23:15.675] [SEVERE ] updating countdown to 28000
[16:23:16.679] [SEVERE ] updating countdown to 27000
[16:23:17.681] [SEVERE ] updating countdown to 26000
[16:23:18.688] [SEVERE ] updating countdown to 25000
[16:23:19.698] [SEVERE ] updating countdown to 24000
[16:23:20.706] [SEVERE ] updating countdown to 23000
[16:23:21.727] [SEVERE ] updating countdown to 22000
[16:23:22.734] [SEVERE ] updating countdown to 21000
[16:23:23.752] [SEVERE ] updating countdown to 20000
[16:23:24.754] [SEVERE ] updating countdown to 19000
[16:23:25.759] [SEVERE ] updating countdown to 18000
[16:23:26.771] [SEVERE ] updating countdown to 17000
[16:23:27.779] [SEVERE ] updating countdown to 16000
[16:23:28.792] [SEVERE ] updating countdown to 15000
[16:23:29.807] [SEVERE ] updating countdown to 14000
[16:23:30.812] [SEVERE ] updating countdown to 13000
[16:23:31.815] [SEVERE ] updating countdown to 12000
[16:23:32.816] [SEVERE ] updating countdown to 11000
[16:23:33.817] [SEVERE ] updating countdown to 10000
[16:23:34.827] [SEVERE ] updating countdown to 9000
[16:23:35.834] [SEVERE ] updating countdown to 8000
[16:23:36.841] [SEVERE ] updating countdown to 7000
[16:23:37.853] [SEVERE ] updating countdown to 6000
[16:23:38.863] [SEVERE ] updating countdown to 5000
[16:23:39.864] [SEVERE ] updating countdown to 4000
[16:23:40.866] [SEVERE ] updating countdown to 3000
[16:23:41.868] [SEVERE ] updating countdown to 2000
[16:23:42.884] [SEVERE ] updating countdown to 1000
[16:23:44.002] [SEVERE ] removing card from slot 0
[16:23:44.103] [SEVERE ] removing card from slot 1
[16:23:44.214] [SEVERE ] removing card from slot 2
[16:23:44.317] [SEVERE ] removing card from slot 3
[16:23:44.421] [SEVERE ] removing card from slot 4
[16:23:44.531] [SEVERE ] removing card from slot 5
[16:23:44.641] [SEVERE ] removing card from slot 6
[16:23:44.752] [SEVERE ] removing card from slot 7
[16:23:44.855] [SEVERE ] removing card from slot 8
[16:23:44.957] [SEVERE ] removing card from slot 9
[16:23:45.067] [SEVERE ] removing card from slot 10
[16:23:45.177] [SEVERE ] removing card from slot 11
[16:23:45.288] [SEVERE ] placing card 48 in slot 0
[16:23:45.293] [INFO   ] thread dealer terminated.
[16:23:50.302] [SEVERE ] thanks for playing... it was fun!
[16:23:50.302] [INFO   ] thread main terminated.
[16:23:50.302] [SEVERE ] disposing of user interface elements
