[14:46:11.899] [INFO   ] thread main starting.
[14:46:11.912] [SEVERE ] cannot read configuration file config.properties trying from resources.
[14:46:11.912] [SEVERE ] configuration file was loaded from resources directory.
[14:46:12.747] [INFO   ] thread dealer starting.
[14:46:12.749] [INFO   ] thread Thread-1 starting.
[14:46:12.750] [INFO   ] thread dealer starting.
[14:46:12.750] [INFO   ] thread Thread-2 starting.
[14:46:12.889] [SEVERE ] placing card 45 in slot 0
[14:46:12.990] [SEVERE ] placing card 29 in slot 1
[14:46:13.092] [SEVERE ] placing card 75 in slot 2
[14:46:13.207] [SEVERE ] placing card 6 in slot 3
[14:46:13.308] [SEVERE ] placing card 72 in slot 4
[14:46:13.409] [SEVERE ] placing card 14 in slot 5
[14:46:13.509] [SEVERE ] placing card 69 in slot 6
[14:46:13.623] [SEVERE ] placing card 2 in slot 7
[14:46:13.735] [SEVERE ] placing card 7 in slot 8
[14:46:13.845] [SEVERE ] placing card 0 in slot 9
[14:46:13.956] [SEVERE ] placing card 73 in slot 10
[14:46:14.067] [SEVERE ] placing card 57 in slot 11
[14:46:15.082] [SEVERE ] updating countdown to 59000
[14:46:15.541] [SEVERE ] key 81 was pressed by player 1
[14:46:16.086] [SEVERE ] updating countdown to 58000
[14:46:17.091] [SEVERE ] updating countdown to 57000
[14:46:18.091] [SEVERE ] updating countdown to 56000
[14:46:19.098] [SEVERE ] updating countdown to 55000
[14:46:20.106] [SEVERE ] updating countdown to 54000
[14:46:21.108] [SEVERE ] updating countdown to 53000
[14:46:22.122] [SEVERE ] updating countdown to 52000
[14:46:23.123] [SEVERE ] updating countdown to 51000
[14:46:23.170] [SEVERE ] player 1 placing token on slot 0
[14:46:24.123] [SEVERE ] updating countdown to 50000
[14:46:25.127] [SEVERE ] updating countdown to 49000
[14:46:26.140] [SEVERE ] updating countdown to 48000
[14:46:27.141] [SEVERE ] updating countdown to 47000
[14:46:28.154] [SEVERE ] updating countdown to 46000
[14:46:29.169] [SEVERE ] updating countdown to 45000
[14:46:30.175] [SEVERE ] updating countdown to 44000
[14:46:31.189] [SEVERE ] updating countdown to 43000
[14:46:32.190] [SEVERE ] updating countdown to 42000
[14:46:33.192] [SEVERE ] updating countdown to 41000
[14:46:34.193] [SEVERE ] updating countdown to 40000
[14:46:34.399] [SEVERE ] key 81 was pressed by player 1
[14:46:35.206] [SEVERE ] updating countdown to 39000
[14:46:36.222] [SEVERE ] updating countdown to 38000
[14:46:37.222] [SEVERE ] updating countdown to 37000
[14:46:38.238] [SEVERE ] updating countdown to 36000
[14:46:39.250] [SEVERE ] updating countdown to 35000
[14:46:40.255] [SEVERE ] updating countdown to 34000
[14:46:41.270] [SEVERE ] updating countdown to 33000
[14:46:42.270] [SEVERE ] updating countdown to 32000
[14:46:43.276] [SEVERE ] updating countdown to 31000
[14:46:44.281] [SEVERE ] updating countdown to 30000
[14:46:45.291] [SEVERE ] updating countdown to 29000
[14:46:46.295] [SEVERE ] updating countdown to 28000
[14:46:47.305] [SEVERE ] updating countdown to 27000
[14:46:48.319] [SEVERE ] updating countdown to 26000
[14:46:49.336] [SEVERE ] updating countdown to 25000
[14:46:50.347] [SEVERE ] updating countdown to 24000
[14:46:51.353] [SEVERE ] updating countdown to 23000
[14:46:52.357] [SEVERE ] updating countdown to 22000
[14:46:53.368] [SEVERE ] updating countdown to 21000
[14:46:54.383] [SEVERE ] updating countdown to 20000
[14:46:55.394] [SEVERE ] updating countdown to 19000
[14:46:56.403] [SEVERE ] updating countdown to 18000
[14:46:57.403] [SEVERE ] updating countdown to 17000
[14:46:58.416] [SEVERE ] updating countdown to 16000
[14:46:59.418] [SEVERE ] updating countdown to 15000
[14:47:00.419] [SEVERE ] updating countdown to 14000
[14:47:01.433] [SEVERE ] updating countdown to 13000
[14:47:02.446] [SEVERE ] updating countdown to 12000
