[03:20:05.157] [INFO   ] thread main starting.
[03:20:05.169] [SEVERE ] cannot read configuration file config.properties trying from resources.
[03:20:05.169] [SEVERE ] configuration file was loaded from resources directory.
[03:20:05.658] [INFO   ] thread dealer starting.
[03:20:05.659] [INFO   ] thread Thread-1 starting.
[03:20:05.659] [INFO   ] thread Thread-0 starting.
[03:20:05.659] [INFO   ] thread dealer starting.
[03:20:05.780] [SEVERE ] placing card 7 in slot 0
[03:20:05.896] [SEVERE ] placing card 2 in slot 1
[03:20:06.000] [SEVERE ] placing card 24 in slot 2
[03:20:06.113] [SEVERE ] placing card 22 in slot 3
[03:20:06.230] [SEVERE ] placing card 61 in slot 4
[03:20:06.333] [SEVERE ] placing card 6 in slot 5
[03:20:06.445] [SEVERE ] placing card 45 in slot 6
[03:20:06.548] [SEVERE ] placing card 76 in slot 7
[03:20:06.657] [SEVERE ] placing card 46 in slot 8
[03:20:06.767] [SEVERE ] placing card 63 in slot 9
[03:20:06.877] [SEVERE ] placing card 51 in slot 10
[03:20:06.989] [SEVERE ] placing card 38 in slot 11
[03:20:07.156] [SEVERE ] key 81 was pressed by player 1
[03:20:07.156] [SEVERE ] player 1 placing token on slot 0
[03:20:07.244] [SEVERE ] key 87 was pressed by player 1
[03:20:07.244] [SEVERE ] player 1 placing token on slot 1
[03:20:07.244] [SEVERE ] setting player 1 freeze to 3000
[03:20:07.335] [SEVERE ] key 69 was pressed by player 1
[03:20:07.991] [SEVERE ] updating countdown to 59000
[03:20:08.342] [SEVERE ] key 69 was pressed by player 1
[03:20:08.732] [SEVERE ] key 69 was pressed by player 1
[03:20:08.998] [SEVERE ] updating countdown to 58000
[03:20:10.006] [SEVERE ] updating countdown to 57000
[03:20:11.013] [SEVERE ] updating countdown to 56000
[03:20:12.025] [SEVERE ] updating countdown to 55000
[03:20:12.811] [SEVERE ] key 80 was pressed by player 2
[03:20:12.811] [SEVERE ] player 2 placing token on slot 3
[03:20:12.944] [SEVERE ] key 79 was pressed by player 2
[03:20:12.944] [SEVERE ] player 2 placing token on slot 2
[03:20:12.944] [SEVERE ] setting player 2 freeze to 3000
[03:20:12.960] [SEVERE ] key 73 was pressed by player 2
[03:20:13.038] [SEVERE ] updating countdown to 54000
[03:20:13.722] [SEVERE ] key 76 was pressed by player 2
[03:20:14.050] [SEVERE ] updating countdown to 53000
[03:20:14.628] [SEVERE ] key 75 was pressed by player 2
[03:20:15.064] [SEVERE ] updating countdown to 52000
[03:20:16.066] [SEVERE ] updating countdown to 51000
[03:20:17.078] [SEVERE ] updating countdown to 50000
[03:20:18.080] [SEVERE ] updating countdown to 49000
[03:20:19.095] [SEVERE ] updating countdown to 48000
[03:20:20.103] [SEVERE ] updating countdown to 47000
[03:20:21.105] [SEVERE ] updating countdown to 46000
[03:20:21.137] [SEVERE ] key 88 was pressed by player 1
[03:20:21.295] [SEVERE ] key 90 was pressed by player 1
[03:20:21.327] [SEVERE ] key 67 was pressed by player 1
[03:20:21.783] [SEVERE ] key 65 was pressed by player 1
[03:20:21.798] [SEVERE ] key 83 was pressed by player 1
[03:20:21.908] [SEVERE ] key 68 was pressed by player 1
[03:20:22.110] [SEVERE ] updating countdown to 45000
[03:20:22.281] [SEVERE ] key 87 was pressed by player 1
[03:20:22.281] [SEVERE ] removing player 1 token from slot 1
[03:20:22.297] [SEVERE ] key 81 was pressed by player 1
[03:20:22.297] [SEVERE ] removing player 1 token from slot 0
[03:20:22.406] [SEVERE ] key 69 was pressed by player 1
[03:20:22.422] [SEVERE ] player 1 placing token on slot 2
[03:20:23.118] [SEVERE ] updating countdown to 44000
[03:20:23.760] [SEVERE ] exit button pressed
[03:20:23.760] [INFO   ] thread Thread-1 terminated.
[03:20:23.760] [INFO   ] thread Thread-0 terminated.
[03:20:24.119] [SEVERE ] updating countdown to 43000
