[03:12:41.999] [INFO   ] thread main starting.
[03:12:42.010] [SEVERE ] cannot read configuration file config.properties trying from resources.
[03:12:42.011] [SEVERE ] configuration file was loaded from resources directory.
[03:12:42.507] [INFO   ] thread dealer starting.
[03:12:42.507] [INFO   ] thread Thread-1 starting.
[03:12:42.507] [INFO   ] thread Thread-0 starting.
[03:12:42.508] [INFO   ] thread dealer starting.
[03:12:42.619] [SEVERE ] placing card 25 in slot 0
[03:12:42.721] [SEVERE ] placing card 8 in slot 1
[03:12:42.829] [SEVERE ] placing card 47 in slot 2
[03:12:42.937] [SEVERE ] placing card 6 in slot 3
[03:12:43.054] [SEVERE ] placing card 18 in slot 4
[03:12:43.161] [SEVERE ] placing card 39 in slot 5
[03:12:43.270] [SEVERE ] placing card 11 in slot 6
[03:12:43.386] [SEVERE ] placing card 23 in slot 7
[03:12:43.505] [SEVERE ] placing card 0 in slot 8
[03:12:43.616] [SEVERE ] placing card 35 in slot 9
[03:12:43.718] [SEVERE ] placing card 27 in slot 10
[03:12:43.831] [SEVERE ] placing card 64 in slot 11
[03:12:44.463] [SEVERE ] key 81 was pressed by player 1
[03:12:44.839] [SEVERE ] updating countdown to 59000
[03:12:45.848] [SEVERE ] updating countdown to 58000
[03:12:45.849] [SEVERE ] key 87 was pressed by player 1
[03:12:46.852] [SEVERE ] updating countdown to 57000
[03:12:47.090] [SEVERE ] key 69 was pressed by player 1
[03:12:47.828] [SEVERE ] key 81 was pressed by player 1
[03:12:47.860] [SEVERE ] updating countdown to 56000
[03:12:48.144] [SEVERE ] key 81 was pressed by player 1
[03:12:48.347] [SEVERE ] key 81 was pressed by player 1
[03:12:48.519] [SEVERE ] key 87 was pressed by player 1
[03:12:48.866] [SEVERE ] updating countdown to 55000
[03:12:49.225] [SEVERE ] key 75 was pressed by player 2
[03:12:49.241] [SEVERE ] key 76 was pressed by player 2
[03:12:49.403] [SEVERE ] key 59 was pressed by player 2
[03:12:49.482] [SEVERE ] key 47 was pressed by player 2
[03:12:49.482] [SEVERE ] key 46 was pressed by player 2
[03:12:49.529] [SEVERE ] key 75 was pressed by player 2
[03:12:49.560] [SEVERE ] key 76 was pressed by player 2
[03:12:49.670] [SEVERE ] key 46 was pressed by player 2
[03:12:49.729] [SEVERE ] key 75 was pressed by player 2
[03:12:49.760] [SEVERE ] key 76 was pressed by player 2
[03:12:49.870] [SEVERE ] updating countdown to 54000
[03:12:50.382] [SEVERE ] key 81 was pressed by player 1
[03:12:50.477] [SEVERE ] key 83 was pressed by player 1
[03:12:50.556] [SEVERE ] key 65 was pressed by player 1
[03:12:50.666] [SEVERE ] key 68 was pressed by player 1
[03:12:50.807] [SEVERE ] key 87 was pressed by player 1
[03:12:50.885] [SEVERE ] updating countdown to 53000
[03:12:51.685] [SEVERE ] exit button pressed
[03:12:51.887] [SEVERE ] updating countdown to 52000
[03:12:52.888] [SEVERE ] updating countdown to 51000
