[09:33:32.041] [INFO   ] thread main starting.
[09:33:32.060] [SEVERE ] cannot read configuration file config.properties trying from resources.
[09:33:32.064] [SEVERE ] configuration file was loaded from resources directory.
[09:33:33.180] [INFO   ] thread dealer starting.
[09:33:33.214] [INFO   ] thread Thread-1 starting.
[09:33:33.215] [INFO   ] thread dealer starting.
[09:33:33.214] [INFO   ] thread Thread-0 starting.
[09:33:33.344] [SEVERE ] placing card 65 in slot 0
[09:33:33.454] [SEVERE ] placing card 10 in slot 1
[09:33:33.562] [SEVERE ] placing card 2 in slot 2
[09:33:33.672] [SEVERE ] placing card 73 in slot 3
[09:33:33.782] [SEVERE ] placing card 72 in slot 4
[09:33:33.891] [SEVERE ] placing card 23 in slot 5
[09:33:34.000] [SEVERE ] placing card 44 in slot 6
[09:33:34.109] [SEVERE ] placing card 60 in slot 7
[09:33:34.217] [SEVERE ] placing card 28 in slot 8
[09:33:34.328] [SEVERE ] placing card 64 in slot 9
[09:33:34.436] [SEVERE ] placing card 6 in slot 10
[09:33:34.546] [SEVERE ] placing card 71 in slot 11
[09:33:35.561] [SEVERE ] updating countdown to 59000
[09:33:36.568] [SEVERE ] updating countdown to 58000
[09:33:37.568] [SEVERE ] updating countdown to 57000
[09:33:38.579] [SEVERE ] updating countdown to 56000
[09:33:39.593] [SEVERE ] updating countdown to 55000
[09:33:40.606] [SEVERE ] updating countdown to 54000
[09:33:41.620] [SEVERE ] updating countdown to 53000
