[21:11:15.874] [INFO   ] thread main starting.
[21:11:15.890] [SEVERE ] cannot read configuration file config.properties trying from resources.
[21:11:15.893] [SEVERE ] configuration file was loaded from resources directory.
[21:11:16.405] [INFO   ] thread dealer starting.
[21:11:16.406] [INFO   ] thread player 0 starting.
[21:11:16.408] [INFO   ] thread player 1 starting.
[21:11:16.408] [INFO   ] thread dealer starting.
[21:11:16.424] [INFO   ] thread player 1 starting.
[21:11:16.424] [INFO   ] thread player 0 starting.
[21:11:16.532] [SEVERE ] placing card 34 in slot 0
[21:11:16.635] [SEVERE ] placing card 17 in slot 1
[21:11:16.747] [SEVERE ] placing card 9 in slot 2
[21:11:16.857] [SEVERE ] placing card 63 in slot 3
[21:11:16.968] [SEVERE ] placing card 43 in slot 4
[21:11:17.078] [SEVERE ] placing card 22 in slot 5
[21:11:17.190] [SEVERE ] placing card 18 in slot 6
[21:11:17.303] [SEVERE ] placing card 53 in slot 7
[21:11:17.418] [SEVERE ] placing card 47 in slot 8
[21:11:17.530] [SEVERE ] placing card 44 in slot 9
[21:11:17.642] [SEVERE ] placing card 54 in slot 10
[21:11:17.753] [SEVERE ] placing card 56 in slot 11
[21:11:18.757] [SEVERE ] updating countdown to 59000
[21:11:19.153] [SEVERE ] key 65 was pressed by player 1
[21:11:19.153] [SEVERE ] player 1 placing token on slot 4
[21:11:19.445] [SEVERE ] key 83 was pressed by player 1
[21:11:19.445] [SEVERE ] player 1 placing token on slot 5
[21:11:19.761] [SEVERE ] updating countdown to 58000
[21:11:20.053] [SEVERE ] key 68 was pressed by player 1
[21:11:20.053] [SEVERE ] player 1 placing token on slot 6
[21:11:20.053] [SEVERE ] setting player 1 freeze to 3000
[21:11:20.766] [SEVERE ] updating countdown to 57000
[21:11:21.068] [SEVERE ] setting player 1 freeze to 2000
[21:11:21.769] [SEVERE ] updating countdown to 56000
[21:11:21.803] [SEVERE ] key 68 was pressed by player 1
[21:11:22.063] [SEVERE ] key 68 was pressed by player 1
[21:11:22.069] [SEVERE ] setting player 1 freeze to 1000
[21:11:22.273] [SEVERE ] key 68 was pressed by player 1
[21:11:22.633] [SEVERE ] key 68 was pressed by player 1
[21:11:22.783] [SEVERE ] updating countdown to 55000
[21:11:23.070] [SEVERE ] setting player 1 freeze to 0
[21:11:23.294] [SEVERE ] key 68 was pressed by player 1
[21:11:23.294] [SEVERE ] removing player 1 token from slot 6
[21:11:23.789] [SEVERE ] updating countdown to 54000
[21:11:23.916] [SEVERE ] key 83 was pressed by player 1
[21:11:23.916] [SEVERE ] removing player 1 token from slot 5
[21:11:24.223] [SEVERE ] key 65 was pressed by player 1
[21:11:24.225] [SEVERE ] removing player 1 token from slot 4
[21:11:24.795] [SEVERE ] updating countdown to 53000
[21:11:25.213] [SEVERE ] key 81 was pressed by player 1
[21:11:25.213] [SEVERE ] player 1 placing token on slot 0
[21:11:25.526] [SEVERE ] key 80 was pressed by player 2
[21:11:25.526] [SEVERE ] player 2 placing token on slot 3
[21:11:25.796] [SEVERE ] updating countdown to 52000
[21:11:25.833] [SEVERE ] key 87 was pressed by player 1
[21:11:25.843] [SEVERE ] player 1 placing token on slot 1
[21:11:26.373] [SEVERE ] key 79 was pressed by player 2
[21:11:26.373] [SEVERE ] player 2 placing token on slot 2
[21:11:26.802] [SEVERE ] updating countdown to 51000
[21:11:27.013] [SEVERE ] key 83 was pressed by player 1
[21:11:27.013] [SEVERE ] player 1 placing token on slot 5
[21:11:27.013] [SEVERE ] setting player 1 freeze to 3000
[21:11:27.805] [SEVERE ] updating countdown to 50000
[21:11:28.027] [SEVERE ] setting player 1 freeze to 2000
[21:11:28.357] [SEVERE ] key 83 was pressed by player 1
[21:11:28.536] [SEVERE ] key 83 was pressed by player 1
[21:11:28.679] [SEVERE ] key 83 was pressed by player 1
[21:11:28.807] [SEVERE ] updating countdown to 49000
[21:11:28.843] [SEVERE ] key 83 was pressed by player 1
[21:11:28.985] [SEVERE ] key 83 was pressed by player 1
[21:11:29.031] [SEVERE ] setting player 1 freeze to 1000
[21:11:29.135] [SEVERE ] key 83 was pressed by player 1
[21:11:29.455] [SEVERE ] key 81 was pressed by player 1
[21:11:29.813] [SEVERE ] updating countdown to 48000
[21:11:30.037] [SEVERE ] setting player 1 freeze to 0
[21:11:30.393] [SEVERE ] key 65 was pressed by player 1
[21:11:30.394] [SEVERE ] setting player 1 freeze to 3000
[21:11:30.818] [SEVERE ] updating countdown to 47000
[21:11:31.409] [SEVERE ] setting player 1 freeze to 2000
[21:11:31.823] [SEVERE ] updating countdown to 46000
[21:11:32.413] [SEVERE ] setting player 1 freeze to 1000
[21:11:32.827] [SEVERE ] updating countdown to 45000
[21:11:33.417] [SEVERE ] setting player 1 freeze to 0
[21:11:33.773] [SEVERE ] key 65 was pressed by player 1
[21:11:33.773] [SEVERE ] setting player 1 freeze to 3000
[21:11:33.830] [SEVERE ] updating countdown to 44000
[21:11:34.788] [SEVERE ] setting player 1 freeze to 2000
[21:11:34.836] [SEVERE ] updating countdown to 43000
[21:11:35.789] [SEVERE ] setting player 1 freeze to 1000
[21:11:35.836] [SEVERE ] updating countdown to 42000
[21:11:36.795] [SEVERE ] setting player 1 freeze to 0
[21:11:36.843] [SEVERE ] updating countdown to 41000
[21:11:37.849] [SEVERE ] updating countdown to 40000
[21:11:37.863] [SEVERE ] key 83 was pressed by player 1
[21:11:37.863] [SEVERE ] removing player 1 token from slot 5
[21:11:38.855] [SEVERE ] updating countdown to 39000
[21:11:39.859] [SEVERE ] updating countdown to 38000
[21:11:40.295] [SEVERE ] key 65 was pressed by player 1
[21:11:40.299] [SEVERE ] player 1 placing token on slot 4
[21:11:40.299] [SEVERE ] setting player 1 freeze to 3000
[21:11:40.861] [SEVERE ] updating countdown to 37000
[21:11:41.302] [SEVERE ] setting player 1 freeze to 2000
[21:11:41.868] [SEVERE ] updating countdown to 36000
[21:11:42.307] [SEVERE ] setting player 1 freeze to 1000
[21:11:42.871] [SEVERE ] updating countdown to 35000
