[14:42:00.624] [INFO   ] thread main starting.
[14:42:00.642] [SEVERE ] cannot read configuration file config.properties trying from resources.
[14:42:00.642] [SEVERE ] configuration file was loaded from resources directory.
[14:42:01.430] [INFO   ] thread dealer starting.
[14:42:01.430] [INFO   ] thread Thread-1 starting.
[14:42:01.435] [INFO   ] thread Thread-2 starting.
[14:42:01.435] [INFO   ] thread dealer starting.
[14:42:01.552] [SEVERE ] placing card 61 in slot 0
[14:42:01.663] [SEVERE ] placing card 66 in slot 1
[14:42:01.774] [SEVERE ] placing card 14 in slot 2
[14:42:01.884] [SEVERE ] placing card 4 in slot 3
[14:42:01.994] [SEVERE ] placing card 20 in slot 4
[14:42:02.104] [SEVERE ] placing card 52 in slot 5
[14:42:02.218] [SEVERE ] placing card 57 in slot 6
[14:42:02.322] [SEVERE ] placing card 58 in slot 7
[14:42:02.433] [SEVERE ] placing card 3 in slot 8
[14:42:02.544] [SEVERE ] placing card 34 in slot 9
[14:42:02.653] [SEVERE ] placing card 68 in slot 10
[14:42:02.763] [SEVERE ] placing card 62 in slot 11
[14:42:06.350] [SEVERE ] key 81 was pressed by player 1
[14:42:06.350] [SEVERE ] player 1 placing token on slot 0
[14:42:07.741] [SEVERE ] key 81 was pressed by player 1
[14:42:07.741] [SEVERE ] removing player 1 token from slot 0
[14:42:08.070] [SEVERE ] key 81 was pressed by player 1
[14:42:08.070] [SEVERE ] player 1 placing token on slot 0
[14:42:08.354] [SEVERE ] key 87 was pressed by player 1
[14:42:08.354] [SEVERE ] setting player 1 freeze to 3000
