[19:14:50.309] [INFO   ] thread main starting.
[19:14:50.329] [SEVERE ] cannot read configuration file config.properties trying from resources.
[19:14:50.329] [SEVERE ] configuration file was loaded from resources directory.
[19:14:51.019] [INFO   ] thread dealer starting.
[19:14:51.019] [INFO   ] thread player 0 starting.
[19:14:51.019] [INFO   ] thread player 1 starting.
[19:14:51.019] [INFO   ] thread player 0 starting.
[19:14:51.019] [INFO   ] thread player 1 starting.
[19:14:51.019] [INFO   ] thread dealer starting.
[19:14:51.142] [SEVERE ] placing card 9 in slot 0
[19:14:51.242] [SEVERE ] placing card 24 in slot 1
[19:14:51.347] [SEVERE ] placing card 41 in slot 2
[19:14:51.447] [SEVERE ] placing card 3 in slot 3
[19:14:51.562] [SEVERE ] placing card 75 in slot 4
[19:14:51.664] [SEVERE ] placing card 44 in slot 5
[19:14:51.767] [SEVERE ] placing card 26 in slot 6
[19:14:51.874] [SEVERE ] placing card 65 in slot 7
[19:14:51.980] [SEVERE ] placing card 39 in slot 8
[19:14:52.091] [SEVERE ] placing card 63 in slot 9
[19:14:52.203] [SEVERE ] placing card 12 in slot 10
[19:14:52.313] [SEVERE ] placing card 13 in slot 11
[19:14:52.545] [SEVERE ] key 81 was pressed by player 1
[19:14:52.779] [SEVERE ] key 87 was pressed by player 1
[19:14:52.907] [SEVERE ] key 69 was pressed by player 1
[19:14:53.039] [SEVERE ] key 81 was pressed by player 1
[19:14:53.069] [SEVERE ] key 87 was pressed by player 1
[19:14:53.214] [SEVERE ] key 69 was pressed by player 1
[19:14:53.318] [SEVERE ] updating countdown to 59000
[19:14:53.374] [SEVERE ] key 81 was pressed by player 1
[19:14:53.402] [SEVERE ] key 87 was pressed by player 1
[19:14:53.454] [SEVERE ] key 69 was pressed by player 1
[19:14:53.589] [SEVERE ] key 81 was pressed by player 1
[19:14:53.618] [SEVERE ] key 87 was pressed by player 1
[19:14:53.729] [SEVERE ] key 69 was pressed by player 1
[19:14:53.857] [SEVERE ] key 81 was pressed by player 1
[19:14:53.873] [SEVERE ] key 87 was pressed by player 1
[19:14:53.951] [SEVERE ] key 69 was pressed by player 1
[19:14:54.088] [SEVERE ] key 81 was pressed by player 1
[19:14:54.105] [SEVERE ] key 87 was pressed by player 1
[19:14:54.186] [SEVERE ] key 69 was pressed by player 1
[19:14:54.305] [SEVERE ] key 81 was pressed by player 1
[19:14:54.321] [SEVERE ] key 87 was pressed by player 1
[19:14:54.333] [SEVERE ] updating countdown to 58000
[19:14:54.423] [SEVERE ] key 69 was pressed by player 1
[19:14:55.345] [SEVERE ] updating countdown to 57000
[19:14:56.357] [SEVERE ] updating countdown to 56000
[19:14:57.363] [SEVERE ] updating countdown to 55000
[19:14:58.364] [SEVERE ] updating countdown to 54000
[19:14:59.367] [SEVERE ] updating countdown to 53000
[19:15:00.382] [SEVERE ] updating countdown to 52000
[19:15:01.398] [SEVERE ] updating countdown to 51000
[19:15:02.399] [SEVERE ] updating countdown to 50000
[19:15:03.414] [SEVERE ] updating countdown to 49000
[19:15:04.419] [SEVERE ] updating countdown to 48000
[19:15:05.431] [SEVERE ] updating countdown to 47000
[19:15:06.441] [SEVERE ] updating countdown to 46000
[19:15:07.446] [SEVERE ] updating countdown to 45000
[19:15:08.446] [SEVERE ] updating countdown to 44000
