[19:13:57.436] [INFO   ] thread main starting.
[19:13:57.450] [SEVERE ] cannot read configuration file config.properties trying from resources.
[19:13:57.457] [SEVERE ] configuration file was loaded from resources directory.
[19:13:58.093] [INFO   ] thread dealer starting.
[19:13:58.097] [INFO   ] thread player 0 starting.
[19:13:58.098] [INFO   ] thread player 1 starting.
[19:13:58.098] [INFO   ] thread dealer starting.
[19:13:58.108] [INFO   ] thread player 1 starting.
[19:13:58.108] [INFO   ] thread player 0 starting.
[19:13:58.225] [SEVERE ] placing card 52 in slot 0
[19:13:58.340] [SEVERE ] placing card 39 in slot 1
[19:13:58.445] [SEVERE ] placing card 32 in slot 2
[19:13:58.552] [SEVERE ] placing card 20 in slot 3
[19:13:58.655] [SEVERE ] placing card 17 in slot 4
[19:13:58.767] [SEVERE ] placing card 42 in slot 5
[19:13:58.870] [SEVERE ] placing card 49 in slot 6
[19:13:58.973] [SEVERE ] placing card 72 in slot 7
[19:13:59.084] [SEVERE ] placing card 59 in slot 8
[19:13:59.195] [SEVERE ] placing card 33 in slot 9
[19:13:59.305] [SEVERE ] placing card 27 in slot 10
[19:13:59.368] [SEVERE ] key 81 was pressed by player 1
[19:13:59.408] [SEVERE ] placing card 2 in slot 11
[19:13:59.808] [SEVERE ] key 81 was pressed by player 1
[19:14:00.227] [SEVERE ] key 81 was pressed by player 1
[19:14:00.421] [SEVERE ] updating countdown to 59000
[19:14:00.437] [SEVERE ] key 81 was pressed by player 1
[19:14:00.661] [SEVERE ] key 81 was pressed by player 1
[19:14:00.869] [SEVERE ] key 81 was pressed by player 1
[19:14:01.064] [SEVERE ] key 81 was pressed by player 1
[19:14:01.432] [SEVERE ] updating countdown to 58000
[19:14:01.512] [SEVERE ] key 81 was pressed by player 1
[19:14:02.436] [SEVERE ] updating countdown to 57000
[19:14:03.449] [SEVERE ] updating countdown to 56000
[19:14:04.460] [SEVERE ] updating countdown to 55000
[19:14:05.470] [SEVERE ] updating countdown to 54000
[19:14:06.478] [SEVERE ] updating countdown to 53000
[19:14:07.485] [SEVERE ] updating countdown to 52000
[19:14:08.488] [SEVERE ] updating countdown to 51000
[19:14:09.497] [SEVERE ] updating countdown to 50000
[19:14:10.500] [SEVERE ] updating countdown to 49000
[19:14:11.501] [SEVERE ] updating countdown to 48000
[19:14:12.505] [SEVERE ] updating countdown to 47000
