[10:33:59.879] [INFO   ] thread main starting.
[10:33:59.888] [SEVERE ] cannot read configuration file config.properties trying from resources.
[10:33:59.892] [SEVERE ] configuration file was loaded from resources directory.
[10:34:00.665] [INFO   ] thread dealer starting.
[10:34:00.667] [INFO   ] thread Thread-1 starting.
[10:34:00.668] [INFO   ] thread dealer starting.
[10:34:00.670] [INFO   ] thread Thread-2 starting.
[10:34:00.801] [SEVERE ] placing card 12 in slot 0
[10:34:00.910] [SEVERE ] placing card 11 in slot 1
[10:34:01.019] [SEVERE ] placing card 63 in slot 2
[10:34:01.129] [SEVERE ] placing card 44 in slot 3
[10:34:01.239] [SEVERE ] placing card 75 in slot 4
[10:34:01.348] [SEVERE ] placing card 43 in slot 5
[10:34:01.458] [SEVERE ] placing card 14 in slot 6
[10:34:01.570] [SEVERE ] placing card 28 in slot 7
[10:34:01.679] [SEVERE ] placing card 22 in slot 8
[10:34:01.789] [SEVERE ] placing card 13 in slot 9
[10:34:01.900] [SEVERE ] placing card 53 in slot 10
[10:34:02.010] [SEVERE ] placing card 51 in slot 11
[10:34:12.320] [SEVERE ] exit button pressed
[10:34:12.321] [INFO   ] thread Thread-2 terminated.
[10:34:12.321] [INFO   ] thread Thread-1 terminated.
