[15:02:27.095] [INFO   ] thread main starting.
[15:02:27.115] [SEVERE ] cannot read configuration file config.properties trying from resources.
[15:02:27.119] [SEVERE ] configuration file was loaded from resources directory.
[15:02:28.048] [INFO   ] thread dealer starting.
[15:02:28.048] [INFO   ] thread Thread-2 starting.
[15:02:28.048] [INFO   ] thread Thread-1 starting.
[15:02:28.049] [INFO   ] thread dealer starting.
[15:02:28.170] [SEVERE ] placing card 24 in slot 0
[15:02:28.284] [SEVERE ] placing card 29 in slot 1
[15:02:28.385] [SEVERE ] placing card 41 in slot 2
[15:02:28.501] [SEVERE ] placing card 54 in slot 3
[15:02:28.604] [SEVERE ] placing card 50 in slot 4
[15:02:28.717] [SEVERE ] placing card 5 in slot 5
[15:02:28.820] [SEVERE ] placing card 71 in slot 6
[15:02:28.932] [SEVERE ] placing card 13 in slot 7
[15:02:29.044] [SEVERE ] placing card 19 in slot 8
[15:02:29.154] [SEVERE ] placing card 53 in slot 9
[15:02:29.265] [SEVERE ] placing card 11 in slot 10
[15:02:29.376] [SEVERE ] placing card 34 in slot 11
[15:02:30.382] [SEVERE ] updating countdown to 59000
[15:02:30.764] [SEVERE ] key 81 was pressed by player 1
[15:02:30.764] [SEVERE ] player 1 placing token on slot 0
[15:02:30.998] [SEVERE ] key 65 was pressed by player 1
[15:02:30.998] [SEVERE ] player 1 placing token on slot 4
[15:02:31.243] [SEVERE ] key 83 was pressed by player 1
[15:02:31.243] [SEVERE ] player 1 placing token on slot 5
[15:02:31.383] [SEVERE ] updating countdown to 58000
[15:02:32.400] [SEVERE ] updating countdown to 57000
[15:02:33.402] [SEVERE ] updating countdown to 56000
[15:02:34.403] [SEVERE ] updating countdown to 55000
[15:02:35.416] [SEVERE ] updating countdown to 54000
[15:02:36.421] [SEVERE ] updating countdown to 53000
[15:02:37.425] [SEVERE ] updating countdown to 52000
