[10:28:25.452] [INFO   ] thread main starting.
[10:28:25.465] [SEVERE ] cannot read configuration file config.properties trying from resources.
[10:28:25.470] [SEVERE ] configuration file was loaded from resources directory.
[10:28:26.501] [INFO   ] thread dealer starting.
[10:28:26.501] [INFO   ] thread Thread-1 starting.
[10:28:26.501] [INFO   ] thread Thread-2 starting.
[10:28:26.503] [INFO   ] thread dealer starting.
[10:28:26.639] [SEVERE ] placing card 36 in slot 0
[10:28:26.749] [SEVERE ] placing card 40 in slot 1
[10:28:26.858] [SEVERE ] placing card 42 in slot 2
[10:28:26.967] [SEVERE ] placing card 43 in slot 3
[10:28:27.078] [SEVERE ] placing card 41 in slot 4
[10:28:27.188] [SEVERE ] placing card 38 in slot 5
[10:28:27.299] [SEVERE ] placing card 20 in slot 6
[10:28:27.407] [SEVERE ] placing card 68 in slot 7
[10:28:27.516] [SEVERE ] placing card 50 in slot 8
[10:28:27.624] [SEVERE ] placing card 61 in slot 9
[10:28:27.734] [SEVERE ] placing card 27 in slot 10
[10:28:27.843] [SEVERE ] placing card 10 in slot 11
[10:28:28.848] [SEVERE ] updating countdown to 59000
[10:28:29.294] [SEVERE ] key 81 was pressed by player 1
[10:28:29.294] [SEVERE ] player 1 placing token on slot 0
[10:28:29.502] [SEVERE ] key 87 was pressed by player 1
[10:28:29.502] [SEVERE ] player 1 placing token on slot 1
[10:28:29.851] [SEVERE ] key 69 was pressed by player 1
[10:28:29.851] [SEVERE ] player 1 placing token on slot 2
[10:28:29.863] [SEVERE ] updating countdown to 58000
[10:28:29.864] [SEVERE ] removing player 1 token from slot 0
[10:28:29.973] [SEVERE ] removing card from slot 0
[10:28:29.975] [SEVERE ] removing player 1 token from slot 1
[10:28:30.083] [SEVERE ] removing card from slot 1
[10:28:30.083] [SEVERE ] removing player 1 token from slot 2
[10:28:30.191] [SEVERE ] removing card from slot 2
[10:28:30.301] [SEVERE ] placing card 7 in slot 0
[10:28:30.411] [SEVERE ] placing card 29 in slot 1
[10:28:30.521] [SEVERE ] placing card 65 in slot 2
[10:28:31.522] [SEVERE ] updating countdown to 57000
[10:28:32.537] [SEVERE ] updating countdown to 56000
[10:28:33.544] [SEVERE ] updating countdown to 55000
[10:28:34.545] [SEVERE ] updating countdown to 54000
[10:28:35.550] [SEVERE ] updating countdown to 53000
[10:28:36.556] [SEVERE ] updating countdown to 52000
[10:28:37.578] [SEVERE ] updating countdown to 51000
[10:28:38.591] [SEVERE ] updating countdown to 50000
[10:28:39.593] [SEVERE ] updating countdown to 49000
[10:28:40.676] [SEVERE ] updating countdown to 48000
[10:28:41.719] [SEVERE ] updating countdown to 47000
[10:28:42.724] [SEVERE ] updating countdown to 46000
[10:28:43.766] [SEVERE ] updating countdown to 45000
[10:28:44.827] [SEVERE ] updating countdown to 44000
[10:28:45.833] [SEVERE ] updating countdown to 43000
[10:28:46.835] [SEVERE ] updating countdown to 42000
[10:28:47.837] [SEVERE ] updating countdown to 41000
[10:28:48.845] [SEVERE ] updating countdown to 40000
[10:28:49.861] [SEVERE ] updating countdown to 39000
[10:28:50.862] [SEVERE ] updating countdown to 38000
[10:28:51.865] [SEVERE ] updating countdown to 37000
[10:28:52.882] [SEVERE ] updating countdown to 36000
[10:28:53.895] [SEVERE ] updating countdown to 35000
[10:28:54.915] [SEVERE ] updating countdown to 34000
[10:28:55.919] [SEVERE ] updating countdown to 33000
[10:28:56.933] [SEVERE ] updating countdown to 32000
[10:28:57.934] [SEVERE ] updating countdown to 31000
[10:28:58.977] [SEVERE ] updating countdown to 30000
[10:28:59.984] [SEVERE ] updating countdown to 29000
