[14:54:06.266] [INFO   ] thread main starting.
[14:54:06.273] [SEVERE ] cannot read configuration file config.properties trying from resources.
[14:54:06.273] [SEVERE ] configuration file was loaded from resources directory.
[14:54:07.151] [INFO   ] thread dealer starting.
[14:54:07.158] [INFO   ] thread Thread-1 starting.
[14:54:07.165] [INFO   ] thread dealer starting.
[14:54:07.158] [INFO   ] thread Thread-2 starting.
[14:54:07.281] [SEVERE ] placing card 31 in slot 0
[14:54:07.397] [SEVERE ] placing card 67 in slot 1
[14:54:07.505] [SEVERE ] placing card 54 in slot 2
[14:54:07.614] [SEVERE ] placing card 42 in slot 3
[14:54:07.715] [SEVERE ] placing card 11 in slot 4
[14:54:07.815] [SEVERE ] placing card 79 in slot 5
[14:54:07.916] [SEVERE ] placing card 32 in slot 6
[14:54:08.029] [SEVERE ] placing card 10 in slot 7
[14:54:08.140] [SEVERE ] placing card 52 in slot 8
[14:54:08.250] [SEVERE ] placing card 70 in slot 9
[14:54:08.361] [SEVERE ] placing card 16 in slot 10
[14:54:08.472] [SEVERE ] placing card 28 in slot 11
[14:54:09.483] [SEVERE ] updating countdown to 59000
[14:54:09.864] [SEVERE ] key 65 was pressed by player 1
[14:54:10.091] [SEVERE ] key 83 was pressed by player 1
[14:54:10.498] [SEVERE ] updating countdown to 58000
[14:54:11.513] [SEVERE ] updating countdown to 57000
[14:54:12.515] [SEVERE ] updating countdown to 56000
[14:54:13.525] [SEVERE ] updating countdown to 55000
