[14:45:50.362] [INFO   ] thread main starting.
[14:45:50.381] [SEVERE ] cannot read configuration file config.properties trying from resources.
[14:45:50.384] [SEVERE ] configuration file was loaded from resources directory.
[14:45:51.184] [INFO   ] thread dealer starting.
[14:45:51.194] [INFO   ] thread Thread-1 starting.
[14:45:51.214] [INFO   ] thread dealer starting.
[14:45:51.214] [INFO   ] thread Thread-2 starting.
[14:45:51.326] [SEVERE ] placing card 20 in slot 0
[14:45:51.432] [SEVERE ] placing card 24 in slot 1
[14:45:51.543] [SEVERE ] placing card 6 in slot 2
[14:45:51.647] [SEVERE ] placing card 28 in slot 3
[14:45:51.760] [SEVERE ] placing card 68 in slot 4
[14:45:51.860] [SEVERE ] placing card 4 in slot 5
[14:45:51.961] [SEVERE ] placing card 63 in slot 6
[14:45:52.076] [SEVERE ] placing card 62 in slot 7
[14:45:52.187] [SEVERE ] placing card 67 in slot 8
[14:45:52.298] [SEVERE ] placing card 16 in slot 9
[14:45:52.409] [SEVERE ] placing card 75 in slot 10
[14:45:52.520] [SEVERE ] placing card 0 in slot 11
[14:45:53.534] [SEVERE ] updating countdown to 59000
[14:45:54.366] [SEVERE ] key 81 was pressed by player 1
[14:45:54.366] [SEVERE ] player 1 placing token on slot 0
[14:45:54.548] [SEVERE ] updating countdown to 58000
[14:45:54.754] [SEVERE ] key 87 was pressed by player 1
[14:45:54.754] [SEVERE ] player 1 placing token on slot 1
[14:45:55.562] [SEVERE ] updating countdown to 57000
[14:45:55.975] [SEVERE ] key 69 was pressed by player 1
[14:45:55.975] [SEVERE ] player 1 placing token on slot 2
[14:45:56.576] [SEVERE ] updating countdown to 56000
[14:45:56.576] [SEVERE ] removing player 1 token from slot 0
[14:45:56.687] [SEVERE ] removing card from slot 0
[14:45:56.687] [SEVERE ] removing player 1 token from slot 1
[14:45:56.799] [SEVERE ] removing card from slot 1
[14:45:56.799] [SEVERE ] removing player 1 token from slot 2
[14:45:56.910] [SEVERE ] removing card from slot 2
[14:45:57.020] [SEVERE ] placing card 61 in slot 0
[14:45:57.131] [SEVERE ] placing card 66 in slot 1
[14:45:57.242] [SEVERE ] placing card 50 in slot 2
[14:45:58.176] [SEVERE ] key 69 was pressed by player 1
[14:45:58.176] [SEVERE ] player 1 placing token on slot 2
[14:45:58.255] [SEVERE ] updating countdown to 55000
[14:45:58.667] [SEVERE ] key 69 was pressed by player 1
[14:45:59.269] [SEVERE ] updating countdown to 54000
[14:46:00.275] [SEVERE ] updating countdown to 53000
[14:46:01.283] [SEVERE ] updating countdown to 52000
