[10:08:26.539] [INFO   ] thread main starting.
[10:08:26.545] [SEVERE ] cannot read configuration file config.properties trying from resources.
[10:08:26.555] [SEVERE ] configuration file was loaded from resources directory.
[10:08:27.444] [INFO   ] thread dealer starting.
[10:08:27.447] [INFO   ] thread Thread-0 starting.
[10:08:27.450] [INFO   ] thread dealer starting.
[10:08:27.447] [INFO   ] thread Thread-1 starting.
[10:08:27.573] [SEVERE ] placing card 71 in slot 0
[10:08:27.674] [SEVERE ] placing card 45 in slot 1
[10:08:27.790] [SEVERE ] placing card 31 in slot 2
[10:08:27.891] [SEVERE ] placing card 28 in slot 3
[10:08:28.006] [SEVERE ] placing card 77 in slot 4
[10:08:28.107] [SEVERE ] placing card 63 in slot 5
[10:08:28.207] [SEVERE ] placing card 7 in slot 6
[10:08:28.320] [SEVERE ] placing card 55 in slot 7
[10:08:28.420] [SEVERE ] placing card 35 in slot 8
[10:08:28.532] [SEVERE ] placing card 2 in slot 9
[10:08:28.644] [SEVERE ] placing card 17 in slot 10
[10:08:28.755] [SEVERE ] placing card 54 in slot 11
[10:08:29.756] [SEVERE ] updating countdown to 59000
[10:08:30.770] [SEVERE ] updating countdown to 58000
[10:08:30.803] [SEVERE ] key 87 was pressed by player 1
[10:08:31.773] [SEVERE ] updating countdown to 57000
[10:08:32.776] [SEVERE ] updating countdown to 56000
[10:08:33.778] [SEVERE ] updating countdown to 55000
[10:08:34.788] [SEVERE ] updating countdown to 54000
[10:08:35.789] [SEVERE ] updating countdown to 53000
[10:08:36.789] [SEVERE ] updating countdown to 52000
[10:08:37.806] [SEVERE ] updating countdown to 51000
[10:08:38.814] [SEVERE ] updating countdown to 50000
[10:08:39.822] [SEVERE ] updating countdown to 49000
[10:08:40.839] [SEVERE ] updating countdown to 48000
[10:08:41.843] [SEVERE ] updating countdown to 47000
[10:08:42.859] [SEVERE ] updating countdown to 46000
[10:08:43.871] [SEVERE ] updating countdown to 45000
[10:08:44.873] [SEVERE ] updating countdown to 44000
[10:08:45.875] [SEVERE ] updating countdown to 43000
[10:08:46.879] [SEVERE ] updating countdown to 42000
[10:08:47.886] [SEVERE ] updating countdown to 41000
[10:08:48.888] [SEVERE ] updating countdown to 40000
[10:08:49.895] [SEVERE ] updating countdown to 39000
[10:08:50.895] [SEVERE ] updating countdown to 38000
[10:08:51.902] [SEVERE ] updating countdown to 37000
[10:08:52.903] [SEVERE ] updating countdown to 36000
[10:08:53.090] [SEVERE ] player 1 placing token on slot 1
[10:08:53.904] [SEVERE ] updating countdown to 35000
[10:08:54.912] [SEVERE ] updating countdown to 34000
[10:08:55.919] [SEVERE ] updating countdown to 33000
[10:08:56.926] [SEVERE ] updating countdown to 32000
[10:08:57.935] [SEVERE ] updating countdown to 31000
[10:08:58.945] [SEVERE ] updating countdown to 30000
[10:08:59.955] [SEVERE ] updating countdown to 29000
[10:09:00.968] [SEVERE ] updating countdown to 28000
[10:09:01.975] [SEVERE ] updating countdown to 27000
[10:09:02.975] [SEVERE ] updating countdown to 26000
[10:09:03.979] [SEVERE ] updating countdown to 25000
[10:09:04.984] [SEVERE ] updating countdown to 24000
[10:09:05.985] [SEVERE ] updating countdown to 23000
[10:09:06.991] [SEVERE ] updating countdown to 22000
[10:09:08.006] [SEVERE ] updating countdown to 21000
[10:09:09.018] [SEVERE ] updating countdown to 20000
[10:09:10.018] [SEVERE ] updating countdown to 19000
[10:09:11.030] [SEVERE ] updating countdown to 18000
[10:09:12.035] [SEVERE ] updating countdown to 17000
[10:09:13.049] [SEVERE ] updating countdown to 16000
[10:09:14.053] [SEVERE ] updating countdown to 15000
[10:09:15.078] [SEVERE ] updating countdown to 14000
[10:09:16.084] [SEVERE ] updating countdown to 13000
[10:09:17.088] [SEVERE ] updating countdown to 12000
[10:09:18.093] [SEVERE ] updating countdown to 11000
[10:09:19.098] [SEVERE ] updating countdown to 10000
[10:09:20.102] [SEVERE ] updating countdown to 9000
[10:09:21.107] [SEVERE ] updating countdown to 8000
[10:09:21.215] [SEVERE ] key 82 was pressed by player 1
[10:09:22.120] [SEVERE ] updating countdown to 7000
[10:09:23.133] [SEVERE ] updating countdown to 6000
[10:09:24.134] [SEVERE ] updating countdown to 5000
[10:09:25.139] [SEVERE ] updating countdown to 4000
[10:09:26.149] [SEVERE ] updating countdown to 3000
[10:09:27.156] [SEVERE ] updating countdown to 2000
[10:09:27.503] [SEVERE ] removing player 1 token from slot 1
[10:09:28.169] [SEVERE ] updating countdown to 1000
[10:09:29.285] [SEVERE ] removing card from slot 0
[10:09:29.398] [SEVERE ] removing card from slot 1
[10:09:29.499] [SEVERE ] removing card from slot 2
[10:09:29.600] [SEVERE ] removing card from slot 3
[10:09:29.700] [SEVERE ] removing card from slot 4
[10:09:29.815] [SEVERE ] removing card from slot 5
