[10:11:56.333] [INFO   ] thread main starting.
[10:11:56.345] [SEVERE ] cannot read configuration file config.properties trying from resources.
[10:11:56.348] [SEVERE ] configuration file was loaded from resources directory.
[10:11:57.209] [INFO   ] thread dealer starting.
[10:11:57.218] [INFO   ] thread Thread-1 starting.
[10:11:57.218] [INFO   ] thread Thread-0 starting.
[10:11:57.218] [INFO   ] thread dealer starting.
[10:11:57.346] [SEVERE ] placing card 1 in slot 0
[10:11:57.448] [SEVERE ] placing card 4 in slot 1
[10:11:57.551] [SEVERE ] placing card 16 in slot 2
[10:11:57.663] [SEVERE ] placing card 35 in slot 3
[10:11:57.764] [SEVERE ] placing card 68 in slot 4
[10:11:57.880] [SEVERE ] placing card 37 in slot 5
[10:11:57.980] [SEVERE ] placing card 71 in slot 6
[10:11:58.096] [SEVERE ] placing card 70 in slot 7
[10:11:58.208] [SEVERE ] placing card 12 in slot 8
[10:11:58.320] [SEVERE ] placing card 46 in slot 9
[10:11:58.432] [SEVERE ] placing card 45 in slot 10
[10:11:58.544] [SEVERE ] placing card 29 in slot 11
[10:11:59.549] [SEVERE ] updating countdown to 59000
[10:12:00.550] [SEVERE ] updating countdown to 58000
[10:12:01.074] [SEVERE ] key 81 was pressed by player 1
[10:12:01.076] [SEVERE ] player 1 placing token on slot 0
[10:12:01.563] [SEVERE ] updating countdown to 57000
[10:12:01.573] [SEVERE ] key 81 was pressed by player 1
[10:12:01.573] [SEVERE ] removing player 1 token from slot 0
[10:12:02.110] [SEVERE ] key 81 was pressed by player 1
[10:12:02.112] [SEVERE ] player 1 placing token on slot 0
[10:12:02.392] [SEVERE ] key 81 was pressed by player 1
[10:12:02.467] [SEVERE ] removing player 1 token from slot 0
[10:12:02.580] [SEVERE ] updating countdown to 56000
[10:12:03.012] [SEVERE ] key 81 was pressed by player 1
[10:12:03.012] [SEVERE ] player 1 placing token on slot 0
[10:12:03.252] [SEVERE ] key 87 was pressed by player 1
[10:12:03.282] [SEVERE ] player 1 placing token on slot 1
[10:12:03.589] [SEVERE ] updating countdown to 55000
[10:12:03.943] [SEVERE ] key 69 was pressed by player 1
[10:12:03.952] [SEVERE ] player 1 placing token on slot 2
[10:12:04.590] [SEVERE ] updating countdown to 54000
[10:12:04.590] [SEVERE ] removing player 1 token from slot 0
[10:12:04.701] [SEVERE ] removing card from slot 0
[10:12:04.701] [SEVERE ] removing player 1 token from slot 1
[10:12:04.812] [SEVERE ] removing card from slot 1
[10:12:04.812] [SEVERE ] removing player 1 token from slot 2
[10:12:04.924] [SEVERE ] removing card from slot 2
[10:12:05.034] [SEVERE ] placing card 20 in slot 0
[10:12:05.143] [SEVERE ] placing card 58 in slot 1
[10:12:05.255] [SEVERE ] placing card 57 in slot 2
[10:12:06.260] [SEVERE ] updating countdown to 53000
[10:12:07.262] [SEVERE ] updating countdown to 52000
