[10:19:25.191] [INFO   ] thread main starting.
[10:19:25.206] [SEVERE ] cannot read configuration file config.properties trying from resources.
[10:19:25.210] [SEVERE ] configuration file was loaded from resources directory.
[10:19:26.101] [INFO   ] thread dealer starting.
[10:19:26.103] [INFO   ] thread dealer starting.
[10:19:26.231] [SEVERE ] placing card 49 in slot 0
[10:19:26.345] [SEVERE ] placing card 20 in slot 1
[10:19:26.451] [SEVERE ] placing card 17 in slot 2
[10:19:26.561] [SEVERE ] placing card 27 in slot 3
[10:19:26.673] [SEVERE ] placing card 7 in slot 4
[10:19:26.782] [SEVERE ] placing card 29 in slot 5
[10:19:26.891] [SEVERE ] placing card 76 in slot 6
[10:19:27.000] [SEVERE ] placing card 46 in slot 7
[10:19:27.110] [SEVERE ] placing card 0 in slot 8
[10:19:27.219] [SEVERE ] placing card 58 in slot 9
[10:19:27.330] [SEVERE ] placing card 19 in slot 10
[10:19:27.440] [SEVERE ] placing card 21 in slot 11
[10:19:28.451] [SEVERE ] updating countdown to 59000
[10:19:29.464] [SEVERE ] updating countdown to 58000
[10:19:30.477] [SEVERE ] updating countdown to 57000
[10:19:31.479] [SEVERE ] updating countdown to 56000
[10:19:32.493] [SEVERE ] updating countdown to 55000
[10:19:33.509] [SEVERE ] updating countdown to 54000
[10:19:34.523] [SEVERE ] updating countdown to 53000
[10:19:35.541] [SEVERE ] updating countdown to 52000
[10:19:36.547] [SEVERE ] updating countdown to 51000
