[03:28:36.154] [INFO   ] thread main starting.
[03:28:36.166] [SEVERE ] cannot read configuration file config.properties trying from resources.
[03:28:36.166] [SEVERE ] configuration file was loaded from resources directory.
[03:28:36.792] [INFO   ] thread dealer starting.
[03:28:36.792] [INFO   ] thread Thread-0 starting.
[03:28:36.792] [INFO   ] thread Thread-1 starting.
[03:28:36.792] [INFO   ] thread dealer starting.
[03:28:36.907] [SEVERE ] placing card 34 in slot 0
[03:28:37.024] [SEVERE ] placing card 69 in slot 1
[03:28:37.148] [SEVERE ] placing card 17 in slot 2
[03:28:37.264] [SEVERE ] placing card 42 in slot 3
[03:28:37.381] [SEVERE ] placing card 47 in slot 4
[03:28:37.482] [SEVERE ] placing card 1 in slot 5
[03:28:37.584] [SEVERE ] placing card 51 in slot 6
[03:28:37.699] [SEVERE ] placing card 52 in slot 7
[03:28:37.812] [SEVERE ] placing card 26 in slot 8
[03:28:37.915] [SEVERE ] placing card 19 in slot 9
[03:28:38.029] [SEVERE ] placing card 57 in slot 10
[03:28:38.147] [SEVERE ] placing card 31 in slot 11
[03:28:39.149] [SEVERE ] updating countdown to 59000
[03:28:39.265] [SEVERE ] key 81 was pressed by player 1
[03:28:40.162] [SEVERE ] updating countdown to 58000
[03:28:41.180] [SEVERE ] updating countdown to 57000
[03:28:42.185] [SEVERE ] updating countdown to 56000
[03:28:43.214] [SEVERE ] updating countdown to 55000
[03:28:44.230] [SEVERE ] updating countdown to 54000
[03:28:45.234] [SEVERE ] updating countdown to 53000
[03:28:46.236] [SEVERE ] updating countdown to 52000
[03:28:47.247] [SEVERE ] updating countdown to 51000
