[20:51:15.395] [INFO   ] thread main starting.
[20:51:15.405] [SEVERE ] cannot read configuration file config.properties trying from resources.
[20:51:15.408] [SEVERE ] configuration file was loaded from resources directory.
[20:51:15.960] [INFO   ] thread dealer starting.
[20:51:15.961] [INFO   ] thread player 0 starting.
[20:51:15.962] [INFO   ] thread player 1 starting.
[20:51:15.963] [INFO   ] thread dealer starting.
[20:51:15.964] [INFO   ] thread player 0 starting.
[20:51:15.966] [INFO   ] thread player 1 starting.
[20:51:16.083] [SEVERE ] placing card 65 in slot 0
[20:51:16.194] [SEVERE ] placing card 52 in slot 1
[20:51:16.302] [SEVERE ] placing card 2 in slot 2
[20:51:16.411] [SEVERE ] placing card 47 in slot 3
[20:51:16.521] [SEVERE ] placing card 41 in slot 4
[20:51:16.631] [SEVERE ] placing card 28 in slot 5
[20:51:16.741] [SEVERE ] placing card 61 in slot 6
[20:51:16.850] [SEVERE ] placing card 43 in slot 7
[20:51:16.959] [SEVERE ] placing card 36 in slot 8
[20:51:17.068] [SEVERE ] placing card 48 in slot 9
[20:51:17.178] [SEVERE ] placing card 40 in slot 10
[20:51:17.287] [SEVERE ] placing card 10 in slot 11
[20:51:17.363] [SEVERE ] key 65 was pressed by player 1
[20:51:17.365] [SEVERE ] player 1 placing token on slot 4
[20:51:17.662] [SEVERE ] key 83 was pressed by player 1
[20:51:17.665] [SEVERE ] player 1 placing token on slot 5
[20:51:18.012] [SEVERE ] key 68 was pressed by player 1
[20:51:18.014] [SEVERE ] player 1 placing token on slot 6
[20:51:18.295] [SEVERE ] updating countdown to 59000
[20:51:19.296] [SEVERE ] updating countdown to 58000
[20:51:20.303] [SEVERE ] updating countdown to 57000
[20:51:21.317] [SEVERE ] updating countdown to 56000
[20:51:22.329] [SEVERE ] updating countdown to 55000
[20:51:23.343] [SEVERE ] updating countdown to 54000
[20:51:24.036] [SEVERE ] setting player 1 freeze to 1000
[20:51:24.362] [SEVERE ] updating countdown to 53000
[20:51:25.379] [SEVERE ] updating countdown to 52000
[20:51:26.390] [SEVERE ] updating countdown to 51000
[20:51:27.392] [SEVERE ] updating countdown to 50000
[20:51:28.400] [SEVERE ] updating countdown to 49000
[20:51:29.413] [SEVERE ] updating countdown to 48000
[20:51:30.424] [SEVERE ] updating countdown to 47000
[20:51:31.435] [SEVERE ] updating countdown to 46000
[20:51:32.450] [SEVERE ] updating countdown to 45000
[20:51:33.459] [SEVERE ] updating countdown to 44000
[20:51:34.474] [SEVERE ] updating countdown to 43000
[20:51:35.487] [SEVERE ] updating countdown to 42000
[20:51:36.496] [SEVERE ] updating countdown to 41000
[20:51:37.496] [SEVERE ] updating countdown to 40000
[20:51:38.508] [SEVERE ] updating countdown to 39000
[20:51:39.518] [SEVERE ] updating countdown to 38000
[20:51:40.526] [SEVERE ] updating countdown to 37000
[20:51:41.537] [SEVERE ] updating countdown to 36000
