[18:22:48.666] [INFO   ] thread main starting.
[18:22:48.682] [SEVERE ] cannot read configuration file config.properties trying from resources.
[18:22:48.685] [SEVERE ] configuration file was loaded from resources directory.
[18:22:49.555] [INFO   ] thread dealer starting.
[18:22:49.557] [INFO   ] thread player 0 starting.
[18:22:49.558] [INFO   ] thread player 1 starting.
[18:22:49.558] [INFO   ] thread dealer starting.
[18:22:49.682] [SEVERE ] placing card 61 in slot 0
[18:22:49.789] [SEVERE ] placing card 54 in slot 1
[18:22:49.899] [SEVERE ] placing card 73 in slot 2
[18:22:50.009] [SEVERE ] placing card 44 in slot 3
[18:22:50.116] [SEVERE ] placing card 14 in slot 4
[18:22:50.226] [SEVERE ] placing card 49 in slot 5
[18:22:50.336] [SEVERE ] placing card 9 in slot 6
[18:22:50.447] [SEVERE ] placing card 23 in slot 7
[18:22:50.558] [SEVERE ] placing card 71 in slot 8
[18:22:50.668] [SEVERE ] placing card 80 in slot 9
[18:22:50.776] [SEVERE ] placing card 63 in slot 10
[18:22:50.885] [SEVERE ] placing card 34 in slot 11
[18:22:51.170] [SEVERE ] key 81 was pressed by player 1
[18:22:51.517] [SEVERE ] key 87 was pressed by player 1
[18:22:51.794] [SEVERE ] key 69 was pressed by player 1
[18:22:51.894] [SEVERE ] updating countdown to 59000
[18:22:52.250] [SEVERE ] key 83 was pressed by player 1
[18:22:52.498] [SEVERE ] key 65 was pressed by player 1
[18:22:52.717] [SEVERE ] key 68 was pressed by player 1
[18:22:52.891] [SEVERE ] key 65 was pressed by player 1
[18:22:52.906] [SEVERE ] updating countdown to 58000
[18:22:52.971] [SEVERE ] key 83 was pressed by player 1
[18:22:53.078] [SEVERE ] key 68 was pressed by player 1
[18:22:53.916] [SEVERE ] updating countdown to 57000
[18:22:54.927] [SEVERE ] updating countdown to 56000
[18:22:55.496] [SEVERE ] exit button pressed
[18:22:55.935] [SEVERE ] updating countdown to 55000
[18:22:56.945] [SEVERE ] updating countdown to 54000
[18:22:57.784] [SEVERE ] exit button pressed
[18:22:57.956] [SEVERE ] updating countdown to 53000
[18:22:58.814] [SEVERE ] exit button pressed
[18:22:58.961] [SEVERE ] updating countdown to 52000
[18:22:59.457] [SEVERE ] exit button pressed
[18:22:59.964] [SEVERE ] updating countdown to 51000
[18:23:00.968] [SEVERE ] updating countdown to 50000
[18:23:01.982] [SEVERE ] updating countdown to 49000
[18:23:02.989] [SEVERE ] updating countdown to 48000
[18:23:03.994] [SEVERE ] updating countdown to 47000
[18:23:05.008] [SEVERE ] updating countdown to 46000
