[18:18:04.726] [INFO   ] thread main starting.
[18:18:04.735] [SEVERE ] cannot read configuration file config.properties trying from resources.
[18:18:04.742] [SEVERE ] configuration file was loaded from resources directory.
[18:18:05.424] [INFO   ] thread dealer starting.
[18:18:05.432] [INFO   ] thread player0 starting.
[18:18:05.432] [INFO   ] thread player1 starting.
[18:18:05.438] [INFO   ] thread dealer starting.
[18:18:05.556] [SEVERE ] placing card 37 in slot 0
[18:18:05.669] [SEVERE ] placing card 38 in slot 1
[18:18:05.772] [SEVERE ] placing card 68 in slot 2
[18:18:05.875] [SEVERE ] placing card 41 in slot 3
[18:18:05.986] [SEVERE ] placing card 69 in slot 4
[18:18:06.088] [SEVERE ] placing card 60 in slot 5
[18:18:06.190] [SEVERE ] placing card 51 in slot 6
[18:18:06.298] [SEVERE ] placing card 19 in slot 7
[18:18:06.410] [SEVERE ] placing card 49 in slot 8
[18:18:06.521] [SEVERE ] placing card 12 in slot 9
[18:18:06.632] [SEVERE ] placing card 22 in slot 10
[18:18:06.743] [SEVERE ] placing card 17 in slot 11
[18:18:07.743] [SEVERE ] updating countdown to 59000
[18:18:08.442] [SEVERE ] key 65 was pressed by player 1
[18:18:08.750] [SEVERE ] updating countdown to 58000
[18:18:09.757] [SEVERE ] updating countdown to 57000
[18:18:10.771] [SEVERE ] updating countdown to 56000
[18:18:11.776] [SEVERE ] updating countdown to 55000
[18:18:12.783] [SEVERE ] updating countdown to 54000
[18:18:13.789] [SEVERE ] updating countdown to 53000
[18:18:14.797] [SEVERE ] updating countdown to 52000
[18:18:15.803] [SEVERE ] updating countdown to 51000
[18:18:16.808] [SEVERE ] updating countdown to 50000
[18:18:17.817] [SEVERE ] updating countdown to 49000
[18:18:18.819] [SEVERE ] updating countdown to 48000
[18:18:19.821] [SEVERE ] updating countdown to 47000
[18:18:20.829] [SEVERE ] updating countdown to 46000
[18:18:21.836] [SEVERE ] updating countdown to 45000
[18:18:22.840] [SEVERE ] updating countdown to 44000
[18:18:23.841] [SEVERE ] updating countdown to 43000
[18:18:24.842] [SEVERE ] updating countdown to 42000
[18:18:25.850] [SEVERE ] updating countdown to 41000
[18:18:26.851] [SEVERE ] updating countdown to 40000
[18:18:27.851] [SEVERE ] updating countdown to 39000
[18:18:28.856] [SEVERE ] updating countdown to 38000
[18:18:29.858] [SEVERE ] updating countdown to 37000
[18:18:30.863] [SEVERE ] updating countdown to 36000
[18:18:31.867] [SEVERE ] updating countdown to 35000
[18:18:32.870] [SEVERE ] updating countdown to 34000
[18:18:33.876] [SEVERE ] updating countdown to 33000
[18:18:34.891] [SEVERE ] updating countdown to 32000
[18:18:35.904] [SEVERE ] updating countdown to 31000
[18:18:36.912] [SEVERE ] updating countdown to 30000
[18:18:37.915] [SEVERE ] updating countdown to 29000
[18:18:38.916] [SEVERE ] updating countdown to 28000
[18:18:39.920] [SEVERE ] updating countdown to 27000
[18:18:40.929] [SEVERE ] updating countdown to 26000
[18:18:41.936] [SEVERE ] updating countdown to 25000
[18:18:42.948] [SEVERE ] updating countdown to 24000
[18:18:43.953] [SEVERE ] updating countdown to 23000
[18:18:44.968] [SEVERE ] updating countdown to 22000
[18:18:45.969] [SEVERE ] updating countdown to 21000
[18:18:46.981] [SEVERE ] updating countdown to 20000
[18:18:47.987] [SEVERE ] updating countdown to 19000
