[20:54:40.057] [INFO   ] thread main starting.
[20:54:40.073] [SEVERE ] cannot read configuration file config.properties trying from resources.
[20:54:40.077] [SEVERE ] configuration file was loaded from resources directory.
[20:54:40.630] [INFO   ] thread dealer starting.
[20:54:40.630] [INFO   ] thread player 0 starting.
[20:54:40.632] [INFO   ] thread player 1 starting.
[20:54:40.632] [INFO   ] thread dealer starting.
[20:54:40.635] [INFO   ] thread player 1 starting.
[20:54:40.636] [INFO   ] thread player 0 starting.
[20:54:40.749] [SEVERE ] placing card 27 in slot 0
[20:54:40.850] [SEVERE ] placing card 64 in slot 1
[20:54:40.963] [SEVERE ] placing card 25 in slot 2
[20:54:41.066] [SEVERE ] placing card 23 in slot 3
[20:54:41.181] [SEVERE ] placing card 71 in slot 4
[20:54:41.298] [SEVERE ] placing card 2 in slot 5
[20:54:41.400] [SEVERE ] placing card 51 in slot 6
[20:54:41.503] [SEVERE ] placing card 57 in slot 7
[20:54:41.610] [SEVERE ] placing card 58 in slot 8
[20:54:41.712] [SEVERE ] placing card 69 in slot 9
[20:54:41.824] [SEVERE ] placing card 55 in slot 10
[20:54:41.935] [SEVERE ] placing card 74 in slot 11
[20:54:42.939] [SEVERE ] updating countdown to 59000
[20:54:43.946] [SEVERE ] updating countdown to 58000
[20:54:44.123] [SEVERE ] key 81 was pressed by player 1
[20:54:44.123] [SEVERE ] player 1 placing token on slot 0
[20:54:44.947] [SEVERE ] updating countdown to 57000
[20:54:45.273] [SEVERE ] key 87 was pressed by player 1
[20:54:45.275] [SEVERE ] player 1 placing token on slot 1
[20:54:45.723] [SEVERE ] key 69 was pressed by player 1
[20:54:45.723] [SEVERE ] player 1 placing token on slot 2
[20:54:45.949] [SEVERE ] updating countdown to 56000
[20:54:45.949] [SEVERE ] removing player 1 token from slot 0
[20:54:46.053] [SEVERE ] removing card from slot 0
[20:54:46.053] [SEVERE ] removing player 1 token from slot 1
[20:54:46.163] [SEVERE ] removing card from slot 1
[20:54:46.163] [SEVERE ] removing player 1 token from slot 2
[20:54:46.278] [SEVERE ] removing card from slot 2
[20:54:46.381] [SEVERE ] placing card 18 in slot 0
[20:54:46.497] [SEVERE ] placing card 12 in slot 1
[20:54:46.612] [SEVERE ] placing card 11 in slot 2
[20:54:47.613] [SEVERE ] updating countdown to 55000
[20:54:48.627] [SEVERE ] updating countdown to 54000
[20:54:49.631] [SEVERE ] updating countdown to 53000
[20:54:50.645] [SEVERE ] updating countdown to 52000
[20:54:51.657] [SEVERE ] updating countdown to 51000
[20:54:52.665] [SEVERE ] updating countdown to 50000
[20:54:53.670] [SEVERE ] updating countdown to 49000
[20:54:54.684] [SEVERE ] updating countdown to 48000
[20:54:55.692] [SEVERE ] updating countdown to 47000
[20:54:56.700] [SEVERE ] updating countdown to 46000
[20:54:57.703] [SEVERE ] updating countdown to 45000
[20:54:58.713] [SEVERE ] updating countdown to 44000
[20:54:59.720] [SEVERE ] updating countdown to 43000
[20:55:00.727] [SEVERE ] updating countdown to 42000
[20:55:01.728] [SEVERE ] updating countdown to 41000
[20:55:02.742] [SEVERE ] updating countdown to 40000
[20:55:03.761] [SEVERE ] updating countdown to 39000
[20:55:04.770] [SEVERE ] updating countdown to 38000
[20:55:05.784] [SEVERE ] updating countdown to 37000
[20:55:06.791] [SEVERE ] updating countdown to 36000
[20:55:07.794] [SEVERE ] updating countdown to 35000
[20:55:08.802] [SEVERE ] updating countdown to 34000
[20:55:09.806] [SEVERE ] updating countdown to 33000
[20:55:10.808] [SEVERE ] updating countdown to 32000
[20:55:11.821] [SEVERE ] updating countdown to 31000
[20:55:12.828] [SEVERE ] updating countdown to 30000
[20:55:13.843] [SEVERE ] updating countdown to 29000
[20:55:14.849] [SEVERE ] updating countdown to 28000
[20:55:15.859] [SEVERE ] updating countdown to 27000
[20:55:16.873] [SEVERE ] updating countdown to 26000
[20:55:17.878] [SEVERE ] updating countdown to 25000
[20:55:18.883] [SEVERE ] updating countdown to 24000
[20:55:19.893] [SEVERE ] updating countdown to 23000
[20:55:20.905] [SEVERE ] updating countdown to 22000
[20:55:21.908] [SEVERE ] updating countdown to 21000
[20:55:22.910] [SEVERE ] updating countdown to 20000
[20:55:23.922] [SEVERE ] updating countdown to 19000
[20:55:24.923] [SEVERE ] updating countdown to 18000
[20:55:25.936] [SEVERE ] updating countdown to 17000
[20:55:26.936] [SEVERE ] updating countdown to 16000
[20:55:27.937] [SEVERE ] updating countdown to 15000
[20:55:28.953] [SEVERE ] updating countdown to 14000
[20:55:29.969] [SEVERE ] updating countdown to 13000
[20:55:30.972] [SEVERE ] updating countdown to 12000
[20:55:31.975] [SEVERE ] updating countdown to 11000
[20:55:32.976] [SEVERE ] updating countdown to 10000
[20:55:33.989] [SEVERE ] updating countdown to 9000
[20:55:34.999] [SEVERE ] updating countdown to 8000
[20:55:36.010] [SEVERE ] updating countdown to 7000
[20:55:37.014] [SEVERE ] updating countdown to 6000
[20:55:38.023] [SEVERE ] updating countdown to 5000
[20:55:39.025] [SEVERE ] updating countdown to 4000
[20:55:40.030] [SEVERE ] updating countdown to 3000
[20:55:41.030] [SEVERE ] updating countdown to 2000
[20:55:42.032] [SEVERE ] updating countdown to 1000
[20:55:43.153] [SEVERE ] removing card from slot 0
[20:55:43.268] [SEVERE ] removing card from slot 1
[20:55:43.374] [SEVERE ] removing card from slot 2
[20:55:43.475] [SEVERE ] removing card from slot 3
[20:55:43.589] [SEVERE ] removing card from slot 4
[20:55:43.691] [SEVERE ] removing card from slot 5
[20:55:43.806] [SEVERE ] removing card from slot 6
[20:55:43.907] [SEVERE ] removing card from slot 7
[20:55:44.007] [SEVERE ] removing card from slot 8
[20:55:44.108] [SEVERE ] removing card from slot 9
[20:55:44.209] [SEVERE ] removing card from slot 10
[20:55:44.309] [SEVERE ] removing card from slot 11
[20:55:44.414] [SEVERE ] placing card 73 in slot 0
[20:55:44.522] [SEVERE ] placing card 54 in slot 1
[20:55:44.528] [INFO   ] thread dealer terminated.
[20:55:49.537] [SEVERE ] thanks for playing... it was fun!
[20:55:49.537] [INFO   ] thread main terminated.
[20:55:49.537] [SEVERE ] disposing of user interface elements
