[10:20:22.073] [INFO   ] thread main starting.
[10:20:22.089] [SEVERE ] cannot read configuration file config.properties trying from resources.
[10:20:22.089] [SEVERE ] configuration file was loaded from resources directory.
[10:20:22.951] [INFO   ] thread dealer starting.
[10:20:23.049] [INFO   ] thread dealer starting.
[10:20:23.166] [SEVERE ] placing card 26 in slot 0
[10:20:23.267] [SEVERE ] placing card 12 in slot 1
[10:20:23.382] [SEVERE ] placing card 52 in slot 2
[10:20:23.484] [SEVERE ] placing card 47 in slot 3
[10:20:23.584] [SEVERE ] placing card 66 in slot 4
[10:20:23.693] [SEVERE ] key 81 was pressed by player 1
[10:20:23.699] [SEVERE ] placing card 65 in slot 5
[10:20:23.699] [SEVERE ] player 1 placing token on slot 0
[10:20:23.803] [SEVERE ] placing card 5 in slot 6
[10:20:23.914] [SEVERE ] placing card 1 in slot 7
[10:20:24.026] [SEVERE ] placing card 18 in slot 8
[10:20:24.137] [SEVERE ] placing card 17 in slot 9
[10:20:24.249] [SEVERE ] placing card 79 in slot 10
[10:20:24.360] [SEVERE ] placing card 33 in slot 11
[10:20:25.366] [SEVERE ] updating countdown to 59000
