[14:47:10.241] [INFO   ] thread main starting.
[14:47:10.252] [SEVERE ] cannot read configuration file config.properties trying from resources.
[14:47:10.252] [SEVERE ] configuration file was loaded from resources directory.
[14:47:11.303] [INFO   ] thread dealer starting.
[14:47:11.307] [INFO   ] thread dealer starting.
[14:47:11.308] [INFO   ] thread Thread-1 starting.
[14:47:11.308] [INFO   ] thread Thread-2 starting.
[14:47:11.433] [SEVERE ] placing card 27 in slot 0
[14:47:11.535] [SEVERE ] placing card 24 in slot 1
[14:47:11.656] [SEVERE ] placing card 4 in slot 2
[14:47:11.767] [SEVERE ] placing card 8 in slot 3
[14:47:11.883] [SEVERE ] placing card 30 in slot 4
[14:47:11.984] [SEVERE ] placing card 73 in slot 5
[14:47:12.084] [SEVERE ] placing card 13 in slot 6
[14:47:12.199] [SEVERE ] placing card 44 in slot 7
[14:47:12.313] [SEVERE ] placing card 10 in slot 8
[14:47:12.424] [SEVERE ] placing card 78 in slot 9
[14:47:12.536] [SEVERE ] placing card 48 in slot 10
[14:47:12.646] [SEVERE ] placing card 41 in slot 11
[14:47:13.073] [SEVERE ] key 81 was pressed by player 1
[14:47:13.657] [SEVERE ] updating countdown to 59000
[14:47:14.672] [SEVERE ] updating countdown to 58000
[14:47:15.674] [SEVERE ] updating countdown to 57000
[14:47:16.679] [SEVERE ] updating countdown to 56000
[14:47:17.682] [SEVERE ] updating countdown to 55000
[14:47:18.696] [SEVERE ] updating countdown to 54000
[14:47:19.703] [SEVERE ] updating countdown to 53000
[14:47:20.716] [SEVERE ] updating countdown to 52000
[14:47:21.727] [SEVERE ] updating countdown to 51000
[14:47:22.728] [SEVERE ] updating countdown to 50000
[14:47:23.408] [SEVERE ] player 1 placing token on slot 0
[14:47:23.732] [SEVERE ] updating countdown to 49000
[14:47:24.734] [SEVERE ] updating countdown to 48000
[14:47:25.740] [SEVERE ] updating countdown to 47000
[14:47:26.753] [SEVERE ] updating countdown to 46000
[14:47:27.762] [SEVERE ] updating countdown to 45000
[14:47:28.775] [SEVERE ] updating countdown to 44000
[14:47:29.790] [SEVERE ] updating countdown to 43000
[14:47:30.795] [SEVERE ] updating countdown to 42000
[14:47:31.801] [SEVERE ] updating countdown to 41000
[14:47:32.809] [SEVERE ] updating countdown to 40000
[14:47:33.816] [SEVERE ] updating countdown to 39000
[14:47:34.820] [SEVERE ] updating countdown to 38000
[14:47:35.826] [SEVERE ] updating countdown to 37000
[14:47:36.842] [SEVERE ] updating countdown to 36000
[14:47:37.847] [SEVERE ] updating countdown to 35000
[14:47:38.849] [SEVERE ] updating countdown to 34000
[14:47:39.854] [SEVERE ] updating countdown to 33000
[14:47:40.859] [SEVERE ] updating countdown to 32000
[14:47:41.868] [SEVERE ] updating countdown to 31000
[14:47:42.875] [SEVERE ] updating countdown to 30000
[14:47:43.882] [SEVERE ] updating countdown to 29000
[14:47:44.886] [SEVERE ] updating countdown to 28000
[14:47:45.899] [SEVERE ] updating countdown to 27000
[14:47:46.911] [SEVERE ] updating countdown to 26000
[14:47:47.923] [SEVERE ] updating countdown to 25000
[14:47:48.935] [SEVERE ] updating countdown to 24000
[14:47:49.949] [SEVERE ] updating countdown to 23000
[14:47:50.952] [SEVERE ] updating countdown to 22000
[14:47:51.967] [SEVERE ] updating countdown to 21000
[14:47:52.972] [SEVERE ] updating countdown to 20000
[14:47:53.977] [SEVERE ] updating countdown to 19000
[14:47:54.978] [SEVERE ] updating countdown to 18000
[14:47:55.980] [SEVERE ] updating countdown to 17000
[14:47:56.993] [SEVERE ] updating countdown to 16000
[14:47:58.001] [SEVERE ] updating countdown to 15000
[14:47:59.010] [SEVERE ] updating countdown to 14000
