[09:35:20.301] [INFO   ] thread main starting.
[09:35:20.321] [SEVERE ] cannot read configuration file config.properties trying from resources.
[09:35:20.325] [SEVERE ] configuration file was loaded from resources directory.
[09:35:21.834] [INFO   ] thread dealer starting.
[09:35:21.893] [INFO   ] thread dealer starting.
[09:35:21.893] [INFO   ] thread Thread-1 starting.
[09:35:21.893] [INFO   ] thread Thread-0 starting.
[09:35:22.018] [SEVERE ] placing card 69 in slot 0
[09:35:22.127] [SEVERE ] placing card 63 in slot 1
[09:35:22.237] [SEVERE ] placing card 35 in slot 2
[09:35:22.345] [SEVERE ] placing card 42 in slot 3
[09:35:22.454] [SEVERE ] placing card 56 in slot 4
[09:35:22.562] [SEVERE ] placing card 9 in slot 5
[09:35:22.671] [SEVERE ] placing card 44 in slot 6
[09:35:22.780] [SEVERE ] placing card 32 in slot 7
[09:35:22.890] [SEVERE ] placing card 34 in slot 8
[09:35:22.998] [SEVERE ] placing card 12 in slot 9
[09:35:23.108] [SEVERE ] placing card 38 in slot 10
[09:35:23.216] [SEVERE ] placing card 28 in slot 11
[09:35:24.217] [SEVERE ] updating countdown to 59000
[09:35:25.227] [SEVERE ] updating countdown to 58000
[09:35:25.872] [SEVERE ] key 65 was pressed by player 1
[09:35:26.239] [SEVERE ] updating countdown to 57000
[09:35:27.240] [SEVERE ] updating countdown to 56000
[09:35:28.249] [SEVERE ] updating countdown to 55000
[09:35:29.265] [SEVERE ] updating countdown to 54000
[09:35:30.270] [SEVERE ] updating countdown to 53000
[09:35:31.279] [SEVERE ] updating countdown to 52000
[09:35:32.290] [SEVERE ] updating countdown to 51000
[09:35:33.304] [SEVERE ] updating countdown to 50000
[09:35:34.318] [SEVERE ] updating countdown to 49000
[09:35:35.332] [SEVERE ] updating countdown to 48000
[09:35:36.333] [SEVERE ] updating countdown to 47000
[09:35:37.338] [SEVERE ] updating countdown to 46000
[09:35:38.353] [SEVERE ] updating countdown to 45000
[09:35:39.362] [SEVERE ] updating countdown to 44000
[09:35:40.376] [SEVERE ] updating countdown to 43000
[09:35:41.389] [SEVERE ] updating countdown to 42000
[09:35:42.399] [SEVERE ] updating countdown to 41000
[09:35:43.408] [SEVERE ] updating countdown to 40000
[09:35:44.419] [SEVERE ] updating countdown to 39000
[09:35:45.434] [SEVERE ] updating countdown to 38000
[09:35:46.446] [SEVERE ] updating countdown to 37000
[09:35:47.448] [SEVERE ] updating countdown to 36000
[09:35:48.462] [SEVERE ] updating countdown to 35000
[09:35:49.473] [SEVERE ] updating countdown to 34000
[09:35:50.473] [SEVERE ] updating countdown to 33000
[09:35:51.484] [SEVERE ] updating countdown to 32000
[09:35:52.499] [SEVERE ] updating countdown to 31000
[09:35:53.507] [SEVERE ] updating countdown to 30000
[09:35:54.521] [SEVERE ] updating countdown to 29000
[09:35:55.537] [SEVERE ] updating countdown to 28000
[09:35:56.553] [SEVERE ] updating countdown to 27000
[09:35:57.563] [SEVERE ] updating countdown to 26000
[09:35:58.575] [SEVERE ] updating countdown to 25000
[09:35:59.578] [SEVERE ] updating countdown to 24000
[09:36:00.590] [SEVERE ] updating countdown to 23000
[09:36:01.598] [SEVERE ] updating countdown to 22000
[09:36:02.611] [SEVERE ] updating countdown to 21000
[09:36:03.627] [SEVERE ] updating countdown to 20000
[09:36:04.637] [SEVERE ] updating countdown to 19000
[09:36:05.640] [SEVERE ] updating countdown to 18000
[09:36:06.651] [SEVERE ] updating countdown to 17000
[09:36:07.664] [SEVERE ] updating countdown to 16000
[09:36:08.678] [SEVERE ] updating countdown to 15000
[09:36:09.693] [SEVERE ] updating countdown to 14000
[09:36:10.706] [SEVERE ] updating countdown to 13000
[09:36:11.720] [SEVERE ] updating countdown to 12000
[09:36:12.735] [SEVERE ] updating countdown to 11000
[09:36:13.746] [SEVERE ] updating countdown to 10000
[09:36:14.762] [SEVERE ] updating countdown to 9000
[09:36:15.773] [SEVERE ] updating countdown to 8000
[09:36:16.786] [SEVERE ] updating countdown to 7000
[09:36:17.801] [SEVERE ] updating countdown to 6000
[09:36:18.812] [SEVERE ] updating countdown to 5000
[09:36:19.827] [SEVERE ] updating countdown to 4000
[09:36:20.840] [SEVERE ] updating countdown to 3000
[09:36:21.854] [SEVERE ] updating countdown to 2000
[09:36:22.862] [SEVERE ] updating countdown to 1000
[09:36:23.984] [SEVERE ] removing card from slot 0
[09:36:24.094] [SEVERE ] removing card from slot 1
[09:36:24.204] [SEVERE ] removing card from slot 2
[09:36:24.310] [SEVERE ] removing card from slot 3
[09:36:24.419] [SEVERE ] removing card from slot 4
[09:36:24.527] [SEVERE ] removing card from slot 5
[09:36:24.637] [SEVERE ] removing card from slot 6
[09:36:24.749] [SEVERE ] removing card from slot 7
[09:36:24.858] [SEVERE ] removing card from slot 8
[09:36:24.967] [SEVERE ] removing card from slot 9
[09:36:25.076] [SEVERE ] removing card from slot 10
[09:36:25.186] [SEVERE ] removing card from slot 11
[09:36:25.294] [SEVERE ] placing card 73 in slot 0
[09:36:25.402] [SEVERE ] placing card 39 in slot 1
[09:36:25.512] [SEVERE ] placing card 59 in slot 2
[09:36:25.518] [INFO   ] thread dealer terminated.
[09:36:30.528] [SEVERE ] thanks for playing... it was fun!
[09:36:30.529] [INFO   ] thread main terminated.
[09:36:30.529] [SEVERE ] disposing of user interface elements
