[15:06:21.277] [INFO   ] thread main starting.
[15:06:21.292] [SEVERE ] cannot read configuration file config.properties trying from resources.
[15:06:21.292] [SEVERE ] configuration file was loaded from resources directory.
[15:06:22.127] [INFO   ] thread dealer starting.
[15:06:22.137] [INFO   ] thread Thread-2 starting.
[15:06:22.137] [INFO   ] thread dealer starting.
[15:06:22.129] [INFO   ] thread Thread-1 starting.
[15:06:22.256] [SEVERE ] placing card 27 in slot 0
[15:06:22.359] [SEVERE ] placing card 70 in slot 1
[15:06:22.471] [SEVERE ] placing card 38 in slot 2
[15:06:22.571] [SEVERE ] placing card 76 in slot 3
[15:06:22.688] [SEVERE ] placing card 51 in slot 4
[15:06:22.789] [SEVERE ] placing card 25 in slot 5
[15:06:22.904] [SEVERE ] placing card 80 in slot 6
[15:06:23.005] [SEVERE ] placing card 1 in slot 7
[15:06:23.117] [SEVERE ] placing card 48 in slot 8
[15:06:23.228] [SEVERE ] placing card 22 in slot 9
[15:06:23.339] [SEVERE ] placing card 13 in slot 10
[15:06:23.450] [SEVERE ] placing card 9 in slot 11
[15:06:24.464] [SEVERE ] updating countdown to 59000
[15:06:25.003] [SEVERE ] key 81 was pressed by player 1
[15:06:25.003] [SEVERE ] player 1 placing token on slot 0
[15:06:25.288] [SEVERE ] key 87 was pressed by player 1
[15:06:25.288] [SEVERE ] player 1 placing token on slot 1
[15:06:25.478] [SEVERE ] updating countdown to 58000
[15:06:25.656] [SEVERE ] key 69 was pressed by player 1
[15:06:25.656] [SEVERE ] player 1 placing token on slot 2
[15:06:26.487] [SEVERE ] updating countdown to 57000
[15:06:26.488] [SEVERE ] removing player 1 token from slot 0
[15:06:26.601] [SEVERE ] removing card from slot 0
[15:06:26.601] [SEVERE ] removing player 1 token from slot 1
[15:06:26.708] [SEVERE ] removing card from slot 1
[15:06:26.708] [SEVERE ] removing player 1 token from slot 2
[15:06:26.821] [SEVERE ] removing card from slot 2
[15:06:26.937] [SEVERE ] placing card 74 in slot 0
[15:06:27.037] [SEVERE ] placing card 73 in slot 1
[15:06:27.154] [SEVERE ] placing card 72 in slot 2
[15:06:28.163] [SEVERE ] updating countdown to 56000
[15:06:29.174] [SEVERE ] updating countdown to 55000
[15:06:30.189] [SEVERE ] updating countdown to 54000
[15:06:31.194] [SEVERE ] updating countdown to 53000
[15:06:32.195] [SEVERE ] updating countdown to 52000
[15:06:33.196] [SEVERE ] updating countdown to 51000
[15:06:34.206] [SEVERE ] updating countdown to 50000
[15:06:35.220] [SEVERE ] updating countdown to 49000
