[14:54:37.071] [INFO   ] thread main starting.
[14:54:37.094] [SEVERE ] cannot read configuration file config.properties trying from resources.
[14:54:37.098] [SEVERE ] configuration file was loaded from resources directory.
[14:54:37.941] [INFO   ] thread Thread-1 starting.
[14:54:37.944] [INFO   ] thread Thread-2 starting.
[14:54:37.941] [INFO   ] thread dealer starting.
[14:54:37.953] [INFO   ] thread dealer starting.
[14:54:38.076] [SEVERE ] placing card 76 in slot 0
[14:54:38.178] [SEVERE ] placing card 63 in slot 1
[14:54:38.278] [SEVERE ] placing card 27 in slot 2
[14:54:38.393] [SEVERE ] placing card 78 in slot 3
[14:54:38.510] [SEVERE ] placing card 6 in slot 4
[14:54:38.610] [SEVERE ] placing card 30 in slot 5
[14:54:38.713] [SEVERE ] placing card 61 in slot 6
[14:54:38.815] [SEVERE ] placing card 66 in slot 7
[14:54:38.921] [SEVERE ] placing card 16 in slot 8
[14:54:39.032] [SEVERE ] placing card 17 in slot 9
[14:54:39.142] [SEVERE ] placing card 0 in slot 10
[14:54:39.252] [SEVERE ] placing card 53 in slot 11
[14:54:40.264] [SEVERE ] updating countdown to 59000
[14:54:41.274] [SEVERE ] updating countdown to 58000
[14:54:41.574] [SEVERE ] key 81 was pressed by player 1
[14:54:41.590] [SEVERE ] player 1 placing token on slot 0
[14:54:41.938] [SEVERE ] key 87 was pressed by player 1
[14:54:41.938] [SEVERE ] player 1 placing token on slot 1
[14:54:42.285] [SEVERE ] updating countdown to 57000
[14:54:42.316] [SEVERE ] key 69 was pressed by player 1
[14:54:42.321] [SEVERE ] player 1 placing token on slot 2
[14:54:43.287] [SEVERE ] updating countdown to 56000
[14:54:43.287] [SEVERE ] removing player 1 token from slot 0
[14:54:43.388] [SEVERE ] removing card from slot 0
[14:54:43.389] [SEVERE ] removing player 1 token from slot 1
[14:54:43.494] [SEVERE ] removing card from slot 1
[14:54:43.494] [SEVERE ] removing player 1 token from slot 2
[14:54:43.601] [SEVERE ] removing card from slot 2
[14:54:43.710] [SEVERE ] placing card 24 in slot 0
[14:54:43.827] [SEVERE ] placing card 10 in slot 1
[14:54:43.941] [SEVERE ] placing card 15 in slot 2
[14:54:44.943] [SEVERE ] updating countdown to 55000
[14:54:45.948] [SEVERE ] updating countdown to 54000
[14:54:46.951] [SEVERE ] updating countdown to 53000
[14:54:47.958] [SEVERE ] updating countdown to 52000
[14:54:48.958] [SEVERE ] updating countdown to 51000
[14:54:49.959] [SEVERE ] updating countdown to 50000
[14:54:50.975] [SEVERE ] updating countdown to 49000
[14:54:51.976] [SEVERE ] updating countdown to 48000
[14:54:52.977] [SEVERE ] updating countdown to 47000
[14:54:53.978] [SEVERE ] updating countdown to 46000
[14:54:54.981] [SEVERE ] updating countdown to 45000
[14:54:55.993] [SEVERE ] updating countdown to 44000
[14:54:57.008] [SEVERE ] updating countdown to 43000
[14:54:58.022] [SEVERE ] updating countdown to 42000
[14:54:59.023] [SEVERE ] updating countdown to 41000
[14:55:00.039] [SEVERE ] updating countdown to 40000
[14:55:01.041] [SEVERE ] updating countdown to 39000
[14:55:02.043] [SEVERE ] updating countdown to 38000
[14:55:03.043] [SEVERE ] updating countdown to 37000
[14:55:04.047] [SEVERE ] updating countdown to 36000
[14:55:05.058] [SEVERE ] updating countdown to 35000
[14:55:06.073] [SEVERE ] updating countdown to 34000
[14:55:07.083] [SEVERE ] updating countdown to 33000
[14:55:08.090] [SEVERE ] updating countdown to 32000
