[08:15:08.934] [INFO   ] thread main starting.
[08:15:08.955] [SEVERE ] cannot read configuration file config.properties trying from resources.
[08:15:08.957] [SEVERE ] configuration file was loaded from resources directory.
[08:15:09.847] [INFO   ] thread Thread-1 starting.
[08:15:09.847] [INFO   ] thread Thread-0 starting.
[08:15:09.850] [INFO   ] thread dealer starting.
[08:15:09.855] [INFO   ] thread dealer starting.
[08:15:09.986] [SEVERE ] placing card 58 in slot 0
[08:15:10.091] [SEVERE ] placing card 19 in slot 1
[08:15:10.194] [SEVERE ] placing card 18 in slot 2
[08:15:10.297] [SEVERE ] placing card 8 in slot 3
[08:15:10.398] [SEVERE ] placing card 27 in slot 4
[08:15:10.515] [SEVERE ] placing card 25 in slot 5
[08:15:10.627] [SEVERE ] placing card 55 in slot 6
[08:15:10.738] [SEVERE ] placing card 32 in slot 7
[08:15:10.848] [SEVERE ] placing card 10 in slot 8
[08:15:10.958] [SEVERE ] placing card 65 in slot 9
[08:15:11.068] [SEVERE ] placing card 33 in slot 10
[08:15:11.178] [SEVERE ] placing card 37 in slot 11
[08:15:27.320] [SEVERE ] updating countdown to 59000
[08:15:29.231] [SEVERE ] exit button pressed
[08:15:29.231] [INFO   ] thread Thread-1 terminated.
[08:15:29.231] [INFO   ] thread Thread-0 terminated.
