[19:20:53.768] [INFO   ] thread main starting.
[19:20:53.778] [SEVERE ] cannot read configuration file config.properties trying from resources.
[19:20:53.778] [SEVERE ] configuration file was loaded from resources directory.
[19:20:54.511] [INFO   ] thread dealer starting.
[19:20:54.511] [INFO   ] thread player 0 starting.
[19:20:54.511] [INFO   ] thread player 1 starting.
[19:20:54.511] [INFO   ] thread dealer starting.
[19:20:54.511] [INFO   ] thread player 0 starting.
[19:20:54.514] [INFO   ] thread player 1 starting.
[19:20:54.641] [SEVERE ] placing card 38 in slot 0
[19:20:54.752] [SEVERE ] placing card 15 in slot 1
[19:20:54.862] [SEVERE ] placing card 80 in slot 2
[19:20:54.972] [SEVERE ] placing card 33 in slot 3
[19:20:55.084] [SEVERE ] placing card 66 in slot 4
[19:20:55.194] [SEVERE ] placing card 36 in slot 5
[19:20:55.305] [SEVERE ] placing card 26 in slot 6
[19:20:55.415] [SEVERE ] placing card 51 in slot 7
[19:20:55.525] [SEVERE ] placing card 30 in slot 8
[19:20:55.636] [SEVERE ] placing card 19 in slot 9
[19:20:55.746] [SEVERE ] placing card 32 in slot 10
[19:20:55.856] [SEVERE ] placing card 46 in slot 11
[19:20:56.162] [SEVERE ] key 81 was pressed by player 1
[19:20:56.162] [SEVERE ] player 1 placing token on slot 0
[19:20:56.864] [SEVERE ] updating countdown to 59000
[19:20:57.875] [SEVERE ] updating countdown to 58000
[19:20:58.190] [SEVERE ] key 81 was pressed by player 1
[19:20:58.190] [SEVERE ] removing player 1 token from slot 0
[19:20:58.511] [SEVERE ] key 81 was pressed by player 1
[19:20:58.511] [SEVERE ] player 1 placing token on slot 0
[19:20:58.702] [SEVERE ] key 81 was pressed by player 1
[19:20:58.702] [SEVERE ] removing player 1 token from slot 0
[19:20:58.885] [SEVERE ] updating countdown to 57000
[19:20:58.917] [SEVERE ] key 81 was pressed by player 1
[19:20:58.917] [SEVERE ] player 1 placing token on slot 0
[19:20:59.264] [SEVERE ] key 81 was pressed by player 1
[19:20:59.268] [SEVERE ] removing player 1 token from slot 0
[19:20:59.900] [SEVERE ] updating countdown to 56000
[19:21:00.910] [SEVERE ] updating countdown to 55000
[19:21:01.919] [SEVERE ] updating countdown to 54000
[19:21:02.932] [SEVERE ] updating countdown to 53000
[19:21:03.940] [SEVERE ] updating countdown to 52000
[19:21:04.107] [SEVERE ] key 81 was pressed by player 1
[19:21:04.114] [SEVERE ] player 1 placing token on slot 0
[19:21:04.495] [SEVERE ] key 87 was pressed by player 1
[19:21:04.495] [SEVERE ] player 1 placing token on slot 1
[19:21:04.943] [SEVERE ] updating countdown to 51000
[19:21:04.959] [SEVERE ] key 69 was pressed by player 1
[19:21:04.959] [SEVERE ] player 1 placing token on slot 2
[19:21:05.955] [SEVERE ] updating countdown to 50000
[19:21:05.955] [SEVERE ] removing player 1 token from slot 0
[19:21:06.065] [SEVERE ] removing card from slot 0
[19:21:06.065] [SEVERE ] removing player 1 token from slot 1
[19:21:06.176] [SEVERE ] removing card from slot 1
[19:21:06.176] [SEVERE ] removing player 1 token from slot 2
[19:21:06.286] [SEVERE ] removing card from slot 2
[19:21:06.396] [SEVERE ] placing card 21 in slot 0
[19:21:06.507] [SEVERE ] placing card 45 in slot 1
[19:21:06.617] [SEVERE ] placing card 50 in slot 2
[19:21:07.626] [SEVERE ] updating countdown to 49000
[19:21:08.639] [SEVERE ] updating countdown to 48000
[19:21:09.651] [SEVERE ] updating countdown to 47000
[19:21:10.660] [SEVERE ] updating countdown to 46000
[19:21:11.672] [SEVERE ] updating countdown to 45000
[19:21:12.682] [SEVERE ] updating countdown to 44000
[19:21:13.695] [SEVERE ] updating countdown to 43000
[19:21:14.710] [SEVERE ] updating countdown to 42000
[19:21:15.721] [SEVERE ] updating countdown to 41000
[19:21:16.496] [SEVERE ] key 81 was pressed by player 1
[19:21:16.690] [SEVERE ] key 87 was pressed by player 1
[19:21:16.731] [SEVERE ] updating countdown to 40000
[19:21:16.879] [SEVERE ] key 69 was pressed by player 1
[19:21:17.551] [SEVERE ] key 81 was pressed by player 1
[19:21:17.739] [SEVERE ] updating countdown to 39000
[19:21:18.749] [SEVERE ] updating countdown to 38000
[19:21:19.761] [SEVERE ] updating countdown to 37000
[19:21:20.773] [SEVERE ] updating countdown to 36000
[19:21:21.785] [SEVERE ] updating countdown to 35000
[19:21:22.799] [SEVERE ] updating countdown to 34000
[19:21:23.808] [SEVERE ] updating countdown to 33000
[19:21:24.816] [SEVERE ] updating countdown to 32000
[19:21:25.822] [SEVERE ] updating countdown to 31000
[19:21:26.831] [SEVERE ] updating countdown to 30000
[19:21:27.842] [SEVERE ] updating countdown to 29000
[19:21:28.849] [SEVERE ] updating countdown to 28000
[19:21:29.863] [SEVERE ] updating countdown to 27000
