[14:43:06.105] [INFO   ] thread main starting.
[14:43:06.115] [SEVERE ] cannot read configuration file config.properties trying from resources.
[14:43:06.120] [SEVERE ] configuration file was loaded from resources directory.
[14:43:06.980] [INFO   ] thread dealer starting.
[14:43:06.983] [INFO   ] thread Thread-1 starting.
[14:43:06.984] [INFO   ] thread Thread-2 starting.
[14:43:06.986] [INFO   ] thread dealer starting.
[14:43:07.105] [SEVERE ] placing card 74 in slot 0
[14:43:07.213] [SEVERE ] placing card 25 in slot 1
[14:43:07.323] [SEVERE ] placing card 66 in slot 2
[14:43:07.432] [SEVERE ] placing card 48 in slot 3
[14:43:07.542] [SEVERE ] placing card 49 in slot 4
[14:43:07.652] [SEVERE ] placing card 68 in slot 5
[14:43:07.762] [SEVERE ] placing card 5 in slot 6
[14:43:07.864] [SEVERE ] placing card 59 in slot 7
[14:43:07.976] [SEVERE ] placing card 27 in slot 8
[14:43:08.087] [SEVERE ] placing card 30 in slot 9
[14:43:08.197] [SEVERE ] placing card 31 in slot 10
[14:43:08.307] [SEVERE ] placing card 45 in slot 11
[14:43:09.317] [SEVERE ] updating countdown to 59000
[14:43:10.325] [SEVERE ] updating countdown to 58000
[14:43:11.112] [SEVERE ] key 81 was pressed by player 1
[14:43:11.329] [SEVERE ] updating countdown to 57000
[14:43:12.331] [SEVERE ] updating countdown to 56000
[14:43:13.337] [SEVERE ] updating countdown to 55000
[14:43:14.347] [SEVERE ] updating countdown to 54000
[14:43:15.358] [SEVERE ] updating countdown to 53000
[14:43:16.363] [SEVERE ] updating countdown to 52000
[14:43:17.370] [SEVERE ] updating countdown to 51000
[14:43:18.377] [SEVERE ] updating countdown to 50000
[14:43:19.382] [SEVERE ] updating countdown to 49000
[14:43:20.388] [SEVERE ] updating countdown to 48000
[14:43:21.396] [SEVERE ] updating countdown to 47000
[14:43:22.411] [SEVERE ] updating countdown to 46000
[14:43:23.426] [SEVERE ] updating countdown to 45000
[14:43:24.434] [SEVERE ] updating countdown to 44000
[14:43:25.441] [SEVERE ] updating countdown to 43000
[14:43:26.442] [SEVERE ] updating countdown to 42000
[14:43:27.445] [SEVERE ] updating countdown to 41000
[14:43:28.446] [SEVERE ] updating countdown to 40000
[14:43:29.451] [SEVERE ] updating countdown to 39000
[14:43:30.457] [SEVERE ] updating countdown to 38000
[14:43:31.461] [SEVERE ] updating countdown to 37000
[14:43:32.466] [SEVERE ] updating countdown to 36000
[14:43:33.466] [SEVERE ] updating countdown to 35000
[14:43:34.469] [SEVERE ] updating countdown to 34000
[14:43:35.470] [SEVERE ] updating countdown to 33000
[14:43:36.473] [SEVERE ] updating countdown to 32000
[14:43:37.476] [SEVERE ] updating countdown to 31000
[14:43:38.492] [SEVERE ] updating countdown to 30000
[14:43:39.520] [SEVERE ] updating countdown to 29000
[14:43:40.526] [SEVERE ] updating countdown to 28000
[14:43:40.656] [SEVERE ] player 1 placing token on slot 0
[14:43:41.532] [SEVERE ] updating countdown to 27000
[14:43:42.533] [SEVERE ] updating countdown to 26000
[14:43:43.540] [SEVERE ] updating countdown to 25000
[14:43:44.544] [SEVERE ] updating countdown to 24000
[14:43:45.553] [SEVERE ] updating countdown to 23000
[14:43:46.556] [SEVERE ] updating countdown to 22000
[14:43:47.559] [SEVERE ] updating countdown to 21000
[14:43:48.559] [SEVERE ] updating countdown to 20000
[14:43:49.561] [SEVERE ] updating countdown to 19000
[14:43:50.576] [SEVERE ] updating countdown to 18000
[14:43:51.578] [SEVERE ] updating countdown to 17000
[14:43:52.592] [SEVERE ] updating countdown to 16000
[14:43:53.596] [SEVERE ] updating countdown to 15000
[14:43:54.603] [SEVERE ] updating countdown to 14000
[14:43:55.610] [SEVERE ] updating countdown to 13000
[14:43:56.612] [SEVERE ] updating countdown to 12000
[14:43:57.621] [SEVERE ] updating countdown to 11000
[14:43:58.625] [SEVERE ] updating countdown to 10000
[14:43:59.625] [SEVERE ] updating countdown to 9000
[14:44:00.641] [SEVERE ] updating countdown to 8000
[14:44:01.647] [SEVERE ] updating countdown to 7000
[14:44:02.654] [SEVERE ] updating countdown to 6000
[14:44:03.656] [SEVERE ] updating countdown to 5000
[14:44:04.658] [SEVERE ] updating countdown to 4000
[14:44:05.659] [SEVERE ] updating countdown to 3000
[14:44:06.660] [SEVERE ] updating countdown to 2000
[14:44:07.667] [SEVERE ] updating countdown to 1000
[14:44:15.490] [SEVERE ] removing card from slot 0
[14:44:16.955] [SEVERE ] removing card from slot 1
[14:44:17.069] [SEVERE ] removing card from slot 2
[14:44:17.170] [SEVERE ] removing card from slot 3
[14:44:17.280] [SEVERE ] removing card from slot 4
[14:44:17.383] [SEVERE ] removing card from slot 5
[14:44:17.487] [SEVERE ] removing card from slot 6
[14:44:17.587] [SEVERE ] removing card from slot 7
[14:44:17.689] [SEVERE ] removing card from slot 8
[14:44:17.793] [SEVERE ] removing card from slot 9
[14:44:17.905] [SEVERE ] removing card from slot 10
[14:44:18.023] [SEVERE ] removing card from slot 11
[14:44:18.155] [SEVERE ] placing card 34 in slot 0
[14:44:18.266] [SEVERE ] placing card 42 in slot 1
[14:44:18.371] [SEVERE ] placing card 51 in slot 2
[14:44:18.474] [SEVERE ] placing card 62 in slot 3
[14:44:18.481] [INFO   ] thread dealer terminated.
[14:44:23.488] [SEVERE ] thanks for playing... it was fun!
[14:44:23.488] [INFO   ] thread main terminated.
[14:44:23.489] [SEVERE ] disposing of user interface elements
