[13:35:15.893] [INFO   ] thread main starting.
[13:35:15.898] [SEVERE ] cannot read configuration file config.properties trying from resources.
[13:35:15.909] [SEVERE ] configuration file was loaded from resources directory.
[13:35:16.498] [INFO   ] thread dealer starting.
[13:35:16.498] [INFO   ] thread player 0 starting.
[13:35:16.499] [INFO   ] thread player 1 starting.
[13:35:16.499] [INFO   ] thread dealer starting.
[13:35:16.506] [INFO   ] thread player 0 starting.
[13:35:16.506] [INFO   ] thread player 1 starting.
[13:35:16.511] [INFO   ] thread computer-1 starting.
[13:35:17.518] [SEVERE ] updating countdown to 59000
[13:35:17.629] [SEVERE ] placing card 47 in slot 0
[13:35:17.741] [SEVERE ] placing card 56 in slot 1
[13:35:17.853] [SEVERE ] placing card 38 in slot 2
[13:35:17.964] [SEVERE ] placing card 53 in slot 3
[13:35:18.076] [SEVERE ] placing card 27 in slot 4
[13:35:18.188] [SEVERE ] placing card 76 in slot 5
[13:35:18.300] [SEVERE ] placing card 46 in slot 6
[13:35:18.413] [SEVERE ] placing card 77 in slot 7
[13:35:18.508] [SEVERE ] key 81 was pressed by player 1
[13:35:18.508] [SEVERE ] player 1 placing token on slot 0
[13:35:18.523] [SEVERE ] placing card 31 in slot 8
[13:35:18.556] [SEVERE ] player 2 placing token on slot 5
[13:35:18.635] [SEVERE ] placing card 32 in slot 9
[13:35:18.700] [SEVERE ] key 81 was pressed by player 1
[13:35:18.700] [SEVERE ] removing player 1 token from slot 0
[13:35:18.747] [SEVERE ] placing card 49 in slot 10
[13:35:18.858] [SEVERE ] placing card 45 in slot 11
[13:35:18.868] [SEVERE ] key 81 was pressed by player 1
[13:35:18.868] [SEVERE ] player 1 placing token on slot 0
[13:35:19.066] [SEVERE ] player 2 placing token on slot 11
[13:35:19.578] [SEVERE ] removing player 2 token from slot 11
[13:35:19.865] [SEVERE ] updating countdown to 58000
[13:35:20.088] [SEVERE ] player 2 placing token on slot 1
[13:35:20.601] [SEVERE ] removing player 2 token from slot 5
[13:35:20.872] [SEVERE ] updating countdown to 57000
[13:35:21.110] [SEVERE ] player 2 placing token on slot 0
[13:35:21.611] [SEVERE ] player 2 placing token on slot 2
[13:35:21.611] [SEVERE ] setting player 2 freeze to 3000
[13:35:21.874] [SEVERE ] updating countdown to 56000
