[13:18:46.979] [INFO   ] thread main starting.
[13:18:46.985] [SEVERE ] cannot read configuration file config.properties trying from resources.
[13:18:46.988] [SEVERE ] configuration file was loaded from resources directory.
[13:18:47.666] [INFO   ] thread dealer starting.
[13:18:47.666] [INFO   ] thread player 0 starting.
[13:18:47.667] [INFO   ] thread player 1 starting.
[13:18:47.668] [INFO   ] thread dealer starting.
[13:18:47.669] [INFO   ] thread player 0 starting.
[13:18:47.669] [INFO   ] thread player 1 starting.
[13:18:47.670] [INFO   ] thread computer-1 starting.
[13:18:47.781] [SEVERE ] placing card 17 in slot 0
[13:18:47.890] [SEVERE ] placing card 43 in slot 1
[13:18:48.000] [SEVERE ] placing card 42 in slot 2
[13:18:48.108] [SEVERE ] placing card 11 in slot 3
[13:18:48.220] [SEVERE ] placing card 51 in slot 4
[13:18:48.328] [SEVERE ] placing card 9 in slot 5
[13:18:48.437] [SEVERE ] placing card 70 in slot 6
[13:18:48.547] [SEVERE ] placing card 67 in slot 7
[13:18:48.656] [SEVERE ] placing card 71 in slot 8
[13:18:48.764] [SEVERE ] placing card 76 in slot 9
[13:18:48.873] [SEVERE ] placing card 59 in slot 10
[13:18:48.983] [SEVERE ] placing card 54 in slot 11
[13:18:49.987] [SEVERE ] updating countdown to 59000
[13:18:51.000] [SEVERE ] updating countdown to 58000
[13:18:52.001] [SEVERE ] updating countdown to 57000
[13:18:53.008] [SEVERE ] updating countdown to 56000
[13:18:54.019] [SEVERE ] updating countdown to 55000
[13:18:55.027] [SEVERE ] updating countdown to 54000
[13:18:56.040] [SEVERE ] updating countdown to 53000
[13:18:57.052] [SEVERE ] updating countdown to 52000
[13:18:58.060] [SEVERE ] updating countdown to 51000
[13:18:59.063] [SEVERE ] updating countdown to 50000
[13:19:00.074] [SEVERE ] updating countdown to 49000
[13:19:01.078] [SEVERE ] updating countdown to 48000
