[13:14:41.272] [INFO   ] thread main starting.
[13:14:41.284] [SEVERE ] cannot read configuration file config.properties trying from resources.
[13:14:41.290] [SEVERE ] configuration file was loaded from resources directory.
[13:14:42.225] [INFO   ] thread dealer starting.
[13:14:42.226] [INFO   ] thread player 0 starting.
[13:14:42.227] [INFO   ] thread player 1 starting.
[13:14:42.227] [INFO   ] thread player 0 starting.
[13:14:42.228] [INFO   ] thread dealer starting.
[13:14:42.228] [INFO   ] thread player 1 starting.
[13:14:42.348] [SEVERE ] placing card 2 in slot 0
[13:14:42.461] [SEVERE ] placing card 16 in slot 1
[13:14:42.578] [SEVERE ] placing card 12 in slot 2
[13:14:42.685] [SEVERE ] placing card 53 in slot 3
[13:14:42.793] [SEVERE ] placing card 54 in slot 4
[13:14:42.901] [SEVERE ] placing card 6 in slot 5
[13:14:43.010] [SEVERE ] placing card 68 in slot 6
[13:14:43.117] [SEVERE ] placing card 18 in slot 7
[13:14:43.226] [SEVERE ] placing card 40 in slot 8
[13:14:43.389] [SEVERE ] placing card 14 in slot 9
[13:14:43.504] [SEVERE ] placing card 79 in slot 10
[13:14:43.610] [SEVERE ] placing card 56 in slot 11
[13:14:44.616] [SEVERE ] updating countdown to 59000
[13:14:45.629] [SEVERE ] updating countdown to 58000
[13:14:46.637] [SEVERE ] updating countdown to 57000
[13:14:47.221] [INFO   ] thread computer-1 starting.
[13:14:47.223] [SEVERE ] player 2 placing token on slot 11
[13:14:47.224] [SEVERE ] player 2 placing token on slot 1
[13:14:47.225] [SEVERE ] player 2 placing token on slot 5
[13:14:47.226] [SEVERE ] setting player 2 freeze to 3000
[13:14:47.649] [SEVERE ] updating countdown to 56000
[13:14:48.238] [SEVERE ] setting player 2 freeze to 2000
[13:14:48.653] [SEVERE ] updating countdown to 55000
[13:14:49.246] [SEVERE ] setting player 2 freeze to 1000
[13:14:49.667] [SEVERE ] updating countdown to 54000
[13:14:50.253] [SEVERE ] setting player 2 freeze to 0
[13:14:50.257] [SEVERE ] removing player 2 token from slot 5
[13:14:50.258] [SEVERE ] player 2 placing token on slot 5
[13:14:50.259] [SEVERE ] setting player 2 freeze to 3000
[13:14:50.673] [SEVERE ] updating countdown to 53000
[13:14:51.261] [SEVERE ] setting player 2 freeze to 2000
[13:14:51.683] [SEVERE ] updating countdown to 52000
[13:14:52.274] [SEVERE ] setting player 2 freeze to 1000
[13:14:52.691] [SEVERE ] updating countdown to 51000
[13:14:53.281] [SEVERE ] setting player 2 freeze to 0
[13:14:53.282] [SEVERE ] removing player 2 token from slot 11
[13:14:53.284] [SEVERE ] player 2 placing token on slot 3
[13:14:53.285] [SEVERE ] setting player 2 freeze to 3000
[13:14:53.703] [SEVERE ] updating countdown to 50000
[13:14:54.293] [SEVERE ] setting player 2 freeze to 2000
[13:14:54.713] [SEVERE ] updating countdown to 49000
[13:14:55.303] [SEVERE ] setting player 2 freeze to 1000
[13:14:55.724] [SEVERE ] updating countdown to 48000
[13:14:56.317] [SEVERE ] setting player 2 freeze to 0
[13:14:56.318] [SEVERE ] removing player 2 token from slot 1
[13:14:56.319] [SEVERE ] player 2 placing token on slot 9
[13:14:56.320] [SEVERE ] setting player 2 freeze to 3000
[13:14:56.738] [SEVERE ] updating countdown to 47000
[13:14:57.331] [SEVERE ] setting player 2 freeze to 2000
[13:14:57.748] [SEVERE ] updating countdown to 46000
[13:14:58.345] [SEVERE ] setting player 2 freeze to 1000
[13:14:58.764] [SEVERE ] updating countdown to 45000
[13:14:59.356] [SEVERE ] setting player 2 freeze to 0
[13:14:59.357] [SEVERE ] removing player 2 token from slot 3
[13:14:59.358] [SEVERE ] player 2 placing token on slot 11
[13:14:59.359] [SEVERE ] setting player 2 freeze to 3000
[13:14:59.778] [SEVERE ] updating countdown to 44000
[13:15:00.369] [SEVERE ] setting player 2 freeze to 2000
[13:15:00.785] [SEVERE ] updating countdown to 43000
[13:15:01.375] [SEVERE ] setting player 2 freeze to 1000
[13:15:01.795] [SEVERE ] updating countdown to 42000
[13:15:02.383] [SEVERE ] setting player 2 freeze to 0
[13:15:02.385] [SEVERE ] removing player 2 token from slot 11
[13:15:02.386] [SEVERE ] player 2 placing token on slot 4
[13:15:02.386] [SEVERE ] setting player 2 freeze to 3000
[13:15:02.800] [SEVERE ] updating countdown to 41000
[13:15:03.393] [SEVERE ] setting player 2 freeze to 2000
[13:15:03.815] [SEVERE ] updating countdown to 40000
[13:15:04.405] [SEVERE ] setting player 2 freeze to 1000
[13:15:04.828] [SEVERE ] updating countdown to 39000
[13:15:05.420] [SEVERE ] setting player 2 freeze to 0
[13:15:05.421] [SEVERE ] removing player 2 token from slot 5
[13:15:05.422] [SEVERE ] player 2 placing token on slot 11
[13:15:05.422] [SEVERE ] setting player 2 freeze to 3000
[13:15:05.839] [SEVERE ] updating countdown to 38000
[13:15:06.428] [SEVERE ] setting player 2 freeze to 2000
[13:15:06.851] [SEVERE ] updating countdown to 37000
[13:15:07.442] [SEVERE ] setting player 2 freeze to 1000
[13:15:07.853] [SEVERE ] updating countdown to 36000
[13:15:08.450] [SEVERE ] setting player 2 freeze to 0
[13:15:08.453] [SEVERE ] removing player 2 token from slot 4
[13:15:08.454] [SEVERE ] removing player 2 token from slot 11
[13:15:08.455] [SEVERE ] player 2 placing token on slot 5
[13:15:08.455] [SEVERE ] player 2 placing token on slot 7
[13:15:08.457] [SEVERE ] setting player 2 freeze to 3000
[13:15:08.868] [SEVERE ] updating countdown to 35000
[13:15:09.461] [SEVERE ] setting player 2 freeze to 2000
[13:15:09.870] [SEVERE ] updating countdown to 34000
[13:15:10.474] [SEVERE ] setting player 2 freeze to 1000
[13:15:10.876] [SEVERE ] updating countdown to 33000
[13:15:11.488] [SEVERE ] setting player 2 freeze to 0
[13:15:11.491] [SEVERE ] removing player 2 token from slot 9
[13:15:11.492] [SEVERE ] player 2 placing token on slot 11
[13:15:11.492] [SEVERE ] setting player 2 freeze to 3000
[13:15:11.879] [SEVERE ] updating countdown to 32000
[13:15:12.507] [SEVERE ] setting player 2 freeze to 2000
[13:15:12.883] [SEVERE ] updating countdown to 31000
[13:15:13.521] [SEVERE ] setting player 2 freeze to 1000
[13:15:13.891] [SEVERE ] updating countdown to 30000
