[13:24:51.967] [INFO   ] thread main starting.
[13:24:51.977] [SEVERE ] cannot read configuration file config.properties trying from resources.
[13:24:51.979] [SEVERE ] configuration file was loaded from resources directory.
[13:24:52.527] [INFO   ] thread dealer starting.
[13:24:52.527] [INFO   ] thread player 0 starting.
[13:24:52.529] [INFO   ] thread player 1 starting.
[13:24:52.529] [INFO   ] thread dealer starting.
[13:24:52.536] [INFO   ] thread player 1 starting.
[13:24:52.536] [INFO   ] thread player 0 starting.
[13:24:52.538] [INFO   ] thread computer-1 starting.
[13:24:52.644] [SEVERE ] placing card 23 in slot 0
[13:24:52.753] [SEVERE ] placing card 32 in slot 1
[13:24:52.859] [SEVERE ] placing card 52 in slot 2
[13:24:52.974] [SEVERE ] placing card 66 in slot 3
[13:24:53.083] [SEVERE ] placing card 29 in slot 4
[13:24:53.188] [SEVERE ] placing card 15 in slot 5
[13:24:53.306] [SEVERE ] placing card 9 in slot 6
[13:24:53.419] [SEVERE ] placing card 63 in slot 7
[13:24:53.528] [SEVERE ] placing card 7 in slot 8
[13:24:53.543] [SEVERE ] player 2 placing token on slot 6
[13:24:53.639] [SEVERE ] placing card 22 in slot 9
[13:24:53.740] [SEVERE ] placing card 25 in slot 10
[13:24:53.841] [SEVERE ] placing card 12 in slot 11
[13:24:54.555] [SEVERE ] player 2 placing token on slot 2
[13:24:54.856] [SEVERE ] updating countdown to 59000
[13:24:55.572] [SEVERE ] player 2 placing token on slot 11
[13:24:55.573] [SEVERE ] setting player 2 freeze to 3000
[13:24:55.872] [SEVERE ] updating countdown to 58000
[13:24:56.580] [SEVERE ] setting player 2 freeze to 2000
[13:24:56.887] [SEVERE ] updating countdown to 57000
[13:24:57.587] [SEVERE ] setting player 2 freeze to 1000
[13:24:57.890] [SEVERE ] updating countdown to 56000
[13:24:58.609] [SEVERE ] setting player 2 freeze to 0
[13:24:58.909] [SEVERE ] updating countdown to 55000
[13:24:59.925] [SEVERE ] updating countdown to 54000
[13:25:00.928] [SEVERE ] updating countdown to 53000
[13:25:01.935] [SEVERE ] updating countdown to 52000
[13:25:02.940] [SEVERE ] updating countdown to 51000
[13:25:03.941] [SEVERE ] updating countdown to 50000
[13:25:04.956] [SEVERE ] updating countdown to 49000
[13:25:05.970] [SEVERE ] updating countdown to 48000
[13:25:06.979] [SEVERE ] updating countdown to 47000
[13:25:07.983] [SEVERE ] updating countdown to 46000
[13:25:08.987] [SEVERE ] updating countdown to 45000
[13:25:09.995] [SEVERE ] updating countdown to 44000
[13:25:10.709] [SEVERE ] removing player 2 token from slot 6
[13:25:10.999] [SEVERE ] updating countdown to 43000
[13:25:11.710] [SEVERE ] player 2 placing token on slot 7
[13:25:11.711] [SEVERE ] setting player 2 freeze to 3000
[13:25:12.009] [SEVERE ] updating countdown to 42000
[13:25:12.725] [SEVERE ] setting player 2 freeze to 2000
[13:25:13.025] [SEVERE ] updating countdown to 41000
[13:25:13.729] [SEVERE ] setting player 2 freeze to 1000
[13:25:14.040] [SEVERE ] updating countdown to 40000
[13:25:14.740] [SEVERE ] setting player 2 freeze to 0
[13:25:15.056] [SEVERE ] updating countdown to 39000
[13:25:16.059] [SEVERE ] updating countdown to 38000
[13:25:17.061] [SEVERE ] updating countdown to 37000
[13:25:18.071] [SEVERE ] updating countdown to 36000
[13:25:19.074] [SEVERE ] updating countdown to 35000
[13:25:20.087] [SEVERE ] updating countdown to 34000
[13:25:20.791] [SEVERE ] removing player 2 token from slot 2
[13:25:21.109] [SEVERE ] updating countdown to 33000
[13:25:21.796] [SEVERE ] player 2 placing token on slot 0
[13:25:21.796] [SEVERE ] setting player 2 freeze to 3000
[13:25:22.118] [SEVERE ] updating countdown to 32000
[13:25:22.802] [SEVERE ] setting player 2 freeze to 2000
[13:25:23.133] [SEVERE ] updating countdown to 31000
[13:25:23.817] [SEVERE ] setting player 2 freeze to 1000
[13:25:24.142] [SEVERE ] updating countdown to 30000
[13:25:24.820] [SEVERE ] setting player 2 freeze to 0
[13:25:25.144] [SEVERE ] updating countdown to 29000
[13:25:26.146] [SEVERE ] updating countdown to 28000
