[12:59:00.396] [INFO   ] thread main starting.
[12:59:00.403] [SEVERE ] cannot read configuration file config.properties trying from resources.
[12:59:00.405] [SEVERE ] configuration file was loaded from resources directory.
[12:59:01.003] [INFO   ] thread dealer starting.
[12:59:01.004] [INFO   ] thread player 0 starting.
[12:59:01.004] [INFO   ] thread player 1 starting.
[12:59:01.005] [INFO   ] thread dealer starting.
[12:59:01.009] [INFO   ] thread player 0 starting.
[12:59:01.010] [INFO   ] thread player 1 starting.
[12:59:01.011] [INFO   ] thread computer-1 starting.
[12:59:01.129] [SEVERE ] placing card 1 in slot 0
[12:59:01.236] [SEVERE ] placing card 42 in slot 1
[12:59:01.345] [SEVERE ] placing card 22 in slot 2
[12:59:01.452] [SEVERE ] placing card 79 in slot 3
[12:59:01.560] [SEVERE ] placing card 66 in slot 4
[12:59:01.669] [SEVERE ] placing card 6 in slot 5
[12:59:01.778] [SEVERE ] placing card 64 in slot 6
[12:59:01.887] [SEVERE ] placing card 59 in slot 7
[12:59:01.996] [SEVERE ] placing card 12 in slot 8
[12:59:02.105] [SEVERE ] placing card 11 in slot 9
[12:59:02.214] [SEVERE ] placing card 35 in slot 10
[12:59:02.323] [SEVERE ] placing card 65 in slot 11
[12:59:03.336] [SEVERE ] updating countdown to 59000
[12:59:04.346] [SEVERE ] updating countdown to 58000
[12:59:05.348] [SEVERE ] updating countdown to 57000
[12:59:06.355] [SEVERE ] updating countdown to 56000
[12:59:06.677] [SEVERE ] key 81 was pressed by player 1
[12:59:06.677] [SEVERE ] player 1 placing token on slot 0
[12:59:07.015] [SEVERE ] key 87 was pressed by player 1
[12:59:07.015] [SEVERE ] player 1 placing token on slot 1
[12:59:07.360] [SEVERE ] updating countdown to 55000
[12:59:07.576] [SEVERE ] key 83 was pressed by player 1
[12:59:07.576] [SEVERE ] player 1 placing token on slot 5
[12:59:07.576] [SEVERE ] setting player 1 freeze to 3000
[12:59:08.361] [SEVERE ] updating countdown to 54000
[12:59:08.580] [SEVERE ] setting player 1 freeze to 2000
[12:59:09.368] [SEVERE ] updating countdown to 53000
[12:59:09.588] [SEVERE ] setting player 1 freeze to 1000
[12:59:10.376] [SEVERE ] updating countdown to 52000
[12:59:10.596] [SEVERE ] setting player 1 freeze to 0
[12:59:11.379] [SEVERE ] updating countdown to 51000
[12:59:11.663] [SEVERE ] key 75 was pressed by player 2
[12:59:11.663] [SEVERE ] player 2 placing token on slot 5
[12:59:11.738] [SEVERE ] key 76 was pressed by player 2
[12:59:11.739] [SEVERE ] player 2 placing token on slot 6
[12:59:11.741] [SEVERE ] player 2 placing token on slot 2
[12:59:11.743] [SEVERE ] setting player 2 freeze to 3000
[12:59:12.079] [SEVERE ] key 76 was pressed by player 2
[12:59:12.391] [SEVERE ] updating countdown to 50000
[12:59:12.753] [SEVERE ] setting player 2 freeze to 2000
[12:59:13.406] [SEVERE ] updating countdown to 49000
[12:59:13.765] [SEVERE ] setting player 2 freeze to 1000
[12:59:14.420] [SEVERE ] updating countdown to 48000
[12:59:14.765] [SEVERE ] setting player 2 freeze to 0
[12:59:14.765] [SEVERE ] removing player 2 token from slot 5
[12:59:14.765] [SEVERE ] removing player 2 token from slot 2
[12:59:14.765] [SEVERE ] player 2 placing token on slot 1
[12:59:14.766] [SEVERE ] player 2 placing token on slot 8
[12:59:14.766] [SEVERE ] setting player 2 freeze to 3000
[12:59:15.434] [SEVERE ] updating countdown to 47000
[12:59:15.777] [SEVERE ] setting player 2 freeze to 2000
[12:59:16.435] [SEVERE ] updating countdown to 46000
[12:59:16.777] [SEVERE ] setting player 2 freeze to 1000
[12:59:17.437] [SEVERE ] updating countdown to 45000
[12:59:17.780] [SEVERE ] setting player 2 freeze to 0
[12:59:17.781] [SEVERE ] removing player 2 token from slot 1
[12:59:17.781] [SEVERE ] player 2 placing token on slot 11
[12:59:17.781] [SEVERE ] setting player 2 freeze to 3000
[12:59:18.452] [SEVERE ] updating countdown to 44000
[12:59:18.794] [SEVERE ] setting player 2 freeze to 2000
[12:59:19.454] [SEVERE ] updating countdown to 43000
[12:59:19.801] [SEVERE ] setting player 2 freeze to 1000
[12:59:20.455] [SEVERE ] updating countdown to 42000
[12:59:20.815] [SEVERE ] setting player 2 freeze to 0
[12:59:20.815] [SEVERE ] setting player 2 freeze to 3000
[12:59:21.470] [SEVERE ] updating countdown to 41000
[12:59:21.817] [SEVERE ] setting player 2 freeze to 2000
[12:59:22.331] [SEVERE ] key 73 was pressed by player 2
[12:59:22.472] [SEVERE ] updating countdown to 40000
[12:59:22.622] [SEVERE ] key 79 was pressed by player 2
[12:59:22.828] [SEVERE ] setting player 2 freeze to 1000
[12:59:22.876] [SEVERE ] key 76 was pressed by player 2
[12:59:23.271] [SEVERE ] key 75 was pressed by player 2
[12:59:23.281] [SEVERE ] key 44 was pressed by player 2
[12:59:23.333] [SEVERE ] key 77 was pressed by player 2
[12:59:23.485] [SEVERE ] updating countdown to 39000
[12:59:23.841] [SEVERE ] setting player 2 freeze to 0
[12:59:23.841] [SEVERE ] setting player 2 freeze to 3000
[12:59:24.490] [SEVERE ] updating countdown to 38000
[12:59:24.850] [SEVERE ] setting player 2 freeze to 2000
[12:59:25.505] [SEVERE ] updating countdown to 37000
[12:59:25.863] [SEVERE ] setting player 2 freeze to 1000
[12:59:26.521] [SEVERE ] updating countdown to 36000
[12:59:26.877] [SEVERE ] setting player 2 freeze to 0
[12:59:26.877] [SEVERE ] setting player 2 freeze to 3000
[12:59:27.533] [SEVERE ] updating countdown to 35000
[12:59:27.882] [SEVERE ] setting player 2 freeze to 2000
[12:59:28.543] [SEVERE ] updating countdown to 34000
[12:59:28.886] [SEVERE ] setting player 2 freeze to 1000
[12:59:29.559] [SEVERE ] updating countdown to 33000
[12:59:29.902] [SEVERE ] setting player 2 freeze to 0
[12:59:29.902] [SEVERE ] setting player 2 freeze to 3000
[12:59:30.572] [SEVERE ] updating countdown to 32000
[12:59:30.914] [SEVERE ] setting player 2 freeze to 2000
[12:59:31.582] [SEVERE ] updating countdown to 31000
[12:59:31.928] [SEVERE ] setting player 2 freeze to 1000
[12:59:32.596] [SEVERE ] updating countdown to 30000
[12:59:32.941] [SEVERE ] setting player 2 freeze to 0
[12:59:32.942] [SEVERE ] setting player 2 freeze to 3000
[12:59:33.608] [SEVERE ] updating countdown to 29000
[12:59:33.953] [SEVERE ] setting player 2 freeze to 2000
[12:59:34.618] [SEVERE ] updating countdown to 28000
[12:59:34.962] [SEVERE ] setting player 2 freeze to 1000
[12:59:35.635] [SEVERE ] updating countdown to 27000
[12:59:35.853] [SEVERE ] exit button pressed
[12:59:35.975] [SEVERE ] setting player 2 freeze to 0
[12:59:35.975] [SEVERE ] setting player 2 freeze to 3000
[12:59:36.643] [SEVERE ] updating countdown to 26000
[12:59:36.982] [SEVERE ] setting player 2 freeze to 2000
[12:59:37.646] [SEVERE ] updating countdown to 25000
