[14:59:26.868] [INFO   ] thread main starting.
[14:59:26.879] [SEVERE ] cannot read configuration file config.properties trying from resources.
[14:59:26.882] [SEVERE ] configuration file was loaded from resources directory.
[14:59:27.516] [INFO   ] thread dealer starting.
[14:59:27.518] [INFO   ] thread player 0 starting.
[14:59:27.529] [INFO   ] thread player 0 starting.
[14:59:27.529] [INFO   ] thread player 1 starting.
[14:59:27.530] [INFO   ] thread dealer starting.
[14:59:27.530] [INFO   ] thread player 1 starting.
[14:59:27.531] [INFO   ] thread computer-1 starting.
[14:59:27.653] [SEVERE ] placing card 49 in slot 0
[14:59:27.762] [SEVERE ] placing card 78 in slot 1
[14:59:27.831] [SEVERE ] key 65 was pressed by player 1
[14:59:27.871] [SEVERE ] placing card 68 in slot 2
[14:59:27.981] [SEVERE ] placing card 58 in slot 3
[14:59:28.003] [SEVERE ] key 65 was pressed by player 1
[14:59:28.090] [SEVERE ] placing card 13 in slot 4
[14:59:28.139] [SEVERE ] key 65 was pressed by player 1
[14:59:28.200] [SEVERE ] placing card 15 in slot 5
[14:59:28.302] [SEVERE ] key 65 was pressed by player 1
[14:59:28.310] [SEVERE ] placing card 37 in slot 6
[14:59:28.419] [SEVERE ] placing card 50 in slot 7
[14:59:28.454] [SEVERE ] key 65 was pressed by player 1
[14:59:28.527] [SEVERE ] placing card 10 in slot 8
[14:59:28.607] [SEVERE ] key 65 was pressed by player 1
[14:59:28.637] [SEVERE ] placing card 32 in slot 9
[14:59:28.746] [SEVERE ] placing card 55 in slot 10
[14:59:28.766] [SEVERE ] key 65 was pressed by player 1
[14:59:28.855] [SEVERE ] placing card 59 in slot 11
[14:59:28.915] [SEVERE ] key 65 was pressed by player 1
[14:59:28.916] [SEVERE ] player 1 placing token on slot 4
[14:59:29.072] [SEVERE ] player 2 placing token on slot 0
[14:59:29.583] [SEVERE ] player 2 placing token on slot 2
[14:59:29.864] [SEVERE ] updating countdown to 59000
[14:59:30.081] [SEVERE ] removing card from slot 0
[14:59:30.081] [SEVERE ] removing card from slot 0
[14:59:30.082] [SEVERE ] placing card 49 in slot 0
[14:59:30.096] [SEVERE ] player 2 placing token on slot 5
[14:59:30.098] [SEVERE ] setting player 2 freeze to 3000
[14:59:30.298] [SEVERE ] removing card from slot 1
[14:59:30.298] [SEVERE ] removing card from slot 1
[14:59:30.299] [SEVERE ] placing card 78 in slot 1
[14:59:30.516] [SEVERE ] removing card from slot 2
[14:59:30.516] [SEVERE ] removing card from slot 2
[14:59:30.517] [SEVERE ] placing card 68 in slot 2
[14:59:30.735] [SEVERE ] removing card from slot 3
[14:59:30.735] [SEVERE ] removing card from slot 3
[14:59:30.735] [SEVERE ] placing card 58 in slot 3
[14:59:30.777] [SEVERE ] key 65 was pressed by player 1
[14:59:30.778] [SEVERE ] removing player 1 token from slot 4
[14:59:30.953] [SEVERE ] removing card from slot 4
[14:59:30.953] [SEVERE ] removing card from slot 4
[14:59:30.953] [SEVERE ] placing card 13 in slot 4
[14:59:31.109] [SEVERE ] setting player 2 freeze to 2000
[14:59:31.169] [SEVERE ] key 65 was pressed by player 1
[14:59:31.170] [SEVERE ] removing card from slot 5
[14:59:31.170] [SEVERE ] player 1 placing token on slot 4
[14:59:31.170] [SEVERE ] removing card from slot 5
[14:59:31.170] [SEVERE ] placing card 15 in slot 5
[14:59:31.389] [SEVERE ] removing card from slot 6
[14:59:31.389] [SEVERE ] removing card from slot 6
[14:59:31.389] [SEVERE ] placing card 37 in slot 6
[14:59:31.503] [SEVERE ] key 65 was pressed by player 1
[14:59:31.504] [SEVERE ] removing player 1 token from slot 4
[14:59:31.608] [SEVERE ] removing card from slot 7
[14:59:31.608] [SEVERE ] removing card from slot 7
[14:59:31.608] [SEVERE ] placing card 50 in slot 7
[14:59:31.782] [SEVERE ] key 65 was pressed by player 1
[14:59:31.783] [SEVERE ] player 1 placing token on slot 4
[14:59:31.826] [SEVERE ] removing card from slot 8
[14:59:31.826] [SEVERE ] removing card from slot 8
[14:59:31.826] [SEVERE ] placing card 10 in slot 8
[14:59:32.044] [SEVERE ] removing card from slot 9
[14:59:32.044] [SEVERE ] removing card from slot 9
[14:59:32.044] [SEVERE ] placing card 32 in slot 9
[14:59:32.122] [SEVERE ] setting player 2 freeze to 1000
[14:59:32.260] [SEVERE ] removing card from slot 10
[14:59:32.260] [SEVERE ] removing card from slot 10
[14:59:32.260] [SEVERE ] placing card 55 in slot 10
[14:59:32.482] [SEVERE ] removing card from slot 11
[14:59:32.482] [SEVERE ] removing card from slot 11
[14:59:32.482] [SEVERE ] placing card 59 in slot 11
[14:59:32.698] [SEVERE ] removing card from slot 0
[14:59:32.698] [SEVERE ] removing card from slot 0
[14:59:32.698] [SEVERE ] placing card 49 in slot 0
[14:59:32.917] [SEVERE ] removing card from slot 1
[14:59:32.917] [SEVERE ] removing card from slot 1
[14:59:32.917] [SEVERE ] placing card 78 in slot 1
[14:59:33.135] [SEVERE ] removing card from slot 2
[14:59:33.135] [SEVERE ] setting player 2 freeze to 0
[14:59:33.135] [SEVERE ] removing card from slot 2
[14:59:33.135] [SEVERE ] placing card 68 in slot 2
[14:59:33.355] [SEVERE ] removing card from slot 3
[14:59:33.355] [SEVERE ] removing card from slot 3
[14:59:33.355] [SEVERE ] placing card 58 in slot 3
[14:59:33.573] [SEVERE ] removing card from slot 4
[14:59:33.573] [SEVERE ] removing card from slot 4
[14:59:33.573] [SEVERE ] placing card 13 in slot 4
[14:59:33.792] [SEVERE ] removing card from slot 5
[14:59:33.792] [SEVERE ] removing card from slot 5
[14:59:33.792] [SEVERE ] placing card 15 in slot 5
[14:59:34.010] [SEVERE ] removing card from slot 6
[14:59:34.010] [SEVERE ] removing card from slot 6
[14:59:34.010] [SEVERE ] placing card 37 in slot 6
[14:59:34.229] [SEVERE ] removing card from slot 7
[14:59:34.229] [SEVERE ] removing card from slot 7
[14:59:34.229] [SEVERE ] placing card 50 in slot 7
[14:59:34.448] [SEVERE ] removing card from slot 8
[14:59:34.448] [SEVERE ] removing card from slot 8
[14:59:34.448] [SEVERE ] placing card 10 in slot 8
[14:59:34.665] [SEVERE ] removing card from slot 9
[14:59:34.665] [SEVERE ] removing card from slot 9
[14:59:34.665] [SEVERE ] placing card 32 in slot 9
