[13:55:55.720] [INFO   ] thread main starting.
[13:55:55.727] [SEVERE ] cannot read configuration file config.properties trying from resources.
[13:55:55.731] [SEVERE ] configuration file was loaded from resources directory.
[13:55:56.316] [INFO   ] thread dealer starting.
[13:55:56.318] [INFO   ] thread player 0 starting.
[13:55:56.319] [INFO   ] thread player 1 starting.
[13:55:56.319] [INFO   ] thread dealer starting.
[13:55:56.328] [INFO   ] thread player 1 starting.
[13:55:56.328] [INFO   ] thread player 0 starting.
[13:55:56.344] [INFO   ] thread computer-1 starting.
[13:55:56.453] [SEVERE ] placing card 0 in slot 0
[13:55:56.563] [SEVERE ] placing card 1 in slot 1
[13:55:56.672] [SEVERE ] placing card 2 in slot 2
[13:55:56.782] [SEVERE ] placing card 3 in slot 3
[13:55:56.846] [SEVERE ] player 2 placing token on slot 3
[13:55:56.891] [SEVERE ] placing card 4 in slot 4
[13:55:57.000] [SEVERE ] placing card 5 in slot 5
[13:55:57.111] [SEVERE ] placing card 6 in slot 6
[13:55:57.220] [SEVERE ] placing card 7 in slot 7
[13:55:57.329] [SEVERE ] placing card 8 in slot 8
[13:55:57.360] [SEVERE ] player 2 placing token on slot 7
[13:55:57.437] [SEVERE ] placing card 9 in slot 9
[13:55:57.546] [SEVERE ] placing card 10 in slot 10
[13:55:57.655] [SEVERE ] placing card 11 in slot 11
[13:55:57.874] [SEVERE ] player 2 placing token on slot 0
[13:55:57.874] [SEVERE ] setting player 2 freeze to 3000
[13:55:58.667] [SEVERE ] updating countdown to 59000
[13:55:58.886] [SEVERE ] setting player 2 freeze to 2000
[13:55:59.677] [SEVERE ] updating countdown to 58000
[13:55:59.896] [SEVERE ] setting player 2 freeze to 1000
[13:56:00.678] [SEVERE ] updating countdown to 57000
[13:56:00.911] [SEVERE ] setting player 2 freeze to 0
[13:56:01.690] [SEVERE ] updating countdown to 56000
[13:56:02.699] [SEVERE ] updating countdown to 55000
[13:56:03.713] [SEVERE ] updating countdown to 54000
[13:56:03.881] [SEVERE ] key 81 was pressed by player 1
[13:56:03.881] [SEVERE ] player 1 placing token on slot 0
[13:56:04.726] [SEVERE ] updating countdown to 53000
[13:56:05.004] [SEVERE ] removing player 2 token from slot 7
[13:56:05.515] [SEVERE ] player 2 placing token on slot 9
[13:56:05.516] [SEVERE ] setting player 2 freeze to 3000
[13:56:05.732] [SEVERE ] updating countdown to 52000
[13:56:06.488] [SEVERE ] key 81 was pressed by player 1
[13:56:06.488] [SEVERE ] removing player 1 token from slot 0
[13:56:06.525] [SEVERE ] setting player 2 freeze to 2000
[13:56:06.744] [SEVERE ] updating countdown to 51000
[13:56:07.539] [SEVERE ] setting player 2 freeze to 1000
[13:56:07.759] [SEVERE ] updating countdown to 50000
[13:56:08.554] [SEVERE ] setting player 2 freeze to 0
[13:56:08.773] [SEVERE ] updating countdown to 49000
[13:56:09.069] [SEVERE ] removing player 2 token from slot 0
[13:56:09.581] [SEVERE ] removing player 2 token from slot 3
[13:56:09.782] [SEVERE ] updating countdown to 48000
[13:56:10.093] [SEVERE ] player 2 placing token on slot 8
[13:56:10.606] [SEVERE ] player 2 placing token on slot 5
[13:56:10.607] [SEVERE ] setting player 2 freeze to 3000
[13:56:10.793] [SEVERE ] updating countdown to 47000
[13:56:11.615] [SEVERE ] setting player 2 freeze to 2000
[13:56:11.801] [SEVERE ] updating countdown to 46000
[13:56:12.626] [SEVERE ] setting player 2 freeze to 1000
[13:56:12.814] [SEVERE ] updating countdown to 45000
[13:56:13.635] [SEVERE ] setting player 2 freeze to 0
[13:56:13.822] [SEVERE ] updating countdown to 44000
[13:56:14.150] [SEVERE ] removing player 2 token from slot 5
[13:56:14.662] [SEVERE ] removing player 2 token from slot 9
[13:56:14.832] [SEVERE ] updating countdown to 43000
[13:56:15.176] [SEVERE ] player 2 placing token on slot 10
[13:56:15.690] [SEVERE ] player 2 placing token on slot 9
[13:56:15.690] [SEVERE ] setting player 2 freeze to 3000
[13:56:15.846] [SEVERE ] updating countdown to 42000
[13:56:16.701] [SEVERE ] setting player 2 freeze to 2000
[13:56:16.855] [SEVERE ] updating countdown to 41000
[13:56:17.709] [SEVERE ] setting player 2 freeze to 1000
[13:56:17.864] [SEVERE ] updating countdown to 40000
[13:56:18.722] [SEVERE ] setting player 2 freeze to 0
[13:56:18.876] [SEVERE ] updating countdown to 39000
[13:56:19.886] [SEVERE ] updating countdown to 38000
[13:56:20.900] [SEVERE ] updating countdown to 37000
