[12:59:44.515] [INFO   ] thread main starting.
[12:59:44.523] [SEVERE ] cannot read configuration file config.properties trying from resources.
[12:59:44.525] [SEVERE ] configuration file was loaded from resources directory.
[12:59:45.230] [INFO   ] thread dealer starting.
[12:59:45.231] [INFO   ] thread player 0 starting.
[12:59:45.231] [INFO   ] thread player 1 starting.
[12:59:45.232] [INFO   ] thread dealer starting.
[12:59:45.232] [INFO   ] thread player 0 starting.
[12:59:45.232] [INFO   ] thread player 1 starting.
[12:59:45.233] [INFO   ] thread computer-1 starting.
[12:59:45.350] [SEVERE ] placing card 41 in slot 0
[12:59:45.461] [SEVERE ] placing card 20 in slot 1
[12:59:45.569] [SEVERE ] placing card 66 in slot 2
[12:59:45.676] [SEVERE ] placing card 26 in slot 3
[12:59:45.785] [SEVERE ] placing card 80 in slot 4
[12:59:45.893] [SEVERE ] placing card 70 in slot 5
[12:59:46.002] [SEVERE ] placing card 2 in slot 6
[12:59:46.111] [SEVERE ] placing card 74 in slot 7
[12:59:46.220] [SEVERE ] placing card 28 in slot 8
[12:59:46.327] [SEVERE ] placing card 35 in slot 9
[12:59:46.435] [SEVERE ] placing card 6 in slot 10
[12:59:46.543] [SEVERE ] placing card 52 in slot 11
[12:59:47.554] [SEVERE ] updating countdown to 59000
[12:59:48.558] [SEVERE ] updating countdown to 58000
[12:59:49.567] [SEVERE ] updating countdown to 57000
[12:59:50.580] [SEVERE ] updating countdown to 56000
[12:59:51.589] [SEVERE ] updating countdown to 55000
[12:59:52.600] [SEVERE ] updating countdown to 54000
[12:59:53.611] [SEVERE ] updating countdown to 53000
[12:59:54.626] [SEVERE ] updating countdown to 52000
[12:59:55.630] [SEVERE ] updating countdown to 51000
[12:59:56.288] [SEVERE ] key 79 was pressed by player 2
[12:59:56.288] [SEVERE ] player 2 placing token on slot 2
[12:59:56.289] [SEVERE ] player 2 placing token on slot 3
[12:59:56.289] [SEVERE ] player 2 placing token on slot 10
[12:59:56.289] [SEVERE ] setting player 2 freeze to 3000
[12:59:56.635] [SEVERE ] updating countdown to 50000
[12:59:57.303] [SEVERE ] setting player 2 freeze to 2000
[12:59:57.643] [SEVERE ] updating countdown to 49000
[12:59:58.313] [SEVERE ] setting player 2 freeze to 1000
[12:59:58.656] [SEVERE ] updating countdown to 48000
[12:59:59.326] [SEVERE ] setting player 2 freeze to 0
[12:59:59.326] [SEVERE ] removing player 2 token from slot 2
[12:59:59.326] [SEVERE ] player 2 placing token on slot 11
[12:59:59.327] [SEVERE ] setting player 2 freeze to 3000
[12:59:59.663] [SEVERE ] updating countdown to 47000
[13:00:00.331] [SEVERE ] setting player 2 freeze to 2000
[13:00:00.673] [SEVERE ] updating countdown to 46000
