[14:57:55.472] [INFO   ] thread main starting.
[14:57:55.482] [SEVERE ] cannot read configuration file config.properties trying from resources.
[14:57:55.485] [SEVERE ] configuration file was loaded from resources directory.
[14:57:56.067] [INFO   ] thread dealer starting.
[14:57:56.082] [INFO   ] thread player 0 starting.
[14:57:56.097] [INFO   ] thread player 0 starting.
[14:57:56.097] [INFO   ] thread player 1 starting.
[14:57:56.099] [INFO   ] thread dealer starting.
[14:57:56.099] [INFO   ] thread player 1 starting.
[14:57:56.106] [INFO   ] thread computer-1 starting.
[14:57:56.221] [SEVERE ] placing card 59 in slot 0
[14:57:56.330] [SEVERE ] placing card 61 in slot 1
[14:57:56.439] [SEVERE ] placing card 67 in slot 2
[14:57:56.459] [SEVERE ] key 81 was pressed by player 1
[14:57:56.460] [SEVERE ] player 1 placing token on slot 0
[14:57:56.549] [SEVERE ] placing card 39 in slot 3
[14:57:56.611] [SEVERE ] player 2 placing token on slot 3
[14:57:56.637] [SEVERE ] key 81 was pressed by player 1
[14:57:56.637] [SEVERE ] removing player 1 token from slot 0
[14:57:56.659] [SEVERE ] placing card 13 in slot 4
[14:57:56.767] [SEVERE ] placing card 34 in slot 5
[14:57:56.787] [SEVERE ] key 81 was pressed by player 1
[14:57:56.788] [SEVERE ] player 1 placing token on slot 0
[14:57:56.878] [SEVERE ] placing card 14 in slot 6
[14:57:56.939] [SEVERE ] key 81 was pressed by player 1
[14:57:56.939] [SEVERE ] removing player 1 token from slot 0
[14:57:56.986] [SEVERE ] placing card 28 in slot 7
[14:57:57.077] [SEVERE ] key 81 was pressed by player 1
[14:57:57.077] [SEVERE ] player 1 placing token on slot 0
[14:57:57.093] [SEVERE ] placing card 79 in slot 8
[14:57:57.125] [SEVERE ] player 2 placing token on slot 2
[14:57:57.197] [SEVERE ] key 81 was pressed by player 1
[14:57:57.197] [SEVERE ] removing player 1 token from slot 0
[14:57:57.203] [SEVERE ] placing card 18 in slot 9
[14:57:57.313] [SEVERE ] placing card 60 in slot 10
[14:57:57.422] [SEVERE ] placing card 31 in slot 11
[14:57:58.434] [SEVERE ] updating countdown to 59000
[14:57:58.653] [SEVERE ] removing card from slot 0
[14:57:58.653] [SEVERE ] removing card from slot 0
[14:57:58.653] [SEVERE ] placing card 59 in slot 0
[14:57:58.871] [SEVERE ] removing card from slot 1
[14:57:58.871] [SEVERE ] removing card from slot 1
[14:57:58.871] [SEVERE ] placing card 61 in slot 1
[14:57:59.088] [SEVERE ] removing card from slot 2
[14:57:59.088] [SEVERE ] removing card from slot 2
[14:57:59.088] [SEVERE ] placing card 67 in slot 2
[14:57:59.318] [SEVERE ] removing card from slot 3
[14:57:59.319] [SEVERE ] removing card from slot 3
[14:57:59.319] [SEVERE ] placing card 39 in slot 3
