[12:54:58.474] [INFO   ] thread main starting.
[12:54:58.482] [SEVERE ] cannot read configuration file config.properties trying from resources.
[12:54:58.486] [SEVERE ] configuration file was loaded from resources directory.
[12:54:59.172] [INFO   ] thread dealer starting.
[12:54:59.173] [INFO   ] thread player 0 starting.
[12:54:59.173] [INFO   ] thread player 1 starting.
[12:54:59.173] [INFO   ] thread player 0 starting.
[12:54:59.174] [INFO   ] thread dealer starting.
[12:54:59.174] [INFO   ] thread player 1 starting.
[12:54:59.296] [SEVERE ] placing card 32 in slot 0
[12:54:59.403] [SEVERE ] placing card 47 in slot 1
[12:54:59.511] [SEVERE ] placing card 23 in slot 2
[12:54:59.620] [SEVERE ] placing card 52 in slot 3
[12:54:59.729] [SEVERE ] placing card 46 in slot 4
[12:54:59.837] [SEVERE ] placing card 80 in slot 5
[12:54:59.946] [SEVERE ] placing card 22 in slot 6
[12:55:00.055] [SEVERE ] placing card 75 in slot 7
[12:55:00.163] [SEVERE ] placing card 18 in slot 8
[12:55:00.271] [SEVERE ] placing card 30 in slot 9
[12:55:00.380] [SEVERE ] placing card 45 in slot 10
[12:55:00.489] [SEVERE ] placing card 6 in slot 11
[12:55:01.500] [SEVERE ] updating countdown to 59000
[12:55:02.503] [SEVERE ] updating countdown to 58000
[12:55:03.504] [SEVERE ] updating countdown to 57000
[12:55:04.086] [SEVERE ] key 81 was pressed by player 1
[12:55:04.086] [SEVERE ] player 1 placing token on slot 0
[12:55:04.508] [SEVERE ] updating countdown to 56000
[12:55:04.765] [SEVERE ] key 87 was pressed by player 1
[12:55:04.766] [SEVERE ] player 1 placing token on slot 1
[12:55:05.517] [SEVERE ] updating countdown to 55000
[12:55:06.519] [SEVERE ] updating countdown to 54000
[12:55:07.533] [SEVERE ] updating countdown to 53000
[12:55:08.535] [SEVERE ] updating countdown to 52000
[12:55:09.550] [SEVERE ] updating countdown to 51000
[12:55:10.553] [SEVERE ] updating countdown to 50000
[12:55:11.560] [SEVERE ] updating countdown to 49000
[12:55:12.565] [SEVERE ] updating countdown to 48000
[12:55:13.569] [SEVERE ] updating countdown to 47000
[12:55:14.581] [SEVERE ] updating countdown to 46000
[12:55:15.589] [SEVERE ] updating countdown to 45000
[12:55:16.602] [SEVERE ] updating countdown to 44000
[12:55:17.605] [SEVERE ] updating countdown to 43000
[12:55:17.791] [SEVERE ] key 88 was pressed by player 1
[12:55:17.791] [SEVERE ] player 1 placing token on slot 9
[12:55:17.792] [SEVERE ] setting player 1 freeze to 3000
[12:55:18.620] [SEVERE ] updating countdown to 42000
[12:55:18.793] [SEVERE ] setting player 1 freeze to 2000
[12:55:19.634] [SEVERE ] updating countdown to 41000
[12:55:19.806] [SEVERE ] setting player 1 freeze to 1000
[12:55:20.636] [SEVERE ] updating countdown to 40000
[12:55:20.807] [SEVERE ] setting player 1 freeze to 0
[12:55:21.650] [SEVERE ] updating countdown to 39000
[12:55:22.163] [SEVERE ] key 81 was pressed by player 1
[12:55:22.164] [SEVERE ] removing player 1 token from slot 0
[12:55:22.664] [SEVERE ] updating countdown to 38000
[12:55:22.729] [SEVERE ] key 81 was pressed by player 1
[12:55:22.729] [SEVERE ] player 1 placing token on slot 0
[12:55:22.729] [SEVERE ] setting player 1 freeze to 3000
[12:55:23.667] [SEVERE ] updating countdown to 37000
[12:55:23.745] [SEVERE ] setting player 1 freeze to 2000
[12:55:24.682] [SEVERE ] updating countdown to 36000
[12:55:24.745] [SEVERE ] setting player 1 freeze to 1000
[12:55:25.695] [SEVERE ] updating countdown to 35000
[12:55:25.758] [SEVERE ] setting player 1 freeze to 0
[12:55:25.790] [SEVERE ] key 75 was pressed by player 2
[12:55:25.790] [SEVERE ] player 2 placing token on slot 5
[12:55:25.814] [SEVERE ] key 76 was pressed by player 2
[12:55:25.815] [SEVERE ] player 2 placing token on slot 6
[12:55:26.708] [SEVERE ] updating countdown to 34000
[12:55:26.756] [SEVERE ] key 76 was pressed by player 2
[12:55:26.756] [SEVERE ] removing player 2 token from slot 6
[12:55:27.222] [SEVERE ] key 76 was pressed by player 2
[12:55:27.223] [SEVERE ] player 2 placing token on slot 6
[12:55:27.553] [SEVERE ] key 59 was pressed by player 2
[12:55:27.554] [SEVERE ] player 2 placing token on slot 7
[12:55:27.554] [SEVERE ] setting player 2 freeze to 3000
[12:55:27.713] [SEVERE ] updating countdown to 33000
[12:55:28.566] [SEVERE ] setting player 2 freeze to 2000
[12:55:28.723] [SEVERE ] updating countdown to 32000
[12:55:29.580] [SEVERE ] setting player 2 freeze to 1000
[12:55:29.735] [SEVERE ] updating countdown to 31000
[12:55:30.582] [SEVERE ] setting player 2 freeze to 0
[12:55:30.739] [SEVERE ] updating countdown to 30000
[12:55:31.745] [SEVERE ] updating countdown to 29000
[12:55:32.748] [SEVERE ] updating countdown to 28000
[12:55:33.758] [SEVERE ] updating countdown to 27000
[12:55:34.768] [SEVERE ] updating countdown to 26000
[12:55:34.894] [SEVERE ] exit button pressed
[12:55:35.774] [SEVERE ] updating countdown to 25000
