[16:01:52.417] [INFO   ] thread main starting.
[16:01:52.425] [SEVERE ] cannot read configuration file config.properties trying from resources.
[16:01:52.428] [SEVERE ] configuration file was loaded from resources directory.
[16:01:52.977] [INFO   ] thread dealer starting.
[16:01:52.978] [INFO   ] thread player 0 starting.
[16:01:52.981] [INFO   ] thread player 1 starting.
[16:01:52.994] [INFO   ] thread player 0 starting.
[16:01:52.995] [INFO   ] thread player 1 starting.
[16:01:52.994] [INFO   ] thread dealer starting.
[16:01:52.996] [INFO   ] thread computer-1 starting.
[16:01:54.009] [SEVERE ] updating countdown to 59000
[16:01:55.035] [SEVERE ] updating countdown to 58000
[16:01:56.051] [SEVERE ] updating countdown to 57000
[16:01:56.052] [SEVERE ] updating countdown to 56000
[16:01:56.054] [SEVERE ] announcing winner(s): player 1, player 2
[16:01:56.061] [INFO   ] thread dealer terminated.
[16:01:56.062] [INFO   ] thread dealer terminated.
[16:02:01.065] [SEVERE ] thanks for playing... it was fun!
[16:02:01.066] [INFO   ] thread main terminated.
[16:02:01.067] [SEVERE ] disposing of user interface elements
