[14:59:11.623] [INFO   ] thread main starting.
[14:59:11.633] [SEVERE ] cannot read configuration file config.properties trying from resources.
[14:59:11.635] [SEVERE ] configuration file was loaded from resources directory.
[14:59:12.226] [INFO   ] thread dealer starting.
[14:59:12.227] [INFO   ] thread player 0 starting.
[14:59:12.227] [INFO   ] thread player 1 starting.
[14:59:12.228] [INFO   ] thread dealer starting.
[14:59:12.243] [INFO   ] thread player 1 starting.
[14:59:12.243] [INFO   ] thread player 0 starting.
[14:59:12.249] [INFO   ] thread computer-1 starting.
[14:59:12.363] [SEVERE ] placing card 64 in slot 0
[14:59:12.471] [SEVERE ] placing card 15 in slot 1
[14:59:12.581] [SEVERE ] placing card 46 in slot 2
[14:59:12.628] [SEVERE ] key 65 was pressed by player 1
[14:59:12.692] [SEVERE ] placing card 8 in slot 3
[14:59:12.801] [SEVERE ] placing card 72 in slot 4
[14:59:12.874] [SEVERE ] key 65 was pressed by player 1
[14:59:12.875] [SEVERE ] player 1 placing token on slot 4
[14:59:12.910] [SEVERE ] placing card 67 in slot 5
[14:59:13.018] [SEVERE ] placing card 23 in slot 6
[14:59:13.128] [SEVERE ] placing card 2 in slot 7
[14:59:13.212] [SEVERE ] key 65 was pressed by player 1
[14:59:13.213] [SEVERE ] removing player 1 token from slot 4
[14:59:13.238] [SEVERE ] placing card 29 in slot 8
[14:59:13.269] [SEVERE ] player 2 placing token on slot 1
[14:59:13.348] [SEVERE ] placing card 7 in slot 9
[14:59:13.455] [SEVERE ] placing card 71 in slot 10
[14:59:13.565] [SEVERE ] placing card 9 in slot 11
[14:59:13.727] [SEVERE ] key 65 was pressed by player 1
[14:59:14.376] [SEVERE ] key 65 was pressed by player 1
[14:59:14.570] [SEVERE ] updating countdown to 59000
[14:59:14.789] [SEVERE ] removing card from slot 0
[14:59:14.789] [SEVERE ] removing card from slot 0
[14:59:14.789] [SEVERE ] placing card 64 in slot 0
[14:59:15.010] [SEVERE ] removing card from slot 1
[14:59:15.010] [SEVERE ] removing card from slot 1
[14:59:15.011] [SEVERE ] placing card 15 in slot 1
[14:59:15.229] [SEVERE ] removing card from slot 2
[14:59:15.229] [SEVERE ] removing card from slot 2
[14:59:15.229] [SEVERE ] placing card 46 in slot 2
[14:59:15.274] [SEVERE ] key 65 was pressed by player 1
[14:59:15.447] [SEVERE ] removing card from slot 3
[14:59:15.447] [SEVERE ] removing card from slot 3
[14:59:15.447] [SEVERE ] placing card 8 in slot 3
[14:59:15.665] [SEVERE ] removing card from slot 4
[14:59:15.665] [SEVERE ] removing card from slot 4
[14:59:15.666] [SEVERE ] placing card 72 in slot 4
[14:59:15.882] [SEVERE ] removing card from slot 5
[14:59:15.882] [SEVERE ] removing card from slot 5
[14:59:15.882] [SEVERE ] placing card 67 in slot 5
[14:59:15.966] [SEVERE ] key 65 was pressed by player 1
[14:59:16.100] [SEVERE ] removing card from slot 6
[14:59:16.100] [SEVERE ] removing card from slot 6
[14:59:16.101] [SEVERE ] placing card 23 in slot 6
[14:59:16.257] [SEVERE ] key 65 was pressed by player 1
[14:59:16.320] [SEVERE ] removing card from slot 7
[14:59:16.320] [SEVERE ] removing card from slot 7
[14:59:16.320] [SEVERE ] placing card 2 in slot 7
[14:59:16.502] [SEVERE ] key 65 was pressed by player 1
[14:59:16.540] [SEVERE ] removing card from slot 8
[14:59:16.540] [SEVERE ] removing card from slot 8
[14:59:16.540] [SEVERE ] placing card 29 in slot 8
[14:59:16.759] [SEVERE ] removing card from slot 9
[14:59:16.759] [SEVERE ] removing card from slot 9
[14:59:16.760] [SEVERE ] placing card 7 in slot 9
[14:59:16.814] [SEVERE ] key 65 was pressed by player 1
[14:59:16.979] [SEVERE ] removing card from slot 10
[14:59:16.979] [SEVERE ] removing card from slot 10
[14:59:16.979] [SEVERE ] placing card 71 in slot 10
[14:59:17.077] [SEVERE ] key 65 was pressed by player 1
[14:59:17.197] [SEVERE ] removing card from slot 11
[14:59:17.197] [SEVERE ] removing card from slot 11
[14:59:17.197] [SEVERE ] placing card 9 in slot 11
[14:59:17.413] [SEVERE ] removing card from slot 0
[14:59:17.413] [SEVERE ] removing card from slot 0
[14:59:17.413] [SEVERE ] placing card 64 in slot 0
[14:59:17.632] [SEVERE ] removing card from slot 1
[14:59:17.632] [SEVERE ] removing card from slot 1
[14:59:17.632] [SEVERE ] placing card 15 in slot 1
[14:59:17.656] [SEVERE ] key 65 was pressed by player 1
[14:59:17.843] [SEVERE ] key 65 was pressed by player 1
[14:59:17.851] [SEVERE ] removing card from slot 2
[14:59:17.851] [SEVERE ] removing card from slot 2
[14:59:17.851] [SEVERE ] placing card 46 in slot 2
[14:59:18.038] [SEVERE ] key 65 was pressed by player 1
[14:59:18.068] [SEVERE ] removing card from slot 3
[14:59:18.068] [SEVERE ] removing card from slot 3
[14:59:18.068] [SEVERE ] placing card 8 in slot 3
[14:59:18.286] [SEVERE ] removing card from slot 4
[14:59:18.286] [SEVERE ] removing card from slot 4
[14:59:18.286] [SEVERE ] placing card 72 in slot 4
[14:59:18.504] [SEVERE ] removing card from slot 5
[14:59:18.504] [SEVERE ] removing card from slot 5
[14:59:18.504] [SEVERE ] placing card 67 in slot 5
[14:59:18.516] [SEVERE ] exit button pressed
[14:59:18.722] [SEVERE ] removing card from slot 6
[14:59:18.722] [SEVERE ] removing card from slot 6
[14:59:18.722] [SEVERE ] placing card 23 in slot 6
[14:59:18.942] [SEVERE ] removing card from slot 7
[14:59:18.942] [SEVERE ] removing card from slot 7
[14:59:18.942] [SEVERE ] placing card 2 in slot 7
[14:59:19.161] [SEVERE ] removing card from slot 8
[14:59:19.161] [SEVERE ] removing card from slot 8
[14:59:19.161] [SEVERE ] placing card 29 in slot 8
[14:59:19.379] [SEVERE ] removing card from slot 9
[14:59:19.379] [SEVERE ] removing card from slot 9
[14:59:19.379] [SEVERE ] placing card 7 in slot 9
[14:59:19.599] [SEVERE ] removing card from slot 10
[14:59:19.599] [SEVERE ] removing card from slot 10
[14:59:19.599] [SEVERE ] placing card 71 in slot 10
[14:59:19.817] [SEVERE ] removing card from slot 11
[14:59:19.817] [SEVERE ] removing card from slot 11
[14:59:19.817] [SEVERE ] placing card 9 in slot 11
[14:59:20.038] [SEVERE ] removing card from slot 0
[14:59:20.038] [SEVERE ] removing card from slot 0
[14:59:20.038] [SEVERE ] placing card 64 in slot 0
[14:59:20.256] [SEVERE ] removing card from slot 1
[14:59:20.256] [SEVERE ] removing card from slot 1
[14:59:20.257] [SEVERE ] placing card 15 in slot 1
