[15:08:29.960] [INFO   ] thread main starting.
[15:08:29.971] [SEVERE ] cannot read configuration file config.properties trying from resources.
[15:08:29.975] [SEVERE ] configuration file was loaded from resources directory.
[15:08:30.545] [INFO   ] thread dealer starting.
[15:08:30.546] [INFO   ] thread player 0 starting.
[15:08:30.546] [INFO   ] thread player 1 starting.
[15:08:30.547] [INFO   ] thread dealer starting.
[15:08:30.547] [INFO   ] thread player 0 starting.
[15:08:30.548] [INFO   ] thread player 1 starting.
[15:08:30.558] [INFO   ] thread computer-1 starting.
[15:08:30.667] [SEVERE ] placing card 40 in slot 0
[15:08:30.777] [SEVERE ] placing card 2 in slot 1
[15:08:30.885] [SEVERE ] placing card 1 in slot 2
[15:08:30.992] [SEVERE ] placing card 57 in slot 3
[15:08:31.101] [SEVERE ] placing card 24 in slot 4
[15:08:31.212] [SEVERE ] placing card 10 in slot 5
[15:08:31.321] [SEVERE ] placing card 13 in slot 6
[15:08:31.428] [SEVERE ] placing card 39 in slot 7
[15:08:31.539] [SEVERE ] placing card 4 in slot 8
[15:08:31.649] [SEVERE ] placing card 0 in slot 9
[15:08:31.757] [SEVERE ] placing card 45 in slot 10
[15:08:31.866] [SEVERE ] placing card 49 in slot 11
[15:08:32.880] [SEVERE ] updating countdown to 59000
[15:08:33.097] [SEVERE ] removing card from slot 0
[15:08:33.097] [SEVERE ] player 2 placing token on slot 5
[15:08:33.097] [SEVERE ] removing card from slot 0
[15:08:33.106] [SEVERE ] placing card 40 in slot 0
[15:08:33.315] [SEVERE ] removing card from slot 1
[15:08:33.315] [SEVERE ] removing card from slot 1
[15:08:33.315] [SEVERE ] placing card 2 in slot 1
[15:08:33.531] [SEVERE ] removing card from slot 2
[15:08:33.531] [SEVERE ] removing card from slot 2
[15:08:33.531] [SEVERE ] placing card 1 in slot 2
[15:08:33.611] [SEVERE ] player 2 placing token on slot 10
[15:08:33.752] [SEVERE ] removing card from slot 3
[15:08:33.752] [SEVERE ] removing card from slot 3
[15:08:33.752] [SEVERE ] placing card 57 in slot 3
[15:08:33.971] [SEVERE ] removing card from slot 4
[15:08:33.971] [SEVERE ] removing card from slot 4
[15:08:33.972] [SEVERE ] placing card 24 in slot 4
[15:08:34.113] [SEVERE ] removing player 2 token from slot 5
[15:08:34.191] [SEVERE ] removing card from slot 5
[15:08:34.191] [SEVERE ] removing card from slot 5
[15:08:34.191] [SEVERE ] placing card 10 in slot 5
[15:08:34.409] [SEVERE ] removing card from slot 6
[15:08:34.409] [SEVERE ] removing card from slot 6
[15:08:34.409] [SEVERE ] placing card 13 in slot 6
[15:08:34.628] [SEVERE ] removing card from slot 7
[15:08:34.628] [SEVERE ] player 2 placing token on slot 8
[15:08:34.628] [SEVERE ] removing card from slot 7
[15:08:34.629] [SEVERE ] placing card 39 in slot 7
[15:08:34.848] [SEVERE ] removing card from slot 8
[15:08:34.848] [SEVERE ] removing card from slot 8
[15:08:34.848] [SEVERE ] placing card 4 in slot 8
[15:08:35.064] [SEVERE ] removing card from slot 9
[15:08:35.064] [SEVERE ] removing card from slot 9
[15:08:35.064] [SEVERE ] placing card 0 in slot 9
[15:08:35.142] [SEVERE ] player 2 placing token on slot 2
[15:08:35.142] [SEVERE ] setting player 2 freeze to 3000
[15:08:35.284] [SEVERE ] removing card from slot 10
[15:08:35.284] [SEVERE ] removing card from slot 10
[15:08:35.284] [SEVERE ] placing card 45 in slot 10
[15:08:35.504] [SEVERE ] removing card from slot 11
[15:08:35.505] [SEVERE ] removing card from slot 11
[15:08:35.505] [SEVERE ] placing card 49 in slot 11
[15:08:35.722] [SEVERE ] removing card from slot 0
[15:08:35.722] [SEVERE ] removing card from slot 0
[15:08:35.722] [SEVERE ] placing card 40 in slot 0
[15:08:35.938] [SEVERE ] removing card from slot 1
[15:08:35.938] [SEVERE ] removing card from slot 1
[15:08:35.938] [SEVERE ] placing card 2 in slot 1
[15:08:36.157] [SEVERE ] setting player 2 freeze to 2000
[15:08:36.157] [SEVERE ] removing card from slot 2
[15:08:36.158] [SEVERE ] removing card from slot 2
[15:08:36.158] [SEVERE ] placing card 1 in slot 2
[15:08:36.376] [SEVERE ] removing card from slot 3
[15:08:36.376] [SEVERE ] removing card from slot 3
[15:08:36.376] [SEVERE ] placing card 57 in slot 3
[15:08:36.594] [SEVERE ] removing card from slot 4
[15:08:36.594] [SEVERE ] removing card from slot 4
[15:08:36.594] [SEVERE ] placing card 24 in slot 4
[15:08:36.812] [SEVERE ] removing card from slot 5
[15:08:36.812] [SEVERE ] removing card from slot 5
[15:08:36.812] [SEVERE ] placing card 10 in slot 5
[15:08:37.033] [SEVERE ] removing card from slot 6
[15:08:37.033] [SEVERE ] removing card from slot 6
[15:08:37.033] [SEVERE ] placing card 13 in slot 6
[15:08:37.172] [SEVERE ] setting player 2 freeze to 1000
[15:08:37.250] [SEVERE ] removing card from slot 7
[15:08:37.250] [SEVERE ] removing card from slot 7
[15:08:37.251] [SEVERE ] placing card 39 in slot 7
[15:08:37.470] [SEVERE ] removing card from slot 8
[15:08:37.470] [SEVERE ] removing card from slot 8
[15:08:37.471] [SEVERE ] placing card 4 in slot 8
[15:08:37.691] [SEVERE ] removing card from slot 9
[15:08:37.691] [SEVERE ] removing card from slot 9
[15:08:37.691] [SEVERE ] placing card 0 in slot 9
[15:08:37.910] [SEVERE ] removing card from slot 10
[15:08:37.910] [SEVERE ] removing card from slot 10
[15:08:37.910] [SEVERE ] placing card 45 in slot 10
[15:08:38.127] [SEVERE ] removing card from slot 11
[15:08:38.127] [SEVERE ] removing card from slot 11
[15:08:38.127] [SEVERE ] placing card 49 in slot 11
[15:08:38.174] [SEVERE ] setting player 2 freeze to 0
[15:08:38.345] [SEVERE ] removing card from slot 0
[15:08:38.345] [SEVERE ] removing card from slot 0
[15:08:38.345] [SEVERE ] placing card 40 in slot 0
[15:08:38.564] [SEVERE ] removing card from slot 1
[15:08:38.564] [SEVERE ] removing card from slot 1
[15:08:38.564] [SEVERE ] placing card 2 in slot 1
[15:08:38.784] [SEVERE ] removing card from slot 2
[15:08:38.784] [SEVERE ] removing card from slot 2
[15:08:38.784] [SEVERE ] placing card 1 in slot 2
[15:08:39.001] [SEVERE ] removing card from slot 3
[15:08:39.001] [SEVERE ] removing card from slot 3
[15:08:39.001] [SEVERE ] placing card 57 in slot 3
[15:08:39.220] [SEVERE ] removing card from slot 4
[15:08:39.220] [SEVERE ] removing card from slot 4
[15:08:39.220] [SEVERE ] placing card 24 in slot 4
[15:08:39.439] [SEVERE ] removing card from slot 5
[15:08:39.439] [SEVERE ] removing card from slot 5
[15:08:39.439] [SEVERE ] placing card 10 in slot 5
[15:08:39.655] [SEVERE ] removing card from slot 6
[15:08:39.655] [SEVERE ] removing card from slot 6
[15:08:39.655] [SEVERE ] placing card 13 in slot 6
[15:08:39.717] [SEVERE ] removing player 2 token from slot 8
[15:08:39.872] [SEVERE ] removing card from slot 7
[15:08:39.872] [SEVERE ] removing card from slot 7
[15:08:39.872] [SEVERE ] placing card 39 in slot 7
[15:08:40.094] [SEVERE ] removing card from slot 8
[15:08:40.094] [SEVERE ] removing card from slot 8
[15:08:40.094] [SEVERE ] placing card 4 in slot 8
