[13:17:10.306] [INFO   ] thread main starting.
[13:17:10.314] [SEVERE ] cannot read configuration file config.properties trying from resources.
[13:17:10.323] [SEVERE ] configuration file was loaded from resources directory.
[13:17:10.956] [INFO   ] thread dealer starting.
[13:17:10.957] [INFO   ] thread player 0 starting.
[13:17:10.958] [INFO   ] thread player 1 starting.
[13:17:10.958] [INFO   ] thread dealer starting.
[13:17:10.960] [INFO   ] thread player 0 starting.
[13:17:10.964] [INFO   ] thread player 1 starting.
[13:17:11.082] [SEVERE ] placing card 27 in slot 0
[13:17:11.190] [SEVERE ] placing card 34 in slot 1
[13:17:11.297] [SEVERE ] placing card 55 in slot 2
[13:17:11.405] [SEVERE ] placing card 0 in slot 3
[13:17:11.512] [SEVERE ] placing card 76 in slot 4
[13:17:11.620] [SEVERE ] placing card 24 in slot 5
[13:17:11.726] [SEVERE ] placing card 73 in slot 6
[13:17:11.834] [SEVERE ] placing card 58 in slot 7
[13:17:11.942] [SEVERE ] placing card 37 in slot 8
[13:17:12.049] [SEVERE ] placing card 66 in slot 9
[13:17:12.157] [SEVERE ] placing card 40 in slot 10
[13:17:12.266] [SEVERE ] placing card 46 in slot 11
[13:17:13.280] [SEVERE ] updating countdown to 59000
[13:17:14.290] [SEVERE ] updating countdown to 58000
[13:17:15.300] [SEVERE ] updating countdown to 57000
[13:17:16.314] [SEVERE ] updating countdown to 56000
[13:17:17.328] [SEVERE ] updating countdown to 55000
[13:17:18.343] [SEVERE ] updating countdown to 54000
[13:17:19.355] [SEVERE ] updating countdown to 53000
[13:17:20.368] [SEVERE ] updating countdown to 52000
[13:17:21.383] [SEVERE ] updating countdown to 51000
[13:17:22.386] [SEVERE ] updating countdown to 50000
[13:17:23.398] [SEVERE ] updating countdown to 49000
[13:17:24.403] [SEVERE ] updating countdown to 48000
[13:17:25.410] [SEVERE ] updating countdown to 47000
[13:17:26.414] [SEVERE ] updating countdown to 46000
[13:17:27.430] [SEVERE ] updating countdown to 45000
[13:17:28.444] [SEVERE ] updating countdown to 44000
[13:17:29.445] [SEVERE ] updating countdown to 43000
[13:17:30.453] [SEVERE ] updating countdown to 42000
[13:17:31.458] [SEVERE ] updating countdown to 41000
[13:17:32.200] [INFO   ] thread computer-1 starting.
[13:17:32.201] [SEVERE ] player 2 placing token on slot 11
[13:17:32.202] [SEVERE ] removing player 2 token from slot 11
[13:17:32.202] [SEVERE ] player 2 placing token on slot 6
[13:17:32.202] [SEVERE ] player 2 placing token on slot 7
[13:17:32.202] [SEVERE ] player 2 placing token on slot 5
[13:17:32.202] [SEVERE ] setting player 2 freeze to 3000
[13:17:32.471] [SEVERE ] updating countdown to 40000
[13:17:33.218] [SEVERE ] setting player 2 freeze to 2000
[13:17:33.485] [SEVERE ] updating countdown to 39000
[13:17:34.231] [SEVERE ] setting player 2 freeze to 1000
[13:17:34.501] [SEVERE ] updating countdown to 38000
[13:17:35.239] [SEVERE ] setting player 2 freeze to 0
[13:17:35.239] [SEVERE ] removing player 2 token from slot 7
[13:17:35.240] [SEVERE ] player 2 placing token on slot 8
[13:17:35.240] [SEVERE ] setting player 2 freeze to 3000
[13:17:35.506] [SEVERE ] updating countdown to 37000
[13:17:36.253] [SEVERE ] setting player 2 freeze to 2000
[13:17:36.520] [SEVERE ] updating countdown to 36000
[13:17:37.269] [SEVERE ] setting player 2 freeze to 1000
[13:17:37.533] [SEVERE ] updating countdown to 35000
[13:17:38.280] [SEVERE ] setting player 2 freeze to 0
[13:17:38.280] [SEVERE ] removing player 2 token from slot 5
[13:17:38.280] [SEVERE ] player 2 placing token on slot 5
[13:17:38.280] [SEVERE ] setting player 2 freeze to 3000
[13:17:38.545] [SEVERE ] updating countdown to 34000
[13:17:39.292] [SEVERE ] setting player 2 freeze to 2000
[13:17:39.560] [SEVERE ] updating countdown to 33000
[13:17:40.293] [SEVERE ] setting player 2 freeze to 1000
[13:17:40.561] [SEVERE ] updating countdown to 32000
[13:17:41.300] [SEVERE ] setting player 2 freeze to 0
[13:17:41.300] [SEVERE ] removing player 2 token from slot 6
[13:17:41.300] [SEVERE ] player 2 placing token on slot 1
[13:17:41.301] [SEVERE ] setting player 2 freeze to 3000
[13:17:41.566] [SEVERE ] updating countdown to 31000
[13:17:42.313] [SEVERE ] setting player 2 freeze to 2000
[13:17:42.579] [SEVERE ] updating countdown to 30000
[13:17:43.324] [SEVERE ] setting player 2 freeze to 1000
[13:17:43.587] [SEVERE ] updating countdown to 29000
[13:17:44.326] [SEVERE ] setting player 2 freeze to 0
[13:17:44.326] [SEVERE ] removing player 2 token from slot 8
[13:17:44.326] [SEVERE ] removing player 2 token from slot 5
[13:17:44.326] [SEVERE ] player 2 placing token on slot 3
[13:17:44.326] [SEVERE ] player 2 placing token on slot 11
[13:17:44.326] [SEVERE ] setting player 2 freeze to 3000
[13:17:44.593] [SEVERE ] updating countdown to 28000
[13:17:45.330] [SEVERE ] setting player 2 freeze to 2000
[13:17:45.595] [SEVERE ] updating countdown to 27000
[13:17:46.344] [SEVERE ] setting player 2 freeze to 1000
[13:17:46.605] [SEVERE ] updating countdown to 26000
[13:17:47.355] [SEVERE ] setting player 2 freeze to 0
[13:17:47.355] [SEVERE ] removing player 2 token from slot 1
[13:17:47.356] [SEVERE ] player 2 placing token on slot 0
[13:17:47.356] [SEVERE ] setting player 2 freeze to 3000
[13:17:47.621] [SEVERE ] updating countdown to 25000
[13:17:48.366] [SEVERE ] setting player 2 freeze to 2000
[13:17:48.628] [SEVERE ] updating countdown to 24000
[13:17:49.380] [SEVERE ] setting player 2 freeze to 1000
[13:17:49.632] [SEVERE ] updating countdown to 23000
[13:17:50.385] [SEVERE ] setting player 2 freeze to 0
[13:17:50.385] [SEVERE ] removing player 2 token from slot 3
[13:17:50.385] [SEVERE ] removing player 2 token from slot 0
[13:17:50.385] [SEVERE ] player 2 placing token on slot 8
[13:17:50.385] [SEVERE ] player 2 placing token on slot 0
[13:17:50.385] [SEVERE ] setting player 2 freeze to 3000
[13:17:50.634] [SEVERE ] updating countdown to 22000
[13:17:51.397] [SEVERE ] setting player 2 freeze to 2000
[13:17:51.647] [SEVERE ] updating countdown to 21000
[13:17:52.411] [SEVERE ] setting player 2 freeze to 1000
[13:17:52.660] [SEVERE ] updating countdown to 20000
[13:17:53.424] [SEVERE ] setting player 2 freeze to 0
[13:17:53.424] [SEVERE ] removing player 2 token from slot 8
[13:17:53.425] [SEVERE ] player 2 placing token on slot 8
[13:17:53.425] [SEVERE ] setting player 2 freeze to 3000
[13:17:53.675] [SEVERE ] updating countdown to 19000
[13:17:54.429] [SEVERE ] setting player 2 freeze to 2000
[13:17:54.679] [SEVERE ] updating countdown to 18000
[13:17:55.441] [SEVERE ] setting player 2 freeze to 1000
[13:17:55.693] [SEVERE ] updating countdown to 17000
[13:17:56.450] [SEVERE ] setting player 2 freeze to 0
[13:17:56.450] [SEVERE ] removing player 2 token from slot 8
[13:17:56.450] [SEVERE ] player 2 placing token on slot 1
[13:17:56.450] [SEVERE ] setting player 2 freeze to 3000
[13:17:56.702] [SEVERE ] updating countdown to 16000
[13:17:57.453] [SEVERE ] setting player 2 freeze to 2000
[13:17:57.717] [SEVERE ] updating countdown to 15000
[13:17:58.457] [SEVERE ] setting player 2 freeze to 1000
[13:17:58.727] [SEVERE ] updating countdown to 14000
[13:17:59.466] [SEVERE ] setting player 2 freeze to 0
[13:17:59.466] [SEVERE ] removing player 2 token from slot 11
[13:17:59.466] [SEVERE ] player 2 placing token on slot 11
[13:17:59.466] [SEVERE ] setting player 2 freeze to 3000
[13:17:59.727] [SEVERE ] updating countdown to 13000
[13:18:00.479] [SEVERE ] setting player 2 freeze to 2000
[13:18:00.742] [SEVERE ] updating countdown to 12000
[13:18:01.489] [SEVERE ] setting player 2 freeze to 1000
[13:18:01.744] [SEVERE ] updating countdown to 11000
[13:18:02.497] [SEVERE ] setting player 2 freeze to 0
[13:18:02.497] [SEVERE ] removing player 2 token from slot 11
[13:18:02.497] [SEVERE ] player 2 placing token on slot 5
[13:18:02.497] [SEVERE ] setting player 2 freeze to 3000
[13:18:02.746] [SEVERE ] updating countdown to 10000
[13:18:03.499] [SEVERE ] setting player 2 freeze to 2000
[13:18:03.761] [SEVERE ] updating countdown to 9000
[13:18:04.501] [SEVERE ] setting player 2 freeze to 1000
[13:18:04.767] [SEVERE ] updating countdown to 8000
[13:18:05.503] [SEVERE ] setting player 2 freeze to 0
[13:18:05.504] [SEVERE ] removing player 2 token from slot 1
[13:18:05.504] [SEVERE ] player 2 placing token on slot 4
[13:18:05.505] [SEVERE ] setting player 2 freeze to 3000
[13:18:05.769] [SEVERE ] updating countdown to 7000
[13:18:06.507] [SEVERE ] setting player 2 freeze to 2000
[13:18:06.776] [SEVERE ] updating countdown to 6000
[13:18:07.516] [SEVERE ] setting player 2 freeze to 1000
[13:18:07.779] [SEVERE ] updating countdown to 5000
[13:18:08.522] [SEVERE ] setting player 2 freeze to 0
[13:18:08.522] [SEVERE ] removing player 2 token from slot 4
[13:18:08.522] [SEVERE ] removing player 2 token from slot 0
[13:18:08.522] [SEVERE ] removing player 2 token from slot 5
[13:18:08.522] [SEVERE ] player 2 placing token on slot 2
[13:18:08.522] [SEVERE ] removing player 2 token from slot 2
[13:18:08.522] [SEVERE ] player 2 placing token on slot 4
[13:18:08.523] [SEVERE ] player 2 placing token on slot 8
[13:18:08.523] [SEVERE ] removing player 2 token from slot 8
[13:18:08.523] [SEVERE ] player 2 placing token on slot 8
[13:18:08.523] [SEVERE ] player 2 placing token on slot 3
[13:18:08.523] [SEVERE ] setting player 2 freeze to 3000
[13:18:08.788] [SEVERE ] updating countdown to 4000
[13:18:09.526] [SEVERE ] setting player 2 freeze to 2000
[13:18:09.793] [SEVERE ] updating countdown to 3000
[13:18:10.526] [SEVERE ] setting player 2 freeze to 1000
[13:18:10.806] [SEVERE ] updating countdown to 2000
[13:18:11.531] [SEVERE ] setting player 2 freeze to 0
[13:18:11.532] [SEVERE ] removing player 2 token from slot 3
[13:18:11.532] [SEVERE ] player 2 placing token on slot 9
[13:18:11.532] [SEVERE ] setting player 2 freeze to 3000
[13:18:11.813] [SEVERE ] updating countdown to 1000
[13:18:12.534] [SEVERE ] setting player 2 freeze to 2000
[13:18:12.813] [SEVERE ] removing player 2 token from slot 4
[13:18:12.820] [INFO   ] thread dealer terminated.
[13:18:13.548] [SEVERE ] setting player 2 freeze to 1000
[13:18:14.563] [SEVERE ] setting player 2 freeze to 0
[13:18:14.563] [SEVERE ] player 2 placing token on slot 7
[13:18:14.563] [SEVERE ] setting player 2 freeze to 3000
[13:18:15.578] [SEVERE ] setting player 2 freeze to 2000
[13:18:16.586] [SEVERE ] setting player 2 freeze to 1000
[13:18:17.596] [SEVERE ] setting player 2 freeze to 0
[13:18:17.827] [SEVERE ] thanks for playing... it was fun!
[13:18:17.828] [INFO   ] thread main terminated.
[13:18:17.828] [SEVERE ] disposing of user interface elements
