[09:46:10.238] [INFO   ] thread main starting.
[09:46:10.238] [SEVERE ] cannot read configuration file config.properties trying from resources.
[09:46:10.254] [SEVERE ] configuration file was loaded from resources directory.
[09:46:10.830] [INFO   ] thread dealer starting.
[09:46:10.843] [INFO   ] thread player 0 starting.
[09:46:10.845] [INFO   ] thread player 1 starting.
[09:46:10.846] [INFO   ] thread player 0 starting.
[09:46:10.846] [INFO   ] thread dealer starting.
[09:46:10.847] [INFO   ] thread player 1 starting.
[09:46:10.954] [SEVERE ] placing card 73 in slot 0
[09:46:11.057] [SEVERE ] placing card 32 in slot 1
[09:46:11.171] [SEVERE ] placing card 63 in slot 2
[09:46:11.272] [SEVERE ] placing card 19 in slot 3
[09:46:11.387] [SEVERE ] placing card 7 in slot 4
[09:46:11.488] [SEVERE ] placing card 22 in slot 5
[09:46:11.589] [SEVERE ] placing card 60 in slot 6
[09:46:11.703] [SEVERE ] placing card 65 in slot 7
[09:46:11.815] [SEVERE ] placing card 53 in slot 8
[09:46:11.926] [SEVERE ] placing card 2 in slot 9
[09:46:12.036] [SEVERE ] placing card 9 in slot 10
[09:46:12.146] [SEVERE ] placing card 8 in slot 11
[09:46:13.150] [SEVERE ] updating countdown to 59000
[09:46:14.155] [SEVERE ] updating countdown to 58000
[09:46:14.233] [SEVERE ] key 65 was pressed by player 1
[09:46:14.233] [SEVERE ] player 1 placing token on slot 4
[09:46:14.500] [SEVERE ] key 81 was pressed by player 1
[09:46:14.502] [SEVERE ] player 1 placing token on slot 0
[09:46:15.020] [SEVERE ] key 83 was pressed by player 1
[09:46:15.020] [SEVERE ] player 1 placing token on slot 5
[09:46:15.169] [SEVERE ] updating countdown to 57000
[09:46:16.176] [SEVERE ] updating countdown to 56000
[09:46:17.179] [SEVERE ] updating countdown to 55000
[09:46:18.187] [SEVERE ] updating countdown to 54000
[09:46:19.201] [SEVERE ] updating countdown to 53000
[09:46:20.201] [SEVERE ] updating countdown to 52000
[09:46:21.203] [SEVERE ] updating countdown to 51000
[09:46:22.205] [SEVERE ] updating countdown to 50000
[09:46:23.214] [SEVERE ] updating countdown to 49000
[09:46:24.230] [SEVERE ] updating countdown to 48000
[09:46:25.235] [SEVERE ] updating countdown to 47000
[09:46:26.248] [SEVERE ] updating countdown to 46000
[09:46:27.251] [SEVERE ] updating countdown to 45000
[09:46:28.253] [SEVERE ] updating countdown to 44000
[09:46:29.255] [SEVERE ] updating countdown to 43000
[09:46:30.258] [SEVERE ] updating countdown to 42000
[09:46:31.258] [SEVERE ] updating countdown to 41000
[09:46:32.266] [SEVERE ] updating countdown to 40000
[09:46:33.283] [SEVERE ] updating countdown to 39000
[09:46:34.286] [SEVERE ] updating countdown to 38000
[09:46:35.295] [SEVERE ] updating countdown to 37000
[09:46:36.309] [SEVERE ] updating countdown to 36000
[09:46:37.315] [SEVERE ] updating countdown to 35000
[09:46:38.330] [SEVERE ] updating countdown to 34000
[09:46:39.342] [SEVERE ] updating countdown to 33000
[09:46:40.349] [SEVERE ] updating countdown to 32000
[09:46:41.349] [SEVERE ] updating countdown to 31000
[09:46:42.350] [SEVERE ] updating countdown to 30000
[09:46:43.364] [SEVERE ] updating countdown to 29000
[09:46:44.364] [SEVERE ] updating countdown to 28000
[09:46:45.375] [SEVERE ] updating countdown to 27000
[09:46:46.390] [SEVERE ] updating countdown to 26000
[09:46:47.391] [SEVERE ] updating countdown to 25000
[09:46:48.398] [SEVERE ] updating countdown to 24000
[09:46:49.399] [SEVERE ] updating countdown to 23000
[09:46:50.413] [SEVERE ] updating countdown to 22000
[09:46:51.421] [SEVERE ] updating countdown to 21000
[09:46:52.432] [SEVERE ] updating countdown to 20000
[09:46:53.444] [SEVERE ] updating countdown to 19000
[09:46:54.447] [SEVERE ] updating countdown to 18000
