[13:16:14.181] [INFO   ] thread main starting.
[13:16:14.188] [SEVERE ] cannot read configuration file config.properties trying from resources.
[13:16:14.192] [SEVERE ] configuration file was loaded from resources directory.
[13:16:14.823] [INFO   ] thread dealer starting.
[13:16:14.824] [INFO   ] thread player 0 starting.
[13:16:14.825] [INFO   ] thread player 1 starting.
[13:16:14.825] [INFO   ] thread dealer starting.
[13:16:14.826] [INFO   ] thread player 1 starting.
[13:16:14.826] [INFO   ] thread player 0 starting.
[13:16:14.827] [INFO   ] thread computer-1 starting.
[13:16:14.946] [SEVERE ] placing card 63 in slot 0
[13:16:15.055] [SEVERE ] placing card 22 in slot 1
[13:16:15.163] [SEVERE ] placing card 62 in slot 2
[13:16:15.272] [SEVERE ] placing card 48 in slot 3
[13:16:15.381] [SEVERE ] placing card 37 in slot 4
[13:16:15.489] [SEVERE ] placing card 77 in slot 5
[13:16:15.597] [SEVERE ] placing card 26 in slot 6
[13:16:15.706] [SEVERE ] placing card 2 in slot 7
[13:16:15.816] [SEVERE ] placing card 38 in slot 8
[13:16:15.923] [SEVERE ] placing card 74 in slot 9
[13:16:16.031] [SEVERE ] placing card 12 in slot 10
[13:16:16.139] [SEVERE ] placing card 14 in slot 11
[13:16:17.145] [SEVERE ] updating countdown to 59000
[13:16:18.156] [SEVERE ] updating countdown to 58000
[13:16:19.165] [SEVERE ] updating countdown to 57000
[13:16:20.177] [SEVERE ] updating countdown to 56000
[13:16:21.188] [SEVERE ] updating countdown to 55000
[13:16:22.206] [SEVERE ] updating countdown to 54000
[13:16:23.220] [SEVERE ] updating countdown to 53000
[13:16:24.234] [SEVERE ] updating countdown to 52000
[13:16:25.246] [SEVERE ] updating countdown to 51000
[13:16:26.254] [SEVERE ] updating countdown to 50000
[13:16:27.269] [SEVERE ] updating countdown to 49000
[13:16:28.278] [SEVERE ] updating countdown to 48000
[13:16:29.290] [SEVERE ] updating countdown to 47000
[13:16:30.291] [SEVERE ] updating countdown to 46000
[13:16:31.294] [SEVERE ] updating countdown to 45000
[13:16:32.295] [SEVERE ] updating countdown to 44000
[13:16:33.298] [SEVERE ] updating countdown to 43000
[13:16:34.313] [SEVERE ] updating countdown to 42000
[13:16:35.326] [SEVERE ] updating countdown to 41000
[13:16:36.338] [SEVERE ] updating countdown to 40000
[13:16:37.340] [SEVERE ] updating countdown to 39000
[13:16:38.351] [SEVERE ] updating countdown to 38000
[13:16:39.315] [SEVERE ] key 83 was pressed by player 1
[13:16:39.315] [SEVERE ] player 1 placing token on slot 5
[13:16:39.366] [SEVERE ] updating countdown to 37000
[13:16:39.970] [SEVERE ] key 69 was pressed by player 1
[13:16:39.971] [SEVERE ] player 1 placing token on slot 2
[13:16:40.368] [SEVERE ] updating countdown to 36000
[13:16:40.627] [SEVERE ] key 87 was pressed by player 1
[13:16:40.627] [SEVERE ] player 1 placing token on slot 1
[13:16:40.627] [SEVERE ] setting player 1 freeze to 3000
[13:16:41.377] [SEVERE ] updating countdown to 35000
[13:16:41.630] [SEVERE ] setting player 1 freeze to 2000
[13:16:42.393] [SEVERE ] updating countdown to 34000
[13:16:42.643] [SEVERE ] setting player 1 freeze to 1000
[13:16:43.406] [SEVERE ] updating countdown to 33000
[13:16:43.655] [SEVERE ] setting player 1 freeze to 0
[13:16:44.421] [SEVERE ] updating countdown to 32000
[13:16:45.433] [SEVERE ] updating countdown to 31000
[13:16:46.443] [SEVERE ] updating countdown to 30000
[13:16:47.452] [SEVERE ] updating countdown to 29000
[13:16:48.464] [SEVERE ] updating countdown to 28000
[13:16:49.467] [SEVERE ] updating countdown to 27000
[13:16:50.468] [SEVERE ] updating countdown to 26000
[13:16:51.482] [SEVERE ] updating countdown to 25000
[13:16:52.496] [SEVERE ] updating countdown to 24000
