[15:17:26.809] [INFO   ] thread main starting.
[15:17:26.820] [SEVERE ] cannot read configuration file config.properties trying from resources.
[15:17:26.823] [SEVERE ] configuration file was loaded from resources directory.
[15:17:27.466] [INFO   ] thread dealer starting.
[15:17:27.467] [INFO   ] thread player 0 starting.
[15:17:27.468] [INFO   ] thread player 1 starting.
[15:17:27.468] [INFO   ] thread player 0 starting.
[15:17:27.468] [INFO   ] thread dealer starting.
[15:17:27.470] [INFO   ] thread player 1 starting.
[15:17:27.485] [INFO   ] thread computer-1 starting.
[15:17:27.597] [SEVERE ] placing card 43 in slot 0
[15:17:27.705] [SEVERE ] placing card 13 in slot 1
[15:17:27.814] [SEVERE ] placing card 64 in slot 2
[15:17:27.924] [SEVERE ] placing card 10 in slot 3
[15:17:27.965] [SEVERE ] key 81 was pressed by player 1
[15:17:28.027] [SEVERE ] key 81 was pressed by player 1
[15:17:28.031] [SEVERE ] placing card 6 in slot 4
[15:17:28.141] [SEVERE ] placing card 1 in slot 5
[15:17:28.211] [SEVERE ] key 81 was pressed by player 1
[15:17:28.249] [SEVERE ] placing card 33 in slot 6
[15:17:28.359] [SEVERE ] placing card 60 in slot 7
[15:17:28.443] [SEVERE ] key 87 was pressed by player 1
[15:17:28.469] [SEVERE ] placing card 70 in slot 8
[15:17:28.577] [SEVERE ] placing card 78 in slot 9
[15:17:28.600] [SEVERE ] key 87 was pressed by player 1
[15:17:28.687] [SEVERE ] placing card 51 in slot 10
[15:17:28.744] [SEVERE ] key 81 was pressed by player 1
[15:17:28.797] [SEVERE ] placing card 72 in slot 11
[15:17:29.000] [SEVERE ] key 87 was pressed by player 1
[15:17:29.812] [SEVERE ] updating countdown to 59000
[15:17:30.031] [SEVERE ] removing card from slot 0
[15:17:30.031] [SEVERE ] removing card from slot 0
[15:17:30.031] [SEVERE ] placing card 43 in slot 0
[15:17:30.046] [SEVERE ] player 2 placing token on slot 1
[15:17:30.055] [SEVERE ] key 87 was pressed by player 1
[15:17:30.055] [SEVERE ] player 1 placing token on slot 1
[15:17:30.251] [SEVERE ] removing card from slot 1
[15:17:30.251] [SEVERE ] removing card from slot 1
[15:17:30.251] [SEVERE ] placing card 13 in slot 1
[15:17:30.470] [SEVERE ] removing card from slot 2
[15:17:30.470] [SEVERE ] removing card from slot 2
[15:17:30.471] [SEVERE ] placing card 64 in slot 2
[15:17:30.549] [SEVERE ] player 2 placing token on slot 10
[15:17:30.689] [SEVERE ] removing card from slot 3
[15:17:30.689] [SEVERE ] removing card from slot 3
[15:17:30.690] [SEVERE ] placing card 10 in slot 3
[15:17:30.738] [SEVERE ] key 81 was pressed by player 1
[15:17:30.738] [SEVERE ] player 1 placing token on slot 0
[15:17:30.906] [SEVERE ] removing card from slot 4
[15:17:30.906] [SEVERE ] removing card from slot 4
[15:17:30.906] [SEVERE ] placing card 6 in slot 4
[15:17:31.061] [SEVERE ] player 2 placing token on slot 2
[15:17:31.061] [SEVERE ] setting player 2 freeze to 3000
[15:17:31.071] [SEVERE ] key 65 was pressed by player 1
[15:17:31.072] [SEVERE ] player 1 placing token on slot 4
[15:17:31.072] [SEVERE ] setting player 1 freeze to 3000
[15:17:31.124] [SEVERE ] removing card from slot 5
[15:17:31.124] [SEVERE ] removing card from slot 5
[15:17:31.125] [SEVERE ] placing card 1 in slot 5
[15:17:31.344] [SEVERE ] removing card from slot 6
[15:17:31.344] [SEVERE ] removing card from slot 6
[15:17:31.344] [SEVERE ] placing card 33 in slot 6
[15:17:31.559] [SEVERE ] removing card from slot 7
[15:17:31.559] [SEVERE ] removing card from slot 7
[15:17:31.560] [SEVERE ] placing card 60 in slot 7
[15:17:31.775] [SEVERE ] removing card from slot 8
[15:17:31.775] [SEVERE ] removing card from slot 8
[15:17:31.776] [SEVERE ] placing card 70 in slot 8
[15:17:31.991] [SEVERE ] removing card from slot 9
[15:17:31.991] [SEVERE ] removing card from slot 9
[15:17:31.991] [SEVERE ] placing card 78 in slot 9
[15:17:32.070] [SEVERE ] setting player 2 freeze to 2000
[15:17:32.086] [SEVERE ] setting player 1 freeze to 2000
[15:17:32.209] [SEVERE ] removing card from slot 10
[15:17:32.209] [SEVERE ] removing card from slot 10
[15:17:32.209] [SEVERE ] placing card 51 in slot 10
[15:17:32.427] [SEVERE ] removing card from slot 11
[15:17:32.427] [SEVERE ] removing card from slot 11
[15:17:32.427] [SEVERE ] placing card 72 in slot 11
[15:17:32.644] [SEVERE ] removing card from slot 0
[15:17:32.644] [SEVERE ] removing card from slot 0
[15:17:32.644] [SEVERE ] placing card 43 in slot 0
[15:17:32.863] [SEVERE ] removing card from slot 1
[15:17:32.863] [SEVERE ] removing card from slot 1
[15:17:32.863] [SEVERE ] placing card 13 in slot 1
[15:17:33.080] [SEVERE ] setting player 2 freeze to 1000
[15:17:33.080] [SEVERE ] removing card from slot 2
[15:17:33.080] [SEVERE ] removing card from slot 2
[15:17:33.080] [SEVERE ] placing card 64 in slot 2
[15:17:33.095] [SEVERE ] setting player 1 freeze to 1000
[15:17:33.298] [SEVERE ] removing card from slot 3
[15:17:33.298] [SEVERE ] removing card from slot 3
[15:17:33.298] [SEVERE ] placing card 10 in slot 3
[15:17:33.517] [SEVERE ] removing card from slot 4
[15:17:33.517] [SEVERE ] removing card from slot 4
[15:17:33.517] [SEVERE ] placing card 6 in slot 4
[15:17:33.737] [SEVERE ] removing card from slot 5
[15:17:33.737] [SEVERE ] removing card from slot 5
[15:17:33.737] [SEVERE ] placing card 1 in slot 5
[15:17:33.956] [SEVERE ] removing card from slot 6
[15:17:33.956] [SEVERE ] removing card from slot 6
[15:17:33.956] [SEVERE ] placing card 33 in slot 6
[15:17:34.082] [SEVERE ] setting player 2 freeze to 0
[15:17:34.097] [SEVERE ] setting player 1 freeze to 0
[15:17:34.176] [SEVERE ] removing card from slot 7
[15:17:34.176] [SEVERE ] removing card from slot 7
[15:17:34.176] [SEVERE ] placing card 60 in slot 7
[15:17:34.395] [SEVERE ] removing card from slot 8
[15:17:34.395] [SEVERE ] removing card from slot 8
[15:17:34.395] [SEVERE ] placing card 70 in slot 8
[15:17:34.611] [SEVERE ] removing card from slot 9
[15:17:34.611] [SEVERE ] removing card from slot 9
[15:17:34.611] [SEVERE ] placing card 78 in slot 9
[15:17:34.831] [SEVERE ] removing card from slot 10
[15:17:34.831] [SEVERE ] removing card from slot 10
[15:17:34.831] [SEVERE ] placing card 51 in slot 10
[15:17:35.051] [SEVERE ] removing card from slot 11
[15:17:35.051] [SEVERE ] removing card from slot 11
[15:17:35.051] [SEVERE ] placing card 72 in slot 11
[15:17:35.099] [SEVERE ] removing player 2 token from slot 2
[15:17:35.271] [SEVERE ] removing card from slot 0
[15:17:35.271] [SEVERE ] removing card from slot 0
[15:17:35.271] [SEVERE ] placing card 43 in slot 0
[15:17:35.487] [SEVERE ] removing card from slot 1
[15:17:35.487] [SEVERE ] removing card from slot 1
[15:17:35.487] [SEVERE ] placing card 13 in slot 1
[15:17:35.611] [SEVERE ] removing player 2 token from slot 10
[15:17:35.705] [SEVERE ] removing card from slot 2
[15:17:35.705] [SEVERE ] removing card from slot 2
[15:17:35.705] [SEVERE ] placing card 64 in slot 2
[15:17:35.924] [SEVERE ] removing card from slot 3
[15:17:35.924] [SEVERE ] removing card from slot 3
[15:17:35.924] [SEVERE ] placing card 10 in slot 3
[15:17:36.113] [SEVERE ] player 2 placing token on slot 11
[15:17:36.144] [SEVERE ] removing card from slot 4
[15:17:36.144] [SEVERE ] removing card from slot 4
[15:17:36.145] [SEVERE ] placing card 6 in slot 4
[15:17:36.361] [SEVERE ] removing card from slot 5
[15:17:36.361] [SEVERE ] removing card from slot 5
[15:17:36.361] [SEVERE ] placing card 1 in slot 5
[15:17:36.579] [SEVERE ] removing card from slot 6
[15:17:36.579] [SEVERE ] removing card from slot 6
[15:17:36.579] [SEVERE ] placing card 33 in slot 6
[15:17:36.625] [SEVERE ] player 2 placing token on slot 5
[15:17:36.627] [SEVERE ] setting player 2 freeze to 3000
[15:17:36.796] [SEVERE ] removing card from slot 7
[15:17:36.796] [SEVERE ] removing card from slot 7
[15:17:36.801] [SEVERE ] placing card 60 in slot 7
