[15:07:35.117] [INFO   ] thread main starting.
[15:07:35.129] [SEVERE ] cannot read configuration file config.properties trying from resources.
[15:07:35.131] [SEVERE ] configuration file was loaded from resources directory.
[15:07:35.732] [INFO   ] thread dealer starting.
[15:07:35.734] [INFO   ] thread player 0 starting.
[15:07:35.734] [INFO   ] thread player 1 starting.
[15:07:35.735] [INFO   ] thread player 0 starting.
[15:07:35.735] [INFO   ] thread dealer starting.
[15:07:35.737] [INFO   ] thread player 1 starting.
[15:07:35.755] [INFO   ] thread computer-1 starting.
[15:07:35.883] [SEVERE ] placing card 77 in slot 0
[15:07:35.992] [SEVERE ] placing card 26 in slot 1
[15:07:36.102] [SEVERE ] placing card 16 in slot 2
[15:07:36.212] [SEVERE ] placing card 70 in slot 3
[15:07:36.322] [SEVERE ] placing card 35 in slot 4
[15:07:36.431] [SEVERE ] placing card 63 in slot 5
[15:07:36.539] [SEVERE ] placing card 22 in slot 6
[15:07:36.648] [SEVERE ] placing card 50 in slot 7
[15:07:36.757] [SEVERE ] placing card 1 in slot 8
[15:07:36.867] [SEVERE ] placing card 0 in slot 9
[15:07:36.976] [SEVERE ] placing card 46 in slot 10
[15:07:37.085] [SEVERE ] placing card 30 in slot 11
[15:07:38.088] [SEVERE ] updating countdown to 59000
[15:07:38.292] [SEVERE ] player 2 placing token on slot 0
[15:07:38.307] [SEVERE ] removing card from slot 0
[15:07:38.307] [SEVERE ] removing card from slot 0
[15:07:38.308] [SEVERE ] placing card 77 in slot 0
[15:07:38.528] [SEVERE ] removing card from slot 1
[15:07:38.529] [SEVERE ] removing card from slot 1
[15:07:38.529] [SEVERE ] placing card 26 in slot 1
[15:07:38.746] [SEVERE ] removing card from slot 2
[15:07:38.746] [SEVERE ] removing card from slot 2
[15:07:38.746] [SEVERE ] placing card 16 in slot 2
[15:07:38.793] [SEVERE ] player 2 placing token on slot 3
[15:07:38.963] [SEVERE ] removing card from slot 3
[15:07:38.963] [SEVERE ] removing card from slot 3
[15:07:38.963] [SEVERE ] placing card 70 in slot 3
[15:07:39.180] [SEVERE ] removing card from slot 4
[15:07:39.180] [SEVERE ] removing card from slot 4
[15:07:39.180] [SEVERE ] placing card 35 in slot 4
[15:07:39.304] [SEVERE ] player 2 placing token on slot 5
[15:07:39.304] [SEVERE ] setting player 2 freeze to 3000
[15:07:39.398] [SEVERE ] removing card from slot 5
[15:07:39.399] [SEVERE ] removing card from slot 5
[15:07:39.399] [SEVERE ] placing card 63 in slot 5
[15:07:39.618] [SEVERE ] removing card from slot 6
[15:07:39.618] [SEVERE ] removing card from slot 6
[15:07:39.618] [SEVERE ] placing card 22 in slot 6
[15:07:39.837] [SEVERE ] removing card from slot 7
[15:07:39.837] [SEVERE ] removing card from slot 7
[15:07:39.837] [SEVERE ] placing card 50 in slot 7
[15:07:40.055] [SEVERE ] removing card from slot 8
[15:07:40.055] [SEVERE ] removing card from slot 8
[15:07:40.055] [SEVERE ] placing card 1 in slot 8
[15:07:40.271] [SEVERE ] removing card from slot 9
[15:07:40.271] [SEVERE ] removing card from slot 9
[15:07:40.271] [SEVERE ] placing card 0 in slot 9
[15:07:40.318] [SEVERE ] setting player 2 freeze to 2000
[15:07:40.491] [SEVERE ] removing card from slot 10
[15:07:40.491] [SEVERE ] removing card from slot 10
[15:07:40.492] [SEVERE ] placing card 46 in slot 10
[15:07:40.710] [SEVERE ] removing card from slot 11
[15:07:40.711] [SEVERE ] removing card from slot 11
[15:07:40.711] [SEVERE ] placing card 30 in slot 11
[15:07:40.929] [SEVERE ] removing card from slot 0
[15:07:40.929] [SEVERE ] removing card from slot 0
[15:07:40.929] [SEVERE ] placing card 77 in slot 0
[15:07:41.148] [SEVERE ] removing card from slot 1
[15:07:41.148] [SEVERE ] removing card from slot 1
[15:07:41.148] [SEVERE ] placing card 26 in slot 1
[15:07:41.320] [SEVERE ] setting player 2 freeze to 1000
[15:07:41.366] [SEVERE ] removing card from slot 2
[15:07:41.366] [SEVERE ] removing card from slot 2
[15:07:41.366] [SEVERE ] placing card 16 in slot 2
[15:07:41.585] [SEVERE ] removing card from slot 3
[15:07:41.585] [SEVERE ] removing card from slot 3
[15:07:41.585] [SEVERE ] placing card 70 in slot 3
[15:07:41.803] [SEVERE ] removing card from slot 4
[15:07:41.803] [SEVERE ] removing card from slot 4
[15:07:41.803] [SEVERE ] placing card 35 in slot 4
[15:07:42.021] [SEVERE ] removing card from slot 5
[15:07:42.021] [SEVERE ] removing card from slot 5
[15:07:42.022] [SEVERE ] placing card 63 in slot 5
[15:07:42.239] [SEVERE ] removing card from slot 6
[15:07:42.239] [SEVERE ] removing card from slot 6
[15:07:42.239] [SEVERE ] placing card 22 in slot 6
[15:07:42.334] [SEVERE ] setting player 2 freeze to 0
[15:07:42.458] [SEVERE ] removing card from slot 7
[15:07:42.458] [SEVERE ] removing card from slot 7
[15:07:42.458] [SEVERE ] placing card 50 in slot 7
[15:07:42.677] [SEVERE ] removing card from slot 8
[15:07:42.677] [SEVERE ] removing card from slot 8
[15:07:42.677] [SEVERE ] placing card 1 in slot 8
[15:07:42.897] [SEVERE ] removing card from slot 9
[15:07:42.897] [SEVERE ] removing card from slot 9
[15:07:42.897] [SEVERE ] placing card 0 in slot 9
[15:07:43.114] [SEVERE ] removing card from slot 10
[15:07:43.114] [SEVERE ] removing card from slot 10
[15:07:43.115] [SEVERE ] placing card 46 in slot 10
[15:07:43.332] [SEVERE ] removing card from slot 11
[15:07:43.333] [SEVERE ] removing card from slot 11
[15:07:43.333] [SEVERE ] placing card 30 in slot 11
[15:07:43.552] [SEVERE ] removing card from slot 0
[15:07:43.552] [SEVERE ] removing card from slot 0
[15:07:43.553] [SEVERE ] placing card 77 in slot 0
[15:07:43.771] [SEVERE ] removing card from slot 1
[15:07:43.771] [SEVERE ] removing card from slot 1
[15:07:43.771] [SEVERE ] placing card 26 in slot 1
[15:07:43.991] [SEVERE ] removing card from slot 2
[15:07:43.991] [SEVERE ] removing card from slot 2
[15:07:43.992] [SEVERE ] placing card 16 in slot 2
[15:07:44.210] [SEVERE ] removing card from slot 3
[15:07:44.210] [SEVERE ] removing card from slot 3
[15:07:44.210] [SEVERE ] placing card 70 in slot 3
[15:07:44.349] [SEVERE ] removing player 2 token from slot 3
[15:07:44.428] [SEVERE ] removing card from slot 4
[15:07:44.428] [SEVERE ] removing card from slot 4
[15:07:44.428] [SEVERE ] placing card 35 in slot 4
[15:07:44.646] [SEVERE ] removing card from slot 5
[15:07:44.646] [SEVERE ] removing card from slot 5
[15:07:44.646] [SEVERE ] placing card 63 in slot 5
[15:07:44.850] [SEVERE ] player 2 placing token on slot 1
[15:07:44.851] [SEVERE ] setting player 2 freeze to 3000
[15:07:44.865] [SEVERE ] removing card from slot 6
[15:07:44.865] [SEVERE ] removing card from slot 6
[15:07:44.865] [SEVERE ] placing card 22 in slot 6
[15:07:45.084] [SEVERE ] removing card from slot 7
[15:07:45.084] [SEVERE ] removing card from slot 7
[15:07:45.085] [SEVERE ] placing card 50 in slot 7
[15:07:45.304] [SEVERE ] removing card from slot 8
[15:07:45.304] [SEVERE ] removing card from slot 8
[15:07:45.304] [SEVERE ] placing card 1 in slot 8
[15:07:45.522] [SEVERE ] removing card from slot 9
[15:07:45.522] [SEVERE ] removing card from slot 9
[15:07:45.522] [SEVERE ] placing card 0 in slot 9
[15:07:45.741] [SEVERE ] removing card from slot 10
[15:07:45.741] [SEVERE ] removing card from slot 10
[15:07:45.741] [SEVERE ] placing card 46 in slot 10
[15:07:45.866] [SEVERE ] setting player 2 freeze to 2000
[15:07:45.961] [SEVERE ] removing card from slot 11
[15:07:45.961] [SEVERE ] removing card from slot 11
[15:07:45.961] [SEVERE ] placing card 30 in slot 11
