[15:18:00.739] [INFO   ] thread main starting.
[15:18:00.748] [SEVERE ] cannot read configuration file config.properties trying from resources.
[15:18:00.750] [SEVERE ] configuration file was loaded from resources directory.
[15:18:01.355] [INFO   ] thread dealer starting.
[15:18:01.356] [INFO   ] thread player 0 starting.
[15:18:01.358] [INFO   ] thread player 1 starting.
[15:18:01.361] [INFO   ] thread dealer starting.
[15:18:01.370] [INFO   ] thread player 1 starting.
[15:18:01.370] [INFO   ] thread player 0 starting.
[15:18:01.371] [INFO   ] thread computer-1 starting.
[15:18:01.494] [SEVERE ] placing card 21 in slot 0
[15:18:01.603] [SEVERE ] placing card 5 in slot 1
[15:18:01.711] [SEVERE ] placing card 14 in slot 2
[15:18:01.821] [SEVERE ] placing card 71 in slot 3
[15:18:01.926] [SEVERE ] placing card 8 in slot 4
[15:18:02.036] [SEVERE ] placing card 61 in slot 5
[15:18:02.145] [SEVERE ] placing card 42 in slot 6
[15:18:02.256] [SEVERE ] placing card 34 in slot 7
[15:18:02.365] [SEVERE ] placing card 80 in slot 8
[15:18:02.474] [SEVERE ] placing card 64 in slot 9
[15:18:02.583] [SEVERE ] placing card 18 in slot 10
[15:18:02.693] [SEVERE ] placing card 60 in slot 11
[15:18:03.709] [SEVERE ] updating countdown to 59000
[15:18:03.899] [SEVERE ] player 2 placing token on slot 4
[15:18:03.931] [SEVERE ] removing card from slot 0
[15:18:03.931] [SEVERE ] removing card from slot 0
[15:18:03.932] [SEVERE ] placing card 21 in slot 0
[15:18:04.148] [SEVERE ] removing card from slot 1
[15:18:04.148] [SEVERE ] removing card from slot 1
[15:18:04.148] [SEVERE ] placing card 5 in slot 1
[15:18:04.366] [SEVERE ] removing card from slot 2
[15:18:04.366] [SEVERE ] removing card from slot 2
[15:18:04.367] [SEVERE ] placing card 14 in slot 2
[15:18:04.413] [SEVERE ] player 2 placing token on slot 3
[15:18:04.584] [SEVERE ] removing card from slot 3
[15:18:04.584] [SEVERE ] removing card from slot 3
[15:18:04.584] [SEVERE ] placing card 71 in slot 3
[15:18:04.801] [SEVERE ] removing card from slot 4
[15:18:04.801] [SEVERE ] removing card from slot 4
[15:18:04.801] [SEVERE ] placing card 8 in slot 4
[15:18:04.927] [SEVERE ] player 2 placing token on slot 10
[15:18:04.928] [SEVERE ] setting player 2 freeze to 3000
[15:18:05.022] [SEVERE ] removing card from slot 5
[15:18:05.022] [SEVERE ] removing card from slot 5
[15:18:05.022] [SEVERE ] placing card 61 in slot 5
[15:18:05.241] [SEVERE ] removing card from slot 6
[15:18:05.241] [SEVERE ] removing card from slot 6
[15:18:05.241] [SEVERE ] placing card 42 in slot 6
[15:18:05.463] [SEVERE ] removing card from slot 7
[15:18:05.463] [SEVERE ] removing card from slot 7
[15:18:05.463] [SEVERE ] placing card 34 in slot 7
[15:18:05.681] [SEVERE ] removing card from slot 8
[15:18:05.681] [SEVERE ] removing card from slot 8
[15:18:05.681] [SEVERE ] placing card 80 in slot 8
[15:18:05.900] [SEVERE ] removing card from slot 9
[15:18:05.900] [SEVERE ] removing card from slot 9
[15:18:05.900] [SEVERE ] placing card 64 in slot 9
[15:18:05.931] [SEVERE ] setting player 2 freeze to 2000
[15:18:06.119] [SEVERE ] removing card from slot 10
[15:18:06.119] [SEVERE ] removing card from slot 10
[15:18:06.119] [SEVERE ] placing card 18 in slot 10
[15:18:06.336] [SEVERE ] removing card from slot 11
[15:18:06.336] [SEVERE ] removing card from slot 11
[15:18:06.336] [SEVERE ] placing card 60 in slot 11
[15:18:06.556] [SEVERE ] removing card from slot 0
[15:18:06.556] [SEVERE ] removing card from slot 0
[15:18:06.556] [SEVERE ] placing card 21 in slot 0
[15:18:06.777] [SEVERE ] removing card from slot 1
[15:18:06.777] [SEVERE ] removing card from slot 1
[15:18:06.778] [SEVERE ] placing card 5 in slot 1
[15:18:06.933] [SEVERE ] setting player 2 freeze to 1000
[15:18:06.996] [SEVERE ] removing card from slot 2
[15:18:06.996] [SEVERE ] removing card from slot 2
[15:18:06.996] [SEVERE ] placing card 14 in slot 2
[15:18:07.215] [SEVERE ] removing card from slot 3
[15:18:07.215] [SEVERE ] removing card from slot 3
[15:18:07.215] [SEVERE ] placing card 71 in slot 3
[15:18:07.434] [SEVERE ] removing card from slot 4
[15:18:07.434] [SEVERE ] removing card from slot 4
[15:18:07.434] [SEVERE ] placing card 8 in slot 4
[15:18:07.651] [SEVERE ] removing card from slot 5
[15:18:07.651] [SEVERE ] removing card from slot 5
[15:18:07.651] [SEVERE ] placing card 61 in slot 5
[15:18:07.871] [SEVERE ] removing card from slot 6
[15:18:07.871] [SEVERE ] removing card from slot 6
[15:18:07.871] [SEVERE ] placing card 42 in slot 6
