[13:11:49.571] [INFO   ] thread main starting.
[13:11:49.579] [SEVERE ] cannot read configuration file config.properties trying from resources.
[13:11:49.582] [SEVERE ] configuration file was loaded from resources directory.
[13:11:50.276] [INFO   ] thread dealer starting.
[13:11:50.277] [INFO   ] thread player 0 starting.
[13:11:50.278] [INFO   ] thread player 1 starting.
[13:11:50.279] [INFO   ] thread dealer starting.
[13:11:50.283] [INFO   ] thread player 0 starting.
[13:11:50.284] [INFO   ] thread player 1 starting.
[13:11:50.286] [INFO   ] thread computer-1 starting.
[13:11:50.394] [SEVERE ] placing card 41 in slot 0
[13:11:50.503] [SEVERE ] placing card 42 in slot 1
[13:11:50.611] [SEVERE ] placing card 63 in slot 2
[13:11:50.721] [SEVERE ] placing card 2 in slot 3
[13:11:50.828] [SEVERE ] placing card 61 in slot 4
[13:11:50.937] [SEVERE ] placing card 5 in slot 5
[13:11:51.046] [SEVERE ] placing card 55 in slot 6
[13:11:51.155] [SEVERE ] placing card 44 in slot 7
[13:11:51.263] [SEVERE ] placing card 13 in slot 8
[13:11:51.371] [SEVERE ] placing card 69 in slot 9
[13:11:51.479] [SEVERE ] placing card 70 in slot 10
[13:11:51.588] [SEVERE ] placing card 25 in slot 11
[13:11:52.331] [SEVERE ] key 81 was pressed by player 1
[13:11:52.331] [SEVERE ] player 1 placing token on slot 0
[13:11:52.369] [SEVERE ] key 87 was pressed by player 1
[13:11:52.369] [SEVERE ] player 1 placing token on slot 1
[13:11:52.435] [SEVERE ] key 69 was pressed by player 1
[13:11:52.435] [SEVERE ] player 1 placing token on slot 2
[13:11:52.435] [SEVERE ] setting player 1 freeze to 3000
[13:11:52.602] [SEVERE ] updating countdown to 59000
[13:11:53.446] [SEVERE ] setting player 1 freeze to 2000
[13:11:53.618] [SEVERE ] updating countdown to 58000
[13:11:54.455] [SEVERE ] setting player 1 freeze to 1000
[13:11:54.627] [SEVERE ] updating countdown to 57000
[13:11:55.466] [SEVERE ] setting player 1 freeze to 0
[13:11:55.637] [SEVERE ] updating countdown to 56000
[13:11:55.955] [SEVERE ] key 83 was pressed by player 1
[13:11:56.644] [SEVERE ] updating countdown to 55000
[13:11:57.473] [SEVERE ] key 88 was pressed by player 1
[13:11:57.657] [SEVERE ] updating countdown to 54000
[13:11:57.824] [SEVERE ] key 67 was pressed by player 1
[13:11:58.084] [SEVERE ] key 68 was pressed by player 1
[13:11:58.657] [SEVERE ] key 65 was pressed by player 1
[13:11:58.659] [SEVERE ] updating countdown to 53000
[13:11:58.865] [SEVERE ] key 90 was pressed by player 1
[13:11:59.061] [SEVERE ] key 90 was pressed by player 1
[13:11:59.246] [SEVERE ] key 90 was pressed by player 1
[13:11:59.468] [SEVERE ] key 88 was pressed by player 1
[13:11:59.671] [SEVERE ] updating countdown to 52000
[13:11:59.847] [SEVERE ] key 83 was pressed by player 1
[13:12:00.409] [SEVERE ] key 87 was pressed by player 1
[13:12:00.410] [SEVERE ] removing player 1 token from slot 1
[13:12:00.684] [SEVERE ] updating countdown to 51000
[13:12:01.687] [SEVERE ] updating countdown to 50000
[13:12:01.751] [SEVERE ] key 83 was pressed by player 1
[13:12:01.751] [SEVERE ] player 1 placing token on slot 5
[13:12:01.752] [SEVERE ] setting player 1 freeze to 3000
[13:12:02.703] [SEVERE ] updating countdown to 49000
[13:12:02.764] [SEVERE ] setting player 1 freeze to 2000
[13:12:03.605] [SEVERE ] key 81 was pressed by player 1
[13:12:03.715] [SEVERE ] updating countdown to 48000
[13:12:03.778] [SEVERE ] setting player 1 freeze to 1000
[13:12:04.730] [SEVERE ] updating countdown to 47000
[13:12:04.790] [SEVERE ] setting player 1 freeze to 0
[13:12:05.743] [SEVERE ] updating countdown to 46000
[13:12:06.756] [SEVERE ] updating countdown to 45000
