[22:26:11.471] [INFO   ] thread main starting.
[22:26:11.491] [SEVERE ] cannot read configuration file config.properties trying from resources.
[22:26:11.491] [SEVERE ] configuration file was loaded from resources directory.
[22:26:12.209] [INFO   ] thread dealer starting.
[22:26:12.209] [INFO   ] thread player 0 starting.
[22:26:12.209] [INFO   ] thread player 1 starting.
[22:26:12.214] [INFO   ] thread player 0 starting.
[22:26:12.214] [INFO   ] thread dealer starting.
[22:26:12.215] [INFO   ] thread player 1 starting.
[22:26:12.219] [INFO   ] thread computer-1 starting.
[22:26:12.343] [SEVERE ] placing card 36 in slot 0
[22:26:12.453] [SEVERE ] placing card 35 in slot 1
[22:26:12.564] [SEVERE ] placing card 59 in slot 2
[22:26:12.674] [SEVERE ] placing card 4 in slot 3
[22:26:12.785] [SEVERE ] placing card 62 in slot 4
[22:26:12.895] [SEVERE ] placing card 26 in slot 5
[22:26:12.993] [SEVERE ] key 81 was pressed by player 1
[22:26:13.005] [SEVERE ] placing card 46 in slot 6
[22:26:13.115] [SEVERE ] placing card 77 in slot 7
[22:26:13.225] [SEVERE ] placing card 7 in slot 8
[22:26:13.229] [SEVERE ] key 87 was pressed by player 1
[22:26:13.335] [SEVERE ] placing card 8 in slot 9
[22:26:13.445] [SEVERE ] placing card 74 in slot 10
[22:26:13.461] [SEVERE ] key 87 was pressed by player 1
[22:26:13.555] [SEVERE ] placing card 42 in slot 11
[22:26:13.712] [SEVERE ] key 81 was pressed by player 1
[22:26:14.170] [SEVERE ] key 81 was pressed by player 1
[22:26:14.564] [SEVERE ] updating countdown to 1000
[22:26:14.565] [SEVERE ] player 1 placing token on slot 1
[22:26:14.565] [SEVERE ] key 81 was pressed by player 1
[22:26:14.565] [SEVERE ] removing player 1 token from slot 1
[22:26:14.565] [SEVERE ] player 1 placing token on slot 0
[22:26:14.565] [SEVERE ] removing player 1 token from slot 0
[22:26:14.565] [SEVERE ] player 1 placing token on slot 0
[22:26:15.132] [SEVERE ] key 87 was pressed by player 1
[22:26:15.132] [SEVERE ] player 1 placing token on slot 1
[22:26:15.446] [SEVERE ] key 65 was pressed by player 1
[22:26:15.446] [SEVERE ] player 1 placing token on slot 4
[22:26:15.446] [SEVERE ] setting player 1 freeze to 3000
[22:26:15.573] [SEVERE ] updating countdown to 0
[22:26:16.456] [SEVERE ] setting player 1 freeze to 2000
[22:26:16.583] [SEVERE ] removing player 1 token from slot 0
[22:26:16.583] [SEVERE ] removing player 1 token from slot 1
[22:26:16.583] [SEVERE ] removing player 1 token from slot 4
[22:26:16.686] [SEVERE ] removing card from slot 0
[22:26:16.790] [SEVERE ] removing card from slot 1
[22:26:16.898] [SEVERE ] removing card from slot 2
[22:26:17.011] [SEVERE ] removing card from slot 3
[22:26:17.112] [SEVERE ] removing card from slot 4
[22:26:17.221] [SEVERE ] removing card from slot 5
[22:26:17.229] [SEVERE ] key 81 was pressed by player 1
[22:26:17.329] [SEVERE ] removing card from slot 6
[22:26:17.432] [SEVERE ] removing card from slot 7
[22:26:17.464] [SEVERE ] setting player 1 freeze to 1000
[22:26:17.474] [SEVERE ] key 81 was pressed by player 1
[22:26:17.546] [SEVERE ] removing card from slot 8
[22:26:17.653] [SEVERE ] removing card from slot 9
[22:26:17.688] [SEVERE ] key 81 was pressed by player 1
[22:26:17.761] [SEVERE ] removing card from slot 10
[22:26:17.870] [SEVERE ] removing card from slot 11
[22:26:17.894] [SEVERE ] key 81 was pressed by player 1
[22:26:17.973] [SEVERE ] placing card 39 in slot 0
[22:26:18.083] [SEVERE ] placing card 37 in slot 1
[22:26:18.143] [SEVERE ] key 81 was pressed by player 1
[22:26:18.194] [SEVERE ] placing card 65 in slot 2
[22:26:18.304] [SEVERE ] placing card 66 in slot 3
[22:26:18.414] [SEVERE ] placing card 13 in slot 4
[22:26:18.477] [SEVERE ] setting player 1 freeze to 0
[22:26:18.524] [SEVERE ] placing card 1 in slot 5
[22:26:18.634] [SEVERE ] placing card 18 in slot 6
[22:26:18.745] [SEVERE ] placing card 60 in slot 7
[22:26:18.855] [SEVERE ] placing card 20 in slot 8
[22:26:18.903] [SEVERE ] key 81 was pressed by player 1
[22:26:18.965] [SEVERE ] placing card 15 in slot 9
[22:26:19.076] [SEVERE ] placing card 12 in slot 10
[22:26:19.186] [SEVERE ] placing card 38 in slot 11
[22:26:19.186] [SEVERE ] updating countdown to 2000
[22:26:19.186] [SEVERE ] player 1 placing token on slot 0
[22:26:20.192] [SEVERE ] updating countdown to 1000
[22:26:20.650] [SEVERE ] key 83 was pressed by player 1
[22:26:20.650] [SEVERE ] player 1 placing token on slot 5
[22:26:21.070] [SEVERE ] key 69 was pressed by player 1
[22:26:21.070] [SEVERE ] player 1 placing token on slot 2
[22:26:21.070] [SEVERE ] setting player 1 freeze to 3000
[22:26:21.206] [SEVERE ] updating countdown to 0
[22:26:22.077] [SEVERE ] setting player 1 freeze to 2000
[22:26:22.219] [SEVERE ] removing player 1 token from slot 0
[22:26:22.219] [SEVERE ] removing player 1 token from slot 5
[22:26:22.219] [SEVERE ] removing player 1 token from slot 2
[22:26:22.320] [SEVERE ] removing card from slot 0
[22:26:22.423] [SEVERE ] removing card from slot 1
[22:26:22.534] [SEVERE ] removing card from slot 2
[22:26:22.636] [SEVERE ] removing card from slot 3
[22:26:22.761] [SEVERE ] removing card from slot 4
[22:26:22.862] [SEVERE ] removing card from slot 5
[22:26:22.969] [SEVERE ] removing card from slot 6
[22:26:23.077] [SEVERE ] removing card from slot 7
[22:26:23.077] [SEVERE ] setting player 1 freeze to 1000
[22:26:23.186] [SEVERE ] removing card from slot 8
[22:26:23.286] [SEVERE ] removing card from slot 9
[22:26:23.397] [SEVERE ] removing card from slot 10
[22:26:23.497] [SEVERE ] removing card from slot 11
[22:26:23.632] [SEVERE ] placing card 30 in slot 0
[22:26:23.745] [SEVERE ] placing card 58 in slot 1
[22:26:23.859] [SEVERE ] placing card 21 in slot 2
[22:26:23.969] [SEVERE ] placing card 43 in slot 3
[22:26:24.078] [SEVERE ] placing card 10 in slot 4
[22:26:24.078] [SEVERE ] setting player 1 freeze to 0
[22:26:24.186] [SEVERE ] placing card 2 in slot 5
[22:26:24.306] [SEVERE ] placing card 79 in slot 6
[22:26:24.410] [SEVERE ] placing card 23 in slot 7
[22:26:24.514] [SEVERE ] placing card 68 in slot 8
[22:26:24.614] [SEVERE ] placing card 3 in slot 9
[22:26:24.715] [SEVERE ] placing card 71 in slot 10
[22:26:24.828] [SEVERE ] placing card 63 in slot 11
[22:26:24.828] [SEVERE ] updating countdown to 2000
[22:26:25.315] [SEVERE ] key 81 was pressed by player 1
[22:26:25.315] [SEVERE ] player 1 placing token on slot 0
[22:26:25.560] [SEVERE ] key 80 was pressed by player 2
[22:26:25.560] [SEVERE ] player 2 placing token on slot 3
[22:26:25.669] [SEVERE ] key 79 was pressed by player 2
[22:26:25.669] [SEVERE ] player 2 placing token on slot 2
[22:26:25.841] [SEVERE ] updating countdown to 1000
[22:26:25.983] [SEVERE ] key 87 was pressed by player 1
[22:26:25.986] [SEVERE ] player 1 placing token on slot 1
[22:26:26.070] [SEVERE ] player 2 placing token on slot 4
[22:26:26.070] [SEVERE ] setting player 2 freeze to 3000
[22:26:26.856] [SEVERE ] updating countdown to 0
[22:26:26.856] [SEVERE ] removing player 1 token from slot 0
[22:26:26.856] [SEVERE ] removing player 1 token from slot 1
[22:26:26.856] [SEVERE ] removing player 2 token from slot 3
[22:26:26.856] [SEVERE ] removing player 2 token from slot 2
[22:26:26.856] [SEVERE ] removing player 2 token from slot 4
[22:26:26.968] [SEVERE ] removing card from slot 0
[22:26:27.023] [SEVERE ] key 79 was pressed by player 2
[22:26:27.080] [SEVERE ] setting player 2 freeze to 2000
[22:26:27.080] [SEVERE ] removing card from slot 1
[22:26:27.183] [SEVERE ] removing card from slot 2
[22:26:27.283] [SEVERE ] key 80 was pressed by player 2
[22:26:27.291] [SEVERE ] removing card from slot 3
[22:26:27.401] [SEVERE ] removing card from slot 4
[22:26:27.519] [SEVERE ] removing card from slot 5
[22:26:27.539] [SEVERE ] key 68 was pressed by player 1
[22:26:27.640] [SEVERE ] removing card from slot 6
[22:26:27.752] [SEVERE ] removing card from slot 7
[22:26:27.860] [SEVERE ] removing card from slot 8
[22:26:27.965] [SEVERE ] removing card from slot 9
[22:26:28.069] [SEVERE ] removing card from slot 10
[22:26:28.093] [SEVERE ] setting player 2 freeze to 1000
[22:26:28.182] [SEVERE ] removing card from slot 11
[22:26:28.182] [SEVERE ] updating countdown to 2000
[22:26:28.285] [SEVERE ] removing card from slot 0
[22:26:28.393] [SEVERE ] removing card from slot 1
[22:26:28.401] [SEVERE ] key 81 was pressed by player 1
[22:26:28.496] [SEVERE ] removing card from slot 2
[22:26:28.598] [SEVERE ] removing card from slot 3
[22:26:28.702] [SEVERE ] removing card from slot 4
[22:26:28.803] [SEVERE ] removing card from slot 5
[22:26:28.857] [SEVERE ] key 81 was pressed by player 1
[22:26:28.918] [SEVERE ] removing card from slot 6
[22:26:29.028] [SEVERE ] removing card from slot 7
[22:26:29.102] [SEVERE ] setting player 2 freeze to 0
[22:26:29.135] [SEVERE ] removing card from slot 8
[22:26:29.235] [SEVERE ] removing card from slot 9
[22:26:29.351] [SEVERE ] removing card from slot 10
[22:26:29.463] [SEVERE ] removing card from slot 11
[22:26:29.465] [SEVERE ] announcing winner(s): player 1, player 2
[22:26:29.472] [INFO   ] thread dealer terminated.
[22:26:29.473] [INFO   ] thread dealer terminated.
[22:26:29.624] [SEVERE ] key 87 was pressed by player 1
[22:26:34.487] [SEVERE ] thanks for playing... it was fun!
[22:26:34.488] [INFO   ] thread main terminated.
[22:26:34.489] [SEVERE ] disposing of user interface elements
