[22:04:50.797] [INFO   ] thread main starting.
[22:04:50.807] [SEVERE ] cannot read configuration file config.properties trying from resources.
[22:04:50.809] [SEVERE ] configuration file was loaded from resources directory.
[22:04:51.567] [INFO   ] thread dealer starting.
[22:04:51.573] [INFO   ] thread player 0 starting.
[22:04:51.581] [INFO   ] thread player 1 starting.
[22:04:51.582] [INFO   ] thread dealer starting.
[22:04:51.583] [INFO   ] thread player 0 starting.
[22:04:51.584] [INFO   ] thread player 1 starting.
[22:04:51.701] [SEVERE ] placing card 48 in slot 0
[22:04:51.810] [SEVERE ] placing card 43 in slot 1
[22:04:51.919] [SEVERE ] placing card 60 in slot 2
[22:04:52.028] [SEVERE ] placing card 66 in slot 3
[22:04:52.138] [SEVERE ] placing card 45 in slot 4
[22:04:52.245] [SEVERE ] placing card 58 in slot 5
[22:04:52.352] [SEVERE ] placing card 32 in slot 6
[22:04:52.462] [SEVERE ] placing card 71 in slot 7
[22:04:52.569] [SEVERE ] placing card 80 in slot 8
[22:04:52.678] [SEVERE ] placing card 5 in slot 9
[22:04:52.787] [SEVERE ] placing card 24 in slot 10
[22:04:53.799] [SEVERE ] updating countdown to 1000
[22:04:54.806] [SEVERE ] updating countdown to 0
[22:04:55.820] [SEVERE ] removing card from slot 0
[22:04:55.821] [SEVERE ] removing card from slot 1
[22:04:55.821] [SEVERE ] removing card from slot 2
[22:04:55.821] [SEVERE ] removing card from slot 3
[22:04:55.832] [SEVERE ] removing card from slot 4
[22:04:55.832] [SEVERE ] removing card from slot 5
[22:04:55.833] [SEVERE ] removing card from slot 6
[22:04:55.833] [SEVERE ] removing card from slot 7
[22:04:55.834] [SEVERE ] removing card from slot 8
[22:04:55.834] [SEVERE ] removing card from slot 9
[22:04:55.835] [SEVERE ] removing card from slot 10
[22:04:55.835] [SEVERE ] removing card from slot 11
[22:04:55.945] [SEVERE ] placing card 53 in slot 0
[22:04:56.054] [SEVERE ] placing card 29 in slot 1
[22:04:56.164] [SEVERE ] placing card 37 in slot 2
[22:04:56.271] [SEVERE ] placing card 41 in slot 3
[22:04:56.380] [SEVERE ] placing card 19 in slot 4
[22:04:56.487] [SEVERE ] placing card 27 in slot 5
[22:04:56.597] [SEVERE ] placing card 23 in slot 6
[22:04:56.706] [SEVERE ] placing card 31 in slot 7
[22:04:56.815] [SEVERE ] placing card 59 in slot 8
[22:04:56.923] [SEVERE ] placing card 56 in slot 9
[22:04:57.031] [SEVERE ] placing card 7 in slot 10
[22:04:57.032] [SEVERE ] updating countdown to 2000
[22:04:58.045] [SEVERE ] updating countdown to 1000
[22:04:59.055] [SEVERE ] updating countdown to 0
[22:05:00.065] [SEVERE ] removing card from slot 0
[22:05:00.065] [SEVERE ] removing card from slot 1
[22:05:00.065] [SEVERE ] removing card from slot 2
[22:05:00.065] [SEVERE ] removing card from slot 3
[22:05:00.066] [SEVERE ] removing card from slot 4
[22:05:00.066] [SEVERE ] removing card from slot 5
[22:05:00.074] [SEVERE ] removing card from slot 6
[22:05:00.075] [SEVERE ] removing card from slot 7
[22:05:00.075] [SEVERE ] removing card from slot 8
[22:05:00.075] [SEVERE ] removing card from slot 9
[22:05:00.076] [SEVERE ] removing card from slot 10
[22:05:00.077] [SEVERE ] removing card from slot 11
[22:05:00.188] [SEVERE ] placing card 36 in slot 0
[22:05:00.298] [SEVERE ] placing card 16 in slot 1
[22:05:00.406] [SEVERE ] placing card 62 in slot 2
[22:05:00.514] [SEVERE ] placing card 78 in slot 3
[22:05:00.624] [SEVERE ] placing card 0 in slot 4
[22:05:00.734] [SEVERE ] placing card 28 in slot 5
[22:05:00.842] [SEVERE ] placing card 22 in slot 6
[22:05:00.951] [SEVERE ] placing card 30 in slot 7
[22:05:01.060] [SEVERE ] placing card 67 in slot 8
[22:05:01.168] [SEVERE ] placing card 2 in slot 9
[22:05:01.278] [SEVERE ] placing card 77 in slot 10
[22:05:01.278] [SEVERE ] updating countdown to 2000
[22:05:02.294] [SEVERE ] updating countdown to 1000
[22:05:03.307] [SEVERE ] updating countdown to 0
[22:05:04.308] [SEVERE ] removing card from slot 0
[22:05:04.309] [SEVERE ] removing card from slot 1
[22:05:04.310] [SEVERE ] removing card from slot 2
[22:05:04.310] [SEVERE ] removing card from slot 3
[22:05:04.319] [SEVERE ] removing card from slot 4
[22:05:04.320] [SEVERE ] removing card from slot 5
[22:05:04.320] [SEVERE ] removing card from slot 6
[22:05:04.320] [SEVERE ] removing card from slot 7
[22:05:04.321] [SEVERE ] removing card from slot 8
[22:05:04.321] [SEVERE ] removing card from slot 9
[22:05:04.321] [SEVERE ] removing card from slot 10
[22:05:04.321] [SEVERE ] removing card from slot 11
[22:05:04.432] [SEVERE ] placing card 33 in slot 0
[22:05:04.542] [SEVERE ] placing card 17 in slot 1
[22:05:04.650] [SEVERE ] placing card 9 in slot 2
[22:05:04.759] [SEVERE ] placing card 49 in slot 3
[22:05:04.868] [SEVERE ] placing card 21 in slot 4
[22:05:04.978] [SEVERE ] placing card 72 in slot 5
[22:05:05.086] [SEVERE ] placing card 1 in slot 6
[22:05:05.196] [SEVERE ] placing card 39 in slot 7
[22:05:05.305] [SEVERE ] placing card 69 in slot 8
[22:05:05.414] [SEVERE ] placing card 63 in slot 9
[22:05:05.523] [SEVERE ] placing card 20 in slot 10
[22:05:05.523] [SEVERE ] updating countdown to 2000
[22:05:06.534] [SEVERE ] updating countdown to 1000
[22:05:07.538] [SEVERE ] updating countdown to 0
[22:05:08.552] [SEVERE ] removing card from slot 0
[22:05:08.552] [SEVERE ] removing card from slot 1
[22:05:08.552] [SEVERE ] removing card from slot 2
[22:05:08.553] [SEVERE ] removing card from slot 3
[22:05:08.553] [SEVERE ] removing card from slot 4
[22:05:08.559] [SEVERE ] removing card from slot 5
[22:05:08.560] [SEVERE ] removing card from slot 6
[22:05:08.560] [SEVERE ] removing card from slot 7
[22:05:08.560] [SEVERE ] removing card from slot 8
[22:05:08.561] [SEVERE ] removing card from slot 9
[22:05:08.561] [SEVERE ] removing card from slot 10
[22:05:08.561] [SEVERE ] removing card from slot 11
[22:05:08.676] [SEVERE ] placing card 74 in slot 0
[22:05:08.785] [SEVERE ] placing card 13 in slot 1
[22:05:08.895] [SEVERE ] placing card 26 in slot 2
[22:05:09.004] [SEVERE ] placing card 52 in slot 3
[22:05:09.114] [SEVERE ] placing card 8 in slot 4
[22:05:09.223] [SEVERE ] placing card 65 in slot 5
[22:05:09.332] [SEVERE ] placing card 79 in slot 6
[22:05:09.442] [SEVERE ] placing card 75 in slot 7
[22:05:09.552] [SEVERE ] placing card 3 in slot 8
[22:05:09.660] [SEVERE ] placing card 70 in slot 9
[22:05:09.768] [SEVERE ] placing card 47 in slot 10
[22:05:09.769] [SEVERE ] updating countdown to 2000
[22:05:10.783] [SEVERE ] updating countdown to 1000
[22:05:11.797] [SEVERE ] updating countdown to 0
[22:05:12.812] [SEVERE ] removing card from slot 0
[22:05:12.812] [SEVERE ] removing card from slot 1
[22:05:12.812] [SEVERE ] removing card from slot 2
[22:05:12.812] [SEVERE ] removing card from slot 3
[22:05:12.814] [SEVERE ] removing card from slot 4
[22:05:12.814] [SEVERE ] removing card from slot 5
[22:05:12.814] [SEVERE ] removing card from slot 6
[22:05:12.814] [SEVERE ] removing card from slot 7
[22:05:12.818] [SEVERE ] removing card from slot 8
[22:05:12.819] [SEVERE ] removing card from slot 9
[22:05:12.819] [SEVERE ] removing card from slot 10
[22:05:12.819] [SEVERE ] removing card from slot 11
[22:05:12.935] [SEVERE ] placing card 12 in slot 0
[22:05:13.043] [SEVERE ] placing card 55 in slot 1
[22:05:13.152] [SEVERE ] placing card 40 in slot 2
[22:05:13.260] [SEVERE ] placing card 10 in slot 3
[22:05:13.370] [SEVERE ] placing card 44 in slot 4
[22:05:13.479] [SEVERE ] placing card 61 in slot 5
[22:05:13.587] [SEVERE ] placing card 15 in slot 6
[22:05:13.697] [SEVERE ] placing card 11 in slot 7
[22:05:13.805] [SEVERE ] placing card 4 in slot 8
[22:05:13.913] [SEVERE ] placing card 64 in slot 9
[22:05:14.023] [SEVERE ] placing card 38 in slot 10
[22:05:14.023] [SEVERE ] updating countdown to 2000
[22:05:15.034] [SEVERE ] updating countdown to 1000
[22:05:16.048] [SEVERE ] updating countdown to 0
[22:05:17.061] [SEVERE ] removing card from slot 0
[22:05:17.061] [SEVERE ] removing card from slot 1
[22:05:17.062] [SEVERE ] removing card from slot 2
[22:05:17.062] [SEVERE ] removing card from slot 3
[22:05:17.062] [SEVERE ] removing card from slot 4
[22:05:17.062] [SEVERE ] removing card from slot 5
[22:05:17.069] [SEVERE ] removing card from slot 6
[22:05:17.069] [SEVERE ] removing card from slot 7
[22:05:17.069] [SEVERE ] removing card from slot 8
[22:05:17.069] [SEVERE ] removing card from slot 9
[22:05:17.070] [SEVERE ] removing card from slot 10
[22:05:17.070] [SEVERE ] removing card from slot 11
[22:05:17.185] [SEVERE ] placing card 6 in slot 0
[22:05:17.295] [SEVERE ] placing card 14 in slot 1
[22:05:17.404] [SEVERE ] placing card 50 in slot 2
[22:05:17.512] [SEVERE ] placing card 18 in slot 3
[22:05:17.623] [SEVERE ] placing card 25 in slot 4
[22:05:17.728] [SEVERE ] placing card 51 in slot 5
[22:05:17.837] [SEVERE ] placing card 42 in slot 6
[22:05:17.947] [SEVERE ] placing card 57 in slot 7
[22:05:18.056] [SEVERE ] placing card 76 in slot 8
[22:05:18.166] [SEVERE ] placing card 73 in slot 9
[22:05:18.277] [SEVERE ] placing card 35 in slot 10
[22:05:18.277] [SEVERE ] updating countdown to 2000
[22:05:19.288] [SEVERE ] updating countdown to 1000
[22:05:20.300] [SEVERE ] updating countdown to 0
[22:05:21.313] [SEVERE ] removing card from slot 0
[22:05:21.313] [SEVERE ] removing card from slot 1
[22:05:21.313] [SEVERE ] removing card from slot 2
[22:05:21.323] [SEVERE ] removing card from slot 3
[22:05:21.324] [SEVERE ] removing card from slot 4
[22:05:21.324] [SEVERE ] removing card from slot 5
[22:05:21.324] [SEVERE ] removing card from slot 6
[22:05:21.324] [SEVERE ] removing card from slot 7
[22:05:21.325] [SEVERE ] removing card from slot 8
[22:05:21.325] [SEVERE ] removing card from slot 9
[22:05:21.325] [SEVERE ] removing card from slot 10
[22:05:21.325] [SEVERE ] removing card from slot 11
[22:05:21.438] [SEVERE ] placing card 46 in slot 0
[22:06:01.197] [SEVERE ] placing card 34 in slot 1
[22:06:03.353] [SEVERE ] placing card 54 in slot 2
[22:06:04.940] [SEVERE ] placing card 68 in slot 3
[22:06:08.866] [SEVERE ] updating countdown to 2000
