[20:42:03.893] [INFO   ] thread main starting.
[20:42:03.914] [SEVERE ] cannot read configuration file config.properties trying from resources.
[20:42:03.916] [SEVERE ] configuration file was loaded from resources directory.
[20:42:04.798] [INFO   ] thread dealer starting.
[20:42:04.802] [INFO   ] thread player 0 starting.
[20:42:04.803] [INFO   ] thread player 1 starting.
[20:42:04.803] [INFO   ] thread dealer starting.
[20:42:04.805] [INFO   ] thread player 0 starting.
[20:42:04.805] [INFO   ] thread player 1 starting.
[20:42:04.925] [SEVERE ] placing card 4 in slot 0
[20:42:05.040] [SEVERE ] placing card 42 in slot 1
[20:42:05.144] [SEVERE ] placing card 29 in slot 2
[20:42:05.261] [SEVERE ] placing card 24 in slot 3
[20:42:05.372] [SEVERE ] placing card 26 in slot 4
[20:42:05.475] [SEVERE ] placing card 36 in slot 5
[20:42:05.577] [SEVERE ] placing card 78 in slot 6
[20:42:05.692] [SEVERE ] placing card 32 in slot 7
[20:42:05.802] [SEVERE ] placing card 52 in slot 8
[20:42:05.912] [SEVERE ] placing card 6 in slot 9
[20:42:06.023] [SEVERE ] placing card 64 in slot 10
[20:42:06.133] [SEVERE ] placing card 67 in slot 11
[20:42:07.135] [SEVERE ] updating countdown to 0
[20:42:08.135] [SEVERE ] removing card from slot 0
[20:42:08.135] [SEVERE ] removing card from slot 1
[20:42:08.135] [SEVERE ] removing card from slot 2
[20:42:08.135] [SEVERE ] removing card from slot 3
[20:42:08.135] [SEVERE ] removing card from slot 4
[20:42:08.135] [SEVERE ] removing card from slot 5
[20:42:08.135] [SEVERE ] removing card from slot 6
[20:42:08.135] [SEVERE ] removing card from slot 7
[20:42:08.135] [SEVERE ] removing card from slot 8
[20:42:08.135] [SEVERE ] removing card from slot 9
[20:42:08.135] [SEVERE ] removing card from slot 10
[20:42:08.135] [SEVERE ] removing card from slot 11
[20:42:08.262] [SEVERE ] placing card 17 in slot 0
[20:42:08.372] [SEVERE ] placing card 14 in slot 1
[20:42:08.482] [SEVERE ] placing card 38 in slot 2
[20:42:08.592] [SEVERE ] placing card 16 in slot 3
[20:42:08.702] [SEVERE ] placing card 48 in slot 4
[20:42:08.812] [SEVERE ] placing card 40 in slot 5
[20:42:08.922] [SEVERE ] placing card 65 in slot 6
[20:42:09.023] [SEVERE ] placing card 62 in slot 7
[20:42:09.126] [SEVERE ] placing card 12 in slot 8
[20:42:09.237] [SEVERE ] placing card 69 in slot 9
[20:42:09.348] [SEVERE ] placing card 66 in slot 10
[20:42:09.458] [SEVERE ] placing card 71 in slot 11
[20:42:09.458] [SEVERE ] updating countdown to 1000
[20:42:10.458] [SEVERE ] updating countdown to 0
[20:42:11.467] [SEVERE ] removing card from slot 0
[20:42:11.467] [SEVERE ] removing card from slot 1
[20:42:11.467] [SEVERE ] removing card from slot 2
[20:42:11.467] [SEVERE ] removing card from slot 3
[20:42:11.467] [SEVERE ] removing card from slot 4
[20:42:11.467] [SEVERE ] removing card from slot 5
[20:42:11.467] [SEVERE ] removing card from slot 6
[20:42:11.467] [SEVERE ] removing card from slot 7
[20:42:11.467] [SEVERE ] removing card from slot 8
[20:42:11.467] [SEVERE ] removing card from slot 9
[20:42:11.467] [SEVERE ] removing card from slot 10
[20:42:11.467] [SEVERE ] removing card from slot 11
[20:42:11.577] [SEVERE ] placing card 47 in slot 0
[20:42:11.687] [SEVERE ] placing card 22 in slot 1
[20:42:11.797] [SEVERE ] placing card 43 in slot 2
[20:42:11.907] [SEVERE ] placing card 51 in slot 3
[20:42:12.018] [SEVERE ] placing card 60 in slot 4
[20:42:12.127] [SEVERE ] placing card 61 in slot 5
[20:42:12.238] [SEVERE ] placing card 57 in slot 6
[20:42:12.349] [SEVERE ] placing card 56 in slot 7
[20:42:12.460] [SEVERE ] placing card 28 in slot 8
[20:42:12.570] [SEVERE ] placing card 46 in slot 9
[20:42:12.681] [SEVERE ] placing card 73 in slot 10
[20:42:12.791] [SEVERE ] placing card 10 in slot 11
[20:42:12.796] [SEVERE ] updating countdown to 1000
[20:42:13.799] [SEVERE ] updating countdown to 0
[20:42:14.802] [SEVERE ] removing card from slot 0
[20:42:14.802] [SEVERE ] removing card from slot 1
[20:42:14.802] [SEVERE ] removing card from slot 2
[20:42:14.802] [SEVERE ] removing card from slot 3
[20:42:14.802] [SEVERE ] removing card from slot 4
[20:42:14.802] [SEVERE ] removing card from slot 5
[20:42:14.802] [SEVERE ] removing card from slot 6
[20:42:14.817] [SEVERE ] removing card from slot 7
[20:42:14.817] [SEVERE ] removing card from slot 8
[20:42:14.817] [SEVERE ] removing card from slot 9
[20:42:14.817] [SEVERE ] removing card from slot 10
[20:42:14.817] [SEVERE ] removing card from slot 11
[20:42:14.929] [SEVERE ] placing card 25 in slot 0
[20:42:15.039] [SEVERE ] placing card 41 in slot 1
[20:42:15.149] [SEVERE ] placing card 20 in slot 2
[20:42:15.259] [SEVERE ] placing card 8 in slot 3
[20:42:15.369] [SEVERE ] placing card 63 in slot 4
[20:42:15.480] [SEVERE ] placing card 35 in slot 5
[20:42:15.590] [SEVERE ] placing card 1 in slot 6
[20:42:15.700] [SEVERE ] placing card 74 in slot 7
[20:42:15.810] [SEVERE ] placing card 76 in slot 8
[20:42:15.921] [SEVERE ] placing card 72 in slot 9
[20:42:16.031] [SEVERE ] placing card 21 in slot 10
[20:42:16.141] [SEVERE ] placing card 37 in slot 11
[20:42:16.146] [SEVERE ] updating countdown to 1000
[20:42:17.152] [SEVERE ] updating countdown to 0
[20:42:18.170] [SEVERE ] removing card from slot 0
[20:42:18.170] [SEVERE ] removing card from slot 1
[20:42:18.170] [SEVERE ] removing card from slot 2
[20:42:18.170] [SEVERE ] removing card from slot 3
[20:42:18.170] [SEVERE ] removing card from slot 4
[20:42:18.170] [SEVERE ] removing card from slot 5
[20:42:18.170] [SEVERE ] removing card from slot 6
[20:42:18.170] [SEVERE ] removing card from slot 7
[20:42:18.170] [SEVERE ] removing card from slot 8
[20:42:18.170] [SEVERE ] removing card from slot 9
[20:42:18.170] [SEVERE ] removing card from slot 10
[20:42:18.185] [SEVERE ] removing card from slot 11
[20:42:18.295] [SEVERE ] placing card 49 in slot 0
[20:42:18.405] [SEVERE ] placing card 58 in slot 1
[20:42:18.515] [SEVERE ] placing card 70 in slot 2
[20:42:18.624] [SEVERE ] placing card 5 in slot 3
[20:42:18.735] [SEVERE ] placing card 3 in slot 4
[20:42:18.846] [SEVERE ] placing card 75 in slot 5
[20:42:18.955] [SEVERE ] placing card 9 in slot 6
[20:42:19.065] [SEVERE ] placing card 53 in slot 7
[20:42:19.175] [SEVERE ] placing card 0 in slot 8
[20:42:19.284] [SEVERE ] placing card 45 in slot 9
[20:42:19.394] [SEVERE ] placing card 18 in slot 10
[20:42:19.505] [SEVERE ] placing card 39 in slot 11
[20:42:19.507] [SEVERE ] updating countdown to 1000
[20:42:20.515] [SEVERE ] updating countdown to 0
[20:42:21.531] [SEVERE ] removing card from slot 0
[20:42:21.531] [SEVERE ] removing card from slot 1
[20:42:21.531] [SEVERE ] removing card from slot 2
[20:42:21.531] [SEVERE ] removing card from slot 3
[20:42:21.531] [SEVERE ] removing card from slot 4
[20:42:21.531] [SEVERE ] removing card from slot 5
[20:42:21.531] [SEVERE ] removing card from slot 6
[20:42:21.531] [SEVERE ] removing card from slot 7
[20:42:21.531] [SEVERE ] removing card from slot 8
[20:42:21.531] [SEVERE ] removing card from slot 9
[20:42:21.531] [SEVERE ] removing card from slot 10
[20:42:21.531] [SEVERE ] removing card from slot 11
[20:42:21.650] [SEVERE ] placing card 50 in slot 0
[20:42:21.761] [SEVERE ] placing card 80 in slot 1
[20:42:21.872] [SEVERE ] placing card 55 in slot 2
[20:42:21.982] [SEVERE ] placing card 19 in slot 3
[20:42:22.092] [SEVERE ] placing card 44 in slot 4
[20:42:22.202] [SEVERE ] placing card 11 in slot 5
[20:42:22.312] [SEVERE ] placing card 13 in slot 6
[20:42:22.422] [SEVERE ] placing card 31 in slot 7
[20:42:22.533] [SEVERE ] placing card 59 in slot 8
[20:42:22.643] [SEVERE ] placing card 77 in slot 9
[20:42:22.754] [SEVERE ] placing card 7 in slot 10
[20:42:22.865] [SEVERE ] placing card 68 in slot 11
[20:42:22.865] [SEVERE ] updating countdown to 1000
[20:42:23.869] [SEVERE ] updating countdown to 0
[20:42:24.878] [SEVERE ] removing card from slot 0
[20:42:24.878] [SEVERE ] removing card from slot 1
[20:42:24.878] [SEVERE ] removing card from slot 2
[20:42:24.878] [SEVERE ] removing card from slot 3
[20:42:24.878] [SEVERE ] removing card from slot 4
[20:42:24.878] [SEVERE ] removing card from slot 5
[20:42:24.878] [SEVERE ] removing card from slot 6
[20:42:24.890] [SEVERE ] removing card from slot 7
[20:42:24.890] [SEVERE ] removing card from slot 8
[20:42:24.890] [SEVERE ] removing card from slot 9
[20:42:24.890] [SEVERE ] removing card from slot 10
[20:42:24.890] [SEVERE ] removing card from slot 11
[20:42:25.004] [SEVERE ] placing card 27 in slot 0
[20:42:25.113] [SEVERE ] placing card 33 in slot 1
[20:42:25.224] [SEVERE ] placing card 2 in slot 2
[20:42:25.334] [SEVERE ] placing card 15 in slot 3
[20:42:25.445] [SEVERE ] placing card 34 in slot 4
[20:42:25.555] [SEVERE ] placing card 30 in slot 5
[20:42:25.665] [SEVERE ] placing card 23 in slot 6
[20:42:25.775] [SEVERE ] placing card 79 in slot 7
[20:42:25.884] [SEVERE ] placing card 54 in slot 8
[20:42:25.892] [SEVERE ] updating countdown to 1000
[20:42:25.894] [SEVERE ] updating countdown to 0
[20:42:25.894] [SEVERE ] removing card from slot 0
[20:42:25.894] [SEVERE ] removing card from slot 1
[20:42:25.894] [SEVERE ] removing card from slot 2
[20:42:25.894] [SEVERE ] removing card from slot 3
[20:42:25.894] [SEVERE ] removing card from slot 4
[20:42:25.894] [SEVERE ] removing card from slot 5
[20:42:25.894] [SEVERE ] removing card from slot 6
[20:42:25.894] [SEVERE ] removing card from slot 7
[20:42:25.894] [SEVERE ] removing card from slot 8
[20:42:25.894] [SEVERE ] removing card from slot 9
[20:42:25.894] [SEVERE ] removing card from slot 10
[20:42:25.894] [SEVERE ] removing card from slot 11
[20:42:25.896] [SEVERE ] announcing winner(s): player 1, player 2
[20:42:25.899] [INFO   ] thread dealer terminated.
[20:42:25.900] [INFO   ] thread dealer terminated.
[20:42:30.907] [SEVERE ] thanks for playing... it was fun!
[20:42:30.907] [INFO   ] thread main terminated.
[20:42:30.908] [SEVERE ] disposing of user interface elements
