[23:06:26.901] [INFO   ] thread main starting.
[23:06:26.916] [SEVERE ] cannot read configuration file config.properties trying from resources.
[23:06:26.916] [SEVERE ] configuration file was loaded from resources directory.
[23:06:27.628] [INFO   ] thread dealer starting.
[23:06:27.632] [INFO   ] thread player 0 starting.
[23:06:27.632] [INFO   ] thread player 1 starting.
[23:06:27.632] [INFO   ] thread player 0 starting.
[23:06:27.636] [INFO   ] thread dealer starting.
[23:06:27.636] [INFO   ] thread player 1 starting.
[23:06:27.636] [INFO   ] thread computer-1 starting.
[23:06:27.759] [SEVERE ] placing card 11 in slot 0
[23:06:27.873] [SEVERE ] placing card 52 in slot 1
[23:06:27.976] [SEVERE ] placing card 75 in slot 2
[23:06:28.079] [SEVERE ] placing card 72 in slot 3
[23:06:28.179] [SEVERE ] placing card 48 in slot 4
[23:06:28.295] [SEVERE ] placing card 12 in slot 5
[23:06:28.406] [SEVERE ] placing card 25 in slot 6
[23:06:28.511] [SEVERE ] placing card 21 in slot 7
[23:06:28.623] [SEVERE ] placing card 38 in slot 8
[23:06:28.735] [SEVERE ] placing card 10 in slot 9
[23:06:28.844] [SEVERE ] placing card 39 in slot 10
[23:06:28.954] [SEVERE ] placing card 14 in slot 11
[23:06:29.981] [SEVERE ] updating countdown to 59000
[23:06:30.989] [SEVERE ] updating countdown to 58000
[23:06:32.004] [SEVERE ] updating countdown to 57000
[23:06:33.016] [SEVERE ] updating countdown to 56000
[23:06:34.033] [SEVERE ] updating countdown to 55000
[23:06:34.045] [SEVERE ] key 69 was pressed by player 1
[23:06:34.050] [SEVERE ] player 1 placing token on slot 2
[23:06:35.047] [SEVERE ] updating countdown to 54000
[23:06:36.054] [SEVERE ] updating countdown to 53000
[23:06:36.290] [SEVERE ] key 65 was pressed by player 1
[23:06:36.294] [SEVERE ] player 1 placing token on slot 4
[23:06:37.064] [SEVERE ] updating countdown to 52000
[23:06:38.071] [SEVERE ] updating countdown to 51000
[23:06:38.659] [SEVERE ] key 70 was pressed by player 1
[23:06:38.659] [SEVERE ] player 1 placing token on slot 7
[23:06:39.080] [SEVERE ] updating countdown to 50000
[23:06:39.080] [SEVERE ] removing player 1 token from slot 2
[23:06:39.186] [SEVERE ] removing card from slot 2
[23:06:39.186] [SEVERE ] removing player 1 token from slot 4
[23:06:39.286] [SEVERE ] removing card from slot 4
[23:06:39.286] [SEVERE ] removing player 1 token from slot 7
[23:06:39.387] [SEVERE ] removing card from slot 7
[23:06:39.521] [SEVERE ] placing card 24 in slot 2
[23:06:39.633] [SEVERE ] placing card 68 in slot 4
[23:06:39.633] [SEVERE ] key 70 was pressed by player 1
[23:06:39.743] [SEVERE ] placing card 36 in slot 7
[23:06:40.103] [SEVERE ] key 70 was pressed by player 1
[23:06:40.690] [SEVERE ] key 70 was pressed by player 1
[23:06:40.753] [SEVERE ] updating countdown to 49000
[23:06:41.763] [SEVERE ] updating countdown to 48000
[23:06:42.771] [SEVERE ] updating countdown to 47000
[23:06:43.039] [SEVERE ] key 80 was pressed by player 2
[23:06:43.039] [SEVERE ] player 2 placing token on slot 3
[23:06:43.191] [SEVERE ] key 79 was pressed by player 2
[23:06:43.191] [SEVERE ] player 2 placing token on slot 2
[23:06:43.550] [SEVERE ] player 2 placing token on slot 1
[23:06:43.551] [SEVERE ] setting player 2 freeze to 3000
[23:06:43.774] [SEVERE ] updating countdown to 46000
[23:06:44.561] [SEVERE ] setting player 2 freeze to 2000
[23:06:44.781] [SEVERE ] updating countdown to 45000
[23:06:45.567] [SEVERE ] setting player 2 freeze to 1000
[23:06:45.787] [SEVERE ] updating countdown to 44000
[23:06:46.570] [SEVERE ] setting player 2 freeze to 0
[23:06:46.794] [SEVERE ] updating countdown to 43000
[23:06:47.070] [SEVERE ] removing player 2 token from slot 3
