[22:51:17.698] [INFO   ] thread main starting.
[22:51:17.704] [SEVERE ] cannot read configuration file config.properties trying from resources.
[22:51:17.716] [SEVERE ] configuration file was loaded from resources directory.
[22:51:18.569] [INFO   ] thread dealer starting.
[22:51:18.570] [INFO   ] thread player 0 starting.
[22:51:18.570] [INFO   ] thread player 1 starting.
[22:51:18.570] [INFO   ] thread player 0 starting.
[22:51:18.570] [INFO   ] thread dealer starting.
[22:51:18.580] [INFO   ] thread player 1 starting.
[22:51:18.585] [INFO   ] thread computer-1 starting.
[22:51:18.702] [SEVERE ] placing card 9 in slot 0
[22:51:18.813] [SEVERE ] placing card 71 in slot 1
[22:51:18.924] [SEVERE ] placing card 40 in slot 2
[22:51:19.035] [SEVERE ] placing card 41 in slot 3
[22:51:19.145] [SEVERE ] placing card 30 in slot 4
[22:51:19.255] [SEVERE ] placing card 67 in slot 5
[22:51:19.365] [SEVERE ] placing card 73 in slot 6
[22:51:19.476] [SEVERE ] placing card 12 in slot 7
[22:51:19.586] [SEVERE ] placing card 10 in slot 8
[22:51:19.696] [SEVERE ] placing card 52 in slot 9
[22:51:19.806] [SEVERE ] placing card 26 in slot 10
[22:51:19.917] [SEVERE ] placing card 79 in slot 11
[22:51:20.922] [SEVERE ] updating countdown to 59000
[22:51:21.133] [SEVERE ] player 2 placing token on slot 0
[22:51:21.648] [SEVERE ] player 2 placing token on slot 1
[22:51:21.944] [SEVERE ] updating countdown to 58000
[22:51:22.160] [SEVERE ] player 2 placing token on slot 11
[22:51:22.160] [SEVERE ] setting player 2 freeze to 3000
[22:51:22.948] [SEVERE ] updating countdown to 57000
[22:51:23.165] [SEVERE ] setting player 2 freeze to 2000
[22:51:23.955] [SEVERE ] updating countdown to 56000
[22:51:24.176] [SEVERE ] setting player 2 freeze to 1000
[22:51:24.355] [SEVERE ] key 81 was pressed by player 1
[22:51:24.371] [SEVERE ] player 1 placing token on slot 0
[22:51:24.959] [SEVERE ] updating countdown to 55000
[22:51:25.097] [SEVERE ] key 87 was pressed by player 1
[22:51:25.097] [SEVERE ] player 1 placing token on slot 1
[22:51:25.180] [SEVERE ] setting player 2 freeze to 0
[22:51:25.726] [SEVERE ] key 69 was pressed by player 1
[22:51:25.726] [SEVERE ] player 1 placing token on slot 2
[22:51:25.726] [SEVERE ] setting player 1 score to 1
[22:51:25.736] [SEVERE ] setting player 1 freeze to 1000
[22:51:26.188] [SEVERE ] removing player 2 token from slot 11
[22:51:26.597] [SEVERE ] key 69 was pressed by player 1
[22:51:26.597] [SEVERE ] removing player 1 token from slot 2
[22:51:26.692] [SEVERE ] removing player 2 token from slot 0
[22:51:26.739] [SEVERE ] setting player 1 freeze to 0
[22:51:26.740] [SEVERE ] updating countdown to 54000
[22:51:26.964] [SEVERE ] key 69 was pressed by player 1
[22:51:26.967] [SEVERE ] player 1 placing token on slot 2
[22:51:26.967] [SEVERE ] setting player 1 score to 2
[22:51:26.970] [SEVERE ] setting player 1 freeze to 1000
[22:51:27.197] [SEVERE ] player 2 placing token on slot 0
[22:51:27.708] [SEVERE ] player 2 placing token on slot 4
[22:51:27.709] [SEVERE ] setting player 2 freeze to 3000
[22:51:27.979] [SEVERE ] setting player 1 freeze to 0
[22:51:27.979] [SEVERE ] removing player 1 token from slot 0
[22:51:27.979] [SEVERE ] removing player 2 token from slot 0
[22:51:28.096] [SEVERE ] removing card from slot 0
[22:51:28.096] [SEVERE ] removing player 1 token from slot 1
[22:51:28.096] [SEVERE ] removing player 2 token from slot 1
[22:51:28.211] [SEVERE ] removing card from slot 1
[22:51:28.211] [SEVERE ] removing player 1 token from slot 2
[22:51:28.311] [SEVERE ] removing card from slot 2
[22:51:28.415] [SEVERE ] placing card 5 in slot 0
[22:51:28.478] [SEVERE ] key 69 was pressed by player 1
[22:51:28.525] [SEVERE ] placing card 37 in slot 1
[22:51:28.635] [SEVERE ] placing card 53 in slot 2
[22:51:28.635] [SEVERE ] updating countdown to 53000
[22:51:28.698] [SEVERE ] key 69 was pressed by player 1
[22:51:28.698] [SEVERE ] player 1 placing token on slot 2
[22:51:28.712] [SEVERE ] setting player 2 freeze to 2000
[22:51:28.896] [SEVERE ] key 69 was pressed by player 1
[22:51:28.896] [SEVERE ] removing player 1 token from slot 2
[22:51:29.243] [SEVERE ] key 69 was pressed by player 1
[22:51:29.243] [SEVERE ] player 1 placing token on slot 2
[22:51:29.638] [SEVERE ] updating countdown to 52000
[22:51:29.720] [SEVERE ] setting player 2 freeze to 1000
[22:51:29.990] [SEVERE ] key 87 was pressed by player 1
[22:51:29.990] [SEVERE ] player 1 placing token on slot 1
[22:51:30.342] [SEVERE ] key 81 was pressed by player 1
[22:51:30.358] [SEVERE ] player 1 placing token on slot 0
[22:51:30.358] [SEVERE ] setting player 1 freeze to 3000
[22:51:30.639] [SEVERE ] updating countdown to 51000
[22:51:30.729] [SEVERE ] setting player 2 freeze to 0
[22:51:31.241] [SEVERE ] player 2 placing token on slot 0
[22:51:31.361] [SEVERE ] setting player 1 freeze to 2000
[22:51:31.653] [SEVERE ] updating countdown to 50000
[22:51:31.757] [SEVERE ] player 2 placing token on slot 6
[22:51:31.757] [SEVERE ] setting player 2 freeze to 3000
[22:51:32.276] [SEVERE ] key 81 was pressed by player 1
[22:51:32.370] [SEVERE ] setting player 1 freeze to 1000
[22:51:32.655] [SEVERE ] updating countdown to 49000
[22:51:32.770] [SEVERE ] setting player 2 freeze to 2000
[22:51:33.386] [SEVERE ] setting player 1 freeze to 0
[22:51:33.655] [SEVERE ] updating countdown to 48000
[22:51:33.780] [SEVERE ] setting player 2 freeze to 1000
[22:51:34.658] [SEVERE ] updating countdown to 47000
[22:51:34.785] [SEVERE ] setting player 2 freeze to 0
