[23:24:39.295] [INFO   ] thread main starting.
[23:24:39.310] [SEVERE ] cannot read configuration file config.properties trying from resources.
[23:24:39.326] [SEVERE ] configuration file was loaded from resources directory.
[23:24:40.218] [INFO   ] thread dealer starting.
[23:24:40.218] [INFO   ] thread player 0 starting.
[23:24:40.219] [INFO   ] thread player 1 starting.
[23:24:40.220] [INFO   ] thread dealer starting.
[23:24:40.239] [INFO   ] thread player 0 starting.
[23:24:40.239] [INFO   ] thread player 1 starting.
[23:24:40.383] [SEVERE ] placing card 26 in slot 0
[23:24:40.487] [SEVERE ] placing card 66 in slot 1
[23:24:40.590] [SEVERE ] placing card 15 in slot 2
[23:24:40.703] [SEVERE ] placing card 29 in slot 3
[23:24:40.793] [SEVERE ] key 81 was pressed by player 1
[23:24:40.805] [SEVERE ] placing card 72 in slot 4
[23:24:40.918] [SEVERE ] placing card 78 in slot 5
[23:24:40.972] [SEVERE ] key 81 was pressed by player 1
[23:24:41.020] [SEVERE ] placing card 41 in slot 6
[23:24:41.121] [SEVERE ] placing card 4 in slot 7
[23:24:41.138] [SEVERE ] key 81 was pressed by player 1
[23:24:41.237] [SEVERE ] placing card 74 in slot 8
[23:24:41.342] [SEVERE ] placing card 70 in slot 9
[23:24:41.448] [SEVERE ] placing card 77 in slot 10
[23:24:41.554] [SEVERE ] placing card 55 in slot 11
[23:24:42.558] [SEVERE ] updating countdown to 4000
[23:24:42.558] [SEVERE ] player 1 placing token on slot 0
[23:24:42.558] [SEVERE ] removing player 1 token from slot 0
[23:24:43.559] [SEVERE ] updating countdown to 3000
[23:24:43.637] [SEVERE ] key 81 was pressed by player 1
[23:24:43.637] [SEVERE ] player 1 placing token on slot 0
[23:24:43.935] [SEVERE ] key 87 was pressed by player 1
[23:24:43.935] [SEVERE ] player 1 placing token on slot 1
[23:24:44.173] [SEVERE ] key 65 was pressed by player 1
[23:24:44.173] [SEVERE ] player 1 placing token on slot 4
[23:24:44.173] [SEVERE ] setting player 1 freeze to 3000
[23:24:44.563] [SEVERE ] updating countdown to 2000
[23:24:45.177] [SEVERE ] setting player 1 freeze to 2000
[23:24:45.574] [SEVERE ] updating countdown to 1000
[23:24:46.186] [SEVERE ] setting player 1 freeze to 1000
[23:24:46.580] [SEVERE ] updating countdown to 0
[23:24:46.580] [SEVERE ] removing player 1 token from slot 0
[23:24:46.580] [SEVERE ] removing player 1 token from slot 1
[23:24:46.580] [SEVERE ] removing player 1 token from slot 4
[23:24:46.690] [SEVERE ] removing card from slot 0
[23:24:46.800] [SEVERE ] removing card from slot 1
[23:24:46.910] [SEVERE ] removing card from slot 2
[23:24:47.020] [SEVERE ] removing card from slot 3
[23:24:47.131] [SEVERE ] removing card from slot 4
[23:24:47.194] [SEVERE ] setting player 1 freeze to 0
[23:24:47.241] [SEVERE ] removing card from slot 5
[23:24:47.241] [SEVERE ] key 81 was pressed by player 1
[23:24:47.351] [SEVERE ] removing card from slot 6
[23:24:47.414] [SEVERE ] key 81 was pressed by player 1
[23:24:47.461] [SEVERE ] removing card from slot 7
[23:24:47.571] [SEVERE ] removing card from slot 8
[23:24:47.586] [SEVERE ] key 81 was pressed by player 1
[23:24:47.682] [SEVERE ] removing card from slot 9
[23:24:47.729] [SEVERE ] key 81 was pressed by player 1
[23:24:47.792] [SEVERE ] removing card from slot 10
[23:24:47.903] [SEVERE ] removing card from slot 11
[23:24:47.903] [SEVERE ] updating countdown to 5000
[23:24:47.905] [SEVERE ] key 81 was pressed by player 1
[23:24:48.004] [SEVERE ] removing card from slot 0
[23:24:48.107] [SEVERE ] removing card from slot 1
[23:24:48.218] [SEVERE ] removing card from slot 2
[23:24:48.328] [SEVERE ] removing card from slot 3
[23:24:48.438] [SEVERE ] removing card from slot 4
[23:24:48.548] [SEVERE ] removing card from slot 5
[23:24:48.659] [SEVERE ] removing card from slot 6
[23:24:48.769] [SEVERE ] removing card from slot 7
[23:24:48.879] [SEVERE ] removing card from slot 8
[23:24:48.989] [SEVERE ] removing card from slot 9
[23:24:49.098] [SEVERE ] removing card from slot 10
[23:24:49.209] [SEVERE ] removing card from slot 11
[23:24:49.209] [SEVERE ] announcing winner(s): player 1, player 2
[23:24:49.209] [INFO   ] thread dealer terminated.
[23:24:49.209] [INFO   ] thread dealer terminated.
[23:24:54.220] [SEVERE ] thanks for playing... it was fun!
[23:24:54.221] [INFO   ] thread main terminated.
[23:24:54.223] [SEVERE ] disposing of user interface elements
