[22:11:04.559] [INFO   ] thread main starting.
[22:11:04.570] [SEVERE ] cannot read configuration file config.properties trying from resources.
[22:11:04.574] [SEVERE ] configuration file was loaded from resources directory.
[22:11:05.293] [INFO   ] thread dealer starting.
[22:11:05.295] [INFO   ] thread player 0 starting.
[22:11:05.296] [INFO   ] thread player 1 starting.
[22:11:05.296] [INFO   ] thread player 0 starting.
[22:11:05.296] [INFO   ] thread player 1 starting.
[22:11:05.296] [INFO   ] thread dealer starting.
[22:11:05.298] [INFO   ] thread computer-1 starting.
[22:11:05.419] [SEVERE ] placing card 18 in slot 0
[22:11:05.528] [SEVERE ] placing card 80 in slot 1
[22:11:05.639] [SEVERE ] placing card 20 in slot 2
[22:11:05.748] [SEVERE ] placing card 60 in slot 3
[22:11:05.859] [SEVERE ] placing card 23 in slot 4
[22:11:05.966] [SEVERE ] placing card 21 in slot 5
[22:11:06.075] [SEVERE ] placing card 63 in slot 6
[22:11:06.184] [SEVERE ] placing card 34 in slot 7
[22:11:06.293] [SEVERE ] placing card 69 in slot 8
[22:11:06.403] [SEVERE ] placing card 30 in slot 9
[22:11:06.512] [SEVERE ] placing card 78 in slot 10
[22:11:07.523] [SEVERE ] updating countdown to 59000
[22:11:07.854] [SEVERE ] player 2 placing token on slot 2
[22:11:08.368] [SEVERE ] player 2 placing token on slot 10
[22:11:08.540] [SEVERE ] updating countdown to 58000
[22:11:08.884] [SEVERE ] player 2 placing token on slot 6
[22:11:08.885] [SEVERE ] setting player 2 freeze to 3000
[22:11:09.555] [SEVERE ] updating countdown to 57000
[22:11:09.886] [SEVERE ] setting player 2 freeze to 2000
