[23:23:12.301] [INFO   ] thread main starting.
[23:23:12.317] [SEVERE ] cannot read configuration file config.properties trying from resources.
[23:23:12.317] [SEVERE ] configuration file was loaded from resources directory.
[23:23:13.051] [INFO   ] thread dealer starting.
[23:23:13.051] [INFO   ] thread player 0 starting.
[23:23:13.055] [INFO   ] thread player 1 starting.
[23:23:13.056] [INFO   ] thread dealer starting.
[23:23:13.083] [INFO   ] thread player 0 starting.
[23:23:13.083] [INFO   ] thread player 1 starting.
[23:23:13.196] [SEVERE ] placing card 29 in slot 0
[23:23:13.300] [SEVERE ] placing card 16 in slot 1
[23:23:13.412] [SEVERE ] placing card 78 in slot 2
[23:23:13.515] [SEVERE ] placing card 27 in slot 3
[23:23:13.616] [SEVERE ] placing card 42 in slot 4
[23:23:13.729] [SEVERE ] placing card 77 in slot 5
[23:23:13.830] [SEVERE ] placing card 23 in slot 6
[23:23:13.933] [SEVERE ] placing card 52 in slot 7
[23:23:14.043] [SEVERE ] placing card 72 in slot 8
[23:23:14.153] [SEVERE ] placing card 55 in slot 9
[23:23:14.263] [SEVERE ] placing card 36 in slot 10
[23:23:14.373] [SEVERE ] placing card 22 in slot 11
[23:23:19.395] [SEVERE ] updating countdown to 1000
