[21:52:18.531] [INFO   ] thread main starting.
[21:52:18.540] [SEVERE ] cannot read configuration file config.properties trying from resources.
[21:52:18.540] [SEVERE ] configuration file was loaded from resources directory.
[21:52:19.320] [INFO   ] thread dealer starting.
[21:52:19.331] [INFO   ] thread player 0 starting.
[21:52:19.335] [INFO   ] thread player 1 starting.
[21:52:19.336] [INFO   ] thread player 0 starting.
[21:52:19.337] [INFO   ] thread dealer starting.
[21:52:19.337] [INFO   ] thread player 1 starting.
[21:52:19.448] [SEVERE ] placing card 11 in slot 0
[21:52:19.552] [SEVERE ] placing card 73 in slot 1
[21:52:19.655] [SEVERE ] placing card 24 in slot 2
[21:52:19.766] [SEVERE ] placing card 35 in slot 3
[21:52:19.871] [SEVERE ] placing card 21 in slot 4
[21:52:19.982] [SEVERE ] placing card 59 in slot 5
[21:52:20.086] [SEVERE ] placing card 4 in slot 6
[21:52:20.189] [SEVERE ] placing card 68 in slot 7
[21:52:20.300] [SEVERE ] placing card 78 in slot 8
[21:52:20.410] [SEVERE ] placing card 12 in slot 9
[21:52:20.521] [SEVERE ] placing card 23 in slot 10
[21:52:20.633] [SEVERE ] placing card 48 in slot 11
[21:52:21.636] [SEVERE ] updating countdown to 0
[21:52:22.644] [SEVERE ] removing card from slot 0
[21:52:22.645] [SEVERE ] removing card from slot 1
[21:52:22.645] [SEVERE ] removing card from slot 2
[21:52:22.645] [SEVERE ] removing card from slot 3
[21:52:22.648] [SEVERE ] removing card from slot 4
[21:52:22.656] [SEVERE ] removing card from slot 5
[21:52:22.656] [SEVERE ] removing card from slot 6
[21:52:22.656] [SEVERE ] removing card from slot 7
[21:52:22.657] [SEVERE ] removing card from slot 8
[21:52:22.657] [SEVERE ] removing card from slot 9
[21:52:22.657] [SEVERE ] removing card from slot 10
[21:52:22.657] [SEVERE ] removing card from slot 11
[21:52:22.771] [SEVERE ] placing card 37 in slot 0
[21:52:22.883] [SEVERE ] placing card 51 in slot 1
[21:52:22.995] [SEVERE ] placing card 70 in slot 2
[21:52:23.106] [SEVERE ] placing card 25 in slot 3
[21:52:23.218] [SEVERE ] placing card 1 in slot 4
[21:52:23.329] [SEVERE ] placing card 43 in slot 5
[21:52:23.440] [SEVERE ] placing card 26 in slot 6
[21:52:23.551] [SEVERE ] placing card 65 in slot 7
[21:52:23.661] [SEVERE ] placing card 49 in slot 8
[21:52:23.772] [SEVERE ] placing card 57 in slot 9
[21:52:23.884] [SEVERE ] placing card 31 in slot 10
[21:52:23.995] [SEVERE ] placing card 22 in slot 11
[21:52:23.997] [SEVERE ] updating countdown to 1000
[21:52:25.013] [SEVERE ] updating countdown to 0
[21:52:26.024] [SEVERE ] removing card from slot 0
[21:52:26.024] [SEVERE ] removing card from slot 1
[21:52:26.024] [SEVERE ] removing card from slot 2
[21:52:26.024] [SEVERE ] removing card from slot 3
[21:52:26.029] [SEVERE ] removing card from slot 4
[21:52:26.029] [SEVERE ] removing card from slot 5
[21:52:26.029] [SEVERE ] removing card from slot 6
[21:52:26.029] [SEVERE ] removing card from slot 7
[21:52:26.029] [SEVERE ] removing card from slot 8
[21:52:26.029] [SEVERE ] removing card from slot 9
[21:52:26.029] [SEVERE ] removing card from slot 10
[21:52:26.029] [SEVERE ] removing card from slot 11
[21:52:26.136] [SEVERE ] placing card 69 in slot 0
[21:52:26.247] [SEVERE ] placing card 50 in slot 1
[21:52:26.359] [SEVERE ] placing card 42 in slot 2
[21:52:26.470] [SEVERE ] placing card 47 in slot 3
[21:52:26.582] [SEVERE ] placing card 79 in slot 4
[21:52:26.694] [SEVERE ] placing card 6 in slot 5
[21:52:26.806] [SEVERE ] placing card 61 in slot 6
[21:52:26.918] [SEVERE ] placing card 27 in slot 7
[21:52:27.031] [SEVERE ] placing card 28 in slot 8
[21:52:27.142] [SEVERE ] placing card 9 in slot 9
[21:52:27.253] [SEVERE ] placing card 0 in slot 10
[21:52:27.364] [SEVERE ] placing card 5 in slot 11
[21:52:27.364] [SEVERE ] updating countdown to 1000
[21:52:28.376] [SEVERE ] updating countdown to 0
[21:52:29.390] [SEVERE ] removing card from slot 0
[21:52:29.390] [SEVERE ] removing card from slot 1
[21:52:29.390] [SEVERE ] removing card from slot 2
[21:52:29.399] [SEVERE ] removing card from slot 3
[21:52:29.399] [SEVERE ] removing card from slot 4
[21:52:29.399] [SEVERE ] removing card from slot 5
[21:52:29.399] [SEVERE ] removing card from slot 6
[21:52:29.399] [SEVERE ] removing card from slot 7
[21:52:29.399] [SEVERE ] removing card from slot 8
[21:52:29.399] [SEVERE ] removing card from slot 9
[21:52:29.399] [SEVERE ] removing card from slot 10
[21:52:29.399] [SEVERE ] removing card from slot 11
[21:52:29.517] [SEVERE ] placing card 33 in slot 0
[21:52:29.628] [SEVERE ] placing card 7 in slot 1
[21:52:29.740] [SEVERE ] placing card 77 in slot 2
[21:52:29.852] [SEVERE ] placing card 58 in slot 3
[21:52:29.963] [SEVERE ] placing card 16 in slot 4
[21:52:30.074] [SEVERE ] placing card 19 in slot 5
[21:52:30.185] [SEVERE ] placing card 63 in slot 6
[21:52:30.296] [SEVERE ] placing card 38 in slot 7
[21:52:30.408] [SEVERE ] placing card 44 in slot 8
[21:52:30.519] [SEVERE ] placing card 34 in slot 9
[21:52:30.630] [SEVERE ] placing card 80 in slot 10
[21:52:30.742] [SEVERE ] placing card 32 in slot 11
[21:52:30.742] [SEVERE ] updating countdown to 1000
[21:52:31.752] [SEVERE ] updating countdown to 0
[21:52:32.768] [SEVERE ] removing card from slot 0
[21:52:32.768] [SEVERE ] removing card from slot 1
[21:52:32.768] [SEVERE ] removing card from slot 2
[21:52:32.768] [SEVERE ] removing card from slot 3
[21:52:32.768] [SEVERE ] removing card from slot 4
[21:52:32.768] [SEVERE ] removing card from slot 5
[21:52:32.768] [SEVERE ] removing card from slot 6
[21:52:32.768] [SEVERE ] removing card from slot 7
[21:52:32.768] [SEVERE ] removing card from slot 8
[21:52:32.768] [SEVERE ] removing card from slot 9
[21:52:32.768] [SEVERE ] removing card from slot 10
[21:52:32.768] [SEVERE ] removing card from slot 11
[21:52:57.558] [INFO   ] thread dealer terminated.
[21:53:02.566] [SEVERE ] thanks for playing... it was fun!
[21:53:02.567] [INFO   ] thread main terminated.
[21:53:02.567] [SEVERE ] disposing of user interface elements
