[23:19:42.509] [INFO   ] thread main starting.
[23:19:42.517] [SEVERE ] cannot read configuration file config.properties trying from resources.
[23:19:42.517] [SEVERE ] configuration file was loaded from resources directory.
[23:19:43.266] [INFO   ] thread dealer starting.
[23:19:43.270] [INFO   ] thread player 0 starting.
[23:19:43.276] [INFO   ] thread player 1 starting.
[23:19:43.277] [INFO   ] thread dealer starting.
[23:19:43.277] [INFO   ] thread player 0 starting.
[23:19:43.294] [INFO   ] thread player 1 starting.
[23:19:43.304] [INFO   ] thread computer-1 starting.
[23:19:43.407] [SEVERE ] placing card 72 in slot 0
[23:19:43.512] [SEVERE ] placing card 19 in slot 1
[23:19:43.622] [SEVERE ] placing card 27 in slot 2
[23:19:43.737] [SEVERE ] placing card 77 in slot 3
[23:19:43.841] [SEVERE ] placing card 17 in slot 4
[23:19:43.942] [SEVERE ] placing card 69 in slot 5
[23:19:44.058] [SEVERE ] placing card 37 in slot 6
[23:19:44.159] [SEVERE ] placing card 12 in slot 7
[23:19:44.270] [SEVERE ] placing card 31 in slot 8
[23:19:44.378] [SEVERE ] placing card 1 in slot 9
[23:19:44.483] [SEVERE ] placing card 43 in slot 10
[23:19:44.593] [SEVERE ] placing card 32 in slot 11
[23:19:49.610] [SEVERE ] updating countdown to 1000
[23:19:49.890] [SEVERE ] player 2 placing token on slot 0
[23:19:50.397] [SEVERE ] player 2 placing token on slot 8
[23:19:50.913] [SEVERE ] removing player 2 token from slot 0
[23:19:51.417] [SEVERE ] player 2 placing token on slot 6
[23:19:51.925] [SEVERE ] player 2 placing token on slot 2
[23:19:51.925] [SEVERE ] setting player 2 freeze to 3000
[23:19:52.943] [SEVERE ] setting player 2 freeze to 2000
[23:19:53.954] [SEVERE ] setting player 2 freeze to 1000
