[22:33:55.666] [INFO   ] thread main starting.
[22:33:55.677] [SEVERE ] cannot read configuration file config.properties trying from resources.
[22:33:55.677] [SEVERE ] configuration file was loaded from resources directory.
[22:33:56.361] [INFO   ] thread dealer starting.
[22:33:56.361] [INFO   ] thread player 0 starting.
[22:33:56.361] [INFO   ] thread player 1 starting.
[22:33:56.368] [INFO   ] thread dealer starting.
[22:33:56.374] [INFO   ] thread player 1 starting.
[22:33:56.374] [INFO   ] thread player 0 starting.
[22:33:56.377] [INFO   ] thread computer-1 starting.
[22:33:56.485] [SEVERE ] placing card 18 in slot 0
[22:33:56.594] [SEVERE ] placing card 17 in slot 1
[22:33:56.701] [SEVERE ] placing card 20 in slot 2
[22:33:56.807] [SEVERE ] placing card 47 in slot 3
[22:33:56.910] [SEVERE ] placing card 24 in slot 4
[22:33:57.011] [SEVERE ] placing card 65 in slot 5
[22:33:57.123] [SEVERE ] placing card 73 in slot 6
[22:33:57.225] [SEVERE ] placing card 66 in slot 7
[22:33:57.337] [SEVERE ] placing card 49 in slot 8
[22:33:57.447] [SEVERE ] placing card 68 in slot 9
[22:33:57.557] [SEVERE ] placing card 75 in slot 10
[22:33:57.667] [SEVERE ] placing card 48 in slot 11
[22:33:58.680] [SEVERE ] updating countdown to 1000
[22:33:58.930] [SEVERE ] player 2 placing token on slot 9
[22:33:59.436] [SEVERE ] player 2 placing token on slot 8
[22:33:59.688] [SEVERE ] updating countdown to 0
[22:33:59.941] [SEVERE ] player 2 placing token on slot 6
[22:33:59.941] [SEVERE ] setting player 2 freeze to 3000
[22:34:00.696] [SEVERE ] removing player 2 token from slot 9
[22:34:00.696] [SEVERE ] removing player 2 token from slot 8
[22:34:00.696] [SEVERE ] removing player 2 token from slot 6
[22:34:00.807] [SEVERE ] removing card from slot 0
[22:34:00.917] [SEVERE ] removing card from slot 1
[22:34:00.948] [SEVERE ] setting player 2 freeze to 2000
[22:34:01.027] [SEVERE ] removing card from slot 2
[22:34:01.137] [SEVERE ] removing card from slot 3
[22:34:01.247] [SEVERE ] removing card from slot 4
[22:34:01.358] [SEVERE ] removing card from slot 5
[22:34:01.469] [SEVERE ] removing card from slot 6
[22:34:01.580] [SEVERE ] removing card from slot 7
[22:34:01.690] [SEVERE ] removing card from slot 8
[22:34:01.800] [SEVERE ] removing card from slot 9
[22:34:01.910] [SEVERE ] removing card from slot 10
[22:34:01.957] [SEVERE ] setting player 2 freeze to 1000
[22:34:02.020] [SEVERE ] removing card from slot 11
[22:34:02.131] [SEVERE ] placing card 74 in slot 0
[22:34:02.242] [SEVERE ] placing card 52 in slot 1
[22:34:02.353] [SEVERE ] placing card 27 in slot 2
[22:34:02.464] [SEVERE ] placing card 13 in slot 3
[22:34:02.575] [SEVERE ] placing card 60 in slot 4
[22:34:02.686] [SEVERE ] placing card 76 in slot 5
[22:34:02.795] [SEVERE ] placing card 45 in slot 6
[22:34:02.906] [SEVERE ] placing card 54 in slot 7
[22:34:02.969] [SEVERE ] setting player 2 freeze to 0
[22:34:03.015] [SEVERE ] placing card 29 in slot 8
[22:34:03.125] [SEVERE ] placing card 23 in slot 9
[22:34:03.236] [SEVERE ] placing card 10 in slot 10
[22:34:03.346] [SEVERE ] placing card 5 in slot 11
[22:34:03.346] [SEVERE ] updating countdown to 2000
[22:34:03.473] [SEVERE ] player 2 placing token on slot 0
[22:34:03.978] [SEVERE ] removing player 2 token from slot 0
[22:34:04.355] [SEVERE ] updating countdown to 1000
[22:34:04.483] [SEVERE ] player 2 placing token on slot 10
[22:34:04.989] [SEVERE ] player 2 placing token on slot 4
[22:34:05.360] [SEVERE ] updating countdown to 0
[22:34:05.495] [SEVERE ] player 2 placing token on slot 5
[22:34:05.496] [SEVERE ] setting player 2 freeze to 3000
