[19:05:26.990] [INFO   ] thread main starting.
[19:05:26.998] [SEVERE ] cannot read configuration file config.properties trying from resources.
[19:05:27.006] [SEVERE ] configuration file was loaded from resources directory.
[19:05:27.622] [INFO   ] thread dealer starting.
[19:05:27.622] [INFO   ] thread player 0 starting.
[19:05:27.622] [INFO   ] thread player 1 starting.
[19:05:27.622] [INFO   ] thread player 0 starting.
[19:05:27.622] [INFO   ] thread dealer starting.
[19:05:27.622] [INFO   ] thread player 1 starting.
[19:05:27.752] [SEVERE ] placing card 32 in slot 0
[19:05:27.853] [SEVERE ] placing card 75 in slot 1
[19:05:27.955] [SEVERE ] placing card 30 in slot 2
[19:05:28.067] [SEVERE ] placing card 19 in slot 3
[19:05:28.170] [SEVERE ] placing card 79 in slot 4
[19:05:28.282] [SEVERE ] placing card 8 in slot 5
[19:05:28.386] [SEVERE ] placing card 71 in slot 6
[19:05:28.488] [SEVERE ] placing card 17 in slot 7
[19:05:28.602] [SEVERE ] placing card 31 in slot 8
[19:05:28.712] [SEVERE ] placing card 44 in slot 9
[19:05:28.822] [SEVERE ] placing card 45 in slot 10
[19:05:28.932] [SEVERE ] placing card 55 in slot 11
[19:05:29.945] [SEVERE ] updating countdown to 4000
[19:05:30.946] [SEVERE ] updating countdown to 3000
[19:05:31.950] [SEVERE ] updating countdown to 2000
[19:05:32.956] [SEVERE ] updating countdown to 1000
[19:05:33.962] [SEVERE ] updating countdown to 0
[19:05:34.977] [SEVERE ] removing card from slot 0
[19:05:34.977] [SEVERE ] removing card from slot 1
[19:05:34.977] [SEVERE ] removing card from slot 2
[19:05:34.977] [SEVERE ] removing card from slot 3
[19:05:34.977] [SEVERE ] removing card from slot 4
[19:05:34.977] [SEVERE ] removing card from slot 5
[19:05:34.977] [SEVERE ] removing card from slot 6
[19:05:34.992] [SEVERE ] removing card from slot 7
[19:05:34.992] [SEVERE ] removing card from slot 8
[19:05:34.992] [SEVERE ] removing card from slot 9
[19:05:34.992] [SEVERE ] removing card from slot 10
[19:05:34.992] [SEVERE ] removing card from slot 11
[19:05:35.112] [SEVERE ] placing card 27 in slot 0
[19:05:35.222] [SEVERE ] placing card 28 in slot 1
[19:05:35.333] [SEVERE ] placing card 23 in slot 2
[19:05:35.444] [SEVERE ] placing card 66 in slot 3
[19:05:35.554] [SEVERE ] placing card 59 in slot 4
[19:05:35.665] [SEVERE ] placing card 34 in slot 5
[19:05:35.776] [SEVERE ] placing card 67 in slot 6
[19:05:35.886] [SEVERE ] placing card 4 in slot 7
[19:05:35.998] [SEVERE ] placing card 47 in slot 8
[19:05:36.108] [SEVERE ] placing card 43 in slot 9
[19:05:36.218] [SEVERE ] placing card 10 in slot 10
[19:05:36.328] [SEVERE ] placing card 9 in slot 11
[19:05:36.328] [SEVERE ] updating countdown to 5000
[19:05:37.354] [SEVERE ] updating countdown to 4000
[19:05:38.370] [SEVERE ] updating countdown to 3000
[19:05:38.889] [SEVERE ] key 80 was pressed by player 2
[19:05:38.889] [SEVERE ] player 2 placing token on slot 3
[19:05:39.109] [SEVERE ] key 79 was pressed by player 2
[19:05:39.109] [SEVERE ] player 2 placing token on slot 2
[19:05:39.368] [SEVERE ] key 87 was pressed by player 1
[19:05:39.368] [SEVERE ] player 1 placing token on slot 1
[19:05:39.378] [SEVERE ] updating countdown to 2000
[19:05:39.638] [SEVERE ] key 80 was pressed by player 2
[19:05:39.638] [SEVERE ] removing player 2 token from slot 3
[19:05:39.748] [SEVERE ] key 79 was pressed by player 2
[19:05:39.748] [SEVERE ] removing player 2 token from slot 2
[19:05:39.920] [SEVERE ] key 80 was pressed by player 2
[19:05:39.931] [SEVERE ] player 2 placing token on slot 3
[19:05:40.025] [SEVERE ] key 79 was pressed by player 2
[19:05:40.025] [SEVERE ] player 2 placing token on slot 2
[19:05:40.167] [SEVERE ] key 69 was pressed by player 1
[19:05:40.167] [SEVERE ] player 1 placing token on slot 2
[19:05:40.230] [SEVERE ] key 80 was pressed by player 2
[19:05:40.230] [SEVERE ] removing player 2 token from slot 3
[19:05:40.308] [SEVERE ] key 79 was pressed by player 2
[19:05:40.308] [SEVERE ] removing player 2 token from slot 2
[19:05:40.387] [SEVERE ] updating countdown to 1000
[19:05:40.437] [SEVERE ] key 70 was pressed by player 1
[19:05:40.437] [SEVERE ] player 1 placing token on slot 7
[19:05:40.439] [SEVERE ] setting player 1 freeze to 3000
[19:05:40.490] [SEVERE ] key 80 was pressed by player 2
[19:05:40.490] [SEVERE ] player 2 placing token on slot 3
[19:05:40.633] [SEVERE ] key 68 was pressed by player 1
[19:05:40.705] [SEVERE ] key 75 was pressed by player 2
[19:05:40.705] [SEVERE ] player 2 placing token on slot 5
[19:05:40.854] [SEVERE ] key 70 was pressed by player 1
[19:05:41.234] [SEVERE ] key 69 was pressed by player 1
[19:05:41.250] [SEVERE ] key 75 was pressed by player 2
[19:05:41.250] [SEVERE ] removing player 2 token from slot 5
[19:05:41.362] [SEVERE ] key 80 was pressed by player 2
[19:05:41.362] [SEVERE ] removing player 2 token from slot 3
[19:05:41.393] [SEVERE ] updating countdown to 0
[19:05:41.449] [SEVERE ] setting player 1 freeze to 2000
[19:05:41.569] [SEVERE ] key 82 was pressed by player 1
[19:05:41.722] [SEVERE ] key 80 was pressed by player 2
[19:05:41.722] [SEVERE ] player 2 placing token on slot 3
[19:05:41.822] [SEVERE ] key 73 was pressed by player 2
[19:05:41.822] [SEVERE ] player 2 placing token on slot 1
[19:05:42.002] [SEVERE ] key 79 was pressed by player 2
[19:05:42.002] [SEVERE ] player 2 placing token on slot 2
[19:05:42.002] [SEVERE ] setting player 2 freeze to 3000
[19:05:42.042] [SEVERE ] key 82 was pressed by player 1
[19:05:42.186] [SEVERE ] key 73 was pressed by player 2
[19:05:42.406] [SEVERE ] removing player 1 token from slot 1
[19:05:42.406] [SEVERE ] removing player 1 token from slot 2
[19:05:42.406] [SEVERE ] removing player 1 token from slot 7
[19:05:42.406] [SEVERE ] removing player 2 token from slot 3
[19:05:42.406] [SEVERE ] removing player 2 token from slot 1
[19:05:42.406] [SEVERE ] removing player 2 token from slot 2
[19:05:42.406] [SEVERE ] removing card from slot 0
[19:05:42.406] [SEVERE ] removing card from slot 1
[19:05:42.406] [SEVERE ] removing card from slot 2
[19:05:42.406] [SEVERE ] removing card from slot 3
[19:05:42.406] [SEVERE ] removing card from slot 4
[19:05:42.406] [SEVERE ] removing card from slot 5
[19:05:42.406] [SEVERE ] removing card from slot 6
[19:05:42.406] [SEVERE ] removing card from slot 7
[19:05:42.406] [SEVERE ] removing card from slot 8
[19:05:42.406] [SEVERE ] removing card from slot 9
[19:05:42.406] [SEVERE ] removing card from slot 10
[19:05:42.406] [SEVERE ] removing card from slot 11
[19:05:42.453] [SEVERE ] setting player 1 freeze to 1000
[19:05:42.519] [SEVERE ] placing card 2 in slot 0
[19:05:42.623] [SEVERE ] placing card 63 in slot 1
[19:05:42.733] [SEVERE ] placing card 58 in slot 2
[19:05:42.748] [SEVERE ] key 74 was pressed by player 2
[19:05:42.842] [SEVERE ] placing card 38 in slot 3
[19:05:42.952] [SEVERE ] placing card 72 in slot 4
[19:05:42.967] [SEVERE ] key 80 was pressed by player 2
[19:05:43.014] [SEVERE ] setting player 2 freeze to 2000
[19:05:43.062] [SEVERE ] placing card 20 in slot 5
[19:05:43.172] [SEVERE ] placing card 64 in slot 6
[19:05:43.281] [SEVERE ] placing card 74 in slot 7
[19:05:43.392] [SEVERE ] placing card 68 in slot 8
[19:05:43.454] [SEVERE ] setting player 1 freeze to 0
[19:05:43.501] [SEVERE ] placing card 5 in slot 9
[19:05:43.612] [SEVERE ] placing card 65 in slot 10
[19:05:43.628] [SEVERE ] key 74 was pressed by player 2
[19:05:43.643] [SEVERE ] key 68 was pressed by player 1
[19:05:43.722] [SEVERE ] placing card 49 in slot 11
[19:05:43.722] [SEVERE ] updating countdown to 5000
[19:05:43.722] [SEVERE ] player 1 placing token on slot 6
[19:05:43.985] [SEVERE ] key 73 was pressed by player 2
[19:05:44.016] [SEVERE ] setting player 2 freeze to 1000
[19:05:44.726] [SEVERE ] updating countdown to 4000
[19:05:44.873] [SEVERE ] key 73 was pressed by player 2
[19:05:44.967] [SEVERE ] key 68 was pressed by player 1
[19:05:44.967] [SEVERE ] removing player 1 token from slot 6
[19:05:44.983] [SEVERE ] key 74 was pressed by player 2
[19:05:45.030] [SEVERE ] setting player 2 freeze to 0
[19:05:45.358] [SEVERE ] key 73 was pressed by player 2
[19:05:45.358] [SEVERE ] player 2 placing token on slot 1
[19:05:45.408] [SEVERE ] key 74 was pressed by player 2
[19:05:45.408] [SEVERE ] player 2 placing token on slot 4
[19:05:45.576] [SEVERE ] key 73 was pressed by player 2
[19:05:45.576] [SEVERE ] removing player 2 token from slot 1
[19:05:45.588] [SEVERE ] key 68 was pressed by player 1
[19:05:45.588] [SEVERE ] player 1 placing token on slot 6
[19:05:45.742] [SEVERE ] updating countdown to 3000
[19:05:45.837] [SEVERE ] key 74 was pressed by player 2
[19:05:45.843] [SEVERE ] removing player 2 token from slot 4
[19:05:45.859] [SEVERE ] key 87 was pressed by player 1
[19:05:45.859] [SEVERE ] player 1 placing token on slot 1
[19:05:46.001] [SEVERE ] key 80 was pressed by player 2
[19:05:46.001] [SEVERE ] player 2 placing token on slot 3
[19:05:46.272] [SEVERE ] key 69 was pressed by player 1
[19:05:46.272] [SEVERE ] player 1 placing token on slot 2
[19:05:46.272] [SEVERE ] setting player 1 freeze to 3000
[19:05:46.698] [SEVERE ] key 80 was pressed by player 2
[19:05:46.698] [SEVERE ] removing player 2 token from slot 3
[19:05:46.745] [SEVERE ] updating countdown to 2000
[19:05:46.833] [SEVERE ] key 81 was pressed by player 1
[19:05:46.920] [SEVERE ] key 79 was pressed by player 2
[19:05:46.920] [SEVERE ] player 2 placing token on slot 2
[19:05:47.282] [SEVERE ] setting player 1 freeze to 2000
[19:05:47.334] [SEVERE ] key 75 was pressed by player 2
[19:05:47.334] [SEVERE ] player 2 placing token on slot 5
[19:05:47.362] [SEVERE ] key 68 was pressed by player 1
[19:05:47.714] [SEVERE ] key 77 was pressed by player 2
[19:05:47.714] [SEVERE ] player 2 placing token on slot 8
[19:05:47.714] [SEVERE ] setting player 2 freeze to 3000
[19:05:47.761] [SEVERE ] updating countdown to 1000
[19:05:47.781] [SEVERE ] key 67 was pressed by player 1
[19:05:48.229] [SEVERE ] key 44 was pressed by player 2
[19:05:48.283] [SEVERE ] setting player 1 freeze to 1000
[19:05:48.598] [SEVERE ] key 88 was pressed by player 1
[19:05:48.717] [SEVERE ] setting player 2 freeze to 2000
[19:05:48.780] [SEVERE ] updating countdown to 0
[19:05:48.837] [SEVERE ] key 76 was pressed by player 2
[19:05:49.285] [SEVERE ] setting player 1 freeze to 0
[19:05:49.521] [SEVERE ] key 87 was pressed by player 1
[19:05:49.521] [SEVERE ] removing player 1 token from slot 1
[19:05:49.726] [SEVERE ] setting player 2 freeze to 1000
[19:05:49.789] [SEVERE ] removing player 1 token from slot 6
[19:05:49.789] [SEVERE ] removing player 1 token from slot 2
[19:05:49.789] [SEVERE ] removing player 2 token from slot 2
[19:05:49.789] [SEVERE ] removing player 2 token from slot 5
[19:05:49.789] [SEVERE ] removing player 2 token from slot 8
[19:05:49.789] [SEVERE ] removing card from slot 0
[19:05:49.789] [SEVERE ] removing card from slot 1
[19:05:49.789] [SEVERE ] removing card from slot 2
[19:05:49.789] [SEVERE ] removing card from slot 3
[19:05:49.789] [SEVERE ] removing card from slot 4
[19:05:49.789] [SEVERE ] removing card from slot 5
[19:05:49.789] [SEVERE ] removing card from slot 6
[19:05:49.789] [SEVERE ] removing card from slot 7
[19:05:49.789] [SEVERE ] removing card from slot 8
[19:05:49.789] [SEVERE ] removing card from slot 9
[19:05:49.789] [SEVERE ] removing card from slot 10
[19:05:49.789] [SEVERE ] removing card from slot 11
[19:05:49.900] [SEVERE ] placing card 70 in slot 0
[19:05:50.002] [SEVERE ] placing card 7 in slot 1
[19:05:50.112] [SEVERE ] placing card 36 in slot 2
[19:05:50.222] [SEVERE ] placing card 54 in slot 3
[19:05:50.269] [SEVERE ] key 80 was pressed by player 2
[19:05:50.333] [SEVERE ] placing card 41 in slot 4
[19:05:50.443] [SEVERE ] placing card 57 in slot 5
[19:05:50.552] [SEVERE ] placing card 24 in slot 6
[19:05:50.631] [SEVERE ] key 79 was pressed by player 2
[19:05:50.662] [SEVERE ] placing card 13 in slot 7
[19:05:50.728] [SEVERE ] setting player 2 freeze to 0
[19:05:50.773] [SEVERE ] placing card 42 in slot 8
[19:05:50.883] [SEVERE ] placing card 15 in slot 9
[19:05:50.994] [SEVERE ] placing card 77 in slot 10
[19:05:51.104] [SEVERE ] placing card 33 in slot 11
[19:05:51.104] [SEVERE ] updating countdown to 5000
[19:05:51.205] [SEVERE ] key 76 was pressed by player 2
[19:05:51.205] [SEVERE ] player 2 placing token on slot 6
[19:05:51.394] [SEVERE ] key 76 was pressed by player 2
[19:05:51.394] [SEVERE ] removing player 2 token from slot 6
[19:05:51.710] [SEVERE ] key 76 was pressed by player 2
[19:05:51.718] [SEVERE ] player 2 placing token on slot 6
[19:05:52.022] [SEVERE ] key 86 was pressed by player 1
[19:05:52.022] [SEVERE ] player 1 placing token on slot 11
[19:05:52.107] [SEVERE ] updating countdown to 4000
[19:05:52.213] [SEVERE ] key 76 was pressed by player 2
[19:05:52.213] [SEVERE ] removing player 2 token from slot 6
[19:05:52.695] [SEVERE ] key 67 was pressed by player 1
[19:05:52.695] [SEVERE ] player 1 placing token on slot 10
[19:05:52.908] [SEVERE ] key 76 was pressed by player 2
[19:05:52.908] [SEVERE ] player 2 placing token on slot 6
[19:05:53.119] [SEVERE ] updating countdown to 3000
[19:05:53.233] [SEVERE ] key 68 was pressed by player 1
[19:05:53.233] [SEVERE ] player 1 placing token on slot 6
[19:05:53.241] [SEVERE ] setting player 1 freeze to 3000
[19:05:53.581] [SEVERE ] key 80 was pressed by player 2
[19:05:53.581] [SEVERE ] player 2 placing token on slot 3
[19:05:53.860] [SEVERE ] key 87 was pressed by player 1
[19:05:54.107] [SEVERE ] key 79 was pressed by player 2
[19:05:54.107] [SEVERE ] player 2 placing token on slot 2
[19:05:54.107] [SEVERE ] setting player 2 freeze to 3000
[19:05:54.128] [SEVERE ] updating countdown to 2000
[19:05:54.249] [SEVERE ] setting player 1 freeze to 2000
[19:05:54.352] [SEVERE ] key 82 was pressed by player 1
[19:05:54.581] [SEVERE ] key 79 was pressed by player 2
[19:05:55.087] [SEVERE ] key 73 was pressed by player 2
[19:05:55.107] [SEVERE ] setting player 2 freeze to 2000
[19:05:55.138] [SEVERE ] updating countdown to 1000
[19:05:55.250] [SEVERE ] setting player 1 freeze to 1000
[19:05:55.338] [SEVERE ] key 79 was pressed by player 2
[19:05:55.551] [SEVERE ] key 86 was pressed by player 1
[19:05:55.685] [SEVERE ] key 75 was pressed by player 2
[19:05:56.113] [SEVERE ] setting player 2 freeze to 1000
[19:05:56.145] [SEVERE ] updating countdown to 0
[19:05:56.151] [SEVERE ] key 59 was pressed by player 2
[19:05:56.257] [SEVERE ] setting player 1 freeze to 0
[19:05:56.385] [SEVERE ] key 88 was pressed by player 1
[19:05:56.732] [SEVERE ] key 75 was pressed by player 2
[19:05:56.927] [SEVERE ] key 67 was pressed by player 1
[19:05:56.927] [SEVERE ] removing player 1 token from slot 10
[19:05:57.126] [SEVERE ] setting player 2 freeze to 0
[19:05:57.158] [SEVERE ] removing player 1 token from slot 11
[19:05:57.158] [SEVERE ] removing player 1 token from slot 6
[19:05:57.158] [SEVERE ] removing player 2 token from slot 6
[19:05:57.158] [SEVERE ] removing player 2 token from slot 3
[19:05:57.158] [SEVERE ] removing player 2 token from slot 2
[19:05:57.158] [SEVERE ] removing card from slot 0
[19:05:57.158] [SEVERE ] removing card from slot 1
[19:05:57.158] [SEVERE ] removing card from slot 2
[19:05:57.158] [SEVERE ] removing card from slot 3
[19:05:57.158] [SEVERE ] removing card from slot 4
[19:05:57.158] [SEVERE ] removing card from slot 5
[19:05:57.158] [SEVERE ] removing card from slot 6
[19:05:57.158] [SEVERE ] removing card from slot 7
[19:05:57.158] [SEVERE ] removing card from slot 8
[19:05:57.158] [SEVERE ] removing card from slot 9
[19:05:57.158] [SEVERE ] removing card from slot 10
[19:05:57.158] [SEVERE ] removing card from slot 11
[19:05:57.239] [SEVERE ] key 59 was pressed by player 2
[19:05:57.268] [SEVERE ] key 87 was pressed by player 1
[19:05:57.283] [SEVERE ] placing card 25 in slot 0
[19:05:57.386] [SEVERE ] placing card 78 in slot 1
[19:05:57.496] [SEVERE ] placing card 0 in slot 2
[19:05:57.606] [SEVERE ] placing card 26 in slot 3
[19:05:57.717] [SEVERE ] placing card 18 in slot 4
[19:05:57.827] [SEVERE ] placing card 52 in slot 5
[19:05:57.875] [SEVERE ] key 81 was pressed by player 1
[19:05:57.938] [SEVERE ] placing card 46 in slot 6
[19:05:58.048] [SEVERE ] placing card 11 in slot 7
[19:05:58.159] [SEVERE ] placing card 3 in slot 8
[19:05:58.269] [SEVERE ] placing card 29 in slot 9
[19:05:58.301] [SEVERE ] key 81 was pressed by player 1
[19:05:58.379] [SEVERE ] placing card 76 in slot 10
[19:05:58.490] [SEVERE ] placing card 22 in slot 11
[19:05:58.490] [SEVERE ] updating countdown to 5000
[19:05:58.490] [SEVERE ] player 1 placing token on slot 0
[19:05:58.490] [SEVERE ] removing player 1 token from slot 0
[19:05:58.522] [SEVERE ] key 81 was pressed by player 1
[19:05:58.523] [SEVERE ] player 1 placing token on slot 0
[19:05:58.747] [SEVERE ] key 81 was pressed by player 1
[19:05:58.747] [SEVERE ] removing player 1 token from slot 0
[19:05:59.463] [SEVERE ] key 81 was pressed by player 1
[19:05:59.463] [SEVERE ] player 1 placing token on slot 0
[19:05:59.494] [SEVERE ] updating countdown to 4000
[19:05:59.957] [SEVERE ] key 87 was pressed by player 1
[19:05:59.960] [SEVERE ] player 1 placing token on slot 1
[19:06:00.212] [SEVERE ] key 69 was pressed by player 1
[19:06:00.212] [SEVERE ] player 1 placing token on slot 2
[19:06:00.212] [SEVERE ] setting player 1 freeze to 3000
[19:06:00.513] [SEVERE ] updating countdown to 3000
[19:06:00.568] [SEVERE ] key 82 was pressed by player 1
[19:06:00.861] [SEVERE ] key 79 was pressed by player 2
[19:06:00.861] [SEVERE ] player 2 placing token on slot 2
[19:06:01.033] [SEVERE ] key 80 was pressed by player 2
[19:06:01.033] [SEVERE ] player 2 placing token on slot 3
[19:06:01.222] [SEVERE ] setting player 1 freeze to 2000
[19:06:01.222] [SEVERE ] key 86 was pressed by player 1
[19:06:01.364] [SEVERE ] key 79 was pressed by player 2
[19:06:01.368] [SEVERE ] removing player 2 token from slot 2
[19:06:01.523] [SEVERE ] updating countdown to 2000
[19:06:01.768] [SEVERE ] key 76 was pressed by player 2
[19:06:01.775] [SEVERE ] player 2 placing token on slot 6
[19:06:02.226] [SEVERE ] setting player 1 freeze to 1000
[19:06:02.274] [SEVERE ] key 44 was pressed by player 2
[19:06:02.274] [SEVERE ] player 2 placing token on slot 9
[19:06:02.289] [SEVERE ] setting player 2 freeze to 3000
[19:06:02.525] [SEVERE ] updating countdown to 1000
[19:06:02.701] [SEVERE ] key 68 was pressed by player 1
[19:06:02.843] [SEVERE ] key 68 was pressed by player 1
[19:06:03.079] [SEVERE ] key 76 was pressed by player 2
[19:06:03.237] [SEVERE ] setting player 1 freeze to 0
[19:06:03.301] [SEVERE ] setting player 2 freeze to 2000
[19:06:03.538] [SEVERE ] updating countdown to 0
[19:06:04.316] [SEVERE ] setting player 2 freeze to 1000
[19:06:04.552] [SEVERE ] removing player 1 token from slot 0
[19:06:04.552] [SEVERE ] removing player 1 token from slot 1
[19:06:04.552] [SEVERE ] removing player 1 token from slot 2
[19:06:04.552] [SEVERE ] removing player 2 token from slot 3
[19:06:04.552] [SEVERE ] removing player 2 token from slot 6
[19:06:04.552] [SEVERE ] removing player 2 token from slot 9
[19:06:04.552] [SEVERE ] removing card from slot 0
[19:06:04.552] [SEVERE ] removing card from slot 1
[19:06:04.552] [SEVERE ] removing card from slot 2
[19:06:04.552] [SEVERE ] removing card from slot 3
[19:06:04.552] [SEVERE ] removing card from slot 4
[19:06:04.552] [SEVERE ] removing card from slot 5
[19:06:04.552] [SEVERE ] removing card from slot 6
[19:06:04.552] [SEVERE ] removing card from slot 7
[19:06:04.552] [SEVERE ] removing card from slot 8
[19:06:04.552] [SEVERE ] removing card from slot 9
[19:06:04.552] [SEVERE ] removing card from slot 10
[19:06:04.552] [SEVERE ] removing card from slot 11
[19:06:04.662] [SEVERE ] placing card 69 in slot 0
[19:06:04.765] [SEVERE ] placing card 53 in slot 1
[19:06:04.862] [SEVERE ] key 68 was pressed by player 1
[19:06:04.875] [SEVERE ] placing card 6 in slot 2
[19:06:04.986] [SEVERE ] placing card 50 in slot 3
[19:06:05.017] [SEVERE ] key 68 was pressed by player 1
[19:06:05.096] [SEVERE ] placing card 60 in slot 4
[19:06:05.175] [SEVERE ] key 68 was pressed by player 1
[19:06:05.206] [SEVERE ] placing card 51 in slot 5
[19:06:05.316] [SEVERE ] setting player 2 freeze to 0
[19:06:05.316] [SEVERE ] placing card 62 in slot 6
[19:06:05.332] [SEVERE ] key 68 was pressed by player 1
[19:06:05.427] [SEVERE ] placing card 21 in slot 7
[19:06:05.489] [SEVERE ] key 68 was pressed by player 1
[19:06:05.536] [SEVERE ] placing card 56 in slot 8
[19:06:05.647] [SEVERE ] placing card 39 in slot 9
[19:06:05.758] [SEVERE ] placing card 12 in slot 10
[19:06:05.869] [SEVERE ] placing card 35 in slot 11
[19:06:05.869] [SEVERE ] updating countdown to 5000
[19:06:05.869] [SEVERE ] player 1 placing token on slot 6
[19:06:05.869] [SEVERE ] removing player 1 token from slot 6
[19:06:05.869] [SEVERE ] player 1 placing token on slot 6
[19:06:05.869] [SEVERE ] removing player 1 token from slot 6
[19:06:05.869] [SEVERE ] key 68 was pressed by player 1
[19:06:05.869] [SEVERE ] player 1 placing token on slot 6
[19:06:05.869] [SEVERE ] key 68 was pressed by player 1
[19:06:05.869] [SEVERE ] removing player 1 token from slot 6
[19:06:05.951] [SEVERE ] key 68 was pressed by player 1
[19:06:05.951] [SEVERE ] player 1 placing token on slot 6
[19:06:06.115] [SEVERE ] key 68 was pressed by player 1
[19:06:06.115] [SEVERE ] removing player 1 token from slot 6
[19:06:06.494] [SEVERE ] key 68 was pressed by player 1
[19:06:06.494] [SEVERE ] player 1 placing token on slot 6
[19:06:06.871] [SEVERE ] updating countdown to 4000
[19:06:06.901] [SEVERE ] key 68 was pressed by player 1
[19:06:06.902] [SEVERE ] removing player 1 token from slot 6
[19:06:07.150] [SEVERE ] key 68 was pressed by player 1
[19:06:07.165] [SEVERE ] player 1 placing token on slot 6
[19:06:07.731] [SEVERE ] key 69 was pressed by player 1
[19:06:07.731] [SEVERE ] player 1 placing token on slot 2
[19:06:07.841] [SEVERE ] key 79 was pressed by player 2
[19:06:07.841] [SEVERE ] player 2 placing token on slot 2
[19:06:07.873] [SEVERE ] updating countdown to 3000
[19:06:08.002] [SEVERE ] key 80 was pressed by player 2
[19:06:08.002] [SEVERE ] player 2 placing token on slot 3
[19:06:08.144] [SEVERE ] key 82 was pressed by player 1
[19:06:08.144] [SEVERE ] player 1 placing token on slot 3
[19:06:08.144] [SEVERE ] setting player 1 freeze to 3000
[19:06:08.543] [SEVERE ] key 80 was pressed by player 2
[19:06:08.543] [SEVERE ] removing player 2 token from slot 3
[19:06:08.727] [SEVERE ] key 81 was pressed by player 1
[19:06:08.885] [SEVERE ] updating countdown to 2000
[19:06:08.928] [SEVERE ] key 80 was pressed by player 2
[19:06:08.928] [SEVERE ] player 2 placing token on slot 3
[19:06:08.953] [SEVERE ] key 69 was pressed by player 1
[19:06:09.151] [SEVERE ] setting player 1 freeze to 2000
[19:06:09.261] [SEVERE ] key 68 was pressed by player 1
[19:06:09.372] [SEVERE ] key 59 was pressed by player 2
[19:06:09.372] [SEVERE ] player 2 placing token on slot 7
[19:06:09.372] [SEVERE ] setting player 2 freeze to 3000
[19:06:09.482] [SEVERE ] key 59 was pressed by player 2
[19:06:09.534] [SEVERE ] key 83 was pressed by player 1
[19:06:09.664] [SEVERE ] key 76 was pressed by player 2
[19:06:09.673] [SEVERE ] key 70 was pressed by player 1
[19:06:09.887] [SEVERE ] updating countdown to 1000
[19:06:10.160] [SEVERE ] setting player 1 freeze to 1000
[19:06:10.379] [SEVERE ] setting player 2 freeze to 2000
[19:06:10.895] [SEVERE ] updating countdown to 0
[19:06:11.162] [SEVERE ] setting player 1 freeze to 0
[19:06:11.389] [SEVERE ] setting player 2 freeze to 1000
[19:06:11.910] [SEVERE ] removing player 1 token from slot 6
[19:06:11.910] [SEVERE ] removing player 1 token from slot 2
[19:06:11.910] [SEVERE ] removing player 1 token from slot 3
[19:06:11.910] [SEVERE ] removing player 2 token from slot 2
[19:06:11.910] [SEVERE ] removing player 2 token from slot 3
[19:06:11.910] [SEVERE ] removing player 2 token from slot 7
[19:06:11.910] [SEVERE ] removing card from slot 0
[19:06:11.910] [SEVERE ] removing card from slot 1
[19:06:11.910] [SEVERE ] removing card from slot 2
[19:06:11.910] [SEVERE ] removing card from slot 3
[19:06:11.910] [SEVERE ] removing card from slot 4
[19:06:11.910] [SEVERE ] removing card from slot 5
[19:06:11.910] [SEVERE ] removing card from slot 6
[19:06:11.910] [SEVERE ] removing card from slot 7
[19:06:11.910] [SEVERE ] removing card from slot 8
[19:06:11.910] [SEVERE ] removing card from slot 9
[19:06:11.910] [SEVERE ] removing card from slot 10
[19:06:11.910] [SEVERE ] removing card from slot 11
[19:06:12.025] [SEVERE ] placing card 61 in slot 0
[19:06:12.128] [SEVERE ] placing card 14 in slot 1
[19:06:12.238] [SEVERE ] placing card 37 in slot 2
[19:06:12.348] [SEVERE ] placing card 48 in slot 3
[19:06:12.396] [SEVERE ] setting player 2 freeze to 0
[19:06:12.458] [SEVERE ] placing card 73 in slot 4
[19:06:12.568] [SEVERE ] placing card 1 in slot 5
[19:06:12.679] [SEVERE ] placing card 80 in slot 6
[19:06:12.788] [SEVERE ] placing card 16 in slot 7
[19:06:12.898] [SEVERE ] placing card 40 in slot 8
[19:06:12.898] [SEVERE ] updating countdown to 5000
[19:06:12.898] [SEVERE ] updating countdown to 4000
[19:06:12.898] [SEVERE ] removing card from slot 0
[19:06:12.898] [SEVERE ] removing card from slot 1
[19:06:12.898] [SEVERE ] removing card from slot 2
[19:06:12.898] [SEVERE ] removing card from slot 3
[19:06:12.898] [SEVERE ] removing card from slot 4
[19:06:12.898] [SEVERE ] removing card from slot 5
[19:06:12.898] [SEVERE ] removing card from slot 6
[19:06:12.898] [SEVERE ] removing card from slot 7
[19:06:12.898] [SEVERE ] removing card from slot 8
[19:06:12.898] [SEVERE ] removing card from slot 9
[19:06:12.898] [SEVERE ] removing card from slot 10
[19:06:12.898] [SEVERE ] removing card from slot 11
[19:06:12.898] [SEVERE ] announcing winner(s): player 1, player 2
[19:06:12.898] [INFO   ] thread dealer terminated.
[19:06:12.898] [INFO   ] thread dealer terminated.
[19:06:17.913] [SEVERE ] thanks for playing... it was fun!
[19:06:17.913] [INFO   ] thread main terminated.
[19:06:17.913] [SEVERE ] disposing of user interface elements
