[22:23:33.491] [INFO   ] thread main starting.
[22:23:33.507] [SEVERE ] cannot read configuration file config.properties trying from resources.
[22:23:33.523] [SEVERE ] configuration file was loaded from resources directory.
[22:23:34.177] [INFO   ] thread dealer starting.
[22:23:34.177] [INFO   ] thread player 0 starting.
[22:23:34.186] [INFO   ] thread player 1 starting.
[22:23:34.186] [INFO   ] thread dealer starting.
[22:23:34.200] [INFO   ] thread player 0 starting.
[22:23:34.200] [INFO   ] thread player 1 starting.
[22:23:34.200] [INFO   ] thread computer-1 starting.
[22:23:34.312] [SEVERE ] placing card 18 in slot 0
[22:23:34.423] [SEVERE ] placing card 11 in slot 1
[22:23:34.533] [SEVERE ] placing card 25 in slot 2
[22:23:34.643] [SEVERE ] placing card 34 in slot 3
[22:23:34.753] [SEVERE ] placing card 48 in slot 4
[22:23:34.860] [SEVERE ] placing card 15 in slot 5
[22:23:34.966] [SEVERE ] placing card 2 in slot 6
[22:23:35.076] [SEVERE ] placing card 73 in slot 7
[22:23:35.186] [SEVERE ] placing card 47 in slot 8
[22:23:35.297] [SEVERE ] placing card 67 in slot 9
[22:23:35.407] [SEVERE ] placing card 36 in slot 10
[22:23:35.517] [SEVERE ] placing card 26 in slot 11
[22:23:36.524] [SEVERE ] updating countdown to 59000
[22:23:36.728] [SEVERE ] player 2 placing token on slot 5
[22:23:37.240] [SEVERE ] player 2 placing token on slot 6
[22:23:37.537] [SEVERE ] updating countdown to 58000
[22:23:37.743] [SEVERE ] player 2 placing token on slot 1
[22:23:37.745] [SEVERE ] setting player 2 freeze to 3000
[22:23:38.541] [SEVERE ] updating countdown to 57000
[22:23:38.763] [SEVERE ] setting player 2 freeze to 2000
[22:23:39.202] [SEVERE ] key 81 was pressed by player 1
[22:23:39.202] [SEVERE ] player 1 placing token on slot 0
[22:23:39.506] [SEVERE ] key 87 was pressed by player 1
[22:23:39.506] [SEVERE ] player 1 placing token on slot 1
[22:23:39.553] [SEVERE ] updating countdown to 56000
[22:23:39.773] [SEVERE ] setting player 2 freeze to 1000
[22:23:39.836] [SEVERE ] key 69 was pressed by player 1
[22:23:39.836] [SEVERE ] player 1 placing token on slot 2
[22:23:39.836] [SEVERE ] setting player 1 freeze to 3000
[22:23:40.563] [SEVERE ] updating countdown to 55000
[22:23:40.783] [SEVERE ] setting player 2 freeze to 0
[22:23:40.854] [SEVERE ] setting player 1 freeze to 2000
[22:23:41.573] [SEVERE ] updating countdown to 54000
[22:23:41.862] [SEVERE ] setting player 1 freeze to 1000
[22:23:42.295] [SEVERE ] removing player 2 token from slot 5
[22:23:42.578] [SEVERE ] updating countdown to 53000
[22:23:42.799] [SEVERE ] player 2 placing token on slot 7
[22:23:42.799] [SEVERE ] setting player 2 freeze to 3000
[22:23:42.874] [SEVERE ] setting player 1 freeze to 0
[22:23:43.579] [SEVERE ] updating countdown to 52000
[22:23:43.803] [SEVERE ] setting player 2 freeze to 2000
