[21:44:21.616] [INFO   ] thread main starting.
[21:44:21.625] [SEVERE ] cannot read configuration file config.properties trying from resources.
[21:44:21.632] [SEVERE ] configuration file was loaded from resources directory.
[21:44:22.361] [INFO   ] thread dealer starting.
[21:44:22.366] [INFO   ] thread player 0 starting.
[21:44:22.370] [INFO   ] thread player 1 starting.
[21:44:22.370] [INFO   ] thread player 0 starting.
[21:44:22.378] [INFO   ] thread player 1 starting.
[21:44:22.372] [INFO   ] thread dealer starting.
[21:44:22.501] [SEVERE ] placing card 64 in slot 0
[21:44:22.605] [SEVERE ] placing card 43 in slot 1
[21:44:22.718] [SEVERE ] placing card 44 in slot 2
[21:44:22.822] [SEVERE ] placing card 25 in slot 3
[21:44:22.932] [SEVERE ] placing card 76 in slot 4
[21:44:23.044] [SEVERE ] placing card 49 in slot 5
[21:44:23.150] [SEVERE ] placing card 11 in slot 6
[21:44:23.262] [SEVERE ] placing card 8 in slot 7
[21:44:23.366] [SEVERE ] placing card 41 in slot 8
[21:44:23.468] [SEVERE ] placing card 29 in slot 9
[21:44:23.580] [SEVERE ] placing card 45 in slot 10
[21:44:23.682] [SEVERE ] placing card 42 in slot 11
[21:44:24.698] [SEVERE ] updating countdown to 0
