[17:07:01.455] [INFO   ] thread main starting.
[17:07:01.471] [SEVERE ] cannot read configuration file config.properties trying from resources.
[17:07:01.471] [SEVERE ] configuration file was loaded from resources directory.
[17:07:02.159] [INFO   ] thread dealer starting.
[17:07:02.160] [INFO   ] thread player 0 starting.
[17:07:02.160] [INFO   ] thread player 1 starting.
[17:07:02.160] [INFO   ] thread dealer starting.
[17:07:02.188] [INFO   ] thread player 1 starting.
[17:07:02.188] [INFO   ] thread player 0 starting.
[17:07:02.204] [INFO   ] thread computer-1 starting.
[17:07:02.315] [SEVERE ] placing card 65 in slot 0
[17:07:02.418] [SEVERE ] placing card 27 in slot 1
[17:07:02.534] [SEVERE ] placing card 54 in slot 2
[17:07:02.636] [SEVERE ] placing card 34 in slot 3
[17:07:02.751] [SEVERE ] placing card 24 in slot 4
[17:07:02.853] [SEVERE ] placing card 6 in slot 5
[17:07:02.965] [SEVERE ] placing card 46 in slot 6
[17:07:03.066] [SEVERE ] placing card 69 in slot 7
[17:07:03.177] [SEVERE ] placing card 40 in slot 8
[17:07:03.287] [SEVERE ] placing card 78 in slot 9
[17:07:03.397] [SEVERE ] placing card 36 in slot 10
[17:07:03.507] [SEVERE ] placing card 79 in slot 11
[17:07:04.514] [SEVERE ] updating countdown to 4000
[17:07:04.735] [SEVERE ] player 2 placing token on slot 6
[17:07:05.237] [SEVERE ] player 2 placing token on slot 0
[17:07:05.520] [SEVERE ] updating countdown to 3000
[17:07:05.740] [SEVERE ] player 2 placing token on slot 5
[17:07:05.741] [SEVERE ] setting player 2 freeze to 3000
[17:07:06.531] [SEVERE ] updating countdown to 2000
[17:07:06.752] [SEVERE ] setting player 2 freeze to 2000
[17:07:07.383] [SEVERE ] key 81 was pressed by player 1
[17:07:07.383] [SEVERE ] player 1 placing token on slot 0
[17:07:07.540] [SEVERE ] updating countdown to 1000
[17:07:07.713] [SEVERE ] key 87 was pressed by player 1
[17:07:07.713] [SEVERE ] player 1 placing token on slot 1
[17:07:07.760] [SEVERE ] setting player 2 freeze to 1000
[17:07:08.316] [SEVERE ] key 69 was pressed by player 1
[17:07:08.316] [SEVERE ] player 1 placing token on slot 2
[17:07:08.316] [SEVERE ] setting player 1 freeze to 3000
[17:07:08.552] [SEVERE ] updating countdown to 0
[17:07:08.772] [SEVERE ] setting player 2 freeze to 0
[17:07:09.321] [SEVERE ] setting player 1 freeze to 2000
[17:07:09.557] [SEVERE ] removing player 1 token from slot 0
[17:07:09.557] [SEVERE ] removing player 1 token from slot 1
[17:07:09.557] [SEVERE ] removing player 1 token from slot 2
[17:07:09.557] [SEVERE ] removing player 2 token from slot 6
[17:07:09.557] [SEVERE ] removing player 2 token from slot 0
[17:07:09.557] [SEVERE ] removing player 2 token from slot 5
[17:07:09.557] [SEVERE ] removing card from slot 0
[17:07:09.557] [SEVERE ] removing card from slot 1
[17:07:09.557] [SEVERE ] removing card from slot 2
[17:07:09.572] [SEVERE ] removing card from slot 3
[17:07:09.572] [SEVERE ] removing card from slot 4
[17:07:09.572] [SEVERE ] removing card from slot 5
[17:07:09.572] [SEVERE ] removing card from slot 6
[17:07:09.572] [SEVERE ] removing card from slot 7
[17:07:09.572] [SEVERE ] removing card from slot 8
[17:07:09.572] [SEVERE ] removing card from slot 9
[17:07:09.572] [SEVERE ] removing card from slot 10
[17:07:09.572] [SEVERE ] removing card from slot 11
[17:07:09.691] [SEVERE ] placing card 11 in slot 0
[17:07:09.770] [SEVERE ] key 81 was pressed by player 1
[17:07:09.802] [SEVERE ] placing card 35 in slot 1
[17:07:09.913] [SEVERE ] placing card 5 in slot 2
[17:07:10.023] [SEVERE ] placing card 16 in slot 3
[17:07:10.134] [SEVERE ] placing card 37 in slot 4
[17:07:10.244] [SEVERE ] placing card 52 in slot 5
[17:07:10.322] [SEVERE ] setting player 1 freeze to 1000
[17:07:10.354] [SEVERE ] placing card 44 in slot 6
[17:07:10.464] [SEVERE ] placing card 15 in slot 7
[17:07:10.511] [SEVERE ] key 81 was pressed by player 1
[17:07:10.574] [SEVERE ] placing card 29 in slot 8
[17:07:10.684] [SEVERE ] placing card 67 in slot 9
[17:07:10.794] [SEVERE ] placing card 19 in slot 10
[17:07:10.905] [SEVERE ] placing card 66 in slot 11
[17:07:10.905] [SEVERE ] updating countdown to 5000
[17:07:11.300] [SEVERE ] player 2 placing token on slot 8
[17:07:11.332] [SEVERE ] setting player 1 freeze to 0
[17:07:11.803] [SEVERE ] removing player 2 token from slot 8
[17:07:11.850] [SEVERE ] key 87 was pressed by player 1
[17:07:11.850] [SEVERE ] player 1 placing token on slot 1
[17:07:11.913] [SEVERE ] updating countdown to 4000
[17:07:11.991] [SEVERE ] key 80 was pressed by player 2
[17:07:11.991] [SEVERE ] player 2 placing token on slot 3
[17:07:12.149] [SEVERE ] key 79 was pressed by player 2
[17:07:12.149] [SEVERE ] player 2 placing token on slot 2
[17:07:12.305] [SEVERE ] player 2 placing token on slot 5
[17:07:12.305] [SEVERE ] setting player 2 freeze to 3000
[17:07:12.368] [SEVERE ] key 81 was pressed by player 1
[17:07:12.368] [SEVERE ] player 1 placing token on slot 0
[17:07:12.829] [SEVERE ] key 80 was pressed by player 2
[17:07:12.917] [SEVERE ] updating countdown to 3000
[17:07:12.947] [SEVERE ] key 69 was pressed by player 1
[17:07:12.947] [SEVERE ] player 1 placing token on slot 2
[17:07:12.949] [SEVERE ] setting player 1 freeze to 3000
[17:07:12.996] [SEVERE ] key 79 was pressed by player 2
[17:07:13.155] [SEVERE ] key 80 was pressed by player 2
[17:07:13.186] [SEVERE ] key 69 was pressed by player 1
[17:07:13.297] [SEVERE ] key 79 was pressed by player 2
[17:07:13.312] [SEVERE ] setting player 2 freeze to 2000
[17:07:13.435] [SEVERE ] key 82 was pressed by player 1
[17:07:13.602] [SEVERE ] key 80 was pressed by player 2
[17:07:13.703] [SEVERE ] key 82 was pressed by player 1
[17:07:13.852] [SEVERE ] key 80 was pressed by player 2
[17:07:13.919] [SEVERE ] updating countdown to 2000
[17:07:13.951] [SEVERE ] setting player 1 freeze to 2000
[17:07:13.998] [SEVERE ] key 82 was pressed by player 1
[17:07:14.156] [SEVERE ] key 79 was pressed by player 2
[17:07:14.313] [SEVERE ] setting player 2 freeze to 1000
[17:07:14.455] [SEVERE ] key 76 was pressed by player 2
[17:07:14.927] [SEVERE ] updating countdown to 1000
[17:07:14.959] [SEVERE ] setting player 1 freeze to 1000
[17:07:15.095] [SEVERE ] key 76 was pressed by player 2
[17:07:15.237] [SEVERE ] key 70 was pressed by player 1
[17:07:15.326] [SEVERE ] setting player 2 freeze to 0
[17:07:15.674] [SEVERE ] key 82 was pressed by player 1
[17:07:15.831] [SEVERE ] key 79 was pressed by player 2
[17:07:15.831] [SEVERE ] removing player 2 token from slot 2
[17:07:15.943] [SEVERE ] updating countdown to 0
[17:07:15.974] [SEVERE ] setting player 1 freeze to 0
[17:07:16.336] [SEVERE ] player 2 placing token on slot 4
[17:07:16.338] [SEVERE ] setting player 2 freeze to 3000
[17:07:16.491] [SEVERE ] key 79 was pressed by player 2
[17:07:16.638] [SEVERE ] key 82 was pressed by player 1
[17:07:16.780] [SEVERE ] key 80 was pressed by player 2
[17:07:16.954] [SEVERE ] removing player 1 token from slot 1
[17:07:16.955] [SEVERE ] removing player 1 token from slot 0
[17:07:16.955] [SEVERE ] removing player 1 token from slot 2
[17:07:16.958] [SEVERE ] removing player 2 token from slot 3
[17:07:16.958] [SEVERE ] removing player 2 token from slot 5
[17:07:16.958] [SEVERE ] removing player 2 token from slot 4
[17:07:16.958] [SEVERE ] removing card from slot 0
[17:07:16.958] [SEVERE ] removing card from slot 1
[17:07:16.958] [SEVERE ] removing card from slot 2
[17:07:16.958] [SEVERE ] removing card from slot 3
[17:07:16.958] [SEVERE ] removing card from slot 4
[17:07:16.958] [SEVERE ] removing card from slot 5
[17:07:16.958] [SEVERE ] removing card from slot 6
[17:07:16.958] [SEVERE ] removing card from slot 7
[17:07:16.958] [SEVERE ] removing card from slot 8
[17:07:16.969] [SEVERE ] removing card from slot 9
[17:07:16.969] [SEVERE ] removing card from slot 10
[17:07:16.969] [SEVERE ] removing card from slot 11
[17:07:17.080] [SEVERE ] placing card 53 in slot 0
[17:07:17.103] [SEVERE ] key 76 was pressed by player 2
[17:07:17.182] [SEVERE ] placing card 77 in slot 1
[17:07:17.293] [SEVERE ] placing card 31 in slot 2
[17:07:17.341] [SEVERE ] setting player 2 freeze to 2000
[17:07:17.341] [SEVERE ] key 70 was pressed by player 1
[17:07:17.403] [SEVERE ] placing card 50 in slot 3
[17:07:17.513] [SEVERE ] placing card 43 in slot 4
[17:07:17.623] [SEVERE ] placing card 32 in slot 5
[17:07:17.734] [SEVERE ] placing card 63 in slot 6
[17:07:17.844] [SEVERE ] placing card 3 in slot 7
[17:07:17.955] [SEVERE ] placing card 7 in slot 8
[17:07:18.066] [SEVERE ] placing card 1 in slot 9
[17:07:18.176] [SEVERE ] placing card 17 in slot 10
[17:07:18.207] [SEVERE ] key 81 was pressed by player 1
[17:07:18.285] [SEVERE ] placing card 45 in slot 11
[17:07:18.285] [SEVERE ] updating countdown to 5000
[17:07:18.285] [SEVERE ] player 1 placing token on slot 0
[17:07:18.349] [SEVERE ] setting player 2 freeze to 1000
[17:07:18.460] [SEVERE ] key 80 was pressed by player 2
[17:07:18.648] [SEVERE ] key 87 was pressed by player 1
[17:07:18.648] [SEVERE ] player 1 placing token on slot 1
[17:07:19.140] [SEVERE ] key 69 was pressed by player 1
[17:07:19.140] [SEVERE ] player 1 placing token on slot 2
[17:07:19.140] [SEVERE ] setting player 1 freeze to 3000
[17:07:19.228] [SEVERE ] key 79 was pressed by player 2
[17:07:19.291] [SEVERE ] updating countdown to 4000
[17:07:19.354] [SEVERE ] setting player 2 freeze to 0
[17:07:19.466] [SEVERE ] key 68 was pressed by player 1
[17:07:19.671] [SEVERE ] key 76 was pressed by player 2
[17:07:19.674] [SEVERE ] player 2 placing token on slot 6
[17:07:19.860] [SEVERE ] player 2 placing token on slot 4
[17:07:20.034] [SEVERE ] key 76 was pressed by player 2
[17:07:20.034] [SEVERE ] removing player 2 token from slot 6
[17:07:20.160] [SEVERE ] setting player 1 freeze to 2000
[17:07:20.191] [SEVERE ] key 68 was pressed by player 1
[17:07:20.301] [SEVERE ] updating countdown to 3000
[17:07:20.348] [SEVERE ] key 76 was pressed by player 2
[17:07:20.348] [SEVERE ] player 2 placing token on slot 6
[17:07:20.364] [SEVERE ] player 2 placing token on slot 9
[17:07:20.364] [SEVERE ] setting player 2 freeze to 3000
[17:07:20.553] [SEVERE ] key 87 was pressed by player 1
[17:07:20.710] [SEVERE ] key 80 was pressed by player 2
[17:07:20.930] [SEVERE ] key 68 was pressed by player 1
[17:07:21.150] [SEVERE ] key 80 was pressed by player 2
[17:07:21.166] [SEVERE ] setting player 1 freeze to 1000
[17:07:21.307] [SEVERE ] updating countdown to 2000
[17:07:21.370] [SEVERE ] setting player 2 freeze to 2000
[17:07:21.494] [SEVERE ] key 81 was pressed by player 1
[17:07:21.589] [SEVERE ] key 80 was pressed by player 2
[17:07:22.002] [SEVERE ] key 79 was pressed by player 2
[17:07:22.140] [SEVERE ] key 69 was pressed by player 1
[17:07:22.172] [SEVERE ] setting player 1 freeze to 0
[17:07:22.299] [SEVERE ] key 80 was pressed by player 2
[17:07:22.314] [SEVERE ] updating countdown to 1000
[17:07:22.377] [SEVERE ] setting player 2 freeze to 1000
[17:07:22.458] [SEVERE ] key 68 was pressed by player 1
[17:07:22.635] [SEVERE ] key 76 was pressed by player 2
[17:07:22.861] [SEVERE ] key 83 was pressed by player 1
[17:07:22.954] [SEVERE ] key 76 was pressed by player 2
[17:07:23.320] [SEVERE ] updating countdown to 0
[17:07:23.382] [SEVERE ] setting player 2 freeze to 0
[17:07:23.751] [SEVERE ] key 46 was pressed by player 2
[17:07:23.899] [SEVERE ] key 68 was pressed by player 1
[17:07:24.052] [SEVERE ] key 80 was pressed by player 2
[17:07:24.329] [SEVERE ] removing player 1 token from slot 0
[17:07:24.329] [SEVERE ] removing player 1 token from slot 1
[17:07:24.329] [SEVERE ] removing player 1 token from slot 2
[17:07:24.329] [SEVERE ] removing player 2 token from slot 4
[17:07:24.329] [SEVERE ] removing player 2 token from slot 6
[17:07:24.329] [SEVERE ] removing player 2 token from slot 9
[17:07:24.329] [SEVERE ] removing card from slot 0
[17:07:24.329] [SEVERE ] removing card from slot 1
[17:07:24.329] [SEVERE ] removing card from slot 2
[17:07:24.329] [SEVERE ] removing card from slot 3
[17:07:24.329] [SEVERE ] removing card from slot 4
[17:07:24.329] [SEVERE ] removing card from slot 5
[17:07:24.329] [SEVERE ] removing card from slot 6
[17:07:24.329] [SEVERE ] removing card from slot 7
[17:07:24.329] [SEVERE ] removing card from slot 8
[17:07:24.329] [SEVERE ] removing card from slot 9
[17:07:24.329] [SEVERE ] removing card from slot 10
[17:07:24.329] [SEVERE ] removing card from slot 11
[17:07:24.347] [SEVERE ] key 79 was pressed by player 2
[17:07:24.441] [SEVERE ] placing card 47 in slot 0
[17:07:24.475] [SEVERE ] key 69 was pressed by player 1
[17:07:24.552] [SEVERE ] placing card 56 in slot 1
[17:07:24.647] [SEVERE ] key 80 was pressed by player 2
[17:07:24.663] [SEVERE ] placing card 73 in slot 2
[17:07:24.774] [SEVERE ] placing card 42 in slot 3
[17:07:24.883] [SEVERE ] placing card 8 in slot 4
[17:07:24.953] [SEVERE ] key 80 was pressed by player 2
[17:07:24.995] [SEVERE ] placing card 28 in slot 5
[17:07:25.105] [SEVERE ] placing card 14 in slot 6
[17:07:25.121] [SEVERE ] key 87 was pressed by player 1
[17:07:25.215] [SEVERE ] placing card 18 in slot 7
[17:07:25.262] [SEVERE ] key 80 was pressed by player 2
[17:07:25.325] [SEVERE ] placing card 64 in slot 8
[17:07:25.435] [SEVERE ] placing card 23 in slot 9
[17:07:25.435] [SEVERE ] key 69 was pressed by player 1
[17:07:25.545] [SEVERE ] placing card 30 in slot 10
[17:07:25.592] [SEVERE ] key 79 was pressed by player 2
[17:07:25.655] [SEVERE ] placing card 57 in slot 11
[17:07:25.655] [SEVERE ] updating countdown to 5000
[17:07:25.655] [SEVERE ] player 1 placing token on slot 1
[17:07:25.655] [SEVERE ] player 2 placing token on slot 3
[17:07:25.655] [SEVERE ] player 2 placing token on slot 7
[17:07:25.655] [SEVERE ] player 1 placing token on slot 2
[17:07:25.655] [SEVERE ] removing player 2 token from slot 3
[17:07:25.655] [SEVERE ] player 2 placing token on slot 1
[17:07:25.655] [SEVERE ] player 2 placing token on slot 2
[17:07:25.655] [SEVERE ] setting player 2 freeze to 3000
[17:07:25.734] [SEVERE ] key 68 was pressed by player 1
[17:07:25.749] [SEVERE ] player 1 placing token on slot 6
[17:07:25.749] [SEVERE ] setting player 1 freeze to 3000
[17:07:25.908] [SEVERE ] key 76 was pressed by player 2
[17:07:26.178] [SEVERE ] key 81 was pressed by player 1
[17:07:26.355] [SEVERE ] key 80 was pressed by player 2
[17:07:26.542] [SEVERE ] key 87 was pressed by player 1
[17:07:26.669] [SEVERE ] setting player 2 freeze to 2000
[17:07:26.669] [SEVERE ] updating countdown to 4000
[17:07:26.700] [SEVERE ] key 76 was pressed by player 2
[17:07:26.763] [SEVERE ] setting player 1 freeze to 2000
[17:07:27.015] [SEVERE ] key 76 was pressed by player 2
[17:07:27.251] [SEVERE ] key 68 was pressed by player 1
[17:07:27.404] [SEVERE ] key 80 was pressed by player 2
[17:07:27.676] [SEVERE ] setting player 2 freeze to 1000
[17:07:27.676] [SEVERE ] updating countdown to 3000
[17:07:27.707] [SEVERE ] key 80 was pressed by player 2
[17:07:27.771] [SEVERE ] setting player 1 freeze to 1000
[17:07:27.864] [SEVERE ] key 68 was pressed by player 1
[17:07:28.089] [SEVERE ] key 80 was pressed by player 2
[17:07:28.220] [SEVERE ] key 79 was pressed by player 2
[17:07:28.432] [SEVERE ] key 87 was pressed by player 1
[17:07:28.575] [SEVERE ] key 80 was pressed by player 2
[17:07:28.685] [SEVERE ] setting player 2 freeze to 0
[17:07:28.685] [SEVERE ] updating countdown to 2000
[17:07:28.764] [SEVERE ] key 69 was pressed by player 1
[17:07:28.780] [SEVERE ] setting player 1 freeze to 0
[17:07:28.890] [SEVERE ] key 79 was pressed by player 2
[17:07:28.890] [SEVERE ] removing player 2 token from slot 2
[17:07:29.126] [SEVERE ] key 81 was pressed by player 1
[17:07:29.316] [SEVERE ] key 80 was pressed by player 2
[17:07:29.317] [SEVERE ] player 2 placing token on slot 3
[17:07:29.317] [SEVERE ] setting player 2 freeze to 3000
[17:07:29.506] [SEVERE ] key 87 was pressed by player 1
[17:07:29.506] [SEVERE ] removing player 1 token from slot 1
[17:07:29.666] [SEVERE ] key 80 was pressed by player 2
[17:07:29.698] [SEVERE ] updating countdown to 1000
[17:07:29.824] [SEVERE ] key 69 was pressed by player 1
[17:07:29.824] [SEVERE ] removing player 1 token from slot 2
[17:07:29.950] [SEVERE ] key 80 was pressed by player 2
[17:07:30.139] [SEVERE ] key 68 was pressed by player 1
[17:07:30.139] [SEVERE ] removing player 1 token from slot 6
[17:07:30.327] [SEVERE ] setting player 2 freeze to 2000
[17:07:30.376] [SEVERE ] key 79 was pressed by player 2
[17:07:30.596] [SEVERE ] key 79 was pressed by player 2
[17:07:30.706] [SEVERE ] updating countdown to 0
[17:07:30.819] [SEVERE ] key 81 was pressed by player 1
[17:07:30.819] [SEVERE ] player 1 placing token on slot 0
[17:07:31.063] [SEVERE ] key 81 was pressed by player 1
[17:07:31.063] [SEVERE ] removing player 1 token from slot 0
[17:07:31.134] [SEVERE ] key 79 was pressed by player 2
[17:07:31.309] [SEVERE ] key 87 was pressed by player 1
[17:07:31.309] [SEVERE ] player 1 placing token on slot 1
[17:07:31.339] [SEVERE ] setting player 2 freeze to 1000
[17:07:31.418] [SEVERE ] key 79 was pressed by player 2
[17:07:31.716] [SEVERE ] removing player 1 token from slot 1
[17:07:31.716] [SEVERE ] removing player 2 token from slot 7
[17:07:31.716] [SEVERE ] removing player 2 token from slot 1
[17:07:31.716] [SEVERE ] removing player 2 token from slot 3
[17:07:31.719] [SEVERE ] removing card from slot 0
[17:07:31.719] [SEVERE ] removing card from slot 1
[17:07:31.719] [SEVERE ] removing card from slot 2
[17:07:31.719] [SEVERE ] removing card from slot 3
[17:07:31.719] [SEVERE ] removing card from slot 4
[17:07:31.719] [SEVERE ] removing card from slot 5
[17:07:31.719] [SEVERE ] removing card from slot 6
[17:07:31.719] [SEVERE ] removing card from slot 7
[17:07:31.719] [SEVERE ] removing card from slot 8
[17:07:31.719] [SEVERE ] removing card from slot 9
[17:07:31.719] [SEVERE ] removing card from slot 10
[17:07:31.719] [SEVERE ] removing card from slot 11
[17:07:31.828] [SEVERE ] key 80 was pressed by player 2
[17:07:31.843] [SEVERE ] placing card 12 in slot 0
[17:07:31.945] [SEVERE ] placing card 39 in slot 1
[17:07:31.964] [SEVERE ] key 81 was pressed by player 1
[17:07:32.055] [SEVERE ] placing card 9 in slot 2
[17:07:32.165] [SEVERE ] placing card 26 in slot 3
[17:07:32.165] [SEVERE ] key 80 was pressed by player 2
[17:07:32.275] [SEVERE ] placing card 80 in slot 4
[17:07:32.290] [SEVERE ] key 87 was pressed by player 1
[17:07:32.353] [SEVERE ] setting player 2 freeze to 0
[17:07:32.384] [SEVERE ] placing card 21 in slot 5
[17:07:32.447] [SEVERE ] key 79 was pressed by player 2
[17:07:32.494] [SEVERE ] placing card 2 in slot 6
[17:07:32.604] [SEVERE ] placing card 33 in slot 7
[17:07:32.635] [SEVERE ] key 87 was pressed by player 1
[17:07:32.714] [SEVERE ] placing card 41 in slot 8
[17:07:32.824] [SEVERE ] placing card 71 in slot 9
[17:07:32.934] [SEVERE ] placing card 51 in slot 10
[17:07:33.044] [SEVERE ] placing card 61 in slot 11
[17:07:33.044] [SEVERE ] updating countdown to 5000
[17:07:33.044] [SEVERE ] player 1 placing token on slot 1
[17:07:33.044] [SEVERE ] removing player 1 token from slot 1
[17:07:33.437] [SEVERE ] key 81 was pressed by player 1
[17:07:33.437] [SEVERE ] player 1 placing token on slot 0
[17:07:33.452] [SEVERE ] player 2 placing token on slot 3
[17:07:33.594] [SEVERE ] key 81 was pressed by player 1
[17:07:33.594] [SEVERE ] removing player 1 token from slot 0
[17:07:33.766] [SEVERE ] key 87 was pressed by player 1
[17:07:33.767] [SEVERE ] player 1 placing token on slot 1
[17:07:33.955] [SEVERE ] player 2 placing token on slot 11
[17:07:33.956] [SEVERE ] key 87 was pressed by player 1
[17:07:33.956] [SEVERE ] removing player 1 token from slot 1
[17:07:34.049] [SEVERE ] updating countdown to 4000
[17:07:34.128] [SEVERE ] key 68 was pressed by player 1
[17:07:34.128] [SEVERE ] player 1 placing token on slot 6
[17:07:34.238] [SEVERE ] key 79 was pressed by player 2
[17:07:34.238] [SEVERE ] player 2 placing token on slot 2
[17:07:34.238] [SEVERE ] setting player 2 freeze to 3000
[17:07:34.383] [SEVERE ] key 68 was pressed by player 1
[17:07:34.383] [SEVERE ] removing player 1 token from slot 6
[17:07:34.444] [SEVERE ] key 80 was pressed by player 2
[17:07:34.602] [SEVERE ] key 79 was pressed by player 2
[17:07:34.730] [SEVERE ] key 87 was pressed by player 1
[17:07:34.730] [SEVERE ] player 1 placing token on slot 1
[17:07:35.060] [SEVERE ] updating countdown to 3000
[17:07:35.076] [SEVERE ] key 81 was pressed by player 1
[17:07:35.076] [SEVERE ] player 1 placing token on slot 0
[17:07:35.249] [SEVERE ] setting player 2 freeze to 2000
[17:07:35.312] [SEVERE ] key 81 was pressed by player 1
[17:07:35.312] [SEVERE ] removing player 1 token from slot 0
[17:07:35.549] [SEVERE ] key 83 was pressed by player 1
[17:07:35.549] [SEVERE ] player 1 placing token on slot 5
[17:07:35.896] [SEVERE ] key 68 was pressed by player 1
[17:07:35.896] [SEVERE ] player 1 placing token on slot 6
[17:07:35.896] [SEVERE ] setting player 1 freeze to 3000
[17:07:36.070] [SEVERE ] updating countdown to 2000
[17:07:36.086] [SEVERE ] key 76 was pressed by player 2
[17:07:36.263] [SEVERE ] setting player 2 freeze to 1000
[17:07:36.310] [SEVERE ] key 87 was pressed by player 1
[17:07:36.404] [SEVERE ] key 76 was pressed by player 2
[17:07:36.560] [SEVERE ] key 68 was pressed by player 1
[17:07:36.702] [SEVERE ] key 80 was pressed by player 2
[17:07:36.843] [SEVERE ] key 69 was pressed by player 1
[17:07:36.906] [SEVERE ] setting player 1 freeze to 2000
[17:07:37.016] [SEVERE ] key 79 was pressed by player 2
[17:07:37.079] [SEVERE ] updating countdown to 1000
[17:07:37.269] [SEVERE ] setting player 2 freeze to 0
[17:07:37.269] [SEVERE ] key 80 was pressed by player 2
[17:07:37.269] [SEVERE ] removing player 2 token from slot 3
[17:07:37.396] [SEVERE ] key 69 was pressed by player 1
[17:07:37.522] [SEVERE ] key 80 was pressed by player 2
[17:07:37.522] [SEVERE ] player 2 placing token on slot 3
[17:07:37.522] [SEVERE ] setting player 2 freeze to 3000
[17:07:37.663] [SEVERE ] key 69 was pressed by player 1
[17:07:37.852] [SEVERE ] key 80 was pressed by player 2
[17:07:37.915] [SEVERE ] setting player 1 freeze to 1000
[17:07:38.041] [SEVERE ] key 69 was pressed by player 1
[17:07:38.088] [SEVERE ] updating countdown to 0
[17:07:38.530] [SEVERE ] setting player 2 freeze to 2000
[17:07:38.925] [SEVERE ] setting player 1 freeze to 0
[17:07:39.099] [SEVERE ] removing player 1 token from slot 1
[17:07:39.099] [SEVERE ] removing player 1 token from slot 5
[17:07:39.099] [SEVERE ] removing player 1 token from slot 6
[17:07:39.099] [SEVERE ] removing player 2 token from slot 11
[17:07:39.099] [SEVERE ] removing player 2 token from slot 2
[17:07:39.099] [SEVERE ] removing player 2 token from slot 3
[17:07:39.099] [SEVERE ] removing card from slot 0
[17:07:39.099] [SEVERE ] removing card from slot 1
[17:07:39.099] [SEVERE ] removing card from slot 2
[17:07:39.099] [SEVERE ] removing card from slot 3
[17:07:39.099] [SEVERE ] removing card from slot 4
[17:07:39.099] [SEVERE ] removing card from slot 5
[17:07:39.099] [SEVERE ] removing card from slot 6
[17:07:39.099] [SEVERE ] removing card from slot 7
[17:07:39.099] [SEVERE ] removing card from slot 8
[17:07:39.099] [SEVERE ] removing card from slot 9
[17:07:39.099] [SEVERE ] removing card from slot 10
[17:07:39.099] [SEVERE ] removing card from slot 11
[17:07:39.215] [SEVERE ] placing card 75 in slot 0
[17:07:39.320] [SEVERE ] placing card 0 in slot 1
[17:07:39.429] [SEVERE ] placing card 10 in slot 2
[17:07:39.540] [SEVERE ] placing card 20 in slot 3
[17:07:39.540] [SEVERE ] setting player 2 freeze to 1000
[17:07:39.650] [SEVERE ] placing card 22 in slot 4
[17:07:39.760] [SEVERE ] placing card 38 in slot 5
[17:07:39.870] [SEVERE ] placing card 59 in slot 6
[17:07:39.980] [SEVERE ] placing card 25 in slot 7
[17:07:40.090] [SEVERE ] placing card 13 in slot 8
[17:07:40.200] [SEVERE ] placing card 58 in slot 9
[17:07:40.310] [SEVERE ] placing card 49 in slot 10
[17:07:40.420] [SEVERE ] placing card 60 in slot 11
[17:07:40.420] [SEVERE ] updating countdown to 5000
[17:07:40.436] [SEVERE ] key 87 was pressed by player 1
[17:07:40.436] [SEVERE ] player 1 placing token on slot 1
[17:07:40.545] [SEVERE ] setting player 2 freeze to 0
[17:07:40.656] [SEVERE ] key 79 was pressed by player 2
[17:07:40.656] [SEVERE ] player 2 placing token on slot 2
[17:07:40.862] [SEVERE ] key 80 was pressed by player 2
[17:07:40.862] [SEVERE ] player 2 placing token on slot 3
[17:07:40.889] [SEVERE ] key 69 was pressed by player 1
[17:07:40.889] [SEVERE ] player 1 placing token on slot 2
[17:07:41.084] [SEVERE ] key 69 was pressed by player 1
[17:07:41.084] [SEVERE ] removing player 1 token from slot 2
[17:07:41.162] [SEVERE ] player 2 placing token on slot 0
[17:07:41.162] [SEVERE ] setting player 2 freeze to 3000
[17:07:41.162] [SEVERE ] key 79 was pressed by player 2
[17:07:41.340] [SEVERE ] key 80 was pressed by player 2
[17:07:41.433] [SEVERE ] updating countdown to 4000
[17:07:41.437] [SEVERE ] key 81 was pressed by player 1
[17:07:41.438] [SEVERE ] player 1 placing token on slot 0
[17:07:41.622] [SEVERE ] key 87 was pressed by player 1
[17:07:41.622] [SEVERE ] removing player 1 token from slot 1
[17:07:41.847] [SEVERE ] key 87 was pressed by player 1
[17:07:41.847] [SEVERE ] player 1 placing token on slot 1
[17:07:42.036] [SEVERE ] key 69 was pressed by player 1
[17:07:42.036] [SEVERE ] player 1 placing token on slot 2
[17:07:42.046] [SEVERE ] setting player 1 freeze to 3000
[17:07:42.162] [SEVERE ] setting player 2 freeze to 2000
[17:07:42.257] [SEVERE ] key 69 was pressed by player 1
[17:07:42.257] [SEVERE ] key 80 was pressed by player 2
[17:07:42.447] [SEVERE ] updating countdown to 3000
[17:07:42.684] [SEVERE ] key 82 was pressed by player 1
[17:07:43.049] [SEVERE ] setting player 1 freeze to 2000
[17:07:43.065] [SEVERE ] key 76 was pressed by player 2
[17:07:43.176] [SEVERE ] setting player 2 freeze to 1000
[17:07:43.208] [SEVERE ] key 68 was pressed by player 1
[17:07:43.462] [SEVERE ] updating countdown to 2000
[17:07:43.620] [SEVERE ] key 76 was pressed by player 2
[17:07:43.746] [SEVERE ] key 83 was pressed by player 1
[17:07:43.890] [SEVERE ] key 80 was pressed by player 2
[17:07:44.032] [SEVERE ] key 87 was pressed by player 1
[17:07:44.063] [SEVERE ] setting player 1 freeze to 1000
[17:07:44.183] [SEVERE ] key 80 was pressed by player 2
[17:07:44.191] [SEVERE ] setting player 2 freeze to 0
[17:07:44.383] [SEVERE ] key 87 was pressed by player 1
[17:07:44.477] [SEVERE ] updating countdown to 1000
[17:07:44.667] [SEVERE ] key 79 was pressed by player 2
[17:07:44.675] [SEVERE ] removing player 2 token from slot 2
[17:07:44.699] [SEVERE ] player 2 placing token on slot 1
[17:07:44.699] [SEVERE ] setting player 2 freeze to 3000
[17:07:44.889] [SEVERE ] key 69 was pressed by player 1
[17:07:45.077] [SEVERE ] setting player 1 freeze to 0
[17:07:45.298] [SEVERE ] key 69 was pressed by player 1
[17:07:45.298] [SEVERE ] removing player 1 token from slot 2
[17:07:45.488] [SEVERE ] updating countdown to 0
[17:07:45.709] [SEVERE ] setting player 2 freeze to 2000
[17:07:45.977] [SEVERE ] key 68 was pressed by player 1
[17:07:45.977] [SEVERE ] player 1 placing token on slot 6
[17:07:45.977] [SEVERE ] setting player 1 freeze to 3000
[17:07:46.246] [SEVERE ] key 59 was pressed by player 2
[17:07:46.499] [SEVERE ] removing player 1 token from slot 0
[17:07:46.499] [SEVERE ] removing player 1 token from slot 1
[17:07:46.499] [SEVERE ] removing player 1 token from slot 6
[17:07:46.499] [SEVERE ] removing player 2 token from slot 3
[17:07:46.499] [SEVERE ] removing player 2 token from slot 0
[17:07:46.499] [SEVERE ] removing player 2 token from slot 1
[17:07:46.499] [SEVERE ] removing card from slot 0
[17:07:46.499] [SEVERE ] removing card from slot 1
[17:07:46.499] [SEVERE ] removing card from slot 2
[17:07:46.499] [SEVERE ] removing card from slot 3
[17:07:46.499] [SEVERE ] removing card from slot 4
[17:07:46.499] [SEVERE ] removing card from slot 5
[17:07:46.499] [SEVERE ] removing card from slot 6
[17:07:46.499] [SEVERE ] removing card from slot 7
[17:07:46.499] [SEVERE ] removing card from slot 8
[17:07:46.499] [SEVERE ] removing card from slot 9
[17:07:46.499] [SEVERE ] removing card from slot 10
[17:07:46.499] [SEVERE ] removing card from slot 11
[17:07:46.600] [SEVERE ] key 69 was pressed by player 1
[17:07:46.612] [SEVERE ] placing card 70 in slot 0
[17:07:46.714] [SEVERE ] placing card 62 in slot 1
[17:07:46.714] [SEVERE ] setting player 2 freeze to 1000
[17:07:46.824] [SEVERE ] placing card 68 in slot 2
[17:07:46.934] [SEVERE ] placing card 4 in slot 3
[17:07:46.981] [SEVERE ] setting player 1 freeze to 2000
[17:07:47.044] [SEVERE ] placing card 48 in slot 4
[17:07:47.154] [SEVERE ] placing card 76 in slot 5
[17:07:47.264] [SEVERE ] placing card 55 in slot 6
[17:07:47.374] [SEVERE ] placing card 74 in slot 7
[17:07:47.484] [SEVERE ] placing card 72 in slot 8
[17:07:47.484] [SEVERE ] updating countdown to 5000
[17:07:47.484] [SEVERE ] updating countdown to 4000
[17:07:47.484] [SEVERE ] removing card from slot 0
[17:07:47.489] [SEVERE ] removing card from slot 1
[17:07:47.489] [SEVERE ] removing card from slot 2
[17:07:47.489] [SEVERE ] removing card from slot 3
[17:07:47.489] [SEVERE ] removing card from slot 4
[17:07:47.489] [SEVERE ] removing card from slot 5
[17:07:47.489] [SEVERE ] removing card from slot 6
[17:07:47.489] [SEVERE ] removing card from slot 7
[17:07:47.489] [SEVERE ] removing card from slot 8
[17:07:47.489] [SEVERE ] removing card from slot 9
[17:07:47.489] [SEVERE ] removing card from slot 10
[17:07:47.489] [SEVERE ] removing card from slot 11
[17:07:47.489] [SEVERE ] announcing winner(s): player 1, player 2
[17:07:47.500] [INFO   ] thread dealer terminated.
[17:07:47.500] [INFO   ] thread dealer terminated.
[17:07:47.716] [SEVERE ] setting player 2 freeze to 0
[17:07:47.984] [SEVERE ] setting player 1 freeze to 1000
[17:07:48.992] [SEVERE ] setting player 1 freeze to 0
[17:07:52.511] [SEVERE ] thanks for playing... it was fun!
[17:07:52.511] [INFO   ] thread main terminated.
[17:07:52.511] [SEVERE ] disposing of user interface elements
