[15:16:16.974] [INFO   ] thread main starting.
[15:16:16.981] [SEVERE ] cannot read configuration file config.properties trying from resources.
[15:16:16.984] [SEVERE ] configuration file was loaded from resources directory.
[15:16:17.892] [INFO   ] thread dealer starting.
[15:16:17.893] [INFO   ] thread player 0 starting.
[15:16:17.894] [INFO   ] thread player 1 starting.
[15:16:17.894] [INFO   ] thread dealer starting.
[15:16:17.896] [INFO   ] thread player 0 starting.
[15:16:17.908] [INFO   ] thread player 1 starting.
[15:16:17.923] [INFO   ] thread computer-1 starting.
[15:16:18.042] [SEVERE ] placing card 22 in slot 0
[15:16:18.150] [SEVERE ] placing card 38 in slot 1
[15:16:18.259] [SEVERE ] placing card 16 in slot 2
[15:16:18.368] [SEVERE ] placing card 50 in slot 3
[15:16:18.476] [SEVERE ] placing card 34 in slot 4
[15:16:18.586] [SEVERE ] placing card 39 in slot 5
[15:16:18.696] [SEVERE ] placing card 72 in slot 6
[15:16:18.803] [SEVERE ] placing card 2 in slot 7
[15:16:18.912] [SEVERE ] placing card 71 in slot 8
[15:16:19.023] [SEVERE ] placing card 41 in slot 9
[15:16:19.131] [SEVERE ] placing card 33 in slot 10
[15:16:19.238] [SEVERE ] placing card 24 in slot 11
[15:16:19.455] [SEVERE ] player 2 placing token on slot 7
[15:16:19.971] [SEVERE ] player 2 placing token on slot 4
[15:16:20.248] [SEVERE ] updating countdown to 59000
[15:16:20.482] [SEVERE ] player 2 placing token on slot 1
[15:16:20.482] [SEVERE ] setting player 2 freeze to 3000
[15:16:21.252] [SEVERE ] updating countdown to 58000
[15:16:21.499] [SEVERE ] setting player 2 freeze to 2000
[15:16:22.256] [SEVERE ] updating countdown to 57000
[15:16:22.508] [SEVERE ] setting player 2 freeze to 1000
[15:16:23.257] [SEVERE ] updating countdown to 56000
[15:16:23.521] [SEVERE ] setting player 2 freeze to 0
[15:16:24.269] [SEVERE ] updating countdown to 55000
[15:16:24.550] [SEVERE ] removing player 2 token from slot 7
[15:16:25.064] [SEVERE ] player 2 placing token on slot 7
[15:16:25.065] [SEVERE ] setting player 2 freeze to 3000
[15:16:25.284] [SEVERE ] updating countdown to 54000
[15:16:26.076] [SEVERE ] setting player 2 freeze to 2000
[15:16:26.293] [SEVERE ] updating countdown to 53000
[15:16:27.087] [SEVERE ] setting player 2 freeze to 1000
[15:16:27.297] [SEVERE ] updating countdown to 52000
[15:16:28.093] [SEVERE ] setting player 2 freeze to 0
[15:16:28.311] [SEVERE ] updating countdown to 51000
[15:16:29.108] [SEVERE ] removing player 2 token from slot 1
[15:16:29.326] [SEVERE ] updating countdown to 50000
[15:16:29.609] [SEVERE ] player 2 placing token on slot 10
[15:16:29.609] [SEVERE ] setting player 2 freeze to 3000
[15:16:30.339] [SEVERE ] updating countdown to 49000
[15:16:30.621] [SEVERE ] setting player 2 freeze to 2000
[15:16:31.345] [SEVERE ] updating countdown to 48000
[15:16:31.630] [SEVERE ] setting player 2 freeze to 1000
[15:16:32.347] [SEVERE ] updating countdown to 47000
[15:16:32.644] [SEVERE ] setting player 2 freeze to 0
[15:16:33.156] [SEVERE ] removing player 2 token from slot 10
[15:16:33.360] [SEVERE ] updating countdown to 46000
[15:16:33.659] [SEVERE ] player 2 placing token on slot 2
[15:16:33.659] [SEVERE ] setting player 2 freeze to 3000
[15:16:34.364] [SEVERE ] updating countdown to 45000
[15:16:34.662] [SEVERE ] setting player 2 freeze to 2000
[15:16:35.378] [SEVERE ] updating countdown to 44000
[15:16:35.675] [SEVERE ] setting player 2 freeze to 1000
[15:16:36.379] [SEVERE ] updating countdown to 43000
[15:16:36.675] [SEVERE ] setting player 2 freeze to 0
[15:16:37.190] [SEVERE ] removing player 2 token from slot 4
[15:16:37.392] [SEVERE ] updating countdown to 42000
[15:16:37.691] [SEVERE ] removing player 2 token from slot 2
[15:16:38.195] [SEVERE ] player 2 placing token on slot 0
[15:16:38.397] [SEVERE ] updating countdown to 41000
[15:16:38.710] [SEVERE ] player 2 placing token on slot 11
[15:16:38.710] [SEVERE ] setting player 2 freeze to 3000
[15:16:39.402] [SEVERE ] updating countdown to 40000
[15:16:39.715] [SEVERE ] setting player 2 freeze to 2000
[15:16:40.408] [SEVERE ] updating countdown to 39000
[15:16:40.721] [SEVERE ] setting player 2 freeze to 1000
[15:16:41.420] [SEVERE ] updating countdown to 38000
[15:16:41.735] [SEVERE ] setting player 2 freeze to 0
[15:16:42.427] [SEVERE ] updating countdown to 37000
[15:16:42.739] [SEVERE ] removing player 2 token from slot 7
[15:16:43.241] [SEVERE ] player 2 placing token on slot 1
[15:16:43.241] [SEVERE ] setting player 2 freeze to 3000
[15:16:43.431] [SEVERE ] updating countdown to 36000
[15:16:44.248] [SEVERE ] setting player 2 freeze to 2000
[15:16:44.438] [SEVERE ] updating countdown to 35000
[15:16:45.263] [SEVERE ] setting player 2 freeze to 1000
[15:16:45.451] [SEVERE ] updating countdown to 34000
[15:16:46.269] [SEVERE ] setting player 2 freeze to 0
[15:16:46.460] [SEVERE ] updating countdown to 33000
[15:16:47.478] [SEVERE ] updating countdown to 32000
[15:16:48.290] [SEVERE ] removing player 2 token from slot 1
[15:16:48.478] [SEVERE ] updating countdown to 31000
[15:16:48.792] [SEVERE ] player 2 placing token on slot 9
[15:16:48.792] [SEVERE ] setting player 2 freeze to 3000
[15:16:49.486] [SEVERE ] updating countdown to 30000
[15:16:49.797] [SEVERE ] setting player 2 freeze to 2000
[15:16:50.501] [SEVERE ] updating countdown to 29000
[15:16:50.803] [SEVERE ] setting player 2 freeze to 1000
[15:16:51.503] [SEVERE ] updating countdown to 28000
[15:16:51.628] [SEVERE ] key 87 was pressed by player 1
[15:16:51.628] [SEVERE ] player 1 placing token on slot 1
[15:16:51.673] [SEVERE ] key 65 was pressed by player 1
[15:16:51.673] [SEVERE ] player 1 placing token on slot 4
[15:16:51.812] [SEVERE ] key 82 was pressed by player 1
[15:16:51.813] [SEVERE ] player 1 placing token on slot 3
[15:16:51.813] [SEVERE ] setting player 1 freeze to 3000
[15:16:51.817] [SEVERE ] setting player 2 freeze to 0
[15:16:52.508] [SEVERE ] updating countdown to 27000
[15:16:52.825] [SEVERE ] setting player 1 freeze to 2000
[15:16:53.325] [SEVERE ] removing player 2 token from slot 9
[15:16:53.515] [SEVERE ] updating countdown to 26000
[15:16:53.837] [SEVERE ] setting player 1 freeze to 1000
[15:16:53.837] [SEVERE ] player 2 placing token on slot 8
[15:16:53.837] [SEVERE ] setting player 2 freeze to 3000
[15:16:54.527] [SEVERE ] updating countdown to 25000
[15:16:54.842] [SEVERE ] setting player 2 freeze to 2000
[15:16:54.842] [SEVERE ] setting player 1 freeze to 0
[15:16:55.529] [SEVERE ] key 82 was pressed by player 1
[15:16:55.529] [SEVERE ] removing player 1 token from slot 3
[15:16:55.531] [SEVERE ] updating countdown to 24000
[15:16:55.847] [SEVERE ] setting player 2 freeze to 1000
[15:16:56.536] [SEVERE ] updating countdown to 23000
[15:16:56.851] [SEVERE ] setting player 2 freeze to 0
[15:16:57.543] [SEVERE ] updating countdown to 22000
[15:16:58.545] [SEVERE ] updating countdown to 21000
[15:16:59.551] [SEVERE ] updating countdown to 20000
[15:16:59.879] [SEVERE ] removing player 2 token from slot 11
[15:17:00.137] [SEVERE ] key 87 was pressed by player 1
[15:17:00.137] [SEVERE ] removing player 1 token from slot 1
[15:17:00.392] [SEVERE ] player 2 placing token on slot 1
[15:17:00.392] [SEVERE ] setting player 2 freeze to 3000
[15:17:00.543] [SEVERE ] key 65 was pressed by player 1
[15:17:00.544] [SEVERE ] removing player 1 token from slot 4
[15:17:00.565] [SEVERE ] updating countdown to 19000
[15:17:01.393] [SEVERE ] setting player 2 freeze to 2000
[15:17:01.581] [SEVERE ] updating countdown to 18000
[15:17:02.405] [SEVERE ] setting player 2 freeze to 1000
[15:17:02.595] [SEVERE ] updating countdown to 17000
[15:17:03.409] [SEVERE ] setting player 2 freeze to 0
[15:17:03.596] [SEVERE ] updating countdown to 16000
[15:17:03.923] [SEVERE ] removing player 2 token from slot 8
[15:17:04.426] [SEVERE ] player 2 placing token on slot 6
[15:17:04.426] [SEVERE ] setting player 2 freeze to 3000
[15:17:04.597] [SEVERE ] updating countdown to 15000
[15:17:05.429] [SEVERE ] setting player 2 freeze to 2000
[15:17:05.603] [SEVERE ] updating countdown to 14000
[15:17:06.433] [SEVERE ] setting player 2 freeze to 1000
[15:17:06.605] [SEVERE ] updating countdown to 13000
[15:17:07.436] [SEVERE ] setting player 2 freeze to 0
[15:17:07.608] [SEVERE ] updating countdown to 12000
[15:17:08.612] [SEVERE ] updating countdown to 11000
[15:17:09.624] [SEVERE ] updating countdown to 10000
[15:17:10.637] [SEVERE ] updating countdown to 9000
[15:17:11.641] [SEVERE ] updating countdown to 8000
[15:17:12.642] [SEVERE ] updating countdown to 7000
[15:17:13.531] [SEVERE ] removing player 2 token from slot 6
[15:17:13.657] [SEVERE ] updating countdown to 6000
[15:17:14.043] [SEVERE ] player 2 placing token on slot 2
[15:17:14.043] [SEVERE ] setting player 2 freeze to 3000
[15:17:14.667] [SEVERE ] updating countdown to 5000
[15:17:15.045] [SEVERE ] setting player 2 freeze to 2000
[15:17:15.672] [SEVERE ] updating countdown to 4000
[15:17:16.046] [SEVERE ] setting player 2 freeze to 1000
[15:17:16.675] [SEVERE ] updating countdown to 3000
[15:17:17.050] [SEVERE ] setting player 2 freeze to 0
[15:17:17.553] [SEVERE ] removing player 2 token from slot 0
[15:17:17.677] [SEVERE ] updating countdown to 2000
[15:17:18.057] [SEVERE ] player 2 placing token on slot 6
[15:17:18.057] [SEVERE ] setting player 2 freeze to 3000
[15:17:18.683] [SEVERE ] updating countdown to 1000
[15:17:19.071] [SEVERE ] setting player 2 freeze to 2000
[15:17:19.696] [SEVERE ] updating countdown to 0
[15:17:20.084] [SEVERE ] setting player 2 freeze to 1000
[15:17:21.097] [SEVERE ] setting player 2 freeze to 0
[15:17:23.131] [SEVERE ] removing player 2 token from slot 2
[15:17:23.646] [SEVERE ] player 2 placing token on slot 2
[15:17:23.646] [SEVERE ] setting player 2 freeze to 3000
[15:17:24.657] [SEVERE ] setting player 2 freeze to 2000
[15:17:25.672] [SEVERE ] setting player 2 freeze to 1000
[15:17:26.684] [SEVERE ] setting player 2 freeze to 0
[15:17:27.698] [SEVERE ] removing player 2 token from slot 6
[15:17:28.213] [SEVERE ] player 2 placing token on slot 11
[15:17:28.214] [SEVERE ] setting player 2 freeze to 3000
[15:17:29.228] [SEVERE ] setting player 2 freeze to 2000
[15:17:30.229] [SEVERE ] setting player 2 freeze to 1000
[15:17:31.231] [SEVERE ] setting player 2 freeze to 0
[15:17:45.541] [SEVERE ] removing player 2 token from slot 1
[15:17:45.555] [INFO   ] thread dealer terminated.
[15:17:50.556] [SEVERE ] thanks for playing... it was fun!
[15:17:50.556] [INFO   ] thread main terminated.
[15:17:50.556] [SEVERE ] disposing of user interface elements
