[23:48:13.924] [INFO   ] thread main starting.
[23:48:13.957] [SEVERE ] cannot read configuration file config.properties trying from resources.
[23:48:13.969] [SEVERE ] configuration file was loaded from resources directory.
[23:48:14.843] [INFO   ] thread dealer starting.
[23:48:14.843] [INFO   ] thread player 0 starting.
[23:48:14.843] [INFO   ] thread player 1 starting.
[23:48:14.843] [INFO   ] thread player 0 starting.
[23:48:14.843] [INFO   ] thread player 1 starting.
[23:48:14.843] [INFO   ] thread player 2 starting.
[23:48:14.851] [INFO   ] thread player 3 starting.
[23:48:14.851] [INFO   ] thread dealer starting.
[23:48:14.864] [INFO   ] thread player 3 starting.
[23:48:14.865] [INFO   ] thread computer-0 starting.
[23:48:14.864] [INFO   ] thread computer-1 starting.
[23:48:14.864] [INFO   ] thread player 2 starting.
[23:48:14.873] [INFO   ] thread computer-3 starting.
[23:48:14.880] [INFO   ] thread computer-2 starting.
[23:48:14.986] [SEVERE ] placing card 38 in slot 0
[23:48:15.097] [SEVERE ] placing card 46 in slot 1
[23:48:15.207] [SEVERE ] placing card 26 in slot 2
[23:48:15.318] [SEVERE ] placing card 65 in slot 3
[23:48:15.423] [SEVERE ] placing card 67 in slot 4
[23:48:15.538] [SEVERE ] placing card 23 in slot 5
[23:48:15.645] [SEVERE ] placing card 77 in slot 6
[23:48:15.756] [SEVERE ] placing card 3 in slot 7
[23:48:15.868] [SEVERE ] placing card 31 in slot 8
[23:48:15.971] [SEVERE ] placing card 70 in slot 9
[23:48:16.078] [SEVERE ] placing card 7 in slot 10
[23:48:16.189] [SEVERE ] placing card 11 in slot 11
[23:48:17.189] [SEVERE ] updating countdown to 4000
[23:48:17.424] [SEVERE ] player 3 placing token on slot 8
[23:48:17.488] [SEVERE ] player 4 placing token on slot 8
[23:48:17.489] [SEVERE ] player 2 placing token on slot 2
[23:48:17.489] [SEVERE ] player 1 placing token on slot 2
[23:48:17.926] [SEVERE ] player 3 placing token on slot 2
[23:48:18.000] [SEVERE ] player 4 placing token on slot 5
[23:48:18.000] [SEVERE ] player 1 placing token on slot 10
[23:48:18.000] [SEVERE ] player 2 placing token on slot 0
[23:48:18.190] [SEVERE ] updating countdown to 3000
[23:48:18.441] [SEVERE ] removing player 3 token from slot 8
[23:48:18.506] [SEVERE ] removing player 2 token from slot 2
[23:48:18.506] [SEVERE ] player 1 placing token on slot 3
[23:48:18.506] [SEVERE ] removing player 4 token from slot 8
[23:48:18.506] [SEVERE ] setting player 1 freeze to 3000
[23:48:18.943] [SEVERE ] player 3 placing token on slot 0
[23:48:19.021] [SEVERE ] player 2 placing token on slot 8
[23:48:19.022] [SEVERE ] player 4 placing token on slot 1
[23:48:19.192] [SEVERE ] updating countdown to 2000
[23:48:19.445] [SEVERE ] player 3 placing token on slot 9
[23:48:19.445] [SEVERE ] setting player 3 freeze to 3000
[23:48:19.521] [SEVERE ] setting player 1 freeze to 2000
[23:48:19.530] [SEVERE ] player 4 placing token on slot 2
[23:48:19.530] [SEVERE ] player 2 placing token on slot 6
[23:48:19.530] [SEVERE ] setting player 4 freeze to 3000
[23:48:19.530] [SEVERE ] setting player 2 freeze to 3000
[23:48:20.197] [SEVERE ] updating countdown to 1000
[23:48:20.449] [SEVERE ] setting player 3 freeze to 2000
[23:48:20.528] [SEVERE ] setting player 1 freeze to 1000
[23:48:20.544] [SEVERE ] setting player 4 freeze to 2000
[23:48:20.544] [SEVERE ] setting player 2 freeze to 2000
[23:48:21.206] [SEVERE ] updating countdown to 0
[23:48:21.458] [SEVERE ] setting player 3 freeze to 1000
[23:48:21.537] [SEVERE ] setting player 1 freeze to 0
[23:48:21.553] [SEVERE ] setting player 2 freeze to 1000
[23:48:21.553] [SEVERE ] setting player 4 freeze to 1000
[23:48:22.221] [SEVERE ] removing player 1 token from slot 2
[23:48:22.221] [SEVERE ] removing player 1 token from slot 10
[23:48:22.221] [SEVERE ] removing player 1 token from slot 3
[23:48:22.221] [SEVERE ] removing player 2 token from slot 0
[23:48:22.221] [SEVERE ] removing player 2 token from slot 8
[23:48:22.221] [SEVERE ] removing player 2 token from slot 6
[23:48:22.221] [SEVERE ] removing player 3 token from slot 2
[23:48:22.221] [SEVERE ] removing player 3 token from slot 0
[23:48:22.221] [SEVERE ] removing player 3 token from slot 9
[23:48:22.221] [SEVERE ] removing player 4 token from slot 5
[23:48:22.221] [SEVERE ] removing player 4 token from slot 1
[23:48:22.221] [SEVERE ] removing player 4 token from slot 2
[23:48:22.330] [SEVERE ] removing card from slot 0
[23:48:22.441] [SEVERE ] removing card from slot 1
[23:48:22.473] [SEVERE ] setting player 3 freeze to 0
[23:48:22.553] [SEVERE ] removing card from slot 2
[23:48:22.569] [SEVERE ] setting player 4 freeze to 0
[23:48:22.569] [SEVERE ] setting player 2 freeze to 0
[23:48:22.654] [SEVERE ] removing card from slot 3
[23:48:22.757] [SEVERE ] removing card from slot 4
[23:48:22.867] [SEVERE ] removing card from slot 5
[23:48:22.977] [SEVERE ] removing card from slot 6
[23:48:23.090] [SEVERE ] removing card from slot 7
[23:48:23.190] [SEVERE ] removing card from slot 8
[23:48:23.300] [SEVERE ] removing card from slot 9
[23:48:23.410] [SEVERE ] removing card from slot 10
[23:48:23.522] [SEVERE ] removing card from slot 11
[23:48:23.635] [SEVERE ] placing card 63 in slot 0
[23:48:23.739] [SEVERE ] placing card 21 in slot 1
[23:48:23.849] [SEVERE ] placing card 53 in slot 2
[23:48:23.960] [SEVERE ] placing card 35 in slot 3
[23:48:24.071] [SEVERE ] placing card 27 in slot 4
[23:48:24.180] [SEVERE ] placing card 69 in slot 5
[23:48:24.291] [SEVERE ] placing card 60 in slot 6
[23:48:24.402] [SEVERE ] placing card 29 in slot 7
[23:48:24.513] [SEVERE ] placing card 43 in slot 8
[23:48:24.617] [SEVERE ] placing card 57 in slot 9
[23:48:24.728] [SEVERE ] placing card 36 in slot 10
[23:48:24.838] [SEVERE ] placing card 14 in slot 11
[23:48:24.838] [SEVERE ] updating countdown to 5000
[23:48:25.075] [SEVERE ] player 1 placing token on slot 3
[23:48:25.108] [SEVERE ] player 4 placing token on slot 10
[23:48:25.576] [SEVERE ] player 1 placing token on slot 0
[23:48:25.621] [SEVERE ] player 4 placing token on slot 4
[23:48:25.839] [SEVERE ] updating countdown to 4000
[23:48:26.091] [SEVERE ] player 1 placing token on slot 9
[23:48:26.091] [SEVERE ] setting player 1 freeze to 3000
[23:48:26.129] [SEVERE ] player 4 placing token on slot 3
[23:48:26.129] [SEVERE ] setting player 4 freeze to 3000
[23:48:26.844] [SEVERE ] updating countdown to 3000
[23:48:27.098] [SEVERE ] setting player 1 freeze to 2000
[23:48:27.145] [SEVERE ] setting player 4 freeze to 2000
[23:48:27.857] [SEVERE ] updating countdown to 2000
[23:48:28.110] [SEVERE ] setting player 1 freeze to 1000
[23:48:28.157] [SEVERE ] setting player 4 freeze to 1000
[23:48:28.866] [SEVERE ] updating countdown to 1000
[23:48:29.118] [SEVERE ] setting player 1 freeze to 0
[23:48:29.165] [SEVERE ] setting player 4 freeze to 0
[23:48:29.624] [SEVERE ] removing player 1 token from slot 3
[23:48:29.866] [SEVERE ] updating countdown to 0
[23:48:30.133] [SEVERE ] player 1 placing token on slot 10
[23:48:30.134] [SEVERE ] setting player 1 freeze to 3000
[23:48:30.869] [SEVERE ] removing player 1 token from slot 0
[23:48:30.869] [SEVERE ] removing player 1 token from slot 9
[23:48:30.869] [SEVERE ] removing player 1 token from slot 10
[23:48:30.869] [SEVERE ] removing player 4 token from slot 10
[23:48:30.869] [SEVERE ] removing player 4 token from slot 4
[23:48:30.869] [SEVERE ] removing player 4 token from slot 3
[23:48:30.979] [SEVERE ] removing card from slot 0
[23:48:31.085] [SEVERE ] removing card from slot 1
[23:48:31.148] [SEVERE ] setting player 1 freeze to 2000
[23:48:31.195] [SEVERE ] removing card from slot 2
[23:48:31.305] [SEVERE ] removing card from slot 3
[23:48:31.416] [SEVERE ] removing card from slot 4
[23:48:31.526] [SEVERE ] removing card from slot 5
[23:48:31.636] [SEVERE ] removing card from slot 6
[23:48:31.740] [SEVERE ] removing card from slot 7
[23:48:31.854] [SEVERE ] removing card from slot 8
[23:48:31.965] [SEVERE ] removing card from slot 9
[23:48:32.076] [SEVERE ] removing card from slot 10
[23:48:32.154] [SEVERE ] setting player 1 freeze to 1000
[23:48:32.186] [SEVERE ] removing card from slot 11
[23:48:32.299] [SEVERE ] placing card 51 in slot 0
[23:48:32.401] [SEVERE ] placing card 28 in slot 1
[23:48:32.511] [SEVERE ] placing card 22 in slot 2
[23:48:32.621] [SEVERE ] placing card 32 in slot 3
[23:48:32.732] [SEVERE ] placing card 45 in slot 4
[23:48:32.854] [SEVERE ] placing card 1 in slot 5
[23:48:32.964] [SEVERE ] placing card 39 in slot 6
[23:48:33.074] [SEVERE ] placing card 71 in slot 7
[23:48:33.168] [SEVERE ] setting player 1 freeze to 0
[23:48:33.184] [SEVERE ] placing card 64 in slot 8
[23:48:33.288] [SEVERE ] placing card 72 in slot 9
[23:48:33.390] [SEVERE ] placing card 9 in slot 10
[23:48:33.501] [SEVERE ] placing card 40 in slot 11
[23:48:33.503] [SEVERE ] updating countdown to 5000
[23:48:33.676] [SEVERE ] player 1 placing token on slot 1
[23:48:33.739] [SEVERE ] player 4 placing token on slot 3
[23:48:34.191] [SEVERE ] player 1 placing token on slot 11
[23:48:34.253] [SEVERE ] player 4 placing token on slot 8
[23:48:34.515] [SEVERE ] updating countdown to 4000
[23:48:34.704] [SEVERE ] player 1 placing token on slot 0
[23:48:34.704] [SEVERE ] setting player 1 freeze to 3000
[23:48:34.769] [SEVERE ] player 4 placing token on slot 9
[23:48:34.770] [SEVERE ] setting player 4 freeze to 3000
[23:48:35.524] [SEVERE ] updating countdown to 3000
[23:48:35.712] [SEVERE ] setting player 1 freeze to 2000
[23:48:35.775] [SEVERE ] setting player 4 freeze to 2000
[23:48:36.530] [SEVERE ] updating countdown to 2000
[23:48:36.719] [SEVERE ] setting player 1 freeze to 1000
[23:48:36.781] [SEVERE ] setting player 4 freeze to 1000
[23:48:37.537] [SEVERE ] updating countdown to 1000
[23:48:37.727] [SEVERE ] setting player 1 freeze to 0
[23:48:37.789] [SEVERE ] setting player 4 freeze to 0
[23:48:38.231] [SEVERE ] removing player 1 token from slot 11
[23:48:38.546] [SEVERE ] updating countdown to 0
[23:48:38.736] [SEVERE ] player 1 placing token on slot 9
[23:48:38.736] [SEVERE ] setting player 1 freeze to 3000
[23:48:39.553] [SEVERE ] removing player 1 token from slot 1
[23:48:39.553] [SEVERE ] removing player 1 token from slot 0
[23:48:39.553] [SEVERE ] removing player 1 token from slot 9
[23:48:39.553] [SEVERE ] removing player 4 token from slot 3
[23:48:39.553] [SEVERE ] removing player 4 token from slot 8
[23:48:39.553] [SEVERE ] removing player 4 token from slot 9
[23:48:39.664] [SEVERE ] removing card from slot 0
[23:48:39.743] [SEVERE ] setting player 1 freeze to 2000
[23:48:39.774] [SEVERE ] removing card from slot 1
[23:48:39.886] [SEVERE ] removing card from slot 2
[23:48:39.998] [SEVERE ] removing card from slot 3
[23:48:40.108] [SEVERE ] removing card from slot 4
[23:48:40.219] [SEVERE ] removing card from slot 5
[23:48:40.329] [SEVERE ] removing card from slot 6
[23:48:40.453] [SEVERE ] removing card from slot 7
[23:48:40.563] [SEVERE ] removing card from slot 8
[23:48:40.673] [SEVERE ] removing card from slot 9
[23:48:40.752] [SEVERE ] setting player 1 freeze to 1000
[23:48:40.783] [SEVERE ] removing card from slot 10
[23:48:40.886] [SEVERE ] removing card from slot 11
[23:48:40.999] [SEVERE ] placing card 55 in slot 0
[23:48:41.109] [SEVERE ] placing card 80 in slot 1
[23:48:41.219] [SEVERE ] placing card 6 in slot 2
[23:48:41.330] [SEVERE ] placing card 79 in slot 3
[23:48:41.436] [SEVERE ] placing card 30 in slot 4
[23:48:41.546] [SEVERE ] placing card 54 in slot 5
[23:48:41.657] [SEVERE ] placing card 49 in slot 6
[23:48:41.767] [SEVERE ] setting player 1 freeze to 0
[23:48:41.767] [SEVERE ] placing card 78 in slot 7
[23:48:41.871] [SEVERE ] placing card 75 in slot 8
[23:48:41.984] [SEVERE ] placing card 42 in slot 9
[23:48:42.094] [SEVERE ] placing card 15 in slot 10
[23:48:42.204] [SEVERE ] placing card 13 in slot 11
[23:48:42.204] [SEVERE ] updating countdown to 5000
[23:48:42.267] [SEVERE ] player 1 placing token on slot 10
[23:48:42.346] [SEVERE ] player 4 placing token on slot 5
[23:48:42.775] [SEVERE ] player 1 placing token on slot 2
[23:48:42.861] [SEVERE ] player 4 placing token on slot 11
[23:48:43.214] [SEVERE ] updating countdown to 4000
[23:48:43.277] [SEVERE ] player 1 placing token on slot 4
[23:48:43.277] [SEVERE ] setting player 1 freeze to 3000
[23:48:43.376] [SEVERE ] player 4 placing token on slot 1
[23:48:43.376] [SEVERE ] setting player 4 freeze to 3000
[23:48:44.217] [SEVERE ] updating countdown to 3000
[23:48:44.280] [SEVERE ] setting player 1 freeze to 2000
[23:48:44.390] [SEVERE ] setting player 4 freeze to 2000
[23:48:45.222] [SEVERE ] updating countdown to 2000
[23:48:45.285] [SEVERE ] setting player 1 freeze to 1000
[23:48:45.395] [SEVERE ] setting player 4 freeze to 1000
[23:48:46.232] [SEVERE ] updating countdown to 1000
[23:48:46.295] [SEVERE ] setting player 1 freeze to 0
[23:48:46.406] [SEVERE ] setting player 4 freeze to 0
[23:48:47.234] [SEVERE ] updating countdown to 0
[23:48:48.249] [SEVERE ] removing player 1 token from slot 10
[23:48:48.249] [SEVERE ] removing player 1 token from slot 2
[23:48:48.249] [SEVERE ] removing player 1 token from slot 4
[23:48:48.249] [SEVERE ] removing player 4 token from slot 5
[23:48:48.249] [SEVERE ] removing player 4 token from slot 11
[23:48:48.249] [SEVERE ] removing player 4 token from slot 1
[23:48:48.352] [SEVERE ] removing card from slot 0
[23:48:48.457] [SEVERE ] removing card from slot 1
[23:48:48.559] [SEVERE ] removing card from slot 2
[23:48:48.669] [SEVERE ] removing card from slot 3
[23:48:48.780] [SEVERE ] removing card from slot 4
[23:48:48.885] [SEVERE ] removing card from slot 5
[23:48:48.998] [SEVERE ] removing card from slot 6
[23:48:49.102] [SEVERE ] removing card from slot 7
[23:48:49.211] [SEVERE ] removing card from slot 8
[23:48:49.321] [SEVERE ] removing card from slot 9
[23:48:49.433] [SEVERE ] removing card from slot 10
[23:48:49.546] [SEVERE ] removing card from slot 11
[23:48:49.650] [SEVERE ] placing card 59 in slot 0
[23:48:49.761] [SEVERE ] placing card 68 in slot 1
[23:48:49.868] [SEVERE ] placing card 5 in slot 2
[23:48:49.974] [SEVERE ] placing card 41 in slot 3
[23:48:50.084] [SEVERE ] placing card 19 in slot 4
[23:48:50.187] [SEVERE ] placing card 47 in slot 5
[23:48:50.297] [SEVERE ] placing card 20 in slot 6
[23:48:50.401] [SEVERE ] placing card 18 in slot 7
[23:48:50.517] [SEVERE ] placing card 58 in slot 8
[23:48:50.624] [SEVERE ] placing card 48 in slot 9
[23:48:50.734] [SEVERE ] placing card 73 in slot 10
[23:48:50.844] [SEVERE ] placing card 34 in slot 11
[23:48:50.844] [SEVERE ] updating countdown to 5000
[23:48:50.861] [SEVERE ] player 1 placing token on slot 1
[23:48:50.978] [SEVERE ] player 4 placing token on slot 9
[23:48:51.361] [SEVERE ] player 1 placing token on slot 9
[23:48:51.486] [SEVERE ] player 4 placing token on slot 3
[23:48:51.847] [SEVERE ] updating countdown to 4000
[23:48:51.863] [SEVERE ] player 1 placing token on slot 0
[23:48:51.863] [SEVERE ] setting player 1 freeze to 3000
[23:48:51.992] [SEVERE ] removing player 4 token from slot 3
[23:48:52.502] [SEVERE ] player 4 placing token on slot 6
[23:48:52.860] [SEVERE ] updating countdown to 3000
[23:48:52.876] [SEVERE ] setting player 1 freeze to 2000
[23:48:53.017] [SEVERE ] player 4 placing token on slot 1
[23:48:53.020] [SEVERE ] setting player 4 freeze to 3000
[23:48:53.864] [SEVERE ] updating countdown to 2000
[23:48:53.879] [SEVERE ] setting player 1 freeze to 1000
[23:48:54.021] [SEVERE ] setting player 4 freeze to 2000
[23:48:54.878] [SEVERE ] updating countdown to 1000
[23:48:54.895] [SEVERE ] setting player 1 freeze to 0
[23:48:55.021] [SEVERE ] setting player 4 freeze to 1000
[23:48:55.885] [SEVERE ] updating countdown to 0
[23:48:56.037] [SEVERE ] setting player 4 freeze to 0
[23:48:56.413] [SEVERE ] removing player 1 token from slot 0
[23:48:56.888] [SEVERE ] removing player 1 token from slot 1
[23:48:56.888] [SEVERE ] removing player 1 token from slot 9
[23:48:56.888] [SEVERE ] removing player 4 token from slot 9
[23:48:56.888] [SEVERE ] removing player 4 token from slot 6
[23:48:56.888] [SEVERE ] removing player 4 token from slot 1
[23:48:56.994] [SEVERE ] removing card from slot 0
[23:48:57.100] [SEVERE ] removing card from slot 1
[23:48:57.213] [SEVERE ] removing card from slot 2
[23:48:57.323] [SEVERE ] removing card from slot 3
[23:48:57.434] [SEVERE ] removing card from slot 4
[23:48:57.539] [SEVERE ] removing card from slot 5
[23:48:57.649] [SEVERE ] removing card from slot 6
[23:48:57.754] [SEVERE ] removing card from slot 7
[23:48:57.864] [SEVERE ] removing card from slot 8
[23:48:57.970] [SEVERE ] removing card from slot 9
[23:48:58.082] [SEVERE ] removing card from slot 10
[23:48:58.189] [SEVERE ] removing card from slot 11
[23:48:58.300] [SEVERE ] placing card 52 in slot 0
[23:48:58.409] [SEVERE ] placing card 76 in slot 1
[23:48:58.519] [SEVERE ] placing card 10 in slot 2
[23:48:58.628] [SEVERE ] placing card 74 in slot 3
[23:48:58.739] [SEVERE ] placing card 66 in slot 4
[23:48:58.849] [SEVERE ] placing card 16 in slot 5
[23:48:58.960] [SEVERE ] placing card 8 in slot 6
[23:48:59.067] [SEVERE ] placing card 61 in slot 7
[23:48:59.171] [SEVERE ] placing card 25 in slot 8
[23:48:59.281] [SEVERE ] placing card 50 in slot 9
[23:48:59.391] [SEVERE ] placing card 0 in slot 10
[23:48:59.501] [SEVERE ] placing card 12 in slot 11
[23:48:59.501] [SEVERE ] updating countdown to 5000
[23:48:59.606] [SEVERE ] player 4 placing token on slot 7
[23:48:59.972] [SEVERE ] player 1 placing token on slot 8
[23:49:00.121] [SEVERE ] removing player 4 token from slot 7
[23:49:00.482] [SEVERE ] player 1 placing token on slot 3
[23:49:00.513] [SEVERE ] updating countdown to 4000
[23:49:00.634] [SEVERE ] player 4 placing token on slot 6
[23:49:00.989] [SEVERE ] player 1 placing token on slot 7
[23:49:00.990] [SEVERE ] setting player 1 freeze to 3000
[23:49:01.148] [SEVERE ] player 4 placing token on slot 0
[23:49:01.518] [SEVERE ] updating countdown to 3000
[23:49:01.660] [SEVERE ] removing player 4 token from slot 6
[23:49:01.994] [SEVERE ] setting player 1 freeze to 2000
[23:49:02.167] [SEVERE ] player 4 placing token on slot 7
[23:49:02.529] [SEVERE ] updating countdown to 2000
[23:49:02.671] [SEVERE ] player 4 placing token on slot 8
[23:49:02.671] [SEVERE ] setting player 4 freeze to 3000
[23:49:03.003] [SEVERE ] setting player 1 freeze to 1000
[23:49:03.539] [SEVERE ] updating countdown to 1000
[23:49:03.681] [SEVERE ] setting player 4 freeze to 2000
[23:49:04.011] [SEVERE ] setting player 1 freeze to 0
[23:49:04.540] [SEVERE ] updating countdown to 0
[23:49:04.687] [SEVERE ] setting player 4 freeze to 1000
[23:49:05.018] [SEVERE ] removing player 1 token from slot 7
[23:49:05.518] [SEVERE ] player 1 placing token on slot 6
[23:49:05.519] [SEVERE ] setting player 1 freeze to 3000
[23:49:05.550] [SEVERE ] removing player 1 token from slot 8
[23:49:05.550] [SEVERE ] removing player 1 token from slot 3
[23:49:05.550] [SEVERE ] removing player 1 token from slot 6
[23:49:05.550] [SEVERE ] removing player 4 token from slot 0
[23:49:05.550] [SEVERE ] removing player 4 token from slot 7
[23:49:05.550] [SEVERE ] removing player 4 token from slot 8
[23:49:05.664] [SEVERE ] removing card from slot 0
[23:49:05.696] [SEVERE ] setting player 4 freeze to 0
[23:49:05.774] [SEVERE ] removing card from slot 1
[23:49:05.884] [SEVERE ] removing card from slot 2
[23:49:05.994] [SEVERE ] removing card from slot 3
[23:49:06.104] [SEVERE ] removing card from slot 4
[23:49:06.214] [SEVERE ] removing card from slot 5
[23:49:06.318] [SEVERE ] removing card from slot 6
[23:49:06.428] [SEVERE ] removing card from slot 7
[23:49:06.523] [SEVERE ] setting player 1 freeze to 2000
[23:49:06.538] [SEVERE ] removing card from slot 8
[23:49:06.648] [SEVERE ] removing card from slot 9
[23:49:06.754] [SEVERE ] removing card from slot 10
[23:49:06.855] [SEVERE ] removing card from slot 11
[23:49:06.965] [SEVERE ] placing card 4 in slot 0
[23:49:07.085] [SEVERE ] placing card 17 in slot 1
[23:49:07.189] [SEVERE ] placing card 62 in slot 2
[23:49:07.299] [SEVERE ] placing card 33 in slot 3
[23:49:07.406] [SEVERE ] placing card 56 in slot 4
[23:49:07.522] [SEVERE ] placing card 24 in slot 5
[23:49:07.537] [SEVERE ] setting player 1 freeze to 1000
[23:49:07.628] [SEVERE ] placing card 2 in slot 6
[23:49:07.732] [SEVERE ] placing card 44 in slot 7
[23:49:07.834] [SEVERE ] placing card 37 in slot 8
[23:49:07.834] [SEVERE ] updating countdown to 5000
[23:49:08.239] [SEVERE ] player 4 placing token on slot 7
[23:49:08.547] [SEVERE ] setting player 1 freeze to 0
[23:49:08.752] [SEVERE ] player 4 placing token on slot 6
[23:49:08.849] [SEVERE ] updating countdown to 4000
[23:49:09.253] [SEVERE ] player 4 placing token on slot 8
[23:49:09.253] [SEVERE ] setting player 4 freeze to 3000
[23:49:09.563] [SEVERE ] player 1 placing token on slot 7
[23:49:09.856] [SEVERE ] updating countdown to 3000
[23:49:10.078] [SEVERE ] player 1 placing token on slot 6
[23:49:10.254] [SEVERE ] setting player 4 freeze to 2000
[23:49:10.585] [SEVERE ] player 1 placing token on slot 2
[23:49:10.585] [SEVERE ] setting player 1 freeze to 3000
[23:49:10.864] [SEVERE ] updating countdown to 2000
[23:49:11.258] [SEVERE ] setting player 4 freeze to 1000
[23:49:11.589] [SEVERE ] setting player 1 freeze to 2000
[23:49:11.874] [SEVERE ] updating countdown to 1000
[23:49:12.269] [SEVERE ] setting player 4 freeze to 0
[23:49:12.600] [SEVERE ] setting player 1 freeze to 1000
[23:49:12.874] [SEVERE ] updating countdown to 0
[23:49:12.874] [SEVERE ] removing player 1 token from slot 7
[23:49:12.874] [SEVERE ] removing player 1 token from slot 6
[23:49:12.874] [SEVERE ] removing player 1 token from slot 2
[23:49:12.874] [SEVERE ] removing player 4 token from slot 7
[23:49:12.874] [SEVERE ] removing player 4 token from slot 6
[23:49:12.874] [SEVERE ] removing player 4 token from slot 8
[23:49:12.984] [SEVERE ] removing card from slot 0
[23:49:13.095] [SEVERE ] removing card from slot 1
[23:49:13.205] [SEVERE ] removing card from slot 2
[23:49:13.316] [SEVERE ] removing card from slot 3
[23:49:13.422] [SEVERE ] removing card from slot 4
[23:49:13.532] [SEVERE ] removing card from slot 5
[23:49:13.611] [SEVERE ] setting player 1 freeze to 0
[23:49:13.643] [SEVERE ] removing card from slot 6
[23:49:13.754] [SEVERE ] removing card from slot 7
[23:49:13.857] [SEVERE ] removing card from slot 8
[23:49:13.968] [SEVERE ] removing card from slot 9
[23:49:14.080] [SEVERE ] removing card from slot 10
[23:49:14.192] [SEVERE ] removing card from slot 11
[23:49:14.192] [SEVERE ] updating countdown to 5000
[23:49:14.296] [SEVERE ] removing card from slot 0
[23:49:14.399] [SEVERE ] removing card from slot 1
[23:49:14.510] [SEVERE ] removing card from slot 2
[23:49:14.620] [SEVERE ] removing card from slot 3
[23:49:14.730] [SEVERE ] removing card from slot 4
[23:49:14.832] [SEVERE ] removing card from slot 5
[23:49:14.937] [SEVERE ] removing card from slot 6
[23:49:15.047] [SEVERE ] removing card from slot 7
[23:49:15.153] [SEVERE ] removing card from slot 8
[23:49:15.255] [SEVERE ] removing card from slot 9
[23:49:15.367] [SEVERE ] removing card from slot 10
[23:49:15.470] [SEVERE ] removing card from slot 11
[23:49:15.472] [SEVERE ] announcing winner(s): player 1, player 2, player 3, player 4
[23:49:15.479] [INFO   ] thread dealer terminated.
[23:49:15.479] [INFO   ] thread dealer terminated.
[23:49:20.497] [SEVERE ] thanks for playing... it was fun!
[23:49:20.497] [INFO   ] thread main terminated.
[23:49:20.497] [SEVERE ] disposing of user interface elements
