[22:04:11.072] [INFO   ] thread main starting.
[22:04:11.098] [SEVERE ] cannot read configuration file config.properties trying from resources.
[22:04:11.107] [SEVERE ] configuration file was loaded from resources directory.
[22:04:11.944] [INFO   ] thread dealer starting.
[22:04:11.946] [INFO   ] thread player 0 starting.
[22:04:11.951] [INFO   ] thread player 1 starting.
[22:04:11.952] [INFO   ] thread dealer starting.
[22:04:11.959] [INFO   ] thread player 0 starting.
[22:04:11.959] [INFO   ] thread player 1 starting.
[22:04:12.077] [SEVERE ] placing card 46 in slot 0
[22:04:12.189] [SEVERE ] placing card 56 in slot 1
[22:04:12.295] [SEVERE ] placing card 33 in slot 2
[22:04:12.398] [SEVERE ] placing card 54 in slot 3
[22:04:12.512] [SEVERE ] placing card 44 in slot 4
[22:04:12.623] [SEVERE ] placing card 1 in slot 5
[22:04:12.735] [SEVERE ] placing card 58 in slot 6
[22:04:12.846] [SEVERE ] placing card 75 in slot 7
[22:04:12.958] [SEVERE ] placing card 40 in slot 8
[22:04:13.070] [SEVERE ] placing card 50 in slot 9
[22:04:13.180] [SEVERE ] placing card 23 in slot 10
[22:04:14.182] [SEVERE ] updating countdown to 1000
[22:04:15.202] [SEVERE ] updating countdown to 0
[22:04:16.203] [SEVERE ] removing card from slot 0
[22:04:16.203] [SEVERE ] removing card from slot 1
[22:04:16.203] [SEVERE ] removing card from slot 2
[22:04:16.203] [SEVERE ] removing card from slot 3
[22:04:16.203] [SEVERE ] removing card from slot 4
[22:04:16.207] [SEVERE ] removing card from slot 5
[22:04:16.207] [SEVERE ] removing card from slot 6
[22:04:16.207] [SEVERE ] removing card from slot 7
[22:04:16.207] [SEVERE ] removing card from slot 8
[22:04:16.207] [SEVERE ] removing card from slot 9
[22:04:16.207] [SEVERE ] removing card from slot 10
[22:04:16.207] [SEVERE ] removing card from slot 11
[22:04:16.314] [SEVERE ] placing card 26 in slot 0
[22:04:16.426] [SEVERE ] placing card 45 in slot 1
[22:04:16.538] [SEVERE ] placing card 74 in slot 2
[22:04:16.650] [SEVERE ] placing card 66 in slot 3
[22:04:16.762] [SEVERE ] placing card 57 in slot 4
[22:04:16.868] [SEVERE ] placing card 78 in slot 5
[22:04:16.979] [SEVERE ] placing card 60 in slot 6
[22:04:17.090] [SEVERE ] placing card 28 in slot 7
[22:04:17.201] [SEVERE ] placing card 41 in slot 8
[22:04:17.312] [SEVERE ] placing card 6 in slot 9
[22:04:17.422] [SEVERE ] placing card 69 in slot 10
[22:04:17.422] [SEVERE ] updating countdown to 2000
[22:04:18.428] [SEVERE ] updating countdown to 1000
[22:04:19.434] [SEVERE ] updating countdown to 0
[22:04:20.438] [SEVERE ] removing card from slot 0
[22:04:20.438] [SEVERE ] removing card from slot 1
[22:04:20.438] [SEVERE ] removing card from slot 2
[22:04:20.438] [SEVERE ] removing card from slot 3
[22:04:20.438] [SEVERE ] removing card from slot 4
[22:04:20.438] [SEVERE ] removing card from slot 5
[22:04:20.438] [SEVERE ] removing card from slot 6
[22:04:20.438] [SEVERE ] removing card from slot 7
[22:04:20.438] [SEVERE ] removing card from slot 8
[22:04:20.438] [SEVERE ] removing card from slot 9
[22:04:20.446] [SEVERE ] removing card from slot 10
[22:04:20.447] [SEVERE ] removing card from slot 11
[22:04:20.564] [SEVERE ] placing card 16 in slot 0
[22:04:20.676] [SEVERE ] placing card 51 in slot 1
[22:04:20.788] [SEVERE ] placing card 27 in slot 2
[22:04:20.900] [SEVERE ] placing card 25 in slot 3
[22:04:21.012] [SEVERE ] placing card 8 in slot 4
[22:04:21.124] [SEVERE ] placing card 63 in slot 5
[22:04:21.236] [SEVERE ] placing card 5 in slot 6
[22:04:21.348] [SEVERE ] placing card 0 in slot 7
[22:04:21.460] [SEVERE ] placing card 76 in slot 8
[22:04:21.571] [SEVERE ] placing card 71 in slot 9
[22:04:21.682] [SEVERE ] placing card 47 in slot 10
[22:04:21.682] [SEVERE ] updating countdown to 2000
[22:04:22.687] [SEVERE ] updating countdown to 1000
[22:04:23.692] [SEVERE ] updating countdown to 0
[22:04:24.696] [SEVERE ] removing card from slot 0
[22:04:24.697] [SEVERE ] removing card from slot 1
[22:04:24.697] [SEVERE ] removing card from slot 2
[22:04:24.697] [SEVERE ] removing card from slot 3
[22:04:24.701] [SEVERE ] removing card from slot 4
[22:04:24.701] [SEVERE ] removing card from slot 5
[22:04:24.701] [SEVERE ] removing card from slot 6
[22:04:24.701] [SEVERE ] removing card from slot 7
[22:04:24.701] [SEVERE ] removing card from slot 8
[22:04:24.706] [SEVERE ] removing card from slot 9
[22:04:24.708] [SEVERE ] removing card from slot 10
[22:04:24.708] [SEVERE ] removing card from slot 11
[22:04:24.824] [SEVERE ] placing card 18 in slot 0
[22:04:24.934] [SEVERE ] placing card 32 in slot 1
[22:04:25.046] [SEVERE ] placing card 79 in slot 2
[22:04:25.158] [SEVERE ] placing card 77 in slot 3
[22:04:25.270] [SEVERE ] placing card 7 in slot 4
[22:04:25.382] [SEVERE ] placing card 3 in slot 5
[22:04:25.494] [SEVERE ] placing card 9 in slot 6
[22:04:25.606] [SEVERE ] placing card 64 in slot 7
[22:04:25.716] [SEVERE ] placing card 11 in slot 8
[22:04:25.828] [SEVERE ] placing card 35 in slot 9
[22:04:25.940] [SEVERE ] placing card 12 in slot 10
[22:04:25.940] [SEVERE ] updating countdown to 2000
[22:04:26.944] [SEVERE ] updating countdown to 1000
[22:04:27.946] [SEVERE ] updating countdown to 0
[22:04:28.949] [SEVERE ] removing card from slot 0
[22:04:28.949] [SEVERE ] removing card from slot 1
[22:04:28.958] [SEVERE ] removing card from slot 2
[22:04:28.958] [SEVERE ] removing card from slot 3
[22:04:28.958] [SEVERE ] removing card from slot 4
[22:04:28.958] [SEVERE ] removing card from slot 5
[22:04:28.967] [SEVERE ] removing card from slot 6
[22:04:28.967] [SEVERE ] removing card from slot 7
[22:04:28.967] [SEVERE ] removing card from slot 8
[22:04:28.967] [SEVERE ] removing card from slot 9
[22:04:28.967] [SEVERE ] removing card from slot 10
[22:04:28.967] [SEVERE ] removing card from slot 11
[22:04:29.101] [SEVERE ] placing card 61 in slot 0
[22:04:29.205] [SEVERE ] placing card 62 in slot 1
[22:04:29.316] [SEVERE ] placing card 43 in slot 2
[22:04:29.426] [SEVERE ] placing card 70 in slot 3
[22:04:29.536] [SEVERE ] placing card 68 in slot 4
[22:04:29.648] [SEVERE ] placing card 59 in slot 5
[22:04:29.759] [SEVERE ] placing card 2 in slot 6
[22:04:29.869] [SEVERE ] placing card 10 in slot 7
[22:04:29.981] [SEVERE ] placing card 17 in slot 8
[22:04:30.092] [SEVERE ] placing card 22 in slot 9
[22:04:30.203] [SEVERE ] placing card 31 in slot 10
[22:04:30.315] [SEVERE ] placing card 13 in slot 11
[22:04:30.315] [SEVERE ] updating countdown to 2000
[22:04:31.330] [SEVERE ] updating countdown to 1000
[22:04:32.345] [SEVERE ] updating countdown to 0
[22:04:33.348] [SEVERE ] removing card from slot 0
[22:04:33.349] [SEVERE ] removing card from slot 1
[22:04:33.349] [SEVERE ] removing card from slot 2
[22:04:33.349] [SEVERE ] removing card from slot 3
[22:04:33.349] [SEVERE ] removing card from slot 4
[22:04:33.349] [SEVERE ] removing card from slot 5
[22:04:33.349] [SEVERE ] removing card from slot 6
[22:04:33.357] [SEVERE ] removing card from slot 7
[22:04:33.357] [SEVERE ] removing card from slot 8
[22:04:33.357] [SEVERE ] removing card from slot 9
[22:04:33.357] [SEVERE ] removing card from slot 10
[22:04:33.357] [SEVERE ] removing card from slot 11
[22:04:33.460] [SEVERE ] placing card 39 in slot 0
[22:04:33.566] [SEVERE ] placing card 38 in slot 1
[22:04:33.669] [SEVERE ] placing card 65 in slot 2
[22:04:33.774] [SEVERE ] placing card 21 in slot 3
[22:04:33.774] [SEVERE ] updating countdown to 2000
[22:04:33.776] [SEVERE ] updating countdown to 1000
[22:04:33.776] [SEVERE ] removing card from slot 0
[22:04:33.779] [SEVERE ] removing card from slot 1
[22:04:33.779] [SEVERE ] removing card from slot 2
[22:04:33.779] [SEVERE ] removing card from slot 3
[22:04:33.779] [SEVERE ] removing card from slot 4
[22:04:33.779] [SEVERE ] removing card from slot 5
[22:04:33.779] [SEVERE ] removing card from slot 6
[22:04:33.779] [SEVERE ] removing card from slot 7
[22:04:33.783] [SEVERE ] removing card from slot 8
[22:04:33.783] [SEVERE ] removing card from slot 9
[22:04:33.783] [SEVERE ] removing card from slot 10
[22:04:33.783] [SEVERE ] removing card from slot 11
[22:04:33.783] [SEVERE ] announcing winner(s): player 1, player 2
[22:04:33.791] [INFO   ] thread dealer terminated.
[22:04:33.791] [INFO   ] thread dealer terminated.
[22:04:38.793] [SEVERE ] thanks for playing... it was fun!
[22:04:38.793] [INFO   ] thread main terminated.
[22:04:38.793] [SEVERE ] disposing of user interface elements
