[23:33:12.354] [INFO   ] thread main starting.
[23:33:12.379] [SEVERE ] cannot read configuration file config.properties trying from resources.
[23:33:12.386] [SEVERE ] configuration file was loaded from resources directory.
[23:33:13.300] [INFO   ] thread dealer starting.
[23:33:13.300] [INFO   ] thread player 0 starting.
[23:33:13.304] [INFO   ] thread player 1 starting.
[23:33:13.304] [INFO   ] thread dealer starting.
[23:33:13.323] [INFO   ] thread player 0 starting.
[23:33:13.323] [INFO   ] thread player 1 starting.
[23:33:13.438] [SEVERE ] placing card 14 in slot 0
[23:33:13.550] [SEVERE ] placing card 56 in slot 1
[23:33:13.653] [SEVERE ] placing card 30 in slot 2
[23:33:13.754] [SEVERE ] placing card 10 in slot 3
[23:33:13.868] [SEVERE ] placing card 58 in slot 4
[23:33:13.971] [SEVERE ] placing card 62 in slot 5
[23:33:14.073] [SEVERE ] placing card 17 in slot 6
[23:33:14.186] [SEVERE ] placing card 64 in slot 7
[23:33:14.294] [SEVERE ] placing card 4 in slot 8
[23:33:14.395] [SEVERE ] placing card 25 in slot 9
[23:33:14.506] [SEVERE ] placing card 50 in slot 10
[23:33:14.604] [SEVERE ] key 81 was pressed by player 1
[23:33:14.618] [SEVERE ] placing card 59 in slot 11
[23:33:15.639] [SEVERE ] updating countdown to 4000
[23:33:16.464] [SEVERE ] key 81 was pressed by player 1
[23:33:16.464] [SEVERE ] player 1 placing token on slot 0
[23:33:16.658] [SEVERE ] updating countdown to 3000
[23:33:17.677] [SEVERE ] updating countdown to 2000
[23:33:18.697] [SEVERE ] updating countdown to 1000
[23:33:19.720] [SEVERE ] updating countdown to 0
[23:33:20.737] [SEVERE ] removing player 1 token from slot 0
[23:33:20.849] [SEVERE ] removing card from slot 0
[23:33:20.960] [SEVERE ] removing card from slot 1
[23:33:21.072] [SEVERE ] removing card from slot 2
[23:33:21.124] [SEVERE ] key 81 was pressed by player 1
[23:33:21.184] [SEVERE ] removing card from slot 3
[23:33:21.265] [SEVERE ] key 81 was pressed by player 1
[23:33:21.297] [SEVERE ] removing card from slot 4
[23:33:21.409] [SEVERE ] removing card from slot 5
[23:33:21.419] [SEVERE ] key 81 was pressed by player 1
[23:33:21.521] [SEVERE ] removing card from slot 6
[23:33:21.579] [SEVERE ] key 81 was pressed by player 1
[23:33:21.631] [SEVERE ] removing card from slot 7
[23:33:21.734] [SEVERE ] key 81 was pressed by player 1
[23:33:21.743] [SEVERE ] removing card from slot 8
[23:33:21.853] [SEVERE ] removing card from slot 9
[23:33:21.964] [SEVERE ] removing card from slot 10
[23:33:22.076] [SEVERE ] removing card from slot 11
[23:33:22.187] [SEVERE ] placing card 70 in slot 0
[23:33:22.298] [SEVERE ] placing card 79 in slot 1
[23:33:22.409] [SEVERE ] placing card 77 in slot 2
[23:33:22.520] [SEVERE ] placing card 43 in slot 3
[23:33:22.630] [SEVERE ] placing card 45 in slot 4
[23:33:22.740] [SEVERE ] placing card 52 in slot 5
[23:33:22.850] [SEVERE ] placing card 28 in slot 6
[23:33:22.962] [SEVERE ] placing card 8 in slot 7
[23:33:23.073] [SEVERE ] placing card 32 in slot 8
[23:33:23.184] [SEVERE ] placing card 46 in slot 9
[23:33:23.294] [SEVERE ] placing card 16 in slot 10
[23:33:23.406] [SEVERE ] placing card 51 in slot 11
[23:33:23.406] [SEVERE ] updating countdown to 5000
[23:33:23.406] [SEVERE ] player 1 placing token on slot 0
[23:33:23.406] [SEVERE ] removing player 1 token from slot 0
[23:33:23.406] [SEVERE ] player 1 placing token on slot 0
[23:33:23.406] [SEVERE ] removing player 1 token from slot 0
[23:33:23.423] [SEVERE ] key 81 was pressed by player 1
[23:33:23.425] [SEVERE ] key 81 was pressed by player 1
[23:33:23.425] [SEVERE ] player 1 placing token on slot 0
[23:33:23.427] [SEVERE ] key 81 was pressed by player 1
[23:33:23.427] [SEVERE ] removing player 1 token from slot 0
[23:33:23.428] [SEVERE ] key 81 was pressed by player 1
[23:33:23.428] [SEVERE ] player 1 placing token on slot 0
[23:33:23.429] [SEVERE ] removing player 1 token from slot 0
[23:33:24.411] [SEVERE ] updating countdown to 4000
