[22:27:17.669] [INFO   ] thread main starting.
[22:27:17.678] [SEVERE ] cannot read configuration file config.properties trying from resources.
[22:27:17.681] [SEVERE ] configuration file was loaded from resources directory.
[22:27:18.368] [INFO   ] thread dealer starting.
[22:27:18.369] [INFO   ] thread player 0 starting.
[22:27:18.370] [INFO   ] thread player 1 starting.
[22:27:18.370] [INFO   ] thread player 0 starting.
[22:27:18.370] [INFO   ] thread player 1 starting.
[22:27:18.370] [INFO   ] thread dealer starting.
[22:27:18.373] [INFO   ] thread computer-1 starting.
[22:27:18.500] [SEVERE ] placing card 25 in slot 0
[22:27:18.608] [SEVERE ] placing card 77 in slot 1
[22:27:18.717] [SEVERE ] placing card 28 in slot 2
[22:27:18.826] [SEVERE ] placing card 61 in slot 3
[22:27:18.934] [SEVERE ] placing card 64 in slot 4
[22:27:19.045] [SEVERE ] placing card 65 in slot 5
[22:27:19.153] [SEVERE ] placing card 20 in slot 6
[22:27:19.262] [SEVERE ] placing card 9 in slot 7
[22:27:19.371] [SEVERE ] placing card 66 in slot 8
[22:27:19.481] [SEVERE ] placing card 14 in slot 9
[22:27:19.590] [SEVERE ] placing card 15 in slot 10
[22:27:19.699] [SEVERE ] placing card 21 in slot 11
[22:27:20.701] [SEVERE ] updating countdown to 4000
[22:27:20.907] [SEVERE ] player 2 placing token on slot 7
[22:27:21.409] [SEVERE ] player 2 placing token on slot 11
[22:27:21.718] [SEVERE ] updating countdown to 3000
[22:27:21.920] [SEVERE ] player 2 placing token on slot 3
[22:27:21.922] [SEVERE ] setting player 2 freeze to 3000
[22:27:22.719] [SEVERE ] updating countdown to 2000
[22:27:22.924] [SEVERE ] setting player 2 freeze to 2000
[22:27:23.723] [SEVERE ] updating countdown to 1000
[22:27:23.940] [SEVERE ] setting player 2 freeze to 1000
[22:27:24.730] [SEVERE ] updating countdown to 0
[22:27:24.946] [SEVERE ] setting player 2 freeze to 0
[22:27:25.062] [SEVERE ] key 81 was pressed by player 1
[22:27:25.063] [SEVERE ] player 1 placing token on slot 0
[22:27:25.462] [SEVERE ] removing player 2 token from slot 7
[22:27:25.587] [SEVERE ] key 87 was pressed by player 1
[22:27:25.588] [SEVERE ] player 1 placing token on slot 1
[22:27:25.741] [SEVERE ] removing player 1 token from slot 0
[22:27:25.742] [SEVERE ] removing player 1 token from slot 1
[22:27:25.743] [SEVERE ] removing player 2 token from slot 11
[22:27:25.743] [SEVERE ] removing player 2 token from slot 3
[22:27:25.850] [SEVERE ] removing card from slot 0
[22:27:25.959] [SEVERE ] removing card from slot 1
[22:27:26.013] [SEVERE ] key 65 was pressed by player 1
[22:27:26.070] [SEVERE ] removing card from slot 2
[22:27:26.178] [SEVERE ] removing card from slot 3
[22:27:26.288] [SEVERE ] removing card from slot 4
[22:27:26.399] [SEVERE ] removing card from slot 5
[22:27:26.510] [SEVERE ] removing card from slot 6
[22:27:26.618] [SEVERE ] key 81 was pressed by player 1
[22:27:26.620] [SEVERE ] removing card from slot 7
[22:27:26.730] [SEVERE ] removing card from slot 8
[22:27:26.838] [SEVERE ] removing card from slot 9
[22:27:26.949] [SEVERE ] removing card from slot 10
[22:27:26.958] [SEVERE ] key 87 was pressed by player 1
[22:27:27.057] [SEVERE ] removing card from slot 11
[22:27:27.167] [SEVERE ] placing card 0 in slot 0
[22:27:27.278] [SEVERE ] placing card 74 in slot 1
[22:27:27.389] [SEVERE ] placing card 4 in slot 2
[22:27:27.499] [SEVERE ] placing card 36 in slot 3
[22:27:27.610] [SEVERE ] placing card 47 in slot 4
[22:27:27.685] [SEVERE ] key 69 was pressed by player 1
[22:27:27.718] [SEVERE ] placing card 55 in slot 5
[22:27:27.828] [SEVERE ] placing card 39 in slot 6
[22:27:27.935] [SEVERE ] placing card 52 in slot 7
[22:27:27.990] [SEVERE ] key 87 was pressed by player 1
[22:27:28.045] [SEVERE ] placing card 11 in slot 8
[22:27:28.155] [SEVERE ] placing card 49 in slot 9
[22:27:28.265] [SEVERE ] placing card 24 in slot 10
[22:27:28.376] [SEVERE ] placing card 42 in slot 11
[22:27:28.376] [SEVERE ] updating countdown to 5000
[22:27:28.376] [SEVERE ] player 1 placing token on slot 0
[22:27:28.377] [SEVERE ] player 1 placing token on slot 1
[22:27:28.377] [SEVERE ] player 1 placing token on slot 2
[22:27:28.378] [SEVERE ] setting player 1 freeze to 3000
[22:27:28.387] [SEVERE ] key 81 was pressed by player 1
[22:27:28.502] [SEVERE ] player 2 placing token on slot 0
[22:27:29.003] [SEVERE ] player 2 placing token on slot 2
[22:27:29.377] [SEVERE ] updating countdown to 4000
[22:27:29.393] [SEVERE ] setting player 1 freeze to 2000
[22:27:29.420] [SEVERE ] key 65 was pressed by player 1
[22:27:29.519] [SEVERE ] player 2 placing token on slot 4
[22:27:29.520] [SEVERE ] setting player 2 freeze to 3000
[22:27:29.792] [SEVERE ] key 81 was pressed by player 1
[22:27:30.140] [SEVERE ] key 87 was pressed by player 1
[22:27:30.373] [SEVERE ] key 83 was pressed by player 1
[22:27:30.388] [SEVERE ] updating countdown to 3000
[22:27:30.403] [SEVERE ] setting player 1 freeze to 1000
[22:27:30.528] [SEVERE ] setting player 2 freeze to 2000
[22:27:30.667] [SEVERE ] key 81 was pressed by player 1
[22:27:31.123] [SEVERE ] key 83 was pressed by player 1
[22:27:31.393] [SEVERE ] updating countdown to 2000
[22:27:31.408] [SEVERE ] setting player 1 freeze to 0
[22:27:31.409] [SEVERE ] removing player 1 token from slot 1
[22:27:31.531] [SEVERE ] key 69 was pressed by player 1
[22:27:31.531] [SEVERE ] removing player 1 token from slot 2
[22:27:31.532] [SEVERE ] setting player 2 freeze to 1000
[22:27:32.404] [SEVERE ] updating countdown to 1000
[22:27:32.545] [SEVERE ] setting player 2 freeze to 0
[22:27:32.725] [SEVERE ] key 81 was pressed by player 1
[22:27:32.726] [SEVERE ] removing player 1 token from slot 0
[22:27:33.076] [SEVERE ] key 65 was pressed by player 1
[22:27:33.077] [SEVERE ] player 1 placing token on slot 4
[22:27:33.419] [SEVERE ] updating countdown to 0
[22:27:33.500] [SEVERE ] key 83 was pressed by player 1
[22:27:33.501] [SEVERE ] player 1 placing token on slot 5
[22:27:33.895] [SEVERE ] key 87 was pressed by player 1
[22:27:33.896] [SEVERE ] player 1 placing token on slot 1
[22:27:33.898] [SEVERE ] setting player 1 freeze to 3000
[22:27:34.420] [SEVERE ] removing player 1 token from slot 4
[22:27:34.420] [SEVERE ] removing player 1 token from slot 5
[22:27:34.420] [SEVERE ] removing player 1 token from slot 1
[22:27:34.421] [SEVERE ] removing player 2 token from slot 0
[22:27:34.421] [SEVERE ] removing player 2 token from slot 2
[22:27:34.422] [SEVERE ] removing player 2 token from slot 4
[22:27:34.531] [SEVERE ] removing card from slot 0
[22:27:34.638] [SEVERE ] removing card from slot 1
[22:27:34.748] [SEVERE ] removing card from slot 2
[22:27:34.857] [SEVERE ] removing card from slot 3
[22:27:34.904] [SEVERE ] setting player 1 freeze to 2000
[22:27:34.966] [SEVERE ] removing card from slot 4
[22:27:35.074] [SEVERE ] removing card from slot 5
[22:27:35.183] [SEVERE ] removing card from slot 6
[22:27:35.291] [SEVERE ] removing card from slot 7
[22:27:35.400] [SEVERE ] removing card from slot 8
[22:27:35.511] [SEVERE ] removing card from slot 9
[22:27:35.620] [SEVERE ] removing card from slot 10
[22:27:35.729] [SEVERE ] removing card from slot 11
[22:27:35.842] [SEVERE ] placing card 13 in slot 0
[22:27:35.905] [SEVERE ] setting player 1 freeze to 1000
[22:27:35.952] [SEVERE ] placing card 72 in slot 1
[22:27:36.060] [SEVERE ] placing card 18 in slot 2
[22:27:36.126] [SEVERE ] key 81 was pressed by player 1
[22:27:36.169] [SEVERE ] placing card 50 in slot 3
[22:27:36.277] [SEVERE ] placing card 68 in slot 4
[22:27:36.386] [SEVERE ] placing card 17 in slot 5
[22:27:36.496] [SEVERE ] placing card 26 in slot 6
[22:27:36.605] [SEVERE ] placing card 79 in slot 7
[22:27:36.714] [SEVERE ] placing card 23 in slot 8
[22:27:36.824] [SEVERE ] placing card 60 in slot 9
[22:27:36.917] [SEVERE ] setting player 1 freeze to 0
[22:27:36.933] [SEVERE ] placing card 58 in slot 10
[22:27:37.042] [SEVERE ] placing card 8 in slot 11
[22:27:37.042] [SEVERE ] updating countdown to 5000
[22:27:37.137] [SEVERE ] player 2 placing token on slot 7
[22:27:37.545] [SEVERE ] key 81 was pressed by player 1
[22:27:37.547] [SEVERE ] player 1 placing token on slot 0
[22:27:37.650] [SEVERE ] player 2 placing token on slot 8
[22:27:38.044] [SEVERE ] updating countdown to 4000
[22:27:38.167] [SEVERE ] player 2 placing token on slot 2
[22:27:38.171] [SEVERE ] setting player 2 freeze to 3000
[22:27:38.175] [SEVERE ] key 65 was pressed by player 1
[22:27:38.177] [SEVERE ] player 1 placing token on slot 4
[22:27:38.744] [SEVERE ] key 83 was pressed by player 1
[22:27:38.746] [SEVERE ] player 1 placing token on slot 5
[22:27:38.747] [SEVERE ] setting player 1 freeze to 3000
[22:27:39.059] [SEVERE ] updating countdown to 3000
[22:27:39.074] [SEVERE ] key 69 was pressed by player 1
[22:27:39.184] [SEVERE ] setting player 2 freeze to 2000
[22:27:39.549] [SEVERE ] key 81 was pressed by player 1
[22:27:39.759] [SEVERE ] setting player 1 freeze to 2000
[22:27:39.919] [SEVERE ] key 87 was pressed by player 1
[22:27:40.070] [SEVERE ] updating countdown to 2000
[22:27:40.196] [SEVERE ] setting player 2 freeze to 1000
[22:27:40.445] [SEVERE ] key 87 was pressed by player 1
[22:27:40.774] [SEVERE ] setting player 1 freeze to 1000
[22:27:40.799] [SEVERE ] key 81 was pressed by player 1
[22:27:41.071] [SEVERE ] updating countdown to 1000
[22:27:41.215] [SEVERE ] setting player 2 freeze to 0
[22:27:41.776] [SEVERE ] setting player 1 freeze to 0
[22:27:42.075] [SEVERE ] updating countdown to 0
[22:27:43.082] [SEVERE ] removing player 1 token from slot 0
[22:27:43.083] [SEVERE ] removing player 1 token from slot 4
[22:27:43.084] [SEVERE ] removing player 1 token from slot 5
[22:27:43.084] [SEVERE ] removing player 2 token from slot 7
[22:27:43.084] [SEVERE ] removing player 2 token from slot 8
[22:27:43.084] [SEVERE ] removing player 2 token from slot 2
[22:27:43.191] [SEVERE ] removing card from slot 0
[22:27:43.300] [SEVERE ] removing card from slot 1
[22:27:43.408] [SEVERE ] removing card from slot 2
[22:27:43.518] [SEVERE ] removing card from slot 3
[22:27:43.626] [SEVERE ] removing card from slot 4
[22:27:43.712] [SEVERE ] key 67 was pressed by player 1
[22:27:43.737] [SEVERE ] removing card from slot 5
[22:27:43.847] [SEVERE ] removing card from slot 6
[22:27:43.956] [SEVERE ] removing card from slot 7
[22:27:44.032] [SEVERE ] key 88 was pressed by player 1
[22:27:44.067] [SEVERE ] removing card from slot 8
[22:27:44.176] [SEVERE ] removing card from slot 9
[22:27:44.285] [SEVERE ] removing card from slot 10
[22:27:44.395] [SEVERE ] removing card from slot 11
[22:27:44.503] [SEVERE ] placing card 45 in slot 0
[22:27:44.613] [SEVERE ] placing card 5 in slot 1
[22:27:44.722] [SEVERE ] placing card 57 in slot 2
[22:27:44.831] [SEVERE ] placing card 32 in slot 3
[22:27:44.940] [SEVERE ] placing card 27 in slot 4
[22:27:45.050] [SEVERE ] placing card 19 in slot 5
[22:27:45.160] [SEVERE ] placing card 53 in slot 6
[22:27:45.237] [SEVERE ] key 90 was pressed by player 1
[22:27:45.270] [SEVERE ] placing card 78 in slot 7
[22:27:45.381] [SEVERE ] placing card 40 in slot 8
[22:27:45.490] [SEVERE ] placing card 56 in slot 9
[22:27:45.600] [SEVERE ] placing card 59 in slot 10
[22:27:45.711] [SEVERE ] placing card 12 in slot 11
[22:27:45.711] [SEVERE ] updating countdown to 5000
[22:27:45.711] [SEVERE ] player 1 placing token on slot 9
[22:27:45.713] [SEVERE ] player 1 placing token on slot 8
[22:27:45.761] [SEVERE ] key 88 was pressed by player 1
[22:27:45.762] [SEVERE ] removing player 1 token from slot 9
[22:27:45.773] [SEVERE ] player 2 placing token on slot 3
[22:27:46.276] [SEVERE ] player 2 placing token on slot 2
[22:27:46.330] [SEVERE ] key 67 was pressed by player 1
[22:27:46.332] [SEVERE ] player 1 placing token on slot 10
[22:27:46.713] [SEVERE ] updating countdown to 4000
[22:27:46.750] [SEVERE ] key 88 was pressed by player 1
[22:27:46.751] [SEVERE ] player 1 placing token on slot 9
[22:27:46.751] [SEVERE ] setting player 1 freeze to 3000
[22:27:46.793] [SEVERE ] player 2 placing token on slot 1
[22:27:46.794] [SEVERE ] setting player 2 freeze to 3000
[22:27:47.610] [SEVERE ] key 90 was pressed by player 1
[22:27:47.728] [SEVERE ] updating countdown to 3000
[22:27:47.759] [SEVERE ] setting player 1 freeze to 2000
[22:27:47.806] [SEVERE ] setting player 2 freeze to 2000
[22:27:47.980] [SEVERE ] key 65 was pressed by player 1
[22:27:48.737] [SEVERE ] updating countdown to 2000
[22:27:48.768] [SEVERE ] setting player 1 freeze to 1000
[22:27:48.815] [SEVERE ] setting player 2 freeze to 1000
[22:27:49.169] [SEVERE ] key 87 was pressed by player 1
[22:27:49.677] [SEVERE ] key 87 was pressed by player 1
[22:27:49.709] [SEVERE ] key 87 was pressed by player 1
[22:27:49.740] [SEVERE ] key 87 was pressed by player 1
[22:27:49.753] [SEVERE ] updating countdown to 1000
[22:27:49.769] [SEVERE ] setting player 1 freeze to 0
[22:27:49.772] [SEVERE ] key 87 was pressed by player 1
[22:27:49.801] [SEVERE ] key 87 was pressed by player 1
[22:27:49.815] [SEVERE ] setting player 2 freeze to 0
[22:27:49.831] [SEVERE ] key 87 was pressed by player 1
[22:27:49.922] [SEVERE ] key 69 was pressed by player 1
[22:27:50.767] [SEVERE ] updating countdown to 0
[22:27:51.670] [SEVERE ] key 81 was pressed by player 1
[22:27:51.780] [SEVERE ] removing player 1 token from slot 8
[22:27:51.780] [SEVERE ] removing player 1 token from slot 10
[22:27:51.780] [SEVERE ] removing player 1 token from slot 9
[22:27:51.780] [SEVERE ] removing player 2 token from slot 3
[22:27:51.781] [SEVERE ] removing player 2 token from slot 2
[22:27:51.781] [SEVERE ] removing player 2 token from slot 1
[22:27:51.889] [SEVERE ] removing card from slot 0
[22:27:51.999] [SEVERE ] removing card from slot 1
[22:27:52.106] [SEVERE ] removing card from slot 2
[22:27:52.214] [SEVERE ] removing card from slot 3
[22:27:52.323] [SEVERE ] removing card from slot 4
[22:27:52.431] [SEVERE ] removing card from slot 5
[22:27:52.540] [SEVERE ] removing card from slot 6
[22:27:52.647] [SEVERE ] removing card from slot 7
[22:27:52.756] [SEVERE ] removing card from slot 8
[22:27:52.864] [SEVERE ] removing card from slot 9
[22:27:52.974] [SEVERE ] removing card from slot 10
[22:27:53.082] [SEVERE ] removing card from slot 11
[22:27:53.191] [SEVERE ] placing card 31 in slot 0
[22:27:53.299] [SEVERE ] placing card 37 in slot 1
[22:27:53.407] [SEVERE ] placing card 34 in slot 2
[22:27:53.516] [SEVERE ] placing card 67 in slot 3
[22:27:53.626] [SEVERE ] placing card 16 in slot 4
[22:27:53.735] [SEVERE ] placing card 38 in slot 5
[22:27:53.845] [SEVERE ] placing card 63 in slot 6
[22:27:53.954] [SEVERE ] placing card 43 in slot 7
[22:27:54.041] [SEVERE ] key 81 was pressed by player 1
[22:27:54.064] [SEVERE ] placing card 30 in slot 8
[22:27:54.173] [SEVERE ] placing card 70 in slot 9
[22:27:54.284] [SEVERE ] placing card 33 in slot 10
[22:27:54.395] [SEVERE ] placing card 51 in slot 11
[22:27:54.395] [SEVERE ] updating countdown to 5000
[22:27:54.410] [SEVERE ] player 2 placing token on slot 11
[22:27:54.926] [SEVERE ] player 2 placing token on slot 9
[22:27:55.022] [SEVERE ] key 81 was pressed by player 1
[22:27:55.023] [SEVERE ] player 1 placing token on slot 0
[22:27:55.372] [SEVERE ] key 87 was pressed by player 1
[22:27:55.372] [SEVERE ] player 1 placing token on slot 1
[22:27:55.409] [SEVERE ] updating countdown to 4000
[22:27:55.440] [SEVERE ] removing player 2 token from slot 11
[22:27:55.693] [SEVERE ] key 68 was pressed by player 1
[22:27:55.695] [SEVERE ] player 1 placing token on slot 6
[22:27:55.696] [SEVERE ] setting player 1 freeze to 3000
[22:27:55.955] [SEVERE ] removing player 2 token from slot 9
[22:27:56.424] [SEVERE ] updating countdown to 3000
[22:27:56.456] [SEVERE ] player 2 placing token on slot 2
[22:27:56.707] [SEVERE ] setting player 1 freeze to 2000
[22:27:56.972] [SEVERE ] player 2 placing token on slot 5
[22:27:57.427] [SEVERE ] updating countdown to 2000
[22:27:57.473] [SEVERE ] player 2 placing token on slot 11
[22:27:57.474] [SEVERE ] setting player 2 freeze to 3000
[22:27:57.709] [SEVERE ] setting player 1 freeze to 1000
[22:27:58.434] [SEVERE ] updating countdown to 1000
[22:27:58.481] [SEVERE ] setting player 2 freeze to 2000
[22:27:58.716] [SEVERE ] setting player 1 freeze to 0
[22:27:59.449] [SEVERE ] updating countdown to 0
[22:27:59.495] [SEVERE ] setting player 2 freeze to 1000
[22:28:00.449] [SEVERE ] removing player 1 token from slot 0
[22:28:00.449] [SEVERE ] removing player 1 token from slot 1
[22:28:00.450] [SEVERE ] removing player 1 token from slot 6
[22:28:00.452] [SEVERE ] removing player 2 token from slot 2
[22:28:00.452] [SEVERE ] removing player 2 token from slot 5
[22:28:00.452] [SEVERE ] removing player 2 token from slot 11
[22:28:00.511] [SEVERE ] setting player 2 freeze to 0
[22:28:00.558] [SEVERE ] removing card from slot 0
[22:28:00.666] [SEVERE ] removing card from slot 1
[22:28:00.777] [SEVERE ] removing card from slot 2
[22:28:00.887] [SEVERE ] removing card from slot 3
[22:28:00.996] [SEVERE ] removing card from slot 4
[22:28:01.104] [SEVERE ] removing card from slot 5
[22:28:01.212] [SEVERE ] removing card from slot 6
[22:28:01.321] [SEVERE ] removing card from slot 7
[22:28:01.430] [SEVERE ] removing card from slot 8
[22:28:01.538] [SEVERE ] removing card from slot 9
[22:28:01.648] [SEVERE ] removing card from slot 10
[22:28:01.756] [SEVERE ] removing card from slot 11
[22:28:01.866] [SEVERE ] placing card 76 in slot 0
[22:28:01.975] [SEVERE ] placing card 69 in slot 1
[22:28:02.084] [SEVERE ] placing card 71 in slot 2
[22:28:02.194] [SEVERE ] placing card 3 in slot 3
[22:28:02.301] [SEVERE ] placing card 44 in slot 4
[22:28:02.411] [SEVERE ] placing card 22 in slot 5
[22:28:02.519] [SEVERE ] placing card 48 in slot 6
[22:28:02.628] [SEVERE ] placing card 10 in slot 7
[22:28:02.737] [SEVERE ] placing card 35 in slot 8
[22:28:02.847] [SEVERE ] placing card 1 in slot 9
[22:28:02.956] [SEVERE ] placing card 29 in slot 10
[22:28:03.065] [SEVERE ] placing card 75 in slot 11
[22:28:03.065] [SEVERE ] updating countdown to 5000
[22:28:03.476] [SEVERE ] key 81 was pressed by player 1
[22:28:03.477] [SEVERE ] player 1 placing token on slot 0
[22:28:03.579] [SEVERE ] player 2 placing token on slot 11
[22:28:03.895] [SEVERE ] key 87 was pressed by player 1
[22:28:03.895] [SEVERE ] player 1 placing token on slot 1
[22:28:04.080] [SEVERE ] updating countdown to 4000
[22:28:04.081] [SEVERE ] player 2 placing token on slot 5
[22:28:04.240] [SEVERE ] key 65 was pressed by player 1
[22:28:04.241] [SEVERE ] player 1 placing token on slot 4
[22:28:04.242] [SEVERE ] setting player 1 freeze to 3000
[22:28:04.595] [SEVERE ] removing player 2 token from slot 11
[22:28:05.094] [SEVERE ] updating countdown to 3000
[22:28:05.109] [SEVERE ] player 2 placing token on slot 11
[22:28:05.185] [SEVERE ] key 69 was pressed by player 1
[22:28:05.250] [SEVERE ] setting player 1 freeze to 2000
[22:28:05.625] [SEVERE ] player 2 placing token on slot 6
[22:28:05.626] [SEVERE ] setting player 2 freeze to 3000
[22:28:05.651] [SEVERE ] key 68 was pressed by player 1
[22:28:06.009] [SEVERE ] key 83 was pressed by player 1
[22:28:06.096] [SEVERE ] updating countdown to 2000
[22:28:06.251] [SEVERE ] setting player 1 freeze to 1000
[22:28:06.450] [SEVERE ] key 69 was pressed by player 1
[22:28:06.640] [SEVERE ] setting player 2 freeze to 2000
[22:28:07.100] [SEVERE ] key 68 was pressed by player 1
[22:28:07.109] [SEVERE ] updating countdown to 1000
[22:28:07.264] [SEVERE ] setting player 1 freeze to 0
[22:28:07.641] [SEVERE ] setting player 2 freeze to 1000
[22:28:07.804] [SEVERE ] key 65 was pressed by player 1
[22:28:07.804] [SEVERE ] removing player 1 token from slot 4
[22:28:08.112] [SEVERE ] updating countdown to 0
[22:28:08.236] [SEVERE ] key 83 was pressed by player 1
[22:28:08.238] [SEVERE ] player 1 placing token on slot 5
[22:28:08.238] [SEVERE ] setting player 1 freeze to 3000
[22:28:08.644] [SEVERE ] setting player 2 freeze to 0
[22:28:09.126] [SEVERE ] removing player 1 token from slot 0
[22:28:09.126] [SEVERE ] removing player 1 token from slot 1
[22:28:09.126] [SEVERE ] removing player 1 token from slot 5
[22:28:09.127] [SEVERE ] removing player 2 token from slot 5
[22:28:09.127] [SEVERE ] removing player 2 token from slot 11
[22:28:09.127] [SEVERE ] removing player 2 token from slot 6
[22:28:09.234] [SEVERE ] removing card from slot 0
[22:28:09.250] [SEVERE ] setting player 1 freeze to 2000
[22:28:09.343] [SEVERE ] removing card from slot 1
[22:28:09.453] [SEVERE ] removing card from slot 2
[22:28:09.561] [SEVERE ] removing card from slot 3
[22:28:09.669] [SEVERE ] removing card from slot 4
[22:28:09.778] [SEVERE ] removing card from slot 5
[22:28:09.889] [SEVERE ] removing card from slot 6
[22:28:10.005] [SEVERE ] removing card from slot 7
[22:28:10.112] [SEVERE ] removing card from slot 8
[22:28:10.219] [SEVERE ] removing card from slot 9
[22:28:10.251] [SEVERE ] setting player 1 freeze to 1000
[22:28:10.329] [SEVERE ] removing card from slot 10
[22:28:10.452] [SEVERE ] removing card from slot 11
[22:28:10.560] [SEVERE ] placing card 7 in slot 0
[22:28:10.671] [SEVERE ] placing card 62 in slot 1
[22:28:10.779] [SEVERE ] placing card 41 in slot 2
[22:28:10.889] [SEVERE ] placing card 6 in slot 3
[22:28:10.998] [SEVERE ] placing card 2 in slot 4
[22:28:11.108] [SEVERE ] placing card 54 in slot 5
[22:28:11.217] [SEVERE ] placing card 46 in slot 6
[22:28:11.264] [SEVERE ] setting player 1 freeze to 0
[22:28:11.326] [SEVERE ] placing card 80 in slot 7
[22:28:11.435] [SEVERE ] placing card 73 in slot 8
[22:28:11.436] [SEVERE ] updating countdown to 5000
[22:28:11.701] [SEVERE ] player 2 placing token on slot 3
[22:28:12.059] [SEVERE ] key 81 was pressed by player 1
[22:28:12.061] [SEVERE ] player 1 placing token on slot 0
[22:28:12.207] [SEVERE ] player 2 placing token on slot 4
[22:28:12.298] [SEVERE ] key 87 was pressed by player 1
[22:28:12.298] [SEVERE ] player 1 placing token on slot 1
[22:28:12.440] [SEVERE ] updating countdown to 4000
[22:28:12.566] [SEVERE ] key 83 was pressed by player 1
[22:28:12.566] [SEVERE ] player 1 placing token on slot 5
[22:28:12.566] [SEVERE ] setting player 1 freeze to 3000
[22:28:12.713] [SEVERE ] player 2 placing token on slot 8
[22:28:12.713] [SEVERE ] setting player 2 freeze to 3000
[22:28:12.902] [SEVERE ] key 83 was pressed by player 1
[22:28:13.310] [SEVERE ] key 82 was pressed by player 1
[22:28:13.374] [SEVERE ] key 85 was pressed by player 2
[22:28:13.453] [SEVERE ] updating countdown to 3000
[22:28:13.579] [SEVERE ] setting player 1 freeze to 2000
[22:28:13.720] [SEVERE ] setting player 2 freeze to 2000
[22:28:14.068] [SEVERE ] key 73 was pressed by player 2
[22:28:14.181] [SEVERE ] key 79 was pressed by player 2
[22:28:14.462] [SEVERE ] updating countdown to 2000
[22:28:14.588] [SEVERE ] setting player 1 freeze to 1000
[22:28:14.607] [SEVERE ] key 80 was pressed by player 2
[22:28:14.730] [SEVERE ] setting player 2 freeze to 1000
[22:28:14.845] [SEVERE ] key 87 was pressed by player 1
[22:28:15.281] [SEVERE ] key 68 was pressed by player 1
[22:28:15.472] [SEVERE ] updating countdown to 1000
[22:28:15.598] [SEVERE ] setting player 1 freeze to 0
[22:28:15.671] [SEVERE ] key 73 was pressed by player 2
[22:28:15.741] [SEVERE ] setting player 2 freeze to 0
[22:28:15.788] [SEVERE ] key 81 was pressed by player 1
[22:28:15.802] [SEVERE ] removing player 1 token from slot 0
[22:28:16.118] [SEVERE ] key 85 was pressed by player 2
[22:28:16.353] [SEVERE ] key 65 was pressed by player 1
[22:28:16.353] [SEVERE ] player 1 placing token on slot 4
[22:28:16.353] [SEVERE ] setting player 1 freeze to 3000
[22:28:16.475] [SEVERE ] updating countdown to 0
[22:28:16.475] [SEVERE ] removing player 1 token from slot 1
[22:28:16.475] [SEVERE ] removing player 1 token from slot 5
[22:28:16.475] [SEVERE ] removing player 1 token from slot 4
[22:28:16.475] [SEVERE ] removing player 2 token from slot 3
[22:28:16.475] [SEVERE ] removing player 2 token from slot 4
[22:28:16.475] [SEVERE ] removing player 2 token from slot 8
[22:28:16.587] [SEVERE ] removing card from slot 0
[22:28:16.688] [SEVERE ] removing card from slot 1
[22:28:16.807] [SEVERE ] removing card from slot 2
[22:28:16.915] [SEVERE ] removing card from slot 3
[22:28:16.976] [SEVERE ] key 81 was pressed by player 1
[22:28:17.016] [SEVERE ] removing card from slot 4
[22:28:17.116] [SEVERE ] removing card from slot 5
[22:28:17.222] [SEVERE ] removing card from slot 6
[22:28:17.333] [SEVERE ] removing card from slot 7
[22:28:17.358] [SEVERE ] setting player 1 freeze to 2000
[22:28:17.449] [SEVERE ] removing card from slot 8
[22:28:17.549] [SEVERE ] removing card from slot 9
[22:28:17.654] [SEVERE ] removing card from slot 10
[22:28:17.761] [SEVERE ] removing card from slot 11
[22:28:17.761] [SEVERE ] updating countdown to 5000
[22:28:17.876] [SEVERE ] removing card from slot 0
[22:28:17.980] [SEVERE ] removing card from slot 1
[22:28:18.087] [SEVERE ] removing card from slot 2
[22:28:18.199] [SEVERE ] removing card from slot 3
[22:28:18.299] [SEVERE ] removing card from slot 4
[22:28:18.372] [SEVERE ] setting player 1 freeze to 1000
[22:28:18.409] [SEVERE ] removing card from slot 5
[22:28:18.513] [SEVERE ] removing card from slot 6
[22:28:18.613] [SEVERE ] removing card from slot 7
[22:28:18.717] [SEVERE ] removing card from slot 8
[22:28:18.822] [SEVERE ] removing card from slot 9
[22:28:18.935] [SEVERE ] removing card from slot 10
[22:28:19.049] [SEVERE ] removing card from slot 11
[22:28:19.049] [SEVERE ] announcing winner(s): player 1, player 2
[22:28:19.057] [INFO   ] thread dealer terminated.
[22:28:19.057] [INFO   ] thread dealer terminated.
[22:28:19.378] [SEVERE ] setting player 1 freeze to 0
