[22:59:49.968] [INFO   ] thread main starting.
[22:59:49.976] [SEVERE ] cannot read configuration file config.properties trying from resources.
[22:59:49.976] [SEVERE ] configuration file was loaded from resources directory.
[22:59:50.747] [INFO   ] thread dealer starting.
[22:59:50.748] [INFO   ] thread player 0 starting.
[22:59:50.748] [INFO   ] thread player 1 starting.
[22:59:50.748] [INFO   ] thread player 0 starting.
[22:59:50.748] [INFO   ] thread dealer starting.
[22:59:50.756] [INFO   ] thread player 1 starting.
[22:59:50.758] [INFO   ] thread computer-1 starting.
[22:59:50.864] [SEVERE ] placing card 58 in slot 0
[22:59:50.980] [SEVERE ] placing card 67 in slot 1
[22:59:51.081] [SEVERE ] placing card 76 in slot 2
[22:59:51.196] [SEVERE ] placing card 72 in slot 3
[22:59:51.299] [SEVERE ] placing card 7 in slot 4
[22:59:51.410] [SEVERE ] placing card 27 in slot 5
[22:59:51.513] [SEVERE ] placing card 5 in slot 6
[22:59:51.619] [SEVERE ] placing card 20 in slot 7
[22:59:51.730] [SEVERE ] placing card 44 in slot 8
[22:59:51.840] [SEVERE ] placing card 17 in slot 9
[22:59:51.951] [SEVERE ] placing card 16 in slot 10
[22:59:52.061] [SEVERE ] placing card 2 in slot 11
[22:59:53.090] [SEVERE ] updating countdown to 59000
[22:59:53.285] [SEVERE ] player 2 placing token on slot 11
[22:59:53.799] [SEVERE ] player 2 placing token on slot 6
[22:59:54.109] [SEVERE ] updating countdown to 58000
[22:59:54.301] [SEVERE ] player 2 placing token on slot 10
[22:59:54.301] [SEVERE ] setting player 2 freeze to 3000
[22:59:55.116] [SEVERE ] updating countdown to 57000
[22:59:55.302] [SEVERE ] setting player 2 freeze to 2000
[22:59:56.123] [SEVERE ] updating countdown to 56000
[22:59:56.317] [SEVERE ] setting player 2 freeze to 1000
[22:59:57.131] [SEVERE ] updating countdown to 55000
[22:59:57.328] [SEVERE ] setting player 2 freeze to 0
[22:59:57.345] [SEVERE ] key 81 was pressed by player 1
[22:59:57.345] [SEVERE ] player 1 placing token on slot 0
[22:59:58.063] [SEVERE ] key 87 was pressed by player 1
[22:59:58.063] [SEVERE ] player 1 placing token on slot 1
[22:59:58.134] [SEVERE ] updating countdown to 54000
[22:59:59.077] [SEVERE ] key 69 was pressed by player 1
[22:59:59.077] [SEVERE ] player 1 placing token on slot 2
[22:59:59.077] [SEVERE ] setting player 1 score to 1
[22:59:59.077] [SEVERE ] setting player 1 freeze to 1000
[22:59:59.708] [SEVERE ] key 69 was pressed by player 1
[22:59:59.849] [SEVERE ] removing player 2 token from slot 11
[22:59:59.929] [SEVERE ] key 69 was pressed by player 1
[23:00:00.102] [SEVERE ] setting player 1 freeze to 0
[23:00:00.102] [SEVERE ] removing player 1 token from slot 0
[23:00:00.208] [SEVERE ] removing card from slot 0
[23:00:00.208] [SEVERE ] removing player 1 token from slot 1
[23:00:00.313] [SEVERE ] removing card from slot 1
[23:00:00.313] [SEVERE ] removing player 1 token from slot 2
[23:00:00.361] [SEVERE ] player 2 placing token on slot 9
[23:00:00.364] [SEVERE ] setting player 2 freeze to 3000
[23:00:00.401] [SEVERE ] key 69 was pressed by player 1
[23:00:00.430] [SEVERE ] removing card from slot 2
[23:00:00.534] [SEVERE ] placing card 65 in slot 0
[23:00:00.581] [SEVERE ] key 69 was pressed by player 1
[23:00:00.643] [SEVERE ] placing card 4 in slot 1
[23:00:00.753] [SEVERE ] placing card 0 in slot 2
[23:00:00.755] [SEVERE ] setting player 2 freeze to 3000
[23:00:01.375] [SEVERE ] setting player 2 freeze to 2000
[23:00:01.770] [SEVERE ] setting player 2 freeze to 2000
[23:00:02.384] [SEVERE ] setting player 2 freeze to 1000
[23:00:02.778] [SEVERE ] setting player 2 freeze to 1000
[23:00:03.395] [SEVERE ] setting player 2 freeze to 0
[23:00:03.789] [SEVERE ] setting player 2 freeze to 0
[23:00:03.789] [SEVERE ] updating countdown to 53000
[23:00:04.424] [SEVERE ] removing player 2 token from slot 6
[23:00:04.798] [SEVERE ] updating countdown to 52000
[23:00:04.932] [SEVERE ] player 2 placing token on slot 6
[23:00:04.932] [SEVERE ] setting player 2 freeze to 3000
[23:00:05.804] [SEVERE ] updating countdown to 51000
