[16:31:57.845] [INFO   ] thread main starting.
[16:31:57.845] [SEVERE ] cannot read configuration file config.properties trying from resources.
[16:31:57.845] [SEVERE ] configuration file was loaded from resources directory.
[16:31:58.406] [INFO   ] thread dealer starting.
[16:31:58.406] [INFO   ] thread player 0 starting.
[16:31:58.406] [INFO   ] thread player 1 starting.
[16:31:58.406] [INFO   ] thread player 0 starting.
[16:31:58.406] [INFO   ] thread dealer starting.
[16:31:58.406] [INFO   ] thread player 1 starting.
[16:31:58.421] [INFO   ] thread computer-1 starting.
[16:31:58.541] [SEVERE ] placing card 20 in slot 0
[16:31:58.651] [SEVERE ] placing card 77 in slot 1
[16:31:58.761] [SEVERE ] placing card 44 in slot 2
[16:31:58.871] [SEVERE ] placing card 32 in slot 3
[16:31:58.981] [SEVERE ] placing card 5 in slot 4
[16:31:59.090] [SEVERE ] placing card 79 in slot 5
[16:31:59.200] [SEVERE ] placing card 61 in slot 6
[16:31:59.310] [SEVERE ] placing card 49 in slot 7
[16:31:59.420] [SEVERE ] placing card 17 in slot 8
[16:31:59.530] [SEVERE ] placing card 28 in slot 9
[16:31:59.641] [SEVERE ] placing card 60 in slot 10
[16:31:59.751] [SEVERE ] placing card 54 in slot 11
[16:32:00.757] [SEVERE ] updating countdown to 4000
[16:32:00.947] [SEVERE ] player 2 placing token on slot 2
[16:32:01.451] [SEVERE ] player 2 placing token on slot 10
[16:32:01.767] [SEVERE ] updating countdown to 3000
[16:32:01.955] [SEVERE ] player 2 placing token on slot 6
[16:32:01.955] [SEVERE ] setting player 2 freeze to 3000
[16:32:02.474] [SEVERE ] key 81 was pressed by player 1
[16:32:02.474] [SEVERE ] player 1 placing token on slot 0
[16:32:02.773] [SEVERE ] updating countdown to 2000
[16:32:02.829] [SEVERE ] key 87 was pressed by player 1
[16:32:02.829] [SEVERE ] player 1 placing token on slot 1
[16:32:02.962] [SEVERE ] setting player 2 freeze to 2000
[16:32:02.978] [SEVERE ] key 69 was pressed by player 1
[16:32:02.978] [SEVERE ] player 1 placing token on slot 2
[16:32:02.978] [SEVERE ] setting player 1 freeze to 3000
[16:32:03.779] [SEVERE ] updating countdown to 1000
[16:32:03.968] [SEVERE ] setting player 2 freeze to 1000
[16:32:03.984] [SEVERE ] setting player 1 freeze to 2000
[16:32:04.032] [SEVERE ] key 69 was pressed by player 1
[16:32:04.131] [SEVERE ] key 87 was pressed by player 1
[16:32:04.503] [SEVERE ] key 87 was pressed by player 1
[16:32:04.754] [SEVERE ] key 81 was pressed by player 1
[16:32:04.785] [SEVERE ] updating countdown to 0
[16:32:04.974] [SEVERE ] setting player 2 freeze to 0
[16:32:04.990] [SEVERE ] setting player 1 freeze to 1000
[16:32:05.054] [SEVERE ] key 65 was pressed by player 1
[16:32:05.509] [SEVERE ] key 83 was pressed by player 1
[16:32:05.698] [SEVERE ] key 83 was pressed by player 1
[16:32:05.793] [SEVERE ] removing player 1 token from slot 0
[16:32:05.793] [SEVERE ] removing player 1 token from slot 1
[16:32:05.793] [SEVERE ] removing player 1 token from slot 2
[16:32:05.793] [SEVERE ] removing player 2 token from slot 2
[16:32:05.793] [SEVERE ] removing player 2 token from slot 10
[16:32:05.793] [SEVERE ] removing player 2 token from slot 6
[16:32:05.793] [SEVERE ] removing card from slot 0
[16:32:05.793] [SEVERE ] removing card from slot 1
[16:32:05.793] [SEVERE ] removing card from slot 2
[16:32:05.793] [SEVERE ] removing card from slot 3
[16:32:05.793] [SEVERE ] removing card from slot 4
[16:32:05.793] [SEVERE ] removing card from slot 5
[16:32:05.793] [SEVERE ] removing card from slot 6
[16:32:05.793] [SEVERE ] removing card from slot 7
[16:32:05.793] [SEVERE ] removing card from slot 8
[16:32:05.793] [SEVERE ] removing card from slot 9
[16:32:05.793] [SEVERE ] removing card from slot 10
[16:32:05.793] [SEVERE ] removing card from slot 11
[16:32:05.869] [SEVERE ] key 68 was pressed by player 1
[16:32:05.924] [SEVERE ] placing card 8 in slot 0
[16:32:06.003] [SEVERE ] setting player 1 freeze to 0
[16:32:06.034] [SEVERE ] placing card 56 in slot 1
[16:32:06.145] [SEVERE ] placing card 72 in slot 2
[16:32:06.255] [SEVERE ] placing card 0 in slot 3
[16:32:06.365] [SEVERE ] placing card 59 in slot 4
[16:32:06.474] [SEVERE ] placing card 58 in slot 5
[16:32:06.584] [SEVERE ] placing card 73 in slot 6
[16:32:06.694] [SEVERE ] placing card 21 in slot 7
[16:32:06.804] [SEVERE ] placing card 33 in slot 8
[16:32:06.914] [SEVERE ] placing card 34 in slot 9
[16:32:07.024] [SEVERE ] placing card 75 in slot 10
[16:32:07.134] [SEVERE ] placing card 70 in slot 11
[16:32:07.134] [SEVERE ] updating countdown to 5000
[16:32:07.496] [SEVERE ] player 2 placing token on slot 6
[16:32:07.622] [SEVERE ] key 87 was pressed by player 1
[16:32:07.624] [SEVERE ] player 1 placing token on slot 1
[16:32:07.795] [SEVERE ] key 69 was pressed by player 1
[16:32:07.810] [SEVERE ] player 1 placing token on slot 2
[16:32:07.999] [SEVERE ] player 2 placing token on slot 10
[16:32:08.140] [SEVERE ] updating countdown to 4000
[16:32:08.283] [SEVERE ] key 65 was pressed by player 1
[16:32:08.285] [SEVERE ] player 1 placing token on slot 4
[16:32:08.285] [SEVERE ] setting player 1 freeze to 3000
[16:32:08.503] [SEVERE ] player 2 placing token on slot 2
[16:32:08.503] [SEVERE ] setting player 2 freeze to 3000
[16:32:08.676] [SEVERE ] key 87 was pressed by player 1
[16:32:09.038] [SEVERE ] key 87 was pressed by player 1
[16:32:09.149] [SEVERE ] updating countdown to 3000
[16:32:09.211] [SEVERE ] key 87 was pressed by player 1
[16:32:09.291] [SEVERE ] setting player 1 freeze to 2000
[16:32:09.344] [SEVERE ] key 69 was pressed by player 1
[16:32:09.479] [SEVERE ] key 87 was pressed by player 1
[16:32:09.510] [SEVERE ] setting player 2 freeze to 2000
[16:32:09.652] [SEVERE ] key 82 was pressed by player 1
[16:32:10.155] [SEVERE ] updating countdown to 2000
[16:32:10.264] [SEVERE ] key 79 was pressed by player 2
[16:32:10.296] [SEVERE ] setting player 1 freeze to 1000
[16:32:10.515] [SEVERE ] setting player 2 freeze to 1000
[16:32:11.161] [SEVERE ] updating countdown to 1000
[16:32:11.302] [SEVERE ] setting player 1 freeze to 0
[16:32:11.334] [SEVERE ] key 80 was pressed by player 2
[16:32:11.522] [SEVERE ] setting player 2 freeze to 0
[16:32:11.663] [SEVERE ] key 79 was pressed by player 2
[16:32:11.663] [SEVERE ] removing player 2 token from slot 2
[16:32:11.994] [SEVERE ] key 80 was pressed by player 2
[16:32:11.994] [SEVERE ] player 2 placing token on slot 3
[16:32:11.994] [SEVERE ] setting player 2 freeze to 3000
[16:32:12.169] [SEVERE ] updating countdown to 0
[16:32:12.326] [SEVERE ] key 79 was pressed by player 2
[16:32:12.452] [SEVERE ] key 79 was pressed by player 2
[16:32:12.766] [SEVERE ] key 73 was pressed by player 2
[16:32:12.923] [SEVERE ] key 79 was pressed by player 2
[16:32:13.002] [SEVERE ] setting player 2 freeze to 2000
[16:32:13.127] [SEVERE ] key 73 was pressed by player 2
[16:32:13.174] [SEVERE ] removing player 1 token from slot 1
[16:32:13.174] [SEVERE ] removing player 1 token from slot 2
[16:32:13.174] [SEVERE ] removing player 1 token from slot 4
[16:32:13.174] [SEVERE ] removing player 2 token from slot 6
[16:32:13.174] [SEVERE ] removing player 2 token from slot 10
[16:32:13.174] [SEVERE ] removing player 2 token from slot 3
[16:32:13.174] [SEVERE ] removing card from slot 0
[16:32:13.174] [SEVERE ] removing card from slot 1
[16:32:13.174] [SEVERE ] removing card from slot 2
[16:32:13.174] [SEVERE ] removing card from slot 3
[16:32:13.174] [SEVERE ] removing card from slot 4
[16:32:13.174] [SEVERE ] removing card from slot 5
[16:32:13.174] [SEVERE ] removing card from slot 6
[16:32:13.174] [SEVERE ] removing card from slot 7
[16:32:13.174] [SEVERE ] removing card from slot 8
[16:32:13.174] [SEVERE ] removing card from slot 9
[16:32:13.174] [SEVERE ] removing card from slot 10
[16:32:13.174] [SEVERE ] removing card from slot 11
[16:32:13.288] [SEVERE ] placing card 68 in slot 0
[16:32:13.401] [SEVERE ] placing card 62 in slot 1
[16:32:13.401] [SEVERE ] key 73 was pressed by player 2
[16:32:13.512] [SEVERE ] placing card 37 in slot 2
[16:32:13.621] [SEVERE ] placing card 57 in slot 3
[16:32:13.637] [SEVERE ] key 85 was pressed by player 2
[16:32:13.731] [SEVERE ] placing card 74 in slot 4
[16:32:13.810] [SEVERE ] key 73 was pressed by player 2
[16:32:13.842] [SEVERE ] placing card 43 in slot 5
[16:32:13.938] [SEVERE ] key 85 was pressed by player 2
[16:32:13.954] [SEVERE ] placing card 69 in slot 6
[16:32:14.016] [SEVERE ] setting player 2 freeze to 1000
[16:32:14.064] [SEVERE ] placing card 41 in slot 7
[16:32:14.142] [SEVERE ] key 85 was pressed by player 2
[16:32:14.173] [SEVERE ] placing card 48 in slot 8
[16:32:14.284] [SEVERE ] placing card 29 in slot 9
[16:32:14.394] [SEVERE ] placing card 66 in slot 10
[16:32:14.504] [SEVERE ] placing card 12 in slot 11
[16:32:14.504] [SEVERE ] updating countdown to 5000
[16:32:14.913] [SEVERE ] key 82 was pressed by player 1
[16:32:14.913] [SEVERE ] player 1 placing token on slot 3
[16:32:15.023] [SEVERE ] setting player 2 freeze to 0
[16:32:15.514] [SEVERE ] updating countdown to 4000
[16:32:15.577] [SEVERE ] key 87 was pressed by player 1
[16:32:15.577] [SEVERE ] player 1 placing token on slot 1
[16:32:15.783] [SEVERE ] key 87 was pressed by player 1
[16:32:15.783] [SEVERE ] removing player 1 token from slot 1
[16:32:15.878] [SEVERE ] key 69 was pressed by player 1
[16:32:15.878] [SEVERE ] player 1 placing token on slot 2
[16:32:16.116] [SEVERE ] key 69 was pressed by player 1
[16:32:16.116] [SEVERE ] removing player 1 token from slot 2
[16:32:16.480] [SEVERE ] key 81 was pressed by player 1
[16:32:16.487] [SEVERE ] player 1 placing token on slot 0
[16:32:16.527] [SEVERE ] updating countdown to 3000
[16:32:16.779] [SEVERE ] key 65 was pressed by player 1
[16:32:16.779] [SEVERE ] player 1 placing token on slot 4
[16:32:16.779] [SEVERE ] setting player 1 freeze to 3000
[16:32:17.472] [SEVERE ] key 83 was pressed by player 1
[16:32:17.534] [SEVERE ] updating countdown to 2000
[16:32:17.771] [SEVERE ] key 69 was pressed by player 1
[16:32:17.787] [SEVERE ] setting player 1 freeze to 2000
[16:32:18.006] [SEVERE ] key 87 was pressed by player 1
[16:32:18.211] [SEVERE ] key 69 was pressed by player 1
[16:32:18.289] [SEVERE ] key 87 was pressed by player 1
[16:32:18.524] [SEVERE ] key 81 was pressed by player 1
[16:32:18.540] [SEVERE ] updating countdown to 1000
[16:32:18.714] [SEVERE ] key 65 was pressed by player 1
[16:32:18.793] [SEVERE ] setting player 1 freeze to 1000
[16:32:18.918] [SEVERE ] key 83 was pressed by player 1
[16:32:19.485] [SEVERE ] key 69 was pressed by player 1
[16:32:19.548] [SEVERE ] updating countdown to 0
[16:32:19.658] [SEVERE ] key 87 was pressed by player 1
[16:32:19.799] [SEVERE ] setting player 1 freeze to 0
[16:32:20.239] [SEVERE ] key 80 was pressed by player 2
[16:32:20.239] [SEVERE ] player 2 placing token on slot 3
[16:32:20.428] [SEVERE ] key 79 was pressed by player 2
[16:32:20.428] [SEVERE ] player 2 placing token on slot 2
[16:32:20.552] [SEVERE ] removing player 1 token from slot 3
[16:32:20.552] [SEVERE ] removing player 1 token from slot 0
[16:32:20.552] [SEVERE ] removing player 1 token from slot 4
[16:32:20.552] [SEVERE ] removing player 2 token from slot 3
[16:32:20.552] [SEVERE ] removing player 2 token from slot 2
[16:32:20.552] [SEVERE ] removing card from slot 0
[16:32:20.552] [SEVERE ] removing card from slot 1
[16:32:20.552] [SEVERE ] removing card from slot 2
[16:32:20.552] [SEVERE ] removing card from slot 3
[16:32:20.552] [SEVERE ] removing card from slot 4
[16:32:20.552] [SEVERE ] removing card from slot 5
[16:32:20.552] [SEVERE ] removing card from slot 6
[16:32:20.552] [SEVERE ] removing card from slot 7
[16:32:20.552] [SEVERE ] removing card from slot 8
[16:32:20.552] [SEVERE ] removing card from slot 9
[16:32:20.552] [SEVERE ] removing card from slot 10
[16:32:20.552] [SEVERE ] removing card from slot 11
[16:32:20.590] [SEVERE ] key 80 was pressed by player 2
[16:32:20.655] [SEVERE ] placing card 51 in slot 0
[16:32:20.675] [SEVERE ] key 79 was pressed by player 2
[16:32:20.767] [SEVERE ] placing card 1 in slot 1
[16:32:20.877] [SEVERE ] placing card 10 in slot 2
[16:32:20.924] [SEVERE ] key 80 was pressed by player 2
[16:32:20.987] [SEVERE ] placing card 67 in slot 3
[16:32:20.987] [SEVERE ] key 79 was pressed by player 2
[16:32:21.097] [SEVERE ] placing card 7 in slot 4
[16:32:21.207] [SEVERE ] placing card 36 in slot 5
[16:32:21.317] [SEVERE ] placing card 50 in slot 6
[16:32:21.427] [SEVERE ] placing card 15 in slot 7
[16:32:21.459] [SEVERE ] key 79 was pressed by player 2
[16:32:21.537] [SEVERE ] placing card 3 in slot 8
[16:32:21.647] [SEVERE ] placing card 35 in slot 9
[16:32:21.757] [SEVERE ] placing card 14 in slot 10
[16:32:21.867] [SEVERE ] placing card 11 in slot 11
[16:32:21.867] [SEVERE ] updating countdown to 5000
[16:32:21.867] [SEVERE ] player 2 placing token on slot 10
[16:32:21.867] [SEVERE ] player 2 placing token on slot 3
[16:32:21.867] [SEVERE ] player 2 placing token on slot 2
[16:32:21.867] [SEVERE ] setting player 2 freeze to 3000
[16:32:21.867] [SEVERE ] setting player 2 freeze to 3000
[16:32:21.867] [SEVERE ] key 73 was pressed by player 2
[16:32:21.867] [SEVERE ] key 79 was pressed by player 2
[16:32:21.867] [SEVERE ] key 73 was pressed by player 2
[16:32:22.672] [SEVERE ] key 85 was pressed by player 2
[16:32:22.877] [SEVERE ] setting player 2 freeze to 2000
[16:32:22.877] [SEVERE ] setting player 2 freeze to 2000
[16:32:22.877] [SEVERE ] updating countdown to 4000
[16:32:22.980] [SEVERE ] key 85 was pressed by player 2
[16:32:23.728] [SEVERE ] key 69 was pressed by player 1
[16:32:23.743] [SEVERE ] player 1 placing token on slot 2
[16:32:23.885] [SEVERE ] setting player 2 freeze to 1000
[16:32:23.885] [SEVERE ] setting player 2 freeze to 1000
[16:32:23.885] [SEVERE ] updating countdown to 3000
[16:32:23.995] [SEVERE ] key 87 was pressed by player 1
[16:32:24.009] [SEVERE ] player 1 placing token on slot 1
[16:32:24.190] [SEVERE ] key 69 was pressed by player 1
[16:32:24.190] [SEVERE ] removing player 1 token from slot 2
[16:32:24.215] [SEVERE ] key 81 was pressed by player 1
[16:32:24.215] [SEVERE ] player 1 placing token on slot 0
[16:32:24.451] [SEVERE ] key 87 was pressed by player 1
[16:32:24.451] [SEVERE ] removing player 1 token from slot 1
[16:32:24.514] [SEVERE ] key 81 was pressed by player 1
[16:32:24.514] [SEVERE ] removing player 1 token from slot 0
[16:32:24.705] [SEVERE ] key 65 was pressed by player 1
[16:32:24.711] [SEVERE ] player 1 placing token on slot 4
[16:32:24.893] [SEVERE ] setting player 2 freeze to 0
[16:32:24.893] [SEVERE ] updating countdown to 2000
[16:32:24.893] [SEVERE ] setting player 2 freeze to 0
[16:32:24.893] [SEVERE ] removing player 2 token from slot 2
[16:32:24.993] [SEVERE ] key 83 was pressed by player 1
[16:32:24.993] [SEVERE ] player 1 placing token on slot 5
[16:32:25.209] [SEVERE ] key 69 was pressed by player 1
[16:32:25.209] [SEVERE ] player 1 placing token on slot 2
[16:32:25.209] [SEVERE ] setting player 1 freeze to 3000
[16:32:25.397] [SEVERE ] player 2 placing token on slot 9
[16:32:25.397] [SEVERE ] setting player 2 freeze to 3000
[16:32:25.397] [SEVERE ] key 87 was pressed by player 1
[16:32:25.633] [SEVERE ] key 69 was pressed by player 1
[16:32:25.712] [SEVERE ] key 87 was pressed by player 1
[16:32:25.900] [SEVERE ] updating countdown to 1000
[16:32:26.136] [SEVERE ] key 87 was pressed by player 1
[16:32:26.214] [SEVERE ] setting player 1 freeze to 2000
[16:32:26.371] [SEVERE ] key 87 was pressed by player 1
[16:32:26.402] [SEVERE ] setting player 2 freeze to 2000
[16:32:26.670] [SEVERE ] key 87 was pressed by player 1
[16:32:26.908] [SEVERE ] updating countdown to 0
[16:32:26.923] [SEVERE ] key 87 was pressed by player 1
[16:32:27.223] [SEVERE ] setting player 1 freeze to 1000
[16:32:27.414] [SEVERE ] setting player 2 freeze to 1000
[16:32:27.919] [SEVERE ] removing player 1 token from slot 4
[16:32:27.919] [SEVERE ] removing player 1 token from slot 5
[16:32:27.919] [SEVERE ] removing player 1 token from slot 2
[16:32:27.919] [SEVERE ] removing player 2 token from slot 10
[16:32:27.919] [SEVERE ] removing player 2 token from slot 3
[16:32:27.919] [SEVERE ] removing player 2 token from slot 9
[16:32:27.919] [SEVERE ] removing card from slot 0
[16:32:27.919] [SEVERE ] removing card from slot 1
[16:32:27.919] [SEVERE ] removing card from slot 2
[16:32:27.919] [SEVERE ] removing card from slot 3
[16:32:27.919] [SEVERE ] removing card from slot 4
[16:32:27.919] [SEVERE ] removing card from slot 5
[16:32:27.919] [SEVERE ] removing card from slot 6
[16:32:27.919] [SEVERE ] removing card from slot 7
[16:32:27.919] [SEVERE ] removing card from slot 8
[16:32:27.919] [SEVERE ] removing card from slot 9
[16:32:27.919] [SEVERE ] removing card from slot 10
[16:32:27.919] [SEVERE ] removing card from slot 11
[16:32:28.020] [SEVERE ] placing card 38 in slot 0
[16:32:28.134] [SEVERE ] placing card 2 in slot 1
[16:32:28.165] [SEVERE ] key 87 was pressed by player 1
[16:32:28.228] [SEVERE ] setting player 1 freeze to 0
[16:32:28.244] [SEVERE ] placing card 27 in slot 2
[16:32:28.307] [SEVERE ] key 87 was pressed by player 1
[16:32:28.354] [SEVERE ] placing card 80 in slot 3
[16:32:28.417] [SEVERE ] setting player 2 freeze to 0
[16:32:28.448] [SEVERE ] key 87 was pressed by player 1
[16:32:28.464] [SEVERE ] placing card 55 in slot 4
[16:32:28.574] [SEVERE ] placing card 9 in slot 5
[16:32:28.606] [SEVERE ] key 87 was pressed by player 1
[16:32:28.684] [SEVERE ] placing card 42 in slot 6
[16:32:28.763] [SEVERE ] key 87 was pressed by player 1
[16:32:28.794] [SEVERE ] placing card 64 in slot 7
[16:32:28.905] [SEVERE ] placing card 31 in slot 8
[16:32:29.015] [SEVERE ] placing card 40 in slot 9
[16:32:29.125] [SEVERE ] placing card 45 in slot 10
[16:32:29.235] [SEVERE ] placing card 19 in slot 11
[16:32:29.235] [SEVERE ] updating countdown to 5000
[16:32:29.235] [SEVERE ] player 1 placing token on slot 1
[16:32:29.235] [SEVERE ] removing player 1 token from slot 1
[16:32:29.235] [SEVERE ] player 1 placing token on slot 1
[16:32:29.235] [SEVERE ] removing player 1 token from slot 1
[16:32:29.235] [SEVERE ] key 87 was pressed by player 1
[16:32:29.235] [SEVERE ] player 1 placing token on slot 1
[16:32:29.235] [SEVERE ] key 87 was pressed by player 1
[16:32:29.235] [SEVERE ] removing player 1 token from slot 1
[16:32:29.235] [SEVERE ] key 87 was pressed by player 1
[16:32:29.235] [SEVERE ] player 1 placing token on slot 1
[16:32:29.423] [SEVERE ] player 2 placing token on slot 0
[16:32:29.757] [SEVERE ] key 87 was pressed by player 1
[16:32:29.768] [SEVERE ] removing player 1 token from slot 1
[16:32:29.930] [SEVERE ] player 2 placing token on slot 7
[16:32:30.245] [SEVERE ] updating countdown to 4000
[16:32:30.308] [SEVERE ] key 87 was pressed by player 1
[16:32:30.308] [SEVERE ] player 1 placing token on slot 1
[16:32:30.434] [SEVERE ] player 2 placing token on slot 9
[16:32:30.434] [SEVERE ] setting player 2 freeze to 3000
[16:32:30.465] [SEVERE ] key 81 was pressed by player 1
[16:32:30.475] [SEVERE ] player 1 placing token on slot 0
[16:32:30.576] [SEVERE ] key 87 was pressed by player 1
[16:32:30.576] [SEVERE ] removing player 1 token from slot 1
[16:32:30.764] [SEVERE ] key 65 was pressed by player 1
[16:32:30.764] [SEVERE ] player 1 placing token on slot 4
[16:32:31.017] [SEVERE ] key 69 was pressed by player 1
[16:32:31.017] [SEVERE ] player 1 placing token on slot 2
[16:32:31.017] [SEVERE ] setting player 1 freeze to 3000
[16:32:31.205] [SEVERE ] key 83 was pressed by player 1
[16:32:31.252] [SEVERE ] updating countdown to 3000
[16:32:31.378] [SEVERE ] key 69 was pressed by player 1
[16:32:31.441] [SEVERE ] setting player 2 freeze to 2000
[16:32:31.582] [SEVERE ] key 87 was pressed by player 1
[16:32:31.740] [SEVERE ] key 69 was pressed by player 1
[16:32:31.852] [SEVERE ] key 87 was pressed by player 1
[16:32:31.978] [SEVERE ] key 69 was pressed by player 1
[16:32:32.025] [SEVERE ] setting player 1 freeze to 2000
[16:32:32.120] [SEVERE ] key 83 was pressed by player 1
[16:32:32.262] [SEVERE ] updating countdown to 2000
[16:32:32.451] [SEVERE ] setting player 2 freeze to 1000
[16:32:32.546] [SEVERE ] key 83 was pressed by player 1
[16:32:32.610] [SEVERE ] key 82 was pressed by player 1
[16:32:32.625] [SEVERE ] key 68 was pressed by player 1
[16:32:32.753] [SEVERE ] key 82 was pressed by player 1
[16:32:32.989] [SEVERE ] key 85 was pressed by player 2
[16:32:33.036] [SEVERE ] setting player 1 freeze to 1000
[16:32:33.147] [SEVERE ] key 73 was pressed by player 2
[16:32:33.273] [SEVERE ] updating countdown to 1000
[16:32:33.414] [SEVERE ] key 79 was pressed by player 2
[16:32:33.461] [SEVERE ] setting player 2 freeze to 0
[16:32:33.571] [SEVERE ] key 73 was pressed by player 2
[16:32:33.603] [SEVERE ] key 85 was pressed by player 2
[16:32:33.603] [SEVERE ] removing player 2 token from slot 0
[16:32:33.713] [SEVERE ] key 85 was pressed by player 2
[16:32:33.713] [SEVERE ] player 2 placing token on slot 0
[16:32:33.713] [SEVERE ] setting player 2 freeze to 3000
[16:32:33.792] [SEVERE ] key 82 was pressed by player 1
[16:32:33.901] [SEVERE ] key 69 was pressed by player 1
[16:32:33.911] [SEVERE ] key 82 was pressed by player 1
[16:32:34.044] [SEVERE ] setting player 1 freeze to 0
[16:32:34.044] [SEVERE ] key 68 was pressed by player 1
[16:32:34.169] [SEVERE ] key 67 was pressed by player 1
[16:32:34.216] [SEVERE ] key 86 was pressed by player 1
[16:32:34.279] [SEVERE ] updating countdown to 0
[16:32:34.719] [SEVERE ] setting player 2 freeze to 2000
[16:32:35.286] [SEVERE ] removing player 1 token from slot 0
[16:32:35.286] [SEVERE ] removing player 1 token from slot 4
[16:32:35.286] [SEVERE ] removing player 1 token from slot 2
[16:32:35.286] [SEVERE ] removing player 2 token from slot 7
[16:32:35.286] [SEVERE ] removing player 2 token from slot 9
[16:32:35.286] [SEVERE ] removing player 2 token from slot 0
[16:32:35.286] [SEVERE ] removing card from slot 0
[16:32:35.286] [SEVERE ] removing card from slot 1
[16:32:35.286] [SEVERE ] removing card from slot 2
[16:32:35.286] [SEVERE ] removing card from slot 3
[16:32:35.286] [SEVERE ] removing card from slot 4
[16:32:35.286] [SEVERE ] removing card from slot 5
[16:32:35.286] [SEVERE ] removing card from slot 6
[16:32:35.286] [SEVERE ] removing card from slot 7
[16:32:35.286] [SEVERE ] removing card from slot 8
[16:32:35.286] [SEVERE ] removing card from slot 9
[16:32:35.286] [SEVERE ] removing card from slot 10
[16:32:35.286] [SEVERE ] removing card from slot 11
[16:32:35.387] [SEVERE ] placing card 76 in slot 0
[16:32:35.500] [SEVERE ] placing card 23 in slot 1
[16:32:35.610] [SEVERE ] placing card 25 in slot 2
[16:32:35.673] [SEVERE ] key 81 was pressed by player 1
[16:32:35.715] [SEVERE ] placing card 22 in slot 3
[16:32:35.720] [SEVERE ] setting player 2 freeze to 1000
[16:32:35.815] [SEVERE ] key 81 was pressed by player 1
[16:32:35.830] [SEVERE ] placing card 63 in slot 4
[16:32:35.924] [SEVERE ] key 87 was pressed by player 1
[16:32:35.940] [SEVERE ] placing card 26 in slot 5
[16:32:36.049] [SEVERE ] placing card 47 in slot 6
[16:32:36.049] [SEVERE ] key 65 was pressed by player 1
[16:32:36.159] [SEVERE ] placing card 52 in slot 7
[16:32:36.269] [SEVERE ] placing card 46 in slot 8
[16:32:36.363] [SEVERE ] key 83 was pressed by player 1
[16:32:36.379] [SEVERE ] placing card 78 in slot 9
[16:32:36.489] [SEVERE ] placing card 65 in slot 10
[16:32:36.599] [SEVERE ] placing card 16 in slot 11
[16:32:36.599] [SEVERE ] updating countdown to 5000
[16:32:36.599] [SEVERE ] player 1 placing token on slot 0
[16:32:36.599] [SEVERE ] player 1 placing token on slot 1
[16:32:36.599] [SEVERE ] player 1 placing token on slot 4
[16:32:36.599] [SEVERE ] setting player 1 freeze to 3000
[16:32:36.599] [SEVERE ] key 83 was pressed by player 1
[16:32:36.726] [SEVERE ] setting player 2 freeze to 0
[16:32:36.726] [SEVERE ] key 69 was pressed by player 1
[16:32:36.918] [SEVERE ] key 87 was pressed by player 1
[16:32:37.073] [SEVERE ] key 69 was pressed by player 1
[16:32:37.199] [SEVERE ] key 87 was pressed by player 1
[16:32:37.481] [SEVERE ] key 82 was pressed by player 1
[16:32:37.559] [SEVERE ] key 69 was pressed by player 1
[16:32:37.606] [SEVERE ] updating countdown to 4000
[16:32:37.606] [SEVERE ] setting player 1 freeze to 2000
[16:32:37.748] [SEVERE ] key 82 was pressed by player 1
[16:32:37.999] [SEVERE ] key 82 was pressed by player 1
[16:32:38.188] [SEVERE ] key 69 was pressed by player 1
[16:32:38.521] [SEVERE ] key 68 was pressed by player 1
[16:32:38.613] [SEVERE ] updating countdown to 3000
[16:32:38.613] [SEVERE ] setting player 1 freeze to 1000
[16:32:39.086] [SEVERE ] key 68 was pressed by player 1
[16:32:39.259] [SEVERE ] key 68 was pressed by player 1
[16:32:39.464] [SEVERE ] key 68 was pressed by player 1
[16:32:39.621] [SEVERE ] setting player 1 freeze to 0
[16:32:39.621] [SEVERE ] updating countdown to 2000
[16:32:39.668] [SEVERE ] key 68 was pressed by player 1
[16:32:39.874] [SEVERE ] key 68 was pressed by player 1
[16:32:40.141] [SEVERE ] key 68 was pressed by player 1
[16:32:40.361] [SEVERE ] key 68 was pressed by player 1
[16:32:40.565] [SEVERE ] key 68 was pressed by player 1
[16:32:40.627] [SEVERE ] updating countdown to 1000
[16:32:40.753] [SEVERE ] key 68 was pressed by player 1
[16:32:41.114] [SEVERE ] key 68 was pressed by player 1
[16:32:41.634] [SEVERE ] updating countdown to 0
[16:32:42.641] [SEVERE ] removing player 1 token from slot 0
[16:32:42.641] [SEVERE ] removing player 1 token from slot 1
[16:32:42.641] [SEVERE ] removing player 1 token from slot 4
[16:32:42.641] [SEVERE ] removing card from slot 0
[16:32:42.641] [SEVERE ] removing card from slot 1
[16:32:42.641] [SEVERE ] removing card from slot 2
[16:32:42.641] [SEVERE ] removing card from slot 3
[16:32:42.641] [SEVERE ] removing card from slot 4
[16:32:42.641] [SEVERE ] removing card from slot 5
[16:32:42.641] [SEVERE ] removing card from slot 6
[16:32:42.641] [SEVERE ] removing card from slot 7
[16:32:42.641] [SEVERE ] removing card from slot 8
[16:32:42.641] [SEVERE ] removing card from slot 9
[16:32:42.641] [SEVERE ] removing card from slot 10
[16:32:42.641] [SEVERE ] removing card from slot 11
[16:32:42.650] [INFO   ] thread dealer terminated.
[16:32:47.653] [SEVERE ] thanks for playing... it was fun!
[16:32:47.654] [INFO   ] thread main terminated.
[16:32:47.654] [SEVERE ] disposing of user interface elements
