[23:38:18.114] [INFO   ] thread main starting.
[23:38:18.128] [SEVERE ] cannot read configuration file config.properties trying from resources.
[23:38:18.133] [SEVERE ] configuration file was loaded from resources directory.
[23:38:18.954] [INFO   ] thread dealer starting.
[23:38:18.954] [INFO   ] thread player 0 starting.
[23:38:18.956] [INFO   ] thread player 1 starting.
[23:38:18.956] [INFO   ] thread dealer starting.
[23:38:18.968] [INFO   ] thread player 0 starting.
[23:38:18.968] [INFO   ] thread player 1 starting.
[23:38:19.092] [SEVERE ] placing card 61 in slot 0
[23:38:19.197] [SEVERE ] placing card 69 in slot 1
[23:38:19.300] [SEVERE ] placing card 59 in slot 2
[23:38:19.404] [SEVERE ] placing card 15 in slot 3
[23:38:19.505] [SEVERE ] placing card 31 in slot 4
[23:38:19.613] [SEVERE ] placing card 8 in slot 5
[23:38:19.714] [SEVERE ] placing card 52 in slot 6
[23:38:19.824] [SEVERE ] placing card 76 in slot 7
[23:38:19.931] [SEVERE ] placing card 34 in slot 8
[23:38:20.042] [SEVERE ] placing card 45 in slot 9
[23:38:20.154] [SEVERE ] placing card 55 in slot 10
[23:38:20.265] [SEVERE ] placing card 21 in slot 11
[23:38:21.269] [SEVERE ] updating countdown to 4000
[23:38:22.271] [SEVERE ] updating countdown to 3000
[23:38:23.274] [SEVERE ] updating countdown to 2000
[23:38:24.284] [SEVERE ] updating countdown to 1000
[23:38:25.295] [SEVERE ] updating countdown to 0
