[22:30:57.986] [INFO   ] thread main starting.
[22:30:58.003] [SEVERE ] cannot read configuration file config.properties trying from resources.
[22:30:58.003] [SEVERE ] configuration file was loaded from resources directory.
[22:30:58.651] [INFO   ] thread dealer starting.
[22:30:58.651] [INFO   ] thread player 0 starting.
[22:30:58.651] [INFO   ] thread player 1 starting.
[22:30:58.651] [INFO   ] thread player 0 starting.
[22:30:58.651] [INFO   ] thread dealer starting.
[22:30:58.651] [INFO   ] thread player 1 starting.
[22:30:58.663] [INFO   ] thread computer-1 starting.
[22:30:58.780] [SEVERE ] placing card 67 in slot 0
[22:30:58.900] [SEVERE ] placing card 23 in slot 1
[22:30:59.016] [SEVERE ] placing card 36 in slot 2
[22:30:59.131] [SEVERE ] placing card 38 in slot 3
[22:30:59.231] [SEVERE ] placing card 10 in slot 4
[22:30:59.334] [SEVERE ] placing card 32 in slot 5
[22:30:59.446] [SEVERE ] placing card 6 in slot 6
[22:30:59.551] [SEVERE ] placing card 31 in slot 7
[22:30:59.662] [SEVERE ] placing card 11 in slot 8
[22:30:59.774] [SEVERE ] placing card 26 in slot 9
[22:30:59.884] [SEVERE ] placing card 3 in slot 10
[22:30:59.994] [SEVERE ] placing card 75 in slot 11
[22:31:01.002] [SEVERE ] updating countdown to 1000
[22:31:02.010] [SEVERE ] updating countdown to 0
[22:31:03.019] [SEVERE ] removing card from slot 0
[22:31:03.019] [SEVERE ] removing card from slot 1
[22:31:03.019] [SEVERE ] removing card from slot 2
[22:31:03.019] [SEVERE ] removing card from slot 3
[22:31:03.019] [SEVERE ] removing card from slot 4
[22:31:03.019] [SEVERE ] removing card from slot 5
[22:31:03.019] [SEVERE ] removing card from slot 6
[22:31:03.019] [SEVERE ] removing card from slot 7
[22:31:03.019] [SEVERE ] removing card from slot 8
[22:31:03.035] [SEVERE ] removing card from slot 9
[22:31:03.036] [SEVERE ] removing card from slot 10
[22:31:03.036] [SEVERE ] removing card from slot 11
[22:31:03.036] [SEVERE ] updating countdown to 2000
[22:31:04.042] [SEVERE ] updating countdown to 1000
[22:31:05.057] [SEVERE ] updating countdown to 0
[22:31:06.060] [SEVERE ] removing card from slot 0
[22:31:06.060] [SEVERE ] removing card from slot 1
[22:31:06.060] [SEVERE ] removing card from slot 2
[22:31:06.060] [SEVERE ] removing card from slot 3
[22:31:06.060] [SEVERE ] removing card from slot 4
[22:31:06.060] [SEVERE ] removing card from slot 5
[22:31:06.060] [SEVERE ] removing card from slot 6
[22:31:06.060] [SEVERE ] removing card from slot 7
[22:31:06.060] [SEVERE ] removing card from slot 8
[22:31:06.060] [SEVERE ] removing card from slot 9
[22:31:06.060] [SEVERE ] removing card from slot 10
[22:31:06.060] [SEVERE ] removing card from slot 11
[22:31:06.060] [SEVERE ] updating countdown to 2000
[22:31:07.067] [SEVERE ] updating countdown to 1000
[22:31:08.074] [SEVERE ] updating countdown to 0
