[23:58:44.603] [INFO   ] thread main starting.
[23:58:44.603] [SEVERE ] cannot read configuration file config.properties trying from resources.
[23:58:44.618] [SEVERE ] configuration file was loaded from resources directory.
[23:58:45.416] [INFO   ] thread dealer starting.
[23:58:45.416] [INFO   ] thread player 0 starting.
[23:58:45.416] [INFO   ] thread player 1 starting.
[23:58:45.424] [INFO   ] thread player 2 starting.
[23:58:45.424] [INFO   ] thread player 0 starting.
[23:58:45.424] [INFO   ] thread player 2 starting.
[23:58:45.424] [INFO   ] thread player 1 starting.
[23:58:45.424] [INFO   ] thread player 3 starting.
[23:58:45.434] [INFO   ] thread dealer starting.
[23:58:45.457] [INFO   ] thread player 3 starting.
[23:58:45.569] [SEVERE ] placing card 9 in slot 0
[23:58:45.672] [SEVERE ] placing card 60 in slot 1
[23:58:45.775] [SEVERE ] placing card 16 in slot 2
[23:58:45.894] [SEVERE ] placing card 5 in slot 3
[23:58:46.003] [SEVERE ] placing card 36 in slot 4
[23:58:46.106] [SEVERE ] placing card 26 in slot 5
[23:58:46.208] [SEVERE ] placing card 68 in slot 6
[23:58:46.317] [SEVERE ] placing card 18 in slot 7
[23:58:46.420] [SEVERE ] placing card 45 in slot 8
[23:58:46.530] [SEVERE ] placing card 67 in slot 9
[23:58:46.640] [SEVERE ] placing card 48 in slot 10
[23:58:46.751] [SEVERE ] placing card 32 in slot 11
[23:58:47.760] [SEVERE ] updating countdown to 4000
[23:58:48.562] [SEVERE ] key 68 was pressed by player 1
[23:58:48.562] [SEVERE ] player 1 placing token on slot 6
[23:58:48.767] [SEVERE ] updating countdown to 3000
[23:58:48.939] [SEVERE ] key 77 was pressed by player 2
[23:58:48.939] [SEVERE ] player 2 placing token on slot 8
[23:58:49.114] [SEVERE ] key 87 was pressed by player 1
[23:58:49.114] [SEVERE ] player 1 placing token on slot 1
[23:58:49.365] [SEVERE ] key 79 was pressed by player 2
[23:58:49.374] [SEVERE ] player 2 placing token on slot 2
[23:58:49.774] [SEVERE ] updating countdown to 2000
[23:58:49.900] [SEVERE ] key 80 was pressed by player 2
[23:58:49.900] [SEVERE ] player 2 placing token on slot 3
[23:58:49.900] [SEVERE ] setting player 2 freeze to 3000
[23:58:50.025] [SEVERE ] key 79 was pressed by player 2
[23:58:50.215] [SEVERE ] key 80 was pressed by player 2
[23:58:50.609] [SEVERE ] key 70 was pressed by player 1
[23:58:50.623] [SEVERE ] player 1 placing token on slot 7
[23:58:50.625] [SEVERE ] setting player 1 freeze to 3000
[23:58:50.672] [SEVERE ] key 76 was pressed by player 2
[23:58:50.782] [SEVERE ] updating countdown to 1000
[23:58:50.831] [SEVERE ] key 59 was pressed by player 2
[23:58:50.909] [SEVERE ] setting player 2 freeze to 2000
[23:58:51.395] [SEVERE ] key 76 was pressed by player 2
[23:58:51.458] [SEVERE ] key 77 was pressed by player 2
[23:58:51.600] [SEVERE ] key 74 was pressed by player 2
[23:58:51.631] [SEVERE ] setting player 1 freeze to 2000
[23:58:51.788] [SEVERE ] updating countdown to 0
[23:58:51.914] [SEVERE ] setting player 2 freeze to 1000
[23:58:52.278] [SEVERE ] key 82 was pressed by player 1
[23:58:52.500] [SEVERE ] key 82 was pressed by player 1
[23:58:52.641] [SEVERE ] setting player 1 freeze to 1000
[23:58:52.799] [SEVERE ] removing player 1 token from slot 6
[23:58:52.799] [SEVERE ] removing player 1 token from slot 1
[23:58:52.799] [SEVERE ] removing player 1 token from slot 7
[23:58:52.799] [SEVERE ] removing player 2 token from slot 8
[23:58:52.799] [SEVERE ] removing player 2 token from slot 2
[23:58:52.799] [SEVERE ] removing player 2 token from slot 3
[23:58:52.909] [SEVERE ] removing card from slot 0
[23:58:52.925] [SEVERE ] setting player 2 freeze to 0
[23:58:53.020] [SEVERE ] removing card from slot 1
[23:58:53.130] [SEVERE ] removing card from slot 2
[23:58:53.239] [SEVERE ] removing card from slot 3
[23:58:53.350] [SEVERE ] removing card from slot 4
[23:58:53.460] [SEVERE ] removing card from slot 5
[23:58:53.571] [SEVERE ] removing card from slot 6
[23:58:53.650] [SEVERE ] setting player 1 freeze to 0
[23:58:53.682] [SEVERE ] removing card from slot 7
[23:58:53.792] [SEVERE ] removing card from slot 8
[23:58:53.902] [SEVERE ] removing card from slot 9
[23:58:54.012] [SEVERE ] removing card from slot 10
[23:58:54.122] [SEVERE ] removing card from slot 11
[23:58:54.233] [SEVERE ] placing card 77 in slot 0
[23:58:54.343] [SEVERE ] placing card 53 in slot 1
[23:58:54.453] [SEVERE ] placing card 43 in slot 2
[23:58:54.563] [SEVERE ] placing card 71 in slot 3
[23:58:54.674] [SEVERE ] placing card 73 in slot 4
[23:58:54.784] [SEVERE ] placing card 62 in slot 5
[23:58:54.894] [SEVERE ] placing card 40 in slot 6
[23:58:55.004] [SEVERE ] placing card 27 in slot 7
[23:58:55.114] [SEVERE ] placing card 20 in slot 8
[23:58:55.223] [SEVERE ] placing card 33 in slot 9
[23:58:55.333] [SEVERE ] placing card 54 in slot 10
[23:58:55.443] [SEVERE ] placing card 23 in slot 11
[23:58:55.443] [SEVERE ] updating countdown to 5000
[23:58:55.538] [SEVERE ] key 76 was pressed by player 2
[23:58:55.538] [SEVERE ] player 2 placing token on slot 6
[23:58:55.822] [SEVERE ] key 70 was pressed by player 1
[23:58:55.838] [SEVERE ] player 1 placing token on slot 7
[23:58:55.932] [SEVERE ] key 76 was pressed by player 2
[23:58:55.932] [SEVERE ] removing player 2 token from slot 6
[23:58:56.027] [SEVERE ] key 75 was pressed by player 2
[23:58:56.027] [SEVERE ] player 2 placing token on slot 5
[23:58:56.169] [SEVERE ] key 70 was pressed by player 1
[23:58:56.182] [SEVERE ] removing player 1 token from slot 7
[23:58:56.451] [SEVERE ] updating countdown to 4000
[23:58:56.483] [SEVERE ] key 73 was pressed by player 2
[23:58:56.483] [SEVERE ] player 2 placing token on slot 1
[23:58:56.657] [SEVERE ] key 80 was pressed by player 2
[23:58:56.657] [SEVERE ] player 2 placing token on slot 3
[23:58:56.657] [SEVERE ] setting player 2 freeze to 3000
[23:58:56.753] [SEVERE ] key 79 was pressed by player 2
[23:58:56.945] [SEVERE ] key 80 was pressed by player 2
[23:58:57.083] [SEVERE ] key 79 was pressed by player 2
[23:58:57.256] [SEVERE ] key 80 was pressed by player 2
[23:58:57.367] [SEVERE ] key 79 was pressed by player 2
[23:58:57.461] [SEVERE ] updating countdown to 3000
[23:58:57.587] [SEVERE ] key 80 was pressed by player 2
[23:58:57.665] [SEVERE ] setting player 2 freeze to 2000
[23:58:57.759] [SEVERE ] key 79 was pressed by player 2
[23:58:57.901] [SEVERE ] key 79 was pressed by player 2
[23:58:58.012] [SEVERE ] key 73 was pressed by player 2
[23:58:58.185] [SEVERE ] key 79 was pressed by player 2
[23:58:58.375] [SEVERE ] key 73 was pressed by player 2
[23:58:58.470] [SEVERE ] updating countdown to 2000
[23:58:58.501] [SEVERE ] key 80 was pressed by player 2
[23:58:58.676] [SEVERE ] setting player 2 freeze to 1000
[23:58:58.739] [SEVERE ] key 73 was pressed by player 2
[23:58:59.481] [SEVERE ] updating countdown to 1000
[23:58:59.513] [SEVERE ] key 81 was pressed by player 1
[23:58:59.513] [SEVERE ] player 1 placing token on slot 0
[23:58:59.686] [SEVERE ] setting player 2 freeze to 0
[23:58:59.702] [SEVERE ] key 81 was pressed by player 1
[23:58:59.702] [SEVERE ] removing player 1 token from slot 0
[23:59:00.064] [SEVERE ] key 81 was pressed by player 1
[23:59:00.064] [SEVERE ] player 1 placing token on slot 0
[23:59:00.270] [SEVERE ] key 87 was pressed by player 1
[23:59:00.270] [SEVERE ] player 1 placing token on slot 1
[23:59:00.488] [SEVERE ] updating countdown to 0
[23:59:00.572] [SEVERE ] key 83 was pressed by player 1
[23:59:00.572] [SEVERE ] player 1 placing token on slot 5
[23:59:00.572] [SEVERE ] setting player 1 freeze to 3000
[23:59:01.497] [SEVERE ] removing player 1 token from slot 0
[23:59:01.497] [SEVERE ] removing player 1 token from slot 1
[23:59:01.497] [SEVERE ] removing player 1 token from slot 5
[23:59:01.497] [SEVERE ] removing player 2 token from slot 5
[23:59:01.497] [SEVERE ] removing player 2 token from slot 1
[23:59:01.497] [SEVERE ] removing player 2 token from slot 3
[23:59:01.577] [SEVERE ] setting player 1 freeze to 2000
[23:59:01.608] [SEVERE ] removing card from slot 0
[23:59:01.718] [SEVERE ] removing card from slot 1
[23:59:01.828] [SEVERE ] removing card from slot 2
[23:59:01.939] [SEVERE ] removing card from slot 3
[23:59:02.050] [SEVERE ] removing card from slot 4
[23:59:02.059] [SEVERE ] key 81 was pressed by player 1
[23:59:02.160] [SEVERE ] removing card from slot 5
[23:59:02.272] [SEVERE ] removing card from slot 6
[23:59:02.383] [SEVERE ] removing card from slot 7
[23:59:02.493] [SEVERE ] removing card from slot 8
[23:59:02.540] [SEVERE ] key 87 was pressed by player 1
[23:59:02.587] [SEVERE ] setting player 1 freeze to 1000
[23:59:02.603] [SEVERE ] removing card from slot 9
[23:59:02.714] [SEVERE ] removing card from slot 10
[23:59:02.824] [SEVERE ] removing card from slot 11
[23:59:02.877] [SEVERE ] key 65 was pressed by player 1
[23:59:02.933] [SEVERE ] placing card 31 in slot 0
[23:59:03.044] [SEVERE ] placing card 61 in slot 1
[23:59:03.153] [SEVERE ] placing card 78 in slot 2
[23:59:03.177] [SEVERE ] key 87 was pressed by player 1
[23:59:03.263] [SEVERE ] placing card 66 in slot 3
[23:59:03.357] [SEVERE ] key 81 was pressed by player 1
[23:59:03.373] [SEVERE ] placing card 30 in slot 4
[23:59:03.485] [SEVERE ] placing card 3 in slot 5
[23:59:03.594] [SEVERE ] setting player 1 freeze to 0
[23:59:03.594] [SEVERE ] placing card 80 in slot 6
[23:59:03.705] [SEVERE ] placing card 42 in slot 7
[23:59:03.814] [SEVERE ] placing card 8 in slot 8
[23:59:03.877] [SEVERE ] key 83 was pressed by player 1
[23:59:03.924] [SEVERE ] placing card 21 in slot 9
[23:59:04.035] [SEVERE ] placing card 51 in slot 10
[23:59:04.145] [SEVERE ] placing card 52 in slot 11
[23:59:04.145] [SEVERE ] updating countdown to 5000
[23:59:04.145] [SEVERE ] player 1 placing token on slot 5
[23:59:04.302] [SEVERE ] key 73 was pressed by player 2
[23:59:04.302] [SEVERE ] player 2 placing token on slot 1
[23:59:04.349] [SEVERE ] key 68 was pressed by player 1
[23:59:04.349] [SEVERE ] player 1 placing token on slot 6
[23:59:04.558] [SEVERE ] key 79 was pressed by player 2
[23:59:04.558] [SEVERE ] player 2 placing token on slot 2
[23:59:04.750] [SEVERE ] key 73 was pressed by player 2
[23:59:04.750] [SEVERE ] removing player 2 token from slot 1
[23:59:04.793] [SEVERE ] key 68 was pressed by player 1
[23:59:04.800] [SEVERE ] removing player 1 token from slot 6
[23:59:04.872] [SEVERE ] key 79 was pressed by player 2
[23:59:04.872] [SEVERE ] removing player 2 token from slot 2
[23:59:04.966] [SEVERE ] key 80 was pressed by player 2
[23:59:04.980] [SEVERE ] player 2 placing token on slot 3
[23:59:05.153] [SEVERE ] updating countdown to 4000
[23:59:05.216] [SEVERE ] key 73 was pressed by player 2
[23:59:05.218] [SEVERE ] player 2 placing token on slot 1
[23:59:05.405] [SEVERE ] key 79 was pressed by player 2
[23:59:05.410] [SEVERE ] player 2 placing token on slot 2
[23:59:05.410] [SEVERE ] setting player 2 freeze to 3000
[23:59:05.410] [SEVERE ] key 80 was pressed by player 2
[23:59:05.468] [SEVERE ] key 82 was pressed by player 1
[23:59:05.475] [SEVERE ] player 1 placing token on slot 3
[23:59:05.578] [SEVERE ] key 73 was pressed by player 2
[23:59:05.740] [SEVERE ] key 80 was pressed by player 2
[23:59:05.754] [SEVERE ] key 79 was pressed by player 2
[23:59:05.770] [SEVERE ] key 75 was pressed by player 2
[23:59:06.150] [SEVERE ] key 76 was pressed by player 2
[23:59:06.165] [SEVERE ] updating countdown to 3000
[23:59:06.205] [SEVERE ] key 59 was pressed by player 2
[23:59:06.292] [SEVERE ] key 70 was pressed by player 1
[23:59:06.308] [SEVERE ] player 1 placing token on slot 7
[23:59:06.308] [SEVERE ] setting player 1 freeze to 3000
[23:59:06.339] [SEVERE ] key 44 was pressed by player 2
[23:59:06.418] [SEVERE ] setting player 2 freeze to 2000
[23:59:06.606] [SEVERE ] key 59 was pressed by player 2
[23:59:06.622] [SEVERE ] key 76 was pressed by player 2
[23:59:06.785] [SEVERE ] key 77 was pressed by player 2
[23:59:07.177] [SEVERE ] updating countdown to 2000
[23:59:07.319] [SEVERE ] setting player 1 freeze to 2000
[23:59:07.430] [SEVERE ] setting player 2 freeze to 1000
[23:59:07.479] [SEVERE ] key 74 was pressed by player 2
[23:59:07.540] [SEVERE ] key 87 was pressed by player 1
[23:59:07.651] [SEVERE ] key 73 was pressed by player 2
[23:59:07.714] [SEVERE ] key 79 was pressed by player 2
[23:59:07.761] [SEVERE ] key 83 was pressed by player 1
[23:59:07.840] [SEVERE ] key 74 was pressed by player 2
[23:59:08.052] [SEVERE ] key 73 was pressed by player 2
[23:59:08.068] [SEVERE ] key 87 was pressed by player 1
[23:59:08.091] [SEVERE ] key 79 was pressed by player 2
[23:59:08.131] [SEVERE ] key 68 was pressed by player 1
[23:59:08.177] [SEVERE ] updating countdown to 1000
[23:59:08.226] [SEVERE ] key 74 was pressed by player 2
[23:59:08.320] [SEVERE ] setting player 1 freeze to 1000
[23:59:08.383] [SEVERE ] key 87 was pressed by player 1
[23:59:08.389] [SEVERE ] key 73 was pressed by player 2
[23:59:08.415] [SEVERE ] key 79 was pressed by player 2
[23:59:08.431] [SEVERE ] setting player 2 freeze to 0
[23:59:08.689] [SEVERE ] key 70 was pressed by player 1
[23:59:08.811] [SEVERE ] key 79 was pressed by player 2
[23:59:08.811] [SEVERE ] removing player 2 token from slot 2
[23:59:08.842] [SEVERE ] key 73 was pressed by player 2
[23:59:08.842] [SEVERE ] removing player 2 token from slot 1
[23:59:09.062] [SEVERE ] key 67 was pressed by player 1
[23:59:09.157] [SEVERE ] key 87 was pressed by player 1
[23:59:09.189] [SEVERE ] updating countdown to 0
[23:59:09.189] [SEVERE ] key 79 was pressed by player 2
[23:59:09.189] [SEVERE ] player 2 placing token on slot 2
[23:59:09.330] [SEVERE ] setting player 1 freeze to 0
[23:59:09.519] [SEVERE ] key 83 was pressed by player 1
[23:59:09.519] [SEVERE ] removing player 1 token from slot 5
[23:59:09.566] [SEVERE ] key 79 was pressed by player 2
[23:59:09.566] [SEVERE ] removing player 2 token from slot 2
[23:59:09.629] [SEVERE ] key 73 was pressed by player 2
[23:59:09.629] [SEVERE ] player 2 placing token on slot 1
[23:59:09.692] [SEVERE ] key 81 was pressed by player 1
[23:59:09.692] [SEVERE ] player 1 placing token on slot 0
[23:59:09.692] [SEVERE ] setting player 1 freeze to 3000
[23:59:09.850] [SEVERE ] key 79 was pressed by player 2
[23:59:09.850] [SEVERE ] player 2 placing token on slot 2
[23:59:09.850] [SEVERE ] setting player 2 freeze to 3000
[23:59:09.850] [SEVERE ] key 73 was pressed by player 2
[23:59:09.993] [SEVERE ] key 81 was pressed by player 1
[23:59:10.151] [SEVERE ] key 69 was pressed by player 1
[23:59:10.198] [SEVERE ] removing player 1 token from slot 3
[23:59:10.198] [SEVERE ] removing player 1 token from slot 7
[23:59:10.198] [SEVERE ] removing player 1 token from slot 0
[23:59:10.198] [SEVERE ] removing player 2 token from slot 3
[23:59:10.198] [SEVERE ] removing player 2 token from slot 1
[23:59:10.198] [SEVERE ] removing player 2 token from slot 2
[23:59:10.308] [SEVERE ] removing card from slot 0
[23:59:10.325] [SEVERE ] key 85 was pressed by player 2
[23:59:10.404] [SEVERE ] key 73 was pressed by player 2
[23:59:10.420] [SEVERE ] removing card from slot 1
[23:59:10.529] [SEVERE ] removing card from slot 2
[23:59:10.639] [SEVERE ] removing card from slot 3
[23:59:10.702] [SEVERE ] setting player 1 freeze to 2000
[23:59:10.749] [SEVERE ] removing card from slot 4
[23:59:10.792] [SEVERE ] key 68 was pressed by player 1
[23:59:10.859] [SEVERE ] setting player 2 freeze to 2000
[23:59:10.859] [SEVERE ] removing card from slot 5
[23:59:10.969] [SEVERE ] removing card from slot 6
[23:59:11.017] [SEVERE ] key 81 was pressed by player 1
[23:59:11.079] [SEVERE ] removing card from slot 7
[23:59:11.190] [SEVERE ] removing card from slot 8
[23:59:11.300] [SEVERE ] removing card from slot 9
[23:59:11.410] [SEVERE ] removing card from slot 10
[23:59:11.519] [SEVERE ] removing card from slot 11
[23:59:11.629] [SEVERE ] placing card 63 in slot 0
[23:59:11.629] [SEVERE ] key 68 was pressed by player 1
[23:59:11.660] [SEVERE ] key 73 was pressed by player 2
[23:59:11.660] [SEVERE ] key 85 was pressed by player 2
[23:59:11.708] [SEVERE ] setting player 1 freeze to 1000
[23:59:11.739] [SEVERE ] placing card 75 in slot 1
[23:59:11.802] [SEVERE ] key 81 was pressed by player 1
[23:59:11.849] [SEVERE ] placing card 39 in slot 2
[23:59:11.864] [SEVERE ] setting player 2 freeze to 1000
[23:59:11.958] [SEVERE ] placing card 59 in slot 3
[23:59:11.974] [SEVERE ] key 81 was pressed by player 1
[23:59:12.068] [SEVERE ] placing card 6 in slot 4
[23:59:12.164] [SEVERE ] key 85 was pressed by player 2
[23:59:12.179] [SEVERE ] placing card 37 in slot 5
[23:59:12.289] [SEVERE ] placing card 19 in slot 6
[23:59:12.336] [SEVERE ] key 68 was pressed by player 1
[23:59:12.399] [SEVERE ] placing card 17 in slot 7
[23:59:12.509] [SEVERE ] placing card 41 in slot 8
[23:59:12.509] [SEVERE ] key 68 was pressed by player 1
[23:59:12.603] [SEVERE ] key 85 was pressed by player 2
[23:59:12.619] [SEVERE ] placing card 35 in slot 9
[23:59:12.634] [SEVERE ] key 73 was pressed by player 2
[23:59:12.713] [SEVERE ] setting player 1 freeze to 0
[23:59:12.729] [SEVERE ] placing card 64 in slot 10
[23:59:12.744] [SEVERE ] key 68 was pressed by player 1
[23:59:12.840] [SEVERE ] placing card 11 in slot 11
[23:59:12.840] [SEVERE ] updating countdown to 5000
[23:59:12.840] [SEVERE ] player 1 placing token on slot 6
[23:59:12.855] [SEVERE ] key 81 was pressed by player 1
[23:59:12.855] [SEVERE ] player 1 placing token on slot 0
[23:59:12.871] [SEVERE ] setting player 2 freeze to 0
[23:59:12.950] [SEVERE ] key 73 was pressed by player 2
[23:59:12.950] [SEVERE ] player 2 placing token on slot 1
[23:59:13.234] [SEVERE ] key 68 was pressed by player 1
[23:59:13.234] [SEVERE ] removing player 1 token from slot 6
[23:59:13.419] [SEVERE ] key 73 was pressed by player 2
[23:59:13.419] [SEVERE ] removing player 2 token from slot 1
[23:59:13.520] [SEVERE ] key 68 was pressed by player 1
[23:59:13.520] [SEVERE ] player 1 placing token on slot 6
[23:59:13.726] [SEVERE ] key 87 was pressed by player 1
[23:59:13.726] [SEVERE ] player 1 placing token on slot 1
[23:59:13.726] [SEVERE ] setting player 1 freeze to 3000
[23:59:13.742] [SEVERE ] key 73 was pressed by player 2
[23:59:13.742] [SEVERE ] player 2 placing token on slot 1
[23:59:13.797] [SEVERE ] key 85 was pressed by player 2
[23:59:13.797] [SEVERE ] player 2 placing token on slot 0
[23:59:13.852] [SEVERE ] updating countdown to 4000
[23:59:14.056] [SEVERE ] key 68 was pressed by player 1
[23:59:14.135] [SEVERE ] key 81 was pressed by player 1
[23:59:14.245] [SEVERE ] key 68 was pressed by player 1
[23:59:14.339] [SEVERE ] key 70 was pressed by player 1
[23:59:14.370] [SEVERE ] key 87 was pressed by player 1
[23:59:14.732] [SEVERE ] setting player 1 freeze to 2000
[23:59:14.859] [SEVERE ] updating countdown to 3000
[23:59:15.174] [SEVERE ] key 87 was pressed by player 1
[23:59:15.238] [SEVERE ] key 70 was pressed by player 1
[23:59:15.741] [SEVERE ] setting player 1 freeze to 1000
[23:59:15.866] [SEVERE ] updating countdown to 2000
[23:59:16.751] [SEVERE ] setting player 1 freeze to 0
[23:59:16.878] [SEVERE ] updating countdown to 1000
[23:59:17.884] [SEVERE ] updating countdown to 0
[23:59:18.887] [SEVERE ] removing player 1 token from slot 0
[23:59:18.888] [SEVERE ] removing player 1 token from slot 6
[23:59:18.888] [SEVERE ] removing player 1 token from slot 1
[23:59:18.888] [SEVERE ] removing player 2 token from slot 1
[23:59:18.889] [SEVERE ] removing player 2 token from slot 0
[23:59:19.001] [SEVERE ] removing card from slot 0
[23:59:19.104] [SEVERE ] removing card from slot 1
[23:59:19.214] [SEVERE ] removing card from slot 2
[23:59:19.319] [SEVERE ] removing card from slot 3
[23:59:19.439] [SEVERE ] removing card from slot 4
[23:59:19.543] [SEVERE ] removing card from slot 5
[23:59:19.648] [SEVERE ] removing card from slot 6
[23:59:19.754] [SEVERE ] removing card from slot 7
[23:59:19.869] [SEVERE ] removing card from slot 8
[23:59:19.978] [SEVERE ] removing card from slot 9
[23:59:20.085] [SEVERE ] removing card from slot 10
[23:59:20.187] [SEVERE ] removing card from slot 11
[23:59:20.301] [SEVERE ] placing card 70 in slot 0
[23:59:20.403] [SEVERE ] placing card 47 in slot 1
[23:59:20.514] [SEVERE ] placing card 65 in slot 2
[23:59:20.616] [SEVERE ] placing card 55 in slot 3
[23:59:20.724] [SEVERE ] placing card 72 in slot 4
[23:59:20.830] [SEVERE ] placing card 50 in slot 5
[23:59:20.937] [SEVERE ] placing card 22 in slot 6
[23:59:21.047] [SEVERE ] placing card 44 in slot 7
[23:59:21.153] [SEVERE ] placing card 49 in slot 8
[23:59:21.264] [SEVERE ] placing card 34 in slot 9
[23:59:21.369] [SEVERE ] placing card 57 in slot 10
[23:59:21.474] [SEVERE ] placing card 24 in slot 11
[23:59:21.474] [SEVERE ] updating countdown to 5000
[23:59:22.488] [SEVERE ] updating countdown to 4000
[23:59:23.503] [SEVERE ] updating countdown to 3000
[23:59:24.516] [SEVERE ] updating countdown to 2000
[23:59:25.524] [SEVERE ] updating countdown to 1000
[23:59:26.536] [SEVERE ] updating countdown to 0
[23:59:27.652] [SEVERE ] removing card from slot 0
[23:59:27.754] [SEVERE ] removing card from slot 1
[23:59:27.865] [SEVERE ] removing card from slot 2
[23:59:27.967] [SEVERE ] removing card from slot 3
[23:59:28.076] [SEVERE ] removing card from slot 4
[23:59:28.181] [SEVERE ] removing card from slot 5
[23:59:28.288] [SEVERE ] removing card from slot 6
[23:59:28.392] [SEVERE ] removing card from slot 7
[23:59:28.498] [SEVERE ] removing card from slot 8
[23:59:28.601] [SEVERE ] removing card from slot 9
[23:59:28.713] [SEVERE ] removing card from slot 10
[23:59:28.816] [SEVERE ] removing card from slot 11
[23:59:28.918] [SEVERE ] placing card 15 in slot 0
[23:59:29.018] [SEVERE ] placing card 4 in slot 1
[23:59:29.133] [SEVERE ] placing card 29 in slot 2
[23:59:29.238] [SEVERE ] placing card 69 in slot 3
[23:59:29.351] [SEVERE ] placing card 2 in slot 4
[23:59:29.454] [SEVERE ] placing card 74 in slot 5
[23:59:29.559] [SEVERE ] placing card 38 in slot 6
[23:59:29.675] [SEVERE ] placing card 79 in slot 7
[23:59:29.775] [SEVERE ] placing card 58 in slot 8
[23:59:29.885] [SEVERE ] placing card 76 in slot 9
[23:59:29.995] [SEVERE ] placing card 12 in slot 10
[23:59:30.098] [SEVERE ] placing card 1 in slot 11
[23:59:30.098] [SEVERE ] updating countdown to 5000
[23:59:31.111] [SEVERE ] updating countdown to 4000
[23:59:32.118] [SEVERE ] updating countdown to 3000
[23:59:33.120] [SEVERE ] updating countdown to 2000
[23:59:34.129] [SEVERE ] updating countdown to 1000
[23:59:35.133] [SEVERE ] updating countdown to 0
[23:59:36.247] [SEVERE ] removing card from slot 0
[23:59:36.359] [SEVERE ] removing card from slot 1
[23:59:36.470] [SEVERE ] removing card from slot 2
[23:59:36.577] [SEVERE ] removing card from slot 3
[23:59:36.699] [SEVERE ] removing card from slot 4
[23:59:36.810] [SEVERE ] removing card from slot 5
[23:59:36.923] [SEVERE ] removing card from slot 6
[23:59:37.034] [SEVERE ] removing card from slot 7
[23:59:37.136] [SEVERE ] removing card from slot 8
[23:59:37.242] [SEVERE ] removing card from slot 9
[23:59:37.354] [SEVERE ] removing card from slot 10
[23:59:37.463] [SEVERE ] removing card from slot 11
[23:59:37.566] [SEVERE ] placing card 14 in slot 0
