[20:57:49.807] [INFO   ] thread main starting.
[20:57:49.814] [SEVERE ] cannot read configuration file config.properties trying from resources.
[20:57:49.814] [SEVERE ] configuration file was loaded from resources directory.
[20:57:50.522] [INFO   ] thread dealer starting.
[20:57:50.522] [INFO   ] thread player 0 starting.
[20:57:50.526] [INFO   ] thread player 1 starting.
[20:57:50.526] [INFO   ] thread dealer starting.
[20:57:50.528] [INFO   ] thread player 0 starting.
[20:57:50.528] [INFO   ] thread player 1 starting.
[20:57:50.646] [SEVERE ] placing card 5 in slot 0
[20:57:50.760] [SEVERE ] placing card 22 in slot 1
[20:57:50.870] [SEVERE ] placing card 40 in slot 2
[20:57:50.980] [SEVERE ] placing card 33 in slot 3
[20:57:51.091] [SEVERE ] placing card 54 in slot 4
[20:57:51.201] [SEVERE ] placing card 4 in slot 5
[20:57:51.311] [SEVERE ] placing card 51 in slot 6
[20:57:51.421] [SEVERE ] placing card 3 in slot 7
[20:57:51.531] [SEVERE ] placing card 67 in slot 8
[20:57:51.641] [SEVERE ] placing card 11 in slot 9
[20:57:51.751] [SEVERE ] placing card 9 in slot 10
[20:57:51.861] [SEVERE ] placing card 62 in slot 11
[20:57:52.874] [SEVERE ] updating countdown to 0
[20:57:53.889] [SEVERE ] removing card from slot 0
[20:57:53.889] [SEVERE ] removing card from slot 1
[20:57:53.905] [SEVERE ] removing card from slot 2
[20:57:53.905] [SEVERE ] removing card from slot 3
[20:57:53.905] [SEVERE ] removing card from slot 4
[20:57:53.905] [SEVERE ] removing card from slot 5
[20:57:53.905] [SEVERE ] removing card from slot 6
[20:57:53.905] [SEVERE ] removing card from slot 7
[20:57:53.920] [SEVERE ] removing card from slot 8
[20:57:53.920] [SEVERE ] removing card from slot 9
[20:57:53.920] [SEVERE ] removing card from slot 10
[20:57:53.920] [SEVERE ] removing card from slot 11
[20:57:54.031] [SEVERE ] placing card 44 in slot 0
[20:57:54.141] [SEVERE ] placing card 56 in slot 1
[20:57:54.251] [SEVERE ] placing card 45 in slot 2
[20:57:54.362] [SEVERE ] placing card 14 in slot 3
[20:57:54.474] [SEVERE ] placing card 24 in slot 4
[20:57:54.585] [SEVERE ] placing card 23 in slot 5
[20:57:54.695] [SEVERE ] placing card 34 in slot 6
[20:57:54.805] [SEVERE ] placing card 16 in slot 7
[20:57:54.915] [SEVERE ] placing card 39 in slot 8
[20:57:55.025] [SEVERE ] placing card 57 in slot 9
[20:57:55.136] [SEVERE ] placing card 80 in slot 10
[20:57:55.246] [SEVERE ] placing card 49 in slot 11
[20:57:55.246] [SEVERE ] updating countdown to 1000
[20:57:56.260] [SEVERE ] updating countdown to 0
[20:57:57.276] [SEVERE ] removing card from slot 0
[20:57:57.276] [SEVERE ] removing card from slot 1
[20:57:57.276] [SEVERE ] removing card from slot 2
[20:57:57.276] [SEVERE ] removing card from slot 3
[20:57:57.276] [SEVERE ] removing card from slot 4
[20:57:57.276] [SEVERE ] removing card from slot 5
[20:57:57.276] [SEVERE ] removing card from slot 6
[20:57:57.291] [SEVERE ] removing card from slot 7
[20:57:57.291] [SEVERE ] removing card from slot 8
[20:57:57.291] [SEVERE ] removing card from slot 9
[20:57:57.291] [SEVERE ] removing card from slot 10
[20:57:57.291] [SEVERE ] removing card from slot 11
[20:57:57.401] [SEVERE ] placing card 74 in slot 0
[20:57:57.512] [SEVERE ] placing card 47 in slot 1
[20:57:57.622] [SEVERE ] placing card 30 in slot 2
[20:57:57.732] [SEVERE ] placing card 70 in slot 3
[20:57:57.842] [SEVERE ] placing card 76 in slot 4
[20:57:57.952] [SEVERE ] placing card 15 in slot 5
[20:57:58.064] [SEVERE ] placing card 78 in slot 6
[20:57:58.175] [SEVERE ] placing card 7 in slot 7
[20:57:58.285] [SEVERE ] placing card 64 in slot 8
[20:57:58.395] [SEVERE ] placing card 61 in slot 9
[20:57:58.505] [SEVERE ] placing card 37 in slot 10
[20:57:58.615] [SEVERE ] placing card 43 in slot 11
[20:57:58.615] [SEVERE ] updating countdown to 1000
[20:57:59.629] [SEVERE ] updating countdown to 0
[20:58:00.634] [SEVERE ] removing card from slot 0
[20:58:00.634] [SEVERE ] removing card from slot 1
[20:58:00.634] [SEVERE ] removing card from slot 2
[20:58:00.634] [SEVERE ] removing card from slot 3
[20:58:00.634] [SEVERE ] removing card from slot 4
[20:58:00.634] [SEVERE ] removing card from slot 5
[20:58:00.634] [SEVERE ] removing card from slot 6
[20:58:00.649] [SEVERE ] removing card from slot 7
[20:58:00.649] [SEVERE ] removing card from slot 8
[20:58:00.649] [SEVERE ] removing card from slot 9
[20:58:00.649] [SEVERE ] removing card from slot 10
[20:58:00.649] [SEVERE ] removing card from slot 11
[20:58:00.759] [SEVERE ] placing card 55 in slot 0
[20:58:00.870] [SEVERE ] placing card 10 in slot 1
[20:58:00.980] [SEVERE ] placing card 68 in slot 2
[20:58:01.090] [SEVERE ] placing card 31 in slot 3
[20:58:01.200] [SEVERE ] placing card 77 in slot 4
[20:58:01.310] [SEVERE ] placing card 50 in slot 5
[20:58:01.420] [SEVERE ] placing card 65 in slot 6
[20:58:01.529] [SEVERE ] placing card 59 in slot 7
[20:58:01.639] [SEVERE ] placing card 60 in slot 8
[20:58:01.748] [SEVERE ] placing card 17 in slot 9
[20:58:01.858] [SEVERE ] placing card 69 in slot 10
[20:58:01.968] [SEVERE ] placing card 2 in slot 11
[20:58:01.968] [SEVERE ] updating countdown to 1000
[20:58:02.975] [SEVERE ] updating countdown to 0
[20:58:03.983] [SEVERE ] removing card from slot 0
[20:58:03.985] [SEVERE ] removing card from slot 1
[20:58:03.985] [SEVERE ] removing card from slot 2
[20:58:03.985] [SEVERE ] removing card from slot 3
[20:58:03.985] [SEVERE ] removing card from slot 4
[20:58:03.985] [SEVERE ] removing card from slot 5
[20:58:03.985] [SEVERE ] removing card from slot 6
[20:58:03.985] [SEVERE ] removing card from slot 7
[20:58:03.985] [SEVERE ] removing card from slot 8
[20:58:03.985] [SEVERE ] removing card from slot 9
[20:58:03.985] [SEVERE ] removing card from slot 10
[20:58:03.985] [SEVERE ] removing card from slot 11
[20:58:04.110] [SEVERE ] placing card 0 in slot 0
[20:58:04.219] [SEVERE ] placing card 13 in slot 1
[20:58:04.329] [SEVERE ] placing card 52 in slot 2
[20:58:04.439] [SEVERE ] placing card 1 in slot 3
[20:58:04.550] [SEVERE ] placing card 12 in slot 4
[20:58:04.659] [SEVERE ] placing card 36 in slot 5
[20:58:04.769] [SEVERE ] placing card 66 in slot 6
[20:58:04.879] [SEVERE ] placing card 73 in slot 7
[20:58:04.989] [SEVERE ] placing card 35 in slot 8
[20:58:05.099] [SEVERE ] placing card 27 in slot 9
[20:58:05.209] [SEVERE ] placing card 75 in slot 10
[20:58:05.318] [SEVERE ] placing card 18 in slot 11
[20:58:05.318] [SEVERE ] updating countdown to 1000
[20:58:06.336] [SEVERE ] updating countdown to 0
[20:58:07.340] [SEVERE ] removing card from slot 0
[20:58:07.340] [SEVERE ] removing card from slot 1
[20:58:07.340] [SEVERE ] removing card from slot 2
[20:58:07.340] [SEVERE ] removing card from slot 3
[20:58:07.340] [SEVERE ] removing card from slot 4
[20:58:07.340] [SEVERE ] removing card from slot 5
[20:58:07.340] [SEVERE ] removing card from slot 6
[20:58:07.340] [SEVERE ] removing card from slot 7
[20:58:07.340] [SEVERE ] removing card from slot 8
[20:58:07.340] [SEVERE ] removing card from slot 9
[20:58:07.340] [SEVERE ] removing card from slot 10
[20:58:07.340] [SEVERE ] removing card from slot 11
[20:58:07.465] [SEVERE ] placing card 71 in slot 0
[20:58:07.568] [SEVERE ] placing card 79 in slot 1
[20:58:07.677] [SEVERE ] placing card 63 in slot 2
[20:58:07.788] [SEVERE ] placing card 53 in slot 3
[20:58:07.898] [SEVERE ] placing card 28 in slot 4
[20:58:08.008] [SEVERE ] placing card 32 in slot 5
[20:58:08.119] [SEVERE ] placing card 25 in slot 6
[20:58:08.229] [SEVERE ] placing card 41 in slot 7
[20:58:08.340] [SEVERE ] placing card 26 in slot 8
[20:58:08.450] [SEVERE ] placing card 58 in slot 9
[20:58:08.560] [SEVERE ] placing card 6 in slot 10
[20:58:08.670] [SEVERE ] placing card 72 in slot 11
[20:58:08.670] [SEVERE ] updating countdown to 1000
[20:58:09.693] [SEVERE ] updating countdown to 0
[20:58:55.240] [SEVERE ] removing card from slot 0
[20:58:55.241] [SEVERE ] removing card from slot 1
[20:58:55.241] [SEVERE ] removing card from slot 2
[20:58:55.241] [SEVERE ] removing card from slot 3
[20:58:55.241] [SEVERE ] removing card from slot 4
[20:58:55.249] [SEVERE ] removing card from slot 5
[20:58:55.249] [SEVERE ] removing card from slot 6
[20:58:55.249] [SEVERE ] removing card from slot 7
[20:58:55.249] [SEVERE ] removing card from slot 8
[20:58:55.249] [SEVERE ] removing card from slot 9
[20:58:55.249] [SEVERE ] removing card from slot 10
[20:58:55.249] [SEVERE ] removing card from slot 11
[20:58:55.371] [SEVERE ] placing card 29 in slot 0
[20:58:55.482] [SEVERE ] placing card 8 in slot 1
[20:58:55.589] [SEVERE ] placing card 48 in slot 2
[20:58:55.699] [SEVERE ] placing card 19 in slot 3
[20:58:55.809] [SEVERE ] placing card 46 in slot 4
[20:58:55.922] [SEVERE ] placing card 42 in slot 5
[20:58:56.032] [SEVERE ] placing card 38 in slot 6
[20:58:56.138] [SEVERE ] placing card 20 in slot 7
[20:58:56.249] [SEVERE ] placing card 21 in slot 8
[20:58:56.249] [SEVERE ] updating countdown to 1000
[20:58:56.252] [SEVERE ] updating countdown to 0
[20:58:56.252] [SEVERE ] removing card from slot 0
[20:58:56.253] [SEVERE ] removing card from slot 1
[20:58:56.253] [SEVERE ] removing card from slot 2
[20:58:56.253] [SEVERE ] removing card from slot 3
[20:58:56.253] [SEVERE ] removing card from slot 4
[20:58:56.253] [SEVERE ] removing card from slot 5
[20:58:56.261] [SEVERE ] removing card from slot 6
[20:58:56.261] [SEVERE ] removing card from slot 7
[20:58:56.261] [SEVERE ] removing card from slot 8
[20:58:56.261] [SEVERE ] removing card from slot 9
[20:58:56.261] [SEVERE ] removing card from slot 10
[20:58:56.261] [SEVERE ] removing card from slot 11
[20:58:56.264] [SEVERE ] announcing winner(s): player 1, player 2
[20:58:56.272] [INFO   ] thread dealer terminated.
[20:58:56.272] [INFO   ] thread dealer terminated.
[20:59:01.276] [SEVERE ] thanks for playing... it was fun!
[20:59:01.276] [INFO   ] thread main terminated.
[20:59:01.276] [SEVERE ] disposing of user interface elements
