[21:48:32.872] [INFO   ] thread main starting.
[21:48:32.883] [SEVERE ] cannot read configuration file config.properties trying from resources.
[21:48:32.885] [SEVERE ] configuration file was loaded from resources directory.
[21:48:33.564] [INFO   ] thread dealer starting.
[21:48:33.565] [INFO   ] thread player 0 starting.
[21:48:33.566] [INFO   ] thread player 1 starting.
[21:48:33.566] [INFO   ] thread dealer starting.
[21:48:33.567] [INFO   ] thread player 0 starting.
[21:48:33.581] [INFO   ] thread player 1 starting.
[21:48:33.705] [SEVERE ] placing card 11 in slot 0
[21:48:33.814] [SEVERE ] placing card 49 in slot 1
[21:48:33.924] [SEVERE ] placing card 52 in slot 2
[21:48:34.032] [SEVERE ] placing card 54 in slot 3
[21:48:34.142] [SEVERE ] placing card 65 in slot 4
[21:48:34.251] [SEVERE ] placing card 19 in slot 5
[21:48:34.360] [SEVERE ] placing card 44 in slot 6
[21:48:34.469] [SEVERE ] placing card 5 in slot 7
[21:48:34.577] [SEVERE ] placing card 64 in slot 8
[21:48:34.686] [SEVERE ] placing card 51 in slot 9
[21:48:34.795] [SEVERE ] placing card 22 in slot 10
[21:48:34.905] [SEVERE ] placing card 42 in slot 11
[21:48:35.907] [SEVERE ] updating countdown to -500
[21:48:36.920] [SEVERE ] updating countdown to -1500
[21:48:37.938] [SEVERE ] updating countdown to -2500
[21:48:38.940] [SEVERE ] updating countdown to -3500
[21:48:39.954] [SEVERE ] updating countdown to -4500
[21:48:40.967] [SEVERE ] updating countdown to -5500
