[23:37:06.783] [INFO   ] thread main starting.
[23:37:06.807] [SEVERE ] cannot read configuration file config.properties trying from resources.
[23:37:06.813] [SEVERE ] configuration file was loaded from resources directory.
[23:37:07.684] [INFO   ] thread dealer starting.
[23:37:07.695] [INFO   ] thread player 0 starting.
[23:37:07.707] [INFO   ] thread player 0 starting.
[23:37:07.707] [INFO   ] thread player 1 starting.
[23:37:07.709] [INFO   ] thread dealer starting.
[23:37:07.710] [INFO   ] thread player 1 starting.
[23:37:07.832] [SEVERE ] placing card 59 in slot 0
[23:37:07.942] [SEVERE ] placing card 68 in slot 1
[23:37:08.051] [SEVERE ] placing card 20 in slot 2
[23:37:08.163] [SEVERE ] placing card 80 in slot 3
[23:37:08.271] [SEVERE ] placing card 60 in slot 4
[23:37:08.380] [SEVERE ] placing card 21 in slot 5
[23:37:08.397] [SEVERE ] key 87 was pressed by player 1
[23:37:08.489] [SEVERE ] placing card 53 in slot 6
[23:37:08.599] [SEVERE ] placing card 58 in slot 7
[23:37:08.708] [SEVERE ] placing card 64 in slot 8
[23:37:08.818] [SEVERE ] placing card 74 in slot 9
[23:37:08.929] [SEVERE ] placing card 25 in slot 10
[23:37:09.037] [SEVERE ] placing card 24 in slot 11
[23:37:10.057] [SEVERE ] updating countdown to 4000
[23:37:10.446] [SEVERE ] key 87 was pressed by player 1
[23:37:10.448] [SEVERE ] player 1 placing token on slot 1
[23:37:10.784] [SEVERE ] key 83 was pressed by player 1
[23:37:10.786] [SEVERE ] player 1 placing token on slot 5
[23:37:11.076] [SEVERE ] updating countdown to 3000
[23:37:11.113] [SEVERE ] key 65 was pressed by player 1
[23:37:11.115] [SEVERE ] player 1 placing token on slot 4
[23:37:11.117] [SEVERE ] setting player 1 freeze to 3000
[23:37:12.090] [SEVERE ] updating countdown to 2000
[23:37:12.122] [SEVERE ] setting player 1 freeze to 2000
[23:37:13.103] [SEVERE ] updating countdown to 1000
[23:37:13.133] [SEVERE ] setting player 1 freeze to 1000
[23:37:14.118] [SEVERE ] updating countdown to 0
[23:37:14.148] [SEVERE ] setting player 1 freeze to 0
[23:37:14.721] [SEVERE ] key 65 was pressed by player 1
[23:37:14.724] [SEVERE ] removing player 1 token from slot 4
[23:37:15.134] [SEVERE ] removing player 1 token from slot 1
[23:37:15.134] [SEVERE ] removing player 1 token from slot 5
[23:37:15.242] [SEVERE ] removing card from slot 0
[23:37:15.352] [SEVERE ] removing card from slot 1
[23:37:15.460] [SEVERE ] removing card from slot 2
[23:37:15.570] [SEVERE ] removing card from slot 3
[23:37:15.679] [SEVERE ] removing card from slot 4
[23:37:15.789] [SEVERE ] removing card from slot 5
[23:37:15.899] [SEVERE ] removing card from slot 6
[23:37:16.007] [SEVERE ] removing card from slot 7
[23:37:16.116] [SEVERE ] removing card from slot 8
[23:37:16.225] [SEVERE ] removing card from slot 9
[23:37:16.335] [SEVERE ] removing card from slot 10
[23:37:16.445] [SEVERE ] removing card from slot 11
[23:37:16.554] [SEVERE ] placing card 1 in slot 0
[23:37:16.663] [SEVERE ] placing card 7 in slot 1
[23:37:16.773] [SEVERE ] placing card 50 in slot 2
[23:37:16.882] [SEVERE ] placing card 57 in slot 3
[23:37:16.991] [SEVERE ] placing card 31 in slot 4
[23:37:17.100] [SEVERE ] placing card 30 in slot 5
[23:37:17.209] [SEVERE ] placing card 6 in slot 6
[23:37:17.318] [SEVERE ] placing card 45 in slot 7
[23:37:17.427] [SEVERE ] placing card 78 in slot 8
[23:37:17.529] [SEVERE ] key 83 was pressed by player 1
[23:37:17.537] [SEVERE ] placing card 4 in slot 9
[23:37:17.646] [SEVERE ] placing card 28 in slot 10
[23:37:17.756] [SEVERE ] placing card 76 in slot 11
[23:37:17.756] [SEVERE ] updating countdown to 5000
[23:37:18.335] [SEVERE ] key 83 was pressed by player 1
[23:37:18.338] [SEVERE ] player 1 placing token on slot 5
[23:37:18.768] [SEVERE ] updating countdown to 4000
[23:37:18.786] [SEVERE ] key 87 was pressed by player 1
[23:37:18.788] [SEVERE ] player 1 placing token on slot 1
[23:37:18.953] [SEVERE ] key 82 was pressed by player 1
[23:37:18.955] [SEVERE ] player 1 placing token on slot 3
[23:37:18.957] [SEVERE ] setting player 1 freeze to 3000
[23:37:19.599] [SEVERE ] key 82 was pressed by player 1
[23:37:19.767] [SEVERE ] key 69 was pressed by player 1
[23:37:19.783] [SEVERE ] updating countdown to 3000
[23:37:19.969] [SEVERE ] setting player 1 freeze to 2000
[23:37:20.070] [SEVERE ] key 83 was pressed by player 1
[23:37:20.353] [SEVERE ] key 83 was pressed by player 1
[23:37:20.631] [SEVERE ] key 87 was pressed by player 1
[23:37:20.796] [SEVERE ] updating countdown to 2000
[23:37:20.831] [SEVERE ] key 87 was pressed by player 1
[23:37:20.984] [SEVERE ] setting player 1 freeze to 1000
[23:37:20.998] [SEVERE ] key 83 was pressed by player 1
[23:37:21.196] [SEVERE ] key 87 was pressed by player 1
[23:37:21.392] [SEVERE ] key 83 was pressed by player 1
[23:37:21.811] [SEVERE ] updating countdown to 1000
[23:37:21.998] [SEVERE ] setting player 1 freeze to 0
[23:37:22.825] [SEVERE ] updating countdown to 0
[23:37:23.838] [SEVERE ] removing player 1 token from slot 5
[23:37:23.838] [SEVERE ] removing player 1 token from slot 1
[23:37:23.839] [SEVERE ] removing player 1 token from slot 3
[23:37:23.948] [SEVERE ] removing card from slot 0
[23:37:24.058] [SEVERE ] removing card from slot 1
[23:37:24.159] [SEVERE ] key 87 was pressed by player 1
[23:37:24.167] [SEVERE ] removing card from slot 2
[23:37:24.277] [SEVERE ] removing card from slot 3
[23:37:24.386] [SEVERE ] removing card from slot 4
[23:37:24.495] [SEVERE ] removing card from slot 5
[23:37:24.605] [SEVERE ] removing card from slot 6
[23:37:24.714] [SEVERE ] removing card from slot 7
[23:37:24.745] [SEVERE ] key 83 was pressed by player 1
[23:37:24.822] [SEVERE ] removing card from slot 8
[23:37:24.930] [SEVERE ] removing card from slot 9
[23:37:25.039] [SEVERE ] removing card from slot 10
[23:37:25.149] [SEVERE ] removing card from slot 11
[23:37:25.259] [SEVERE ] placing card 41 in slot 0
[23:37:25.366] [SEVERE ] placing card 44 in slot 1
[23:37:25.475] [SEVERE ] placing card 52 in slot 2
[23:37:25.578] [SEVERE ] key 81 was pressed by player 1
[23:37:25.586] [SEVERE ] placing card 19 in slot 3
[23:37:25.694] [SEVERE ] placing card 34 in slot 4
[23:37:25.803] [SEVERE ] placing card 10 in slot 5
[23:37:25.913] [SEVERE ] placing card 66 in slot 6
[23:37:26.001] [SEVERE ] key 87 was pressed by player 1
[23:37:26.023] [SEVERE ] placing card 22 in slot 7
[23:37:26.133] [SEVERE ] placing card 36 in slot 8
[23:37:26.241] [SEVERE ] placing card 79 in slot 9
[23:37:26.350] [SEVERE ] placing card 54 in slot 10
[23:37:26.459] [SEVERE ] placing card 56 in slot 11
[23:37:26.459] [SEVERE ] updating countdown to 5000
[23:37:26.460] [SEVERE ] player 1 placing token on slot 5
[23:37:26.462] [SEVERE ] player 1 placing token on slot 0
[23:37:26.464] [SEVERE ] player 1 placing token on slot 1
[23:37:26.464] [SEVERE ] setting player 1 freeze to 3000
[23:37:26.717] [SEVERE ] key 83 was pressed by player 1
[23:37:27.473] [SEVERE ] setting player 1 freeze to 2000
[23:37:27.473] [SEVERE ] updating countdown to 4000
[23:37:28.485] [SEVERE ] updating countdown to 3000
[23:37:28.485] [SEVERE ] setting player 1 freeze to 1000
[23:37:29.498] [SEVERE ] setting player 1 freeze to 0
[23:37:29.498] [SEVERE ] updating countdown to 2000
