[23:35:02.924] [INFO   ] thread main starting.
[23:35:02.934] [SEVERE ] cannot read configuration file config.properties trying from resources.
[23:35:02.940] [SEVERE ] configuration file was loaded from resources directory.
[23:35:03.829] [INFO   ] thread dealer starting.
[23:35:03.829] [INFO   ] thread player 0 starting.
[23:35:03.833] [INFO   ] thread player 1 starting.
[23:35:03.833] [INFO   ] thread dealer starting.
[23:35:03.843] [INFO   ] thread player 0 starting.
[23:35:03.843] [INFO   ] thread player 1 starting.
[23:35:03.955] [SEVERE ] placing card 48 in slot 0
[23:35:04.068] [SEVERE ] placing card 24 in slot 1
[23:35:04.174] [SEVERE ] placing card 13 in slot 2
[23:35:04.287] [SEVERE ] placing card 62 in slot 3
[23:35:04.389] [SEVERE ] placing card 36 in slot 4
[23:35:04.493] [SEVERE ] placing card 80 in slot 5
[23:35:04.604] [SEVERE ] placing card 10 in slot 6
[23:35:04.719] [SEVERE ] placing card 78 in slot 7
[23:35:04.822] [SEVERE ] placing card 23 in slot 8
[23:35:04.934] [SEVERE ] placing card 46 in slot 9
[23:35:05.046] [SEVERE ] placing card 0 in slot 10
[23:35:05.158] [SEVERE ] placing card 72 in slot 11
[23:35:06.187] [SEVERE ] updating countdown to 4000
[23:35:07.203] [SEVERE ] updating countdown to 3000
[23:35:07.614] [SEVERE ] key 82 was pressed by player 1
[23:35:07.614] [SEVERE ] player 1 placing token on slot 3
[23:35:07.811] [SEVERE ] key 79 was pressed by player 2
[23:35:07.814] [SEVERE ] player 2 placing token on slot 2
[23:35:07.904] [SEVERE ] key 80 was pressed by player 2
[23:35:07.907] [SEVERE ] player 2 placing token on slot 3
[23:35:08.216] [SEVERE ] updating countdown to 2000
[23:35:08.287] [SEVERE ] key 69 was pressed by player 1
[23:35:08.291] [SEVERE ] player 1 placing token on slot 2
[23:35:08.454] [SEVERE ] key 75 was pressed by player 2
[23:35:08.463] [SEVERE ] player 2 placing token on slot 5
[23:35:08.464] [SEVERE ] setting player 2 freeze to 3000
[23:35:08.561] [SEVERE ] key 70 was pressed by player 1
[23:35:08.564] [SEVERE ] player 1 placing token on slot 7
[23:35:08.564] [SEVERE ] setting player 1 freeze to 3000
[23:35:09.004] [SEVERE ] key 68 was pressed by player 1
[23:35:09.222] [SEVERE ] updating countdown to 1000
[23:35:09.470] [SEVERE ] setting player 2 freeze to 2000
[23:35:09.566] [SEVERE ] setting player 1 freeze to 2000
[23:35:10.236] [SEVERE ] updating countdown to 0
[23:35:10.474] [SEVERE ] setting player 2 freeze to 1000
[23:35:10.570] [SEVERE ] setting player 1 freeze to 1000
[23:35:10.586] [SEVERE ] key 68 was pressed by player 1
[23:35:10.894] [SEVERE ] key 68 was pressed by player 1
[23:35:11.254] [SEVERE ] removing player 1 token from slot 3
[23:35:11.254] [SEVERE ] removing player 1 token from slot 2
[23:35:11.254] [SEVERE ] removing player 1 token from slot 7
[23:35:11.254] [SEVERE ] removing player 2 token from slot 2
[23:35:11.254] [SEVERE ] removing player 2 token from slot 3
[23:35:11.254] [SEVERE ] removing player 2 token from slot 5
[23:35:11.364] [SEVERE ] removing card from slot 0
[23:35:11.476] [SEVERE ] setting player 2 freeze to 0
[23:35:11.476] [SEVERE ] removing card from slot 1
[23:35:11.571] [SEVERE ] setting player 1 freeze to 0
[23:35:11.586] [SEVERE ] removing card from slot 2
[23:35:11.697] [SEVERE ] removing card from slot 3
[23:35:11.809] [SEVERE ] removing card from slot 4
[23:35:11.920] [SEVERE ] removing card from slot 5
[23:35:12.030] [SEVERE ] removing card from slot 6
[23:35:12.141] [SEVERE ] removing card from slot 7
[23:35:12.253] [SEVERE ] removing card from slot 8
[23:35:12.364] [SEVERE ] removing card from slot 9
[23:35:12.474] [SEVERE ] removing card from slot 10
[23:35:12.585] [SEVERE ] removing card from slot 11
[23:35:12.697] [SEVERE ] placing card 58 in slot 0
[23:35:12.808] [SEVERE ] placing card 49 in slot 1
[23:35:12.919] [SEVERE ] placing card 77 in slot 2
[23:35:13.030] [SEVERE ] placing card 50 in slot 3
[23:35:13.142] [SEVERE ] placing card 59 in slot 4
[23:35:13.253] [SEVERE ] placing card 11 in slot 5
[23:35:13.364] [SEVERE ] placing card 66 in slot 6
[23:35:13.475] [SEVERE ] placing card 6 in slot 7
[23:35:13.554] [SEVERE ] key 68 was pressed by player 1
[23:35:13.585] [SEVERE ] placing card 3 in slot 8
[23:35:13.696] [SEVERE ] placing card 65 in slot 9
[23:35:13.805] [SEVERE ] placing card 27 in slot 10
[23:35:13.918] [SEVERE ] placing card 18 in slot 11
[23:35:13.918] [SEVERE ] updating countdown to 5000
[23:35:13.919] [SEVERE ] player 1 placing token on slot 6
[23:35:14.921] [SEVERE ] updating countdown to 4000
[23:35:14.934] [SEVERE ] key 69 was pressed by player 1
[23:35:14.934] [SEVERE ] player 1 placing token on slot 2
[23:35:15.224] [SEVERE ] key 87 was pressed by player 1
[23:35:15.231] [SEVERE ] player 1 placing token on slot 1
[23:35:15.233] [SEVERE ] setting player 1 freeze to 3000
[23:35:15.794] [SEVERE ] key 68 was pressed by player 1
[23:35:15.935] [SEVERE ] updating countdown to 3000
[23:35:16.004] [SEVERE ] key 68 was pressed by player 1
[23:35:16.229] [SEVERE ] key 69 was pressed by player 1
[23:35:16.234] [SEVERE ] setting player 1 freeze to 2000
[23:35:16.654] [SEVERE ] key 87 was pressed by player 1
[23:35:16.934] [SEVERE ] key 69 was pressed by player 1
[23:35:16.950] [SEVERE ] updating countdown to 2000
[23:35:17.220] [SEVERE ] key 68 was pressed by player 1
[23:35:17.235] [SEVERE ] setting player 1 freeze to 1000
[23:35:17.956] [SEVERE ] updating countdown to 1000
[23:35:18.249] [SEVERE ] setting player 1 freeze to 0
[23:35:18.968] [SEVERE ] updating countdown to 0
[23:35:19.974] [SEVERE ] removing player 1 token from slot 6
[23:35:19.974] [SEVERE ] removing player 1 token from slot 2
[23:35:19.974] [SEVERE ] removing player 1 token from slot 1
[23:35:20.086] [SEVERE ] removing card from slot 0
[23:35:20.198] [SEVERE ] removing card from slot 1
[23:35:20.310] [SEVERE ] removing card from slot 2
[23:35:20.422] [SEVERE ] removing card from slot 3
[23:35:20.474] [SEVERE ] key 87 was pressed by player 1
[23:35:20.533] [SEVERE ] removing card from slot 4
[23:35:20.639] [SEVERE ] removing card from slot 5
[23:35:20.664] [SEVERE ] key 87 was pressed by player 1
[23:35:20.751] [SEVERE ] removing card from slot 6
[23:35:20.854] [SEVERE ] key 87 was pressed by player 1
[23:35:20.861] [SEVERE ] removing card from slot 7
[23:35:20.972] [SEVERE ] removing card from slot 8
[23:35:21.024] [SEVERE ] key 87 was pressed by player 1
[23:35:21.083] [SEVERE ] removing card from slot 9
[23:35:21.194] [SEVERE ] removing card from slot 10
[23:35:21.305] [SEVERE ] removing card from slot 11
[23:35:21.416] [SEVERE ] placing card 12 in slot 0
[23:35:21.527] [SEVERE ] placing card 15 in slot 1
[23:35:21.638] [SEVERE ] placing card 14 in slot 2
[23:35:21.749] [SEVERE ] placing card 45 in slot 3
[23:35:21.859] [SEVERE ] placing card 38 in slot 4
[23:35:21.970] [SEVERE ] placing card 52 in slot 5
[23:35:22.081] [SEVERE ] placing card 73 in slot 6
[23:35:22.134] [SEVERE ] key 87 was pressed by player 1
[23:35:22.192] [SEVERE ] placing card 19 in slot 7
[23:35:22.302] [SEVERE ] placing card 63 in slot 8
[23:35:22.414] [SEVERE ] placing card 33 in slot 9
[23:35:22.526] [SEVERE ] placing card 34 in slot 10
[23:35:22.637] [SEVERE ] placing card 56 in slot 11
[23:35:22.637] [SEVERE ] updating countdown to 5000
[23:35:22.637] [SEVERE ] player 1 placing token on slot 1
[23:35:22.637] [SEVERE ] removing player 1 token from slot 1
[23:35:22.637] [SEVERE ] player 1 placing token on slot 1
[23:35:22.637] [SEVERE ] removing player 1 token from slot 1
[23:35:22.644] [SEVERE ] key 68 was pressed by player 1
[23:35:22.644] [SEVERE ] player 1 placing token on slot 6
[23:35:23.638] [SEVERE ] updating countdown to 4000
[23:35:23.904] [SEVERE ] key 82 was pressed by player 1
[23:35:23.904] [SEVERE ] player 1 placing token on slot 3
[23:35:24.144] [SEVERE ] key 68 was pressed by player 1
[23:35:24.144] [SEVERE ] removing player 1 token from slot 6
[23:35:24.368] [SEVERE ] key 83 was pressed by player 1
[23:35:24.368] [SEVERE ] player 1 placing token on slot 5
[23:35:24.626] [SEVERE ] key 87 was pressed by player 1
[23:35:24.627] [SEVERE ] player 1 placing token on slot 1
[23:35:24.628] [SEVERE ] setting player 1 freeze to 3000
[23:35:24.646] [SEVERE ] updating countdown to 3000
[23:35:24.824] [SEVERE ] key 69 was pressed by player 1
[23:35:25.271] [SEVERE ] key 87 was pressed by player 1
[23:35:25.635] [SEVERE ] setting player 1 freeze to 2000
[23:35:25.651] [SEVERE ] updating countdown to 2000
[23:35:25.767] [SEVERE ] key 83 was pressed by player 1
[23:35:25.974] [SEVERE ] key 83 was pressed by player 1
[23:35:26.202] [SEVERE ] key 87 was pressed by player 1
[23:35:26.642] [SEVERE ] setting player 1 freeze to 1000
[23:35:26.658] [SEVERE ] updating countdown to 1000
[23:35:26.722] [SEVERE ] key 83 was pressed by player 1
[23:35:27.652] [SEVERE ] setting player 1 freeze to 0
[23:35:27.668] [SEVERE ] updating countdown to 0
[23:35:28.683] [SEVERE ] removing player 1 token from slot 3
[23:35:28.684] [SEVERE ] removing player 1 token from slot 5
[23:35:28.684] [SEVERE ] removing player 1 token from slot 1
[23:35:28.795] [SEVERE ] removing card from slot 0
[23:35:28.906] [SEVERE ] removing card from slot 1
[23:35:29.017] [SEVERE ] removing card from slot 2
[23:35:29.128] [SEVERE ] removing card from slot 3
[23:35:29.240] [SEVERE ] removing card from slot 4
[23:35:29.351] [SEVERE ] removing card from slot 5
[23:35:29.463] [SEVERE ] removing card from slot 6
[23:35:29.577] [SEVERE ] removing card from slot 7
[23:35:29.688] [SEVERE ] removing card from slot 8
[23:35:29.800] [SEVERE ] removing card from slot 9
[23:35:29.912] [SEVERE ] removing card from slot 10
[23:35:30.024] [SEVERE ] removing card from slot 11
[23:35:30.135] [SEVERE ] placing card 5 in slot 0
[23:35:30.248] [SEVERE ] placing card 1 in slot 1
[23:35:30.360] [SEVERE ] placing card 4 in slot 2
[23:35:30.472] [SEVERE ] placing card 79 in slot 3
[23:35:30.584] [SEVERE ] placing card 71 in slot 4
[23:35:30.616] [SEVERE ] key 83 was pressed by player 1
[23:35:30.687] [SEVERE ] placing card 28 in slot 5
[23:35:30.800] [SEVERE ] placing card 30 in slot 6
[23:35:30.912] [SEVERE ] placing card 41 in slot 7
[23:35:31.024] [SEVERE ] placing card 68 in slot 8
[23:35:31.136] [SEVERE ] placing card 8 in slot 9
[23:35:31.246] [SEVERE ] placing card 40 in slot 10
[23:35:31.357] [SEVERE ] placing card 54 in slot 11
[23:35:31.357] [SEVERE ] updating countdown to 5000
[23:35:31.884] [SEVERE ] key 87 was pressed by player 1
[23:35:31.884] [SEVERE ] player 1 placing token on slot 1
[23:35:32.171] [SEVERE ] key 83 was pressed by player 1
[23:35:32.174] [SEVERE ] player 1 placing token on slot 5
[23:35:32.372] [SEVERE ] updating countdown to 4000
[23:35:32.409] [SEVERE ] key 69 was pressed by player 1
[23:35:32.412] [SEVERE ] player 1 placing token on slot 2
[23:35:32.412] [SEVERE ] setting player 1 freeze to 3000
[23:35:33.384] [SEVERE ] updating countdown to 3000
[23:35:33.416] [SEVERE ] setting player 1 freeze to 2000
[23:35:34.390] [SEVERE ] updating countdown to 2000
[23:35:34.421] [SEVERE ] setting player 1 freeze to 1000
[23:35:34.464] [SEVERE ] key 69 was pressed by player 1
[23:35:34.764] [SEVERE ] key 69 was pressed by player 1
[23:35:34.904] [SEVERE ] key 69 was pressed by player 1
[23:35:35.397] [SEVERE ] updating countdown to 1000
[23:35:35.425] [SEVERE ] setting player 1 freeze to 0
[23:35:36.416] [SEVERE ] updating countdown to 0
[23:35:37.416] [SEVERE ] removing player 1 token from slot 1
[23:35:37.416] [SEVERE ] removing player 1 token from slot 5
[23:35:37.417] [SEVERE ] removing player 1 token from slot 2
[23:35:37.528] [SEVERE ] removing card from slot 0
[23:35:37.640] [SEVERE ] removing card from slot 1
[23:35:37.751] [SEVERE ] removing card from slot 2
[23:35:37.863] [SEVERE ] removing card from slot 3
[23:35:37.974] [SEVERE ] removing card from slot 4
[23:35:38.006] [SEVERE ] key 79 was pressed by player 2
[23:35:38.014] [SEVERE ] key 69 was pressed by player 1
[23:35:38.086] [SEVERE ] removing card from slot 5
[23:35:38.114] [SEVERE ] key 80 was pressed by player 2
[23:35:38.189] [SEVERE ] removing card from slot 6
[23:35:38.300] [SEVERE ] removing card from slot 7
[23:35:38.354] [SEVERE ] key 79 was pressed by player 2
[23:35:38.412] [SEVERE ] removing card from slot 8
[23:35:38.461] [SEVERE ] key 80 was pressed by player 2
[23:35:38.523] [SEVERE ] removing card from slot 9
[23:35:38.574] [SEVERE ] key 79 was pressed by player 2
[23:35:38.634] [SEVERE ] removing card from slot 10
[23:35:38.745] [SEVERE ] removing card from slot 11
[23:35:38.856] [SEVERE ] placing card 57 in slot 0
[23:35:38.968] [SEVERE ] placing card 42 in slot 1
[23:35:39.080] [SEVERE ] placing card 17 in slot 2
[23:35:39.192] [SEVERE ] placing card 75 in slot 3
[23:35:39.304] [SEVERE ] placing card 43 in slot 4
[23:35:39.415] [SEVERE ] placing card 21 in slot 5
[23:35:39.527] [SEVERE ] placing card 26 in slot 6
[23:35:39.639] [SEVERE ] placing card 16 in slot 7
[23:35:39.749] [SEVERE ] placing card 70 in slot 8
[23:35:39.861] [SEVERE ] placing card 39 in slot 9
[23:35:39.972] [SEVERE ] placing card 51 in slot 10
[23:35:40.084] [SEVERE ] placing card 35 in slot 11
[23:35:40.084] [SEVERE ] updating countdown to 5000
[23:35:40.084] [SEVERE ] player 2 placing token on slot 3
[23:35:40.087] [SEVERE ] player 2 placing token on slot 2
[23:35:40.087] [SEVERE ] removing player 2 token from slot 3
[23:35:40.087] [SEVERE ] removing player 2 token from slot 2
[23:35:41.102] [SEVERE ] updating countdown to 4000
[23:35:42.110] [SEVERE ] updating countdown to 3000
[23:35:43.120] [SEVERE ] updating countdown to 2000
[23:35:44.135] [SEVERE ] updating countdown to 1000
