[21:49:44.081] [INFO   ] thread main starting.
[21:49:44.090] [SEVERE ] cannot read configuration file config.properties trying from resources.
[21:49:44.090] [SEVERE ] configuration file was loaded from resources directory.
[21:49:44.851] [INFO   ] thread dealer starting.
[21:49:44.869] [INFO   ] thread player 0 starting.
[21:49:44.877] [INFO   ] thread player 1 starting.
[21:49:44.877] [INFO   ] thread dealer starting.
[21:49:44.879] [INFO   ] thread player 0 starting.
[21:49:44.880] [INFO   ] thread player 1 starting.
[21:49:45.010] [SEVERE ] placing card 76 in slot 0
[21:49:45.118] [SEVERE ] placing card 17 in slot 1
[21:49:45.223] [SEVERE ] placing card 43 in slot 2
[21:49:45.328] [SEVERE ] placing card 4 in slot 3
[21:49:45.439] [SEVERE ] placing card 64 in slot 4
[21:49:45.549] [SEVERE ] placing card 19 in slot 5
[21:49:45.660] [SEVERE ] placing card 49 in slot 6
[21:49:45.768] [SEVERE ] placing card 20 in slot 7
[21:49:45.879] [SEVERE ] placing card 56 in slot 8
[21:49:45.993] [SEVERE ] placing card 35 in slot 9
[21:49:46.094] [SEVERE ] placing card 78 in slot 10
[21:49:46.198] [SEVERE ] placing card 29 in slot 11
[21:49:47.209] [SEVERE ] updating countdown to 0
[21:49:48.220] [SEVERE ] removing card from slot 0
[21:49:48.221] [SEVERE ] removing card from slot 1
[21:49:48.221] [SEVERE ] removing card from slot 2
[21:49:48.230] [SEVERE ] removing card from slot 3
[21:49:48.230] [SEVERE ] removing card from slot 4
[21:49:48.230] [SEVERE ] removing card from slot 5
[21:49:48.230] [SEVERE ] removing card from slot 6
[21:49:48.230] [SEVERE ] removing card from slot 7
[21:49:48.230] [SEVERE ] removing card from slot 8
[21:49:48.237] [SEVERE ] removing card from slot 9
[21:49:48.237] [SEVERE ] removing card from slot 10
[21:49:48.237] [SEVERE ] removing card from slot 11
[21:49:48.344] [SEVERE ] placing card 69 in slot 0
[21:49:48.449] [SEVERE ] placing card 0 in slot 1
[21:49:48.560] [SEVERE ] placing card 15 in slot 2
[21:49:48.675] [SEVERE ] placing card 13 in slot 3
[21:49:48.786] [SEVERE ] placing card 58 in slot 4
[21:49:48.894] [SEVERE ] placing card 40 in slot 5
[21:49:49.008] [SEVERE ] placing card 36 in slot 6
[21:49:49.121] [SEVERE ] placing card 66 in slot 7
[21:49:49.227] [SEVERE ] placing card 34 in slot 8
[21:49:49.330] [SEVERE ] placing card 60 in slot 9
[21:49:49.441] [SEVERE ] placing card 72 in slot 10
[21:49:49.547] [SEVERE ] placing card 63 in slot 11
[21:49:49.547] [SEVERE ] updating countdown to 1000
[21:49:50.549] [SEVERE ] updating countdown to 0
[21:49:51.564] [SEVERE ] removing card from slot 0
[21:49:51.564] [SEVERE ] removing card from slot 1
[21:49:51.564] [SEVERE ] removing card from slot 2
[21:49:51.564] [SEVERE ] removing card from slot 3
[21:49:51.572] [SEVERE ] removing card from slot 4
[21:49:51.572] [SEVERE ] removing card from slot 5
[21:49:51.572] [SEVERE ] removing card from slot 6
[21:49:51.572] [SEVERE ] removing card from slot 7
[21:49:51.572] [SEVERE ] removing card from slot 8
[21:49:51.572] [SEVERE ] removing card from slot 9
[21:49:51.572] [SEVERE ] removing card from slot 10
[21:49:51.572] [SEVERE ] removing card from slot 11
[21:49:51.687] [SEVERE ] placing card 57 in slot 0
[21:49:51.794] [SEVERE ] placing card 52 in slot 1
[21:49:51.900] [SEVERE ] placing card 74 in slot 2
[21:49:52.006] [SEVERE ] placing card 31 in slot 3
[21:49:52.115] [SEVERE ] placing card 5 in slot 4
[21:49:52.216] [SEVERE ] placing card 71 in slot 5
[21:49:52.324] [SEVERE ] placing card 27 in slot 6
[21:49:52.425] [SEVERE ] placing card 45 in slot 7
[21:49:52.530] [SEVERE ] placing card 51 in slot 8
[21:49:52.646] [SEVERE ] placing card 73 in slot 9
[21:49:52.760] [SEVERE ] placing card 7 in slot 10
[21:49:52.874] [SEVERE ] placing card 22 in slot 11
[21:49:52.875] [SEVERE ] updating countdown to 1000
[21:49:53.880] [SEVERE ] updating countdown to 0
[21:49:54.887] [SEVERE ] removing card from slot 0
[21:49:54.888] [SEVERE ] removing card from slot 1
[21:49:54.888] [SEVERE ] removing card from slot 2
[21:49:54.888] [SEVERE ] removing card from slot 3
[21:49:54.888] [SEVERE ] removing card from slot 4
[21:49:54.895] [SEVERE ] removing card from slot 5
[21:49:54.895] [SEVERE ] removing card from slot 6
[21:49:54.895] [SEVERE ] removing card from slot 7
[21:49:54.895] [SEVERE ] removing card from slot 8
[21:49:54.895] [SEVERE ] removing card from slot 9
[21:49:54.895] [SEVERE ] removing card from slot 10
[21:49:54.895] [SEVERE ] removing card from slot 11
[21:49:55.009] [SEVERE ] placing card 55 in slot 0
[21:49:55.116] [SEVERE ] placing card 30 in slot 1
[21:49:55.225] [SEVERE ] placing card 67 in slot 2
[21:49:55.340] [SEVERE ] placing card 79 in slot 3
[21:49:55.446] [SEVERE ] placing card 54 in slot 4
[21:49:55.550] [SEVERE ] placing card 47 in slot 5
[21:49:55.654] [SEVERE ] placing card 59 in slot 6
[21:49:55.760] [SEVERE ] placing card 80 in slot 7
[21:49:55.866] [SEVERE ] placing card 14 in slot 8
[21:49:55.974] [SEVERE ] placing card 21 in slot 9
[21:49:56.075] [SEVERE ] placing card 38 in slot 10
[21:49:56.183] [SEVERE ] placing card 33 in slot 11
[21:49:56.184] [SEVERE ] updating countdown to 1000
[21:49:57.190] [SEVERE ] updating countdown to 0
[21:49:58.202] [SEVERE ] removing card from slot 0
[21:49:58.202] [SEVERE ] removing card from slot 1
[21:49:58.202] [SEVERE ] removing card from slot 2
[21:49:58.202] [SEVERE ] removing card from slot 3
[21:49:58.211] [SEVERE ] removing card from slot 4
[21:49:58.214] [SEVERE ] removing card from slot 5
[21:49:58.214] [SEVERE ] removing card from slot 6
[21:49:58.214] [SEVERE ] removing card from slot 7
[21:49:58.214] [SEVERE ] removing card from slot 8
[21:49:58.214] [SEVERE ] removing card from slot 9
[21:49:58.214] [SEVERE ] removing card from slot 10
[21:49:58.214] [SEVERE ] removing card from slot 11
[21:49:58.326] [SEVERE ] placing card 77 in slot 0
[21:49:58.432] [SEVERE ] placing card 10 in slot 1
[21:49:58.539] [SEVERE ] placing card 18 in slot 2
[21:49:58.649] [SEVERE ] placing card 39 in slot 3
[21:49:58.752] [SEVERE ] placing card 12 in slot 4
[21:49:58.858] [SEVERE ] placing card 53 in slot 5
[21:49:58.964] [SEVERE ] placing card 68 in slot 6
[21:49:59.079] [SEVERE ] placing card 9 in slot 7
[21:49:59.186] [SEVERE ] placing card 8 in slot 8
[21:49:59.289] [SEVERE ] placing card 65 in slot 9
[21:49:59.389] [SEVERE ] placing card 37 in slot 10
[21:49:59.497] [SEVERE ] placing card 23 in slot 11
[21:49:59.497] [SEVERE ] updating countdown to 1000
[21:50:00.509] [SEVERE ] updating countdown to 0
[21:50:01.526] [SEVERE ] removing card from slot 0
[21:50:01.526] [SEVERE ] removing card from slot 1
[21:50:01.526] [SEVERE ] removing card from slot 2
[21:50:01.526] [SEVERE ] removing card from slot 3
[21:50:01.526] [SEVERE ] removing card from slot 4
[21:50:01.526] [SEVERE ] removing card from slot 5
[21:50:01.526] [SEVERE ] removing card from slot 6
[21:50:01.531] [SEVERE ] removing card from slot 7
[21:50:01.531] [SEVERE ] removing card from slot 8
[21:50:01.531] [SEVERE ] removing card from slot 9
[21:50:01.534] [SEVERE ] removing card from slot 10
[21:50:01.534] [SEVERE ] removing card from slot 11
[21:50:01.639] [SEVERE ] placing card 24 in slot 0
[21:50:01.748] [SEVERE ] placing card 48 in slot 1
[21:50:01.849] [SEVERE ] placing card 16 in slot 2
[21:50:01.961] [SEVERE ] placing card 70 in slot 3
[21:50:02.076] [SEVERE ] placing card 26 in slot 4
[21:50:02.176] [SEVERE ] placing card 42 in slot 5
[21:50:02.276] [SEVERE ] placing card 50 in slot 6
[21:50:02.385] [SEVERE ] placing card 1 in slot 7
[21:50:02.493] [SEVERE ] placing card 41 in slot 8
[21:50:02.610] [SEVERE ] placing card 62 in slot 9
[21:50:02.718] [SEVERE ] placing card 6 in slot 10
[21:50:02.826] [SEVERE ] placing card 46 in slot 11
[21:50:02.826] [SEVERE ] updating countdown to 1000
[21:50:03.839] [SEVERE ] updating countdown to 0
[21:50:04.846] [SEVERE ] removing card from slot 0
[21:50:04.846] [SEVERE ] removing card from slot 1
[21:50:04.855] [SEVERE ] removing card from slot 2
[21:50:04.855] [SEVERE ] removing card from slot 3
[21:50:04.855] [SEVERE ] removing card from slot 4
[21:50:04.855] [SEVERE ] removing card from slot 5
[21:50:04.859] [SEVERE ] removing card from slot 6
[21:50:04.859] [SEVERE ] removing card from slot 7
[21:50:04.859] [SEVERE ] removing card from slot 8
[21:50:04.859] [SEVERE ] removing card from slot 9
[21:50:04.859] [SEVERE ] removing card from slot 10
[21:50:04.860] [SEVERE ] removing card from slot 11
[21:50:04.969] [SEVERE ] placing card 11 in slot 0
[21:50:05.075] [SEVERE ] placing card 3 in slot 1
[21:50:05.179] [SEVERE ] placing card 2 in slot 2
[21:50:05.287] [SEVERE ] placing card 75 in slot 3
[21:50:05.393] [SEVERE ] placing card 28 in slot 4
[21:50:05.509] [SEVERE ] placing card 25 in slot 5
[21:50:05.615] [SEVERE ] placing card 32 in slot 6
[21:50:05.728] [SEVERE ] placing card 44 in slot 7
[21:50:05.829] [SEVERE ] placing card 61 in slot 8
[21:50:05.830] [SEVERE ] updating countdown to 1000
[21:50:05.830] [SEVERE ] updating countdown to 0
[21:50:05.830] [SEVERE ] removing card from slot 0
[21:50:05.842] [SEVERE ] removing card from slot 1
[21:50:05.842] [SEVERE ] removing card from slot 2
[21:50:05.842] [SEVERE ] removing card from slot 3
[21:50:05.842] [SEVERE ] removing card from slot 4
[21:50:05.842] [SEVERE ] removing card from slot 5
[21:50:05.842] [SEVERE ] removing card from slot 6
[21:50:05.842] [SEVERE ] removing card from slot 7
[21:50:05.842] [SEVERE ] removing card from slot 8
[21:50:05.842] [SEVERE ] removing card from slot 9
[21:50:05.842] [SEVERE ] removing card from slot 10
[21:50:05.842] [SEVERE ] removing card from slot 11
[21:50:05.842] [SEVERE ] announcing winner(s): player 1, player 2
[21:50:05.851] [INFO   ] thread dealer terminated.
[21:50:05.851] [INFO   ] thread dealer terminated.
[21:50:10.854] [SEVERE ] thanks for playing... it was fun!
[21:50:10.854] [INFO   ] thread main terminated.
[21:50:10.854] [SEVERE ] disposing of user interface elements
