[19:03:41.701] [INFO   ] thread main starting.
[19:03:41.721] [SEVERE ] cannot read configuration file config.properties trying from resources.
[19:03:41.721] [SEVERE ] configuration file was loaded from resources directory.
[19:03:42.393] [INFO   ] thread dealer starting.
[19:03:42.393] [INFO   ] thread player 0 starting.
[19:03:42.393] [INFO   ] thread player 1 starting.
[19:03:42.393] [INFO   ] thread player 0 starting.
[19:03:42.393] [INFO   ] thread dealer starting.
[19:03:42.393] [INFO   ] thread player 1 starting.
[19:03:42.515] [SEVERE ] placing card 44 in slot 0
[19:03:42.626] [SEVERE ] placing card 9 in slot 1
[19:03:42.737] [SEVERE ] placing card 32 in slot 2
[19:03:42.848] [SEVERE ] placing card 48 in slot 3
[19:03:42.959] [SEVERE ] placing card 68 in slot 4
[19:03:43.070] [SEVERE ] placing card 53 in slot 5
[19:03:43.180] [SEVERE ] placing card 64 in slot 6
[19:03:43.290] [SEVERE ] placing card 8 in slot 7
[19:03:43.400] [SEVERE ] placing card 2 in slot 8
[19:03:43.510] [SEVERE ] placing card 46 in slot 9
[19:03:43.620] [SEVERE ] placing card 18 in slot 10
[19:03:43.730] [SEVERE ] placing card 72 in slot 11
[19:03:44.735] [SEVERE ] updating countdown to 4000
[19:03:45.744] [SEVERE ] updating countdown to 3000
[19:03:46.754] [SEVERE ] updating countdown to 2000
[19:03:47.762] [SEVERE ] updating countdown to 1000
[19:03:48.770] [SEVERE ] updating countdown to 0
[19:03:49.778] [SEVERE ] removing card from slot 0
[19:03:49.778] [SEVERE ] removing card from slot 1
[19:03:49.794] [SEVERE ] removing card from slot 2
[19:03:49.794] [SEVERE ] removing card from slot 3
[19:03:49.794] [SEVERE ] removing card from slot 4
[19:03:49.794] [SEVERE ] removing card from slot 5
[19:03:49.794] [SEVERE ] removing card from slot 6
[19:03:49.794] [SEVERE ] removing card from slot 7
[19:03:49.794] [SEVERE ] removing card from slot 8
[19:03:49.794] [SEVERE ] removing card from slot 9
[19:03:49.794] [SEVERE ] removing card from slot 10
[19:03:49.794] [SEVERE ] removing card from slot 11
[19:03:49.904] [SEVERE ] placing card 66 in slot 0
[19:03:50.014] [SEVERE ] placing card 20 in slot 1
[19:03:50.123] [SEVERE ] placing card 54 in slot 2
[19:03:50.234] [SEVERE ] placing card 71 in slot 3
[19:03:50.344] [SEVERE ] placing card 30 in slot 4
[19:03:50.454] [SEVERE ] placing card 1 in slot 5
[19:03:50.565] [SEVERE ] placing card 38 in slot 6
[19:03:50.676] [SEVERE ] placing card 56 in slot 7
[19:03:50.788] [SEVERE ] placing card 77 in slot 8
[19:03:50.899] [SEVERE ] placing card 60 in slot 9
[19:03:51.010] [SEVERE ] placing card 37 in slot 10
[19:03:51.120] [SEVERE ] placing card 27 in slot 11
[19:03:51.120] [SEVERE ] updating countdown to 5000
[19:03:52.128] [SEVERE ] updating countdown to 4000
[19:03:53.137] [SEVERE ] updating countdown to 3000
[19:03:54.144] [SEVERE ] updating countdown to 2000
[19:03:55.149] [SEVERE ] updating countdown to 1000
[19:03:56.160] [SEVERE ] updating countdown to 0
[19:03:57.171] [SEVERE ] removing card from slot 0
[19:03:57.171] [SEVERE ] removing card from slot 1
[19:03:57.171] [SEVERE ] removing card from slot 2
[19:03:57.181] [SEVERE ] removing card from slot 3
[19:03:57.181] [SEVERE ] removing card from slot 4
[19:03:57.181] [SEVERE ] removing card from slot 5
[19:03:57.181] [SEVERE ] removing card from slot 6
[19:03:57.181] [SEVERE ] removing card from slot 7
[19:03:57.181] [SEVERE ] removing card from slot 8
[19:03:57.181] [SEVERE ] removing card from slot 9
[19:03:57.181] [SEVERE ] removing card from slot 10
[19:03:57.181] [SEVERE ] removing card from slot 11
[19:03:57.282] [SEVERE ] placing card 42 in slot 0
[19:03:57.392] [SEVERE ] placing card 65 in slot 1
[19:03:57.502] [SEVERE ] placing card 74 in slot 2
[19:03:57.612] [SEVERE ] placing card 13 in slot 3
[19:03:57.722] [SEVERE ] placing card 28 in slot 4
[19:03:57.834] [SEVERE ] placing card 55 in slot 5
[19:03:57.944] [SEVERE ] placing card 67 in slot 6
[19:03:58.054] [SEVERE ] placing card 69 in slot 7
[19:03:58.164] [SEVERE ] placing card 3 in slot 8
[19:03:58.274] [SEVERE ] placing card 21 in slot 9
[19:03:58.384] [SEVERE ] placing card 75 in slot 10
[19:03:58.494] [SEVERE ] placing card 31 in slot 11
[19:03:58.494] [SEVERE ] updating countdown to 5000
[19:03:59.504] [SEVERE ] updating countdown to 4000
[19:04:00.512] [SEVERE ] updating countdown to 3000
[19:04:01.522] [SEVERE ] updating countdown to 2000
[19:04:02.530] [SEVERE ] updating countdown to 1000
[19:04:03.538] [SEVERE ] updating countdown to 0
[19:04:04.545] [SEVERE ] removing card from slot 0
[19:04:04.545] [SEVERE ] removing card from slot 1
[19:04:04.545] [SEVERE ] removing card from slot 2
[19:04:04.545] [SEVERE ] removing card from slot 3
[19:04:04.545] [SEVERE ] removing card from slot 4
[19:04:04.560] [SEVERE ] removing card from slot 5
[19:04:04.560] [SEVERE ] removing card from slot 6
[19:04:04.560] [SEVERE ] removing card from slot 7
[19:04:04.560] [SEVERE ] removing card from slot 8
[19:04:04.560] [SEVERE ] removing card from slot 9
[19:04:04.560] [SEVERE ] removing card from slot 10
[19:04:04.560] [SEVERE ] removing card from slot 11
[19:04:04.685] [SEVERE ] placing card 57 in slot 0
[19:04:04.795] [SEVERE ] placing card 73 in slot 1
[19:04:04.905] [SEVERE ] placing card 49 in slot 2
[19:04:05.015] [SEVERE ] placing card 23 in slot 3
[19:04:05.125] [SEVERE ] placing card 70 in slot 4
[19:04:05.235] [SEVERE ] placing card 11 in slot 5
[19:04:05.345] [SEVERE ] placing card 41 in slot 6
[19:04:05.456] [SEVERE ] placing card 15 in slot 7
[19:04:05.566] [SEVERE ] placing card 35 in slot 8
[19:04:05.676] [SEVERE ] placing card 0 in slot 9
[19:04:05.787] [SEVERE ] placing card 62 in slot 10
[19:04:05.897] [SEVERE ] placing card 79 in slot 11
[19:04:05.897] [SEVERE ] updating countdown to 5000
[19:04:06.903] [SEVERE ] updating countdown to 4000
[19:04:07.911] [SEVERE ] updating countdown to 3000
[19:04:08.920] [SEVERE ] updating countdown to 2000
[19:04:09.928] [SEVERE ] updating countdown to 1000
[19:04:10.936] [SEVERE ] updating countdown to 0
[19:04:11.945] [SEVERE ] removing card from slot 0
[19:04:11.945] [SEVERE ] removing card from slot 1
[19:04:11.945] [SEVERE ] removing card from slot 2
[19:04:11.945] [SEVERE ] removing card from slot 3
[19:04:11.945] [SEVERE ] removing card from slot 4
[19:04:11.945] [SEVERE ] removing card from slot 5
[19:04:11.945] [SEVERE ] removing card from slot 6
[19:04:11.945] [SEVERE ] removing card from slot 7
[19:04:11.945] [SEVERE ] removing card from slot 8
[19:04:11.945] [SEVERE ] removing card from slot 9
[19:04:11.945] [SEVERE ] removing card from slot 10
[19:04:11.945] [SEVERE ] removing card from slot 11
[19:04:12.056] [SEVERE ] placing card 51 in slot 0
[19:04:12.166] [SEVERE ] placing card 19 in slot 1
[19:04:12.276] [SEVERE ] placing card 47 in slot 2
[19:04:12.386] [SEVERE ] placing card 61 in slot 3
[19:04:12.497] [SEVERE ] placing card 12 in slot 4
[19:04:12.608] [SEVERE ] placing card 7 in slot 5
[19:04:12.718] [SEVERE ] placing card 63 in slot 6
[19:04:12.828] [SEVERE ] placing card 78 in slot 7
[19:04:12.938] [SEVERE ] placing card 39 in slot 8
[19:04:13.048] [SEVERE ] placing card 40 in slot 9
[19:04:13.158] [SEVERE ] placing card 50 in slot 10
[19:04:13.268] [SEVERE ] placing card 16 in slot 11
[19:04:13.268] [SEVERE ] updating countdown to 5000
[19:04:14.272] [SEVERE ] updating countdown to 4000
[19:04:15.279] [SEVERE ] updating countdown to 3000
[19:04:16.288] [SEVERE ] updating countdown to 2000
[19:04:17.298] [SEVERE ] updating countdown to 1000
[19:04:18.305] [SEVERE ] updating countdown to 0
[19:04:19.313] [SEVERE ] removing card from slot 0
[19:04:19.313] [SEVERE ] removing card from slot 1
[19:04:19.313] [SEVERE ] removing card from slot 2
[19:04:19.313] [SEVERE ] removing card from slot 3
[19:04:19.313] [SEVERE ] removing card from slot 4
[19:04:19.313] [SEVERE ] removing card from slot 5
[19:04:19.313] [SEVERE ] removing card from slot 6
[19:04:19.313] [SEVERE ] removing card from slot 7
[19:04:19.313] [SEVERE ] removing card from slot 8
[19:04:19.313] [SEVERE ] removing card from slot 9
[19:04:19.313] [SEVERE ] removing card from slot 10
[19:04:19.313] [SEVERE ] removing card from slot 11
[19:04:19.440] [SEVERE ] placing card 26 in slot 0
[19:04:19.550] [SEVERE ] placing card 43 in slot 1
[19:04:19.659] [SEVERE ] placing card 59 in slot 2
[19:04:19.769] [SEVERE ] placing card 22 in slot 3
[19:04:19.880] [SEVERE ] placing card 33 in slot 4
[19:04:19.990] [SEVERE ] placing card 14 in slot 5
[19:04:20.101] [SEVERE ] placing card 36 in slot 6
[19:04:20.211] [SEVERE ] placing card 4 in slot 7
[19:04:20.322] [SEVERE ] placing card 52 in slot 8
[19:04:20.432] [SEVERE ] placing card 34 in slot 9
[19:04:20.542] [SEVERE ] placing card 17 in slot 10
[19:04:20.652] [SEVERE ] placing card 25 in slot 11
[19:04:20.652] [SEVERE ] updating countdown to 5000
[19:04:21.663] [SEVERE ] updating countdown to 4000
[19:04:22.671] [SEVERE ] updating countdown to 3000
[19:04:23.681] [SEVERE ] updating countdown to 2000
[19:04:24.690] [SEVERE ] updating countdown to 1000
[19:04:25.700] [SEVERE ] updating countdown to 0
[19:04:26.711] [SEVERE ] removing card from slot 0
[19:04:26.711] [SEVERE ] removing card from slot 1
[19:04:26.711] [SEVERE ] removing card from slot 2
[19:04:26.711] [SEVERE ] removing card from slot 3
[19:04:26.718] [SEVERE ] removing card from slot 4
[19:04:26.718] [SEVERE ] removing card from slot 5
[19:04:26.718] [SEVERE ] removing card from slot 6
[19:04:26.718] [SEVERE ] removing card from slot 7
[19:04:26.718] [SEVERE ] removing card from slot 8
[19:04:26.718] [SEVERE ] removing card from slot 9
[19:04:26.718] [SEVERE ] removing card from slot 10
[19:04:26.718] [SEVERE ] removing card from slot 11
[19:04:26.821] [SEVERE ] placing card 24 in slot 0
[19:04:26.932] [SEVERE ] placing card 58 in slot 1
[19:04:27.042] [SEVERE ] placing card 76 in slot 2
[19:04:27.152] [SEVERE ] placing card 10 in slot 3
[19:04:27.262] [SEVERE ] placing card 45 in slot 4
[19:04:27.372] [SEVERE ] placing card 29 in slot 5
[19:04:27.482] [SEVERE ] placing card 6 in slot 6
[19:04:27.592] [SEVERE ] placing card 5 in slot 7
[19:04:27.702] [SEVERE ] placing card 80 in slot 8
[19:04:27.702] [SEVERE ] updating countdown to 5000
[19:04:27.702] [SEVERE ] updating countdown to 4000
[19:04:27.702] [SEVERE ] removing card from slot 0
[19:04:27.702] [SEVERE ] removing card from slot 1
[19:04:27.702] [SEVERE ] removing card from slot 2
[19:04:27.702] [SEVERE ] removing card from slot 3
[19:04:27.702] [SEVERE ] removing card from slot 4
[19:04:27.702] [SEVERE ] removing card from slot 5
[19:04:27.702] [SEVERE ] removing card from slot 6
[19:04:27.702] [SEVERE ] removing card from slot 7
[19:04:27.702] [SEVERE ] removing card from slot 8
[19:04:27.702] [SEVERE ] removing card from slot 9
[19:04:27.702] [SEVERE ] removing card from slot 10
[19:04:27.702] [SEVERE ] removing card from slot 11
[19:04:27.702] [SEVERE ] announcing winner(s): player 1, player 2
[19:04:27.720] [INFO   ] thread dealer terminated.
[19:04:27.720] [INFO   ] thread dealer terminated.
[19:04:32.721] [SEVERE ] thanks for playing... it was fun!
[19:04:32.721] [INFO   ] thread main terminated.
[19:04:32.723] [SEVERE ] disposing of user interface elements
