[14:27:49.302] [INFO   ] thread main starting.
[14:27:49.307] [SEVERE ] cannot read configuration file config.properties trying from resources.
[14:27:49.309] [SEVERE ] configuration file was loaded from resources directory.
[14:27:49.827] [INFO   ] thread dealer starting.
[14:27:49.827] [INFO   ] thread player 0 starting.
[14:27:49.828] [INFO   ] thread player 1 starting.
[14:27:49.829] [INFO   ] thread dealer starting.
[14:27:49.831] [INFO   ] thread player 0 starting.
[14:27:49.831] [INFO   ] thread player 1 starting.
[14:27:49.832] [INFO   ] thread computer-1 starting.
[14:27:49.944] [SEVERE ] placing card 64 in slot 0
[14:27:50.053] [SEVERE ] placing card 8 in slot 1
[14:27:50.163] [SEVERE ] placing card 3 in slot 2
[14:27:50.273] [SEVERE ] placing card 28 in slot 3
[14:27:50.382] [SEVERE ] placing card 55 in slot 4
[14:27:50.493] [SEVERE ] placing card 45 in slot 5
[14:27:50.605] [SEVERE ] placing card 5 in slot 6
[14:27:50.716] [SEVERE ] placing card 17 in slot 7
[14:27:50.828] [SEVERE ] placing card 27 in slot 8
[14:27:50.940] [SEVERE ] placing card 24 in slot 9
[14:27:51.050] [SEVERE ] placing card 68 in slot 10
[14:27:51.160] [SEVERE ] placing card 61 in slot 11
[14:27:52.174] [SEVERE ] updating countdown to 59000
[14:27:52.361] [SEVERE ] player 2 placing token on slot 3
[14:27:52.867] [SEVERE ] player 2 placing token on slot 8
[14:27:53.184] [SEVERE ] updating countdown to 58000
[14:27:53.371] [SEVERE ] player 2 placing token on slot 0
[14:27:53.372] [SEVERE ] setting player 2 freeze to 3000
[14:27:54.190] [SEVERE ] updating countdown to 57000
[14:27:54.380] [SEVERE ] setting player 2 freeze to 2000
[14:27:55.199] [SEVERE ] updating countdown to 56000
[14:27:55.387] [SEVERE ] setting player 2 freeze to 1000
[14:27:56.204] [SEVERE ] updating countdown to 55000
[14:27:56.389] [SEVERE ] setting player 2 freeze to 0
[14:27:57.215] [SEVERE ] updating countdown to 54000
[14:27:57.401] [SEVERE ] removing player 2 token from slot 8
[14:27:57.910] [SEVERE ] player 2 placing token on slot 9
[14:27:57.911] [SEVERE ] setting player 2 freeze to 3000
[14:27:58.226] [SEVERE ] updating countdown to 53000
[14:27:58.918] [SEVERE ] setting player 2 freeze to 2000
[14:27:59.235] [SEVERE ] updating countdown to 52000
[14:27:59.931] [SEVERE ] setting player 2 freeze to 1000
[14:28:00.246] [SEVERE ] updating countdown to 51000
[14:28:00.935] [SEVERE ] setting player 2 freeze to 0
[14:28:01.251] [SEVERE ] updating countdown to 50000
[14:28:01.950] [SEVERE ] removing player 2 token from slot 3
[14:28:02.259] [SEVERE ] updating countdown to 49000
[14:28:02.462] [SEVERE ] player 2 placing token on slot 1
[14:28:02.462] [SEVERE ] setting player 2 freeze to 3000
[14:28:03.264] [SEVERE ] updating countdown to 48000
[14:28:03.468] [SEVERE ] setting player 2 freeze to 2000
[14:28:04.275] [SEVERE ] updating countdown to 47000
[14:28:04.480] [SEVERE ] setting player 2 freeze to 1000
[14:28:05.286] [SEVERE ] updating countdown to 46000
[14:28:05.491] [SEVERE ] setting player 2 freeze to 0
[14:28:06.301] [SEVERE ] updating countdown to 45000
[14:28:06.507] [SEVERE ] removing player 2 token from slot 1
[14:28:07.013] [SEVERE ] player 2 placing token on slot 11
[14:28:07.013] [SEVERE ] setting player 2 freeze to 3000
[14:28:07.308] [SEVERE ] updating countdown to 44000
[14:28:08.014] [SEVERE ] setting player 2 freeze to 2000
[14:28:08.310] [SEVERE ] updating countdown to 43000
[14:28:09.016] [SEVERE ] setting player 2 freeze to 1000
[14:28:09.314] [SEVERE ] updating countdown to 42000
[14:28:10.026] [SEVERE ] setting player 2 freeze to 0
[14:28:10.326] [SEVERE ] updating countdown to 41000
[14:28:11.338] [SEVERE ] updating countdown to 40000
[14:28:12.350] [SEVERE ] updating countdown to 39000
[14:28:13.366] [SEVERE ] updating countdown to 38000
[14:28:14.375] [SEVERE ] updating countdown to 37000
[14:28:15.083] [SEVERE ] removing player 2 token from slot 0
[14:28:15.384] [SEVERE ] updating countdown to 36000
[14:28:15.588] [SEVERE ] player 2 placing token on slot 4
[14:28:15.588] [SEVERE ] setting player 2 freeze to 3000
[14:28:16.394] [SEVERE ] updating countdown to 35000
[14:28:16.598] [SEVERE ] setting player 2 freeze to 2000
[14:28:17.399] [SEVERE ] updating countdown to 34000
[14:28:17.600] [SEVERE ] setting player 2 freeze to 1000
[14:28:18.415] [SEVERE ] updating countdown to 33000
[14:28:18.601] [SEVERE ] setting player 2 freeze to 0
[14:28:19.421] [SEVERE ] updating countdown to 32000
[14:28:20.434] [SEVERE ] updating countdown to 31000
[14:28:21.446] [SEVERE ] updating countdown to 30000
[14:28:21.634] [SEVERE ] removing player 2 token from slot 9
[14:28:22.137] [SEVERE ] player 2 placing token on slot 2
[14:28:22.138] [SEVERE ] setting player 2 freeze to 3000
[14:28:22.449] [SEVERE ] updating countdown to 29000
[14:28:23.151] [SEVERE ] setting player 2 freeze to 2000
[14:28:23.463] [SEVERE ] updating countdown to 28000
[14:28:24.159] [SEVERE ] setting player 2 freeze to 1000
[14:28:24.475] [SEVERE ] updating countdown to 27000
[14:28:25.174] [SEVERE ] setting player 2 freeze to 0
[14:28:25.489] [SEVERE ] updating countdown to 26000
[14:28:25.886] [SEVERE ] key 81 was pressed by player 1
[14:28:25.886] [SEVERE ] player 1 placing token on slot 0
[14:28:26.409] [SEVERE ] key 87 was pressed by player 1
[14:28:26.409] [SEVERE ] player 1 placing token on slot 1
[14:28:26.498] [SEVERE ] updating countdown to 25000
[14:28:26.718] [SEVERE ] key 83 was pressed by player 1
[14:28:26.719] [SEVERE ] player 1 placing token on slot 5
[14:28:26.719] [SEVERE ] setting player 1 freeze to 3000
[14:28:27.505] [SEVERE ] updating countdown to 24000
[14:28:27.724] [SEVERE ] setting player 1 freeze to 2000
[14:28:28.218] [SEVERE ] removing player 2 token from slot 2
[14:28:28.515] [SEVERE ] updating countdown to 23000
[14:28:28.733] [SEVERE ] setting player 1 freeze to 1000
[14:28:28.733] [SEVERE ] removing player 2 token from slot 11
[14:28:29.248] [SEVERE ] removing player 2 token from slot 4
[14:28:29.527] [SEVERE ] updating countdown to 22000
[14:28:29.748] [SEVERE ] setting player 1 freeze to 0
[14:28:29.750] [SEVERE ] player 2 placing token on slot 4
[14:28:30.138] [SEVERE ] key 68 was pressed by player 1
[14:28:30.252] [SEVERE ] player 2 placing token on slot 6
[14:28:30.363] [SEVERE ] key 68 was pressed by player 1
[14:28:30.529] [SEVERE ] key 68 was pressed by player 1
[14:28:30.535] [SEVERE ] updating countdown to 21000
[14:28:30.756] [SEVERE ] removing player 2 token from slot 6
[14:28:31.260] [SEVERE ] player 2 placing token on slot 5
[14:28:31.545] [SEVERE ] updating countdown to 20000
[14:28:31.635] [SEVERE ] key 68 was pressed by player 1
[14:28:31.764] [SEVERE ] player 2 placing token on slot 11
[14:28:31.764] [SEVERE ] setting player 2 freeze to 3000
[14:28:31.856] [SEVERE ] key 68 was pressed by player 1
[14:28:32.554] [SEVERE ] updating countdown to 19000
[14:28:32.774] [SEVERE ] setting player 2 freeze to 2000
[14:28:33.565] [SEVERE ] updating countdown to 18000
[14:28:33.719] [SEVERE ] key 83 was pressed by player 1
[14:28:33.719] [SEVERE ] removing player 1 token from slot 5
[14:28:33.789] [SEVERE ] setting player 2 freeze to 1000
[14:28:34.435] [SEVERE ] key 90 was pressed by player 1
[14:28:34.436] [SEVERE ] player 1 placing token on slot 8
[14:28:34.436] [SEVERE ] setting player 1 freeze to 3000
[14:28:34.580] [SEVERE ] updating countdown to 17000
[14:28:34.798] [SEVERE ] setting player 2 freeze to 0
[14:28:35.446] [SEVERE ] setting player 1 freeze to 2000
[14:28:35.587] [SEVERE ] updating countdown to 16000
[14:28:35.808] [SEVERE ] removing player 2 token from slot 4
[14:28:36.315] [SEVERE ] player 2 placing token on slot 6
[14:28:36.315] [SEVERE ] setting player 2 freeze to 3000
[14:28:36.459] [SEVERE ] setting player 1 freeze to 1000
[14:28:36.600] [SEVERE ] updating countdown to 15000
[14:28:37.317] [SEVERE ] setting player 2 freeze to 2000
[14:28:37.462] [SEVERE ] setting player 1 freeze to 0
[14:28:37.615] [SEVERE ] updating countdown to 14000
[14:28:38.325] [SEVERE ] setting player 2 freeze to 1000
[14:28:38.621] [SEVERE ] updating countdown to 13000
[14:28:39.326] [SEVERE ] setting player 2 freeze to 0
[14:28:39.628] [SEVERE ] updating countdown to 12000
[14:28:39.831] [SEVERE ] removing player 2 token from slot 5
[14:28:40.339] [SEVERE ] player 2 placing token on slot 10
[14:28:40.339] [SEVERE ] setting player 2 freeze to 3000
[14:28:40.640] [SEVERE ] updating countdown to 11000
[14:28:41.349] [SEVERE ] setting player 2 freeze to 2000
[14:28:41.652] [SEVERE ] updating countdown to 10000
[14:28:42.361] [SEVERE ] setting player 2 freeze to 1000
[14:28:42.662] [SEVERE ] updating countdown to 9000
[14:28:43.363] [SEVERE ] key 90 was pressed by player 1
[14:28:43.364] [SEVERE ] removing player 1 token from slot 8
[14:28:43.371] [SEVERE ] setting player 2 freeze to 0
[14:28:43.607] [SEVERE ] key 81 was pressed by player 1
[14:28:43.608] [SEVERE ] removing player 1 token from slot 0
[14:28:43.670] [SEVERE ] updating countdown to 8000
[14:28:43.923] [SEVERE ] key 87 was pressed by player 1
[14:28:43.924] [SEVERE ] removing player 1 token from slot 1
[14:28:44.381] [SEVERE ] removing player 2 token from slot 6
[14:28:44.680] [SEVERE ] updating countdown to 7000
[14:28:44.885] [SEVERE ] removing player 2 token from slot 10
[14:28:45.395] [SEVERE ] player 2 placing token on slot 4
[14:28:45.681] [SEVERE ] updating countdown to 6000
[14:28:45.902] [SEVERE ] player 2 placing token on slot 1
[14:28:45.902] [SEVERE ] setting player 2 freeze to 3000
[14:28:46.685] [SEVERE ] updating countdown to 5000
[14:28:46.908] [SEVERE ] setting player 2 freeze to 2000
[14:28:47.697] [SEVERE ] updating countdown to 4000
[14:28:47.917] [SEVERE ] setting player 2 freeze to 1000
[14:28:48.707] [SEVERE ] updating countdown to 3000
[14:28:48.730] [SEVERE ] key 82 was pressed by player 1
[14:28:48.731] [SEVERE ] player 1 placing token on slot 3
[14:28:48.925] [SEVERE ] setting player 2 freeze to 0
[14:28:49.432] [SEVERE ] removing player 2 token from slot 4
[14:28:49.716] [SEVERE ] updating countdown to 2000
[14:28:49.847] [SEVERE ] key 90 was pressed by player 1
[14:28:49.847] [SEVERE ] player 1 placing token on slot 8
[14:28:49.933] [SEVERE ] player 2 placing token on slot 5
[14:28:49.933] [SEVERE ] setting player 2 freeze to 3000
[14:28:50.730] [SEVERE ] updating countdown to 1000
[14:28:50.937] [SEVERE ] setting player 2 freeze to 2000
[14:28:51.573] [SEVERE ] key 83 was pressed by player 1
[14:28:51.574] [SEVERE ] player 1 placing token on slot 5
[14:28:51.574] [SEVERE ] setting player 1 freeze to 3000
[14:28:51.743] [SEVERE ] removing player 1 token from slot 3
[14:28:51.749] [INFO   ] thread dealer terminated.
[14:28:51.946] [SEVERE ] setting player 2 freeze to 1000
[14:28:52.580] [SEVERE ] setting player 1 freeze to 2000
[14:28:52.957] [SEVERE ] setting player 2 freeze to 0
[14:28:53.589] [SEVERE ] setting player 1 freeze to 1000
[14:28:54.596] [SEVERE ] setting player 1 freeze to 0
[14:28:54.975] [SEVERE ] removing player 2 token from slot 5
[14:28:55.483] [SEVERE ] removing player 2 token from slot 1
[14:28:55.989] [SEVERE ] player 2 placing token on slot 7
[14:28:56.490] [SEVERE ] player 2 placing token on slot 6
[14:28:56.490] [SEVERE ] setting player 2 freeze to 3000
[14:28:56.756] [SEVERE ] thanks for playing... it was fun!
[14:28:56.757] [INFO   ] thread main terminated.
[14:28:56.757] [SEVERE ] disposing of user interface elements
[14:28:57.500] [SEVERE ] setting player 2 freeze to 2000
[14:28:58.505] [SEVERE ] setting player 2 freeze to 1000
[14:28:59.514] [SEVERE ] setting player 2 freeze to 0
[14:29:01.535] [SEVERE ] removing player 2 token from slot 7
[14:29:02.043] [SEVERE ] removing player 2 token from slot 6
[14:29:02.544] [SEVERE ] player 2 placing token on slot 1
[14:29:03.055] [SEVERE ] player 2 placing token on slot 0
[14:29:03.055] [SEVERE ] setting player 2 freeze to 3000
[14:29:04.056] [SEVERE ] setting player 2 freeze to 2000
[14:29:05.072] [SEVERE ] setting player 2 freeze to 1000
[14:29:06.078] [SEVERE ] setting player 2 freeze to 0
[14:29:07.601] [SEVERE ] removing player 2 token from slot 11
[14:29:08.112] [SEVERE ] player 2 placing token on slot 5
[14:29:08.112] [SEVERE ] setting player 2 freeze to 3000
[14:29:09.124] [SEVERE ] setting player 2 freeze to 2000
[14:29:10.136] [SEVERE ] setting player 2 freeze to 1000
[14:29:11.148] [SEVERE ] setting player 2 freeze to 0
[14:29:14.687] [SEVERE ] removing player 2 token from slot 1
[14:29:15.191] [SEVERE ] player 2 placing token on slot 3
[14:29:15.191] [SEVERE ] setting player 2 freeze to 3000
[14:29:16.192] [SEVERE ] setting player 2 freeze to 2000
[14:29:17.199] [SEVERE ] setting player 2 freeze to 1000
[14:29:18.209] [SEVERE ] setting player 2 freeze to 0
[14:29:20.739] [SEVERE ] removing player 2 token from slot 0
[14:29:21.240] [SEVERE ] player 2 placing token on slot 0
[14:29:21.240] [SEVERE ] setting player 2 freeze to 3000
[14:29:22.250] [SEVERE ] setting player 2 freeze to 2000
[14:29:23.255] [SEVERE ] setting player 2 freeze to 1000
[14:29:24.264] [SEVERE ] setting player 2 freeze to 0
[14:29:24.767] [SEVERE ] removing player 2 token from slot 5
[14:29:25.272] [SEVERE ] player 2 placing token on slot 10
[14:29:25.272] [SEVERE ] setting player 2 freeze to 3000
[14:29:26.283] [SEVERE ] setting player 2 freeze to 2000
[14:29:27.293] [SEVERE ] setting player 2 freeze to 1000
[14:29:28.319] [SEVERE ] setting player 2 freeze to 0
[14:29:29.835] [SEVERE ] removing player 2 token from slot 10
[14:29:30.339] [SEVERE ] removing player 2 token from slot 3
[14:29:30.844] [SEVERE ] removing player 2 token from slot 0
[14:29:31.356] [SEVERE ] player 2 placing token on slot 0
[14:29:31.866] [SEVERE ] player 2 placing token on slot 11
[14:29:32.374] [SEVERE ] player 2 placing token on slot 3
[14:29:32.374] [SEVERE ] setting player 2 freeze to 3000
[14:29:33.384] [SEVERE ] setting player 2 freeze to 2000
[14:29:34.396] [SEVERE ] setting player 2 freeze to 1000
[14:29:35.411] [SEVERE ] setting player 2 freeze to 0
[14:29:38.949] [SEVERE ] removing player 2 token from slot 11
