[14:36:54.138] [INFO   ] thread main starting.
[14:36:54.147] [SEVERE ] cannot read configuration file config.properties trying from resources.
[14:36:54.149] [SEVERE ] configuration file was loaded from resources directory.
[14:36:54.819] [INFO   ] thread dealer starting.
[14:36:54.819] [INFO   ] thread player 0 starting.
[14:36:54.820] [INFO   ] thread player 1 starting.
[14:36:54.821] [INFO   ] thread dealer starting.
[14:36:54.822] [INFO   ] thread player 1 starting.
[14:36:54.822] [INFO   ] thread player 0 starting.
[14:36:54.827] [INFO   ] thread computer-1 starting.
[14:36:54.943] [SEVERE ] placing card 19 in slot 0
[14:36:55.052] [SEVERE ] placing card 3 in slot 1
[14:36:55.161] [SEVERE ] placing card 37 in slot 2
[14:36:55.269] [SEVERE ] placing card 20 in slot 3
[14:36:55.378] [SEVERE ] placing card 73 in slot 4
[14:36:55.489] [SEVERE ] placing card 69 in slot 5
[14:36:55.596] [SEVERE ] placing card 11 in slot 6
[14:36:55.705] [SEVERE ] placing card 21 in slot 7
[14:36:55.813] [SEVERE ] placing card 8 in slot 8
[14:36:55.919] [SEVERE ] placing card 13 in slot 9
[14:36:56.027] [SEVERE ] placing card 15 in slot 10
[14:36:56.136] [SEVERE ] placing card 33 in slot 11
[14:36:57.138] [SEVERE ] updating countdown to 59000
[14:36:57.369] [SEVERE ] player 2 placing token on slot 10
[14:36:57.879] [SEVERE ] player 2 placing token on slot 2
[14:36:58.146] [SEVERE ] updating countdown to 58000
[14:36:58.381] [SEVERE ] player 2 placing token on slot 7
[14:36:58.382] [SEVERE ] setting player 2 freeze to 3000
[14:36:59.162] [SEVERE ] updating countdown to 57000
[14:36:59.383] [SEVERE ] setting player 2 freeze to 2000
[14:37:00.178] [SEVERE ] updating countdown to 56000
[14:37:00.396] [SEVERE ] setting player 2 freeze to 1000
[14:37:01.193] [SEVERE ] updating countdown to 55000
[14:37:01.399] [SEVERE ] setting player 2 freeze to 0
[14:37:01.900] [SEVERE ] removing player 2 token from slot 2
[14:37:02.198] [SEVERE ] updating countdown to 54000
[14:37:02.403] [SEVERE ] player 2 placing token on slot 2
[14:37:02.403] [SEVERE ] setting player 2 freeze to 3000
[14:37:03.204] [SEVERE ] updating countdown to 53000
[14:37:03.409] [SEVERE ] setting player 2 freeze to 2000
[14:37:04.211] [SEVERE ] updating countdown to 52000
[14:37:04.416] [SEVERE ] setting player 2 freeze to 1000
[14:37:05.218] [SEVERE ] updating countdown to 51000
[14:37:05.422] [SEVERE ] setting player 2 freeze to 0
[14:37:06.233] [SEVERE ] updating countdown to 50000
[14:37:07.238] [SEVERE ] updating countdown to 49000
[14:37:07.440] [SEVERE ] removing player 2 token from slot 7
[14:37:07.947] [SEVERE ] player 2 placing token on slot 5
[14:37:07.947] [SEVERE ] setting player 2 freeze to 3000
[14:37:08.245] [SEVERE ] updating countdown to 48000
[14:37:08.962] [SEVERE ] setting player 2 freeze to 2000
[14:37:09.258] [SEVERE ] updating countdown to 47000
[14:37:09.976] [SEVERE ] setting player 2 freeze to 1000
[14:37:10.261] [SEVERE ] updating countdown to 46000
[14:37:10.977] [SEVERE ] setting player 2 freeze to 0
[14:37:11.264] [SEVERE ] updating countdown to 45000
[14:37:12.269] [SEVERE ] updating countdown to 44000
[14:37:13.277] [SEVERE ] updating countdown to 43000
[14:37:13.497] [SEVERE ] removing player 2 token from slot 10
[14:37:13.684] [SEVERE ] key 90 was pressed by player 1
[14:37:13.684] [SEVERE ] player 1 placing token on slot 8
[14:37:13.999] [SEVERE ] player 2 placing token on slot 4
[14:37:13.999] [SEVERE ] setting player 2 freeze to 3000
[14:37:14.094] [SEVERE ] key 65 was pressed by player 1
[14:37:14.095] [SEVERE ] player 1 placing token on slot 4
[14:37:14.284] [SEVERE ] updating countdown to 42000
[14:37:15.013] [SEVERE ] setting player 2 freeze to 2000
[14:37:15.297] [SEVERE ] updating countdown to 41000
[14:37:16.028] [SEVERE ] setting player 2 freeze to 1000
[14:37:16.308] [SEVERE ] updating countdown to 40000
[14:37:17.007] [SEVERE ] key 65 was pressed by player 1
[14:37:17.008] [SEVERE ] removing player 1 token from slot 4
[14:37:17.039] [SEVERE ] setting player 2 freeze to 0
[14:37:17.317] [SEVERE ] updating countdown to 39000
[14:37:17.814] [SEVERE ] key 65 was pressed by player 1
[14:37:17.814] [SEVERE ] player 1 placing token on slot 4
[14:37:18.057] [SEVERE ] removing player 2 token from slot 2
[14:37:18.324] [SEVERE ] updating countdown to 38000
[14:37:18.573] [SEVERE ] player 2 placing token on slot 0
[14:37:18.573] [SEVERE ] setting player 2 freeze to 3000
[14:37:19.337] [SEVERE ] updating countdown to 37000
[14:37:19.585] [SEVERE ] setting player 2 freeze to 2000
[14:37:20.346] [SEVERE ] updating countdown to 36000
[14:37:20.597] [SEVERE ] setting player 2 freeze to 1000
[14:37:21.359] [SEVERE ] updating countdown to 35000
[14:37:21.610] [SEVERE ] setting player 2 freeze to 0
[14:37:22.272] [SEVERE ] key 88 was pressed by player 1
[14:37:22.273] [SEVERE ] player 1 placing token on slot 9
[14:37:22.273] [SEVERE ] setting player 1 freeze to 3000
[14:37:22.370] [SEVERE ] updating countdown to 34000
[14:37:22.620] [SEVERE ] removing player 2 token from slot 5
[14:37:23.123] [SEVERE ] player 2 placing token on slot 6
[14:37:23.123] [SEVERE ] setting player 2 freeze to 3000
[14:37:23.279] [SEVERE ] setting player 1 freeze to 2000
[14:37:23.387] [SEVERE ] updating countdown to 33000
[14:37:24.135] [SEVERE ] setting player 2 freeze to 2000
[14:37:24.291] [SEVERE ] setting player 1 freeze to 1000
[14:37:24.400] [SEVERE ] updating countdown to 32000
[14:37:25.137] [SEVERE ] setting player 2 freeze to 1000
[14:37:25.295] [SEVERE ] setting player 1 freeze to 0
[14:37:25.406] [SEVERE ] updating countdown to 31000
[14:37:26.145] [SEVERE ] setting player 2 freeze to 0
[14:37:26.415] [SEVERE ] updating countdown to 30000
[14:37:26.653] [SEVERE ] removing player 2 token from slot 0
[14:37:27.165] [SEVERE ] player 2 placing token on slot 3
[14:37:27.166] [SEVERE ] setting player 2 freeze to 3000
[14:37:27.417] [SEVERE ] updating countdown to 29000
[14:37:28.180] [SEVERE ] setting player 2 freeze to 2000
[14:37:28.429] [SEVERE ] updating countdown to 28000
[14:37:29.196] [SEVERE ] setting player 2 freeze to 1000
[14:37:29.433] [SEVERE ] updating countdown to 27000
[14:37:30.205] [SEVERE ] setting player 2 freeze to 0
[14:37:30.440] [SEVERE ] updating countdown to 26000
[14:37:30.706] [SEVERE ] removing player 2 token from slot 4
[14:37:31.209] [SEVERE ] player 2 placing token on slot 11
[14:37:31.209] [SEVERE ] setting player 2 freeze to 3000
[14:37:31.443] [SEVERE ] updating countdown to 25000
[14:37:32.220] [SEVERE ] setting player 2 freeze to 2000
[14:37:32.454] [SEVERE ] updating countdown to 24000
[14:37:33.224] [SEVERE ] setting player 2 freeze to 1000
[14:37:33.464] [SEVERE ] updating countdown to 23000
[14:37:34.229] [SEVERE ] setting player 2 freeze to 0
[14:37:34.479] [SEVERE ] updating countdown to 22000
[14:37:35.489] [SEVERE ] updating countdown to 21000
[14:37:36.501] [SEVERE ] updating countdown to 20000
[14:37:37.505] [SEVERE ] updating countdown to 19000
[14:37:38.515] [SEVERE ] updating countdown to 18000
[14:37:39.520] [SEVERE ] updating countdown to 17000
[14:37:40.530] [SEVERE ] updating countdown to 16000
[14:37:41.544] [SEVERE ] updating countdown to 15000
[14:37:42.557] [SEVERE ] updating countdown to 14000
[14:37:43.564] [SEVERE ] updating countdown to 13000
[14:37:44.570] [SEVERE ] updating countdown to 12000
[14:37:45.584] [SEVERE ] updating countdown to 11000
[14:37:46.590] [SEVERE ] updating countdown to 10000
[14:37:47.595] [SEVERE ] updating countdown to 9000
[14:37:48.603] [SEVERE ] updating countdown to 8000
[14:37:49.609] [SEVERE ] updating countdown to 7000
[14:37:50.621] [SEVERE ] updating countdown to 6000
[14:37:51.629] [SEVERE ] updating countdown to 5000
[14:37:52.645] [SEVERE ] updating countdown to 4000
[14:37:53.660] [SEVERE ] updating countdown to 3000
[14:37:54.672] [SEVERE ] updating countdown to 2000
[14:37:55.681] [SEVERE ] updating countdown to 1000
[14:37:56.698] [SEVERE ] removing player 1 token from slot 8
[14:37:56.701] [INFO   ] thread dealer terminated.
[14:38:01.714] [SEVERE ] thanks for playing... it was fun!
[14:38:01.715] [INFO   ] thread main terminated.
[14:38:01.715] [SEVERE ] disposing of user interface elements
