[15:03:45.041] [INFO   ] thread main starting.
[15:03:45.047] [SEVERE ] cannot read configuration file config.properties trying from resources.
[15:03:45.049] [SEVERE ] configuration file was loaded from resources directory.
[15:03:45.638] [INFO   ] thread dealer starting.
[15:03:45.639] [INFO   ] thread player 0 starting.
[15:03:45.640] [INFO   ] thread player 1 starting.
[15:03:45.640] [INFO   ] thread player 0 starting.
[15:03:45.641] [INFO   ] thread dealer starting.
[15:03:45.641] [INFO   ] thread player 1 starting.
[15:03:45.648] [INFO   ] thread computer-1 starting.
[15:03:45.767] [SEVERE ] placing card 12 in slot 0
[15:03:45.875] [SEVERE ] placing card 21 in slot 1
[15:03:45.983] [SEVERE ] placing card 77 in slot 2
[15:03:46.095] [SEVERE ] placing card 9 in slot 3
[15:03:46.206] [SEVERE ] placing card 10 in slot 4
[15:03:46.315] [SEVERE ] placing card 29 in slot 5
[15:03:46.426] [SEVERE ] placing card 37 in slot 6
[15:03:46.533] [SEVERE ] placing card 72 in slot 7
[15:03:46.639] [SEVERE ] placing card 46 in slot 8
[15:03:46.747] [SEVERE ] placing card 74 in slot 9
[15:03:46.857] [SEVERE ] placing card 31 in slot 10
[15:03:46.964] [SEVERE ] placing card 18 in slot 11
[15:03:47.180] [SEVERE ] player 2 placing token on slot 1
[15:03:47.686] [SEVERE ] player 2 placing token on slot 8
[15:03:47.971] [SEVERE ] updating countdown to 59000
[15:03:48.192] [SEVERE ] player 2 placing token on slot 10
[15:03:48.192] [SEVERE ] setting player 2 freeze to 3000
[15:03:48.974] [SEVERE ] updating countdown to 58000
[15:03:49.206] [SEVERE ] setting player 2 freeze to 2000
[15:03:49.990] [SEVERE ] updating countdown to 57000
[15:03:50.211] [SEVERE ] setting player 2 freeze to 1000
[15:03:50.996] [SEVERE ] updating countdown to 56000
[15:03:51.215] [SEVERE ] setting player 2 freeze to 0
[15:03:51.716] [SEVERE ] removing player 2 token from slot 8
[15:03:52.001] [SEVERE ] updating countdown to 55000
[15:03:52.218] [SEVERE ] player 2 placing token on slot 5
[15:03:52.218] [SEVERE ] setting player 2 freeze to 3000
[15:03:53.006] [SEVERE ] updating countdown to 54000
[15:03:53.225] [SEVERE ] setting player 2 freeze to 2000
[15:03:54.012] [SEVERE ] updating countdown to 53000
[15:03:54.231] [SEVERE ] setting player 2 freeze to 1000
[15:03:55.027] [SEVERE ] updating countdown to 52000
[15:03:55.233] [SEVERE ] setting player 2 freeze to 0
[15:03:55.742] [SEVERE ] removing player 2 token from slot 5
[15:03:56.042] [SEVERE ] updating countdown to 51000
[15:03:56.246] [SEVERE ] player 2 placing token on slot 3
[15:03:56.246] [SEVERE ] setting player 2 freeze to 3000
[15:03:57.044] [SEVERE ] updating countdown to 50000
[15:03:57.256] [SEVERE ] setting player 2 freeze to 2000
[15:03:58.053] [SEVERE ] updating countdown to 49000
[15:03:58.271] [SEVERE ] setting player 2 freeze to 1000
[15:03:59.069] [SEVERE ] updating countdown to 48000
[15:03:59.273] [SEVERE ] setting player 2 freeze to 0
[15:03:59.776] [SEVERE ] removing player 2 token from slot 3
[15:04:00.073] [SEVERE ] updating countdown to 47000
[15:04:00.289] [SEVERE ] player 2 placing token on slot 7
[15:04:00.289] [SEVERE ] setting player 2 freeze to 3000
[15:04:01.085] [SEVERE ] updating countdown to 46000
[15:04:01.303] [SEVERE ] setting player 2 freeze to 2000
[15:04:02.101] [SEVERE ] updating countdown to 45000
[15:04:02.304] [SEVERE ] setting player 2 freeze to 1000
[15:04:03.114] [SEVERE ] updating countdown to 44000
[15:04:03.318] [SEVERE ] setting player 2 freeze to 0
[15:04:04.121] [SEVERE ] updating countdown to 43000
[15:04:04.324] [SEVERE ] removing player 2 token from slot 10
[15:04:04.827] [SEVERE ] player 2 placing token on slot 11
[15:04:04.827] [SEVERE ] setting player 2 freeze to 3000
[15:04:05.137] [SEVERE ] updating countdown to 42000
[15:04:05.840] [SEVERE ] setting player 2 freeze to 2000
[15:04:06.141] [SEVERE ] updating countdown to 41000
[15:04:06.855] [SEVERE ] setting player 2 freeze to 1000
[15:04:07.148] [SEVERE ] updating countdown to 40000
[15:04:07.861] [SEVERE ] setting player 2 freeze to 0
[15:04:08.158] [SEVERE ] updating countdown to 39000
[15:04:08.376] [SEVERE ] removing player 2 token from slot 1
[15:04:08.880] [SEVERE ] player 2 placing token on slot 3
[15:04:08.880] [SEVERE ] setting player 2 freeze to 3000
[15:04:09.161] [SEVERE ] updating countdown to 38000
[15:04:09.881] [SEVERE ] setting player 2 freeze to 2000
[15:04:10.163] [SEVERE ] updating countdown to 37000
[15:04:10.883] [SEVERE ] setting player 2 freeze to 1000
[15:04:11.167] [SEVERE ] updating countdown to 36000
[15:04:11.884] [SEVERE ] setting player 2 freeze to 0
[15:04:12.181] [SEVERE ] updating countdown to 35000
[15:04:13.193] [SEVERE ] updating countdown to 34000
[15:04:13.411] [SEVERE ] removing player 2 token from slot 11
[15:04:13.915] [SEVERE ] player 2 placing token on slot 10
[15:04:13.915] [SEVERE ] setting player 2 freeze to 3000
[15:04:14.197] [SEVERE ] updating countdown to 33000
[15:04:14.928] [SEVERE ] setting player 2 freeze to 2000
[15:04:15.210] [SEVERE ] updating countdown to 32000
[15:04:15.934] [SEVERE ] setting player 2 freeze to 1000
[15:04:16.220] [SEVERE ] updating countdown to 31000
[15:04:16.942] [SEVERE ] setting player 2 freeze to 0
[15:04:17.224] [SEVERE ] updating countdown to 30000
[15:04:17.456] [SEVERE ] removing player 2 token from slot 3
[15:04:17.961] [SEVERE ] removing player 2 token from slot 7
[15:04:18.227] [SEVERE ] updating countdown to 29000
[15:04:18.477] [SEVERE ] player 2 placing token on slot 2
[15:04:18.980] [SEVERE ] player 2 placing token on slot 11
[15:04:18.980] [SEVERE ] setting player 2 freeze to 3000
[15:04:19.237] [SEVERE ] updating countdown to 28000
[15:04:19.987] [SEVERE ] setting player 2 freeze to 2000
[15:04:20.252] [SEVERE ] updating countdown to 27000
[15:04:21.001] [SEVERE ] setting player 2 freeze to 1000
[15:04:21.267] [SEVERE ] updating countdown to 26000
[15:04:22.003] [SEVERE ] setting player 2 freeze to 0
[15:04:22.283] [SEVERE ] updating countdown to 25000
[15:04:23.298] [SEVERE ] updating countdown to 24000
[15:04:24.033] [SEVERE ] removing player 2 token from slot 2
[15:04:24.095] [SEVERE ] key 65 was pressed by player 1
[15:04:24.095] [SEVERE ] player 1 placing token on slot 4
[15:04:24.314] [SEVERE ] updating countdown to 23000
[15:04:24.408] [SEVERE ] key 83 was pressed by player 1
[15:04:24.408] [SEVERE ] player 1 placing token on slot 5
[15:04:24.547] [SEVERE ] player 2 placing token on slot 7
[15:04:24.547] [SEVERE ] setting player 2 freeze to 3000
[15:04:25.317] [SEVERE ] updating countdown to 22000
[15:04:25.554] [SEVERE ] setting player 2 freeze to 2000
[15:04:25.681] [SEVERE ] key 70 was pressed by player 1
[15:04:25.681] [SEVERE ] player 1 placing token on slot 7
[15:04:25.682] [SEVERE ] setting player 1 score to 1
[15:04:25.682] [SEVERE ] setting player 1 freeze to 1000
[15:04:26.558] [SEVERE ] setting player 2 freeze to 1000
[15:04:26.697] [SEVERE ] setting player 1 freeze to 0
[15:04:26.697] [SEVERE ] removing player 1 token from slot 4
[15:04:26.807] [SEVERE ] removing card from slot 4
[15:04:26.807] [SEVERE ] removing player 1 token from slot 5
[15:04:26.915] [SEVERE ] removing card from slot 5
[15:04:26.915] [SEVERE ] removing player 1 token from slot 7
[15:04:26.915] [SEVERE ] removing player 2 token from slot 7
[15:04:27.026] [SEVERE ] removing card from slot 7
[15:04:27.134] [SEVERE ] placing card 23 in slot 4
[15:04:27.246] [SEVERE ] placing card 58 in slot 5
[15:04:27.356] [SEVERE ] placing card 1 in slot 7
[15:04:27.356] [SEVERE ] updating countdown to 21000
[15:04:27.562] [SEVERE ] setting player 2 freeze to 0
[15:04:28.076] [SEVERE ] player 2 placing token on slot 9
[15:04:28.076] [SEVERE ] setting player 2 freeze to 3000
[15:04:28.358] [SEVERE ] updating countdown to 20000
[15:04:29.089] [SEVERE ] setting player 2 freeze to 2000
[15:04:29.370] [SEVERE ] updating countdown to 19000
[15:04:30.103] [SEVERE ] setting player 2 freeze to 1000
[15:04:30.384] [SEVERE ] updating countdown to 18000
[15:04:31.107] [SEVERE ] setting player 2 freeze to 0
[15:04:31.387] [SEVERE ] updating countdown to 17000
[15:04:32.403] [SEVERE ] updating countdown to 16000
[15:04:33.417] [SEVERE ] updating countdown to 15000
[15:04:33.666] [SEVERE ] removing player 2 token from slot 10
[15:04:34.181] [SEVERE ] player 2 placing token on slot 7
[15:04:34.181] [SEVERE ] setting player 2 freeze to 3000
[15:04:34.419] [SEVERE ] updating countdown to 14000
[15:04:35.185] [SEVERE ] setting player 2 freeze to 2000
[15:04:35.435] [SEVERE ] updating countdown to 13000
[15:04:36.192] [SEVERE ] setting player 2 freeze to 1000
[15:04:36.442] [SEVERE ] updating countdown to 12000
[15:04:37.196] [SEVERE ] setting player 2 freeze to 0
[15:04:37.444] [SEVERE ] updating countdown to 11000
[15:04:38.450] [SEVERE ] updating countdown to 10000
[15:04:39.452] [SEVERE ] updating countdown to 9000
[15:04:39.747] [SEVERE ] removing player 2 token from slot 11
[15:04:40.262] [SEVERE ] player 2 placing token on slot 8
[15:04:40.262] [SEVERE ] setting player 2 freeze to 3000
[15:04:40.465] [SEVERE ] updating countdown to 8000
[15:04:41.278] [SEVERE ] setting player 2 freeze to 2000
[15:04:41.468] [SEVERE ] updating countdown to 7000
[15:04:42.292] [SEVERE ] setting player 2 freeze to 1000
[15:04:42.481] [SEVERE ] updating countdown to 6000
[15:04:43.296] [SEVERE ] setting player 2 freeze to 0
[15:04:43.485] [SEVERE ] updating countdown to 5000
[15:04:43.799] [SEVERE ] removing player 2 token from slot 9
[15:04:44.303] [SEVERE ] removing player 2 token from slot 7
[15:04:44.493] [SEVERE ] updating countdown to 4000
[15:04:44.804] [SEVERE ] player 2 placing token on slot 3
[15:04:45.316] [SEVERE ] player 2 placing token on slot 6
[15:04:45.316] [SEVERE ] setting player 2 freeze to 3000
[15:04:45.506] [SEVERE ] updating countdown to 3000
[15:04:46.321] [SEVERE ] setting player 2 freeze to 2000
[15:04:46.508] [SEVERE ] updating countdown to 2000
[15:04:47.333] [SEVERE ] setting player 2 freeze to 1000
[15:04:47.521] [SEVERE ] updating countdown to 1000
[15:04:48.337] [SEVERE ] setting player 2 freeze to 0
[15:04:48.523] [SEVERE ] updating countdown to 0
[15:04:48.849] [SEVERE ] removing player 2 token from slot 8
[15:04:49.361] [SEVERE ] player 2 placing token on slot 9
[15:04:49.361] [SEVERE ] setting player 2 freeze to 3000
[15:04:50.372] [SEVERE ] setting player 2 freeze to 2000
[15:04:51.382] [SEVERE ] setting player 2 freeze to 1000
[15:04:52.395] [SEVERE ] setting player 2 freeze to 0
[15:05:49.578] [SEVERE ] removing player 2 token from slot 3
[15:05:49.589] [INFO   ] thread dealer terminated.
[15:05:54.328] [SEVERE ] exit button pressed
[15:05:54.602] [SEVERE ] thanks for playing... it was fun!
[15:05:54.603] [INFO   ] thread main terminated.
