[20:34:44.262] [INFO   ] thread main starting.
[20:34:44.278] [SEVERE ] cannot read configuration file config.properties trying from resources.
[20:34:44.294] [SEVERE ] configuration file was loaded from resources directory.
[20:34:45.002] [INFO   ] thread dealer starting.
[20:34:45.002] [INFO   ] thread player 0 starting.
[20:34:45.002] [INFO   ] thread player 1 starting.
[20:34:45.002] [INFO   ] thread player 0 starting.
[20:34:45.002] [INFO   ] thread dealer starting.
[20:34:45.002] [INFO   ] thread player 1 starting.
[20:34:45.116] [SEVERE ] placing card 17 in slot 0
[20:34:45.226] [SEVERE ] placing card 46 in slot 1
[20:34:45.337] [SEVERE ] placing card 66 in slot 2
[20:34:45.447] [SEVERE ] placing card 20 in slot 3
[20:34:45.557] [SEVERE ] placing card 1 in slot 4
[20:34:45.667] [SEVERE ] placing card 61 in slot 5
[20:34:45.778] [SEVERE ] placing card 27 in slot 6
[20:34:45.888] [SEVERE ] placing card 69 in slot 7
[20:34:45.998] [SEVERE ] placing card 37 in slot 8
[20:34:46.109] [SEVERE ] placing card 79 in slot 9
[20:34:46.219] [SEVERE ] placing card 22 in slot 10
[20:34:46.329] [SEVERE ] placing card 77 in slot 11
[20:34:47.335] [SEVERE ] updating countdown to 0
[20:34:48.340] [SEVERE ] removing card from slot 0
[20:34:48.340] [SEVERE ] removing card from slot 1
[20:34:48.356] [SEVERE ] removing card from slot 2
[20:34:48.356] [SEVERE ] removing card from slot 3
[20:34:48.356] [SEVERE ] removing card from slot 4
[20:34:48.356] [SEVERE ] removing card from slot 5
[20:34:48.356] [SEVERE ] removing card from slot 6
[20:34:48.356] [SEVERE ] removing card from slot 7
[20:34:48.356] [SEVERE ] removing card from slot 8
[20:34:48.356] [SEVERE ] removing card from slot 9
[20:34:48.362] [SEVERE ] removing card from slot 10
[20:34:48.362] [SEVERE ] removing card from slot 11
[20:34:48.465] [SEVERE ] placing card 7 in slot 0
[20:34:48.576] [SEVERE ] placing card 34 in slot 1
[20:34:48.686] [SEVERE ] placing card 24 in slot 2
[20:34:48.795] [SEVERE ] placing card 45 in slot 3
[20:34:48.905] [SEVERE ] placing card 23 in slot 4
[20:34:49.014] [SEVERE ] placing card 71 in slot 5
[20:34:49.124] [SEVERE ] placing card 39 in slot 6
[20:34:49.234] [SEVERE ] placing card 36 in slot 7
[20:34:49.344] [SEVERE ] placing card 52 in slot 8
[20:34:49.454] [SEVERE ] placing card 4 in slot 9
[20:34:49.564] [SEVERE ] placing card 56 in slot 10
[20:34:49.675] [SEVERE ] placing card 65 in slot 11
[20:34:49.675] [SEVERE ] updating countdown to 1000
[20:34:50.684] [SEVERE ] updating countdown to 0
[20:34:51.692] [SEVERE ] removing card from slot 0
[20:34:51.692] [SEVERE ] removing card from slot 1
[20:34:51.692] [SEVERE ] removing card from slot 2
[20:34:51.692] [SEVERE ] removing card from slot 3
[20:34:51.692] [SEVERE ] removing card from slot 4
[20:34:51.692] [SEVERE ] removing card from slot 5
[20:34:51.692] [SEVERE ] removing card from slot 6
[20:34:51.692] [SEVERE ] removing card from slot 7
[20:34:51.692] [SEVERE ] removing card from slot 8
[20:34:51.692] [SEVERE ] removing card from slot 9
[20:34:51.692] [SEVERE ] removing card from slot 10
[20:34:51.692] [SEVERE ] removing card from slot 11
[20:34:51.818] [SEVERE ] placing card 6 in slot 0
[20:34:51.930] [SEVERE ] placing card 11 in slot 1
[20:34:52.041] [SEVERE ] placing card 10 in slot 2
[20:34:52.151] [SEVERE ] placing card 3 in slot 3
[20:34:52.261] [SEVERE ] placing card 62 in slot 4
[20:34:52.373] [SEVERE ] placing card 74 in slot 5
[20:34:52.484] [SEVERE ] placing card 26 in slot 6
[20:34:52.594] [SEVERE ] placing card 48 in slot 7
[20:34:52.705] [SEVERE ] placing card 0 in slot 8
[20:34:52.815] [SEVERE ] placing card 78 in slot 9
[20:34:52.925] [SEVERE ] placing card 53 in slot 10
[20:34:53.035] [SEVERE ] placing card 35 in slot 11
[20:34:53.035] [SEVERE ] updating countdown to 1000
[20:34:54.039] [SEVERE ] updating countdown to 0
[20:34:55.050] [SEVERE ] removing card from slot 0
[20:34:55.050] [SEVERE ] removing card from slot 1
[20:34:55.050] [SEVERE ] removing card from slot 2
[20:34:55.050] [SEVERE ] removing card from slot 3
[20:34:55.050] [SEVERE ] removing card from slot 4
[20:34:55.050] [SEVERE ] removing card from slot 5
[20:34:55.050] [SEVERE ] removing card from slot 6
[20:34:55.050] [SEVERE ] removing card from slot 7
[20:34:55.050] [SEVERE ] removing card from slot 8
[20:34:55.050] [SEVERE ] removing card from slot 9
[20:34:55.050] [SEVERE ] removing card from slot 10
[20:34:55.050] [SEVERE ] removing card from slot 11
[20:34:55.160] [SEVERE ] placing card 25 in slot 0
[20:34:55.270] [SEVERE ] placing card 72 in slot 1
[20:34:55.381] [SEVERE ] placing card 33 in slot 2
[20:34:55.493] [SEVERE ] placing card 43 in slot 3
[20:34:55.604] [SEVERE ] placing card 44 in slot 4
[20:34:55.714] [SEVERE ] placing card 2 in slot 5
[20:34:55.824] [SEVERE ] placing card 64 in slot 6
[20:34:55.933] [SEVERE ] placing card 21 in slot 7
[20:34:56.044] [SEVERE ] placing card 50 in slot 8
[20:34:56.153] [SEVERE ] placing card 57 in slot 9
[20:34:56.262] [SEVERE ] placing card 63 in slot 10
[20:34:56.373] [SEVERE ] placing card 73 in slot 11
[20:34:56.373] [SEVERE ] updating countdown to 1000
[20:34:57.377] [SEVERE ] updating countdown to 0
[20:34:58.387] [SEVERE ] removing card from slot 0
[20:34:58.387] [SEVERE ] removing card from slot 1
[20:34:58.387] [SEVERE ] removing card from slot 2
[20:34:58.387] [SEVERE ] removing card from slot 3
[20:34:58.387] [SEVERE ] removing card from slot 4
[20:34:58.387] [SEVERE ] removing card from slot 5
[20:34:58.387] [SEVERE ] removing card from slot 6
[20:34:58.387] [SEVERE ] removing card from slot 7
[20:34:58.387] [SEVERE ] removing card from slot 8
[20:34:58.387] [SEVERE ] removing card from slot 9
[20:34:58.387] [SEVERE ] removing card from slot 10
[20:34:58.387] [SEVERE ] removing card from slot 11
[20:34:58.512] [SEVERE ] placing card 68 in slot 0
[20:34:58.623] [SEVERE ] placing card 40 in slot 1
[20:34:58.732] [SEVERE ] placing card 15 in slot 2
[20:34:58.842] [SEVERE ] placing card 70 in slot 3
[20:34:58.953] [SEVERE ] placing card 29 in slot 4
[20:34:59.063] [SEVERE ] placing card 41 in slot 5
[20:34:59.173] [SEVERE ] placing card 38 in slot 6
[20:34:59.283] [SEVERE ] placing card 54 in slot 7
[20:34:59.393] [SEVERE ] placing card 30 in slot 8
[20:34:59.503] [SEVERE ] placing card 75 in slot 9
[20:34:59.613] [SEVERE ] placing card 19 in slot 10
[20:34:59.723] [SEVERE ] placing card 80 in slot 11
[20:34:59.723] [SEVERE ] updating countdown to 1000
[20:35:00.724] [SEVERE ] updating countdown to 0
[20:35:01.739] [SEVERE ] removing card from slot 0
[20:35:01.740] [SEVERE ] removing card from slot 1
[20:35:01.740] [SEVERE ] removing card from slot 2
[20:35:01.755] [SEVERE ] removing card from slot 3
[20:35:01.755] [SEVERE ] removing card from slot 4
[20:35:01.755] [SEVERE ] removing card from slot 5
[20:35:01.755] [SEVERE ] removing card from slot 6
[20:35:01.755] [SEVERE ] removing card from slot 7
[20:35:01.755] [SEVERE ] removing card from slot 8
[20:35:01.755] [SEVERE ] removing card from slot 9
[20:35:01.755] [SEVERE ] removing card from slot 10
[20:35:01.755] [SEVERE ] removing card from slot 11
[20:35:01.866] [SEVERE ] placing card 13 in slot 0
[20:35:01.972] [SEVERE ] placing card 42 in slot 1
[20:35:02.083] [SEVERE ] placing card 76 in slot 2
[20:35:02.194] [SEVERE ] placing card 31 in slot 3
[20:35:02.299] [SEVERE ] placing card 28 in slot 4
[20:35:02.412] [SEVERE ] placing card 60 in slot 5
[20:35:02.513] [SEVERE ] placing card 32 in slot 6
[20:35:02.624] [SEVERE ] placing card 55 in slot 7
[20:35:02.734] [SEVERE ] placing card 49 in slot 8
[20:35:02.840] [SEVERE ] placing card 18 in slot 9
[20:35:02.946] [SEVERE ] placing card 67 in slot 10
[20:35:03.047] [SEVERE ] placing card 58 in slot 11
[20:35:03.047] [SEVERE ] updating countdown to 1000
[20:35:04.055] [SEVERE ] updating countdown to 0
