[20:35:53.649] [INFO   ] thread main starting.
[20:35:53.660] [SEVERE ] cannot read configuration file config.properties trying from resources.
[20:35:53.660] [SEVERE ] configuration file was loaded from resources directory.
[20:35:54.461] [INFO   ] thread dealer starting.
[20:35:54.463] [INFO   ] thread player 0 starting.
[20:35:54.464] [INFO   ] thread player 1 starting.
[20:35:54.465] [INFO   ] thread dealer starting.
[20:35:54.466] [INFO   ] thread player 0 starting.
[20:35:54.466] [INFO   ] thread player 1 starting.
[20:35:54.582] [SEVERE ] placing card 9 in slot 0
[20:35:54.695] [SEVERE ] placing card 52 in slot 1
[20:35:54.805] [SEVERE ] placing card 24 in slot 2
[20:35:54.915] [SEVERE ] placing card 56 in slot 3
[20:35:55.025] [SEVERE ] placing card 54 in slot 4
[20:35:55.135] [SEVERE ] placing card 78 in slot 5
[20:35:55.245] [SEVERE ] placing card 67 in slot 6
[20:35:55.354] [SEVERE ] placing card 63 in slot 7
[20:35:55.464] [SEVERE ] placing card 43 in slot 8
[20:35:55.575] [SEVERE ] placing card 11 in slot 9
[20:35:55.685] [SEVERE ] placing card 37 in slot 10
[20:35:55.795] [SEVERE ] placing card 0 in slot 11
[20:35:56.798] [SEVERE ] updating countdown to 0
[20:35:57.805] [SEVERE ] removing card from slot 0
[20:35:57.805] [SEVERE ] removing card from slot 1
[20:35:57.805] [SEVERE ] removing card from slot 2
[20:35:57.805] [SEVERE ] removing card from slot 3
[20:35:57.820] [SEVERE ] removing card from slot 4
[20:35:57.820] [SEVERE ] removing card from slot 5
[20:35:57.820] [SEVERE ] removing card from slot 6
[20:35:57.820] [SEVERE ] removing card from slot 7
[20:35:57.820] [SEVERE ] removing card from slot 8
[20:35:57.820] [SEVERE ] removing card from slot 9
[20:35:57.820] [SEVERE ] removing card from slot 10
[20:35:57.820] [SEVERE ] removing card from slot 11
[20:35:57.930] [SEVERE ] placing card 34 in slot 0
[20:35:58.040] [SEVERE ] placing card 48 in slot 1
[20:35:58.150] [SEVERE ] placing card 5 in slot 2
[20:35:58.260] [SEVERE ] placing card 70 in slot 3
[20:35:58.370] [SEVERE ] placing card 1 in slot 4
[20:35:58.481] [SEVERE ] placing card 27 in slot 5
[20:35:58.591] [SEVERE ] placing card 33 in slot 6
[20:35:58.701] [SEVERE ] placing card 7 in slot 7
[20:35:58.811] [SEVERE ] placing card 30 in slot 8
[20:35:58.920] [SEVERE ] placing card 17 in slot 9
[20:35:59.030] [SEVERE ] placing card 73 in slot 10
[20:35:59.140] [SEVERE ] placing card 3 in slot 11
[20:35:59.140] [SEVERE ] updating countdown to 1000
[20:36:00.154] [SEVERE ] updating countdown to 0
[20:36:01.161] [SEVERE ] removing card from slot 0
[20:36:01.161] [SEVERE ] removing card from slot 1
[20:36:01.161] [SEVERE ] removing card from slot 2
[20:36:01.161] [SEVERE ] removing card from slot 3
[20:36:01.161] [SEVERE ] removing card from slot 4
[20:36:01.161] [SEVERE ] removing card from slot 5
[20:36:01.161] [SEVERE ] removing card from slot 6
[20:36:01.161] [SEVERE ] removing card from slot 7
[20:36:01.161] [SEVERE ] removing card from slot 8
[20:36:01.161] [SEVERE ] removing card from slot 9
[20:36:01.161] [SEVERE ] removing card from slot 10
[20:36:01.161] [SEVERE ] removing card from slot 11
[20:36:01.283] [SEVERE ] placing card 20 in slot 0
[20:36:01.391] [SEVERE ] placing card 12 in slot 1
[20:36:01.506] [SEVERE ] placing card 47 in slot 2
[20:36:01.610] [SEVERE ] placing card 25 in slot 3
[20:36:01.723] [SEVERE ] placing card 75 in slot 4
[20:36:01.825] [SEVERE ] placing card 64 in slot 5
[20:36:01.931] [SEVERE ] placing card 39 in slot 6
[20:36:02.044] [SEVERE ] placing card 29 in slot 7
[20:36:02.155] [SEVERE ] placing card 41 in slot 8
[20:36:02.257] [SEVERE ] placing card 40 in slot 9
[20:36:02.372] [SEVERE ] placing card 49 in slot 10
[20:36:02.476] [SEVERE ] placing card 71 in slot 11
[20:36:02.476] [SEVERE ] updating countdown to 1000
[20:36:03.492] [SEVERE ] updating countdown to 0
[20:36:04.497] [SEVERE ] removing card from slot 0
[20:36:04.497] [SEVERE ] removing card from slot 1
[20:36:04.497] [SEVERE ] removing card from slot 2
[20:36:04.497] [SEVERE ] removing card from slot 3
[20:36:04.497] [SEVERE ] removing card from slot 4
[20:36:04.505] [SEVERE ] removing card from slot 5
[20:36:04.505] [SEVERE ] removing card from slot 6
[20:36:04.505] [SEVERE ] removing card from slot 7
[20:36:04.505] [SEVERE ] removing card from slot 8
[20:36:04.505] [SEVERE ] removing card from slot 9
[20:36:04.505] [SEVERE ] removing card from slot 10
[20:36:04.505] [SEVERE ] removing card from slot 11
[20:36:04.607] [SEVERE ] placing card 21 in slot 0
[20:36:04.718] [SEVERE ] placing card 79 in slot 1
[20:36:04.833] [SEVERE ] placing card 60 in slot 2
[20:36:04.944] [SEVERE ] placing card 32 in slot 3
[20:36:05.058] [SEVERE ] placing card 44 in slot 4
[20:36:05.168] [SEVERE ] placing card 66 in slot 5
[20:36:05.279] [SEVERE ] placing card 61 in slot 6
[20:36:05.391] [SEVERE ] placing card 31 in slot 7
[20:36:05.502] [SEVERE ] placing card 65 in slot 8
[20:36:05.606] [SEVERE ] placing card 14 in slot 9
[20:36:05.716] [SEVERE ] placing card 74 in slot 10
[20:36:05.817] [SEVERE ] placing card 68 in slot 11
[20:36:05.817] [SEVERE ] updating countdown to 1000
[20:36:06.826] [SEVERE ] updating countdown to 0
[20:36:07.833] [SEVERE ] removing card from slot 0
[20:36:07.833] [SEVERE ] removing card from slot 1
[20:36:07.833] [SEVERE ] removing card from slot 2
[20:36:07.833] [SEVERE ] removing card from slot 3
[20:36:07.841] [SEVERE ] removing card from slot 4
[20:36:07.841] [SEVERE ] removing card from slot 5
[20:36:07.841] [SEVERE ] removing card from slot 6
[20:36:07.841] [SEVERE ] removing card from slot 7
[20:36:07.841] [SEVERE ] removing card from slot 8
[20:36:07.841] [SEVERE ] removing card from slot 9
[20:36:07.841] [SEVERE ] removing card from slot 10
[20:36:07.841] [SEVERE ] removing card from slot 11
[20:36:07.943] [SEVERE ] placing card 58 in slot 0
[20:36:08.053] [SEVERE ] placing card 59 in slot 1
[20:36:08.163] [SEVERE ] placing card 16 in slot 2
[20:36:08.271] [SEVERE ] placing card 72 in slot 3
[20:36:08.372] [SEVERE ] placing card 76 in slot 4
[20:36:08.489] [SEVERE ] placing card 46 in slot 5
[20:36:08.599] [SEVERE ] placing card 55 in slot 6
[20:36:08.699] [SEVERE ] placing card 53 in slot 7
[20:36:08.808] [SEVERE ] placing card 36 in slot 8
[20:36:08.922] [SEVERE ] placing card 2 in slot 9
[20:36:09.032] [SEVERE ] placing card 28 in slot 10
[20:36:09.143] [SEVERE ] placing card 18 in slot 11
[20:36:09.143] [SEVERE ] updating countdown to 1000
[20:36:10.158] [SEVERE ] updating countdown to 0
[20:36:11.174] [SEVERE ] removing card from slot 0
[20:36:11.174] [SEVERE ] removing card from slot 1
[20:36:11.174] [SEVERE ] removing card from slot 2
[20:36:11.174] [SEVERE ] removing card from slot 3
[20:36:11.174] [SEVERE ] removing card from slot 4
[20:36:11.174] [SEVERE ] removing card from slot 5
[20:36:11.174] [SEVERE ] removing card from slot 6
[20:36:11.174] [SEVERE ] removing card from slot 7
[20:36:11.174] [SEVERE ] removing card from slot 8
[20:36:11.174] [SEVERE ] removing card from slot 9
[20:36:11.174] [SEVERE ] removing card from slot 10
[20:36:11.174] [SEVERE ] removing card from slot 11
[20:36:11.292] [SEVERE ] placing card 62 in slot 0
[20:36:11.405] [SEVERE ] placing card 51 in slot 1
[20:36:11.515] [SEVERE ] placing card 77 in slot 2
[20:36:11.625] [SEVERE ] placing card 57 in slot 3
[20:36:11.735] [SEVERE ] placing card 23 in slot 4
[20:36:11.838] [SEVERE ] placing card 50 in slot 5
[20:36:11.947] [SEVERE ] placing card 69 in slot 6
[20:36:12.057] [SEVERE ] placing card 42 in slot 7
[20:36:12.167] [SEVERE ] placing card 13 in slot 8
[20:36:12.278] [SEVERE ] placing card 22 in slot 9
[20:36:12.390] [SEVERE ] placing card 10 in slot 10
[20:36:12.496] [SEVERE ] placing card 45 in slot 11
[20:36:12.498] [SEVERE ] updating countdown to 1000
[20:36:13.503] [SEVERE ] updating countdown to 0
[20:36:14.521] [SEVERE ] removing card from slot 0
[20:36:14.521] [SEVERE ] removing card from slot 1
[20:36:14.538] [SEVERE ] removing card from slot 2
[20:36:14.538] [SEVERE ] removing card from slot 3
[20:36:14.538] [SEVERE ] removing card from slot 4
[20:36:14.538] [SEVERE ] removing card from slot 5
[20:36:14.538] [SEVERE ] removing card from slot 6
[20:36:14.540] [SEVERE ] removing card from slot 7
[20:36:14.540] [SEVERE ] removing card from slot 8
[20:36:14.540] [SEVERE ] removing card from slot 9
[20:36:14.540] [SEVERE ] removing card from slot 10
[20:36:14.540] [SEVERE ] removing card from slot 11
[20:37:47.861] [SEVERE ] placing card 35 in slot 0
[20:37:47.964] [SEVERE ] placing card 80 in slot 1
[20:37:48.074] [SEVERE ] placing card 19 in slot 2
[20:37:48.192] [SEVERE ] placing card 4 in slot 3
[20:37:48.295] [SEVERE ] placing card 38 in slot 4
[20:37:48.402] [SEVERE ] placing card 6 in slot 5
[20:37:48.509] [SEVERE ] placing card 15 in slot 6
[20:37:48.627] [SEVERE ] placing card 8 in slot 7
[20:37:48.738] [SEVERE ] placing card 26 in slot 8
[20:37:48.740] [SEVERE ] updating countdown to 1000
[20:37:48.740] [SEVERE ] updating countdown to 0
[20:37:48.744] [SEVERE ] removing card from slot 0
[20:37:48.744] [SEVERE ] removing card from slot 1
[20:37:48.744] [SEVERE ] removing card from slot 2
[20:37:48.744] [SEVERE ] removing card from slot 3
[20:37:48.744] [SEVERE ] removing card from slot 4
[20:37:48.744] [SEVERE ] removing card from slot 5
[20:37:48.744] [SEVERE ] removing card from slot 6
[20:37:48.744] [SEVERE ] removing card from slot 7
[20:37:48.754] [SEVERE ] removing card from slot 8
[20:37:48.754] [SEVERE ] removing card from slot 9
[20:37:48.754] [SEVERE ] removing card from slot 10
[20:37:48.754] [SEVERE ] removing card from slot 11
[20:37:48.756] [SEVERE ] announcing winner(s): player 1, player 2
[20:37:48.763] [INFO   ] thread dealer terminated.
[20:37:48.763] [INFO   ] thread dealer terminated.
[20:37:53.770] [SEVERE ] thanks for playing... it was fun!
[20:37:53.770] [INFO   ] thread main terminated.
[20:37:53.770] [SEVERE ] disposing of user interface elements
