[22:33:33.765] [INFO   ] thread main starting.
[22:33:33.776] [SEVERE ] cannot read configuration file config.properties trying from resources.
[22:33:33.782] [SEVERE ] configuration file was loaded from resources directory.
[22:33:34.606] [INFO   ] thread dealer starting.
[22:33:34.615] [INFO   ] thread player 0 starting.
[22:33:34.632] [INFO   ] thread player 1 starting.
[22:33:34.632] [INFO   ] thread player 0 starting.
[22:33:34.632] [INFO   ] thread dealer starting.
[22:33:34.648] [INFO   ] thread player 1 starting.
[22:33:34.648] [INFO   ] thread computer-1 starting.
[22:33:34.772] [SEVERE ] placing card 60 in slot 0
[22:33:34.876] [SEVERE ] placing card 68 in slot 1
[22:33:34.978] [SEVERE ] placing card 26 in slot 2
[22:33:35.080] [SEVERE ] placing card 13 in slot 3
[22:33:35.191] [SEVERE ] placing card 39 in slot 4
[22:33:35.295] [SEVERE ] placing card 20 in slot 5
[22:33:35.410] [SEVERE ] placing card 43 in slot 6
[22:33:35.513] [SEVERE ] placing card 59 in slot 7
[22:33:35.625] [SEVERE ] placing card 73 in slot 8
[22:33:35.728] [SEVERE ] placing card 35 in slot 9
[22:33:35.838] [SEVERE ] placing card 70 in slot 10
[22:33:35.948] [SEVERE ] placing card 31 in slot 11
[22:33:36.955] [SEVERE ] updating countdown to 1000
[22:33:37.176] [SEVERE ] player 2 placing token on slot 1
[22:33:37.680] [SEVERE ] removing player 2 token from slot 1
[22:33:37.963] [SEVERE ] updating countdown to 0
[22:33:38.182] [SEVERE ] player 2 placing token on slot 7
[22:33:38.686] [SEVERE ] player 2 placing token on slot 5
[22:33:39.017] [SEVERE ] removing player 2 token from slot 7
[22:33:39.017] [SEVERE ] removing player 2 token from slot 5
[22:33:39.018] [SEVERE ] removing card from slot 0
[22:33:39.018] [SEVERE ] removing card from slot 1
[22:33:39.018] [SEVERE ] removing card from slot 2
[22:33:39.018] [SEVERE ] removing card from slot 3
[22:33:39.025] [SEVERE ] removing card from slot 4
[22:33:39.025] [SEVERE ] removing card from slot 5
[22:33:39.025] [SEVERE ] removing card from slot 6
[22:33:39.025] [SEVERE ] removing card from slot 7
[22:33:39.025] [SEVERE ] removing card from slot 8
[22:33:39.025] [SEVERE ] removing card from slot 9
[22:33:39.025] [SEVERE ] removing card from slot 10
[22:33:39.025] [SEVERE ] removing card from slot 11
[22:33:39.136] [SEVERE ] placing card 29 in slot 0
[22:33:39.247] [SEVERE ] placing card 61 in slot 1
[22:33:39.358] [SEVERE ] placing card 28 in slot 2
[22:33:39.468] [SEVERE ] placing card 71 in slot 3
[22:33:39.578] [SEVERE ] placing card 58 in slot 4
[22:33:39.688] [SEVERE ] placing card 51 in slot 5
[22:33:39.798] [SEVERE ] placing card 7 in slot 6
[22:33:39.909] [SEVERE ] placing card 57 in slot 7
[22:33:40.019] [SEVERE ] placing card 75 in slot 8
[22:33:40.128] [SEVERE ] placing card 79 in slot 9
[22:33:40.234] [SEVERE ] placing card 80 in slot 10
[22:33:40.347] [SEVERE ] placing card 38 in slot 11
[22:33:40.347] [SEVERE ] updating countdown to 2000
[22:33:40.713] [SEVERE ] player 2 placing token on slot 5
