[21:58:21.550] [INFO   ] thread main starting.
[21:58:21.563] [SEVERE ] cannot read configuration file config.properties trying from resources.
[21:58:21.567] [SEVERE ] configuration file was loaded from resources directory.
[21:58:22.398] [INFO   ] thread dealer starting.
[21:58:22.404] [INFO   ] thread player 0 starting.
[21:58:22.414] [INFO   ] thread player 1 starting.
[21:58:22.415] [INFO   ] thread dealer starting.
[21:58:22.417] [INFO   ] thread player 1 starting.
[21:58:22.418] [INFO   ] thread player 0 starting.
[21:58:22.538] [SEVERE ] placing card 0 in slot 0
[21:58:22.649] [SEVERE ] placing card 6 in slot 1
[21:58:22.759] [SEVERE ] placing card 77 in slot 2
[21:58:22.868] [SEVERE ] placing card 71 in slot 3
[21:58:22.977] [SEVERE ] placing card 7 in slot 4
[21:58:23.086] [SEVERE ] placing card 57 in slot 5
[21:58:23.195] [SEVERE ] placing card 39 in slot 6
[21:58:23.304] [SEVERE ] placing card 45 in slot 7
[21:58:23.414] [SEVERE ] placing card 75 in slot 8
[21:58:23.522] [SEVERE ] placing card 20 in slot 9
[21:58:23.631] [SEVERE ] placing card 23 in slot 10
[21:58:23.740] [SEVERE ] placing card 73 in slot 11
[21:58:24.754] [SEVERE ] updating countdown to 0
[21:58:25.769] [SEVERE ] removing card from slot 0
[21:58:25.770] [SEVERE ] removing card from slot 1
[21:58:25.770] [SEVERE ] removing card from slot 2
[21:58:25.771] [SEVERE ] removing card from slot 3
[21:58:25.780] [SEVERE ] removing card from slot 4
[21:58:25.781] [SEVERE ] removing card from slot 5
[21:58:25.781] [SEVERE ] removing card from slot 6
[21:58:25.781] [SEVERE ] removing card from slot 7
[21:58:25.782] [SEVERE ] removing card from slot 8
[21:58:25.782] [SEVERE ] removing card from slot 9
[21:58:25.783] [SEVERE ] removing card from slot 10
[21:58:25.784] [SEVERE ] removing card from slot 11
[21:58:25.896] [SEVERE ] placing card 17 in slot 0
[21:58:26.005] [SEVERE ] placing card 46 in slot 1
[21:58:26.114] [SEVERE ] placing card 44 in slot 2
[21:58:26.223] [SEVERE ] placing card 79 in slot 3
[21:58:26.334] [SEVERE ] placing card 52 in slot 4
[21:58:26.444] [SEVERE ] placing card 63 in slot 5
[21:58:26.555] [SEVERE ] placing card 37 in slot 6
[21:58:26.664] [SEVERE ] placing card 42 in slot 7
[21:58:26.773] [SEVERE ] placing card 2 in slot 8
[21:58:26.882] [SEVERE ] placing card 1 in slot 9
[21:58:26.991] [SEVERE ] placing card 26 in slot 10
[21:58:27.101] [SEVERE ] placing card 35 in slot 11
[21:58:27.102] [SEVERE ] updating countdown to 1000
[21:58:28.108] [SEVERE ] updating countdown to 0
[21:58:29.119] [SEVERE ] removing card from slot 0
[21:58:29.120] [SEVERE ] removing card from slot 1
[21:58:29.120] [SEVERE ] removing card from slot 2
[21:58:29.120] [SEVERE ] removing card from slot 3
[21:58:29.121] [SEVERE ] removing card from slot 4
[21:58:29.121] [SEVERE ] removing card from slot 5
[21:58:29.131] [SEVERE ] removing card from slot 6
[21:58:29.132] [SEVERE ] removing card from slot 7
[21:58:29.132] [SEVERE ] removing card from slot 8
[21:58:29.133] [SEVERE ] removing card from slot 9
[21:58:29.133] [SEVERE ] removing card from slot 10
[21:58:29.133] [SEVERE ] removing card from slot 11
[21:58:29.244] [SEVERE ] placing card 25 in slot 0
[21:58:29.353] [SEVERE ] placing card 56 in slot 1
[21:58:29.462] [SEVERE ] placing card 9 in slot 2
[21:58:29.571] [SEVERE ] placing card 33 in slot 3
[21:58:29.681] [SEVERE ] placing card 58 in slot 4
[21:58:29.790] [SEVERE ] placing card 80 in slot 5
[21:58:29.900] [SEVERE ] placing card 76 in slot 6
[21:58:30.009] [SEVERE ] placing card 14 in slot 7
[21:58:30.119] [SEVERE ] placing card 72 in slot 8
[21:58:30.228] [SEVERE ] placing card 40 in slot 9
[21:58:30.337] [SEVERE ] placing card 53 in slot 10
[21:58:30.445] [SEVERE ] placing card 66 in slot 11
[21:58:30.446] [SEVERE ] updating countdown to 1000
[21:58:31.455] [SEVERE ] updating countdown to 0
[21:58:32.471] [SEVERE ] removing card from slot 0
[21:58:32.471] [SEVERE ] removing card from slot 1
[21:58:32.472] [SEVERE ] removing card from slot 2
[21:58:32.472] [SEVERE ] removing card from slot 3
[21:58:32.481] [SEVERE ] removing card from slot 4
[21:58:32.481] [SEVERE ] removing card from slot 5
[21:58:32.481] [SEVERE ] removing card from slot 6
[21:58:32.482] [SEVERE ] removing card from slot 7
[21:58:32.482] [SEVERE ] removing card from slot 8
[21:58:32.482] [SEVERE ] removing card from slot 9
[21:58:32.482] [SEVERE ] removing card from slot 10
[21:58:32.483] [SEVERE ] removing card from slot 11
[21:58:32.594] [SEVERE ] placing card 64 in slot 0
[21:58:32.702] [SEVERE ] placing card 13 in slot 1
[21:58:32.811] [SEVERE ] placing card 50 in slot 2
[21:58:32.921] [SEVERE ] placing card 10 in slot 3
[21:58:33.030] [SEVERE ] placing card 68 in slot 4
[21:58:33.139] [SEVERE ] placing card 36 in slot 5
[21:58:33.248] [SEVERE ] placing card 24 in slot 6
[21:58:33.358] [SEVERE ] placing card 19 in slot 7
[21:58:33.467] [SEVERE ] placing card 65 in slot 8
[21:58:33.575] [SEVERE ] placing card 21 in slot 9
[21:58:33.683] [SEVERE ] placing card 38 in slot 10
[21:58:33.791] [SEVERE ] placing card 41 in slot 11
[21:58:33.792] [SEVERE ] updating countdown to 1000
[21:58:34.801] [SEVERE ] updating countdown to 0
[21:58:35.816] [SEVERE ] removing card from slot 0
[21:58:35.817] [SEVERE ] removing card from slot 1
[21:58:35.817] [SEVERE ] removing card from slot 2
[21:58:35.825] [SEVERE ] removing card from slot 3
[21:58:35.826] [SEVERE ] removing card from slot 4
[21:58:35.827] [SEVERE ] removing card from slot 5
[21:58:35.827] [SEVERE ] removing card from slot 6
[21:58:35.827] [SEVERE ] removing card from slot 7
[21:58:35.828] [SEVERE ] removing card from slot 8
[21:58:35.828] [SEVERE ] removing card from slot 9
[21:58:35.828] [SEVERE ] removing card from slot 10
[21:58:35.828] [SEVERE ] removing card from slot 11
[21:58:35.941] [SEVERE ] placing card 54 in slot 0
[21:58:36.051] [SEVERE ] placing card 16 in slot 1
[21:58:36.159] [SEVERE ] placing card 61 in slot 2
[21:58:36.269] [SEVERE ] placing card 12 in slot 3
[21:58:36.380] [SEVERE ] placing card 74 in slot 4
[21:58:36.489] [SEVERE ] placing card 4 in slot 5
[21:58:36.598] [SEVERE ] placing card 34 in slot 6
[21:58:36.707] [SEVERE ] placing card 60 in slot 7
[21:58:36.817] [SEVERE ] placing card 22 in slot 8
[21:58:36.926] [SEVERE ] placing card 51 in slot 9
[21:58:37.036] [SEVERE ] placing card 48 in slot 10
[21:58:37.147] [SEVERE ] placing card 11 in slot 11
[21:58:37.147] [SEVERE ] updating countdown to 1000
[21:58:38.160] [SEVERE ] updating countdown to 0
[21:58:39.177] [SEVERE ] removing card from slot 0
[21:58:39.177] [SEVERE ] removing card from slot 1
[21:58:39.178] [SEVERE ] removing card from slot 2
[21:58:39.186] [SEVERE ] removing card from slot 3
[21:58:39.187] [SEVERE ] removing card from slot 4
[21:58:39.187] [SEVERE ] removing card from slot 5
[21:58:39.187] [SEVERE ] removing card from slot 6
[21:58:39.188] [SEVERE ] removing card from slot 7
[21:58:39.188] [SEVERE ] removing card from slot 8
[21:58:39.188] [SEVERE ] removing card from slot 9
[21:58:39.188] [SEVERE ] removing card from slot 10
[21:58:39.188] [SEVERE ] removing card from slot 11
[21:58:39.303] [SEVERE ] placing card 49 in slot 0
[21:58:39.411] [SEVERE ] placing card 8 in slot 1
[21:58:39.520] [SEVERE ] placing card 30 in slot 2
[21:58:39.629] [SEVERE ] placing card 3 in slot 3
[21:58:39.737] [SEVERE ] placing card 5 in slot 4
[21:58:39.847] [SEVERE ] placing card 62 in slot 5
[21:58:39.956] [SEVERE ] placing card 69 in slot 6
[21:58:40.065] [SEVERE ] placing card 78 in slot 7
[21:58:40.176] [SEVERE ] placing card 29 in slot 8
[21:58:40.285] [SEVERE ] placing card 18 in slot 9
[21:58:40.393] [SEVERE ] placing card 67 in slot 10
[21:58:40.503] [SEVERE ] placing card 70 in slot 11
[21:58:40.503] [SEVERE ] updating countdown to 1000
[21:58:41.518] [SEVERE ] updating countdown to 0
[21:58:42.520] [SEVERE ] removing card from slot 0
[21:58:42.520] [SEVERE ] removing card from slot 1
[21:58:42.521] [SEVERE ] removing card from slot 2
[21:58:42.521] [SEVERE ] removing card from slot 3
[21:58:42.533] [SEVERE ] removing card from slot 4
[21:58:42.533] [SEVERE ] removing card from slot 5
[21:58:42.533] [SEVERE ] removing card from slot 6
[21:58:42.534] [SEVERE ] removing card from slot 7
[21:58:42.534] [SEVERE ] removing card from slot 8
[21:58:42.534] [SEVERE ] removing card from slot 9
[21:58:42.534] [SEVERE ] removing card from slot 10
[21:58:42.535] [SEVERE ] removing card from slot 11
[21:58:42.646] [SEVERE ] placing card 55 in slot 0
[21:58:42.755] [SEVERE ] placing card 32 in slot 1
[21:58:42.864] [SEVERE ] placing card 27 in slot 2
[21:58:42.974] [SEVERE ] placing card 28 in slot 3
[21:58:43.084] [SEVERE ] placing card 31 in slot 4
[21:58:43.194] [SEVERE ] placing card 59 in slot 5
[21:58:43.303] [SEVERE ] placing card 43 in slot 6
[21:58:43.412] [SEVERE ] placing card 47 in slot 7
[21:58:43.522] [SEVERE ] placing card 15 in slot 8
[21:58:43.522] [SEVERE ] updating countdown to 1000
[21:58:43.522] [SEVERE ] updating countdown to 0
[21:58:43.523] [SEVERE ] removing card from slot 0
[21:58:43.527] [SEVERE ] removing card from slot 1
[21:58:43.527] [SEVERE ] removing card from slot 2
[21:58:43.527] [SEVERE ] removing card from slot 3
[21:58:43.527] [SEVERE ] removing card from slot 4
[21:58:43.527] [SEVERE ] removing card from slot 5
[21:58:43.527] [SEVERE ] removing card from slot 6
[21:58:43.527] [SEVERE ] removing card from slot 7
[21:58:43.527] [SEVERE ] removing card from slot 8
[21:58:43.527] [SEVERE ] removing card from slot 9
[21:58:43.527] [SEVERE ] removing card from slot 10
[21:58:43.527] [SEVERE ] removing card from slot 11
[21:58:43.529] [SEVERE ] announcing winner(s): player 1, player 2
[21:58:43.532] [INFO   ] thread dealer terminated.
[21:58:43.532] [INFO   ] thread dealer terminated.
[21:58:48.540] [SEVERE ] thanks for playing... it was fun!
[21:58:48.541] [INFO   ] thread main terminated.
[21:58:48.541] [SEVERE ] disposing of user interface elements
