[11:56:26.289] [INFO   ] thread main starting.
[11:56:26.300] [SEVERE ] cannot read configuration file config.properties trying from resources.
[11:56:26.304] [SEVERE ] configuration file was loaded from resources directory.
[11:56:26.857] [INFO   ] thread dealer starting.
[11:56:26.859] [INFO   ] thread player 0 starting.
[11:56:26.863] [INFO   ] thread player 1 starting.
[11:56:26.863] [INFO   ] thread player 0 starting.
[11:56:26.865] [INFO   ] thread player 2 starting.
[11:56:26.866] [INFO   ] thread player 3 starting.
[11:56:26.866] [INFO   ] thread dealer starting.
[11:56:26.869] [INFO   ] thread player 3 starting.
[11:56:26.869] [INFO   ] thread player 2 starting.
[11:56:26.869] [INFO   ] thread computer-0 starting.
[11:56:26.869] [INFO   ] thread player 1 starting.
[11:56:26.880] [INFO   ] thread computer-3 starting.
[11:56:26.885] [INFO   ] thread computer-1 starting.
[11:56:26.885] [INFO   ] thread computer-2 starting.
[11:56:27.005] [SEVERE ] placing card 45 in slot 0
[11:56:27.113] [SEVERE ] placing card 71 in slot 1
[11:56:27.220] [SEVERE ] placing card 53 in slot 2
[11:56:27.330] [SEVERE ] placing card 51 in slot 3
[11:56:27.439] [SEVERE ] placing card 38 in slot 4
[11:56:27.548] [SEVERE ] placing card 1 in slot 5
[11:56:27.657] [SEVERE ] placing card 18 in slot 6
[11:56:27.766] [SEVERE ] placing card 80 in slot 7
[11:56:27.876] [SEVERE ] placing card 10 in slot 8
[11:56:27.984] [SEVERE ] placing card 64 in slot 9
[11:56:28.094] [SEVERE ] placing card 55 in slot 10
[11:56:28.202] [SEVERE ] placing card 47 in slot 11
[11:56:29.213] [SEVERE ] updating countdown to 59000
[11:56:29.277] [SEVERE ] player 4 placing token on slot 5
[11:56:29.278] [SEVERE ] player 3 placing token on slot 10
[11:56:29.279] [SEVERE ] player 1 placing token on slot 0
[11:56:29.280] [SEVERE ] player 2 placing token on slot 0
[11:56:29.387] [SEVERE ] player 1 placing token on slot 4
[11:56:29.388] [SEVERE ] player 3 placing token on slot 0
[11:56:29.389] [SEVERE ] player 2 placing token on slot 5
[11:56:29.389] [SEVERE ] player 4 placing token on slot 2
[11:56:29.496] [SEVERE ] player 2 placing token on slot 10
[11:56:29.497] [SEVERE ] setting player 2 freeze to 3000
[11:56:29.498] [SEVERE ] player 4 placing token on slot 6
[11:56:29.500] [SEVERE ] player 1 placing token on slot 3
[11:56:29.501] [SEVERE ] player 3 placing token on slot 6
[11:56:29.500] [SEVERE ] setting player 4 freeze to 3000
[11:56:29.502] [SEVERE ] setting player 3 freeze to 3000
[11:56:29.502] [SEVERE ] setting player 1 freeze to 3000
[11:56:30.224] [SEVERE ] updating countdown to 58000
[11:56:30.502] [SEVERE ] setting player 2 freeze to 2000
[11:56:30.518] [SEVERE ] setting player 4 freeze to 2000
[11:56:30.518] [SEVERE ] setting player 3 freeze to 2000
[11:56:30.518] [SEVERE ] setting player 1 freeze to 2000
[11:56:31.236] [SEVERE ] updating countdown to 57000
[11:56:31.517] [SEVERE ] setting player 2 freeze to 1000
[11:56:31.533] [SEVERE ] setting player 3 freeze to 1000
[11:56:31.533] [SEVERE ] setting player 1 freeze to 1000
[11:56:31.533] [SEVERE ] setting player 4 freeze to 1000
[11:56:32.245] [SEVERE ] updating countdown to 56000
[11:56:32.528] [SEVERE ] setting player 2 freeze to 0
[11:56:32.543] [SEVERE ] setting player 3 freeze to 0
[11:56:32.543] [SEVERE ] setting player 4 freeze to 0
[11:56:32.543] [SEVERE ] setting player 1 freeze to 0
[11:56:32.630] [SEVERE ] removing player 2 token from slot 10
[11:56:32.646] [SEVERE ] removing player 3 token from slot 0
[11:56:32.661] [SEVERE ] removing player 1 token from slot 0
[11:56:32.735] [SEVERE ] removing player 2 token from slot 5
[11:56:32.750] [SEVERE ] player 3 placing token on slot 2
[11:56:32.751] [SEVERE ] setting player 3 freeze to 3000
[11:56:32.765] [SEVERE ] player 1 placing token on slot 11
[11:56:32.765] [SEVERE ] setting player 1 freeze to 3000
[11:56:32.846] [SEVERE ] player 2 placing token on slot 3
[11:56:32.880] [SEVERE ] removing player 4 token from slot 2
[11:56:32.961] [SEVERE ] removing player 2 token from slot 0
[11:56:32.988] [SEVERE ] player 4 placing token on slot 2
[11:56:32.990] [SEVERE ] setting player 4 freeze to 3000
[11:56:33.067] [SEVERE ] removing player 2 token from slot 3
[11:56:33.180] [SEVERE ] player 2 placing token on slot 3
[11:56:33.247] [SEVERE ] updating countdown to 55000
[11:56:33.295] [SEVERE ] player 2 placing token on slot 4
[11:56:33.406] [SEVERE ] player 2 placing token on slot 2
[11:56:33.407] [SEVERE ] setting player 2 freeze to 3000
[11:56:33.766] [SEVERE ] setting player 3 freeze to 2000
[11:56:33.766] [SEVERE ] setting player 1 freeze to 2000
[11:56:34.001] [SEVERE ] setting player 4 freeze to 2000
[11:56:34.249] [SEVERE ] updating countdown to 54000
[11:56:34.412] [SEVERE ] setting player 2 freeze to 2000
[11:56:34.780] [SEVERE ] setting player 1 freeze to 1000
[11:56:34.780] [SEVERE ] setting player 3 freeze to 1000
[11:56:35.007] [SEVERE ] setting player 4 freeze to 1000
[11:56:35.250] [SEVERE ] updating countdown to 53000
[11:56:35.417] [SEVERE ] setting player 2 freeze to 1000
[11:56:35.793] [SEVERE ] setting player 1 freeze to 0
[11:56:35.793] [SEVERE ] setting player 3 freeze to 0
[11:56:35.896] [SEVERE ] removing player 3 token from slot 2
[11:56:35.897] [SEVERE ] removing player 1 token from slot 11
[11:56:36.001] [SEVERE ] player 1 placing token on slot 6
[11:56:36.002] [SEVERE ] player 3 placing token on slot 11
[11:56:36.002] [SEVERE ] setting player 1 freeze to 3000
[11:56:36.002] [SEVERE ] setting player 3 freeze to 3000
[11:56:36.014] [SEVERE ] setting player 4 freeze to 0
[11:56:36.228] [SEVERE ] removing player 4 token from slot 5
[11:56:36.258] [SEVERE ] updating countdown to 52000
[11:56:36.345] [SEVERE ] player 4 placing token on slot 9
[11:56:36.346] [SEVERE ] setting player 4 freeze to 3000
[11:56:36.427] [SEVERE ] setting player 2 freeze to 0
[11:56:36.747] [SEVERE ] removing player 2 token from slot 2
[11:56:36.861] [SEVERE ] player 2 placing token on slot 7
[11:56:36.862] [SEVERE ] setting player 2 freeze to 3000
[11:56:37.011] [SEVERE ] setting player 1 freeze to 2000
[11:56:37.011] [SEVERE ] setting player 3 freeze to 2000
[11:56:37.261] [SEVERE ] updating countdown to 51000
[11:56:37.361] [SEVERE ] setting player 4 freeze to 2000
[11:56:37.862] [SEVERE ] setting player 2 freeze to 2000
[11:56:38.027] [SEVERE ] setting player 3 freeze to 1000
[11:56:38.027] [SEVERE ] setting player 1 freeze to 1000
[11:56:38.276] [SEVERE ] updating countdown to 50000
[11:56:38.363] [SEVERE ] setting player 4 freeze to 1000
[11:56:38.876] [SEVERE ] setting player 2 freeze to 1000
[11:56:39.027] [SEVERE ] setting player 1 freeze to 0
[11:56:39.027] [SEVERE ] setting player 3 freeze to 0
[11:56:39.129] [SEVERE ] removing player 3 token from slot 11
[11:56:39.237] [SEVERE ] removing player 1 token from slot 4
[11:56:39.237] [SEVERE ] player 3 placing token on slot 9
[11:56:39.238] [SEVERE ] setting player 3 freeze to 3000
[11:56:39.291] [SEVERE ] updating countdown to 49000
[11:56:39.339] [SEVERE ] player 1 placing token on slot 2
[11:56:39.340] [SEVERE ] setting player 1 freeze to 3000
[11:56:39.370] [SEVERE ] setting player 4 freeze to 0
[11:56:39.481] [SEVERE ] removing player 4 token from slot 9
[11:56:39.588] [SEVERE ] player 4 placing token on slot 4
[11:56:39.589] [SEVERE ] setting player 4 freeze to 3000
[11:56:39.881] [SEVERE ] setting player 2 freeze to 0
[11:56:40.212] [SEVERE ] removing player 2 token from slot 4
[11:56:40.241] [SEVERE ] setting player 3 freeze to 2000
[11:56:40.294] [SEVERE ] updating countdown to 48000
[11:56:40.326] [SEVERE ] player 2 placing token on slot 0
[11:56:40.327] [SEVERE ] setting player 2 freeze to 3000
[11:56:40.341] [SEVERE ] setting player 1 freeze to 2000
[11:56:40.595] [SEVERE ] setting player 4 freeze to 2000
[11:56:41.244] [SEVERE ] setting player 3 freeze to 1000
[11:56:41.313] [SEVERE ] updating countdown to 47000
[11:56:41.328] [SEVERE ] setting player 2 freeze to 2000
[11:56:41.344] [SEVERE ] setting player 1 freeze to 1000
[11:56:41.597] [SEVERE ] setting player 4 freeze to 1000
[11:56:42.248] [SEVERE ] setting player 3 freeze to 0
[11:56:42.327] [SEVERE ] updating countdown to 46000
[11:56:42.342] [SEVERE ] setting player 2 freeze to 1000
[11:56:42.358] [SEVERE ] setting player 1 freeze to 0
[11:56:42.475] [SEVERE ] removing player 1 token from slot 2
[11:56:42.583] [SEVERE ] player 1 placing token on slot 7
[11:56:42.584] [SEVERE ] setting player 1 freeze to 3000
[11:56:42.613] [SEVERE ] setting player 4 freeze to 0
[11:56:42.827] [SEVERE ] removing player 4 token from slot 6
[11:56:42.931] [SEVERE ] player 4 placing token on slot 11
[11:56:42.931] [SEVERE ] setting player 4 freeze to 3000
[11:56:43.011] [SEVERE ] removing player 3 token from slot 6
[11:56:43.128] [SEVERE ] player 3 placing token on slot 0
[11:56:43.128] [SEVERE ] setting player 3 freeze to 3000
[11:56:43.332] [SEVERE ] updating countdown to 45000
[11:56:43.347] [SEVERE ] setting player 2 freeze to 0
[11:56:43.461] [SEVERE ] removing player 2 token from slot 3
[11:56:43.578] [SEVERE ] player 2 placing token on slot 9
[11:56:43.578] [SEVERE ] setting player 2 freeze to 3000
[11:56:43.592] [SEVERE ] setting player 1 freeze to 2000
[11:56:43.932] [SEVERE ] setting player 4 freeze to 2000
[11:56:44.131] [SEVERE ] setting player 3 freeze to 2000
[11:56:44.339] [SEVERE ] updating countdown to 44000
[11:56:44.587] [SEVERE ] setting player 2 freeze to 2000
[11:56:44.602] [SEVERE ] setting player 1 freeze to 1000
[11:56:44.935] [SEVERE ] setting player 4 freeze to 1000
[11:56:45.132] [SEVERE ] setting player 3 freeze to 1000
[11:56:45.341] [SEVERE ] updating countdown to 43000
[11:56:45.593] [SEVERE ] setting player 2 freeze to 1000
[11:56:45.615] [SEVERE ] setting player 1 freeze to 0
[11:56:45.943] [SEVERE ] setting player 4 freeze to 0
[11:56:45.960] [SEVERE ] removing player 1 token from slot 3
[11:56:46.075] [SEVERE ] player 1 placing token on slot 2
[11:56:46.076] [SEVERE ] setting player 1 freeze to 3000
[11:56:46.143] [SEVERE ] setting player 3 freeze to 0
[11:56:46.161] [SEVERE ] removing player 4 token from slot 11
[11:56:46.264] [SEVERE ] player 4 placing token on slot 7
[11:56:46.265] [SEVERE ] setting player 4 freeze to 3000
[11:56:46.344] [SEVERE ] updating countdown to 42000
[11:56:46.595] [SEVERE ] setting player 2 freeze to 0
[11:56:46.705] [SEVERE ] removing player 2 token from slot 7
[11:56:46.822] [SEVERE ] player 2 placing token on slot 3
[11:56:46.822] [SEVERE ] setting player 2 freeze to 3000
[11:56:46.912] [SEVERE ] removing player 3 token from slot 0
[11:56:47.026] [SEVERE ] player 3 placing token on slot 11
[11:56:47.026] [SEVERE ] setting player 3 freeze to 3000
[11:56:47.079] [SEVERE ] setting player 1 freeze to 2000
[11:56:47.274] [SEVERE ] setting player 4 freeze to 2000
[11:56:47.346] [SEVERE ] updating countdown to 41000
[11:56:47.826] [SEVERE ] setting player 2 freeze to 2000
[11:56:48.032] [SEVERE ] setting player 3 freeze to 2000
[11:56:48.088] [SEVERE ] setting player 1 freeze to 1000
[11:56:48.285] [SEVERE ] setting player 4 freeze to 1000
[11:56:48.358] [SEVERE ] updating countdown to 40000
[11:56:48.836] [SEVERE ] setting player 2 freeze to 1000
[11:56:49.047] [SEVERE ] setting player 3 freeze to 1000
[11:56:49.094] [SEVERE ] setting player 1 freeze to 0
[11:56:49.293] [SEVERE ] setting player 4 freeze to 0
[11:56:49.324] [SEVERE ] removing player 1 token from slot 2
[11:56:49.359] [SEVERE ] updating countdown to 39000
[11:56:49.437] [SEVERE ] removing player 1 token from slot 7
[11:56:49.545] [SEVERE ] player 1 placing token on slot 10
[11:56:49.612] [SEVERE ] removing player 4 token from slot 7
[11:56:49.658] [SEVERE ] player 1 placing token on slot 4
[11:56:49.661] [SEVERE ] setting player 1 score to 1
[11:56:49.664] [SEVERE ] setting player 1 freeze to 1000
[11:56:49.665] [SEVERE ] setting player 1 freeze to 0
[11:56:49.719] [SEVERE ] player 4 placing token on slot 7
[11:56:49.720] [SEVERE ] setting player 4 freeze to 3000
[11:56:49.842] [SEVERE ] setting player 2 freeze to 0
[11:56:50.060] [SEVERE ] setting player 3 freeze to 0
[11:56:50.174] [SEVERE ] removing player 3 token from slot 11
[11:56:50.278] [SEVERE ] player 3 placing token on slot 3
[11:56:50.278] [SEVERE ] setting player 3 freeze to 3000
[11:56:50.503] [SEVERE ] removing player 2 token from slot 9
[11:56:50.615] [SEVERE ] player 2 placing token on slot 7
[11:56:50.615] [SEVERE ] setting player 2 freeze to 3000
[11:56:50.727] [SEVERE ] setting player 4 freeze to 2000
[11:56:51.291] [SEVERE ] setting player 3 freeze to 2000
[11:56:51.626] [SEVERE ] setting player 2 freeze to 2000
[11:56:51.742] [SEVERE ] setting player 4 freeze to 1000
[11:56:52.307] [SEVERE ] setting player 3 freeze to 1000
[11:56:52.637] [SEVERE ] setting player 2 freeze to 1000
[11:56:52.745] [SEVERE ] setting player 4 freeze to 0
[11:56:53.307] [SEVERE ] setting player 3 freeze to 0
[11:56:53.652] [SEVERE ] setting player 2 freeze to 0
[11:56:53.746] [SEVERE ] removing player 4 token from slot 4
[11:56:53.746] [SEVERE ] removing player 3 token from slot 9
[11:56:53.850] [SEVERE ] removing player 3 token from slot 10
[11:56:53.852] [SEVERE ] player 4 placing token on slot 9
[11:56:53.852] [SEVERE ] setting player 4 freeze to 3000
[11:56:53.958] [SEVERE ] player 3 placing token on slot 7
[11:56:54.071] [SEVERE ] player 3 placing token on slot 6
[11:56:54.072] [SEVERE ] setting player 3 freeze to 3000
[11:56:54.514] [SEVERE ] removing player 2 token from slot 7
[11:56:54.624] [SEVERE ] player 2 placing token on slot 11
[11:56:54.624] [SEVERE ] setting player 2 freeze to 3000
[11:56:54.858] [SEVERE ] setting player 4 freeze to 2000
[11:56:55.081] [SEVERE ] setting player 3 freeze to 2000
[11:56:55.637] [SEVERE ] setting player 2 freeze to 2000
[11:56:55.871] [SEVERE ] setting player 4 freeze to 1000
[11:56:56.082] [SEVERE ] setting player 3 freeze to 1000
[11:56:56.645] [SEVERE ] setting player 2 freeze to 1000
[11:56:56.885] [SEVERE ] setting player 4 freeze to 0
[11:56:57.083] [SEVERE ] setting player 3 freeze to 0
[11:56:57.100] [SEVERE ] removing player 4 token from slot 9
[11:56:57.209] [SEVERE ] removing player 4 token from slot 7
[11:56:57.322] [SEVERE ] player 4 placing token on slot 8
[11:56:57.433] [SEVERE ] player 4 placing token on slot 0
[11:56:57.433] [SEVERE ] setting player 4 freeze to 3000
[11:56:57.647] [SEVERE ] setting player 2 freeze to 0
[11:56:57.744] [SEVERE ] removing player 3 token from slot 7
[11:56:57.862] [SEVERE ] player 3 placing token on slot 8
[11:56:57.862] [SEVERE ] setting player 3 freeze to 3000
[11:56:58.442] [SEVERE ] setting player 4 freeze to 2000
[11:56:58.864] [SEVERE ] removing player 2 token from slot 11
[11:56:58.878] [SEVERE ] setting player 3 freeze to 2000
[11:56:58.968] [SEVERE ] player 2 placing token on slot 10
[11:56:58.968] [SEVERE ] setting player 2 freeze to 3000
[11:56:59.444] [SEVERE ] setting player 4 freeze to 1000
[11:56:59.889] [SEVERE ] setting player 3 freeze to 1000
[11:56:59.974] [SEVERE ] setting player 2 freeze to 2000
[11:57:00.448] [SEVERE ] setting player 4 freeze to 0
[11:57:00.558] [SEVERE ] removing player 4 token from slot 8
[11:57:00.668] [SEVERE ] removing player 4 token from slot 2
[11:57:00.776] [SEVERE ] player 4 placing token on slot 10
[11:57:00.886] [SEVERE ] player 4 placing token on slot 11
[11:57:00.887] [SEVERE ] setting player 4 freeze to 3000
[11:57:00.900] [SEVERE ] setting player 3 freeze to 0
[11:57:00.987] [SEVERE ] setting player 2 freeze to 1000
[11:57:01.888] [SEVERE ] setting player 4 freeze to 2000
[11:57:01.992] [SEVERE ] setting player 2 freeze to 0
[11:57:02.008] [SEVERE ] removing player 3 token from slot 6
[11:57:02.124] [SEVERE ] player 3 placing token on slot 1
[11:57:02.124] [SEVERE ] setting player 3 freeze to 3000
[11:57:02.419] [SEVERE ] removing player 2 token from slot 10
[11:57:02.521] [SEVERE ] player 2 placing token on slot 10
[11:57:02.522] [SEVERE ] setting player 2 freeze to 3000
[11:57:02.891] [SEVERE ] setting player 4 freeze to 1000
[11:57:03.126] [SEVERE ] setting player 3 freeze to 2000
[11:57:03.526] [SEVERE ] setting player 2 freeze to 2000
[11:57:03.898] [SEVERE ] setting player 4 freeze to 0
[11:57:04.126] [SEVERE ] removing player 4 token from slot 11
[11:57:04.142] [SEVERE ] setting player 3 freeze to 1000
[11:57:04.242] [SEVERE ] player 4 placing token on slot 3
[11:57:04.242] [SEVERE ] setting player 4 freeze to 3000
[11:57:04.535] [SEVERE ] setting player 2 freeze to 1000
[11:57:05.154] [SEVERE ] setting player 3 freeze to 0
[11:57:05.249] [SEVERE ] setting player 4 freeze to 2000
[11:57:05.537] [SEVERE ] setting player 2 freeze to 0
[11:57:05.982] [SEVERE ] removing player 2 token from slot 3
[11:57:06.093] [SEVERE ] player 2 placing token on slot 1
[11:57:06.093] [SEVERE ] setting player 2 freeze to 3000
[11:57:06.157] [SEVERE ] removing player 3 token from slot 1
[11:57:06.251] [SEVERE ] setting player 4 freeze to 1000
[11:57:06.267] [SEVERE ] player 3 placing token on slot 9
[11:57:06.267] [SEVERE ] setting player 3 freeze to 3000
[11:57:07.093] [SEVERE ] setting player 2 freeze to 2000
[11:57:07.256] [SEVERE ] setting player 4 freeze to 0
[11:57:07.271] [SEVERE ] setting player 3 freeze to 2000
[11:57:08.097] [SEVERE ] setting player 2 freeze to 1000
[11:57:08.272] [SEVERE ] setting player 3 freeze to 1000
[11:57:09.098] [SEVERE ] setting player 2 freeze to 0
[11:57:09.209] [SEVERE ] removing player 2 token from slot 1
[11:57:09.273] [SEVERE ] setting player 3 freeze to 0
[11:57:09.321] [SEVERE ] player 2 placing token on slot 5
[11:57:09.321] [SEVERE ] setting player 2 freeze to 3000
[11:57:09.512] [SEVERE ] removing player 3 token from slot 9
[11:57:09.623] [SEVERE ] removing player 3 token from slot 3
[11:57:09.735] [SEVERE ] player 3 placing token on slot 9
[11:57:09.846] [SEVERE ] player 3 placing token on slot 3
[11:57:09.846] [SEVERE ] setting player 3 freeze to 3000
[11:57:09.958] [SEVERE ] removing player 4 token from slot 3
[11:57:10.070] [SEVERE ] player 4 placing token on slot 1
[11:57:10.070] [SEVERE ] setting player 4 freeze to 3000
[11:57:10.332] [SEVERE ] setting player 2 freeze to 2000
[11:57:10.847] [SEVERE ] setting player 3 freeze to 2000
[11:57:11.080] [SEVERE ] setting player 4 freeze to 2000
[11:57:11.342] [SEVERE ] setting player 2 freeze to 1000
[11:57:11.860] [SEVERE ] setting player 3 freeze to 1000
[11:57:12.095] [SEVERE ] setting player 4 freeze to 1000
[11:57:12.357] [SEVERE ] setting player 2 freeze to 0
[11:57:12.686] [SEVERE ] removing player 2 token from slot 0
[11:57:12.794] [SEVERE ] player 2 placing token on slot 2
[11:57:12.794] [SEVERE ] setting player 2 freeze to 3000
[11:57:12.872] [SEVERE ] setting player 3 freeze to 0
[11:57:12.982] [SEVERE ] removing player 3 token from slot 3
[11:57:13.120] [SEVERE ] setting player 4 freeze to 0
[11:57:13.129] [SEVERE ] player 3 placing token on slot 7
[11:57:13.129] [SEVERE ] setting player 3 freeze to 3000
[11:57:13.232] [SEVERE ] removing player 4 token from slot 1
[11:57:13.342] [SEVERE ] player 4 placing token on slot 7
[11:57:13.342] [SEVERE ] setting player 4 freeze to 3000
[11:57:13.808] [SEVERE ] setting player 2 freeze to 2000
[11:57:14.131] [SEVERE ] setting player 3 freeze to 2000
[11:57:14.349] [SEVERE ] setting player 4 freeze to 2000
[11:57:14.817] [SEVERE ] setting player 2 freeze to 1000
[11:57:15.132] [SEVERE ] setting player 3 freeze to 1000
[11:57:15.350] [SEVERE ] setting player 4 freeze to 1000
[11:57:15.832] [SEVERE ] setting player 2 freeze to 0
[11:57:16.001] [INFO   ] thread dealer starting.
[11:57:16.142] [SEVERE ] setting player 3 freeze to 0
[11:57:16.403] [SEVERE ] setting player 4 freeze to 0
[11:57:16.516] [SEVERE ] removing player 3 token from slot 7
[11:57:16.626] [SEVERE ] removing player 2 token from slot 5
[11:57:16.627] [SEVERE ] player 3 placing token on slot 4
[11:57:16.628] [SEVERE ] setting player 3 freeze to 3000
[11:57:16.735] [SEVERE ] player 2 placing token on slot 0
[11:57:16.735] [SEVERE ] setting player 2 freeze to 3000
[11:57:17.290] [SEVERE ] removing player 4 token from slot 7
[11:57:17.391] [SEVERE ] removing player 4 token from slot 0
[11:57:17.508] [SEVERE ] player 4 placing token on slot 0
[11:57:17.622] [SEVERE ] player 4 placing token on slot 3
[11:57:17.622] [SEVERE ] setting player 4 freeze to 3000
[11:57:17.641] [SEVERE ] setting player 3 freeze to 2000
[11:57:17.739] [SEVERE ] setting player 2 freeze to 2000
[11:57:18.624] [SEVERE ] setting player 4 freeze to 2000
[11:57:18.641] [SEVERE ] setting player 3 freeze to 1000
[11:57:18.740] [SEVERE ] setting player 2 freeze to 1000
