[15:14:04.291] [INFO   ] thread main starting.
[15:14:04.303] [SEVERE ] cannot read configuration file config.properties trying from resources.
[15:14:04.306] [SEVERE ] configuration file was loaded from resources directory.
[15:14:04.953] [INFO   ] thread dealer starting.
[15:14:04.955] [INFO   ] thread player 0 starting.
[15:14:04.955] [INFO   ] thread dealer starting.
[15:14:04.975] [INFO   ] thread player 0 starting.
[15:14:05.089] [SEVERE ] placing card 44 in slot 0
[15:14:05.206] [SEVERE ] placing card 47 in slot 1
[15:14:05.319] [SEVERE ] placing card 68 in slot 2
[15:14:05.421] [SEVERE ] placing card 53 in slot 3
[15:14:05.523] [SEVERE ] placing card 37 in slot 4
[15:14:05.624] [SEVERE ] placing card 8 in slot 5
[15:14:05.736] [SEVERE ] placing card 9 in slot 6
[15:14:05.849] [SEVERE ] placing card 17 in slot 7
[15:14:05.960] [SEVERE ] placing card 31 in slot 8
[15:14:06.072] [SEVERE ] placing card 21 in slot 9
[15:14:06.184] [SEVERE ] placing card 4 in slot 10
[15:14:06.296] [SEVERE ] placing card 62 in slot 11
[15:14:07.317] [SEVERE ] updating countdown to 59000
[15:14:08.331] [SEVERE ] updating countdown to 58000
[15:14:09.356] [SEVERE ] updating countdown to 57000
[15:14:10.360] [SEVERE ] updating countdown to 56000
[15:14:11.315] [SEVERE ] key 69 was pressed by player 1
[15:14:11.315] [SEVERE ] player 1 placing token on slot 2
[15:14:11.376] [SEVERE ] updating countdown to 55000
[15:14:12.390] [SEVERE ] updating countdown to 54000
[15:14:13.408] [SEVERE ] updating countdown to 53000
[15:14:14.416] [SEVERE ] updating countdown to 52000
[15:14:14.925] [SEVERE ] key 90 was pressed by player 1
[15:14:14.925] [SEVERE ] player 1 placing token on slot 8
[15:14:15.430] [SEVERE ] updating countdown to 51000
[15:14:15.606] [SEVERE ] key 88 was pressed by player 1
[15:14:15.606] [SEVERE ] player 1 placing token on slot 9
[15:14:16.438] [SEVERE ] updating countdown to 50000
[15:14:16.438] [SEVERE ] removing player 1 token from slot 2
[15:14:16.556] [SEVERE ] removing card from slot 2
[15:14:16.556] [SEVERE ] removing player 1 token from slot 8
[15:14:16.668] [SEVERE ] removing card from slot 8
[15:14:16.668] [SEVERE ] removing player 1 token from slot 9
[15:14:16.780] [SEVERE ] removing card from slot 9
[15:14:16.892] [SEVERE ] placing card 34 in slot 2
[15:14:17.002] [SEVERE ] placing card 15 in slot 8
[15:14:17.113] [SEVERE ] placing card 42 in slot 9
[15:14:18.117] [SEVERE ] updating countdown to 49000
[15:14:19.126] [SEVERE ] updating countdown to 48000
