[11:02:11.574] [INFO   ] thread main starting.
[11:02:11.590] [SEVERE ] cannot read configuration file config.properties trying from resources.
[11:02:11.595] [SEVERE ] configuration file was loaded from resources directory.
[11:02:12.251] [INFO   ] thread dealer starting.
[11:02:12.268] [INFO   ] thread player 0 starting.
[11:02:12.270] [INFO   ] thread dealer starting.
[11:02:12.270] [INFO   ] thread player 0 starting.
[11:02:12.271] [INFO   ] thread computer-0 starting.
[11:02:12.384] [SEVERE ] placing card 73 in slot 0
[11:02:12.485] [SEVERE ] placing card 18 in slot 1
[11:02:12.586] [SEVERE ] placing card 4 in slot 2
[11:02:12.689] [SEVERE ] placing card 30 in slot 3
[11:02:12.792] [SEVERE ] placing card 32 in slot 4
[11:02:12.904] [SEVERE ] placing card 53 in slot 5
[11:02:13.014] [SEVERE ] placing card 3 in slot 6
[11:02:13.122] [SEVERE ] placing card 38 in slot 7
[11:02:13.236] [SEVERE ] placing card 80 in slot 8
[11:02:13.350] [SEVERE ] placing card 35 in slot 9
[11:02:13.452] [SEVERE ] placing card 79 in slot 10
[11:02:13.568] [SEVERE ] placing card 0 in slot 11
[11:02:14.577] [SEVERE ] updating countdown to 59000
[11:02:15.584] [SEVERE ] updating countdown to 58000
[11:02:16.595] [SEVERE ] updating countdown to 57000
[11:02:17.598] [SEVERE ] updating countdown to 56000
[11:02:18.601] [SEVERE ] updating countdown to 55000
[11:02:19.602] [SEVERE ] updating countdown to 54000
[11:02:20.614] [SEVERE ] updating countdown to 53000
[11:02:21.628] [SEVERE ] updating countdown to 52000
[11:02:22.633] [SEVERE ] updating countdown to 51000
[11:02:23.648] [SEVERE ] updating countdown to 50000
[11:02:24.652] [SEVERE ] updating countdown to 49000
[11:02:25.666] [SEVERE ] updating countdown to 48000
[11:02:26.666] [SEVERE ] updating countdown to 47000
[11:02:27.683] [SEVERE ] updating countdown to 46000
[11:02:28.692] [SEVERE ] updating countdown to 45000
[11:02:29.694] [SEVERE ] updating countdown to 44000
[11:02:30.708] [SEVERE ] updating countdown to 43000
[11:02:31.722] [SEVERE ] updating countdown to 42000
[11:02:32.724] [SEVERE ] updating countdown to 41000
[11:02:33.736] [SEVERE ] updating countdown to 40000
[11:02:34.749] [SEVERE ] updating countdown to 39000
[11:02:35.764] [SEVERE ] updating countdown to 38000
[11:02:36.766] [SEVERE ] updating countdown to 37000
[11:02:37.768] [SEVERE ] updating countdown to 36000
[11:02:38.781] [SEVERE ] updating countdown to 35000
[11:02:39.791] [SEVERE ] updating countdown to 34000
[11:02:40.794] [SEVERE ] updating countdown to 33000
[11:02:41.798] [SEVERE ] updating countdown to 32000
[11:02:42.804] [SEVERE ] updating countdown to 31000
[11:02:43.806] [SEVERE ] updating countdown to 30000
[11:02:44.813] [SEVERE ] updating countdown to 29000
[11:02:45.829] [SEVERE ] updating countdown to 28000
[11:02:46.837] [SEVERE ] updating countdown to 27000
[11:02:47.847] [SEVERE ] updating countdown to 26000
[11:02:48.856] [SEVERE ] updating countdown to 25000
[11:02:49.872] [SEVERE ] updating countdown to 24000
[11:02:50.886] [SEVERE ] updating countdown to 23000
[11:02:51.898] [SEVERE ] updating countdown to 22000
[11:02:52.905] [SEVERE ] updating countdown to 21000
[11:02:53.913] [SEVERE ] updating countdown to 20000
[11:02:54.925] [SEVERE ] updating countdown to 19000
[11:02:55.938] [SEVERE ] updating countdown to 18000
[11:02:56.952] [SEVERE ] updating countdown to 17000
[11:02:57.963] [SEVERE ] updating countdown to 16000
[11:02:58.974] [SEVERE ] updating countdown to 15000
[11:02:59.984] [SEVERE ] updating countdown to 14000
[11:03:00.997] [SEVERE ] updating countdown to 13000
[11:03:01.259] [SEVERE ] player 1 placing token on slot 0
[11:03:02.008] [SEVERE ] updating countdown to 12000
[11:03:03.021] [SEVERE ] updating countdown to 11000
[11:03:04.029] [SEVERE ] updating countdown to 10000
[11:03:05.042] [SEVERE ] updating countdown to 9000
[11:03:06.056] [SEVERE ] updating countdown to 8000
[11:03:07.067] [SEVERE ] updating countdown to 7000
[11:03:08.077] [SEVERE ] updating countdown to 6000
[11:03:09.090] [SEVERE ] updating countdown to 5000
[11:03:10.100] [SEVERE ] updating countdown to 4000
[11:03:11.116] [SEVERE ] updating countdown to 3000
[11:03:12.117] [SEVERE ] updating countdown to 2000
[11:03:13.127] [SEVERE ] updating countdown to 1000
[11:03:14.140] [SEVERE ] updating countdown to 0
[11:03:15.148] [SEVERE ] removing player 1 token from slot 0
[11:03:15.257] [SEVERE ] removing card from slot 0
[11:03:15.366] [SEVERE ] removing card from slot 1
[11:03:15.476] [SEVERE ] removing card from slot 2
