[19:28:30.813] [INFO   ] thread main starting.
[19:28:30.832] [SEVERE ] cannot read configuration file config.properties trying from resources.
[19:28:30.838] [SEVERE ] configuration file was loaded from resources directory.
[19:28:31.844] [INFO   ] thread dealer starting.
[19:28:31.845] [INFO   ] thread player 0 starting.
[19:28:31.845] [INFO   ] thread player 1 starting.
[19:28:31.847] [INFO   ] thread player 0 starting.
[19:28:31.847] [INFO   ] thread player 1 starting.
[19:28:31.847] [INFO   ] thread dealer starting.
[19:28:31.967] [SEVERE ] placing card 67 in slot 0
[19:28:32.073] [SEVERE ] placing card 2 in slot 1
[19:28:32.182] [SEVERE ] placing card 19 in slot 2
[19:28:32.293] [SEVERE ] placing card 46 in slot 3
[19:28:32.402] [SEVERE ] placing card 70 in slot 4
[19:28:32.511] [SEVERE ] placing card 27 in slot 5
[19:28:32.621] [SEVERE ] placing card 5 in slot 6
[19:28:32.731] [SEVERE ] placing card 24 in slot 7
[19:28:32.840] [SEVERE ] placing card 77 in slot 8
[19:28:32.949] [SEVERE ] placing card 0 in slot 9
[19:28:33.059] [SEVERE ] placing card 18 in slot 10
[19:28:33.168] [SEVERE ] placing card 40 in slot 11
[19:28:34.182] [SEVERE ] updating countdown to 59000
[19:28:35.207] [SEVERE ] updating countdown to 58000
[19:28:36.220] [SEVERE ] updating countdown to 57000
[19:28:37.239] [SEVERE ] updating countdown to 56000
[19:28:38.248] [SEVERE ] updating countdown to 55000
[19:28:38.927] [SEVERE ] key 82 was pressed by player 1
[19:28:38.927] [SEVERE ] player 1 placing token on slot 3
[19:28:39.270] [SEVERE ] updating countdown to 54000
[19:28:40.286] [SEVERE ] updating countdown to 53000
[19:28:41.290] [SEVERE ] updating countdown to 52000
[19:28:41.710] [SEVERE ] key 70 was pressed by player 1
[19:28:41.711] [SEVERE ] player 1 placing token on slot 7
[19:28:42.304] [SEVERE ] updating countdown to 51000
[19:28:43.166] [SEVERE ] key 90 was pressed by player 1
[19:28:43.166] [SEVERE ] player 1 placing token on slot 8
[19:28:43.167] [SEVERE ] setting player 1 score to 1
[19:28:43.169] [SEVERE ] setting player 1 freeze to 1000
[19:28:43.315] [SEVERE ] updating countdown to 50000
[19:28:43.317] [SEVERE ] removing player 1 token from slot 3
[19:28:43.424] [SEVERE ] removing card from slot 3
[19:28:43.424] [SEVERE ] removing player 1 token from slot 7
[19:28:43.532] [SEVERE ] removing card from slot 7
[19:28:43.532] [SEVERE ] removing player 1 token from slot 8
[19:28:43.642] [SEVERE ] removing card from slot 8
[19:28:43.752] [SEVERE ] placing card 26 in slot 3
[19:28:43.860] [SEVERE ] placing card 1 in slot 7
[19:28:43.967] [SEVERE ] placing card 54 in slot 8
[19:28:44.185] [SEVERE ] setting player 1 freeze to 0
[19:28:44.987] [SEVERE ] updating countdown to 59000
[19:28:46.000] [SEVERE ] updating countdown to 58000
[19:28:47.011] [SEVERE ] updating countdown to 57000
[19:28:48.023] [SEVERE ] updating countdown to 56000
[19:28:49.034] [SEVERE ] updating countdown to 55000
[19:28:50.046] [SEVERE ] updating countdown to 54000
[19:28:51.060] [SEVERE ] updating countdown to 53000
[19:28:52.074] [SEVERE ] updating countdown to 52000
[19:28:53.080] [SEVERE ] updating countdown to 51000
[19:28:54.093] [SEVERE ] updating countdown to 50000
[19:28:55.122] [SEVERE ] updating countdown to 49000
[19:28:56.137] [SEVERE ] updating countdown to 48000
[19:28:57.147] [SEVERE ] updating countdown to 47000
[19:28:58.155] [SEVERE ] updating countdown to 46000
[19:28:59.167] [SEVERE ] updating countdown to 45000
