[10:35:43.104] [INFO   ] thread main starting.
[10:35:43.111] [SEVERE ] cannot read configuration file config.properties trying from resources.
[10:35:43.111] [SEVERE ] configuration file was loaded from resources directory.
[10:35:43.705] [INFO   ] thread dealer starting.
[10:35:43.706] [INFO   ] thread player 0 starting.
[10:35:43.707] [INFO   ] thread player 1 starting.
[10:35:43.707] [INFO   ] thread player 0 starting.
[10:35:43.707] [INFO   ] thread player 1 starting.
[10:35:43.707] [INFO   ] thread player 2 starting.
[10:35:43.708] [INFO   ] thread player 3 starting.
[10:35:43.708] [INFO   ] thread computer-1 starting.
[10:35:43.708] [INFO   ] thread player 2 starting.
[10:35:43.708] [INFO   ] thread computer-0 starting.
[10:35:43.708] [INFO   ] thread player 3 starting.
[10:35:43.708] [INFO   ] thread dealer starting.
[10:35:43.718] [INFO   ] thread computer-3 starting.
[10:35:43.718] [INFO   ] thread computer-2 starting.
[10:35:43.831] [SEVERE ] placing card 35 in slot 0
[10:35:43.940] [SEVERE ] placing card 75 in slot 1
[10:35:44.054] [SEVERE ] placing card 41 in slot 2
[10:35:44.165] [SEVERE ] placing card 45 in slot 3
[10:35:44.277] [SEVERE ] placing card 66 in slot 4
[10:35:44.389] [SEVERE ] placing card 76 in slot 5
[10:35:44.500] [SEVERE ] placing card 21 in slot 6
[10:35:44.612] [SEVERE ] placing card 79 in slot 7
[10:35:44.724] [SEVERE ] placing card 15 in slot 8
[10:35:44.835] [SEVERE ] placing card 78 in slot 9
[10:35:44.946] [SEVERE ] placing card 72 in slot 10
[10:35:45.058] [SEVERE ] placing card 62 in slot 11
[10:35:46.059] [SEVERE ] updating countdown to 59000
[10:35:47.076] [SEVERE ] updating countdown to 58000
[10:35:48.082] [SEVERE ] updating countdown to 57000
[10:35:49.083] [SEVERE ] updating countdown to 56000
[10:35:50.099] [SEVERE ] updating countdown to 55000
