[19:40:05.168] [INFO   ] thread main starting.
[19:40:05.181] [SEVERE ] cannot read configuration file config.properties trying from resources.
[19:40:05.183] [SEVERE ] configuration file was loaded from resources directory.
[19:40:05.801] [INFO   ] thread dealer starting.
[19:40:05.802] [INFO   ] thread player 0 starting.
[19:40:05.803] [INFO   ] thread player 1 starting.
[19:40:05.804] [INFO   ] thread player 2 starting.
[19:40:05.804] [INFO   ] thread player 3 starting.
[19:40:05.805] [INFO   ] thread dealer starting.
[19:40:05.830] [INFO   ] thread player 0 starting.
[19:40:05.830] [INFO   ] thread player 1 starting.
[19:40:05.830] [INFO   ] thread player 3 starting.
[19:40:05.830] [INFO   ] thread player 2 starting.
[19:40:05.832] [INFO   ] thread computer-0 starting.
[19:40:05.834] [INFO   ] thread computer-1 starting.
[19:40:05.836] [INFO   ] thread computer-2 starting.
[19:40:05.836] [INFO   ] thread computer-3 starting.
[19:40:05.939] [SEVERE ] placing card 79 in slot 0
[19:40:06.047] [SEVERE ] placing card 64 in slot 1
[19:40:06.155] [SEVERE ] placing card 57 in slot 2
[19:40:06.263] [SEVERE ] placing card 61 in slot 3
[19:40:06.370] [SEVERE ] placing card 40 in slot 4
[19:40:06.479] [SEVERE ] placing card 6 in slot 5
[19:40:06.587] [SEVERE ] placing card 15 in slot 6
[19:40:06.697] [SEVERE ] placing card 54 in slot 7
[19:40:06.807] [SEVERE ] placing card 43 in slot 8
[19:40:06.915] [SEVERE ] placing card 53 in slot 9
[19:40:07.022] [SEVERE ] placing card 5 in slot 10
[19:40:07.129] [SEVERE ] placing card 11 in slot 11
[19:40:08.146] [SEVERE ] updating countdown to 59000
[19:40:08.217] [SEVERE ] player 2 placing token on slot 0
[19:40:08.217] [SEVERE ] player 1 placing token on slot 1
[19:40:08.217] [SEVERE ] player 3 placing token on slot 2
[19:40:08.217] [SEVERE ] player 4 placing token on slot 11
[19:40:08.327] [SEVERE ] player 2 placing token on slot 4
[19:40:08.327] [SEVERE ] player 3 placing token on slot 5
[19:40:08.327] [SEVERE ] removing player 1 token from slot 1
[19:40:08.327] [SEVERE ] player 4 placing token on slot 1
[19:40:08.436] [SEVERE ] removing player 4 token from slot 1
[19:40:08.436] [SEVERE ] player 2 placing token on slot 8
[19:40:08.436] [SEVERE ] player 1 placing token on slot 11
[19:40:08.436] [SEVERE ] player 3 placing token on slot 8
[19:40:08.437] [SEVERE ] setting player 2 freeze to 3000
[19:40:08.437] [SEVERE ] setting player 3 freeze to 3000
[19:40:08.543] [SEVERE ] player 4 placing token on slot 4
[19:40:08.543] [SEVERE ] player 1 placing token on slot 8
[19:40:08.651] [SEVERE ] player 4 placing token on slot 0
[19:40:08.651] [SEVERE ] player 1 placing token on slot 3
[19:40:08.651] [SEVERE ] setting player 4 freeze to 3000
[19:40:08.652] [SEVERE ] setting player 1 freeze to 3000
[19:40:09.152] [SEVERE ] updating countdown to 58000
[19:40:09.445] [SEVERE ] setting player 3 freeze to 2000
[19:40:09.445] [SEVERE ] setting player 2 freeze to 2000
[19:40:09.660] [SEVERE ] setting player 4 freeze to 2000
[19:40:09.660] [SEVERE ] setting player 1 freeze to 2000
[19:40:10.160] [SEVERE ] updating countdown to 57000
[19:40:10.453] [SEVERE ] setting player 2 freeze to 1000
[19:40:10.453] [SEVERE ] setting player 3 freeze to 1000
[19:40:10.671] [SEVERE ] setting player 4 freeze to 1000
[19:40:10.671] [SEVERE ] setting player 1 freeze to 1000
[19:40:11.168] [SEVERE ] updating countdown to 56000
[19:40:11.464] [SEVERE ] setting player 3 freeze to 0
[19:40:11.464] [SEVERE ] setting player 2 freeze to 0
[19:40:11.680] [SEVERE ] removing player 2 token from slot 8
[19:40:11.680] [SEVERE ] setting player 4 freeze to 0
[19:40:11.680] [SEVERE ] setting player 1 freeze to 0
[19:40:11.789] [SEVERE ] removing player 4 token from slot 11
[19:40:11.789] [SEVERE ] player 2 placing token on slot 6
[19:40:11.790] [SEVERE ] setting player 2 freeze to 3000
[19:40:11.898] [SEVERE ] player 4 placing token on slot 11
[19:40:11.898] [SEVERE ] setting player 4 freeze to 3000
[19:40:12.116] [SEVERE ] removing player 1 token from slot 3
[19:40:12.179] [SEVERE ] updating countdown to 55000
[19:40:12.224] [SEVERE ] player 1 placing token on slot 3
[19:40:12.224] [SEVERE ] removing player 3 token from slot 8
[19:40:12.224] [SEVERE ] setting player 1 freeze to 3000
[19:40:12.333] [SEVERE ] player 3 placing token on slot 7
[19:40:12.333] [SEVERE ] setting player 3 freeze to 3000
[19:40:12.802] [SEVERE ] setting player 2 freeze to 2000
[19:40:12.911] [SEVERE ] setting player 4 freeze to 2000
[19:40:13.191] [SEVERE ] updating countdown to 54000
[19:40:13.236] [SEVERE ] setting player 1 freeze to 2000
[19:40:13.345] [SEVERE ] setting player 3 freeze to 2000
[19:40:13.815] [SEVERE ] setting player 2 freeze to 1000
[19:40:13.924] [SEVERE ] setting player 4 freeze to 1000
[19:40:14.205] [SEVERE ] updating countdown to 53000
[19:40:14.250] [SEVERE ] setting player 1 freeze to 1000
[19:40:14.346] [SEVERE ] setting player 3 freeze to 1000
[19:40:14.828] [SEVERE ] setting player 2 freeze to 0
[19:40:14.937] [SEVERE ] setting player 4 freeze to 0
[19:40:14.937] [SEVERE ] removing player 2 token from slot 4
[19:40:15.046] [SEVERE ] player 2 placing token on slot 9
[19:40:15.047] [SEVERE ] setting player 2 freeze to 3000
[19:40:15.220] [SEVERE ] updating countdown to 52000
[19:40:15.251] [SEVERE ] setting player 1 freeze to 0
[19:40:15.361] [SEVERE ] setting player 3 freeze to 0
[19:40:15.361] [SEVERE ] removing player 1 token from slot 8
[19:40:15.470] [SEVERE ] player 1 placing token on slot 8
[19:40:15.470] [SEVERE ] setting player 1 freeze to 3000
[19:40:15.813] [SEVERE ] removing player 4 token from slot 4
[19:40:15.906] [SEVERE ] removing player 3 token from slot 5
[19:40:15.921] [SEVERE ] player 4 placing token on slot 10
[19:40:15.921] [SEVERE ] setting player 4 freeze to 3000
[19:40:16.015] [SEVERE ] player 3 placing token on slot 5
[19:40:16.015] [SEVERE ] setting player 3 freeze to 3000
[19:40:16.062] [SEVERE ] setting player 2 freeze to 2000
[19:40:16.232] [SEVERE ] updating countdown to 51000
[19:40:16.479] [SEVERE ] setting player 1 freeze to 2000
[19:40:16.932] [SEVERE ] setting player 4 freeze to 2000
[19:40:17.026] [SEVERE ] setting player 3 freeze to 2000
[19:40:17.072] [SEVERE ] setting player 2 freeze to 1000
[19:40:17.246] [SEVERE ] updating countdown to 50000
[19:40:17.479] [SEVERE ] setting player 1 freeze to 1000
[19:40:17.947] [SEVERE ] setting player 4 freeze to 1000
[19:40:18.039] [SEVERE ] setting player 3 freeze to 1000
[19:40:18.086] [SEVERE ] setting player 2 freeze to 0
[19:40:18.258] [SEVERE ] updating countdown to 49000
[19:40:18.489] [SEVERE ] setting player 1 freeze to 0
[19:40:18.597] [SEVERE ] removing player 1 token from slot 3
[19:40:18.706] [SEVERE ] removing player 1 token from slot 11
[19:40:18.815] [SEVERE ] player 1 placing token on slot 1
[19:40:18.924] [SEVERE ] removing player 1 token from slot 8
[19:40:18.955] [SEVERE ] setting player 4 freeze to 0
[19:40:19.034] [SEVERE ] player 1 placing token on slot 8
[19:40:19.050] [SEVERE ] setting player 3 freeze to 0
[19:40:19.066] [SEVERE ] removing player 2 token from slot 9
[19:40:19.066] [SEVERE ] removing player 4 token from slot 0
[19:40:19.144] [SEVERE ] removing player 1 token from slot 8
[19:40:19.160] [SEVERE ] removing player 3 token from slot 7
[19:40:19.176] [SEVERE ] player 2 placing token on slot 9
[19:40:19.176] [SEVERE ] removing player 4 token from slot 10
[19:40:19.176] [SEVERE ] setting player 2 freeze to 3000
[19:40:19.253] [SEVERE ] player 1 placing token on slot 3
[19:40:19.269] [SEVERE ] player 3 placing token on slot 7
[19:40:19.269] [SEVERE ] setting player 3 freeze to 3000
[19:40:19.270] [SEVERE ] updating countdown to 48000
[19:40:19.285] [SEVERE ] player 4 placing token on slot 2
[19:40:19.363] [SEVERE ] player 1 placing token on slot 9
[19:40:19.363] [SEVERE ] setting player 1 freeze to 3000
[19:40:19.394] [SEVERE ] removing player 4 token from slot 2
[19:40:19.503] [SEVERE ] player 4 placing token on slot 9
[19:40:19.612] [SEVERE ] removing player 4 token from slot 11
[19:40:19.722] [SEVERE ] player 4 placing token on slot 1
[19:40:19.830] [SEVERE ] player 4 placing token on slot 2
[19:40:19.830] [SEVERE ] setting player 4 freeze to 3000
[19:40:20.186] [SEVERE ] setting player 2 freeze to 2000
[19:40:20.280] [SEVERE ] setting player 3 freeze to 2000
[19:40:20.281] [SEVERE ] updating countdown to 47000
[19:40:20.373] [SEVERE ] setting player 1 freeze to 2000
[19:40:20.841] [SEVERE ] setting player 4 freeze to 2000
[19:40:21.196] [SEVERE ] setting player 2 freeze to 1000
[19:40:21.289] [SEVERE ] setting player 3 freeze to 1000
[19:40:21.290] [SEVERE ] updating countdown to 46000
[19:40:21.382] [SEVERE ] setting player 1 freeze to 1000
[19:40:21.853] [SEVERE ] setting player 4 freeze to 1000
[19:40:22.197] [SEVERE ] setting player 2 freeze to 0
[19:40:22.292] [SEVERE ] setting player 3 freeze to 0
[19:40:22.293] [SEVERE ] updating countdown to 45000
[19:40:22.386] [SEVERE ] setting player 1 freeze to 0
[19:40:22.730] [SEVERE ] removing player 3 token from slot 7
[19:40:22.839] [SEVERE ] player 3 placing token on slot 1
[19:40:22.839] [SEVERE ] setting player 3 freeze to 3000
[19:40:22.855] [SEVERE ] removing player 2 token from slot 0
[19:40:22.855] [SEVERE ] setting player 4 freeze to 0
[19:40:22.966] [SEVERE ] player 2 placing token on slot 3
[19:40:22.966] [SEVERE ] setting player 2 score to 1
[19:40:22.967] [SEVERE ] setting player 2 freeze to 1000
[19:40:23.074] [SEVERE ] removing player 4 token from slot 1
[19:40:23.152] [SEVERE ] removing player 1 token from slot 9
[19:40:23.184] [SEVERE ] player 4 placing token on slot 6
[19:40:23.184] [SEVERE ] setting player 4 freeze to 3000
[19:40:23.263] [SEVERE ] player 1 placing token on slot 10
[19:40:23.263] [SEVERE ] setting player 1 freeze to 3000
[19:40:23.294] [SEVERE ] updating countdown to 44000
[19:40:23.294] [SEVERE ] removing player 2 token from slot 6
[19:40:23.296] [SEVERE ] removing player 4 token from slot 6
[19:40:23.402] [SEVERE ] removing card from slot 6
[19:40:23.402] [SEVERE ] removing player 2 token from slot 9
[19:40:23.402] [SEVERE ] removing player 4 token from slot 9
[19:40:23.514] [SEVERE ] removing card from slot 9
[19:40:23.514] [SEVERE ] removing player 1 token from slot 3
[19:40:23.515] [SEVERE ] removing player 2 token from slot 3
[19:40:23.622] [SEVERE ] removing card from slot 3
[19:40:23.731] [SEVERE ] placing card 55 in slot 3
[19:40:23.840] [SEVERE ] placing card 47 in slot 6
[19:40:23.840] [SEVERE ] setting player 3 freeze to 2000
[19:40:23.949] [SEVERE ] placing card 10 in slot 9
[19:40:23.981] [SEVERE ] setting player 2 freeze to 0
[19:40:24.089] [SEVERE ] player 2 placing token on slot 5
[19:40:24.199] [SEVERE ] player 2 placing token on slot 2
[19:40:24.199] [SEVERE ] setting player 4 freeze to 2000
[19:40:24.277] [SEVERE ] setting player 1 freeze to 2000
[19:40:24.307] [SEVERE ] player 2 placing token on slot 10
[19:40:24.307] [SEVERE ] setting player 2 freeze to 3000
[19:40:24.852] [SEVERE ] setting player 3 freeze to 1000
[19:40:24.963] [SEVERE ] updating countdown to 60000
[19:40:25.210] [SEVERE ] setting player 4 freeze to 1000
[19:40:25.287] [SEVERE ] setting player 1 freeze to 1000
[19:40:25.317] [SEVERE ] setting player 2 freeze to 2000
[19:40:25.867] [SEVERE ] setting player 3 freeze to 0
[19:40:25.977] [SEVERE ] updating countdown to 59000
[19:40:26.224] [SEVERE ] setting player 4 freeze to 0
[19:40:26.302] [SEVERE ] setting player 1 freeze to 0
[19:40:26.318] [SEVERE ] setting player 2 freeze to 1000
[19:40:26.334] [SEVERE ] player 4 placing token on slot 8
[19:40:26.411] [SEVERE ] removing player 3 token from slot 5
[19:40:26.411] [SEVERE ] removing player 1 token from slot 10
[19:40:26.443] [SEVERE ] player 4 placing token on slot 3
[19:40:26.443] [SEVERE ] setting player 4 freeze to 3000
[19:40:26.520] [SEVERE ] player 3 placing token on slot 7
[19:40:26.520] [SEVERE ] player 1 placing token on slot 6
[19:40:26.520] [SEVERE ] setting player 3 freeze to 3000
[19:40:26.630] [SEVERE ] player 1 placing token on slot 0
[19:40:26.630] [SEVERE ] setting player 1 freeze to 3000
[19:40:26.990] [SEVERE ] updating countdown to 58000
[19:40:27.331] [SEVERE ] setting player 2 freeze to 0
[19:40:27.456] [SEVERE ] setting player 4 freeze to 2000
[19:40:27.534] [SEVERE ] setting player 3 freeze to 2000
[19:40:27.549] [SEVERE ] removing player 2 token from slot 5
[19:40:27.642] [SEVERE ] setting player 1 freeze to 2000
[19:40:27.658] [SEVERE ] player 2 placing token on slot 4
[19:40:27.658] [SEVERE ] setting player 2 freeze to 3000
[19:40:28.003] [SEVERE ] updating countdown to 57000
[19:40:28.470] [SEVERE ] setting player 4 freeze to 1000
[19:40:28.548] [SEVERE ] setting player 3 freeze to 1000
[19:40:28.654] [SEVERE ] setting player 1 freeze to 1000
[19:40:28.670] [SEVERE ] setting player 2 freeze to 2000
[19:40:29.013] [SEVERE ] updating countdown to 56000
[19:40:29.480] [SEVERE ] setting player 4 freeze to 0
[19:40:29.559] [SEVERE ] setting player 3 freeze to 0
[19:40:29.669] [SEVERE ] setting player 1 freeze to 0
[19:40:29.669] [SEVERE ] removing player 3 token from slot 7
[19:40:29.684] [SEVERE ] setting player 2 freeze to 1000
[19:40:29.779] [SEVERE ] removing player 1 token from slot 0
[19:40:29.779] [SEVERE ] player 3 placing token on slot 8
[19:40:29.779] [SEVERE ] setting player 3 freeze to 3000
[19:40:29.887] [SEVERE ] player 1 placing token on slot 11
[19:40:29.887] [SEVERE ] setting player 1 freeze to 3000
[19:40:30.028] [SEVERE ] updating countdown to 55000
[19:40:30.136] [SEVERE ] removing player 4 token from slot 3
[19:40:30.246] [SEVERE ] player 4 placing token on slot 1
[19:40:30.246] [SEVERE ] setting player 4 freeze to 3000
[19:40:30.697] [SEVERE ] setting player 2 freeze to 0
[19:40:30.792] [SEVERE ] setting player 3 freeze to 2000
[19:40:30.901] [SEVERE ] setting player 1 freeze to 2000
[19:40:31.042] [SEVERE ] updating countdown to 54000
[19:40:31.133] [SEVERE ] removing player 2 token from slot 4
[19:40:31.241] [SEVERE ] player 2 placing token on slot 5
[19:40:31.241] [SEVERE ] setting player 2 freeze to 3000
[19:40:31.257] [SEVERE ] setting player 4 freeze to 2000
[19:40:31.804] [SEVERE ] setting player 3 freeze to 1000
[19:40:31.913] [SEVERE ] setting player 1 freeze to 1000
[19:40:32.053] [SEVERE ] updating countdown to 53000
[19:40:32.256] [SEVERE ] setting player 2 freeze to 2000
[19:40:32.271] [SEVERE ] setting player 4 freeze to 1000
[19:40:32.818] [SEVERE ] setting player 3 freeze to 0
[19:40:32.927] [SEVERE ] setting player 1 freeze to 0
[19:40:33.054] [SEVERE ] updating countdown to 52000
[19:40:33.257] [SEVERE ] setting player 2 freeze to 1000
[19:40:33.257] [SEVERE ] removing player 3 token from slot 2
[19:40:33.272] [SEVERE ] setting player 4 freeze to 0
[19:40:33.367] [SEVERE ] removing player 3 token from slot 8
[19:40:33.382] [SEVERE ] removing player 4 token from slot 1
[19:40:33.475] [SEVERE ] player 3 placing token on slot 2
[19:40:33.491] [SEVERE ] player 4 placing token on slot 11
[19:40:33.491] [SEVERE ] setting player 4 freeze to 3000
[19:40:33.584] [SEVERE ] player 3 placing token on slot 5
[19:40:33.584] [SEVERE ] removing player 1 token from slot 11
[19:40:33.584] [SEVERE ] setting player 3 freeze to 3000
[19:40:33.694] [SEVERE ] player 1 placing token on slot 9
[19:40:33.694] [SEVERE ] setting player 1 freeze to 3000
[19:40:34.067] [SEVERE ] updating countdown to 51000
[19:40:34.269] [SEVERE ] setting player 2 freeze to 0
[19:40:34.502] [SEVERE ] setting player 4 freeze to 2000
[19:40:34.595] [SEVERE ] setting player 3 freeze to 2000
[19:40:34.703] [SEVERE ] setting player 1 freeze to 2000
[19:40:34.920] [SEVERE ] removing player 2 token from slot 10
[19:40:35.028] [SEVERE ] player 2 placing token on slot 10
[19:40:35.028] [SEVERE ] setting player 2 freeze to 3000
[19:40:35.077] [SEVERE ] updating countdown to 50000
[19:40:35.513] [SEVERE ] setting player 4 freeze to 1000
[19:40:35.607] [SEVERE ] setting player 3 freeze to 1000
[19:40:35.717] [SEVERE ] setting player 1 freeze to 1000
[19:40:36.042] [SEVERE ] setting player 2 freeze to 2000
[19:40:36.089] [SEVERE ] updating countdown to 49000
[19:40:36.528] [SEVERE ] setting player 4 freeze to 0
[19:40:36.622] [SEVERE ] setting player 3 freeze to 0
[19:40:36.638] [SEVERE ] removing player 4 token from slot 8
[19:40:36.731] [SEVERE ] setting player 1 freeze to 0
[19:40:36.731] [SEVERE ] removing player 3 token from slot 2
[19:40:36.747] [SEVERE ] player 4 placing token on slot 7
[19:40:36.747] [SEVERE ] setting player 4 freeze to 3000
[19:40:36.841] [SEVERE ] player 3 placing token on slot 6
[19:40:36.841] [SEVERE ] setting player 3 freeze to 3000
[19:40:36.950] [SEVERE ] removing player 1 token from slot 6
[19:40:37.045] [SEVERE ] setting player 2 freeze to 1000
[19:40:37.061] [SEVERE ] removing player 1 token from slot 1
[19:40:37.092] [SEVERE ] updating countdown to 48000
[19:40:37.170] [SEVERE ] player 1 placing token on slot 4
[19:40:37.280] [SEVERE ] player 1 placing token on slot 8
[19:40:37.280] [SEVERE ] setting player 1 freeze to 3000
[19:40:37.747] [SEVERE ] setting player 4 freeze to 2000
[19:40:37.856] [SEVERE ] setting player 3 freeze to 2000
[19:40:38.059] [SEVERE ] setting player 2 freeze to 0
[19:40:38.107] [SEVERE ] updating countdown to 47000
[19:40:38.168] [SEVERE ] removing player 2 token from slot 2
[19:40:38.278] [SEVERE ] player 2 placing token on slot 9
[19:40:38.278] [SEVERE ] setting player 2 freeze to 3000
[19:40:38.293] [SEVERE ] setting player 1 freeze to 2000
[19:40:38.761] [SEVERE ] setting player 4 freeze to 1000
[19:40:38.870] [SEVERE ] setting player 3 freeze to 1000
[19:40:39.120] [SEVERE ] updating countdown to 46000
[19:40:39.290] [SEVERE ] setting player 2 freeze to 2000
[19:40:39.306] [SEVERE ] setting player 1 freeze to 1000
[19:40:39.772] [SEVERE ] setting player 4 freeze to 0
[19:40:39.880] [SEVERE ] setting player 3 freeze to 0
[19:40:39.989] [SEVERE ] removing player 4 token from slot 2
[19:40:39.989] [SEVERE ] removing player 3 token from slot 1
[19:40:40.098] [SEVERE ] player 3 placing token on slot 3
[19:40:40.098] [SEVERE ] removing player 4 token from slot 7
[19:40:40.098] [SEVERE ] setting player 3 freeze to 3000
[19:40:40.128] [SEVERE ] updating countdown to 45000
[19:40:40.207] [SEVERE ] player 4 placing token on slot 6
[19:40:40.301] [SEVERE ] setting player 2 freeze to 1000
[19:40:40.317] [SEVERE ] setting player 1 freeze to 0
[19:40:40.317] [SEVERE ] player 4 placing token on slot 2
[19:40:40.317] [SEVERE ] setting player 4 freeze to 3000
[19:40:40.426] [SEVERE ] removing player 1 token from slot 4
[19:40:40.535] [SEVERE ] player 1 placing token on slot 5
[19:40:40.535] [SEVERE ] setting player 1 freeze to 3000
[19:40:41.111] [SEVERE ] setting player 3 freeze to 2000
[19:40:41.144] [SEVERE ] updating countdown to 44000
[19:40:41.314] [SEVERE ] setting player 2 freeze to 0
[19:40:41.329] [SEVERE ] setting player 4 freeze to 2000
[19:40:41.422] [SEVERE ] removing player 2 token from slot 5
[19:40:41.532] [SEVERE ] player 2 placing token on slot 11
[19:40:41.532] [SEVERE ] setting player 2 freeze to 3000
[19:40:41.548] [SEVERE ] setting player 1 freeze to 2000
[19:40:42.122] [SEVERE ] setting player 3 freeze to 1000
[19:40:42.155] [SEVERE ] updating countdown to 43000
[19:40:42.342] [SEVERE ] setting player 4 freeze to 1000
[19:40:42.545] [SEVERE ] setting player 2 freeze to 2000
[19:40:42.560] [SEVERE ] setting player 1 freeze to 1000
[19:40:43.135] [SEVERE ] setting player 3 freeze to 0
[19:40:43.167] [SEVERE ] updating countdown to 42000
[19:40:43.243] [SEVERE ] removing player 3 token from slot 5
[19:40:43.352] [SEVERE ] setting player 4 freeze to 0
[19:40:43.352] [SEVERE ] player 3 placing token on slot 10
[19:40:43.352] [SEVERE ] setting player 3 freeze to 3000
[19:40:43.462] [SEVERE ] removing player 4 token from slot 11
[19:40:43.557] [SEVERE ] setting player 2 freeze to 1000
[19:40:43.572] [SEVERE ] setting player 1 freeze to 0
[19:40:43.572] [SEVERE ] player 4 placing token on slot 5
[19:40:43.572] [SEVERE ] setting player 4 freeze to 3000
[19:40:44.181] [SEVERE ] updating countdown to 41000
[19:40:44.367] [SEVERE ] setting player 3 freeze to 2000
[19:40:44.570] [SEVERE ] setting player 2 freeze to 0
[19:40:44.586] [SEVERE ] setting player 4 freeze to 2000
[19:40:44.772] [SEVERE ] removing player 1 token from slot 5
[19:40:44.881] [SEVERE ] player 1 placing token on slot 4
[19:40:44.881] [SEVERE ] setting player 1 freeze to 3000
[19:40:45.006] [SEVERE ] removing player 2 token from slot 10
[19:40:45.113] [SEVERE ] removing player 2 token from slot 9
[19:40:45.191] [SEVERE ] updating countdown to 40000
[19:40:45.221] [SEVERE ] player 2 placing token on slot 5
[19:40:45.330] [SEVERE ] player 2 placing token on slot 4
[19:40:45.330] [SEVERE ] setting player 2 freeze to 3000
[19:40:45.376] [SEVERE ] setting player 3 freeze to 1000
[19:40:45.596] [SEVERE ] setting player 4 freeze to 1000
[19:40:45.892] [SEVERE ] setting player 1 freeze to 2000
[19:40:46.205] [SEVERE ] updating countdown to 39000
[19:40:46.342] [SEVERE ] setting player 2 freeze to 2000
[19:40:46.390] [SEVERE ] setting player 3 freeze to 0
[19:40:46.610] [SEVERE ] setting player 4 freeze to 0
[19:40:46.720] [SEVERE ] removing player 3 token from slot 6
[19:40:46.720] [SEVERE ] removing player 4 token from slot 2
[19:40:46.828] [SEVERE ] player 3 placing token on slot 11
[19:40:46.828] [SEVERE ] player 4 placing token on slot 9
[19:40:46.828] [SEVERE ] setting player 3 freeze to 3000
[19:40:46.828] [SEVERE ] setting player 4 freeze to 3000
[19:40:46.905] [SEVERE ] setting player 1 freeze to 1000
[19:40:47.217] [SEVERE ] updating countdown to 38000
[19:40:47.356] [SEVERE ] setting player 2 freeze to 1000
[19:40:47.837] [SEVERE ] setting player 4 freeze to 2000
[19:40:47.837] [SEVERE ] setting player 3 freeze to 2000
[19:40:47.916] [SEVERE ] setting player 1 freeze to 0
[19:40:48.228] [SEVERE ] updating countdown to 37000
[19:40:48.353] [SEVERE ] removing player 1 token from slot 4
[19:40:48.369] [SEVERE ] setting player 2 freeze to 0
[19:40:48.461] [SEVERE ] player 1 placing token on slot 3
[19:40:48.461] [SEVERE ] setting player 1 freeze to 3000
[19:40:48.477] [SEVERE ] removing player 2 token from slot 11
[19:40:48.586] [SEVERE ] player 2 placing token on slot 0
[19:40:48.586] [SEVERE ] setting player 2 freeze to 3000
[19:40:48.838] [SEVERE ] setting player 3 freeze to 1000
[19:40:48.838] [SEVERE ] setting player 4 freeze to 1000
[19:40:49.244] [SEVERE ] updating countdown to 36000
[19:40:49.476] [SEVERE ] setting player 1 freeze to 2000
[19:40:49.601] [SEVERE ] setting player 2 freeze to 2000
[19:40:49.851] [SEVERE ] setting player 3 freeze to 0
[19:40:49.851] [SEVERE ] setting player 4 freeze to 0
[19:40:50.180] [SEVERE ] removing player 4 token from slot 5
[19:40:50.180] [SEVERE ] removing player 3 token from slot 3
[19:40:50.259] [SEVERE ] updating countdown to 35000
[19:40:50.289] [SEVERE ] player 3 placing token on slot 5
[19:40:50.289] [SEVERE ] player 4 placing token on slot 2
[19:40:50.289] [SEVERE ] setting player 3 freeze to 3000
[19:40:50.289] [SEVERE ] setting player 4 freeze to 3000
[19:40:50.491] [SEVERE ] setting player 1 freeze to 1000
[19:40:50.616] [SEVERE ] setting player 2 freeze to 1000
[19:40:51.275] [SEVERE ] updating countdown to 34000
[19:40:51.290] [SEVERE ] setting player 4 freeze to 2000
[19:40:51.290] [SEVERE ] setting player 3 freeze to 2000
[19:40:51.494] [SEVERE ] setting player 1 freeze to 0
[19:40:51.619] [SEVERE ] setting player 2 freeze to 0
[19:40:51.838] [SEVERE ] removing player 2 token from slot 0
[19:40:51.931] [SEVERE ] removing player 1 token from slot 8
[19:40:51.946] [SEVERE ] player 2 placing token on slot 6
[19:40:51.946] [SEVERE ] setting player 2 freeze to 3000
[19:40:52.039] [SEVERE ] player 1 placing token on slot 8
[19:40:52.039] [SEVERE ] setting player 1 freeze to 3000
[19:40:52.289] [SEVERE ] updating countdown to 33000
[19:40:52.304] [SEVERE ] setting player 4 freeze to 1000
[19:40:52.304] [SEVERE ] setting player 3 freeze to 1000
[19:40:52.959] [SEVERE ] setting player 2 freeze to 2000
[19:40:53.051] [SEVERE ] setting player 1 freeze to 2000
[19:40:53.302] [SEVERE ] updating countdown to 32000
[19:40:53.317] [SEVERE ] setting player 3 freeze to 0
[19:40:53.317] [SEVERE ] setting player 4 freeze to 0
[19:40:53.533] [SEVERE ] removing player 3 token from slot 11
[19:40:53.642] [SEVERE ] player 3 placing token on slot 1
[19:40:53.642] [SEVERE ] setting player 3 freeze to 3000
[19:40:53.969] [SEVERE ] setting player 2 freeze to 1000
[19:40:54.063] [SEVERE ] setting player 1 freeze to 1000
[19:40:54.313] [SEVERE ] updating countdown to 31000
[19:40:54.623] [SEVERE ] removing player 4 token from slot 6
[19:40:54.654] [SEVERE ] setting player 3 freeze to 2000
[19:40:54.731] [SEVERE ] removing player 4 token from slot 2
[19:40:54.840] [SEVERE ] player 4 placing token on slot 6
[19:40:54.948] [SEVERE ] removing player 4 token from slot 6
[19:40:54.979] [SEVERE ] setting player 2 freeze to 0
[19:40:55.055] [SEVERE ] player 4 placing token on slot 5
[19:40:55.070] [SEVERE ] setting player 1 freeze to 0
[19:40:55.164] [SEVERE ] player 4 placing token on slot 7
[19:40:55.164] [SEVERE ] setting player 4 freeze to 3000
[19:40:55.196] [SEVERE ] removing player 2 token from slot 5
[19:40:55.306] [SEVERE ] player 2 placing token on slot 2
[19:40:55.306] [SEVERE ] setting player 2 freeze to 3000
[19:40:55.322] [SEVERE ] updating countdown to 30000
[19:40:55.662] [SEVERE ] setting player 3 freeze to 1000
[19:40:55.942] [SEVERE ] removing player 1 token from slot 3
[19:40:56.052] [SEVERE ] removing player 1 token from slot 9
[19:40:56.162] [SEVERE ] player 1 placing token on slot 2
[19:40:56.178] [SEVERE ] setting player 4 freeze to 2000
[19:40:56.272] [SEVERE ] player 1 placing token on slot 9
[19:40:56.272] [SEVERE ] setting player 1 freeze to 3000
[19:40:56.318] [SEVERE ] setting player 2 freeze to 2000
[19:40:56.335] [SEVERE ] updating countdown to 29000
[19:40:56.677] [SEVERE ] setting player 3 freeze to 0
[19:40:57.113] [SEVERE ] removing player 3 token from slot 1
[19:40:57.190] [SEVERE ] setting player 4 freeze to 1000
[19:40:57.221] [SEVERE ] player 3 placing token on slot 1
[19:40:57.221] [SEVERE ] setting player 3 freeze to 3000
[19:40:57.282] [SEVERE ] setting player 1 freeze to 2000
[19:40:57.330] [SEVERE ] setting player 2 freeze to 1000
[19:40:57.347] [SEVERE ] updating countdown to 28000
[19:40:58.238] [SEVERE ] setting player 3 freeze to 2000
[19:40:58.238] [SEVERE ] setting player 4 freeze to 0
[19:40:58.296] [SEVERE ] setting player 1 freeze to 1000
[19:40:58.342] [SEVERE ] setting player 2 freeze to 0
[19:40:58.357] [SEVERE ] updating countdown to 27000
[19:40:58.670] [SEVERE ] removing player 2 token from slot 4
[19:40:58.780] [SEVERE ] player 2 placing token on slot 7
[19:40:58.780] [SEVERE ] setting player 2 freeze to 3000
[19:40:58.890] [SEVERE ] removing player 4 token from slot 9
[19:40:58.998] [SEVERE ] removing player 4 token from slot 7
[19:40:59.105] [SEVERE ] player 4 placing token on slot 10
[19:40:59.216] [SEVERE ] player 4 placing token on slot 4
[19:40:59.216] [SEVERE ] setting player 4 freeze to 3000
[19:40:59.248] [SEVERE ] setting player 3 freeze to 1000
[19:40:59.310] [SEVERE ] setting player 1 freeze to 0
[19:40:59.373] [SEVERE ] updating countdown to 26000
[19:40:59.526] [SEVERE ] removing player 1 token from slot 9
[19:40:59.635] [SEVERE ] player 1 placing token on slot 11
[19:40:59.635] [SEVERE ] setting player 1 freeze to 3000
[19:40:59.791] [SEVERE ] setting player 2 freeze to 2000
[19:41:00.226] [SEVERE ] setting player 4 freeze to 2000
[19:41:00.257] [SEVERE ] setting player 3 freeze to 0
[19:41:00.381] [SEVERE ] updating countdown to 25000
[19:41:00.583] [SEVERE ] removing player 3 token from slot 1
[19:41:00.646] [SEVERE ] setting player 1 freeze to 2000
[19:41:00.692] [SEVERE ] player 3 placing token on slot 11
[19:41:00.692] [SEVERE ] setting player 3 freeze to 3000
[19:41:00.800] [SEVERE ] setting player 2 freeze to 1000
[19:41:01.236] [SEVERE ] setting player 4 freeze to 1000
[19:41:01.391] [SEVERE ] updating countdown to 24000
[19:41:01.658] [SEVERE ] setting player 1 freeze to 1000
[19:41:01.704] [SEVERE ] setting player 3 freeze to 2000
[19:41:01.813] [SEVERE ] setting player 2 freeze to 0
[19:41:02.030] [SEVERE ] removing player 2 token from slot 6
[19:41:02.137] [SEVERE ] player 2 placing token on slot 9
[19:41:02.138] [SEVERE ] setting player 2 freeze to 3000
[19:41:02.247] [SEVERE ] setting player 4 freeze to 0
[19:41:02.355] [SEVERE ] removing player 4 token from slot 10
[19:41:02.402] [SEVERE ] updating countdown to 23000
[19:41:02.464] [SEVERE ] player 4 placing token on slot 3
[19:41:02.464] [SEVERE ] setting player 4 freeze to 3000
[19:41:02.660] [SEVERE ] exit button pressed
[19:41:02.668] [SEVERE ] setting player 1 freeze to 0
[19:41:02.715] [SEVERE ] setting player 3 freeze to 1000
[19:41:02.777] [SEVERE ] removing player 1 token from slot 8
[19:41:02.886] [SEVERE ] player 1 placing token on slot 8
[19:41:02.886] [SEVERE ] setting player 1 freeze to 3000
[19:41:03.151] [SEVERE ] setting player 2 freeze to 2000
[19:41:03.417] [SEVERE ] updating countdown to 22000
[19:41:03.477] [SEVERE ] setting player 4 freeze to 2000
[19:41:03.724] [SEVERE ] setting player 3 freeze to 0
[19:41:03.896] [SEVERE ] setting player 1 freeze to 2000
[19:41:04.052] [SEVERE ] removing player 3 token from slot 11
[19:41:04.162] [SEVERE ] setting player 2 freeze to 1000
[19:41:04.162] [SEVERE ] player 3 placing token on slot 8
[19:41:04.162] [SEVERE ] setting player 3 freeze to 3000
[19:41:04.427] [SEVERE ] updating countdown to 21000
[19:41:04.489] [SEVERE ] setting player 4 freeze to 1000
[19:41:04.909] [SEVERE ] setting player 1 freeze to 1000
[19:41:05.174] [SEVERE ] setting player 2 freeze to 0
[19:41:05.174] [SEVERE ] setting player 3 freeze to 2000
[19:41:05.438] [SEVERE ] updating countdown to 20000
[19:41:05.499] [SEVERE ] removing player 2 token from slot 2
[19:41:05.499] [SEVERE ] setting player 4 freeze to 0
[19:41:05.608] [SEVERE ] player 2 placing token on slot 1
[19:41:05.608] [SEVERE ] setting player 2 freeze to 3000
[19:41:05.829] [SEVERE ] removing player 4 token from slot 3
[19:41:05.922] [SEVERE ] setting player 1 freeze to 0
[19:41:05.938] [SEVERE ] player 4 placing token on slot 10
[19:41:05.938] [SEVERE ] setting player 4 freeze to 3000
[19:41:06.033] [SEVERE ] removing player 1 token from slot 11
[19:41:06.141] [SEVERE ] player 1 placing token on slot 5
[19:41:06.141] [SEVERE ] setting player 1 freeze to 3000
[19:41:06.188] [SEVERE ] setting player 3 freeze to 1000
[19:41:06.454] [SEVERE ] updating countdown to 19000
[19:41:06.609] [SEVERE ] setting player 2 freeze to 2000
[19:41:06.951] [SEVERE ] setting player 4 freeze to 2000
[19:41:07.152] [SEVERE ] setting player 1 freeze to 2000
[19:41:07.198] [SEVERE ] setting player 3 freeze to 0
[19:41:07.463] [SEVERE ] updating countdown to 18000
[19:41:07.618] [SEVERE ] setting player 2 freeze to 1000
[19:41:07.852] [SEVERE ] removing player 3 token from slot 8
[19:41:07.961] [SEVERE ] setting player 4 freeze to 1000
[19:41:07.961] [SEVERE ] player 3 placing token on slot 6
[19:41:07.961] [SEVERE ] setting player 3 freeze to 3000
[19:41:08.166] [SEVERE ] setting player 1 freeze to 1000
[19:41:08.477] [SEVERE ] updating countdown to 17000
[19:41:08.630] [SEVERE ] setting player 2 freeze to 0
[19:41:08.971] [SEVERE ] setting player 4 freeze to 0
[19:41:08.971] [SEVERE ] setting player 3 freeze to 2000
[19:41:09.081] [SEVERE ] removing player 4 token from slot 4
[19:41:09.174] [SEVERE ] setting player 1 freeze to 0
[19:41:09.188] [SEVERE ] player 4 placing token on slot 1
[19:41:09.188] [SEVERE ] setting player 4 freeze to 3000
[19:41:09.485] [SEVERE ] updating countdown to 16000
[19:41:09.500] [SEVERE ] removing player 2 token from slot 7
[19:41:09.608] [SEVERE ] player 2 placing token on slot 0
[19:41:09.608] [SEVERE ] setting player 2 freeze to 3000
[19:41:09.718] [SEVERE ] removing player 1 token from slot 8
[19:41:09.828] [SEVERE ] player 1 placing token on slot 3
[19:41:09.828] [SEVERE ] setting player 1 freeze to 3000
[19:41:09.985] [SEVERE ] setting player 3 freeze to 1000
[19:41:10.203] [SEVERE ] setting player 4 freeze to 2000
[19:41:10.499] [SEVERE ] updating countdown to 15000
[19:41:10.623] [SEVERE ] setting player 2 freeze to 2000
[19:41:10.839] [SEVERE ] setting player 1 freeze to 2000
[19:41:10.994] [SEVERE ] setting player 3 freeze to 0
[19:41:11.212] [SEVERE ] setting player 4 freeze to 1000
[19:41:11.507] [SEVERE ] updating countdown to 14000
[19:41:11.632] [SEVERE ] setting player 2 freeze to 1000
[19:41:11.853] [SEVERE ] setting player 1 freeze to 1000
[19:41:12.223] [SEVERE ] setting player 4 freeze to 0
[19:41:12.411] [SEVERE ] removing player 3 token from slot 6
[19:41:12.521] [SEVERE ] player 3 placing token on slot 3
[19:41:12.521] [SEVERE ] setting player 3 freeze to 3000
[19:41:12.522] [SEVERE ] updating countdown to 13000
[19:41:12.646] [SEVERE ] setting player 2 freeze to 0
[19:41:12.755] [SEVERE ] removing player 2 token from slot 9
[19:41:12.863] [SEVERE ] setting player 1 freeze to 0
[19:41:12.863] [SEVERE ] player 2 placing token on slot 5
[19:41:12.863] [SEVERE ] setting player 2 freeze to 3000
[19:41:12.879] [SEVERE ] removing player 4 token from slot 10
[19:41:12.988] [SEVERE ] player 4 placing token on slot 6
[19:41:12.988] [SEVERE ] setting player 4 freeze to 3000
[19:41:13.081] [SEVERE ] removing player 1 token from slot 5
[19:41:13.190] [SEVERE ] player 1 placing token on slot 5
[19:41:13.190] [SEVERE ] setting player 1 freeze to 3000
[19:41:13.533] [SEVERE ] setting player 3 freeze to 2000
[19:41:13.533] [SEVERE ] updating countdown to 12000
[19:41:13.878] [SEVERE ] setting player 2 freeze to 2000
[19:41:14.004] [SEVERE ] setting player 4 freeze to 2000
[19:41:14.205] [SEVERE ] setting player 1 freeze to 2000
[19:41:14.545] [SEVERE ] setting player 3 freeze to 1000
[19:41:14.545] [SEVERE ] updating countdown to 11000
[19:41:14.890] [SEVERE ] setting player 2 freeze to 1000
[19:41:15.015] [SEVERE ] setting player 4 freeze to 1000
[19:41:15.217] [SEVERE ] setting player 1 freeze to 1000
[19:41:15.560] [SEVERE ] setting player 3 freeze to 0
[19:41:15.561] [SEVERE ] updating countdown to 10000
[19:41:15.670] [SEVERE ] removing player 3 token from slot 5
[19:41:15.780] [SEVERE ] player 3 placing token on slot 6
[19:41:15.780] [SEVERE ] setting player 3 freeze to 3000
[19:41:15.903] [SEVERE ] setting player 2 freeze to 0
[19:41:16.013] [SEVERE ] removing player 2 token from slot 0
[19:41:16.029] [SEVERE ] setting player 4 freeze to 0
[19:41:16.121] [SEVERE ] player 2 placing token on slot 11
[19:41:16.121] [SEVERE ] setting player 2 freeze to 3000
[19:41:16.230] [SEVERE ] setting player 1 freeze to 0
[19:41:16.557] [SEVERE ] removing player 1 token from slot 3
[19:41:16.573] [SEVERE ] removing player 4 token from slot 1
[19:41:16.573] [SEVERE ] updating countdown to 9000
[19:41:16.666] [SEVERE ] player 1 placing token on slot 11
[19:41:16.666] [SEVERE ] setting player 1 freeze to 3000
[19:41:16.681] [SEVERE ] removing player 4 token from slot 5
[19:41:16.791] [SEVERE ] setting player 3 freeze to 2000
[19:41:16.791] [SEVERE ] player 4 placing token on slot 8
[19:41:16.901] [SEVERE ] player 4 placing token on slot 4
[19:41:16.901] [SEVERE ] setting player 4 freeze to 3000
[19:41:17.134] [SEVERE ] setting player 2 freeze to 2000
[19:41:17.589] [SEVERE ] updating countdown to 8000
[19:41:17.667] [SEVERE ] setting player 1 freeze to 2000
[19:41:17.792] [SEVERE ] setting player 3 freeze to 1000
[19:41:17.916] [SEVERE ] setting player 4 freeze to 2000
[19:41:18.149] [SEVERE ] setting player 2 freeze to 1000
[19:41:18.600] [SEVERE ] updating countdown to 7000
[19:41:18.679] [SEVERE ] setting player 1 freeze to 1000
[19:41:18.802] [SEVERE ] setting player 3 freeze to 0
[19:41:18.926] [SEVERE ] setting player 4 freeze to 1000
[19:41:19.018] [SEVERE ] removing player 3 token from slot 6
[19:41:19.126] [SEVERE ] player 3 placing token on slot 11
[19:41:19.126] [SEVERE ] setting player 3 freeze to 3000
[19:41:19.157] [SEVERE ] setting player 2 freeze to 0
[19:41:19.266] [SEVERE ] removing player 2 token from slot 5
[19:41:19.376] [SEVERE ] player 2 placing token on slot 2
[19:41:19.376] [SEVERE ] setting player 2 freeze to 3000
[19:41:19.612] [SEVERE ] updating countdown to 6000
[19:41:19.690] [SEVERE ] setting player 1 freeze to 0
[19:41:19.940] [SEVERE ] setting player 4 freeze to 0
[19:41:20.017] [SEVERE ] removing player 1 token from slot 2
[19:41:20.126] [SEVERE ] player 1 placing token on slot 6
[19:41:20.126] [SEVERE ] setting player 1 freeze to 3000
[19:41:20.141] [SEVERE ] setting player 3 freeze to 2000
[19:41:20.156] [SEVERE ] removing player 4 token from slot 6
[19:41:20.264] [SEVERE ] removing player 4 token from slot 8
[19:41:20.374] [SEVERE ] player 4 placing token on slot 6
[19:41:20.390] [SEVERE ] setting player 2 freeze to 2000
[19:41:20.484] [SEVERE ] player 4 placing token on slot 7
[19:41:20.484] [SEVERE ] setting player 4 freeze to 3000
[19:41:20.626] [SEVERE ] updating countdown to 5000
[19:41:21.141] [SEVERE ] setting player 1 freeze to 2000
[19:41:21.156] [SEVERE ] setting player 3 freeze to 1000
[19:41:21.403] [SEVERE ] setting player 2 freeze to 1000
[19:41:21.497] [SEVERE ] setting player 4 freeze to 2000
[19:41:21.638] [SEVERE ] updating countdown to 4000
[19:41:22.151] [SEVERE ] setting player 1 freeze to 1000
[19:41:22.167] [SEVERE ] setting player 3 freeze to 0
[19:41:22.277] [SEVERE ] removing player 3 token from slot 10
[19:41:22.384] [SEVERE ] removing player 3 token from slot 11
[19:41:22.415] [SEVERE ] setting player 2 freeze to 0
[19:41:22.494] [SEVERE ] player 3 placing token on slot 11
[19:41:22.509] [SEVERE ] setting player 4 freeze to 1000
[19:41:22.601] [SEVERE ] player 3 placing token on slot 8
[19:41:22.601] [SEVERE ] setting player 3 freeze to 3000
[19:41:22.648] [SEVERE ] updating countdown to 3000
