[15:41:50.763] [INFO   ] thread main starting.
[15:41:50.789] [SEVERE ] cannot read configuration file config.properties trying from resources.
[15:41:50.796] [SEVERE ] configuration file was loaded from resources directory.
[15:41:51.453] [INFO   ] thread dealer starting.
[15:41:51.456] [INFO   ] thread player 0 starting.
[15:41:51.456] [INFO   ] thread dealer starting.
[15:41:51.456] [INFO   ] thread player 0 starting.
[15:41:51.582] [SEVERE ] placing card 54 in slot 0
[15:41:51.690] [SEVERE ] placing card 51 in slot 1
[15:41:51.801] [SEVERE ] placing card 37 in slot 2
[15:41:51.903] [SEVERE ] placing card 63 in slot 3
[15:41:52.011] [SEVERE ] placing card 62 in slot 4
[15:41:52.117] [SEVERE ] placing card 4 in slot 5
[15:41:52.225] [SEVERE ] placing card 33 in slot 6
[15:41:52.333] [SEVERE ] placing card 25 in slot 7
[15:41:52.439] [SEVERE ] placing card 68 in slot 8
[15:41:52.548] [SEVERE ] placing card 32 in slot 9
[15:41:52.657] [SEVERE ] placing card 44 in slot 10
[15:41:52.759] [SEVERE ] placing card 34 in slot 11
[15:41:53.760] [SEVERE ] updating countdown to 59000
[15:41:54.769] [SEVERE ] updating countdown to 58000
[15:41:54.998] [SEVERE ] key 81 was pressed by player 1
[15:41:55.003] [SEVERE ] player 1 placing token on slot 0
[15:41:55.775] [SEVERE ] updating countdown to 57000
[15:41:56.593] [SEVERE ] key 83 was pressed by player 1
[15:41:56.594] [SEVERE ] player 1 placing token on slot 5
[15:41:56.783] [SEVERE ] updating countdown to 56000
[15:41:57.795] [SEVERE ] updating countdown to 55000
[15:41:58.444] [SEVERE ] key 88 was pressed by player 1
[15:41:58.449] [SEVERE ] player 1 placing token on slot 9
[15:41:58.450] [SEVERE ] setting player 1 freeze to 3000
[15:41:58.810] [SEVERE ] updating countdown to 54000
[15:41:59.018] [SEVERE ] key 88 was pressed by player 1
[15:41:59.469] [SEVERE ] setting player 1 freeze to 2000
[15:41:59.821] [SEVERE ] updating countdown to 53000
[15:42:00.474] [SEVERE ] setting player 1 freeze to 1000
[15:42:00.830] [SEVERE ] updating countdown to 52000
[15:42:01.484] [SEVERE ] setting player 1 freeze to 0
[15:42:01.487] [SEVERE ] key 88 was pressed by player 1
[15:42:01.487] [SEVERE ] removing player 1 token from slot 9
[15:42:01.487] [SEVERE ] key 88 was pressed by player 1
[15:42:01.488] [SEVERE ] player 1 placing token on slot 9
[15:42:01.489] [SEVERE ] setting player 1 freeze to 3000
[15:42:01.493] [SEVERE ] key 88 was pressed by player 1
[15:42:01.832] [SEVERE ] updating countdown to 51000
[15:42:02.490] [SEVERE ] setting player 1 freeze to 2000
[15:42:02.840] [SEVERE ] updating countdown to 50000
[15:42:03.501] [SEVERE ] setting player 1 freeze to 1000
[15:42:03.844] [SEVERE ] updating countdown to 49000
[15:42:04.504] [SEVERE ] setting player 1 freeze to 0
[15:42:04.505] [SEVERE ] key 88 was pressed by player 1
[15:42:04.505] [SEVERE ] removing player 1 token from slot 9
[15:42:04.508] [SEVERE ] key 88 was pressed by player 1
[15:42:04.508] [SEVERE ] player 1 placing token on slot 9
[15:42:04.509] [SEVERE ] key 88 was pressed by player 1
[15:42:04.509] [SEVERE ] setting player 1 freeze to 3000
[15:42:04.851] [SEVERE ] updating countdown to 48000
[15:42:05.511] [SEVERE ] setting player 1 freeze to 2000
[15:42:05.860] [SEVERE ] updating countdown to 47000
[15:42:06.517] [SEVERE ] setting player 1 freeze to 1000
[15:42:06.871] [SEVERE ] updating countdown to 46000
[15:42:07.523] [SEVERE ] setting player 1 freeze to 0
[15:42:07.525] [SEVERE ] key 88 was pressed by player 1
[15:42:07.525] [SEVERE ] key 88 was pressed by player 1
[15:42:07.525] [SEVERE ] removing player 1 token from slot 9
[15:42:07.528] [SEVERE ] key 88 was pressed by player 1
[15:42:07.528] [SEVERE ] player 1 placing token on slot 9
[15:42:07.884] [SEVERE ] updating countdown to 45000
[15:42:08.886] [SEVERE ] updating countdown to 44000
[15:42:09.893] [SEVERE ] updating countdown to 43000
[15:42:10.901] [SEVERE ] updating countdown to 42000
[15:42:11.913] [SEVERE ] updating countdown to 41000
[15:42:12.923] [SEVERE ] updating countdown to 40000
