[15:22:19.845] [INFO   ] thread main starting.
[15:22:19.855] [SEVERE ] cannot read configuration file config.properties trying from resources.
[15:22:19.857] [SEVERE ] configuration file was loaded from resources directory.
[15:22:20.556] [INFO   ] thread dealer starting.
[15:22:20.557] [INFO   ] thread player 0 starting.
[15:22:20.558] [INFO   ] thread dealer starting.
[15:22:20.558] [INFO   ] thread player 0 starting.
[15:22:20.677] [SEVERE ] placing card 40 in slot 0
[15:22:20.793] [SEVERE ] placing card 33 in slot 1
[15:22:20.905] [SEVERE ] placing card 56 in slot 2
[15:22:21.017] [SEVERE ] placing card 34 in slot 3
[15:22:21.127] [SEVERE ] placing card 3 in slot 4
[15:22:21.238] [SEVERE ] placing card 16 in slot 5
[15:22:21.350] [SEVERE ] placing card 57 in slot 6
[15:22:21.461] [SEVERE ] placing card 61 in slot 7
[15:22:21.573] [SEVERE ] placing card 26 in slot 8
[15:22:21.684] [SEVERE ] placing card 67 in slot 9
[15:22:21.796] [SEVERE ] placing card 47 in slot 10
[15:22:21.907] [SEVERE ] placing card 49 in slot 11
[15:22:22.945] [SEVERE ] updating countdown to 59000
[15:22:23.960] [SEVERE ] updating countdown to 58000
[15:22:24.983] [SEVERE ] updating countdown to 57000
[15:22:25.995] [SEVERE ] updating countdown to 56000
[15:22:27.017] [SEVERE ] updating countdown to 55000
[15:22:28.030] [SEVERE ] updating countdown to 54000
[15:22:29.055] [SEVERE ] updating countdown to 53000
[15:22:30.059] [SEVERE ] updating countdown to 52000
[15:22:31.075] [SEVERE ] updating countdown to 51000
[15:22:31.504] [SEVERE ] key 69 was pressed by player 1
[15:22:31.505] [SEVERE ] player 1 placing token on slot 2
[15:22:32.075] [SEVERE ] updating countdown to 50000
[15:22:33.096] [SEVERE ] updating countdown to 49000
[15:22:34.096] [SEVERE ] updating countdown to 48000
[15:22:34.315] [SEVERE ] key 68 was pressed by player 1
[15:22:34.315] [SEVERE ] player 1 placing token on slot 6
[15:22:35.105] [SEVERE ] updating countdown to 47000
[15:22:35.845] [SEVERE ] key 70 was pressed by player 1
[15:22:35.851] [SEVERE ] player 1 placing token on slot 7
[15:22:36.108] [SEVERE ] updating countdown to 46000
[15:22:36.111] [SEVERE ] removing player 1 token from slot 2
[15:22:36.224] [SEVERE ] removing card from slot 2
[15:22:36.224] [SEVERE ] removing player 1 token from slot 6
[15:22:36.333] [SEVERE ] removing card from slot 6
[15:22:36.333] [SEVERE ] removing player 1 token from slot 7
[15:22:36.435] [SEVERE ] removing card from slot 7
[15:22:36.540] [SEVERE ] placing card 39 in slot 2
[15:22:36.644] [SEVERE ] placing card 52 in slot 6
[15:22:36.755] [SEVERE ] placing card 7 in slot 7
[15:22:37.427] [SEVERE ] key 70 was pressed by player 1
[15:22:37.759] [SEVERE ] updating countdown to 45000
[15:22:38.775] [SEVERE ] updating countdown to 44000
[15:22:39.777] [SEVERE ] updating countdown to 43000
[15:22:40.785] [SEVERE ] updating countdown to 42000
[15:22:41.793] [SEVERE ] updating countdown to 41000
[15:22:42.800] [SEVERE ] updating countdown to 40000
[15:22:42.828] [SEVERE ] setting player 1 score to 1
[15:22:42.839] [SEVERE ] setting player 1 freeze to 1000
[15:22:43.825] [SEVERE ] updating countdown to 39000
[15:22:43.853] [SEVERE ] setting player 1 freeze to 0
[15:22:44.869] [SEVERE ] updating countdown to 38000
[15:22:45.894] [SEVERE ] updating countdown to 37000
[15:22:46.908] [SEVERE ] updating countdown to 36000
[15:22:47.926] [SEVERE ] updating countdown to 35000
[15:22:48.935] [SEVERE ] updating countdown to 34000
[15:22:49.935] [SEVERE ] updating countdown to 33000
[15:22:50.938] [SEVERE ] updating countdown to 32000
[15:22:51.944] [SEVERE ] updating countdown to 31000
[15:22:52.835] [SEVERE ] key 70 was pressed by player 1
[15:22:52.955] [SEVERE ] updating countdown to 30000
[15:22:53.535] [SEVERE ] key 70 was pressed by player 1
[15:22:53.795] [SEVERE ] key 70 was pressed by player 1
[15:22:53.967] [SEVERE ] updating countdown to 29000
[15:22:54.977] [SEVERE ] updating countdown to 28000
[15:22:55.985] [SEVERE ] updating countdown to 27000
[15:22:56.986] [SEVERE ] updating countdown to 26000
