[20:16:13.430] [INFO   ] thread main starting.
[20:16:13.440] [SEVERE ] cannot read configuration file config.properties trying from resources.
[20:16:13.441] [SEVERE ] configuration file was loaded from resources directory.
[20:16:14.048] [INFO   ] thread dealer starting.
[20:16:14.052] [INFO   ] thread player 0 starting.
[20:16:14.053] [INFO   ] thread player 1 starting.
[20:16:14.054] [INFO   ] thread dealer starting.
[20:16:14.058] [INFO   ] thread player 0 starting.
[20:16:14.058] [INFO   ] thread player 1 starting.
[20:16:14.166] [SEVERE ] placing card 52 in slot 0
[20:16:14.277] [SEVERE ] placing card 4 in slot 1
[20:16:14.387] [SEVERE ] placing card 41 in slot 2
[20:16:14.497] [SEVERE ] placing card 62 in slot 3
[20:16:14.606] [SEVERE ] placing card 50 in slot 4
[20:16:14.714] [SEVERE ] placing card 64 in slot 5
[20:16:14.824] [SEVERE ] placing card 18 in slot 6
[20:16:14.933] [SEVERE ] placing card 73 in slot 7
[20:16:15.043] [SEVERE ] placing card 66 in slot 8
[20:16:15.152] [SEVERE ] placing card 74 in slot 9
[20:16:15.261] [SEVERE ] placing card 43 in slot 10
[20:16:15.370] [SEVERE ] placing card 68 in slot 11
[20:16:16.392] [SEVERE ] updating countdown to 59000
[20:16:17.415] [SEVERE ] updating countdown to 58000
[20:16:18.428] [SEVERE ] updating countdown to 57000
[20:16:19.441] [SEVERE ] updating countdown to 56000
[20:16:20.454] [SEVERE ] updating countdown to 55000
[20:16:21.461] [SEVERE ] updating countdown to 54000
[20:16:22.474] [SEVERE ] updating countdown to 53000
[20:16:23.482] [SEVERE ] updating countdown to 52000
[20:16:24.495] [SEVERE ] updating countdown to 51000
[20:16:25.511] [SEVERE ] updating countdown to 50000
[20:16:26.268] [SEVERE ] key 68 was pressed by player 1
[20:16:26.268] [SEVERE ] player 1 placing token on slot 6
[20:16:26.527] [SEVERE ] updating countdown to 49000
[20:16:27.191] [SEVERE ] key 68 was pressed by player 1
[20:16:27.191] [SEVERE ] removing player 1 token from slot 6
[20:16:27.493] [SEVERE ] key 70 was pressed by player 1
[20:16:27.493] [SEVERE ] player 1 placing token on slot 7
[20:16:27.537] [SEVERE ] updating countdown to 48000
[20:16:28.390] [SEVERE ] key 75 was pressed by player 2
[20:16:28.391] [SEVERE ] player 2 placing token on slot 5
[20:16:28.546] [SEVERE ] updating countdown to 47000
[20:16:29.556] [SEVERE ] updating countdown to 46000
