[16:12:55.141] [INFO   ] thread main starting.
[16:12:55.167] [SEVERE ] cannot read configuration file config.properties trying from resources.
[16:12:55.173] [SEVERE ] configuration file was loaded from resources directory.
[16:12:56.081] [INFO   ] thread dealer starting.
[16:12:56.098] [INFO   ] thread player 0 starting.
[16:12:56.099] [INFO   ] thread dealer starting.
[16:12:56.100] [INFO   ] thread player 0 starting.
[16:12:56.223] [SEVERE ] placing card 68 in slot 0
[16:12:56.332] [SEVERE ] placing card 14 in slot 1
[16:12:56.441] [SEVERE ] placing card 43 in slot 2
[16:12:56.548] [SEVERE ] placing card 61 in slot 3
[16:12:56.656] [SEVERE ] placing card 30 in slot 4
[16:12:56.763] [SEVERE ] placing card 22 in slot 5
[16:12:56.873] [SEVERE ] placing card 0 in slot 6
[16:12:56.983] [SEVERE ] placing card 7 in slot 7
[16:12:57.092] [SEVERE ] placing card 40 in slot 8
[16:12:57.201] [SEVERE ] placing card 46 in slot 9
[16:12:57.311] [SEVERE ] placing card 55 in slot 10
[16:12:57.419] [SEVERE ] placing card 78 in slot 11
[16:12:58.434] [SEVERE ] updating countdown to 59000
[16:12:59.449] [SEVERE ] updating countdown to 58000
[16:13:00.456] [SEVERE ] updating countdown to 57000
[16:13:01.458] [SEVERE ] updating countdown to 56000
[16:13:02.462] [SEVERE ] updating countdown to 55000
[16:13:03.474] [SEVERE ] updating countdown to 54000
