[16:15:30.757] [INFO   ] thread main starting.
[16:15:30.769] [SEVERE ] cannot read configuration file config.properties trying from resources.
[16:15:30.773] [SEVERE ] configuration file was loaded from resources directory.
[16:15:31.493] [INFO   ] thread dealer starting.
[16:15:31.516] [INFO   ] thread player 0 starting.
[16:15:31.518] [INFO   ] thread dealer starting.
[16:15:31.519] [INFO   ] thread player 0 starting.
[16:15:31.641] [SEVERE ] placing card 13 in slot 0
[16:15:31.750] [SEVERE ] placing card 76 in slot 1
[16:15:31.859] [SEVERE ] placing card 72 in slot 2
[16:15:31.966] [SEVERE ] placing card 54 in slot 3
[16:15:32.076] [SEVERE ] placing card 3 in slot 4
[16:15:32.184] [SEVERE ] placing card 23 in slot 5
[16:15:32.292] [SEVERE ] placing card 16 in slot 6
[16:15:32.403] [SEVERE ] placing card 43 in slot 7
[16:15:32.513] [SEVERE ] placing card 69 in slot 8
[16:15:32.622] [SEVERE ] placing card 44 in slot 9
[16:15:32.731] [SEVERE ] placing card 68 in slot 10
[16:15:32.839] [SEVERE ] placing card 19 in slot 11
[16:15:33.868] [SEVERE ] updating countdown to 59000
[16:15:34.886] [SEVERE ] updating countdown to 58000
[16:15:35.897] [SEVERE ] updating countdown to 57000
[16:15:36.910] [SEVERE ] updating countdown to 56000
[16:15:37.928] [SEVERE ] updating countdown to 55000
[16:15:38.939] [SEVERE ] updating countdown to 54000
[16:15:39.948] [SEVERE ] updating countdown to 53000
[16:15:40.958] [SEVERE ] updating countdown to 52000
[16:15:41.357] [SEVERE ] key 81 was pressed by player 1
[16:15:41.357] [SEVERE ] player 1 placing token on slot 0
[16:15:41.971] [SEVERE ] updating countdown to 51000
[16:15:42.084] [SEVERE ] key 65 was pressed by player 1
[16:15:42.086] [SEVERE ] player 1 placing token on slot 4
[16:15:42.659] [SEVERE ] key 83 was pressed by player 1
[16:15:42.660] [SEVERE ] player 1 placing token on slot 5
[16:15:42.661] [SEVERE ] setting player 1 score to 1
[16:15:42.663] [SEVERE ] setting player 1 freeze to 1000
[16:15:42.983] [SEVERE ] updating countdown to 50000
[16:15:42.985] [SEVERE ] removing player 1 token from slot 0
[16:15:43.062] [SEVERE ] key 83 was pressed by player 1
[16:15:43.087] [SEVERE ] removing card from slot 0
[16:15:43.087] [SEVERE ] removing player 1 token from slot 4
[16:15:43.197] [SEVERE ] removing card from slot 4
[16:15:43.197] [SEVERE ] removing player 1 token from slot 5
[16:15:43.284] [SEVERE ] key 83 was pressed by player 1
[16:15:43.307] [SEVERE ] removing card from slot 5
[16:15:43.415] [SEVERE ] placing card 55 in slot 0
[16:15:43.502] [SEVERE ] key 83 was pressed by player 1
[16:15:43.525] [SEVERE ] placing card 74 in slot 4
[16:15:43.633] [SEVERE ] placing card 49 in slot 5
[16:15:43.680] [SEVERE ] setting player 1 freeze to 0
[16:15:43.690] [SEVERE ] key 83 was pressed by player 1
[16:15:43.690] [SEVERE ] player 1 placing token on slot 5
[16:15:43.973] [SEVERE ] key 83 was pressed by player 1
[16:15:43.974] [SEVERE ] removing player 1 token from slot 5
[16:15:44.392] [SEVERE ] key 83 was pressed by player 1
[16:15:44.393] [SEVERE ] player 1 placing token on slot 5
[16:15:44.646] [SEVERE ] updating countdown to 49000
[16:15:44.671] [SEVERE ] key 65 was pressed by player 1
[16:15:44.672] [SEVERE ] player 1 placing token on slot 4
[16:15:44.918] [SEVERE ] key 87 was pressed by player 1
[16:15:44.919] [SEVERE ] player 1 placing token on slot 1
[16:15:44.920] [SEVERE ] setting player 1 freeze to 3000
[16:15:45.242] [SEVERE ] key 87 was pressed by player 1
[16:15:45.434] [SEVERE ] key 87 was pressed by player 1
[16:15:45.607] [SEVERE ] key 87 was pressed by player 1
[16:15:45.660] [SEVERE ] updating countdown to 48000
[16:15:45.795] [SEVERE ] key 87 was pressed by player 1
[16:15:45.924] [SEVERE ] setting player 1 freeze to 2000
[16:15:45.986] [SEVERE ] key 87 was pressed by player 1
[16:15:46.672] [SEVERE ] updating countdown to 47000
[16:15:46.937] [SEVERE ] setting player 1 freeze to 1000
[16:15:47.690] [SEVERE ] updating countdown to 46000
