[12:46:47.157] [INFO   ] thread main starting.
[12:46:47.182] [SEVERE ] cannot read configuration file config.properties trying from resources.
[12:46:47.191] [SEVERE ] configuration file was loaded from resources directory.
[12:46:47.824] [INFO   ] thread dealer starting.
[12:46:47.824] [INFO   ] thread player 0 starting.
[12:46:47.824] [INFO   ] thread player 1 starting.
[12:46:47.827] [INFO   ] thread player 0 starting.
[12:46:47.827] [INFO   ] thread player 1 starting.
[12:46:47.827] [INFO   ] thread player 2 starting.
[12:46:47.827] [INFO   ] thread player 3 starting.
[12:46:47.828] [INFO   ] thread dealer starting.
[12:46:47.839] [INFO   ] thread computer-0 starting.
[12:46:47.839] [INFO   ] thread player 3 starting.
[12:46:47.839] [INFO   ] thread player 2 starting.
[12:46:47.839] [INFO   ] thread computer-1 starting.
[12:46:47.841] [INFO   ] thread computer-3 starting.
[12:46:47.845] [INFO   ] thread computer-2 starting.
[12:46:47.960] [SEVERE ] placing card 70 in slot 0
[12:46:48.063] [SEVERE ] placing card 53 in slot 1
[12:46:48.169] [SEVERE ] placing card 15 in slot 2
[12:46:48.271] [SEVERE ] placing card 76 in slot 3
[12:46:48.386] [SEVERE ] placing card 38 in slot 4
[12:46:48.498] [SEVERE ] placing card 68 in slot 5
[12:46:48.600] [SEVERE ] placing card 33 in slot 6
[12:46:48.705] [SEVERE ] placing card 72 in slot 7
[12:46:48.810] [SEVERE ] placing card 14 in slot 8
[12:46:48.922] [SEVERE ] placing card 27 in slot 9
[12:46:49.030] [SEVERE ] placing card 20 in slot 10
[12:46:49.131] [SEVERE ] placing card 2 in slot 11
[12:46:50.138] [SEVERE ] updating countdown to 59000
[12:46:50.156] [SEVERE ] player 4 placing token on slot 3
[12:46:50.156] [SEVERE ] player 3 placing token on slot 9
[12:46:50.171] [SEVERE ] player 1 placing token on slot 5
[12:46:50.224] [SEVERE ] player 2 placing token on slot 11
[12:46:50.261] [SEVERE ] removing player 4 token from slot 3
[12:46:50.262] [SEVERE ] player 3 placing token on slot 8
[12:46:50.274] [SEVERE ] player 1 placing token on slot 10
[12:46:50.326] [SEVERE ] player 2 placing token on slot 10
[12:46:50.373] [SEVERE ] player 3 placing token on slot 3
[12:46:50.373] [SEVERE ] player 4 placing token on slot 5
[12:46:50.373] [SEVERE ] setting player 3 freeze to 3000
[12:46:50.390] [SEVERE ] player 1 placing token on slot 4
[12:46:50.390] [SEVERE ] setting player 1 freeze to 3000
[12:46:50.439] [SEVERE ] removing player 2 token from slot 11
[12:46:50.475] [SEVERE ] player 4 placing token on slot 4
[12:46:50.539] [SEVERE ] player 2 placing token on slot 8
[12:46:50.584] [SEVERE ] removing player 4 token from slot 4
[12:46:50.640] [SEVERE ] player 2 placing token on slot 6
[12:46:50.640] [SEVERE ] setting player 2 freeze to 3000
[12:46:50.690] [SEVERE ] player 4 placing token on slot 9
[12:46:50.799] [SEVERE ] player 4 placing token on slot 3
[12:46:50.799] [SEVERE ] setting player 4 freeze to 3000
[12:46:51.139] [SEVERE ] updating countdown to 58000
[12:46:51.391] [SEVERE ] setting player 3 freeze to 2000
[12:46:51.407] [SEVERE ] setting player 1 freeze to 2000
[12:46:51.643] [SEVERE ] setting player 2 freeze to 2000
[12:46:51.800] [SEVERE ] setting player 4 freeze to 2000
[12:46:52.146] [SEVERE ] updating countdown to 57000
[12:46:52.399] [SEVERE ] setting player 3 freeze to 1000
[12:46:52.415] [SEVERE ] setting player 1 freeze to 1000
[12:46:52.651] [SEVERE ] setting player 2 freeze to 1000
[12:46:52.808] [SEVERE ] setting player 4 freeze to 1000
[12:46:53.155] [SEVERE ] updating countdown to 56000
[12:46:53.406] [SEVERE ] setting player 3 freeze to 0
[12:46:53.422] [SEVERE ] setting player 1 freeze to 0
[12:46:53.659] [SEVERE ] setting player 2 freeze to 0
[12:46:53.765] [SEVERE ] removing player 2 token from slot 8
[12:46:53.820] [SEVERE ] setting player 4 freeze to 0
[12:46:53.868] [SEVERE ] player 2 placing token on slot 0
[12:46:53.868] [SEVERE ] setting player 2 freeze to 3000
[12:46:54.039] [SEVERE ] removing player 4 token from slot 5
[12:46:54.150] [SEVERE ] player 4 placing token on slot 0
[12:46:54.150] [SEVERE ] removing player 3 token from slot 8
[12:46:54.150] [SEVERE ] setting player 4 freeze to 3000
[12:46:54.166] [SEVERE ] updating countdown to 55000
[12:46:54.256] [SEVERE ] player 3 placing token on slot 6
[12:46:54.256] [SEVERE ] setting player 3 freeze to 3000
[12:46:54.380] [SEVERE ] removing player 1 token from slot 4
[12:46:54.488] [SEVERE ] removing player 1 token from slot 5
[12:46:54.604] [SEVERE ] player 1 placing token on slot 2
[12:46:54.714] [SEVERE ] player 1 placing token on slot 1
[12:46:54.714] [SEVERE ] setting player 1 freeze to 3000
[12:46:54.869] [SEVERE ] setting player 2 freeze to 2000
[12:46:55.153] [SEVERE ] setting player 4 freeze to 2000
[12:46:55.168] [SEVERE ] updating countdown to 54000
[12:46:55.263] [SEVERE ] setting player 3 freeze to 2000
[12:46:55.719] [SEVERE ] setting player 1 freeze to 2000
[12:46:55.875] [SEVERE ] setting player 2 freeze to 1000
[12:46:56.158] [SEVERE ] setting player 4 freeze to 1000
[12:46:56.174] [SEVERE ] updating countdown to 53000
[12:46:56.269] [SEVERE ] setting player 3 freeze to 1000
[12:46:56.726] [SEVERE ] setting player 1 freeze to 1000
[12:46:56.884] [SEVERE ] setting player 2 freeze to 0
[12:46:56.995] [SEVERE ] removing player 2 token from slot 10
[12:46:57.105] [SEVERE ] player 2 placing token on slot 11
[12:46:57.105] [SEVERE ] setting player 2 freeze to 3000
[12:46:57.173] [SEVERE ] setting player 4 freeze to 0
[12:46:57.188] [SEVERE ] updating countdown to 52000
[12:46:57.277] [SEVERE ] setting player 3 freeze to 0
[12:46:57.494] [SEVERE ] removing player 4 token from slot 0
[12:46:57.604] [SEVERE ] player 4 placing token on slot 4
[12:46:57.604] [SEVERE ] setting player 4 freeze to 3000
[12:46:57.743] [SEVERE ] setting player 1 freeze to 0
[12:46:57.820] [SEVERE ] removing player 3 token from slot 6
[12:46:57.929] [SEVERE ] removing player 3 token from slot 9
[12:46:58.034] [SEVERE ] player 3 placing token on slot 9
[12:46:58.107] [SEVERE ] setting player 2 freeze to 2000
[12:46:58.141] [SEVERE ] player 3 placing token on slot 5
[12:46:58.141] [SEVERE ] setting player 3 freeze to 3000
[12:46:58.191] [SEVERE ] updating countdown to 51000
[12:46:58.279] [SEVERE ] removing player 1 token from slot 1
[12:46:58.387] [SEVERE ] player 1 placing token on slot 9
[12:46:58.387] [SEVERE ] setting player 1 freeze to 3000
[12:46:58.616] [SEVERE ] setting player 4 freeze to 2000
[12:46:59.121] [SEVERE ] setting player 2 freeze to 1000
[12:46:59.152] [SEVERE ] setting player 3 freeze to 2000
[12:46:59.199] [SEVERE ] updating countdown to 50000
[12:46:59.403] [SEVERE ] setting player 1 freeze to 2000
[12:46:59.624] [SEVERE ] setting player 4 freeze to 1000
[12:47:00.126] [SEVERE ] setting player 2 freeze to 0
[12:47:00.157] [SEVERE ] setting player 3 freeze to 1000
[12:47:00.205] [SEVERE ] updating countdown to 49000
[12:47:00.404] [SEVERE ] setting player 1 freeze to 1000
[12:47:00.632] [SEVERE ] setting player 4 freeze to 0
[12:47:00.755] [SEVERE ] removing player 2 token from slot 6
[12:47:00.844] [SEVERE ] removing player 4 token from slot 3
[12:47:00.861] [SEVERE ] removing player 2 token from slot 11
[12:47:00.945] [SEVERE ] player 4 placing token on slot 2
[12:47:00.945] [SEVERE ] setting player 4 freeze to 3000
[12:47:00.963] [SEVERE ] player 2 placing token on slot 3
[12:47:01.071] [SEVERE ] player 2 placing token on slot 6
[12:47:01.071] [SEVERE ] setting player 2 freeze to 3000
[12:47:01.161] [SEVERE ] setting player 3 freeze to 0
[12:47:01.211] [SEVERE ] updating countdown to 48000
[12:47:01.405] [SEVERE ] setting player 1 freeze to 0
[12:47:01.487] [SEVERE ] removing player 3 token from slot 3
[12:47:01.587] [SEVERE ] player 3 placing token on slot 11
[12:47:01.587] [SEVERE ] setting player 3 freeze to 3000
[12:47:01.947] [SEVERE ] setting player 4 freeze to 2000
[12:47:02.086] [SEVERE ] setting player 2 freeze to 2000
[12:47:02.220] [SEVERE ] updating countdown to 47000
[12:47:02.495] [SEVERE ] removing player 1 token from slot 2
[12:47:02.588] [SEVERE ] setting player 3 freeze to 2000
[12:47:02.598] [SEVERE ] player 1 placing token on slot 1
[12:47:02.598] [SEVERE ] setting player 1 freeze to 3000
[12:47:02.949] [SEVERE ] setting player 4 freeze to 1000
[12:47:03.090] [SEVERE ] setting player 2 freeze to 1000
[12:47:03.232] [SEVERE ] updating countdown to 46000
[12:47:03.595] [SEVERE ] setting player 3 freeze to 1000
[12:47:03.611] [SEVERE ] setting player 1 freeze to 2000
[12:47:03.959] [SEVERE ] setting player 4 freeze to 0
[12:47:04.102] [SEVERE ] setting player 2 freeze to 0
[12:47:04.232] [SEVERE ] updating countdown to 45000
[12:47:04.521] [SEVERE ] removing player 4 token from slot 2
[12:47:04.603] [SEVERE ] setting player 3 freeze to 0
[12:47:04.619] [SEVERE ] setting player 1 freeze to 1000
[12:47:04.630] [SEVERE ] player 4 placing token on slot 11
[12:47:04.630] [SEVERE ] setting player 4 freeze to 3000
[12:47:05.114] [SEVERE ] removing player 2 token from slot 6
[12:47:05.219] [SEVERE ] player 2 placing token on slot 1
[12:47:05.219] [SEVERE ] setting player 2 freeze to 3000
[12:47:05.235] [SEVERE ] updating countdown to 44000
[12:47:05.632] [SEVERE ] setting player 4 freeze to 2000
[12:47:05.632] [SEVERE ] setting player 1 freeze to 0
[12:47:05.703] [SEVERE ] removing player 3 token from slot 11
[12:47:05.811] [SEVERE ] player 3 placing token on slot 6
[12:47:05.811] [SEVERE ] setting player 3 freeze to 3000
[12:47:05.952] [SEVERE ] removing player 1 token from slot 1
[12:47:06.052] [SEVERE ] player 1 placing token on slot 3
[12:47:06.052] [SEVERE ] setting player 1 freeze to 3000
[12:47:06.235] [SEVERE ] setting player 2 freeze to 2000
[12:47:06.251] [SEVERE ] updating countdown to 43000
[12:47:06.648] [SEVERE ] setting player 4 freeze to 1000
[12:47:06.822] [SEVERE ] setting player 3 freeze to 2000
[12:47:07.061] [SEVERE ] setting player 1 freeze to 2000
[12:47:07.250] [SEVERE ] setting player 2 freeze to 1000
[12:47:07.265] [SEVERE ] updating countdown to 42000
[12:47:07.659] [SEVERE ] setting player 4 freeze to 0
[12:47:07.834] [SEVERE ] setting player 3 freeze to 1000
[12:47:08.070] [SEVERE ] setting player 1 freeze to 1000
[12:47:08.253] [SEVERE ] setting player 2 freeze to 0
[12:47:08.269] [SEVERE ] updating countdown to 41000
[12:47:08.584] [SEVERE ] removing player 2 token from slot 1
[12:47:08.689] [SEVERE ] removing player 2 token from slot 3
[12:47:08.791] [SEVERE ] player 2 placing token on slot 3
[12:47:08.837] [SEVERE ] setting player 3 freeze to 0
[12:47:08.854] [SEVERE ] removing player 4 token from slot 4
[12:47:08.905] [SEVERE ] removing player 2 token from slot 0
[12:47:08.970] [SEVERE ] player 4 placing token on slot 6
[12:47:08.971] [SEVERE ] setting player 4 freeze to 3000
[12:47:09.018] [SEVERE ] player 2 placing token on slot 1
[12:47:09.074] [SEVERE ] setting player 1 freeze to 0
[12:47:09.119] [SEVERE ] removing player 2 token from slot 1
[12:47:09.238] [SEVERE ] player 2 placing token on slot 11
[12:47:09.272] [SEVERE ] updating countdown to 40000
[12:47:09.296] [SEVERE ] removing player 3 token from slot 5
[12:47:09.338] [SEVERE ] removing player 2 token from slot 3
[12:47:09.403] [SEVERE ] player 3 placing token on slot 3
[12:47:09.403] [SEVERE ] setting player 3 freeze to 3000
[12:47:09.450] [SEVERE ] player 2 placing token on slot 6
[12:47:09.556] [SEVERE ] player 2 placing token on slot 10
[12:47:09.556] [SEVERE ] setting player 2 freeze to 3000
[12:47:09.714] [SEVERE ] removing player 1 token from slot 9
[12:47:09.830] [SEVERE ] player 1 placing token on slot 1
[12:47:09.830] [SEVERE ] setting player 1 freeze to 3000
[12:47:09.985] [SEVERE ] setting player 4 freeze to 2000
[12:47:10.285] [SEVERE ] updating countdown to 39000
[12:47:10.411] [SEVERE ] setting player 3 freeze to 2000
[12:47:10.568] [SEVERE ] setting player 2 freeze to 2000
[12:47:10.836] [SEVERE ] setting player 1 freeze to 2000
[12:47:10.994] [SEVERE ] setting player 4 freeze to 1000
[12:47:11.301] [SEVERE ] updating countdown to 38000
[12:47:11.426] [SEVERE ] setting player 3 freeze to 1000
[12:47:11.569] [SEVERE ] setting player 2 freeze to 1000
[12:47:11.839] [SEVERE ] setting player 1 freeze to 1000
[12:47:11.997] [SEVERE ] setting player 4 freeze to 0
[12:47:12.301] [SEVERE ] updating countdown to 37000
[12:47:12.438] [SEVERE ] setting player 3 freeze to 0
[12:47:12.571] [SEVERE ] setting player 2 freeze to 0
[12:47:12.852] [SEVERE ] setting player 1 freeze to 0
[12:47:12.887] [SEVERE ] removing player 3 token from slot 9
[12:47:12.887] [SEVERE ] removing player 2 token from slot 6
[12:47:12.996] [SEVERE ] player 2 placing token on slot 0
[12:47:12.996] [SEVERE ] player 3 placing token on slot 9
[12:47:12.996] [SEVERE ] setting player 2 freeze to 3000
[12:47:12.996] [SEVERE ] setting player 3 freeze to 3000
[12:47:13.182] [SEVERE ] removing player 1 token from slot 1
[12:47:13.223] [SEVERE ] removing player 4 token from slot 9
[12:47:13.289] [SEVERE ] removing player 1 token from slot 10
[12:47:13.303] [SEVERE ] updating countdown to 36000
[12:47:13.336] [SEVERE ] player 4 placing token on slot 9
[12:47:13.338] [SEVERE ] setting player 4 freeze to 3000
[12:47:13.390] [SEVERE ] player 1 placing token on slot 6
[12:47:13.494] [SEVERE ] player 1 placing token on slot 5
[12:47:13.495] [SEVERE ] setting player 1 freeze to 3000
[12:47:13.998] [SEVERE ] setting player 2 freeze to 2000
[12:47:13.998] [SEVERE ] setting player 3 freeze to 2000
[12:47:14.314] [SEVERE ] updating countdown to 35000
[12:47:14.345] [SEVERE ] setting player 4 freeze to 2000
[12:47:14.503] [SEVERE ] setting player 1 freeze to 2000
[12:47:15.010] [SEVERE ] setting player 2 freeze to 1000
[12:47:15.010] [SEVERE ] setting player 3 freeze to 1000
[12:47:15.325] [SEVERE ] updating countdown to 34000
[12:47:15.356] [SEVERE ] setting player 4 freeze to 1000
[12:47:15.513] [SEVERE ] setting player 1 freeze to 1000
[12:47:16.017] [SEVERE ] setting player 2 freeze to 0
[12:47:16.017] [SEVERE ] setting player 3 freeze to 0
[12:47:16.334] [SEVERE ] updating countdown to 33000
[12:47:16.334] [SEVERE ] removing player 3 token from slot 6
[12:47:16.358] [SEVERE ] setting player 4 freeze to 0
[12:47:16.437] [SEVERE ] player 3 placing token on slot 4
[12:47:16.437] [SEVERE ] setting player 3 freeze to 3000
[12:47:16.521] [SEVERE ] setting player 1 freeze to 0
[12:47:16.689] [SEVERE ] removing player 4 token from slot 6
[12:47:16.803] [SEVERE ] player 4 placing token on slot 0
[12:47:16.803] [SEVERE ] setting player 4 freeze to 3000
[12:47:16.852] [SEVERE ] removing player 1 token from slot 3
[12:47:16.968] [SEVERE ] player 1 placing token on slot 9
[12:47:16.968] [SEVERE ] setting player 1 freeze to 3000
[12:47:17.342] [SEVERE ] updating countdown to 32000
[12:47:17.453] [SEVERE ] setting player 3 freeze to 2000
[12:47:17.811] [SEVERE ] setting player 4 freeze to 2000
[12:47:17.968] [SEVERE ] setting player 1 freeze to 2000
[12:47:18.305] [SEVERE ] removing player 2 token from slot 11
[12:47:18.351] [SEVERE ] updating countdown to 31000
[12:47:18.413] [SEVERE ] player 2 placing token on slot 5
[12:47:18.413] [SEVERE ] setting player 2 freeze to 3000
[12:47:18.462] [SEVERE ] setting player 3 freeze to 1000
[12:47:18.821] [SEVERE ] setting player 4 freeze to 1000
[12:47:18.978] [SEVERE ] setting player 1 freeze to 1000
[12:47:19.357] [SEVERE ] updating countdown to 30000
[12:47:19.420] [SEVERE ] setting player 2 freeze to 2000
[12:47:19.467] [SEVERE ] setting player 3 freeze to 0
[12:47:19.685] [SEVERE ] removing player 3 token from slot 4
[12:47:19.793] [SEVERE ] player 3 placing token on slot 8
[12:47:19.793] [SEVERE ] setting player 3 freeze to 3000
[12:47:19.833] [SEVERE ] setting player 4 freeze to 0
[12:47:19.934] [SEVERE ] removing player 4 token from slot 11
[12:47:19.983] [SEVERE ] setting player 1 freeze to 0
[12:47:20.058] [SEVERE ] player 4 placing token on slot 10
[12:47:20.058] [SEVERE ] setting player 4 freeze to 3000
[12:47:20.368] [SEVERE ] updating countdown to 29000
[12:47:20.426] [SEVERE ] setting player 2 freeze to 1000
[12:47:20.502] [SEVERE ] removing player 1 token from slot 9
[12:47:20.611] [SEVERE ] removing player 1 token from slot 6
[12:47:20.712] [SEVERE ] player 1 placing token on slot 1
[12:47:20.800] [SEVERE ] setting player 3 freeze to 2000
[12:47:20.812] [SEVERE ] removing player 1 token from slot 5
[12:47:20.912] [SEVERE ] player 1 placing token on slot 10
[12:47:21.020] [SEVERE ] player 1 placing token on slot 7
[12:47:21.020] [SEVERE ] setting player 1 freeze to 3000
[12:47:21.069] [SEVERE ] setting player 4 freeze to 2000
[12:47:21.371] [SEVERE ] updating countdown to 28000
[12:47:21.434] [SEVERE ] setting player 2 freeze to 0
[12:47:21.815] [SEVERE ] setting player 3 freeze to 1000
[12:47:21.869] [SEVERE ] removing player 2 token from slot 0
[12:47:21.975] [SEVERE ] player 2 placing token on slot 2
[12:47:21.975] [SEVERE ] setting player 2 freeze to 3000
[12:47:22.023] [SEVERE ] setting player 1 freeze to 2000
[12:47:22.079] [SEVERE ] setting player 4 freeze to 1000
[12:47:22.386] [SEVERE ] updating countdown to 27000
[12:47:22.827] [SEVERE ] setting player 3 freeze to 0
[12:47:22.938] [SEVERE ] removing player 3 token from slot 9
[12:47:22.985] [SEVERE ] setting player 2 freeze to 2000
[12:47:23.034] [SEVERE ] setting player 1 freeze to 1000
[12:47:23.050] [SEVERE ] player 3 placing token on slot 0
[12:47:23.052] [SEVERE ] setting player 3 freeze to 3000
[12:47:23.085] [SEVERE ] setting player 4 freeze to 0
[12:47:23.191] [SEVERE ] removing player 4 token from slot 10
[12:47:23.301] [SEVERE ] player 4 placing token on slot 1
[12:47:23.301] [SEVERE ] setting player 4 freeze to 3000
[12:47:23.401] [SEVERE ] updating countdown to 26000
[12:47:23.986] [SEVERE ] setting player 2 freeze to 1000
[12:47:24.049] [SEVERE ] setting player 1 freeze to 0
[12:47:24.065] [SEVERE ] setting player 3 freeze to 2000
[12:47:24.159] [SEVERE ] removing player 1 token from slot 1
[12:47:24.268] [SEVERE ] player 1 placing token on slot 4
[12:47:24.268] [SEVERE ] setting player 1 freeze to 3000
[12:47:24.316] [SEVERE ] setting player 4 freeze to 2000
[12:47:24.403] [SEVERE ] updating countdown to 25000
[12:47:24.989] [SEVERE ] setting player 2 freeze to 0
[12:47:25.068] [SEVERE ] setting player 3 freeze to 1000
[12:47:25.099] [SEVERE ] removing player 2 token from slot 2
[12:47:25.202] [SEVERE ] player 2 placing token on slot 8
[12:47:25.202] [SEVERE ] setting player 2 freeze to 3000
[12:47:25.283] [SEVERE ] setting player 1 freeze to 2000
[12:47:25.324] [SEVERE ] setting player 4 freeze to 1000
[12:47:25.418] [SEVERE ] updating countdown to 24000
[12:47:26.073] [SEVERE ] setting player 3 freeze to 0
[12:47:26.183] [SEVERE ] removing player 3 token from slot 8
[12:47:26.215] [SEVERE ] setting player 2 freeze to 2000
[12:47:26.286] [SEVERE ] setting player 1 freeze to 1000
[12:47:26.287] [SEVERE ] player 3 placing token on slot 2
[12:47:26.287] [SEVERE ] setting player 3 freeze to 3000
[12:47:26.326] [SEVERE ] setting player 4 freeze to 0
[12:47:26.420] [SEVERE ] updating countdown to 23000
[12:47:26.969] [SEVERE ] removing player 4 token from slot 0
[12:47:27.083] [SEVERE ] player 4 placing token on slot 5
[12:47:27.083] [SEVERE ] setting player 4 freeze to 3000
[12:47:27.222] [SEVERE ] setting player 2 freeze to 1000
[12:47:27.287] [SEVERE ] setting player 1 freeze to 0
[12:47:27.303] [SEVERE ] setting player 3 freeze to 2000
[12:47:27.398] [SEVERE ] removing player 1 token from slot 7
[12:47:27.435] [SEVERE ] updating countdown to 22000
[12:47:27.511] [SEVERE ] player 1 placing token on slot 11
[12:47:27.511] [SEVERE ] setting player 1 freeze to 3000
[12:47:28.096] [SEVERE ] setting player 4 freeze to 2000
[12:47:28.222] [SEVERE ] setting player 2 freeze to 0
[12:47:28.317] [SEVERE ] setting player 3 freeze to 1000
[12:47:28.456] [SEVERE ] updating countdown to 21000
[12:47:28.516] [SEVERE ] setting player 1 freeze to 2000
[12:47:28.564] [SEVERE ] removing player 2 token from slot 10
[12:47:28.667] [SEVERE ] player 2 placing token on slot 0
[12:47:28.667] [SEVERE ] setting player 2 freeze to 3000
[12:47:29.099] [SEVERE ] setting player 4 freeze to 1000
[12:47:29.319] [SEVERE ] setting player 3 freeze to 0
[12:47:29.461] [SEVERE ] updating countdown to 20000
[12:47:29.517] [SEVERE ] setting player 1 freeze to 1000
[12:47:29.535] [SEVERE ] removing player 3 token from slot 2
[12:47:29.652] [SEVERE ] player 3 placing token on slot 6
[12:47:29.652] [SEVERE ] setting player 3 freeze to 3000
[12:47:29.682] [SEVERE ] setting player 2 freeze to 2000
[12:47:30.112] [SEVERE ] setting player 4 freeze to 0
[12:47:30.336] [SEVERE ] removing player 4 token from slot 9
[12:47:30.441] [SEVERE ] player 4 placing token on slot 10
[12:47:30.441] [SEVERE ] setting player 4 freeze to 3000
[12:47:30.465] [SEVERE ] updating countdown to 19000
[12:47:30.526] [SEVERE ] setting player 1 freeze to 0
[12:47:30.654] [SEVERE ] setting player 3 freeze to 2000
[12:47:30.685] [SEVERE ] setting player 2 freeze to 1000
[12:47:30.745] [SEVERE ] removing player 1 token from slot 4
[12:47:30.851] [SEVERE ] removing player 1 token from slot 11
[12:47:30.967] [SEVERE ] player 1 placing token on slot 11
[12:47:31.083] [SEVERE ] player 1 placing token on slot 6
[12:47:31.083] [SEVERE ] setting player 1 freeze to 3000
[12:47:31.454] [SEVERE ] setting player 4 freeze to 2000
[12:47:31.470] [SEVERE ] updating countdown to 18000
[12:47:31.658] [SEVERE ] setting player 3 freeze to 1000
[12:47:31.690] [SEVERE ] setting player 2 freeze to 0
[12:47:32.083] [SEVERE ] setting player 1 freeze to 2000
[12:47:32.133] [SEVERE ] removing player 2 token from slot 0
[12:47:32.242] [SEVERE ] player 2 placing token on slot 7
[12:47:32.244] [SEVERE ] setting player 2 freeze to 3000
[12:47:32.469] [SEVERE ] setting player 4 freeze to 1000
[12:47:32.485] [SEVERE ] updating countdown to 17000
[12:47:32.659] [SEVERE ] setting player 3 freeze to 0
[12:47:32.769] [SEVERE ] removing player 3 token from slot 3
[12:47:32.882] [SEVERE ] player 3 placing token on slot 7
[12:47:32.882] [SEVERE ] setting player 3 freeze to 3000
[12:47:33.094] [SEVERE ] setting player 1 freeze to 1000
[12:47:33.253] [SEVERE ] setting player 2 freeze to 2000
[12:47:33.476] [SEVERE ] setting player 4 freeze to 0
[12:47:33.492] [SEVERE ] updating countdown to 16000
[12:47:33.792] [SEVERE ] removing player 4 token from slot 1
[12:47:33.883] [SEVERE ] setting player 3 freeze to 2000
[12:47:33.900] [SEVERE ] player 4 placing token on slot 9
[12:47:33.900] [SEVERE ] setting player 4 freeze to 3000
[12:47:34.104] [SEVERE ] setting player 1 freeze to 0
[12:47:34.215] [SEVERE ] removing player 1 token from slot 11
[12:47:34.255] [SEVERE ] setting player 2 freeze to 1000
[12:47:34.324] [SEVERE ] player 1 placing token on slot 0
[12:47:34.324] [SEVERE ] setting player 1 freeze to 3000
[12:47:34.495] [SEVERE ] updating countdown to 15000
[12:47:34.888] [SEVERE ] setting player 3 freeze to 1000
[12:47:34.904] [SEVERE ] setting player 4 freeze to 2000
[12:47:35.267] [SEVERE ] setting player 2 freeze to 0
[12:47:35.330] [SEVERE ] setting player 1 freeze to 2000
[12:47:35.500] [SEVERE ] updating countdown to 14000
[12:47:35.897] [SEVERE ] setting player 3 freeze to 0
[12:47:35.910] [SEVERE ] setting player 4 freeze to 1000
[12:47:36.032] [SEVERE ] removing player 2 token from slot 7
[12:47:36.141] [SEVERE ] player 2 placing token on slot 2
[12:47:36.141] [SEVERE ] setting player 2 freeze to 3000
[12:47:36.332] [SEVERE ] setting player 1 freeze to 1000
[12:47:36.516] [SEVERE ] updating countdown to 13000
[12:47:36.857] [SEVERE ] removing player 3 token from slot 0
[12:47:36.916] [SEVERE ] setting player 4 freeze to 0
[12:47:36.958] [SEVERE ] player 3 placing token on slot 0
[12:47:36.958] [SEVERE ] setting player 3 freeze to 3000
[12:47:37.143] [SEVERE ] setting player 2 freeze to 2000
[12:47:37.240] [SEVERE ] removing player 4 token from slot 10
[12:47:37.348] [SEVERE ] setting player 1 freeze to 0
[12:47:37.348] [SEVERE ] removing player 4 token from slot 5
[12:47:37.459] [SEVERE ] removing player 4 token from slot 9
[12:47:37.533] [SEVERE ] updating countdown to 12000
[12:47:37.565] [SEVERE ] player 4 placing token on slot 0
[12:47:37.670] [SEVERE ] player 4 placing token on slot 2
[12:47:37.782] [SEVERE ] removing player 1 token from slot 10
[12:47:37.782] [SEVERE ] player 4 placing token on slot 8
[12:47:37.782] [SEVERE ] setting player 4 freeze to 3000
[12:47:37.897] [SEVERE ] player 1 placing token on slot 2
[12:47:37.897] [SEVERE ] setting player 1 freeze to 3000
[12:47:37.966] [SEVERE ] setting player 3 freeze to 2000
[12:47:38.150] [SEVERE ] setting player 2 freeze to 1000
[12:47:38.543] [SEVERE ] updating countdown to 11000
[12:47:38.796] [SEVERE ] setting player 4 freeze to 2000
[12:47:38.907] [SEVERE ] setting player 1 freeze to 2000
[12:47:38.970] [SEVERE ] setting player 3 freeze to 1000
[12:47:39.160] [SEVERE ] setting player 2 freeze to 0
[12:47:39.483] [SEVERE ] removing player 2 token from slot 2
[12:47:39.550] [SEVERE ] updating countdown to 10000
[12:47:39.594] [SEVERE ] player 2 placing token on slot 1
[12:47:39.594] [SEVERE ] setting player 2 freeze to 3000
[12:47:39.800] [SEVERE ] setting player 4 freeze to 1000
[12:47:39.911] [SEVERE ] setting player 1 freeze to 1000
[12:47:39.975] [SEVERE ] setting player 3 freeze to 0
[12:47:40.552] [SEVERE ] updating countdown to 9000
[12:47:40.599] [SEVERE ] setting player 2 freeze to 2000
[12:47:40.809] [SEVERE ] setting player 4 freeze to 0
[12:47:40.849] [SEVERE ] removing player 3 token from slot 0
[12:47:40.913] [SEVERE ] setting player 1 freeze to 0
[12:47:40.961] [SEVERE ] player 3 placing token on slot 9
[12:47:40.961] [SEVERE ] setting player 3 freeze to 3000
[12:47:41.018] [SEVERE ] removing player 4 token from slot 8
[12:47:41.018] [SEVERE ] removing player 1 token from slot 0
[12:47:41.132] [SEVERE ] player 1 placing token on slot 1
[12:47:41.132] [SEVERE ] setting player 1 freeze to 3000
[12:47:41.132] [SEVERE ] player 4 placing token on slot 10
[12:47:41.132] [SEVERE ] setting player 4 freeze to 3000
[12:47:41.556] [SEVERE ] updating countdown to 8000
[12:47:41.603] [SEVERE ] setting player 2 freeze to 1000
[12:47:41.966] [SEVERE ] setting player 3 freeze to 2000
[12:47:42.138] [SEVERE ] setting player 1 freeze to 2000
[12:47:42.138] [SEVERE ] setting player 4 freeze to 2000
[12:47:42.564] [SEVERE ] updating countdown to 7000
[12:47:42.611] [SEVERE ] setting player 2 freeze to 0
[12:47:42.825] [SEVERE ] removing player 2 token from slot 8
[12:47:42.928] [SEVERE ] player 2 placing token on slot 10
[12:47:42.928] [SEVERE ] setting player 2 freeze to 3000
[12:47:42.970] [SEVERE ] setting player 3 freeze to 1000
[12:47:43.145] [SEVERE ] setting player 1 freeze to 1000
[12:47:43.145] [SEVERE ] setting player 4 freeze to 1000
[12:47:43.569] [SEVERE ] updating countdown to 6000
[12:47:43.931] [SEVERE ] setting player 2 freeze to 2000
[12:47:43.978] [SEVERE ] setting player 3 freeze to 0
[12:47:44.148] [SEVERE ] setting player 1 freeze to 0
[12:47:44.148] [SEVERE ] setting player 4 freeze to 0
[12:47:44.582] [SEVERE ] updating countdown to 5000
[12:47:44.919] [SEVERE ] removing player 4 token from slot 2
[12:47:44.942] [SEVERE ] setting player 2 freeze to 1000
[12:47:44.960] [SEVERE ] removing player 3 token from slot 6
[12:47:45.033] [SEVERE ] player 4 placing token on slot 3
[12:47:45.034] [SEVERE ] setting player 4 freeze to 3000
[12:47:45.066] [SEVERE ] player 3 placing token on slot 6
[12:47:45.066] [SEVERE ] setting player 3 freeze to 3000
[12:47:45.590] [SEVERE ] updating countdown to 4000
[12:47:45.831] [SEVERE ] removing player 1 token from slot 6
[12:47:45.931] [SEVERE ] player 1 placing token on slot 4
[12:47:45.931] [SEVERE ] setting player 1 freeze to 3000
[12:47:45.955] [SEVERE ] setting player 2 freeze to 0
[12:47:46.039] [SEVERE ] setting player 4 freeze to 2000
[12:47:46.071] [SEVERE ] setting player 3 freeze to 2000
[12:47:46.182] [SEVERE ] removing player 2 token from slot 1
[12:47:46.291] [SEVERE ] player 2 placing token on slot 3
[12:47:46.291] [SEVERE ] setting player 2 freeze to 3000
[12:47:46.605] [SEVERE ] updating countdown to 3000
[12:47:46.935] [SEVERE ] setting player 1 freeze to 2000
[12:47:47.044] [SEVERE ] setting player 4 freeze to 1000
[12:47:47.075] [SEVERE ] setting player 3 freeze to 1000
[12:47:47.295] [SEVERE ] setting player 2 freeze to 2000
[12:47:47.606] [SEVERE ] updating countdown to 2000
[12:47:47.948] [SEVERE ] setting player 1 freeze to 1000
[12:47:48.057] [SEVERE ] setting player 4 freeze to 0
[12:47:48.088] [SEVERE ] setting player 3 freeze to 0
[12:47:48.277] [SEVERE ] removing player 4 token from slot 3
[12:47:48.307] [SEVERE ] setting player 2 freeze to 1000
[12:47:48.387] [SEVERE ] player 4 placing token on slot 6
[12:47:48.387] [SEVERE ] setting player 4 freeze to 3000
[12:47:48.617] [SEVERE ] updating countdown to 1000
[12:47:48.634] [SEVERE ] removing player 3 token from slot 6
[12:47:48.744] [SEVERE ] player 3 placing token on slot 3
[12:47:48.744] [SEVERE ] setting player 3 freeze to 3000
[12:47:48.962] [SEVERE ] setting player 1 freeze to 0
[12:47:49.074] [SEVERE ] removing player 1 token from slot 1
[12:47:49.182] [SEVERE ] player 1 placing token on slot 8
[12:47:49.183] [SEVERE ] setting player 1 freeze to 3000
[12:47:49.321] [SEVERE ] setting player 2 freeze to 0
[12:47:49.387] [SEVERE ] setting player 4 freeze to 2000
[12:47:49.619] [SEVERE ] updating countdown to 0
[12:47:49.652] [SEVERE ] removing player 2 token from slot 5
[12:47:49.760] [SEVERE ] setting player 3 freeze to 2000
[12:47:49.761] [SEVERE ] player 2 placing token on slot 1
[12:47:49.761] [SEVERE ] setting player 2 freeze to 3000
[12:47:50.196] [SEVERE ] setting player 1 freeze to 2000
[12:47:50.397] [SEVERE ] setting player 4 freeze to 1000
[12:47:50.631] [SEVERE ] removing player 1 token from slot 2
[12:47:50.632] [SEVERE ] removing player 1 token from slot 4
[12:47:50.632] [SEVERE ] removing player 1 token from slot 8
[12:47:50.632] [SEVERE ] removing player 2 token from slot 10
[12:47:50.632] [SEVERE ] removing player 2 token from slot 3
[12:47:50.632] [SEVERE ] removing player 2 token from slot 1
[12:47:50.632] [SEVERE ] removing player 3 token from slot 7
[12:47:50.633] [SEVERE ] removing player 3 token from slot 9
[12:47:50.633] [SEVERE ] removing player 3 token from slot 3
[12:47:50.633] [SEVERE ] removing player 4 token from slot 0
[12:47:50.633] [SEVERE ] removing player 4 token from slot 10
[12:47:50.633] [SEVERE ] removing player 4 token from slot 6
[12:47:50.740] [SEVERE ] removing card from slot 0
[12:47:50.772] [SEVERE ] setting player 3 freeze to 1000
[12:47:50.772] [SEVERE ] setting player 2 freeze to 2000
[12:47:50.850] [SEVERE ] removing card from slot 1
[12:47:50.959] [SEVERE ] removing card from slot 2
[12:47:51.068] [SEVERE ] removing card from slot 3
[12:47:51.179] [SEVERE ] removing card from slot 4
[12:47:51.211] [SEVERE ] setting player 1 freeze to 1000
[12:47:51.290] [SEVERE ] removing card from slot 5
[12:47:51.400] [SEVERE ] removing card from slot 6
[12:47:51.400] [SEVERE ] setting player 4 freeze to 0
[12:47:51.509] [SEVERE ] removing card from slot 7
[12:47:51.618] [SEVERE ] removing card from slot 8
[12:47:51.726] [SEVERE ] removing card from slot 9
[12:47:51.773] [SEVERE ] setting player 2 freeze to 1000
[12:47:51.773] [SEVERE ] setting player 3 freeze to 0
[12:47:51.835] [SEVERE ] removing card from slot 10
[12:47:51.944] [SEVERE ] removing card from slot 11
[12:47:52.053] [SEVERE ] placing card 47 in slot 0
[12:47:52.161] [SEVERE ] placing card 44 in slot 1
[12:47:52.223] [SEVERE ] setting player 1 freeze to 0
[12:47:52.269] [SEVERE ] placing card 8 in slot 2
[12:47:52.378] [SEVERE ] placing card 55 in slot 3
[12:47:52.488] [SEVERE ] placing card 7 in slot 4
[12:47:52.598] [SEVERE ] placing card 12 in slot 5
[12:47:52.707] [SEVERE ] placing card 6 in slot 6
[12:47:52.785] [SEVERE ] setting player 2 freeze to 0
[12:47:52.815] [SEVERE ] placing card 73 in slot 7
[12:47:52.924] [SEVERE ] placing card 35 in slot 8
[12:47:53.032] [SEVERE ] placing card 64 in slot 9
[12:47:53.140] [SEVERE ] placing card 42 in slot 10
[12:47:53.247] [SEVERE ] placing card 48 in slot 11
[12:47:53.247] [SEVERE ] updating countdown to 60000
[12:47:53.248] [SEVERE ] player 4 placing token on slot 3
[12:47:53.296] [SEVERE ] player 3 placing token on slot 2
[12:47:53.310] [SEVERE ] player 1 placing token on slot 0
[12:47:53.326] [SEVERE ] player 2 placing token on slot 2
[12:47:53.357] [SEVERE ] player 4 placing token on slot 5
[12:47:53.403] [SEVERE ] player 3 placing token on slot 9
[12:47:53.417] [SEVERE ] player 1 placing token on slot 1
[12:47:53.434] [SEVERE ] player 2 placing token on slot 1
[12:47:53.464] [SEVERE ] player 4 placing token on slot 11
[12:47:53.465] [SEVERE ] setting player 4 freeze to 3000
[12:47:53.511] [SEVERE ] player 3 placing token on slot 5
[12:47:53.511] [SEVERE ] setting player 3 freeze to 3000
[12:47:53.526] [SEVERE ] player 1 placing token on slot 2
[12:47:53.526] [SEVERE ] setting player 1 freeze to 3000
[12:47:53.542] [SEVERE ] player 2 placing token on slot 7
[12:47:53.542] [SEVERE ] setting player 2 freeze to 3000
[12:47:54.253] [SEVERE ] updating countdown to 59000
[12:47:54.473] [SEVERE ] setting player 4 freeze to 2000
[12:47:54.519] [SEVERE ] setting player 3 freeze to 2000
[12:47:54.535] [SEVERE ] setting player 1 freeze to 2000
[12:47:54.550] [SEVERE ] setting player 2 freeze to 2000
[12:47:55.265] [SEVERE ] updating countdown to 58000
[12:47:55.485] [SEVERE ] setting player 4 freeze to 1000
[12:47:55.532] [SEVERE ] setting player 3 freeze to 1000
[12:47:55.547] [SEVERE ] setting player 1 freeze to 1000
[12:47:55.563] [SEVERE ] setting player 2 freeze to 1000
[12:47:56.269] [SEVERE ] updating countdown to 57000
[12:47:56.487] [SEVERE ] setting player 4 freeze to 0
[12:47:56.533] [SEVERE ] setting player 3 freeze to 0
[12:47:56.548] [SEVERE ] setting player 1 freeze to 0
[12:47:56.564] [SEVERE ] setting player 2 freeze to 0
[12:47:56.595] [SEVERE ] removing player 4 token from slot 5
[12:47:56.644] [SEVERE ] removing player 3 token from slot 9
[12:47:56.706] [SEVERE ] player 4 placing token on slot 7
[12:47:56.706] [SEVERE ] setting player 4 freeze to 3000
[12:47:56.754] [SEVERE ] player 3 placing token on slot 10
[12:47:56.754] [SEVERE ] setting player 3 freeze to 3000
[12:47:57.205] [SEVERE ] removing player 1 token from slot 2
[12:47:57.280] [SEVERE ] updating countdown to 56000
[12:47:57.313] [SEVERE ] player 1 placing token on slot 3
[12:47:57.314] [SEVERE ] setting player 1 freeze to 3000
[12:47:57.437] [SEVERE ] removing player 2 token from slot 1
[12:47:57.548] [SEVERE ] player 2 placing token on slot 4
[12:47:57.548] [SEVERE ] setting player 2 freeze to 3000
[12:47:57.718] [SEVERE ] setting player 4 freeze to 2000
[12:47:57.765] [SEVERE ] setting player 3 freeze to 2000
[12:47:58.285] [SEVERE ] updating countdown to 55000
[12:47:58.317] [SEVERE ] setting player 1 freeze to 2000
[12:47:58.554] [SEVERE ] setting player 2 freeze to 2000
[12:47:58.727] [SEVERE ] setting player 4 freeze to 1000
[12:47:58.774] [SEVERE ] setting player 3 freeze to 1000
[12:47:59.294] [SEVERE ] updating countdown to 54000
[12:47:59.326] [SEVERE ] setting player 1 freeze to 1000
[12:47:59.563] [SEVERE ] setting player 2 freeze to 1000
[12:47:59.736] [SEVERE ] setting player 4 freeze to 0
[12:47:59.782] [SEVERE ] setting player 3 freeze to 0
[12:47:59.892] [SEVERE ] removing player 3 token from slot 2
[12:48:00.002] [SEVERE ] player 3 placing token on slot 11
[12:48:00.002] [SEVERE ] setting player 3 freeze to 3000
[12:48:00.175] [SEVERE ] removing player 4 token from slot 3
[12:48:00.283] [SEVERE ] player 4 placing token on slot 6
[12:48:00.283] [SEVERE ] setting player 4 freeze to 3000
[12:48:00.298] [SEVERE ] updating countdown to 53000
[12:48:00.329] [SEVERE ] setting player 1 freeze to 0
[12:48:00.578] [SEVERE ] setting player 2 freeze to 0
[12:48:00.656] [SEVERE ] removing player 1 token from slot 3
[12:48:00.689] [SEVERE ] removing player 2 token from slot 4
[12:48:00.767] [SEVERE ] removing player 1 token from slot 1
[12:48:00.800] [SEVERE ] player 2 placing token on slot 6
[12:48:00.801] [SEVERE ] setting player 2 freeze to 3000
[12:48:00.877] [SEVERE ] player 1 placing token on slot 2
[12:48:00.985] [SEVERE ] removing player 1 token from slot 0
[12:48:01.014] [SEVERE ] setting player 3 freeze to 2000
[12:48:01.093] [SEVERE ] player 1 placing token on slot 9
[12:48:01.200] [SEVERE ] removing player 1 token from slot 2
[12:48:01.293] [SEVERE ] setting player 4 freeze to 2000
[12:48:01.309] [SEVERE ] updating countdown to 52000
[12:48:01.310] [SEVERE ] player 1 placing token on slot 5
[12:48:01.417] [SEVERE ] player 1 placing token on slot 6
[12:48:01.419] [SEVERE ] setting player 1 freeze to 3000
[12:48:01.812] [SEVERE ] setting player 2 freeze to 2000
[12:48:02.022] [SEVERE ] setting player 3 freeze to 1000
[12:48:02.304] [SEVERE ] setting player 4 freeze to 1000
[12:48:02.320] [SEVERE ] updating countdown to 51000
[12:48:02.432] [SEVERE ] setting player 1 freeze to 2000
[12:48:02.814] [SEVERE ] setting player 2 freeze to 1000
[12:48:03.034] [SEVERE ] setting player 3 freeze to 0
[12:48:03.315] [SEVERE ] setting player 4 freeze to 0
[12:48:03.330] [SEVERE ] updating countdown to 50000
[12:48:03.423] [SEVERE ] removing player 4 token from slot 11
[12:48:03.438] [SEVERE ] setting player 1 freeze to 1000
[12:48:03.532] [SEVERE ] player 4 placing token on slot 9
[12:48:03.533] [SEVERE ] setting player 4 freeze to 3000
[12:48:03.826] [SEVERE ] setting player 2 freeze to 0
[12:48:03.921] [SEVERE ] removing player 3 token from slot 11
[12:48:04.031] [SEVERE ] player 3 placing token on slot 0
[12:48:04.031] [SEVERE ] setting player 3 freeze to 3000
[12:48:04.345] [SEVERE ] updating countdown to 49000
[12:48:04.453] [SEVERE ] setting player 1 freeze to 0
[12:48:04.546] [SEVERE ] setting player 4 freeze to 2000
[12:48:04.563] [SEVERE ] removing player 1 token from slot 6
[12:48:04.671] [SEVERE ] removing player 1 token from slot 9
[12:48:04.781] [SEVERE ] player 1 placing token on slot 0
[12:48:04.889] [SEVERE ] player 1 placing token on slot 10
[12:48:04.890] [SEVERE ] setting player 1 freeze to 3000
[12:48:05.044] [SEVERE ] setting player 3 freeze to 2000
[12:48:05.356] [SEVERE ] updating countdown to 48000
[12:48:05.560] [SEVERE ] setting player 4 freeze to 1000
[12:48:05.685] [SEVERE ] removing player 2 token from slot 7
[12:48:05.794] [SEVERE ] player 2 placing token on slot 0
[12:48:05.794] [SEVERE ] setting player 2 freeze to 3000
[12:48:05.902] [SEVERE ] setting player 1 freeze to 2000
[12:48:06.057] [SEVERE ] setting player 3 freeze to 1000
[12:48:06.372] [SEVERE ] updating countdown to 47000
[12:48:06.574] [SEVERE ] setting player 4 freeze to 0
[12:48:06.807] [SEVERE ] setting player 2 freeze to 2000
[12:48:06.916] [SEVERE ] setting player 1 freeze to 1000
[12:48:07.071] [SEVERE ] setting player 3 freeze to 0
[12:48:07.228] [SEVERE ] removing player 4 token from slot 9
[12:48:07.336] [SEVERE ] removing player 4 token from slot 6
[12:48:07.382] [SEVERE ] updating countdown to 46000
[12:48:07.399] [SEVERE ] removing player 3 token from slot 0
[12:48:07.446] [SEVERE ] player 4 placing token on slot 6
[12:48:07.508] [SEVERE ] removing player 3 token from slot 5
[12:48:07.556] [SEVERE ] player 4 placing token on slot 3
[12:48:07.556] [SEVERE ] setting player 4 freeze to 3000
[12:48:07.617] [SEVERE ] player 3 placing token on slot 6
[12:48:07.727] [SEVERE ] player 3 placing token on slot 9
[12:48:07.727] [SEVERE ] setting player 3 freeze to 3000
[12:48:07.820] [SEVERE ] setting player 2 freeze to 1000
[12:48:07.928] [SEVERE ] setting player 1 freeze to 0
[12:48:08.149] [SEVERE ] removing player 1 token from slot 10
[12:48:08.258] [SEVERE ] removing player 1 token from slot 0
[12:48:08.367] [SEVERE ] player 1 placing token on slot 10
[12:48:08.397] [SEVERE ] updating countdown to 45000
[12:48:08.476] [SEVERE ] player 1 placing token on slot 7
[12:48:08.476] [SEVERE ] setting player 1 freeze to 3000
[12:48:08.569] [SEVERE ] setting player 4 freeze to 2000
[12:48:08.740] [SEVERE ] setting player 3 freeze to 2000
[12:48:08.834] [SEVERE ] setting player 2 freeze to 0
[12:48:09.272] [SEVERE ] removing player 2 token from slot 0
[12:48:09.380] [SEVERE ] player 2 placing token on slot 7
[12:48:09.380] [SEVERE ] setting player 2 freeze to 3000
[12:48:09.410] [SEVERE ] updating countdown to 44000
[12:48:09.487] [SEVERE ] setting player 1 freeze to 2000
[12:48:09.581] [SEVERE ] setting player 4 freeze to 1000
[12:48:09.754] [SEVERE ] setting player 3 freeze to 1000
[12:48:10.386] [SEVERE ] setting player 2 freeze to 2000
[12:48:10.417] [SEVERE ] updating countdown to 43000
[12:48:10.495] [SEVERE ] setting player 1 freeze to 1000
[12:48:10.589] [SEVERE ] setting player 4 freeze to 0
[12:48:10.761] [SEVERE ] setting player 3 freeze to 0
[12:48:11.026] [SEVERE ] removing player 4 token from slot 6
[12:48:11.136] [SEVERE ] player 4 placing token on slot 2
[12:48:11.136] [SEVERE ] setting player 4 freeze to 3000
[12:48:11.399] [SEVERE ] setting player 2 freeze to 1000
[12:48:11.431] [SEVERE ] updating countdown to 42000
[12:48:11.508] [SEVERE ] setting player 1 freeze to 0
[12:48:11.835] [SEVERE ] removing player 1 token from slot 7
[12:48:11.944] [SEVERE ] player 1 placing token on slot 4
[12:48:11.944] [SEVERE ] setting player 1 freeze to 3000
[12:48:11.959] [SEVERE ] removing player 3 token from slot 6
[12:48:12.069] [SEVERE ] player 3 placing token on slot 1
[12:48:12.069] [SEVERE ] setting player 3 freeze to 3000
[12:48:12.145] [SEVERE ] setting player 4 freeze to 2000
[12:48:12.412] [SEVERE ] setting player 2 freeze to 0
[12:48:12.442] [SEVERE ] updating countdown to 41000
[12:48:12.848] [SEVERE ] removing player 2 token from slot 2
[12:48:12.957] [SEVERE ] setting player 1 freeze to 2000
[12:48:12.958] [SEVERE ] player 2 placing token on slot 10
[12:48:12.958] [SEVERE ] setting player 2 freeze to 3000
[12:48:13.082] [SEVERE ] setting player 3 freeze to 2000
[12:48:13.145] [SEVERE ] setting player 4 freeze to 1000
[12:48:13.448] [SEVERE ] updating countdown to 40000
[12:48:13.965] [SEVERE ] setting player 1 freeze to 1000
[12:48:13.965] [SEVERE ] setting player 2 freeze to 2000
[12:48:14.090] [SEVERE ] setting player 3 freeze to 1000
[12:48:14.153] [SEVERE ] setting player 4 freeze to 0
[12:48:14.463] [SEVERE ] updating countdown to 39000
[12:48:14.699] [SEVERE ] removing player 4 token from slot 7
[12:48:14.807] [SEVERE ] player 4 placing token on slot 0
[12:48:14.807] [SEVERE ] setting player 4 freeze to 3000
[12:48:14.978] [SEVERE ] setting player 2 freeze to 1000
[12:48:14.978] [SEVERE ] setting player 1 freeze to 0
[12:48:15.087] [SEVERE ] removing player 1 token from slot 10
[12:48:15.101] [SEVERE ] setting player 3 freeze to 0
[12:48:15.196] [SEVERE ] removing player 1 token from slot 4
[12:48:15.212] [SEVERE ] removing player 3 token from slot 1
[12:48:15.306] [SEVERE ] player 1 placing token on slot 8
[12:48:15.321] [SEVERE ] player 3 placing token on slot 2
[12:48:15.321] [SEVERE ] setting player 3 freeze to 3000
[12:48:15.414] [SEVERE ] player 1 placing token on slot 10
[12:48:15.414] [SEVERE ] setting player 1 freeze to 3000
[12:48:15.474] [SEVERE ] updating countdown to 38000
[12:48:15.809] [SEVERE ] setting player 4 freeze to 2000
[12:48:15.987] [SEVERE ] setting player 2 freeze to 0
[12:48:16.094] [SEVERE ] removing player 2 token from slot 6
[12:48:16.203] [SEVERE ] removing player 2 token from slot 10
[12:48:16.311] [SEVERE ] player 2 placing token on slot 8
[12:48:16.326] [SEVERE ] setting player 3 freeze to 2000
[12:48:16.419] [SEVERE ] setting player 1 freeze to 2000
[12:48:16.419] [SEVERE ] player 2 placing token on slot 0
[12:48:16.420] [SEVERE ] setting player 2 freeze to 3000
[12:48:16.481] [SEVERE ] updating countdown to 37000
[12:48:16.824] [SEVERE ] setting player 4 freeze to 1000
[12:48:17.339] [SEVERE ] setting player 3 freeze to 1000
[12:48:17.420] [SEVERE ] setting player 1 freeze to 1000
[12:48:17.436] [SEVERE ] setting player 2 freeze to 2000
[12:48:17.483] [SEVERE ] updating countdown to 36000
[12:48:17.828] [SEVERE ] setting player 4 freeze to 0
[12:48:18.345] [SEVERE ] setting player 3 freeze to 0
[12:48:18.424] [SEVERE ] setting player 1 freeze to 0
[12:48:18.440] [SEVERE ] setting player 2 freeze to 1000
[12:48:18.456] [SEVERE ] removing player 3 token from slot 10
[12:48:18.486] [SEVERE ] updating countdown to 35000
[12:48:18.487] [SEVERE ] removing player 4 token from slot 3
[12:48:18.564] [SEVERE ] player 3 placing token on slot 0
[12:48:18.564] [SEVERE ] setting player 3 freeze to 3000
[12:48:18.595] [SEVERE ] player 4 placing token on slot 5
[12:48:18.596] [SEVERE ] setting player 4 freeze to 3000
[12:48:19.407] [SEVERE ] removing player 1 token from slot 8
[12:48:19.452] [SEVERE ] setting player 2 freeze to 0
[12:48:19.498] [SEVERE ] updating countdown to 34000
[12:48:19.514] [SEVERE ] player 1 placing token on slot 1
[12:48:19.514] [SEVERE ] setting player 1 freeze to 3000
[12:48:19.560] [SEVERE ] removing player 2 token from slot 8
[12:48:19.574] [SEVERE ] setting player 3 freeze to 2000
[12:48:19.605] [SEVERE ] setting player 4 freeze to 2000
[12:48:19.671] [SEVERE ] player 2 placing token on slot 10
[12:48:19.674] [SEVERE ] setting player 2 freeze to 3000
[12:48:20.513] [SEVERE ] updating countdown to 33000
[12:48:20.529] [SEVERE ] setting player 1 freeze to 2000
[12:48:20.575] [SEVERE ] setting player 3 freeze to 1000
[12:48:20.606] [SEVERE ] setting player 4 freeze to 1000
[12:48:20.685] [SEVERE ] setting player 2 freeze to 2000
[12:48:21.523] [SEVERE ] updating countdown to 32000
[12:48:21.539] [SEVERE ] setting player 1 freeze to 1000
[12:48:21.587] [SEVERE ] setting player 3 freeze to 0
[12:48:21.619] [SEVERE ] setting player 4 freeze to 0
[12:48:21.699] [SEVERE ] setting player 2 freeze to 1000
[12:48:21.922] [SEVERE ] removing player 3 token from slot 9
[12:48:22.027] [SEVERE ] player 3 placing token on slot 11
[12:48:22.027] [SEVERE ] setting player 3 freeze to 3000
[12:48:22.286] [SEVERE ] removing player 4 token from slot 5
[12:48:22.402] [SEVERE ] player 4 placing token on slot 6
[12:48:22.402] [SEVERE ] setting player 4 freeze to 3000
[12:48:22.526] [SEVERE ] updating countdown to 31000
[12:48:22.542] [SEVERE ] setting player 1 freeze to 0
[12:48:22.711] [SEVERE ] setting player 2 freeze to 0
[12:48:22.877] [SEVERE ] removing player 1 token from slot 10
[12:48:22.994] [SEVERE ] player 1 placing token on slot 9
[12:48:22.996] [SEVERE ] setting player 1 score to 1
[12:48:22.996] [SEVERE ] setting player 1 freeze to 1000
[12:48:23.042] [SEVERE ] setting player 3 freeze to 2000
[12:48:23.328] [SEVERE ] removing player 1 token from slot 1
[12:48:23.410] [SEVERE ] setting player 4 freeze to 2000
[12:48:23.437] [SEVERE ] player 1 placing token on slot 3
[12:48:23.437] [SEVERE ] setting player 1 freeze to 3000
[12:48:23.679] [SEVERE ] removing player 2 token from slot 7
[12:48:23.791] [SEVERE ] player 2 placing token on slot 5
[12:48:23.791] [SEVERE ] setting player 2 freeze to 3000
[12:48:24.006] [SEVERE ] setting player 1 freeze to 0
[12:48:24.008] [INFO   ] thread dealer terminated.
[12:48:24.046] [SEVERE ] setting player 3 freeze to 1000
[12:48:24.418] [SEVERE ] setting player 4 freeze to 1000
[12:48:24.450] [SEVERE ] setting player 1 freeze to 2000
[12:48:24.801] [SEVERE ] setting player 2 freeze to 2000
[12:48:25.055] [SEVERE ] setting player 3 freeze to 0
[12:48:25.376] [SEVERE ] removing player 3 token from slot 0
[12:48:25.425] [SEVERE ] setting player 4 freeze to 0
[12:48:25.457] [SEVERE ] setting player 1 freeze to 1000
[12:48:25.491] [SEVERE ] removing player 3 token from slot 11
[12:48:25.597] [SEVERE ] player 3 placing token on slot 0
[12:48:25.709] [SEVERE ] player 3 placing token on slot 1
[12:48:25.709] [SEVERE ] setting player 3 freeze to 3000
[12:48:25.753] [SEVERE ] removing player 4 token from slot 2
[12:48:25.809] [SEVERE ] setting player 2 freeze to 1000
[12:48:25.857] [SEVERE ] player 4 placing token on slot 11
[12:48:25.857] [SEVERE ] setting player 4 freeze to 3000
[12:48:26.468] [SEVERE ] setting player 1 freeze to 0
[12:48:26.579] [SEVERE ] removing player 1 token from slot 5
[12:48:26.693] [SEVERE ] player 1 placing token on slot 7
[12:48:26.724] [SEVERE ] setting player 3 freeze to 2000
[12:48:26.801] [SEVERE ] removing player 1 token from slot 3
[12:48:26.817] [SEVERE ] setting player 2 freeze to 0
[12:48:26.857] [SEVERE ] setting player 4 freeze to 2000
[12:48:26.915] [SEVERE ] removing player 1 token from slot 9
[12:48:27.023] [SEVERE ] player 1 placing token on slot 2
[12:48:27.127] [SEVERE ] player 1 placing token on slot 9
[12:48:27.127] [SEVERE ] setting player 1 freeze to 3000
[12:48:27.677] [SEVERE ] removing player 2 token from slot 0
[12:48:27.727] [SEVERE ] setting player 3 freeze to 1000
[12:48:27.794] [SEVERE ] player 2 placing token on slot 8
[12:48:27.795] [SEVERE ] setting player 2 freeze to 3000
[12:48:27.858] [SEVERE ] setting player 4 freeze to 1000
[12:48:28.139] [SEVERE ] setting player 1 freeze to 2000
[12:48:28.739] [SEVERE ] setting player 3 freeze to 0
[12:48:28.802] [SEVERE ] setting player 2 freeze to 2000
[12:48:28.865] [SEVERE ] setting player 4 freeze to 0
[12:48:28.953] [SEVERE ] removing player 3 token from slot 1
[12:48:29.010] [SEVERE ] thanks for playing... it was fun!
[12:48:29.010] [INFO   ] thread main terminated.
[12:48:29.010] [SEVERE ] disposing of user interface elements
[12:48:29.060] [SEVERE ] player 3 placing token on slot 4
[12:48:29.060] [SEVERE ] setting player 3 freeze to 3000
[12:48:29.150] [SEVERE ] setting player 1 freeze to 1000
[12:48:29.199] [SEVERE ] removing player 4 token from slot 6
[12:48:29.310] [SEVERE ] player 4 placing token on slot 4
[12:48:29.311] [SEVERE ] setting player 4 freeze to 3000
[12:48:29.817] [SEVERE ] setting player 2 freeze to 1000
[12:48:30.061] [SEVERE ] setting player 3 freeze to 2000
[12:48:30.155] [SEVERE ] setting player 1 freeze to 0
[12:48:30.321] [SEVERE ] setting player 4 freeze to 2000
[12:48:30.479] [SEVERE ] removing player 1 token from slot 7
[12:48:30.588] [SEVERE ] removing player 1 token from slot 9
[12:48:30.702] [SEVERE ] player 1 placing token on slot 9
[12:48:30.809] [SEVERE ] removing player 1 token from slot 2
[12:48:30.833] [SEVERE ] setting player 2 freeze to 0
[12:48:30.918] [SEVERE ] player 1 placing token on slot 7
[12:48:30.934] [SEVERE ] removing player 2 token from slot 8
[12:48:31.027] [SEVERE ] player 1 placing token on slot 1
[12:48:31.027] [SEVERE ] setting player 1 freeze to 3000
[12:48:31.036] [SEVERE ] player 2 placing token on slot 6
[12:48:31.036] [SEVERE ] setting player 2 freeze to 3000
[12:48:31.071] [SEVERE ] setting player 3 freeze to 1000
[12:48:31.331] [SEVERE ] setting player 4 freeze to 1000
[12:48:32.028] [SEVERE ] setting player 1 freeze to 2000
[12:48:32.044] [SEVERE ] setting player 2 freeze to 2000
[12:48:32.077] [SEVERE ] setting player 3 freeze to 0
[12:48:32.180] [SEVERE ] removing player 3 token from slot 0
[12:48:32.284] [SEVERE ] player 3 placing token on slot 6
[12:48:32.343] [SEVERE ] setting player 4 freeze to 0
[12:48:32.391] [SEVERE ] removing player 3 token from slot 6
[12:48:32.493] [SEVERE ] removing player 3 token from slot 2
[12:48:32.607] [SEVERE ] player 3 placing token on slot 7
[12:48:32.709] [SEVERE ] player 3 placing token on slot 2
[12:48:32.709] [SEVERE ] setting player 3 freeze to 3000
[12:48:33.008] [SEVERE ] removing player 4 token from slot 4
[12:48:33.031] [SEVERE ] setting player 1 freeze to 1000
[12:48:33.056] [SEVERE ] setting player 2 freeze to 1000
[12:48:33.119] [SEVERE ] player 4 placing token on slot 3
[12:48:33.119] [SEVERE ] setting player 4 freeze to 3000
[12:48:33.725] [SEVERE ] setting player 3 freeze to 2000
[12:48:34.033] [SEVERE ] setting player 1 freeze to 0
[12:48:34.059] [SEVERE ] setting player 2 freeze to 0
[12:48:34.124] [SEVERE ] setting player 4 freeze to 2000
[12:48:34.243] [SEVERE ] removing player 1 token from slot 7
[12:48:34.350] [SEVERE ] player 1 placing token on slot 3
[12:48:34.350] [SEVERE ] setting player 1 freeze to 3000
[12:48:34.492] [SEVERE ] removing player 2 token from slot 6
[12:48:34.601] [SEVERE ] removing player 2 token from slot 10
[12:48:34.701] [SEVERE ] player 2 placing token on slot 0
[12:48:34.725] [SEVERE ] setting player 3 freeze to 1000
[12:48:34.808] [SEVERE ] player 2 placing token on slot 6
[12:48:34.808] [SEVERE ] setting player 2 freeze to 3000
