[14:00:40.849] [INFO   ] thread main starting.
[14:00:40.857] [SEVERE ] cannot read configuration file config.properties trying from resources.
[14:00:40.865] [SEVERE ] configuration file was loaded from resources directory.
[14:00:41.658] [INFO   ] thread dealer starting.
[14:00:41.665] [INFO   ] thread player 0 starting.
[14:00:41.667] [INFO   ] thread player 1 starting.
[14:00:41.668] [INFO   ] thread player 2 starting.
[14:00:41.668] [INFO   ] thread player 3 starting.
[14:00:41.668] [INFO   ] thread dealer starting.
[14:00:41.686] [INFO   ] thread player 0 starting.
[14:00:41.687] [INFO   ] thread player 1 starting.
[14:00:41.686] [INFO   ] thread player 3 starting.
[14:00:41.686] [INFO   ] thread player 2 starting.
[14:00:41.688] [INFO   ] thread computer-1 starting.
[14:00:41.688] [INFO   ] thread computer-0 starting.
[14:00:41.695] [INFO   ] thread computer-2 starting.
[14:00:41.695] [INFO   ] thread computer-3 starting.
[14:00:41.798] [SEVERE ] placing card 53 in slot 0
[14:00:41.902] [SEVERE ] placing card 31 in slot 1
[14:00:42.017] [SEVERE ] placing card 45 in slot 2
[14:00:42.119] [SEVERE ] placing card 76 in slot 3
[14:00:42.223] [SEVERE ] placing card 39 in slot 4
[14:00:42.332] [SEVERE ] placing card 75 in slot 5
[14:00:42.435] [SEVERE ] placing card 8 in slot 6
[14:00:42.537] [SEVERE ] placing card 25 in slot 7
[14:00:42.649] [SEVERE ] placing card 7 in slot 8
[14:00:42.759] [SEVERE ] placing card 55 in slot 9
[14:00:42.870] [SEVERE ] placing card 51 in slot 10
[14:00:42.983] [SEVERE ] placing card 2 in slot 11
[14:00:43.989] [SEVERE ] updating countdown to 59000
[14:00:44.069] [SEVERE ] player 2 placing token on slot 1
[14:00:44.069] [SEVERE ] player 1 placing token on slot 11
[14:00:44.072] [SEVERE ] player 4 placing token on slot 3
[14:00:44.072] [SEVERE ] player 3 placing token on slot 1
[14:00:44.181] [SEVERE ] removing player 4 token from slot 3
[14:00:44.181] [SEVERE ] player 1 placing token on slot 2
[14:00:44.181] [SEVERE ] player 2 placing token on slot 0
[14:00:44.186] [SEVERE ] player 3 placing token on slot 0
[14:00:44.291] [SEVERE ] player 3 placing token on slot 4
[14:00:44.291] [SEVERE ] setting player 3 freeze to 3000
[14:00:45.009] [SEVERE ] updating countdown to 58000
[14:00:45.295] [SEVERE ] setting player 3 freeze to 2000
[14:00:46.013] [SEVERE ] updating countdown to 57000
[14:00:46.299] [SEVERE ] setting player 3 freeze to 1000
[14:00:47.013] [SEVERE ] updating countdown to 56000
[14:00:47.314] [SEVERE ] setting player 3 freeze to 0
[14:00:47.314] [SEVERE ] player 4 placing token on slot 7
[14:00:47.315] [SEVERE ] player 2 placing token on slot 10
[14:00:47.317] [SEVERE ] setting player 2 freeze to 3000
[14:00:48.013] [SEVERE ] updating countdown to 55000
[14:00:48.333] [SEVERE ] setting player 2 freeze to 2000
[14:00:49.020] [SEVERE ] updating countdown to 54000
[14:00:49.337] [SEVERE ] setting player 2 freeze to 1000
[14:00:50.021] [SEVERE ] updating countdown to 53000
[14:00:50.341] [SEVERE ] setting player 2 freeze to 0
[14:00:50.341] [SEVERE ] removing player 1 token from slot 11
[14:00:50.341] [SEVERE ] removing player 3 token from slot 0
[14:00:50.341] [SEVERE ] player 4 placing token on slot 2
[14:00:50.453] [SEVERE ] player 3 placing token on slot 8
[14:00:50.453] [SEVERE ] setting player 3 freeze to 3000
[14:00:51.025] [SEVERE ] updating countdown to 52000
[14:00:51.455] [SEVERE ] setting player 3 freeze to 2000
[14:00:52.043] [SEVERE ] updating countdown to 51000
[14:00:52.464] [SEVERE ] setting player 3 freeze to 1000
[14:00:53.045] [SEVERE ] updating countdown to 50000
[14:00:53.481] [SEVERE ] setting player 3 freeze to 0
[14:00:53.485] [SEVERE ] removing player 1 token from slot 2
[14:00:53.487] [SEVERE ] player 4 placing token on slot 1
[14:00:53.487] [SEVERE ] setting player 4 freeze to 3000
