[15:09:38.786] [INFO   ] thread main starting.
[15:09:38.808] [SEVERE ] cannot read configuration file config.properties trying from resources.
[15:09:38.816] [SEVERE ] configuration file was loaded from resources directory.
[15:09:39.607] [INFO   ] thread dealer starting.
[15:09:39.610] [INFO   ] thread player 0 starting.
[15:09:39.613] [INFO   ] thread dealer starting.
[15:09:39.613] [INFO   ] thread player 0 starting.
[15:09:39.724] [SEVERE ] placing card 8 in slot 0
[15:09:39.834] [SEVERE ] placing card 25 in slot 1
[15:09:39.940] [SEVERE ] placing card 63 in slot 2
[15:09:40.046] [SEVERE ] placing card 66 in slot 3
[15:09:40.152] [SEVERE ] placing card 19 in slot 4
[15:09:40.259] [SEVERE ] placing card 60 in slot 5
[15:09:40.368] [SEVERE ] placing card 49 in slot 6
[15:09:40.474] [SEVERE ] placing card 9 in slot 7
[15:09:40.581] [SEVERE ] placing card 42 in slot 8
[15:09:40.694] [SEVERE ] placing card 50 in slot 9
[15:09:40.806] [SEVERE ] placing card 10 in slot 10
[15:09:40.907] [SEVERE ] placing card 21 in slot 11
[15:09:41.946] [SEVERE ] updating countdown to 59000
[15:09:42.956] [SEVERE ] updating countdown to 58000
[15:09:43.971] [SEVERE ] updating countdown to 57000
[15:09:44.416] [SEVERE ] key 81 was pressed by player 1
[15:09:44.421] [SEVERE ] player 1 placing token on slot 0
[15:09:44.980] [SEVERE ] updating countdown to 56000
[15:09:45.688] [SEVERE ] key 86 was pressed by player 1
[15:09:45.688] [SEVERE ] player 1 placing token on slot 11
[15:09:45.986] [SEVERE ] updating countdown to 55000
[15:09:46.476] [SEVERE ] key 67 was pressed by player 1
[15:09:46.476] [SEVERE ] player 1 placing token on slot 10
[15:09:46.997] [SEVERE ] updating countdown to 54000
[15:09:46.997] [SEVERE ] removing player 1 token from slot 0
[15:09:47.101] [SEVERE ] removing card from slot 0
[15:09:47.101] [SEVERE ] removing player 1 token from slot 11
[15:09:47.208] [SEVERE ] removing card from slot 11
[15:09:47.208] [SEVERE ] removing player 1 token from slot 10
[15:09:47.322] [SEVERE ] removing card from slot 10
[15:09:47.436] [SEVERE ] placing card 17 in slot 0
[15:09:47.551] [SEVERE ] placing card 57 in slot 10
[15:09:47.661] [SEVERE ] placing card 14 in slot 11
[15:09:48.676] [SEVERE ] updating countdown to 53000
[15:09:49.725] [SEVERE ] updating countdown to 52000
[15:09:50.733] [SEVERE ] updating countdown to 51000
[15:09:51.756] [SEVERE ] updating countdown to 50000
[15:09:52.762] [SEVERE ] updating countdown to 49000
[15:09:53.763] [SEVERE ] updating countdown to 48000
