[20:20:29.498] [INFO   ] thread main starting.
[20:20:29.512] [SEVERE ] cannot read configuration file config.properties trying from resources.
[20:20:29.514] [SEVERE ] configuration file was loaded from resources directory.
[20:20:30.199] [INFO   ] thread dealer starting.
[20:20:30.259] [INFO   ] thread player 0 starting.
[20:20:30.261] [INFO   ] thread player 1 starting.
[20:20:30.261] [INFO   ] thread dealer starting.
[20:20:30.281] [INFO   ] thread player 1 starting.
[20:20:30.281] [INFO   ] thread player 0 starting.
[20:20:30.402] [SEVERE ] placing card 15 in slot 0
[20:20:30.512] [SEVERE ] placing card 46 in slot 1
[20:20:30.621] [SEVERE ] placing card 21 in slot 2
[20:20:30.729] [SEVERE ] placing card 51 in slot 3
[20:20:30.838] [SEVERE ] placing card 76 in slot 4
[20:20:30.947] [SEVERE ] placing card 11 in slot 5
[20:20:31.055] [SEVERE ] placing card 75 in slot 6
[20:20:31.164] [SEVERE ] placing card 14 in slot 7
[20:20:31.273] [SEVERE ] placing card 59 in slot 8
[20:20:31.380] [SEVERE ] placing card 32 in slot 9
[20:20:31.490] [SEVERE ] placing card 74 in slot 10
[20:20:31.599] [SEVERE ] placing card 52 in slot 11
[20:20:32.610] [SEVERE ] updating countdown to 59000
[20:20:33.616] [SEVERE ] updating countdown to 58000
[20:20:34.626] [SEVERE ] updating countdown to 57000
[20:20:35.643] [SEVERE ] updating countdown to 56000
[20:20:36.651] [SEVERE ] updating countdown to 55000
[20:20:36.784] [SEVERE ] key 80 was pressed by player 2
[20:20:36.785] [SEVERE ] player 2 placing token on slot 3
[20:20:36.855] [SEVERE ] key 79 was pressed by player 2
[20:20:36.856] [SEVERE ] player 2 placing token on slot 2
[20:20:37.001] [SEVERE ] key 82 was pressed by player 1
[20:20:37.001] [SEVERE ] player 1 placing token on slot 3
[20:20:37.348] [SEVERE ] key 75 was pressed by player 2
[20:20:37.349] [SEVERE ] player 2 placing token on slot 5
[20:20:37.351] [SEVERE ] setting player 2 freeze to 3000
[20:20:37.371] [SEVERE ] key 70 was pressed by player 1
[20:20:37.372] [SEVERE ] player 1 placing token on slot 7
[20:20:37.667] [SEVERE ] updating countdown to 54000
[20:20:37.741] [SEVERE ] key 83 was pressed by player 1
[20:20:37.741] [SEVERE ] player 1 placing token on slot 5
[20:20:37.742] [SEVERE ] setting player 1 freeze to 3000
[20:20:37.958] [SEVERE ] key 80 was pressed by player 2
[20:20:38.158] [SEVERE ] key 87 was pressed by player 1
[20:20:38.242] [SEVERE ] key 80 was pressed by player 2
[20:20:38.359] [SEVERE ] setting player 2 freeze to 2000
[20:20:38.421] [SEVERE ] key 68 was pressed by player 1
[20:20:38.669] [SEVERE ] key 83 was pressed by player 1
[20:20:38.670] [SEVERE ] updating countdown to 53000
[20:20:38.725] [SEVERE ] key 67 was pressed by player 1
[20:20:38.747] [SEVERE ] setting player 1 freeze to 2000
[20:20:39.020] [SEVERE ] key 76 was pressed by player 2
[20:20:39.367] [SEVERE ] setting player 2 freeze to 1000
[20:20:39.409] [SEVERE ] key 83 was pressed by player 1
[20:20:39.613] [SEVERE ] key 83 was pressed by player 1
[20:20:39.624] [SEVERE ] key 59 was pressed by player 2
[20:20:39.676] [SEVERE ] updating countdown to 52000
[20:20:39.753] [SEVERE ] setting player 1 freeze to 1000
[20:20:40.084] [SEVERE ] key 68 was pressed by player 1
[20:20:40.217] [SEVERE ] key 76 was pressed by player 2
[20:20:40.377] [SEVERE ] setting player 2 freeze to 0
[20:20:40.445] [SEVERE ] key 83 was pressed by player 1
[20:20:40.684] [SEVERE ] updating countdown to 51000
[20:20:40.761] [SEVERE ] setting player 1 freeze to 0
[20:20:41.176] [SEVERE ] key 83 was pressed by player 1
[20:20:41.176] [SEVERE ] removing player 1 token from slot 5
[20:20:41.444] [SEVERE ] key 76 was pressed by player 2
[20:20:41.696] [SEVERE ] updating countdown to 50000
[20:20:41.768] [SEVERE ] key 80 was pressed by player 2
[20:20:41.769] [SEVERE ] removing player 2 token from slot 3
[20:20:42.036] [SEVERE ] key 79 was pressed by player 2
[20:20:42.037] [SEVERE ] removing player 2 token from slot 2
[20:20:42.240] [SEVERE ] key 82 was pressed by player 1
[20:20:42.240] [SEVERE ] removing player 1 token from slot 3
[20:20:42.711] [SEVERE ] updating countdown to 49000
[20:20:43.387] [SEVERE ] key 65 was pressed by player 1
[20:20:43.387] [SEVERE ] player 1 placing token on slot 4
[20:20:43.719] [SEVERE ] updating countdown to 48000
[20:20:43.773] [SEVERE ] key 65 was pressed by player 1
[20:20:43.773] [SEVERE ] removing player 1 token from slot 4
[20:20:43.957] [SEVERE ] key 83 was pressed by player 1
[20:20:43.958] [SEVERE ] player 1 placing token on slot 5
[20:20:44.542] [SEVERE ] key 83 was pressed by player 1
[20:20:44.543] [SEVERE ] removing player 1 token from slot 5
[20:20:44.732] [SEVERE ] updating countdown to 47000
[20:20:44.994] [SEVERE ] key 76 was pressed by player 2
[20:20:44.994] [SEVERE ] player 2 placing token on slot 6
[20:20:45.326] [SEVERE ] key 76 was pressed by player 2
[20:20:45.326] [SEVERE ] removing player 2 token from slot 6
[20:20:45.588] [SEVERE ] key 59 was pressed by player 2
[20:20:45.589] [SEVERE ] player 2 placing token on slot 7
[20:20:45.746] [SEVERE ] updating countdown to 46000
[20:20:46.071] [SEVERE ] key 75 was pressed by player 2
[20:20:46.071] [SEVERE ] removing player 2 token from slot 5
[20:20:46.708] [SEVERE ] key 59 was pressed by player 2
[20:20:46.709] [SEVERE ] removing player 2 token from slot 7
[20:20:46.757] [SEVERE ] updating countdown to 45000
[20:20:47.765] [SEVERE ] key 70 was pressed by player 1
[20:20:47.765] [SEVERE ] removing player 1 token from slot 7
[20:20:47.769] [SEVERE ] updating countdown to 44000
[20:20:48.779] [SEVERE ] updating countdown to 43000
[20:20:49.792] [SEVERE ] updating countdown to 42000
[20:20:50.079] [SEVERE ] key 87 was pressed by player 1
[20:20:50.079] [SEVERE ] player 1 placing token on slot 1
[20:20:50.576] [SEVERE ] key 85 was pressed by player 2
[20:20:50.577] [SEVERE ] player 2 placing token on slot 0
[20:20:50.804] [SEVERE ] updating countdown to 41000
[20:20:50.969] [SEVERE ] key 85 was pressed by player 2
[20:20:50.969] [SEVERE ] removing player 2 token from slot 0
[20:20:51.652] [SEVERE ] key 73 was pressed by player 2
[20:20:51.653] [SEVERE ] player 2 placing token on slot 1
[20:20:51.815] [SEVERE ] updating countdown to 40000
[20:20:52.826] [SEVERE ] updating countdown to 39000
[20:20:53.836] [SEVERE ] updating countdown to 38000
[20:20:54.850] [SEVERE ] updating countdown to 37000
[20:20:55.856] [SEVERE ] updating countdown to 36000
[20:20:55.915] [SEVERE ] key 90 was pressed by player 1
[20:20:55.915] [SEVERE ] player 1 placing token on slot 8
[20:20:56.864] [SEVERE ] updating countdown to 35000
[20:20:57.241] [SEVERE ] key 77 was pressed by player 2
[20:20:57.242] [SEVERE ] player 2 placing token on slot 8
[20:20:57.874] [SEVERE ] updating countdown to 34000
[20:20:58.877] [SEVERE ] updating countdown to 33000
[20:20:59.329] [SEVERE ] key 81 was pressed by player 1
[20:20:59.329] [SEVERE ] player 1 placing token on slot 0
[20:20:59.473] [SEVERE ] key 85 was pressed by player 2
[20:20:59.474] [SEVERE ] player 2 placing token on slot 0
[20:20:59.886] [SEVERE ] setting player 2 score to 1
[20:20:59.887] [SEVERE ] setting player 2 freeze to 1000
[20:20:59.888] [SEVERE ] updating countdown to 32000
[20:20:59.888] [SEVERE ] removing player 1 token from slot 1
[20:20:59.888] [SEVERE ] removing player 2 token from slot 1
[20:20:59.996] [SEVERE ] removing card from slot 1
[20:20:59.996] [SEVERE ] removing player 1 token from slot 8
[20:20:59.996] [SEVERE ] removing player 2 token from slot 8
[20:21:00.104] [SEVERE ] removing card from slot 8
[20:21:00.104] [SEVERE ] removing player 1 token from slot 0
[20:21:00.104] [SEVERE ] removing player 2 token from slot 0
[20:21:00.212] [SEVERE ] removing card from slot 0
[20:21:00.320] [SEVERE ] placing card 7 in slot 0
[20:21:00.430] [SEVERE ] placing card 28 in slot 1
[20:21:00.539] [SEVERE ] placing card 10 in slot 8
[20:21:00.898] [SEVERE ] setting player 2 freeze to 0
[20:21:01.913] [SEVERE ] updating countdown to 60000
[20:21:02.923] [SEVERE ] updating countdown to 59000
[20:21:03.193] [SEVERE ] key 81 was pressed by player 1
[20:21:03.193] [SEVERE ] player 1 placing token on slot 0
[20:21:03.469] [SEVERE ] key 85 was pressed by player 2
[20:21:03.469] [SEVERE ] player 2 placing token on slot 0
[20:21:03.824] [SEVERE ] key 87 was pressed by player 1
[20:21:03.824] [SEVERE ] player 1 placing token on slot 1
[20:21:03.934] [SEVERE ] updating countdown to 58000
[20:21:04.065] [SEVERE ] key 79 was pressed by player 2
[20:21:04.065] [SEVERE ] player 2 placing token on slot 2
[20:21:04.366] [SEVERE ] key 68 was pressed by player 1
[20:21:04.366] [SEVERE ] player 1 placing token on slot 6
[20:21:04.366] [SEVERE ] setting player 1 freeze to 3000
[20:21:04.486] [SEVERE ] key 80 was pressed by player 2
[20:21:04.486] [SEVERE ] player 2 placing token on slot 3
[20:21:04.486] [SEVERE ] setting player 2 freeze to 3000
[20:21:04.589] [SEVERE ] key 79 was pressed by player 2
[20:21:04.864] [SEVERE ] key 67 was pressed by player 1
[20:21:04.943] [SEVERE ] updating countdown to 57000
[20:21:05.099] [SEVERE ] key 74 was pressed by player 2
[20:21:05.284] [SEVERE ] key 88 was pressed by player 1
[20:21:05.317] [SEVERE ] key 67 was pressed by player 1
[20:21:05.376] [SEVERE ] setting player 1 freeze to 2000
[20:21:05.433] [SEVERE ] key 75 was pressed by player 2
[20:21:05.500] [SEVERE ] setting player 2 freeze to 2000
[20:21:05.955] [SEVERE ] updating countdown to 56000
[20:21:06.376] [SEVERE ] setting player 1 freeze to 1000
[20:21:06.501] [SEVERE ] setting player 2 freeze to 1000
[20:21:06.971] [SEVERE ] updating countdown to 55000
[20:21:07.390] [SEVERE ] setting player 1 freeze to 0
[20:21:07.515] [SEVERE ] setting player 2 freeze to 0
[20:21:07.980] [SEVERE ] updating countdown to 54000
[20:21:08.993] [SEVERE ] updating countdown to 53000
[20:21:10.010] [SEVERE ] updating countdown to 52000
[20:21:10.168] [SEVERE ] key 81 was pressed by player 1
[20:21:10.168] [SEVERE ] removing player 1 token from slot 0
[20:21:10.416] [SEVERE ] key 80 was pressed by player 2
[20:21:10.416] [SEVERE ] removing player 2 token from slot 3
[20:21:10.614] [SEVERE ] key 79 was pressed by player 2
[20:21:10.614] [SEVERE ] removing player 2 token from slot 2
[20:21:10.772] [SEVERE ] key 87 was pressed by player 1
[20:21:10.772] [SEVERE ] removing player 1 token from slot 1
[20:21:11.021] [SEVERE ] updating countdown to 51000
[20:21:11.126] [SEVERE ] key 75 was pressed by player 2
[20:21:11.127] [SEVERE ] player 2 placing token on slot 5
[20:21:11.493] [SEVERE ] key 75 was pressed by player 2
[20:21:11.494] [SEVERE ] removing player 2 token from slot 5
[20:21:11.804] [SEVERE ] key 76 was pressed by player 2
[20:21:11.804] [SEVERE ] player 2 placing token on slot 6
[20:21:12.030] [SEVERE ] updating countdown to 50000
[20:21:12.205] [SEVERE ] key 76 was pressed by player 2
[20:21:12.205] [SEVERE ] removing player 2 token from slot 6
[20:21:12.996] [SEVERE ] key 81 was pressed by player 1
[20:21:12.997] [SEVERE ] player 1 placing token on slot 0
[20:21:13.043] [SEVERE ] updating countdown to 49000
[20:21:13.795] [SEVERE ] key 81 was pressed by player 1
[20:21:13.795] [SEVERE ] removing player 1 token from slot 0
[20:21:14.051] [SEVERE ] updating countdown to 48000
[20:21:14.480] [SEVERE ] key 68 was pressed by player 1
[20:21:14.480] [SEVERE ] removing player 1 token from slot 6
[20:21:15.058] [SEVERE ] updating countdown to 47000
[20:21:16.017] [SEVERE ] key 85 was pressed by player 2
[20:21:16.017] [SEVERE ] removing player 2 token from slot 0
[20:21:16.071] [SEVERE ] updating countdown to 46000
[20:21:17.076] [SEVERE ] updating countdown to 45000
[20:21:18.086] [SEVERE ] updating countdown to 44000
[20:21:19.098] [SEVERE ] updating countdown to 43000
[20:21:19.864] [SEVERE ] key 69 was pressed by player 1
[20:21:19.864] [SEVERE ] player 1 placing token on slot 2
[20:21:20.101] [SEVERE ] updating countdown to 42000
[20:21:20.723] [SEVERE ] key 73 was pressed by player 2
[20:21:20.723] [SEVERE ] player 2 placing token on slot 1
[20:21:21.089] [SEVERE ] key 73 was pressed by player 2
[20:21:21.089] [SEVERE ] removing player 2 token from slot 1
[20:21:21.115] [SEVERE ] updating countdown to 41000
[20:21:21.259] [SEVERE ] key 79 was pressed by player 2
[20:21:21.259] [SEVERE ] player 2 placing token on slot 2
[20:21:22.125] [SEVERE ] updating countdown to 40000
[20:21:23.058] [SEVERE ] key 83 was pressed by player 1
[20:21:23.058] [SEVERE ] player 1 placing token on slot 5
[20:21:23.135] [SEVERE ] updating countdown to 39000
[20:21:24.023] [SEVERE ] key 74 was pressed by player 2
[20:21:24.023] [SEVERE ] player 2 placing token on slot 4
[20:21:24.139] [SEVERE ] updating countdown to 38000
[20:21:24.379] [SEVERE ] key 74 was pressed by player 2
[20:21:24.379] [SEVERE ] removing player 2 token from slot 4
[20:21:24.571] [SEVERE ] key 75 was pressed by player 2
[20:21:24.571] [SEVERE ] player 2 placing token on slot 5
[20:21:25.151] [SEVERE ] updating countdown to 37000
[20:21:26.165] [SEVERE ] updating countdown to 36000
[20:21:27.049] [SEVERE ] key 81 was pressed by player 1
[20:21:27.049] [SEVERE ] player 1 placing token on slot 0
[20:21:27.172] [SEVERE ] setting player 1 score to 1
[20:21:27.174] [SEVERE ] setting player 1 freeze to 1000
[20:21:27.174] [SEVERE ] updating countdown to 35000
[20:21:27.174] [SEVERE ] removing player 1 token from slot 2
[20:21:27.174] [SEVERE ] removing player 2 token from slot 2
[20:21:27.280] [SEVERE ] removing card from slot 2
[20:21:27.280] [SEVERE ] removing player 1 token from slot 5
[20:21:27.280] [SEVERE ] removing player 2 token from slot 5
[20:21:27.289] [SEVERE ] key 85 was pressed by player 2
[20:21:27.289] [SEVERE ] player 2 placing token on slot 0
[20:21:27.389] [SEVERE ] removing card from slot 5
[20:21:27.389] [SEVERE ] removing player 1 token from slot 0
[20:21:27.389] [SEVERE ] removing player 2 token from slot 0
[20:21:27.498] [SEVERE ] removing card from slot 0
[20:21:27.607] [SEVERE ] placing card 57 in slot 0
[20:21:27.716] [SEVERE ] placing card 37 in slot 2
[20:21:27.827] [SEVERE ] placing card 12 in slot 5
[20:21:28.187] [SEVERE ] setting player 1 freeze to 0
[20:21:29.198] [SEVERE ] updating countdown to 60000
[20:21:29.444] [SEVERE ] key 85 was pressed by player 2
[20:21:29.446] [SEVERE ] player 2 placing token on slot 0
[20:21:30.113] [SEVERE ] key 69 was pressed by player 1
[20:21:30.113] [SEVERE ] player 1 placing token on slot 2
[20:21:30.206] [SEVERE ] updating countdown to 59000
[20:21:30.278] [SEVERE ] key 85 was pressed by player 2
[20:21:30.278] [SEVERE ] removing player 2 token from slot 0
[20:21:30.593] [SEVERE ] key 73 was pressed by player 2
[20:21:30.593] [SEVERE ] player 2 placing token on slot 1
[20:21:30.874] [SEVERE ] key 68 was pressed by player 1
[20:21:30.875] [SEVERE ] player 1 placing token on slot 6
[20:21:31.024] [SEVERE ] key 80 was pressed by player 2
[20:21:31.025] [SEVERE ] player 2 placing token on slot 3
[20:21:31.217] [SEVERE ] updating countdown to 58000
[20:21:31.357] [SEVERE ] key 75 was pressed by player 2
[20:21:31.358] [SEVERE ] player 2 placing token on slot 5
[20:21:31.358] [SEVERE ] setting player 2 freeze to 3000
[20:21:31.414] [SEVERE ] key 87 was pressed by player 1
[20:21:31.415] [SEVERE ] player 1 placing token on slot 1
[20:21:31.415] [SEVERE ] setting player 1 freeze to 3000
[20:21:31.973] [SEVERE ] key 67 was pressed by player 1
[20:21:32.229] [SEVERE ] updating countdown to 57000
[20:21:32.367] [SEVERE ] setting player 2 freeze to 2000
[20:21:32.429] [SEVERE ] setting player 1 freeze to 2000
[20:21:33.241] [SEVERE ] updating countdown to 56000
[20:21:33.379] [SEVERE ] setting player 2 freeze to 1000
[20:21:33.441] [SEVERE ] setting player 1 freeze to 1000
[20:21:34.251] [SEVERE ] updating countdown to 55000
[20:21:34.394] [SEVERE ] setting player 2 freeze to 0
[20:21:34.449] [SEVERE ] setting player 1 freeze to 0
[20:21:35.259] [SEVERE ] updating countdown to 54000
[20:21:36.273] [SEVERE ] updating countdown to 53000
[20:21:37.287] [SEVERE ] updating countdown to 52000
[20:21:38.299] [SEVERE ] updating countdown to 51000
[20:21:39.266] [SEVERE ] exit button pressed
[20:21:39.306] [SEVERE ] updating countdown to 50000
[20:21:40.313] [SEVERE ] updating countdown to 49000
[20:21:41.325] [SEVERE ] updating countdown to 48000
[20:21:42.337] [SEVERE ] updating countdown to 47000
[20:21:43.352] [SEVERE ] updating countdown to 46000
[20:21:44.361] [SEVERE ] updating countdown to 45000
[20:21:45.370] [SEVERE ] updating countdown to 44000
