[10:48:15.411] [INFO   ] thread main starting.
[10:48:15.414] [SEVERE ] cannot read configuration file config.properties trying from resources.
[10:48:15.414] [SEVERE ] configuration file was loaded from resources directory.
[10:48:15.934] [INFO   ] thread dealer starting.
[10:48:15.935] [INFO   ] thread player 0 starting.
[10:48:15.935] [INFO   ] thread player 1 starting.
[10:48:15.936] [INFO   ] thread player 0 starting.
[10:48:15.936] [INFO   ] thread player 2 starting.
[10:48:15.936] [INFO   ] thread player 3 starting.
[10:48:15.942] [INFO   ] thread dealer starting.
[10:48:15.943] [INFO   ] thread computer-0 starting.
[10:48:15.949] [INFO   ] thread player 2 starting.
[10:48:15.943] [INFO   ] thread player 1 starting.
[10:48:15.949] [INFO   ] thread player 3 starting.
[10:48:15.949] [INFO   ] thread computer-1 starting.
[10:48:15.949] [INFO   ] thread computer-2 starting.
[10:48:15.949] [INFO   ] thread computer-3 starting.
[10:48:16.059] [SEVERE ] placing card 49 in slot 0
[10:48:16.175] [SEVERE ] placing card 41 in slot 1
[10:48:16.277] [SEVERE ] placing card 47 in slot 2
[10:48:16.392] [SEVERE ] placing card 56 in slot 3
[10:48:16.494] [SEVERE ] placing card 31 in slot 4
[10:48:16.609] [SEVERE ] placing card 59 in slot 5
[10:48:16.710] [SEVERE ] placing card 67 in slot 6
[10:48:16.814] [SEVERE ] placing card 48 in slot 7
[10:48:16.921] [SEVERE ] placing card 63 in slot 8
[10:48:17.032] [SEVERE ] placing card 12 in slot 9
[10:48:17.143] [SEVERE ] placing card 38 in slot 10
[10:48:17.254] [SEVERE ] placing card 60 in slot 11
[10:48:18.255] [SEVERE ] updating countdown to 59000
[10:48:19.269] [SEVERE ] updating countdown to 58000
[10:48:20.277] [SEVERE ] updating countdown to 57000
[10:48:21.280] [SEVERE ] updating countdown to 56000
[10:48:22.286] [SEVERE ] updating countdown to 55000
[10:48:23.289] [SEVERE ] updating countdown to 54000
[10:48:24.296] [SEVERE ] updating countdown to 53000
[10:48:24.600] [SEVERE ] key 81 was pressed by player 1
[10:48:24.600] [SEVERE ] player 1 placing token on slot 0
[10:48:24.709] [SEVERE ] player 1 placing token on slot 3
[10:48:25.306] [SEVERE ] updating countdown to 52000
[10:48:26.314] [SEVERE ] updating countdown to 51000
[10:48:26.970] [SEVERE ] key 81 was pressed by player 1
[10:48:26.974] [SEVERE ] removing player 1 token from slot 0
[10:48:27.091] [SEVERE ] player 1 placing token on slot 4
[10:48:27.320] [SEVERE ] updating countdown to 50000
[10:48:28.134] [SEVERE ] key 81 was pressed by player 1
[10:48:28.138] [SEVERE ] player 1 placing token on slot 0
[10:48:28.138] [SEVERE ] setting player 1 freeze to 3000
[10:48:28.323] [SEVERE ] updating countdown to 49000
[10:48:29.151] [SEVERE ] setting player 1 freeze to 2000
[10:48:29.325] [SEVERE ] updating countdown to 48000
[10:48:29.544] [SEVERE ] key 81 was pressed by player 1
[10:48:30.169] [SEVERE ] setting player 1 freeze to 1000
[10:48:30.217] [SEVERE ] key 81 was pressed by player 1
[10:48:30.329] [SEVERE ] updating countdown to 47000
[10:48:30.454] [SEVERE ] key 81 was pressed by player 1
[10:48:30.760] [SEVERE ] key 81 was pressed by player 1
[10:48:31.177] [SEVERE ] setting player 1 freeze to 0
[10:48:31.341] [SEVERE ] updating countdown to 46000
[10:48:32.351] [SEVERE ] updating countdown to 45000
[10:48:33.353] [SEVERE ] updating countdown to 44000
[10:48:34.356] [SEVERE ] updating countdown to 43000
