[16:08:00.923] [INFO   ] thread main starting.
[16:08:00.949] [SEVERE ] cannot read configuration file config.properties trying from resources.
[16:08:00.954] [SEVERE ] configuration file was loaded from resources directory.
[16:08:01.989] [INFO   ] thread dealer starting.
[16:08:01.991] [INFO   ] thread player 0 starting.
[16:08:01.993] [INFO   ] thread dealer starting.
[16:08:01.994] [INFO   ] thread player 0 starting.
[16:08:02.118] [SEVERE ] placing card 3 in slot 0
[16:08:02.225] [SEVERE ] placing card 75 in slot 1
[16:08:02.334] [SEVERE ] placing card 74 in slot 2
[16:08:02.442] [SEVERE ] placing card 68 in slot 3
[16:08:02.551] [SEVERE ] placing card 4 in slot 4
[16:08:02.660] [SEVERE ] placing card 60 in slot 5
[16:08:02.769] [SEVERE ] placing card 18 in slot 6
[16:08:02.878] [SEVERE ] placing card 5 in slot 7
[16:08:02.986] [SEVERE ] placing card 21 in slot 8
[16:08:03.095] [SEVERE ] placing card 73 in slot 9
[16:08:03.204] [SEVERE ] placing card 36 in slot 10
[16:08:03.313] [SEVERE ] placing card 31 in slot 11
[16:08:04.326] [SEVERE ] updating countdown to 59000
[16:08:04.673] [SEVERE ] key 81 was pressed by player 1
[16:08:04.674] [SEVERE ] player 1 placing token on slot 0
[16:08:04.895] [SEVERE ] key 87 was pressed by player 1
[16:08:04.897] [SEVERE ] player 1 placing token on slot 1
[16:08:05.334] [SEVERE ] updating countdown to 58000
[16:08:06.033] [SEVERE ] key 83 was pressed by player 1
[16:08:06.034] [SEVERE ] player 1 placing token on slot 5
[16:08:06.036] [SEVERE ] setting player 1 freeze to 3000
[16:08:06.246] [SEVERE ] key 83 was pressed by player 1
[16:08:06.347] [SEVERE ] updating countdown to 57000
[16:08:06.407] [SEVERE ] key 83 was pressed by player 1
[16:08:06.747] [SEVERE ] key 83 was pressed by player 1
[16:08:06.928] [SEVERE ] key 83 was pressed by player 1
[16:08:07.048] [SEVERE ] setting player 1 freeze to 2000
[16:08:07.083] [SEVERE ] key 83 was pressed by player 1
[16:08:07.359] [SEVERE ] updating countdown to 56000
[16:08:07.884] [SEVERE ] key 83 was pressed by player 1
[16:08:08.016] [SEVERE ] key 83 was pressed by player 1
[16:08:08.060] [SEVERE ] setting player 1 freeze to 1000
[16:08:08.143] [SEVERE ] key 83 was pressed by player 1
[16:08:08.370] [SEVERE ] updating countdown to 55000
[16:08:09.018] [SEVERE ] key 83 was pressed by player 1
[16:08:09.068] [SEVERE ] setting player 1 freeze to 0
[16:08:09.378] [SEVERE ] updating countdown to 54000
[16:08:09.522] [SEVERE ] key 83 was pressed by player 1
[16:08:09.522] [SEVERE ] removing player 1 token from slot 5
[16:08:09.684] [SEVERE ] key 68 was pressed by player 1
[16:08:09.684] [SEVERE ] player 1 placing token on slot 6
[16:08:09.686] [SEVERE ] setting player 1 freeze to 3000
[16:08:10.099] [SEVERE ] key 68 was pressed by player 1
[16:08:10.231] [SEVERE ] key 68 was pressed by player 1
[16:08:10.371] [SEVERE ] key 68 was pressed by player 1
[16:08:10.389] [SEVERE ] updating countdown to 53000
[16:08:10.502] [SEVERE ] key 68 was pressed by player 1
[16:08:10.633] [SEVERE ] key 68 was pressed by player 1
[16:08:10.700] [SEVERE ] setting player 1 freeze to 2000
[16:08:10.755] [SEVERE ] key 68 was pressed by player 1
[16:08:10.887] [SEVERE ] key 68 was pressed by player 1
[16:08:11.401] [SEVERE ] updating countdown to 52000
[16:08:11.664] [SEVERE ] key 68 was pressed by player 1
[16:08:11.713] [SEVERE ] setting player 1 freeze to 1000
[16:08:11.793] [SEVERE ] key 68 was pressed by player 1
[16:08:11.919] [SEVERE ] key 68 was pressed by player 1
[16:08:12.037] [SEVERE ] key 68 was pressed by player 1
[16:08:12.169] [SEVERE ] key 68 was pressed by player 1
[16:08:12.291] [SEVERE ] key 68 was pressed by player 1
[16:08:12.403] [SEVERE ] updating countdown to 51000
[16:08:12.415] [SEVERE ] key 68 was pressed by player 1
[16:08:12.528] [SEVERE ] key 68 was pressed by player 1
[16:08:12.716] [SEVERE ] setting player 1 freeze to 0
[16:08:13.139] [SEVERE ] key 68 was pressed by player 1
[16:08:13.140] [SEVERE ] removing player 1 token from slot 6
[16:08:13.300] [SEVERE ] key 68 was pressed by player 1
[16:08:13.301] [SEVERE ] player 1 placing token on slot 6
[16:08:13.302] [SEVERE ] setting player 1 freeze to 3000
[16:08:13.407] [SEVERE ] updating countdown to 50000
[16:08:13.710] [SEVERE ] key 68 was pressed by player 1
[16:08:13.813] [SEVERE ] key 68 was pressed by player 1
[16:08:13.948] [SEVERE ] key 68 was pressed by player 1
[16:08:14.081] [SEVERE ] key 68 was pressed by player 1
[16:08:14.212] [SEVERE ] key 68 was pressed by player 1
[16:08:14.309] [SEVERE ] setting player 1 freeze to 2000
[16:08:14.343] [SEVERE ] key 68 was pressed by player 1
[16:08:14.418] [SEVERE ] updating countdown to 49000
[16:08:14.480] [SEVERE ] key 68 was pressed by player 1
[16:08:14.616] [SEVERE ] key 68 was pressed by player 1
[16:08:14.747] [SEVERE ] key 68 was pressed by player 1
[16:08:14.865] [SEVERE ] key 68 was pressed by player 1
[16:08:14.999] [SEVERE ] key 68 was pressed by player 1
[16:08:15.127] [SEVERE ] key 68 was pressed by player 1
[16:08:15.263] [SEVERE ] key 68 was pressed by player 1
[16:08:15.322] [SEVERE ] setting player 1 freeze to 1000
[16:08:15.405] [SEVERE ] key 68 was pressed by player 1
[16:08:15.430] [SEVERE ] updating countdown to 48000
[16:08:15.573] [SEVERE ] key 68 was pressed by player 1
[16:08:16.335] [SEVERE ] setting player 1 freeze to 0
[16:08:16.445] [SEVERE ] updating countdown to 47000
[16:08:17.455] [SEVERE ] updating countdown to 46000
[16:08:18.463] [SEVERE ] updating countdown to 45000
