[15:31:51.726] [INFO   ] thread main starting.
[15:31:51.735] [SEVERE ] cannot read configuration file config.properties trying from resources.
[15:31:51.738] [SEVERE ] configuration file was loaded from resources directory.
[15:31:52.545] [INFO   ] thread dealer starting.
[15:31:52.545] [INFO   ] thread player 0 starting.
[15:31:52.546] [INFO   ] thread dealer starting.
[15:31:52.546] [INFO   ] thread player 0 starting.
[15:31:52.667] [SEVERE ] placing card 14 in slot 0
[15:31:52.777] [SEVERE ] placing card 6 in slot 1
[15:31:52.887] [SEVERE ] placing card 51 in slot 2
[15:31:52.997] [SEVERE ] placing card 20 in slot 3
[15:31:53.108] [SEVERE ] placing card 78 in slot 4
[15:31:53.218] [SEVERE ] placing card 38 in slot 5
[15:31:53.326] [SEVERE ] placing card 18 in slot 6
[15:31:53.435] [SEVERE ] placing card 8 in slot 7
[15:31:53.544] [SEVERE ] placing card 4 in slot 8
[15:31:53.653] [SEVERE ] placing card 28 in slot 9
[15:31:53.762] [SEVERE ] placing card 2 in slot 10
[15:31:53.870] [SEVERE ] placing card 46 in slot 11
[15:31:54.884] [SEVERE ] updating countdown to 59000
[15:31:55.561] [SEVERE ] key 69 was pressed by player 1
[15:31:55.562] [SEVERE ] player 1 placing token on slot 2
[15:31:55.891] [SEVERE ] key 68 was pressed by player 1
[15:31:55.891] [SEVERE ] player 1 placing token on slot 6
[15:31:55.896] [SEVERE ] updating countdown to 58000
[15:31:56.389] [SEVERE ] key 83 was pressed by player 1
[15:31:56.390] [SEVERE ] player 1 placing token on slot 5
[15:31:56.395] [SEVERE ] setting player 1 freeze to 3000
[15:31:56.907] [SEVERE ] updating countdown to 57000
[15:31:57.402] [SEVERE ] setting player 1 freeze to 2000
[15:31:57.804] [SEVERE ] key 83 was pressed by player 1
[15:31:57.917] [SEVERE ] updating countdown to 56000
[15:31:58.417] [SEVERE ] setting player 1 freeze to 1000
[15:31:58.923] [SEVERE ] updating countdown to 55000
[15:31:59.424] [SEVERE ] setting player 1 freeze to 0
[15:31:59.427] [SEVERE ] removing player 1 token from slot 5
[15:31:59.939] [SEVERE ] updating countdown to 54000
[15:32:00.956] [SEVERE ] updating countdown to 53000
[15:32:00.976] [SEVERE ] key 83 was pressed by player 1
[15:32:00.976] [SEVERE ] player 1 placing token on slot 5
[15:32:00.978] [SEVERE ] setting player 1 freeze to 3000
[15:32:01.961] [SEVERE ] updating countdown to 52000
[15:32:01.992] [SEVERE ] setting player 1 freeze to 2000
[15:32:02.961] [SEVERE ] updating countdown to 51000
[15:32:03.008] [SEVERE ] setting player 1 freeze to 1000
[15:32:03.974] [SEVERE ] updating countdown to 50000
[15:32:04.021] [SEVERE ] setting player 1 freeze to 0
[15:32:04.989] [SEVERE ] updating countdown to 49000
[15:32:05.010] [SEVERE ] key 88 was pressed by player 1
[15:32:05.484] [SEVERE ] key 88 was pressed by player 1
[15:32:05.798] [SEVERE ] key 88 was pressed by player 1
[15:32:06.003] [SEVERE ] updating countdown to 48000
[15:32:06.363] [SEVERE ] key 83 was pressed by player 1
[15:32:06.364] [SEVERE ] removing player 1 token from slot 5
[15:32:06.738] [SEVERE ] key 88 was pressed by player 1
[15:32:06.740] [SEVERE ] player 1 placing token on slot 9
[15:32:06.745] [SEVERE ] setting player 1 freeze to 3000
[15:32:07.017] [SEVERE ] updating countdown to 47000
[15:32:07.581] [SEVERE ] key 88 was pressed by player 1
[15:32:07.749] [SEVERE ] setting player 1 freeze to 2000
[15:32:08.031] [SEVERE ] updating countdown to 46000
[15:32:08.764] [SEVERE ] setting player 1 freeze to 1000
[15:32:09.044] [SEVERE ] updating countdown to 45000
[15:32:09.766] [SEVERE ] setting player 1 freeze to 0
[15:32:09.768] [SEVERE ] removing player 1 token from slot 9
[15:32:10.047] [SEVERE ] updating countdown to 44000
[15:32:11.060] [SEVERE ] updating countdown to 43000
[15:32:12.061] [SEVERE ] updating countdown to 42000
[15:32:13.070] [SEVERE ] updating countdown to 41000
