[10:57:22.636] [INFO   ] thread main starting.
[10:57:22.646] [SEVERE ] cannot read configuration file config.properties trying from resources.
[10:57:22.648] [SEVERE ] configuration file was loaded from resources directory.
[10:57:23.204] [INFO   ] thread dealer starting.
[10:57:23.205] [INFO   ] thread player 0 starting.
[10:57:23.206] [INFO   ] thread player 1 starting.
[10:57:23.208] [INFO   ] thread player 2 starting.
[10:57:23.208] [INFO   ] thread player 0 starting.
[10:57:23.209] [INFO   ] thread player 3 starting.
[10:57:23.212] [INFO   ] thread player 1 starting.
[10:57:23.212] [INFO   ] thread player 2 starting.
[10:57:23.213] [INFO   ] thread player 3 starting.
[10:57:23.213] [INFO   ] thread computer-0 starting.
[10:57:23.213] [INFO   ] thread computer-1 starting.
[10:57:23.212] [INFO   ] thread dealer starting.
[10:57:23.217] [INFO   ] thread computer-2 starting.
[10:57:23.217] [INFO   ] thread computer-3 starting.
[10:57:23.325] [SEVERE ] placing card 33 in slot 0
[10:57:23.435] [SEVERE ] placing card 59 in slot 1
[10:57:23.546] [SEVERE ] placing card 31 in slot 2
[10:57:23.549] [SEVERE ] key 81 was pressed by player 1
[10:57:23.655] [SEVERE ] placing card 41 in slot 3
[10:57:23.765] [SEVERE ] placing card 12 in slot 4
[10:57:23.875] [SEVERE ] placing card 57 in slot 5
[10:57:23.910] [SEVERE ] key 81 was pressed by player 1
[10:57:23.984] [SEVERE ] placing card 7 in slot 6
[10:57:24.092] [SEVERE ] placing card 42 in slot 7
[10:57:24.201] [SEVERE ] placing card 55 in slot 8
[10:57:24.309] [SEVERE ] placing card 75 in slot 9
[10:57:24.350] [SEVERE ] key 81 was pressed by player 1
[10:57:24.419] [SEVERE ] placing card 51 in slot 10
[10:57:24.529] [SEVERE ] placing card 71 in slot 11
[10:57:24.792] [SEVERE ] key 81 was pressed by player 1
[10:57:25.251] [SEVERE ] key 81 was pressed by player 1
[10:57:25.538] [SEVERE ] updating countdown to 59000
[10:57:25.774] [SEVERE ] key 81 was pressed by player 1
[10:57:25.775] [SEVERE ] player 1 placing token on slot 0
[10:57:26.545] [SEVERE ] updating countdown to 58000
[10:57:27.080] [SEVERE ] key 81 was pressed by player 1
[10:57:27.081] [SEVERE ] removing player 1 token from slot 0
[10:57:27.196] [SEVERE ] player 1 placing token on slot 6
[10:57:27.552] [SEVERE ] updating countdown to 57000
[10:57:28.563] [SEVERE ] updating countdown to 56000
