[19:39:27.224] [INFO   ] thread main starting.
[19:39:27.232] [SEVERE ] cannot read configuration file config.properties trying from resources.
[19:39:27.236] [SEVERE ] configuration file was loaded from resources directory.
[19:39:27.896] [INFO   ] thread dealer starting.
[19:39:27.897] [INFO   ] thread player 0 starting.
[19:39:27.898] [INFO   ] thread player 1 starting.
[19:39:27.898] [INFO   ] thread player 0 starting.
[19:39:27.899] [INFO   ] thread player 2 starting.
[19:39:27.899] [INFO   ] thread player 3 starting.
[19:39:27.899] [INFO   ] thread player 2 starting.
[19:39:27.899] [INFO   ] thread player 1 starting.
[19:39:27.900] [INFO   ] thread computer-2 starting.
[19:39:27.900] [INFO   ] thread player 3 starting.
[19:39:27.900] [INFO   ] thread computer-0 starting.
[19:39:27.899] [INFO   ] thread dealer starting.
[19:39:27.929] [INFO   ] thread computer-1 starting.
[19:39:27.929] [INFO   ] thread computer-3 starting.
[19:39:28.041] [SEVERE ] placing card 26 in slot 0
[19:39:28.151] [SEVERE ] placing card 12 in slot 1
[19:39:28.260] [SEVERE ] placing card 63 in slot 2
[19:39:28.369] [SEVERE ] placing card 49 in slot 3
[19:39:28.479] [SEVERE ] placing card 55 in slot 4
[19:39:28.587] [SEVERE ] placing card 2 in slot 5
[19:39:28.697] [SEVERE ] placing card 54 in slot 6
[19:39:28.807] [SEVERE ] placing card 21 in slot 7
[19:39:28.917] [SEVERE ] placing card 15 in slot 8
[19:39:29.026] [SEVERE ] placing card 78 in slot 9
[19:39:29.134] [SEVERE ] placing card 29 in slot 10
[19:39:29.243] [SEVERE ] placing card 16 in slot 11
[19:39:30.265] [SEVERE ] updating countdown to 59000
[19:39:30.304] [SEVERE ] player 3 placing token on slot 3
[19:39:30.305] [SEVERE ] player 1 placing token on slot 3
[19:39:30.336] [SEVERE ] player 2 placing token on slot 10
[19:39:30.336] [SEVERE ] player 4 placing token on slot 2
[19:39:30.413] [SEVERE ] player 1 placing token on slot 4
[19:39:30.413] [SEVERE ] player 3 placing token on slot 2
[19:39:30.444] [SEVERE ] player 4 placing token on slot 5
[19:39:30.444] [SEVERE ] player 2 placing token on slot 8
[19:39:30.522] [SEVERE ] player 1 placing token on slot 9
[19:39:30.522] [SEVERE ] player 3 placing token on slot 4
[19:39:30.552] [SEVERE ] player 2 placing token on slot 7
[19:39:30.552] [SEVERE ] player 4 placing token on slot 3
[19:39:31.274] [SEVERE ] setting player 2 freeze to 3000
[19:39:31.279] [SEVERE ] updating countdown to 58000
[19:39:32.288] [SEVERE ] setting player 2 freeze to 2000
[19:39:33.302] [SEVERE ] setting player 2 freeze to 1000
[19:39:34.316] [SEVERE ] setting player 2 freeze to 0
[19:39:34.316] [SEVERE ] setting player 4 freeze to 3000
[19:39:34.536] [SEVERE ] removing player 2 token from slot 8
[19:39:34.643] [SEVERE ] player 2 placing token on slot 5
[19:39:35.332] [SEVERE ] setting player 4 freeze to 2000
[19:39:36.346] [SEVERE ] setting player 4 freeze to 1000
[19:39:37.360] [SEVERE ] setting player 4 freeze to 0
[19:39:37.360] [SEVERE ] setting player 3 freeze to 3000
[19:39:37.467] [SEVERE ] removing player 4 token from slot 5
[19:39:37.575] [SEVERE ] player 4 placing token on slot 9
[19:39:38.366] [SEVERE ] setting player 3 freeze to 2000
[19:39:39.373] [SEVERE ] setting player 3 freeze to 1000
[19:39:40.387] [SEVERE ] setting player 3 freeze to 0
[19:39:40.387] [SEVERE ] setting player 1 freeze to 3000
[19:39:40.713] [SEVERE ] removing player 3 token from slot 4
[19:39:40.823] [SEVERE ] removing player 3 token from slot 2
[19:39:40.931] [SEVERE ] removing player 3 token from slot 3
[19:39:41.040] [SEVERE ] player 3 placing token on slot 6
[19:39:41.150] [SEVERE ] player 3 placing token on slot 11
[19:39:41.261] [SEVERE ] player 3 placing token on slot 1
[19:39:41.402] [SEVERE ] setting player 1 freeze to 2000
[19:39:42.407] [SEVERE ] setting player 1 freeze to 1000
[19:39:43.419] [SEVERE ] setting player 1 freeze to 0
[19:39:43.419] [SEVERE ] setting player 3 freeze to 3000
[19:39:43.528] [SEVERE ] removing player 1 token from slot 9
[19:39:43.637] [SEVERE ] player 1 placing token on slot 7
[19:39:44.428] [SEVERE ] setting player 3 freeze to 2000
[19:39:45.437] [SEVERE ] setting player 3 freeze to 1000
[19:39:46.443] [SEVERE ] setting player 3 freeze to 0
[19:39:46.443] [SEVERE ] setting player 4 freeze to 3000
[19:39:46.553] [SEVERE ] removing player 3 token from slot 6
[19:39:46.662] [SEVERE ] player 3 placing token on slot 0
[19:39:47.456] [SEVERE ] setting player 4 freeze to 2000
[19:39:48.457] [SEVERE ] setting player 4 freeze to 1000
