[20:27:08.615] [INFO   ] thread main starting.
[20:27:08.632] [SEVERE ] cannot read configuration file config.properties trying from resources.
[20:27:08.632] [SEVERE ] configuration file was loaded from resources directory.
[20:27:09.311] [INFO   ] thread dealer starting.
[20:27:09.311] [INFO   ] thread player 0 starting.
[20:27:09.311] [INFO   ] thread dealer starting.
[20:27:09.311] [INFO   ] thread player 0 starting.
[20:27:09.430] [SEVERE ] placing card 45 in slot 0
[20:27:09.548] [SEVERE ] placing card 69 in slot 1
[20:27:09.664] [SEVERE ] placing card 10 in slot 2
[20:27:09.770] [SEVERE ] key 81 was pressed by player 1
[20:27:09.780] [SEVERE ] placing card 5 in slot 3
[20:27:09.881] [SEVERE ] placing card 41 in slot 4
[20:27:09.982] [SEVERE ] placing card 8 in slot 5
[20:27:09.982] [SEVERE ] key 87 was pressed by player 1
[20:27:10.097] [SEVERE ] placing card 39 in slot 6
[20:27:10.197] [SEVERE ] placing card 48 in slot 7
[20:27:10.265] [SEVERE ] key 83 was pressed by player 1
[20:27:10.313] [SEVERE ] placing card 63 in slot 8
[20:27:10.413] [SEVERE ] placing card 55 in slot 9
[20:27:10.526] [SEVERE ] placing card 13 in slot 10
[20:27:10.630] [SEVERE ] placing card 6 in slot 11
[20:27:11.636] [SEVERE ] updating countdown to 59000
[20:27:11.636] [SEVERE ] player 1 placing token on slot 1
[20:27:11.636] [SEVERE ] player 1 placing token on slot 5
[20:27:12.653] [SEVERE ] updating countdown to 58000
