[11:03:29.104] [INFO   ] thread main starting.
[11:03:29.115] [SEVERE ] cannot read configuration file config.properties trying from resources.
[11:03:29.119] [SEVERE ] configuration file was loaded from resources directory.
[11:03:29.688] [INFO   ] thread dealer starting.
[11:03:29.695] [INFO   ] thread player 0 starting.
[11:03:29.697] [INFO   ] thread dealer starting.
[11:03:29.707] [INFO   ] thread player 0 starting.
[11:03:29.723] [INFO   ] thread computer-0 starting.
[11:03:29.832] [SEVERE ] placing card 65 in slot 0
[11:03:29.943] [SEVERE ] placing card 25 in slot 1
[11:03:30.052] [SEVERE ] placing card 2 in slot 2
[11:03:30.159] [SEVERE ] placing card 56 in slot 3
[11:03:30.268] [SEVERE ] placing card 75 in slot 4
[11:03:30.378] [SEVERE ] placing card 72 in slot 5
[11:03:30.487] [SEVERE ] placing card 44 in slot 6
[11:03:30.597] [SEVERE ] placing card 78 in slot 7
[11:03:30.707] [SEVERE ] placing card 38 in slot 8
[11:03:30.816] [SEVERE ] placing card 46 in slot 9
[11:03:30.924] [SEVERE ] placing card 73 in slot 10
[11:03:31.033] [SEVERE ] placing card 26 in slot 11
[11:03:32.044] [SEVERE ] updating countdown to 59000
[11:03:33.051] [SEVERE ] updating countdown to 58000
[11:03:34.064] [SEVERE ] updating countdown to 57000
[11:03:35.079] [SEVERE ] updating countdown to 56000
[11:03:36.093] [SEVERE ] updating countdown to 55000
[11:03:37.102] [SEVERE ] updating countdown to 54000
[11:03:38.118] [SEVERE ] updating countdown to 53000
[11:03:39.134] [SEVERE ] updating countdown to 52000
