[14:07:32.027] [INFO   ] thread main starting.
[14:07:32.051] [SEVERE ] cannot read configuration file config.properties trying from resources.
[14:07:32.055] [SEVERE ] configuration file was loaded from resources directory.
[14:07:32.781] [INFO   ] thread dealer starting.
[14:07:32.781] [INFO   ] thread player 0 starting.
[14:07:32.783] [INFO   ] thread dealer starting.
[14:07:32.795] [INFO   ] thread player 0 starting.
[14:07:32.915] [SEVERE ] placing card 60 in slot 0
[14:07:33.027] [SEVERE ] placing card 76 in slot 1
[14:07:33.137] [SEVERE ] placing card 37 in slot 2
[14:07:33.248] [SEVERE ] placing card 44 in slot 3
[14:07:33.359] [SEVERE ] placing card 4 in slot 4
[14:07:33.469] [SEVERE ] placing card 6 in slot 5
[14:07:33.581] [SEVERE ] placing card 69 in slot 6
[14:07:33.691] [SEVERE ] placing card 22 in slot 7
[14:07:33.801] [SEVERE ] placing card 25 in slot 8
[14:07:33.912] [SEVERE ] placing card 17 in slot 9
[14:07:34.025] [SEVERE ] placing card 31 in slot 10
[14:07:34.136] [SEVERE ] placing card 38 in slot 11
[14:07:35.170] [SEVERE ] updating countdown to 59000
[14:07:36.187] [SEVERE ] updating countdown to 58000
[14:07:37.207] [SEVERE ] updating countdown to 57000
[14:07:38.225] [SEVERE ] updating countdown to 56000
[14:07:39.236] [SEVERE ] updating countdown to 55000
[14:07:40.256] [SEVERE ] updating countdown to 54000
[14:07:41.268] [SEVERE ] updating countdown to 53000
[14:07:42.277] [SEVERE ] updating countdown to 52000
[14:07:43.280] [SEVERE ] updating countdown to 51000
[14:07:43.377] [SEVERE ] key 83 was pressed by player 1
[14:07:43.377] [SEVERE ] player 1 placing token on slot 5
[14:07:44.293] [SEVERE ] updating countdown to 50000
[14:07:45.298] [SEVERE ] updating countdown to 49000
[14:07:46.312] [SEVERE ] updating countdown to 48000
[14:07:47.327] [SEVERE ] updating countdown to 47000
[14:07:48.335] [SEVERE ] updating countdown to 46000
[14:07:48.510] [SEVERE ] key 90 was pressed by player 1
[14:07:48.510] [SEVERE ] player 1 placing token on slot 8
[14:07:49.345] [SEVERE ] updating countdown to 45000
[14:07:49.506] [SEVERE ] key 88 was pressed by player 1
[14:07:49.506] [SEVERE ] player 1 placing token on slot 9
[14:07:49.517] [SEVERE ] setting player 1 score to 1
[14:07:49.520] [SEVERE ] setting player 1 freeze to 1000
[14:07:50.533] [SEVERE ] setting player 1 freeze to 0
[14:07:50.533] [SEVERE ] removing player 1 token from slot 5
[14:07:50.645] [SEVERE ] removing card from slot 5
[14:07:50.646] [SEVERE ] removing player 1 token from slot 8
[14:07:50.756] [SEVERE ] removing card from slot 8
[14:07:50.756] [SEVERE ] removing player 1 token from slot 9
[14:07:50.868] [SEVERE ] removing card from slot 9
[14:07:50.979] [SEVERE ] placing card 2 in slot 5
[14:07:51.091] [SEVERE ] placing card 58 in slot 8
[14:07:51.202] [SEVERE ] placing card 8 in slot 9
[14:07:51.207] [SEVERE ] updating countdown to 44000
[14:07:51.697] [SEVERE ] key 88 was pressed by player 1
[14:07:52.216] [SEVERE ] updating countdown to 43000
[14:07:52.600] [SEVERE ] key 88 was pressed by player 1
[14:07:53.056] [SEVERE ] key 88 was pressed by player 1
[14:07:53.229] [SEVERE ] updating countdown to 42000
[14:07:53.248] [SEVERE ] key 88 was pressed by player 1
[14:07:54.237] [SEVERE ] updating countdown to 41000
[14:07:55.246] [SEVERE ] updating countdown to 40000
[14:07:56.259] [SEVERE ] updating countdown to 39000
[14:07:57.266] [SEVERE ] updating countdown to 38000
[14:07:58.269] [SEVERE ] updating countdown to 37000
[14:07:59.280] [SEVERE ] updating countdown to 36000
[14:08:00.293] [SEVERE ] updating countdown to 35000
[14:08:01.305] [SEVERE ] updating countdown to 34000
[14:08:02.317] [SEVERE ] updating countdown to 33000
