[15:25:02.448] [INFO   ] thread main starting.
[15:25:02.459] [SEVERE ] cannot read configuration file config.properties trying from resources.
[15:25:02.462] [SEVERE ] configuration file was loaded from resources directory.
[15:25:03.185] [INFO   ] thread dealer starting.
[15:25:03.186] [INFO   ] thread player 0 starting.
[15:25:03.187] [INFO   ] thread player 1 starting.
[15:25:03.187] [INFO   ] thread player 2 starting.
[15:25:03.187] [INFO   ] thread player 0 starting.
[15:25:03.188] [INFO   ] thread player 3 starting.
[15:25:03.189] [INFO   ] thread player 2 starting.
[15:25:03.188] [INFO   ] thread player 1 starting.
[15:25:03.196] [INFO   ] thread computer-0 starting.
[15:25:03.196] [INFO   ] thread computer-2 starting.
[15:25:03.195] [INFO   ] thread player 3 starting.
[15:25:03.192] [INFO   ] thread dealer starting.
[15:25:03.200] [INFO   ] thread computer-3 starting.
[15:25:03.200] [INFO   ] thread computer-1 starting.
[15:25:03.318] [SEVERE ] placing card 38 in slot 0
[15:25:03.428] [SEVERE ] placing card 23 in slot 1
[15:25:03.537] [SEVERE ] placing card 76 in slot 2
[15:25:03.646] [SEVERE ] placing card 34 in slot 3
[15:25:03.754] [SEVERE ] placing card 15 in slot 4
[15:25:03.861] [SEVERE ] placing card 66 in slot 5
[15:25:03.972] [SEVERE ] placing card 25 in slot 6
[15:25:04.081] [SEVERE ] placing card 39 in slot 7
[15:25:04.191] [SEVERE ] placing card 43 in slot 8
[15:25:04.300] [SEVERE ] placing card 22 in slot 9
[15:25:04.408] [SEVERE ] placing card 28 in slot 10
[15:25:04.517] [SEVERE ] placing card 48 in slot 11
[15:25:05.531] [SEVERE ] updating countdown to 59000
[15:25:05.593] [SEVERE ] player 1 placing token on slot 8
[15:25:05.593] [SEVERE ] player 4 placing token on slot 2
[15:25:05.593] [SEVERE ] player 2 placing token on slot 11
[15:25:05.593] [SEVERE ] player 3 placing token on slot 0
[15:25:05.701] [SEVERE ] player 1 placing token on slot 7
[15:25:05.701] [SEVERE ] player 4 placing token on slot 4
[15:25:05.703] [SEVERE ] player 2 placing token on slot 7
[15:25:05.716] [SEVERE ] player 3 placing token on slot 11
[15:25:05.809] [SEVERE ] removing player 2 token from slot 11
[15:25:05.809] [SEVERE ] player 1 placing token on slot 9
[15:25:05.809] [SEVERE ] removing player 4 token from slot 2
[15:25:05.814] [SEVERE ] setting player 1 freeze to 3000
[15:25:05.825] [SEVERE ] player 3 placing token on slot 6
[15:25:05.828] [SEVERE ] setting player 3 freeze to 3000
[15:25:05.919] [SEVERE ] player 2 placing token on slot 0
[15:25:05.919] [SEVERE ] player 4 placing token on slot 3
[15:25:06.029] [SEVERE ] player 4 placing token on slot 11
[15:25:06.029] [SEVERE ] player 2 placing token on slot 1
[15:25:06.031] [SEVERE ] setting player 4 freeze to 3000
[15:25:06.032] [SEVERE ] setting player 2 freeze to 3000
[15:25:06.544] [SEVERE ] updating countdown to 58000
[15:25:06.826] [SEVERE ] setting player 1 freeze to 2000
[15:25:06.841] [SEVERE ] setting player 3 freeze to 2000
[15:25:07.045] [SEVERE ] setting player 2 freeze to 2000
[15:25:07.045] [SEVERE ] setting player 4 freeze to 2000
[15:25:07.546] [SEVERE ] updating countdown to 57000
[15:25:07.828] [SEVERE ] setting player 1 freeze to 1000
[15:25:07.844] [SEVERE ] setting player 3 freeze to 1000
[15:25:08.050] [SEVERE ] setting player 2 freeze to 1000
[15:25:08.050] [SEVERE ] setting player 4 freeze to 1000
[15:25:08.553] [SEVERE ] updating countdown to 56000
[15:25:08.834] [SEVERE ] setting player 1 freeze to 0
[15:25:08.849] [SEVERE ] setting player 3 freeze to 0
[15:25:08.943] [SEVERE ] removing player 1 token from slot 8
[15:25:08.959] [SEVERE ] removing player 3 token from slot 0
[15:25:09.053] [SEVERE ] player 1 placing token on slot 5
[15:25:09.053] [SEVERE ] setting player 2 freeze to 0
[15:25:09.053] [SEVERE ] setting player 4 freeze to 0
[15:25:09.055] [SEVERE ] setting player 1 freeze to 3000
[15:25:09.069] [SEVERE ] player 3 placing token on slot 2
[15:25:09.071] [SEVERE ] setting player 3 freeze to 3000
[15:25:09.162] [SEVERE ] removing player 4 token from slot 4
[15:25:09.162] [SEVERE ] removing player 2 token from slot 7
[15:25:09.272] [SEVERE ] player 4 placing token on slot 0
[15:25:09.272] [SEVERE ] player 2 placing token on slot 7
[15:25:09.274] [SEVERE ] setting player 2 freeze to 3000
[15:25:09.275] [SEVERE ] setting player 4 score to 1
[15:25:09.276] [SEVERE ] setting player 4 freeze to 1000
[15:25:09.568] [SEVERE ] updating countdown to 55000
[15:25:09.571] [SEVERE ] removing player 4 token from slot 3
[15:25:09.677] [SEVERE ] removing card from slot 3
[15:25:09.678] [SEVERE ] removing player 3 token from slot 11
[15:25:09.679] [SEVERE ] removing player 4 token from slot 11
[15:25:09.786] [SEVERE ] removing card from slot 11
[15:25:09.788] [SEVERE ] removing player 2 token from slot 0
[15:25:09.788] [SEVERE ] removing player 4 token from slot 0
[15:25:09.895] [SEVERE ] removing card from slot 0
[15:25:10.004] [SEVERE ] placing card 60 in slot 0
[15:25:10.066] [SEVERE ] setting player 1 freeze to 2000
[15:25:10.081] [SEVERE ] setting player 3 freeze to 2000
[15:25:10.112] [SEVERE ] placing card 49 in slot 3
[15:25:10.222] [SEVERE ] placing card 69 in slot 11
[15:25:10.285] [SEVERE ] setting player 2 freeze to 2000
[15:25:10.285] [SEVERE ] setting player 4 freeze to 0
[15:25:10.394] [SEVERE ] player 4 placing token on slot 5
[15:25:10.503] [SEVERE ] player 4 placing token on slot 0
[15:25:10.612] [SEVERE ] player 4 placing token on slot 9
[15:25:10.613] [SEVERE ] setting player 4 freeze to 3000
[15:25:11.080] [SEVERE ] setting player 1 freeze to 1000
[15:25:11.096] [SEVERE ] setting player 3 freeze to 1000
[15:25:11.236] [SEVERE ] updating countdown to 54000
[15:25:11.298] [SEVERE ] setting player 2 freeze to 1000
[15:25:11.625] [SEVERE ] setting player 4 freeze to 2000
[15:25:12.095] [SEVERE ] setting player 1 freeze to 0
[15:25:12.110] [SEVERE ] setting player 3 freeze to 0
[15:25:12.219] [SEVERE ] removing player 3 token from slot 6
[15:25:12.250] [SEVERE ] updating countdown to 53000
[15:25:12.312] [SEVERE ] setting player 2 freeze to 0
[15:25:12.328] [SEVERE ] player 3 placing token on slot 8
[15:25:12.421] [SEVERE ] player 2 placing token on slot 11
[15:25:12.422] [SEVERE ] setting player 2 freeze to 3000
[15:25:12.437] [SEVERE ] removing player 3 token from slot 8
[15:25:12.546] [SEVERE ] player 3 placing token on slot 9
[15:25:12.639] [SEVERE ] setting player 4 freeze to 1000
[15:25:12.654] [SEVERE ] player 3 placing token on slot 8
[15:25:12.656] [SEVERE ] setting player 3 freeze to 3000
[15:25:13.186] [SEVERE ] removing player 1 token from slot 7
[15:25:13.264] [SEVERE ] updating countdown to 52000
[15:25:13.294] [SEVERE ] player 1 placing token on slot 2
[15:25:13.296] [SEVERE ] setting player 1 freeze to 3000
[15:25:13.436] [SEVERE ] setting player 2 freeze to 2000
[15:25:13.654] [SEVERE ] setting player 4 freeze to 0
[15:25:13.669] [SEVERE ] setting player 3 freeze to 2000
[15:25:13.761] [SEVERE ] removing player 4 token from slot 5
[15:25:13.870] [SEVERE ] player 4 placing token on slot 2
[15:25:13.872] [SEVERE ] setting player 4 freeze to 3000
[15:25:14.277] [SEVERE ] updating countdown to 51000
[15:25:14.308] [SEVERE ] setting player 1 freeze to 2000
[15:25:14.449] [SEVERE ] setting player 2 freeze to 1000
[15:25:14.685] [SEVERE ] setting player 3 freeze to 1000
[15:25:14.888] [SEVERE ] setting player 4 freeze to 2000
[15:25:15.279] [SEVERE ] updating countdown to 50000
[15:25:15.310] [SEVERE ] setting player 1 freeze to 1000
[15:25:15.465] [SEVERE ] setting player 2 freeze to 0
[15:25:15.691] [SEVERE ] setting player 3 freeze to 0
[15:25:15.800] [SEVERE ] removing player 3 token from slot 8
[15:25:15.905] [SEVERE ] setting player 4 freeze to 1000
[15:25:15.905] [SEVERE ] player 3 placing token on slot 8
[15:25:15.905] [SEVERE ] setting player 3 freeze to 3000
[15:25:16.000] [SEVERE ] removing player 2 token from slot 11
[15:25:16.104] [SEVERE ] player 2 placing token on slot 3
[15:25:16.107] [SEVERE ] setting player 2 freeze to 3000
[15:25:16.291] [SEVERE ] updating countdown to 49000
[15:25:16.322] [SEVERE ] setting player 1 freeze to 0
[15:25:16.875] [SEVERE ] removing player 1 token from slot 9
[15:25:16.907] [SEVERE ] setting player 3 freeze to 2000
[15:25:16.907] [SEVERE ] setting player 4 freeze to 0
[15:25:16.988] [SEVERE ] player 1 placing token on slot 6
[15:25:16.990] [SEVERE ] setting player 1 freeze to 3000
[15:25:17.123] [SEVERE ] setting player 2 freeze to 2000
[15:25:17.301] [SEVERE ] updating countdown to 48000
[15:25:17.348] [SEVERE ] removing player 4 token from slot 9
[15:25:17.460] [SEVERE ] player 4 placing token on slot 5
[15:25:17.460] [SEVERE ] setting player 4 freeze to 3000
[15:25:17.910] [SEVERE ] setting player 3 freeze to 1000
[15:25:18.005] [SEVERE ] setting player 1 freeze to 2000
[15:25:18.126] [SEVERE ] setting player 2 freeze to 1000
[15:25:18.301] [SEVERE ] updating countdown to 47000
[15:25:18.465] [SEVERE ] setting player 4 freeze to 2000
[15:25:18.915] [SEVERE ] setting player 3 freeze to 0
[15:25:19.020] [SEVERE ] setting player 1 freeze to 1000
[15:25:19.122] [SEVERE ] removing player 3 token from slot 8
[15:25:19.138] [SEVERE ] setting player 2 freeze to 0
[15:25:19.237] [SEVERE ] player 3 placing token on slot 1
[15:25:19.237] [SEVERE ] setting player 3 freeze to 3000
[15:25:19.313] [SEVERE ] updating countdown to 46000
[15:25:19.350] [SEVERE ] removing player 2 token from slot 7
[15:25:19.451] [SEVERE ] player 2 placing token on slot 8
[15:25:19.454] [SEVERE ] setting player 2 freeze to 3000
[15:25:19.467] [SEVERE ] setting player 4 freeze to 1000
[15:25:20.033] [SEVERE ] setting player 1 freeze to 0
[15:25:20.238] [SEVERE ] setting player 3 freeze to 2000
[15:25:20.254] [SEVERE ] removing player 1 token from slot 2
[15:25:20.318] [SEVERE ] updating countdown to 45000
[15:25:20.367] [SEVERE ] player 1 placing token on slot 1
[15:25:20.367] [SEVERE ] setting player 1 freeze to 3000
[15:25:20.463] [SEVERE ] setting player 2 freeze to 2000
[15:25:20.480] [SEVERE ] setting player 4 freeze to 0
[15:25:20.588] [SEVERE ] removing player 4 token from slot 5
[15:25:20.693] [SEVERE ] player 4 placing token on slot 11
[15:25:20.696] [SEVERE ] setting player 4 freeze to 3000
[15:25:21.249] [SEVERE ] setting player 3 freeze to 1000
[15:25:21.327] [SEVERE ] updating countdown to 44000
[15:25:21.378] [SEVERE ] setting player 1 freeze to 2000
[15:25:21.475] [SEVERE ] setting player 2 freeze to 1000
[15:25:21.698] [SEVERE ] setting player 4 freeze to 2000
[15:25:22.260] [SEVERE ] setting player 3 freeze to 0
[15:25:22.335] [SEVERE ] updating countdown to 43000
[15:25:22.385] [SEVERE ] setting player 1 freeze to 1000
[15:25:22.480] [SEVERE ] setting player 2 freeze to 0
[15:25:22.700] [SEVERE ] setting player 4 freeze to 1000
[15:25:22.812] [SEVERE ] removing player 2 token from slot 3
[15:25:22.918] [SEVERE ] player 2 placing token on slot 3
[15:25:22.918] [SEVERE ] setting player 2 freeze to 3000
[15:25:23.011] [SEVERE ] removing player 3 token from slot 9
[15:25:23.118] [SEVERE ] player 3 placing token on slot 3
[15:25:23.120] [SEVERE ] setting player 3 freeze to 3000
[15:25:23.345] [SEVERE ] updating countdown to 42000
[15:25:23.395] [SEVERE ] setting player 1 freeze to 0
[15:25:23.611] [SEVERE ] removing player 1 token from slot 1
[15:25:23.703] [SEVERE ] setting player 4 freeze to 0
[15:25:23.720] [SEVERE ] player 1 placing token on slot 11
[15:25:23.724] [SEVERE ] setting player 1 freeze to 3000
[15:25:23.926] [SEVERE ] setting player 2 freeze to 2000
[15:25:24.128] [SEVERE ] setting player 3 freeze to 2000
[15:25:24.344] [SEVERE ] removing player 4 token from slot 11
[15:25:24.353] [SEVERE ] updating countdown to 41000
[15:25:24.445] [SEVERE ] player 4 placing token on slot 5
[15:25:24.447] [SEVERE ] setting player 4 freeze to 3000
[15:25:24.725] [SEVERE ] setting player 1 freeze to 2000
[15:25:24.928] [SEVERE ] setting player 2 freeze to 1000
[15:25:25.137] [SEVERE ] setting player 3 freeze to 1000
[15:25:25.370] [SEVERE ] updating countdown to 40000
[15:25:25.453] [SEVERE ] setting player 4 freeze to 2000
[15:25:25.735] [SEVERE ] setting player 1 freeze to 1000
[15:25:25.935] [SEVERE ] setting player 2 freeze to 0
[15:25:26.145] [SEVERE ] setting player 3 freeze to 0
[15:25:26.385] [SEVERE ] updating countdown to 39000
[15:25:26.455] [SEVERE ] setting player 4 freeze to 1000
[15:25:26.570] [SEVERE ] removing player 2 token from slot 3
[15:25:26.570] [SEVERE ] removing player 3 token from slot 1
[15:25:26.678] [SEVERE ] player 2 placing token on slot 7
[15:25:26.678] [SEVERE ] player 3 placing token on slot 9
[15:25:26.678] [SEVERE ] setting player 2 freeze to 3000
[15:25:26.678] [SEVERE ] setting player 3 score to 1
[15:25:26.678] [SEVERE ] setting player 3 freeze to 1000
[15:25:26.737] [SEVERE ] setting player 1 freeze to 0
[15:25:26.845] [SEVERE ] removing player 1 token from slot 6
[15:25:26.983] [SEVERE ] player 1 placing token on slot 8
[15:25:26.985] [SEVERE ] setting player 1 freeze to 3000
[15:25:27.393] [SEVERE ] updating countdown to 38000
[15:25:27.394] [SEVERE ] removing player 3 token from slot 2
[15:25:27.394] [SEVERE ] removing player 4 token from slot 2
[15:25:27.458] [SEVERE ] setting player 4 freeze to 0
[15:25:27.499] [SEVERE ] removing card from slot 2
[15:25:27.499] [SEVERE ] removing player 3 token from slot 3
[15:25:27.613] [SEVERE ] removing card from slot 3
[15:25:27.613] [SEVERE ] removing player 3 token from slot 9
[15:25:27.669] [SEVERE ] player 4 placing token on slot 4
[15:25:27.670] [SEVERE ] setting player 4 freeze to 3000
[15:25:27.679] [SEVERE ] setting player 3 freeze to 0
[15:25:27.679] [SEVERE ] setting player 2 freeze to 2000
[15:25:27.728] [SEVERE ] removing card from slot 9
[15:25:27.802] [SEVERE ] player 3 placing token on slot 7
[15:25:27.845] [SEVERE ] placing card 44 in slot 2
[15:25:27.916] [SEVERE ] removing player 3 token from slot 7
[15:25:27.953] [SEVERE ] placing card 12 in slot 3
[15:25:27.994] [SEVERE ] setting player 1 freeze to 2000
[15:25:28.019] [SEVERE ] player 3 placing token on slot 10
[15:25:28.069] [SEVERE ] placing card 5 in slot 9
[15:25:28.120] [SEVERE ] removing player 3 token from slot 10
[15:25:28.220] [SEVERE ] player 3 placing token on slot 1
[15:25:28.328] [SEVERE ] player 3 placing token on slot 3
[15:25:28.437] [SEVERE ] player 3 placing token on slot 2
[15:25:28.437] [SEVERE ] setting player 3 freeze to 3000
[15:25:28.673] [SEVERE ] setting player 4 freeze to 2000
[15:25:28.683] [SEVERE ] setting player 2 freeze to 1000
[15:25:28.998] [SEVERE ] setting player 1 freeze to 1000
[15:25:29.073] [SEVERE ] updating countdown to 37000
[15:25:29.442] [SEVERE ] setting player 3 freeze to 2000
[15:25:29.682] [SEVERE ] setting player 4 freeze to 1000
[15:25:29.690] [SEVERE ] setting player 2 freeze to 0
[15:25:29.903] [SEVERE ] removing player 2 token from slot 1
[15:25:30.003] [SEVERE ] setting player 1 freeze to 0
[15:25:30.012] [SEVERE ] player 2 placing token on slot 4
[15:25:30.019] [SEVERE ] setting player 2 freeze to 3000
[15:25:30.075] [SEVERE ] updating countdown to 36000
[15:25:30.447] [SEVERE ] setting player 3 freeze to 1000
[15:25:30.686] [SEVERE ] setting player 4 freeze to 0
[15:25:30.865] [SEVERE ] removing player 1 token from slot 8
[15:25:30.975] [SEVERE ] player 1 placing token on slot 0
[15:25:30.976] [SEVERE ] setting player 1 freeze to 3000
[15:25:31.033] [SEVERE ] setting player 2 freeze to 2000
[15:25:31.083] [SEVERE ] updating countdown to 35000
[15:25:31.348] [SEVERE ] removing player 4 token from slot 0
[15:25:31.455] [SEVERE ] setting player 3 freeze to 0
[15:25:31.455] [SEVERE ] player 4 placing token on slot 2
[15:25:31.457] [SEVERE ] setting player 4 freeze to 3000
[15:25:31.990] [SEVERE ] setting player 1 freeze to 2000
[15:25:32.041] [SEVERE ] setting player 2 freeze to 1000
[15:25:32.092] [SEVERE ] updating countdown to 34000
[15:25:32.303] [SEVERE ] removing player 3 token from slot 2
[15:25:32.415] [SEVERE ] player 3 placing token on slot 9
[15:25:32.415] [SEVERE ] setting player 3 freeze to 3000
[15:25:32.473] [SEVERE ] setting player 4 freeze to 2000
[15:25:33.000] [SEVERE ] setting player 1 freeze to 1000
[15:25:33.041] [SEVERE ] setting player 2 freeze to 0
[15:25:33.103] [SEVERE ] updating countdown to 33000
[15:25:33.143] [SEVERE ] removing player 2 token from slot 7
[15:25:33.254] [SEVERE ] player 2 placing token on slot 1
[15:25:33.255] [SEVERE ] setting player 2 freeze to 3000
[15:25:33.425] [SEVERE ] setting player 3 freeze to 2000
[15:25:33.485] [SEVERE ] setting player 4 freeze to 1000
[15:25:34.002] [SEVERE ] setting player 1 freeze to 0
[15:25:34.105] [SEVERE ] updating countdown to 32000
[15:25:34.262] [SEVERE ] setting player 2 freeze to 2000
[15:25:34.428] [SEVERE ] setting player 3 freeze to 1000
[15:25:34.491] [SEVERE ] setting player 4 freeze to 0
[15:25:34.556] [SEVERE ] removing player 1 token from slot 5
[15:25:34.668] [SEVERE ] player 1 placing token on slot 3
[15:25:34.670] [SEVERE ] setting player 1 freeze to 3000
[15:25:34.716] [SEVERE ] removing player 4 token from slot 2
[15:25:34.823] [SEVERE ] player 4 placing token on slot 9
[15:25:34.824] [SEVERE ] setting player 4 freeze to 3000
[15:25:35.116] [SEVERE ] updating countdown to 31000
[15:25:35.271] [SEVERE ] setting player 2 freeze to 1000
[15:25:35.434] [SEVERE ] setting player 3 freeze to 0
[15:25:35.673] [SEVERE ] setting player 1 freeze to 2000
[15:25:35.825] [SEVERE ] setting player 4 freeze to 2000
[15:25:35.849] [SEVERE ] removing player 3 token from slot 1
[15:25:35.953] [SEVERE ] player 3 placing token on slot 11
[15:25:35.954] [SEVERE ] setting player 3 freeze to 3000
[15:25:36.119] [SEVERE ] updating countdown to 30000
[15:25:36.273] [SEVERE ] setting player 2 freeze to 0
[15:25:36.483] [SEVERE ] removing player 2 token from slot 1
[15:25:36.589] [SEVERE ] player 2 placing token on slot 1
[15:25:36.589] [SEVERE ] setting player 2 freeze to 3000
[15:25:36.677] [SEVERE ] setting player 1 freeze to 1000
[15:25:36.833] [SEVERE ] setting player 4 freeze to 1000
[15:25:36.960] [SEVERE ] setting player 3 freeze to 2000
[15:25:37.135] [SEVERE ] updating countdown to 29000
[15:25:37.590] [SEVERE ] setting player 2 freeze to 2000
[15:25:37.685] [SEVERE ] setting player 1 freeze to 0
[15:25:37.835] [SEVERE ] setting player 4 freeze to 0
[15:25:37.967] [SEVERE ] setting player 3 freeze to 1000
[15:25:38.010] [SEVERE ] removing player 1 token from slot 0
[15:25:38.117] [SEVERE ] player 1 placing token on slot 2
[15:25:38.118] [SEVERE ] setting player 1 freeze to 3000
[15:25:38.151] [SEVERE ] updating countdown to 28000
[15:25:38.264] [SEVERE ] removing player 4 token from slot 4
[15:25:38.365] [SEVERE ] player 4 placing token on slot 1
[15:25:38.365] [SEVERE ] setting player 4 freeze to 3000
[15:25:38.591] [SEVERE ] setting player 2 freeze to 1000
[15:25:38.975] [SEVERE ] setting player 3 freeze to 0
[15:25:39.124] [SEVERE ] setting player 1 freeze to 2000
[15:25:39.158] [SEVERE ] updating countdown to 27000
[15:25:39.367] [SEVERE ] setting player 4 freeze to 2000
[15:25:39.503] [SEVERE ] removing player 3 token from slot 11
[15:25:39.603] [SEVERE ] setting player 2 freeze to 0
[15:25:39.603] [SEVERE ] player 3 placing token on slot 11
[15:25:39.605] [SEVERE ] setting player 3 freeze to 3000
[15:25:39.918] [SEVERE ] removing player 2 token from slot 8
[15:25:40.027] [SEVERE ] removing player 2 token from slot 4
[15:25:40.125] [SEVERE ] setting player 1 freeze to 1000
[15:25:40.134] [SEVERE ] player 2 placing token on slot 5
[15:25:40.160] [SEVERE ] updating countdown to 26000
[15:25:40.243] [SEVERE ] player 2 placing token on slot 7
[15:25:40.244] [SEVERE ] setting player 2 freeze to 3000
[15:25:40.375] [SEVERE ] setting player 4 freeze to 1000
[15:25:40.610] [SEVERE ] setting player 3 freeze to 2000
[15:25:41.128] [SEVERE ] setting player 1 freeze to 0
[15:25:41.169] [SEVERE ] updating countdown to 25000
[15:25:41.252] [SEVERE ] setting player 2 freeze to 2000
[15:25:41.377] [SEVERE ] setting player 4 freeze to 0
[15:25:41.612] [SEVERE ] setting player 3 freeze to 1000
[15:25:41.683] [SEVERE ] removing player 1 token from slot 2
[15:25:41.700] [SEVERE ] removing player 4 token from slot 5
[15:25:41.784] [SEVERE ] player 1 placing token on slot 9
[15:25:41.785] [SEVERE ] setting player 1 freeze to 3000
[15:25:41.801] [SEVERE ] player 4 placing token on slot 6
[15:25:41.802] [SEVERE ] setting player 4 freeze to 3000
[15:25:42.176] [SEVERE ] updating countdown to 24000
[15:25:42.259] [SEVERE ] setting player 2 freeze to 1000
[15:25:42.626] [SEVERE ] setting player 3 freeze to 0
[15:25:42.808] [SEVERE ] setting player 1 freeze to 2000
[15:25:42.808] [SEVERE ] setting player 4 freeze to 2000
[15:25:42.858] [SEVERE ] removing player 3 token from slot 11
[15:25:42.966] [SEVERE ] removing player 3 token from slot 9
[15:25:43.072] [SEVERE ] player 3 placing token on slot 7
[15:25:43.175] [SEVERE ] removing player 3 token from slot 7
[15:25:43.187] [SEVERE ] updating countdown to 23000
[15:25:43.265] [SEVERE ] setting player 2 freeze to 0
[15:25:43.285] [SEVERE ] player 3 placing token on slot 9
[15:25:43.392] [SEVERE ] player 3 placing token on slot 4
[15:25:43.392] [SEVERE ] setting player 3 freeze to 3000
[15:25:43.705] [SEVERE ] removing player 2 token from slot 1
[15:25:43.814] [SEVERE ] setting player 1 freeze to 1000
[15:25:43.814] [SEVERE ] player 2 placing token on slot 3
[15:25:43.814] [SEVERE ] setting player 4 freeze to 1000
[15:25:43.816] [SEVERE ] setting player 2 score to 1
[15:25:43.816] [SEVERE ] setting player 2 freeze to 1000
[15:25:44.191] [SEVERE ] updating countdown to 22000
[15:25:44.191] [SEVERE ] removing player 2 token from slot 5
[15:25:44.292] [SEVERE ] removing card from slot 5
[15:25:44.292] [SEVERE ] removing player 2 token from slot 7
[15:25:44.400] [SEVERE ] setting player 3 freeze to 2000
[15:25:44.400] [SEVERE ] removing card from slot 7
[15:25:44.400] [SEVERE ] removing player 1 token from slot 3
[15:25:44.400] [SEVERE ] removing player 2 token from slot 3
[15:25:44.400] [SEVERE ] removing player 3 token from slot 3
[15:25:44.508] [SEVERE ] removing card from slot 3
[15:25:44.617] [SEVERE ] placing card 14 in slot 3
[15:25:44.733] [SEVERE ] placing card 20 in slot 5
[15:25:44.816] [SEVERE ] setting player 2 freeze to 0
[15:25:44.816] [SEVERE ] setting player 4 freeze to 0
[15:25:44.816] [SEVERE ] setting player 1 freeze to 0
[15:25:44.849] [SEVERE ] placing card 16 in slot 7
[15:25:44.923] [SEVERE ] player 2 placing token on slot 0
[15:25:44.923] [SEVERE ] player 1 placing token on slot 7
[15:25:44.924] [SEVERE ] setting player 1 freeze to 3000
[15:25:45.031] [SEVERE ] removing player 2 token from slot 0
[15:25:45.139] [SEVERE ] removing player 4 token from slot 1
[15:25:45.139] [SEVERE ] player 2 placing token on slot 1
[15:25:45.253] [SEVERE ] player 2 placing token on slot 6
[15:25:45.253] [SEVERE ] removing player 4 token from slot 9
[15:25:45.361] [SEVERE ] player 4 placing token on slot 3
[15:25:45.361] [SEVERE ] player 2 placing token on slot 8
[15:25:45.362] [SEVERE ] setting player 2 freeze to 3000
[15:25:45.402] [SEVERE ] setting player 3 freeze to 1000
[15:25:45.476] [SEVERE ] player 4 placing token on slot 9
[15:25:45.476] [SEVERE ] setting player 4 freeze to 3000
[15:25:45.856] [SEVERE ] updating countdown to 21000
[15:25:45.925] [SEVERE ] setting player 1 freeze to 2000
[15:25:46.372] [SEVERE ] setting player 2 freeze to 2000
[15:25:46.405] [SEVERE ] setting player 3 freeze to 0
[15:25:46.487] [SEVERE ] setting player 4 freeze to 2000
[15:25:46.519] [SEVERE ] player 3 placing token on slot 10
[15:25:46.521] [SEVERE ] setting player 3 freeze to 3000
[15:25:46.865] [SEVERE ] updating countdown to 20000
[15:25:46.933] [SEVERE ] setting player 1 freeze to 1000
[15:25:47.385] [SEVERE ] setting player 2 freeze to 1000
[15:25:47.493] [SEVERE ] setting player 4 freeze to 1000
[15:25:47.534] [SEVERE ] setting player 3 freeze to 2000
[15:25:47.873] [SEVERE ] updating countdown to 19000
[15:25:47.937] [SEVERE ] setting player 1 freeze to 0
[15:25:48.371] [SEVERE ] removing player 1 token from slot 11
[15:25:48.395] [SEVERE ] setting player 2 freeze to 0
[15:25:48.478] [SEVERE ] player 1 placing token on slot 2
[15:25:48.478] [SEVERE ] setting player 1 freeze to 3000
[15:25:48.495] [SEVERE ] setting player 4 freeze to 0
[15:25:48.503] [SEVERE ] removing player 2 token from slot 1
[15:25:48.544] [SEVERE ] setting player 3 freeze to 1000
[15:25:48.603] [SEVERE ] removing player 4 token from slot 9
[15:25:48.603] [SEVERE ] player 2 placing token on slot 3
[15:25:48.605] [SEVERE ] setting player 2 freeze to 3000
[15:25:48.712] [SEVERE ] removing player 4 token from slot 6
[15:25:48.825] [SEVERE ] player 4 placing token on slot 6
[15:25:48.875] [SEVERE ] updating countdown to 18000
[15:25:48.939] [SEVERE ] removing player 4 token from slot 6
[15:25:49.045] [SEVERE ] player 4 placing token on slot 4
[15:25:49.153] [SEVERE ] removing player 4 token from slot 4
[15:25:49.261] [SEVERE ] player 4 placing token on slot 0
[15:25:49.371] [SEVERE ] player 4 placing token on slot 7
[15:25:49.373] [SEVERE ] setting player 4 freeze to 3000
[15:25:49.485] [SEVERE ] setting player 1 freeze to 2000
[15:25:49.555] [SEVERE ] setting player 3 freeze to 0
[15:25:49.612] [SEVERE ] setting player 2 freeze to 2000
[15:25:49.879] [SEVERE ] updating countdown to 17000
[15:25:50.092] [SEVERE ] removing player 3 token from slot 4
[15:25:50.204] [SEVERE ] player 3 placing token on slot 4
[15:25:50.205] [SEVERE ] setting player 3 freeze to 3000
[15:25:50.373] [SEVERE ] setting player 4 freeze to 2000
[15:25:50.500] [SEVERE ] setting player 1 freeze to 1000
[15:25:50.624] [SEVERE ] setting player 2 freeze to 1000
[15:25:50.886] [SEVERE ] updating countdown to 16000
[15:25:51.219] [SEVERE ] setting player 3 freeze to 2000
[15:25:51.386] [SEVERE ] setting player 4 freeze to 1000
[15:25:51.505] [SEVERE ] setting player 1 freeze to 0
[15:25:51.640] [SEVERE ] setting player 2 freeze to 0
[15:25:51.824] [SEVERE ] removing player 1 token from slot 7
[15:25:51.900] [SEVERE ] updating countdown to 15000
[15:25:51.934] [SEVERE ] removing player 1 token from slot 2
[15:25:52.039] [SEVERE ] player 1 placing token on slot 2
[15:25:52.142] [SEVERE ] player 1 placing token on slot 10
[15:25:52.143] [SEVERE ] setting player 1 freeze to 3000
[15:25:52.225] [SEVERE ] setting player 3 freeze to 1000
[15:25:52.390] [SEVERE ] setting player 4 freeze to 0
[15:25:52.579] [SEVERE ] removing player 2 token from slot 6
[15:25:52.680] [SEVERE ] player 2 placing token on slot 0
[15:25:52.680] [SEVERE ] setting player 2 freeze to 3000
[15:25:52.811] [SEVERE ] removing player 4 token from slot 3
[15:25:52.903] [SEVERE ] updating countdown to 14000
[15:25:52.915] [SEVERE ] player 4 placing token on slot 4
[15:25:52.915] [SEVERE ] setting player 4 freeze to 3000
[15:25:53.149] [SEVERE ] setting player 1 freeze to 2000
[15:25:53.235] [SEVERE ] setting player 3 freeze to 0
[15:25:53.692] [SEVERE ] setting player 2 freeze to 2000
[15:25:53.875] [SEVERE ] removing player 3 token from slot 4
[15:25:53.905] [SEVERE ] updating countdown to 13000
[15:25:53.923] [SEVERE ] setting player 4 freeze to 2000
[15:25:53.979] [SEVERE ] player 3 placing token on slot 0
[15:25:53.979] [SEVERE ] setting player 3 score to 2
[15:25:53.979] [SEVERE ] setting player 3 freeze to 1000
[15:25:54.160] [SEVERE ] setting player 1 freeze to 1000
[15:25:54.700] [SEVERE ] setting player 2 freeze to 1000
[15:25:54.908] [SEVERE ] updating countdown to 12000
[15:25:54.908] [SEVERE ] removing player 1 token from slot 9
[15:25:54.908] [SEVERE ] removing player 3 token from slot 9
[15:25:54.925] [SEVERE ] setting player 4 freeze to 1000
[15:25:54.983] [SEVERE ] setting player 3 freeze to 0
[15:25:55.015] [SEVERE ] removing card from slot 9
[15:25:55.015] [SEVERE ] removing player 1 token from slot 10
[15:25:55.016] [SEVERE ] removing player 3 token from slot 10
[15:25:55.092] [SEVERE ] player 3 placing token on slot 8
[15:25:55.125] [SEVERE ] removing card from slot 10
[15:25:55.125] [SEVERE ] removing player 2 token from slot 0
[15:25:55.125] [SEVERE ] removing player 3 token from slot 0
[15:25:55.125] [SEVERE ] removing player 4 token from slot 0
[15:25:55.167] [SEVERE ] setting player 1 freeze to 0
[15:25:55.200] [SEVERE ] player 3 placing token on slot 11
[15:25:55.233] [SEVERE ] removing card from slot 0
[15:25:55.275] [SEVERE ] player 1 placing token on slot 7
[15:25:55.303] [SEVERE ] player 3 placing token on slot 6
[15:25:55.304] [SEVERE ] setting player 3 freeze to 3000
[15:25:55.350] [SEVERE ] placing card 21 in slot 0
[15:25:55.375] [SEVERE ] player 1 placing token on slot 3
[15:25:55.375] [SEVERE ] setting player 1 freeze to 3000
[15:25:55.455] [SEVERE ] placing card 32 in slot 9
[15:25:55.556] [SEVERE ] placing card 17 in slot 10
[15:25:55.709] [SEVERE ] setting player 2 freeze to 0
[15:25:55.821] [SEVERE ] player 2 placing token on slot 6
[15:25:55.823] [SEVERE ] setting player 2 freeze to 3000
[15:25:55.933] [SEVERE ] setting player 4 freeze to 0
[15:25:56.045] [SEVERE ] player 4 placing token on slot 8
[15:25:56.045] [SEVERE ] setting player 4 freeze to 3000
[15:25:56.315] [SEVERE ] setting player 3 freeze to 2000
[15:25:56.378] [SEVERE ] setting player 1 freeze to 2000
[15:25:56.568] [SEVERE ] updating countdown to 11000
[15:25:56.839] [SEVERE ] setting player 2 freeze to 2000
[15:25:57.061] [SEVERE ] setting player 4 freeze to 2000
[15:25:57.331] [SEVERE ] setting player 3 freeze to 1000
[15:25:57.379] [SEVERE ] setting player 1 freeze to 1000
[15:25:57.571] [SEVERE ] updating countdown to 10000
[15:25:57.843] [SEVERE ] setting player 2 freeze to 1000
[15:25:58.067] [SEVERE ] setting player 4 freeze to 1000
[15:25:58.338] [SEVERE ] setting player 3 freeze to 0
[15:25:58.387] [SEVERE ] setting player 1 freeze to 0
[15:25:58.499] [SEVERE ] removing player 1 token from slot 3
[15:25:58.578] [SEVERE ] updating countdown to 9000
[15:25:58.611] [SEVERE ] player 1 placing token on slot 3
[15:25:58.611] [SEVERE ] setting player 1 freeze to 3000
[15:25:58.851] [SEVERE ] setting player 2 freeze to 0
[15:25:59.074] [SEVERE ] setting player 4 freeze to 0
[15:25:59.186] [SEVERE ] removing player 2 token from slot 3
[15:25:59.296] [SEVERE ] player 2 placing token on slot 2
[15:25:59.296] [SEVERE ] setting player 2 freeze to 3000
[15:25:59.582] [SEVERE ] updating countdown to 8000
[15:25:59.615] [SEVERE ] setting player 1 freeze to 2000
[15:26:00.124] [SEVERE ] removing player 3 token from slot 8
[15:26:00.236] [SEVERE ] player 3 placing token on slot 1
[15:26:00.236] [SEVERE ] setting player 3 freeze to 3000
[15:26:00.299] [SEVERE ] setting player 2 freeze to 2000
[15:26:00.426] [SEVERE ] removing player 4 token from slot 4
[15:26:00.545] [SEVERE ] player 4 placing token on slot 11
[15:26:00.550] [SEVERE ] setting player 4 freeze to 3000
[15:26:00.601] [SEVERE ] updating countdown to 7000
[15:26:00.616] [SEVERE ] setting player 1 freeze to 1000
[15:26:01.255] [SEVERE ] setting player 3 freeze to 2000
[15:26:01.315] [SEVERE ] setting player 2 freeze to 1000
[15:26:01.552] [SEVERE ] setting player 4 freeze to 2000
[15:26:01.616] [SEVERE ] updating countdown to 6000
[15:26:01.632] [SEVERE ] setting player 1 freeze to 0
[15:26:01.966] [SEVERE ] removing player 1 token from slot 2
[15:26:02.077] [SEVERE ] player 1 placing token on slot 5
[15:26:02.077] [SEVERE ] setting player 1 freeze to 3000
[15:26:02.268] [SEVERE ] setting player 3 freeze to 1000
[15:26:02.316] [SEVERE ] setting player 2 freeze to 0
[15:26:02.554] [SEVERE ] setting player 4 freeze to 1000
[15:26:02.618] [SEVERE ] updating countdown to 5000
[15:26:02.763] [SEVERE ] removing player 2 token from slot 6
[15:26:02.875] [SEVERE ] player 2 placing token on slot 4
[15:26:02.876] [SEVERE ] setting player 2 freeze to 3000
[15:26:03.082] [SEVERE ] setting player 1 freeze to 2000
[15:26:03.275] [SEVERE ] setting player 3 freeze to 0
[15:26:03.562] [SEVERE ] setting player 4 freeze to 0
[15:26:03.609] [SEVERE ] removing player 3 token from slot 6
[15:26:03.625] [SEVERE ] updating countdown to 4000
[15:26:03.721] [SEVERE ] player 3 placing token on slot 2
[15:26:03.721] [SEVERE ] setting player 3 freeze to 3000
[15:26:03.880] [SEVERE ] setting player 2 freeze to 2000
[15:26:03.896] [SEVERE ] removing player 4 token from slot 7
[15:26:04.008] [SEVERE ] player 4 placing token on slot 1
[15:26:04.008] [SEVERE ] setting player 4 freeze to 3000
[15:26:04.088] [SEVERE ] setting player 1 freeze to 1000
[15:26:04.631] [SEVERE ] updating countdown to 3000
[15:26:04.727] [SEVERE ] setting player 3 freeze to 2000
[15:26:04.886] [SEVERE ] setting player 2 freeze to 1000
[15:26:05.014] [SEVERE ] setting player 4 freeze to 2000
[15:26:05.094] [SEVERE ] setting player 1 freeze to 0
[15:26:05.205] [SEVERE ] removing player 1 token from slot 7
[15:26:05.316] [SEVERE ] player 1 placing token on slot 4
[15:26:05.316] [SEVERE ] setting player 1 freeze to 3000
[15:26:05.631] [SEVERE ] updating countdown to 2000
[15:26:05.744] [SEVERE ] setting player 3 freeze to 1000
[15:26:05.901] [SEVERE ] setting player 2 freeze to 0
[15:26:06.028] [SEVERE ] setting player 4 freeze to 1000
[15:26:06.330] [SEVERE ] setting player 1 freeze to 2000
[15:26:06.346] [SEVERE ] removing player 2 token from slot 8
[15:26:06.457] [SEVERE ] player 2 placing token on slot 11
[15:26:06.457] [SEVERE ] setting player 2 freeze to 3000
[15:26:06.632] [SEVERE ] updating countdown to 1000
[15:26:06.759] [SEVERE ] setting player 3 freeze to 0
[15:26:06.870] [SEVERE ] removing player 3 token from slot 11
[15:26:06.982] [SEVERE ] removing player 3 token from slot 1
[15:26:07.030] [SEVERE ] setting player 4 freeze to 0
[15:26:07.095] [SEVERE ] player 3 placing token on slot 3
[15:26:07.142] [SEVERE ] removing player 4 token from slot 8
[15:26:07.205] [SEVERE ] player 3 placing token on slot 7
[15:26:07.205] [SEVERE ] setting player 3 freeze to 3000
[15:26:07.253] [SEVERE ] player 4 placing token on slot 8
[15:26:07.253] [SEVERE ] setting player 4 freeze to 3000
[15:26:07.332] [SEVERE ] setting player 1 freeze to 1000
[15:26:07.460] [SEVERE ] setting player 2 freeze to 2000
[15:26:07.635] [SEVERE ] updating countdown to 0
[15:26:08.207] [SEVERE ] setting player 3 freeze to 2000
[15:26:08.270] [SEVERE ] setting player 4 freeze to 2000
[15:26:08.333] [SEVERE ] setting player 1 freeze to 0
[15:26:08.461] [SEVERE ] setting player 2 freeze to 1000
[15:26:08.635] [SEVERE ] removing player 1 token from slot 3
[15:26:08.635] [SEVERE ] removing player 1 token from slot 5
[15:26:08.635] [SEVERE ] removing player 1 token from slot 4
[15:26:08.635] [SEVERE ] removing player 2 token from slot 2
[15:26:08.635] [SEVERE ] removing player 2 token from slot 4
[15:26:08.635] [SEVERE ] removing player 2 token from slot 11
[15:26:08.635] [SEVERE ] removing player 3 token from slot 2
[15:26:08.635] [SEVERE ] removing player 3 token from slot 3
[15:26:08.635] [SEVERE ] removing player 3 token from slot 7
[15:26:08.635] [SEVERE ] removing player 4 token from slot 11
[15:26:08.635] [SEVERE ] removing player 4 token from slot 1
[15:26:08.635] [SEVERE ] removing player 4 token from slot 8
[15:26:08.747] [SEVERE ] removing card from slot 0
[15:26:08.859] [SEVERE ] removing card from slot 1
[15:26:08.970] [SEVERE ] removing card from slot 2
[15:26:09.081] [SEVERE ] removing card from slot 3
[15:26:09.192] [SEVERE ] removing card from slot 4
[15:26:09.208] [SEVERE ] setting player 3 freeze to 1000
[15:26:09.272] [SEVERE ] setting player 4 freeze to 1000
[15:26:09.304] [SEVERE ] removing card from slot 5
[15:26:09.415] [SEVERE ] removing card from slot 6
[15:26:09.463] [SEVERE ] setting player 2 freeze to 0
[15:26:09.526] [SEVERE ] removing card from slot 7
[15:26:09.637] [SEVERE ] removing card from slot 8
[15:26:09.749] [SEVERE ] removing card from slot 9
[15:26:09.859] [SEVERE ] removing card from slot 10
[15:26:09.970] [SEVERE ] removing card from slot 11
[15:26:10.082] [SEVERE ] placing card 2 in slot 0
[15:26:10.194] [SEVERE ] placing card 3 in slot 1
[15:26:10.210] [SEVERE ] setting player 3 freeze to 0
[15:26:10.274] [SEVERE ] setting player 4 freeze to 0
[15:26:10.305] [SEVERE ] placing card 64 in slot 2
[15:26:10.416] [SEVERE ] placing card 37 in slot 3
[15:26:10.529] [SEVERE ] placing card 77 in slot 4
[15:26:10.640] [SEVERE ] placing card 26 in slot 5
[15:26:10.751] [SEVERE ] placing card 11 in slot 6
[15:26:10.862] [SEVERE ] placing card 74 in slot 7
[15:26:10.973] [SEVERE ] placing card 9 in slot 8
[15:26:11.085] [SEVERE ] placing card 10 in slot 9
[15:26:11.196] [SEVERE ] placing card 52 in slot 10
[15:26:11.307] [SEVERE ] placing card 63 in slot 11
[15:26:11.307] [SEVERE ] updating countdown to 60000
[15:26:11.323] [SEVERE ] player 3 placing token on slot 9
[15:26:11.339] [SEVERE ] player 1 placing token on slot 4
[15:26:11.356] [SEVERE ] player 2 placing token on slot 10
[15:26:11.387] [SEVERE ] player 4 placing token on slot 9
[15:26:11.435] [SEVERE ] player 3 placing token on slot 3
[15:26:11.451] [SEVERE ] player 1 placing token on slot 9
[15:26:11.466] [SEVERE ] player 2 placing token on slot 9
[15:26:11.498] [SEVERE ] player 4 placing token on slot 0
[15:26:11.545] [SEVERE ] player 3 placing token on slot 5
[15:26:11.545] [SEVERE ] setting player 3 freeze to 3000
[15:26:11.561] [SEVERE ] player 1 placing token on slot 6
[15:26:11.563] [SEVERE ] setting player 1 freeze to 3000
[15:26:11.577] [SEVERE ] player 2 placing token on slot 1
[15:26:11.577] [SEVERE ] setting player 2 freeze to 3000
[15:26:11.610] [SEVERE ] removing player 4 token from slot 0
[15:26:11.721] [SEVERE ] player 4 placing token on slot 7
[15:26:11.832] [SEVERE ] player 4 placing token on slot 8
[15:26:11.832] [SEVERE ] setting player 4 freeze to 3000
[15:26:12.322] [SEVERE ] updating countdown to 59000
[15:26:12.546] [SEVERE ] setting player 3 freeze to 2000
[15:26:12.578] [SEVERE ] setting player 1 freeze to 2000
[15:26:12.578] [SEVERE ] setting player 2 freeze to 2000
[15:26:12.836] [SEVERE ] setting player 4 freeze to 2000
[15:26:13.326] [SEVERE ] updating countdown to 58000
[15:26:13.550] [SEVERE ] setting player 3 freeze to 1000
[15:26:13.581] [SEVERE ] setting player 1 freeze to 1000
[15:26:13.581] [SEVERE ] setting player 2 freeze to 1000
[15:26:13.852] [SEVERE ] setting player 4 freeze to 1000
[15:26:14.329] [SEVERE ] updating countdown to 57000
[15:26:14.551] [SEVERE ] setting player 3 freeze to 0
[15:26:14.583] [SEVERE ] setting player 1 freeze to 0
[15:26:14.583] [SEVERE ] setting player 2 freeze to 0
[15:26:14.806] [SEVERE ] removing player 2 token from slot 10
[15:26:14.806] [SEVERE ] removing player 1 token from slot 4
[15:26:14.854] [SEVERE ] setting player 4 freeze to 0
[15:26:14.917] [SEVERE ] player 2 placing token on slot 5
[15:26:14.917] [SEVERE ] player 1 placing token on slot 10
[15:26:14.917] [SEVERE ] setting player 1 freeze to 3000
[15:26:14.923] [SEVERE ] setting player 2 score to 2
[15:26:14.923] [SEVERE ] setting player 2 freeze to 1000
[15:26:14.996] [SEVERE ] removing player 3 token from slot 9
[15:26:15.108] [SEVERE ] player 3 placing token on slot 6
[15:26:15.108] [SEVERE ] setting player 3 freeze to 3000
[15:26:15.300] [SEVERE ] removing player 4 token from slot 7
[15:26:15.331] [SEVERE ] updating countdown to 56000
[15:26:15.331] [SEVERE ] removing player 1 token from slot 9
[15:26:15.331] [SEVERE ] removing player 2 token from slot 9
[15:26:15.331] [SEVERE ] removing player 4 token from slot 9
[15:26:15.410] [SEVERE ] player 4 placing token on slot 10
[15:26:15.442] [SEVERE ] removing card from slot 9
[15:26:15.442] [SEVERE ] removing player 2 token from slot 1
[15:26:15.521] [SEVERE ] player 4 placing token on slot 2
[15:26:15.521] [SEVERE ] setting player 4 freeze to 3000
[15:26:15.553] [SEVERE ] removing card from slot 1
[15:26:15.553] [SEVERE ] removing player 2 token from slot 5
[15:26:15.553] [SEVERE ] removing player 3 token from slot 5
[15:26:15.665] [SEVERE ] removing card from slot 5
[15:26:15.776] [SEVERE ] placing card 53 in slot 1
[15:26:15.887] [SEVERE ] placing card 59 in slot 5
[15:26:15.935] [SEVERE ] setting player 2 freeze to 0
[15:26:15.935] [SEVERE ] setting player 1 freeze to 2000
[15:26:16.000] [SEVERE ] placing card 0 in slot 9
[15:26:16.047] [SEVERE ] player 2 placing token on slot 4
[15:26:16.110] [SEVERE ] setting player 3 freeze to 2000
[15:26:16.158] [SEVERE ] player 2 placing token on slot 9
[15:26:16.270] [SEVERE ] player 2 placing token on slot 3
[15:26:16.270] [SEVERE ] setting player 2 freeze to 3000
[15:26:16.523] [SEVERE ] setting player 4 freeze to 2000
[15:26:16.938] [SEVERE ] setting player 1 freeze to 1000
[15:26:17.002] [SEVERE ] updating countdown to 55000
[15:26:17.113] [SEVERE ] setting player 3 freeze to 1000
[15:26:17.273] [SEVERE ] setting player 2 freeze to 2000
[15:26:17.528] [SEVERE ] setting player 4 freeze to 1000
[15:26:17.941] [SEVERE ] setting player 1 freeze to 0
[15:26:18.005] [SEVERE ] updating countdown to 54000
[15:26:18.052] [SEVERE ] player 1 placing token on slot 3
[15:26:18.053] [SEVERE ] setting player 1 freeze to 3000
[15:26:18.116] [SEVERE ] setting player 3 freeze to 0
[15:26:18.228] [SEVERE ] player 3 placing token on slot 10
[15:26:18.228] [SEVERE ] setting player 3 freeze to 3000
[15:26:18.275] [SEVERE ] setting player 2 freeze to 1000
[15:26:18.530] [SEVERE ] setting player 4 freeze to 0
[15:26:19.008] [SEVERE ] updating countdown to 53000
[15:26:19.056] [SEVERE ] setting player 1 freeze to 2000
[15:26:19.088] [SEVERE ] removing player 4 token from slot 8
[15:26:19.200] [SEVERE ] player 4 placing token on slot 3
[15:26:19.200] [SEVERE ] setting player 4 freeze to 3000
[15:26:19.232] [SEVERE ] setting player 3 freeze to 2000
[15:26:19.280] [SEVERE ] setting player 2 freeze to 0
[15:26:19.503] [SEVERE ] removing player 2 token from slot 4
[15:26:19.614] [SEVERE ] player 2 placing token on slot 7
[15:26:19.616] [SEVERE ] setting player 2 score to 3
[15:26:19.616] [SEVERE ] setting player 2 freeze to 1000
[15:26:20.011] [SEVERE ] updating countdown to 52000
[15:26:20.011] [SEVERE ] removing player 2 token from slot 9
[15:26:20.059] [SEVERE ] setting player 1 freeze to 1000
[15:26:20.122] [SEVERE ] removing card from slot 9
[15:26:20.125] [SEVERE ] removing player 1 token from slot 3
[15:26:20.125] [SEVERE ] removing player 2 token from slot 3
[15:26:20.125] [SEVERE ] removing player 3 token from slot 3
[15:26:20.125] [SEVERE ] removing player 4 token from slot 3
[15:26:20.203] [SEVERE ] setting player 4 freeze to 2000
[15:26:20.235] [SEVERE ] setting player 3 freeze to 1000
[15:26:20.235] [SEVERE ] removing card from slot 3
[15:26:20.235] [SEVERE ] removing player 2 token from slot 7
[15:26:20.347] [SEVERE ] removing card from slot 7
[15:26:20.459] [SEVERE ] placing card 71 in slot 3
[15:26:20.570] [SEVERE ] placing card 79 in slot 7
[15:26:20.618] [SEVERE ] setting player 2 freeze to 0
[15:26:20.681] [SEVERE ] placing card 4 in slot 9
[15:26:20.728] [SEVERE ] player 2 placing token on slot 5
[15:26:20.839] [SEVERE ] player 2 placing token on slot 6
[15:26:20.951] [SEVERE ] player 2 placing token on slot 3
[15:26:20.953] [SEVERE ] setting player 2 freeze to 3000
[15:26:21.061] [SEVERE ] setting player 1 freeze to 0
[15:26:21.173] [SEVERE ] player 1 placing token on slot 9
[15:26:21.174] [SEVERE ] setting player 1 freeze to 3000
[15:26:21.205] [SEVERE ] setting player 4 freeze to 1000
[15:26:21.236] [SEVERE ] setting player 3 freeze to 0
[15:26:21.348] [SEVERE ] player 3 placing token on slot 3
[15:26:21.348] [SEVERE ] setting player 3 freeze to 3000
[15:26:21.681] [SEVERE ] updating countdown to 51000
[15:26:21.968] [SEVERE ] setting player 2 freeze to 2000
[15:26:22.189] [SEVERE ] setting player 1 freeze to 2000
[15:26:22.205] [SEVERE ] setting player 4 freeze to 0
[15:26:22.317] [SEVERE ] player 4 placing token on slot 7
[15:26:22.317] [SEVERE ] setting player 4 freeze to 3000
[15:26:22.349] [SEVERE ] setting player 3 freeze to 2000
[15:26:22.685] [SEVERE ] updating countdown to 50000
[15:26:22.973] [SEVERE ] setting player 2 freeze to 1000
[15:26:23.194] [SEVERE ] setting player 1 freeze to 1000
[15:26:23.321] [SEVERE ] setting player 4 freeze to 2000
[15:26:23.353] [SEVERE ] setting player 3 freeze to 1000
[15:26:23.700] [SEVERE ] updating countdown to 49000
[15:26:23.986] [SEVERE ] setting player 2 freeze to 0
[15:26:24.097] [SEVERE ] removing player 2 token from slot 3
[15:26:24.208] [SEVERE ] setting player 1 freeze to 0
[15:26:24.208] [SEVERE ] player 2 placing token on slot 1
[15:26:24.210] [SEVERE ] setting player 2 score to 4
[15:26:24.210] [SEVERE ] setting player 2 freeze to 1000
[15:26:24.335] [SEVERE ] setting player 4 freeze to 1000
[15:26:24.366] [SEVERE ] setting player 3 freeze to 0
[15:26:24.715] [SEVERE ] updating countdown to 48000
[15:26:24.715] [SEVERE ] removing player 2 token from slot 5
[15:26:24.764] [SEVERE ] removing player 1 token from slot 6
[15:26:24.811] [SEVERE ] removing player 3 token from slot 3
[15:26:24.826] [SEVERE ] removing card from slot 5
[15:26:24.826] [SEVERE ] removing player 2 token from slot 6
[15:26:24.826] [SEVERE ] removing player 3 token from slot 6
[15:26:24.874] [SEVERE ] player 1 placing token on slot 8
[15:26:24.874] [SEVERE ] setting player 1 freeze to 3000
[15:26:24.921] [SEVERE ] player 3 placing token on slot 1
[15:26:24.937] [SEVERE ] removing card from slot 6
[15:26:24.937] [SEVERE ] removing player 2 token from slot 1
[15:26:24.937] [SEVERE ] removing player 3 token from slot 1
[15:26:25.048] [SEVERE ] removing card from slot 1
[15:26:25.048] [SEVERE ] player 3 placing token on slot 1
[15:26:25.159] [SEVERE ] placing card 42 in slot 1
[15:26:25.159] [SEVERE ] player 3 placing token on slot 3
[15:26:25.159] [SEVERE ] setting player 3 freeze to 3000
[15:26:25.222] [SEVERE ] setting player 2 freeze to 0
[15:26:25.269] [SEVERE ] placing card 33 in slot 5
[15:26:25.333] [SEVERE ] player 2 placing token on slot 7
[15:26:25.349] [SEVERE ] setting player 4 freeze to 0
[15:26:25.380] [SEVERE ] placing card 36 in slot 6
[15:26:25.439] [SEVERE ] player 2 placing token on slot 9
[15:26:25.542] [SEVERE ] player 2 placing token on slot 1
[15:26:25.542] [SEVERE ] setting player 2 freeze to 3000
[15:26:25.574] [SEVERE ] removing player 4 token from slot 7
[15:26:25.686] [SEVERE ] removing player 4 token from slot 10
[15:26:25.796] [SEVERE ] player 4 placing token on slot 8
[15:26:25.876] [SEVERE ] setting player 1 freeze to 2000
[15:26:25.907] [SEVERE ] player 4 placing token on slot 1
[15:26:25.907] [SEVERE ] setting player 4 freeze to 3000
[15:26:26.162] [SEVERE ] setting player 3 freeze to 2000
[15:26:26.385] [SEVERE ] updating countdown to 47000
[15:26:26.543] [SEVERE ] setting player 2 freeze to 2000
[15:26:26.878] [SEVERE ] setting player 1 freeze to 1000
[15:26:26.911] [SEVERE ] setting player 4 freeze to 2000
[15:26:27.167] [SEVERE ] setting player 3 freeze to 1000
[15:26:27.391] [SEVERE ] updating countdown to 46000
[15:26:27.550] [SEVERE ] setting player 2 freeze to 1000
[15:26:27.884] [SEVERE ] setting player 1 freeze to 0
[15:26:27.916] [SEVERE ] setting player 4 freeze to 1000
[15:26:27.994] [SEVERE ] removing player 1 token from slot 10
[15:26:28.105] [SEVERE ] player 1 placing token on slot 11
[15:26:28.105] [SEVERE ] setting player 1 freeze to 3000
[15:26:28.169] [SEVERE ] setting player 3 freeze to 0
[15:26:28.280] [SEVERE ] removing player 3 token from slot 3
[15:26:28.393] [SEVERE ] updating countdown to 45000
[15:26:28.393] [SEVERE ] player 3 placing token on slot 0
[15:26:28.394] [SEVERE ] setting player 3 freeze to 3000
[15:26:28.552] [SEVERE ] setting player 2 freeze to 0
[15:26:28.920] [SEVERE ] setting player 4 freeze to 0
[15:26:29.110] [SEVERE ] setting player 1 freeze to 2000
[15:26:29.358] [SEVERE ] removing player 4 token from slot 8
[15:26:29.405] [SEVERE ] setting player 3 freeze to 2000
[15:26:29.405] [SEVERE ] updating countdown to 44000
[15:26:29.468] [SEVERE ] player 4 placing token on slot 6
[15:26:29.468] [SEVERE ] setting player 4 freeze to 3000
[15:26:29.675] [SEVERE ] removing player 2 token from slot 1
[15:26:29.787] [SEVERE ] player 2 placing token on slot 6
[15:26:29.787] [SEVERE ] setting player 2 freeze to 3000
[15:26:30.121] [SEVERE ] setting player 1 freeze to 1000
[15:26:30.409] [SEVERE ] updating countdown to 43000
[15:26:30.409] [SEVERE ] setting player 3 freeze to 1000
[15:26:30.473] [SEVERE ] setting player 4 freeze to 2000
[15:26:30.791] [SEVERE ] setting player 2 freeze to 2000
[15:26:31.124] [SEVERE ] setting player 1 freeze to 0
[15:26:31.347] [SEVERE ] removing player 1 token from slot 11
[15:26:31.411] [SEVERE ] setting player 3 freeze to 0
[15:26:31.411] [SEVERE ] updating countdown to 42000
[15:26:31.458] [SEVERE ] player 1 placing token on slot 2
[15:26:31.458] [SEVERE ] setting player 1 freeze to 3000
[15:26:31.475] [SEVERE ] setting player 4 freeze to 1000
[15:26:31.634] [SEVERE ] removing player 3 token from slot 0
[15:26:31.745] [SEVERE ] player 3 placing token on slot 11
[15:26:31.751] [SEVERE ] setting player 3 freeze to 3000
[15:26:31.793] [SEVERE ] setting player 2 freeze to 1000
[15:26:32.412] [SEVERE ] updating countdown to 41000
[15:26:32.459] [SEVERE ] setting player 1 freeze to 2000
[15:26:32.475] [SEVERE ] setting player 4 freeze to 0
[15:26:32.762] [SEVERE ] setting player 3 freeze to 2000
[15:26:32.794] [SEVERE ] setting player 2 freeze to 0
[15:26:33.018] [SEVERE ] removing player 2 token from slot 7
[15:26:33.130] [SEVERE ] removing player 2 token from slot 6
[15:26:33.240] [SEVERE ] removing player 2 token from slot 9
[15:26:33.352] [SEVERE ] player 2 placing token on slot 2
[15:26:33.368] [SEVERE ] removing player 4 token from slot 6
[15:26:33.416] [SEVERE ] updating countdown to 40000
[15:26:33.464] [SEVERE ] setting player 1 freeze to 1000
[15:26:33.464] [SEVERE ] player 2 placing token on slot 8
[15:26:33.479] [SEVERE ] player 4 placing token on slot 3
[15:26:33.481] [SEVERE ] setting player 4 freeze to 3000
[15:26:33.575] [SEVERE ] player 2 placing token on slot 4
[15:26:33.575] [SEVERE ] setting player 2 freeze to 3000
[15:26:33.765] [SEVERE ] setting player 3 freeze to 1000
[15:26:34.420] [SEVERE ] updating countdown to 39000
[15:26:34.468] [SEVERE ] setting player 1 freeze to 0
[15:26:34.484] [SEVERE ] setting player 4 freeze to 2000
[15:26:34.579] [SEVERE ] setting player 2 freeze to 2000
[15:26:34.579] [SEVERE ] removing player 1 token from slot 8
[15:26:34.691] [SEVERE ] player 1 placing token on slot 5
[15:26:34.691] [SEVERE ] setting player 1 freeze to 3000
[15:26:34.771] [SEVERE ] setting player 3 freeze to 0
[15:26:35.106] [SEVERE ] removing player 3 token from slot 11
[15:26:35.217] [SEVERE ] player 3 placing token on slot 3
[15:26:35.217] [SEVERE ] setting player 3 freeze to 3000
[15:26:35.425] [SEVERE ] updating countdown to 38000
[15:26:35.488] [SEVERE ] setting player 4 freeze to 1000
[15:26:35.585] [SEVERE ] setting player 2 freeze to 1000
[15:26:35.696] [SEVERE ] setting player 1 freeze to 2000
[15:26:36.220] [SEVERE ] setting player 3 freeze to 2000
[15:26:36.433] [SEVERE ] updating countdown to 37000
[15:26:36.499] [SEVERE ] setting player 4 freeze to 0
[15:26:36.589] [SEVERE ] setting player 2 freeze to 0
[15:26:36.702] [SEVERE ] setting player 1 freeze to 1000
[15:26:36.702] [SEVERE ] removing player 2 token from slot 2
[15:26:36.825] [SEVERE ] player 2 placing token on slot 11
[15:26:36.825] [SEVERE ] setting player 2 freeze to 3000
[15:26:37.033] [SEVERE ] removing player 4 token from slot 1
[15:26:37.141] [SEVERE ] player 4 placing token on slot 9
[15:26:37.143] [SEVERE ] setting player 4 freeze to 3000
[15:26:37.224] [SEVERE ] setting player 3 freeze to 1000
[15:26:37.441] [SEVERE ] updating countdown to 36000
[15:26:37.715] [SEVERE ] setting player 1 freeze to 0
[15:26:37.827] [SEVERE ] setting player 2 freeze to 2000
[15:26:37.827] [SEVERE ] removing player 1 token from slot 2
[15:26:37.935] [SEVERE ] player 1 placing token on slot 4
[15:26:37.936] [SEVERE ] setting player 1 freeze to 3000
[15:26:38.152] [SEVERE ] setting player 4 freeze to 2000
[15:26:38.233] [SEVERE ] setting player 3 freeze to 0
[15:26:38.453] [SEVERE ] updating countdown to 35000
[15:26:38.828] [SEVERE ] setting player 2 freeze to 1000
[15:26:38.945] [SEVERE ] setting player 1 freeze to 2000
[15:26:39.103] [SEVERE ] removing player 3 token from slot 3
[15:26:39.160] [SEVERE ] setting player 4 freeze to 1000
[15:26:39.212] [SEVERE ] removing player 3 token from slot 10
[15:26:39.318] [SEVERE ] player 3 placing token on slot 5
[15:26:39.421] [SEVERE ] player 3 placing token on slot 3
[15:26:39.421] [SEVERE ] setting player 3 freeze to 3000
[15:26:39.461] [SEVERE ] updating countdown to 34000
[15:26:39.833] [SEVERE ] setting player 2 freeze to 0
[15:26:39.953] [SEVERE ] setting player 1 freeze to 1000
[15:26:40.053] [SEVERE ] removing player 2 token from slot 8
[15:26:40.163] [SEVERE ] player 2 placing token on slot 8
[15:26:40.163] [SEVERE ] setting player 4 freeze to 0
[15:26:40.163] [SEVERE ] setting player 2 freeze to 3000
[15:26:40.273] [SEVERE ] removing player 4 token from slot 9
[15:26:40.381] [SEVERE ] player 4 placing token on slot 11
[15:26:40.383] [SEVERE ] setting player 4 freeze to 3000
[15:26:40.424] [SEVERE ] setting player 3 freeze to 2000
[15:26:40.462] [SEVERE ] updating countdown to 33000
[15:26:40.953] [SEVERE ] setting player 1 freeze to 0
[15:26:41.174] [SEVERE ] setting player 2 freeze to 2000
[15:26:41.175] [SEVERE ] removing player 1 token from slot 9
[15:26:41.283] [SEVERE ] player 1 placing token on slot 0
[15:26:41.283] [SEVERE ] setting player 1 freeze to 3000
[15:26:41.386] [SEVERE ] setting player 4 freeze to 2000
[15:26:41.427] [SEVERE ] setting player 3 freeze to 1000
[15:26:41.465] [SEVERE ] updating countdown to 32000
[15:26:42.185] [SEVERE ] setting player 2 freeze to 1000
[15:26:42.283] [SEVERE ] setting player 1 freeze to 2000
[15:26:42.390] [SEVERE ] setting player 4 freeze to 1000
[15:26:42.439] [SEVERE ] setting player 3 freeze to 0
[15:26:42.472] [SEVERE ] updating countdown to 31000
[15:26:42.651] [SEVERE ] removing player 3 token from slot 5
[15:26:42.752] [SEVERE ] player 3 placing token on slot 0
[15:26:42.752] [SEVERE ] setting player 3 freeze to 3000
[15:26:43.188] [SEVERE ] setting player 2 freeze to 0
[15:26:43.289] [SEVERE ] setting player 1 freeze to 1000
[15:26:43.402] [SEVERE ] setting player 4 freeze to 0
[15:26:43.402] [SEVERE ] removing player 2 token from slot 11
[15:26:43.475] [SEVERE ] updating countdown to 30000
[15:26:43.511] [SEVERE ] player 2 placing token on slot 1
[15:26:43.511] [SEVERE ] removing player 4 token from slot 3
[15:26:43.511] [SEVERE ] setting player 2 freeze to 3000
[15:26:43.619] [SEVERE ] player 4 placing token on slot 8
[15:26:43.620] [SEVERE ] setting player 4 freeze to 3000
[15:26:43.753] [SEVERE ] setting player 3 freeze to 2000
[15:26:44.303] [SEVERE ] setting player 1 freeze to 0
[15:26:44.477] [SEVERE ] updating countdown to 29000
[15:26:44.512] [SEVERE ] setting player 2 freeze to 2000
[15:26:44.628] [SEVERE ] setting player 4 freeze to 2000
[15:26:44.768] [SEVERE ] setting player 3 freeze to 1000
[15:26:45.479] [SEVERE ] updating countdown to 28000
[15:26:45.523] [SEVERE ] setting player 2 freeze to 1000
[15:26:45.633] [SEVERE ] setting player 4 freeze to 1000
[15:26:45.692] [SEVERE ] removing player 1 token from slot 4
[15:26:45.773] [SEVERE ] setting player 3 freeze to 0
[15:26:45.805] [SEVERE ] player 1 placing token on slot 8
[15:26:45.806] [SEVERE ] setting player 1 freeze to 3000
[15:26:46.203] [SEVERE ] removing player 3 token from slot 0
[15:26:46.312] [SEVERE ] removing player 3 token from slot 3
[15:26:46.415] [SEVERE ] player 3 placing token on slot 8
[15:26:46.490] [SEVERE ] updating countdown to 27000
[15:26:46.523] [SEVERE ] player 3 placing token on slot 10
[15:26:46.523] [SEVERE ] setting player 3 freeze to 3000
[15:26:46.531] [SEVERE ] setting player 2 freeze to 0
[15:26:46.635] [SEVERE ] setting player 4 freeze to 0
[15:26:46.635] [SEVERE ] removing player 2 token from slot 1
[15:26:46.748] [SEVERE ] player 2 placing token on slot 9
[15:26:46.748] [SEVERE ] setting player 2 freeze to 3000
[15:26:46.814] [SEVERE ] setting player 1 freeze to 2000
[15:26:47.073] [SEVERE ] removing player 4 token from slot 11
[15:26:47.181] [SEVERE ] removing player 4 token from slot 8
[15:26:47.282] [SEVERE ] removing player 4 token from slot 2
[15:26:47.385] [SEVERE ] player 4 placing token on slot 6
[15:26:47.491] [SEVERE ] player 4 placing token on slot 2
[15:26:47.491] [SEVERE ] updating countdown to 26000
[15:26:47.524] [SEVERE ] setting player 3 freeze to 2000
[15:26:47.605] [SEVERE ] player 4 placing token on slot 10
[15:26:47.606] [SEVERE ] setting player 4 freeze to 3000
[15:26:47.753] [SEVERE ] setting player 2 freeze to 2000
[15:26:47.823] [SEVERE ] setting player 1 freeze to 1000
[15:26:48.503] [SEVERE ] updating countdown to 25000
[15:26:48.540] [SEVERE ] setting player 3 freeze to 1000
[15:26:48.615] [SEVERE ] setting player 4 freeze to 2000
[15:26:48.762] [SEVERE ] setting player 2 freeze to 1000
[15:26:48.827] [SEVERE ] setting player 1 freeze to 0
[15:26:49.511] [SEVERE ] updating countdown to 24000
[15:26:49.553] [SEVERE ] setting player 3 freeze to 0
[15:26:49.625] [SEVERE ] setting player 4 freeze to 1000
[15:26:49.775] [SEVERE ] setting player 2 freeze to 0
[15:26:49.883] [SEVERE ] removing player 1 token from slot 0
[15:26:49.983] [SEVERE ] removing player 3 token from slot 8
[15:26:49.991] [SEVERE ] removing player 1 token from slot 8
[15:26:50.090] [SEVERE ] player 3 placing token on slot 7
[15:26:50.090] [SEVERE ] setting player 3 freeze to 3000
[15:26:50.103] [SEVERE ] player 1 placing token on slot 10
[15:26:50.203] [SEVERE ] player 1 placing token on slot 11
[15:26:50.205] [SEVERE ] setting player 1 freeze to 3000
[15:26:50.520] [SEVERE ] updating countdown to 23000
[15:26:50.641] [SEVERE ] setting player 4 freeze to 0
[15:26:50.753] [SEVERE ] removing player 2 token from slot 4
[15:26:50.854] [SEVERE ] player 2 placing token on slot 1
[15:26:50.855] [SEVERE ] setting player 2 freeze to 3000
[15:26:51.070] [SEVERE ] removing player 4 token from slot 2
[15:26:51.103] [SEVERE ] setting player 3 freeze to 2000
[15:26:51.173] [SEVERE ] player 4 placing token on slot 3
[15:26:51.178] [SEVERE ] setting player 4 freeze to 3000
[15:26:51.214] [SEVERE ] setting player 1 freeze to 2000
[15:26:51.520] [SEVERE ] updating countdown to 22000
[15:26:51.873] [SEVERE ] setting player 2 freeze to 2000
[15:26:52.104] [SEVERE ] setting player 3 freeze to 1000
[15:26:52.183] [SEVERE ] setting player 4 freeze to 2000
[15:26:52.227] [SEVERE ] setting player 1 freeze to 1000
[15:26:52.533] [SEVERE ] updating countdown to 21000
[15:26:52.873] [SEVERE ] setting player 2 freeze to 1000
[15:26:53.115] [SEVERE ] setting player 3 freeze to 0
[15:26:53.191] [SEVERE ] setting player 4 freeze to 1000
[15:26:53.233] [SEVERE ] setting player 1 freeze to 0
[15:26:53.340] [SEVERE ] removing player 3 token from slot 7
[15:26:53.453] [SEVERE ] player 3 placing token on slot 3
[15:26:53.455] [SEVERE ] setting player 3 freeze to 3000
[15:26:53.540] [SEVERE ] updating countdown to 20000
[15:26:53.881] [SEVERE ] setting player 2 freeze to 0
[15:26:54.090] [SEVERE ] removing player 2 token from slot 1
[15:26:54.192] [SEVERE ] player 2 placing token on slot 7
[15:26:54.192] [SEVERE ] setting player 2 freeze to 3000
[15:26:54.203] [SEVERE ] setting player 4 freeze to 0
[15:26:54.303] [SEVERE ] removing player 1 token from slot 5
[15:26:54.405] [SEVERE ] removing player 1 token from slot 11
[15:26:54.415] [SEVERE ] removing player 4 token from slot 6
[15:26:54.464] [SEVERE ] setting player 3 freeze to 2000
[15:26:54.514] [SEVERE ] player 1 placing token on slot 6
[15:26:54.524] [SEVERE ] player 4 placing token on slot 6
[15:26:54.527] [SEVERE ] setting player 4 freeze to 3000
[15:26:54.550] [SEVERE ] updating countdown to 19000
[15:26:54.623] [SEVERE ] player 1 placing token on slot 7
[15:26:54.623] [SEVERE ] setting player 1 freeze to 3000
[15:26:55.199] [SEVERE ] setting player 2 freeze to 2000
[15:26:55.475] [SEVERE ] setting player 3 freeze to 1000
[15:26:55.528] [SEVERE ] setting player 4 freeze to 2000
[15:26:55.561] [SEVERE ] updating countdown to 18000
[15:26:55.628] [SEVERE ] setting player 1 freeze to 2000
[15:26:56.200] [SEVERE ] setting player 2 freeze to 1000
[15:26:56.486] [SEVERE ] setting player 3 freeze to 0
[15:26:56.535] [SEVERE ] setting player 4 freeze to 1000
[15:26:56.568] [SEVERE ] updating countdown to 17000
[15:26:56.602] [SEVERE ] removing player 3 token from slot 1
[15:26:56.634] [SEVERE ] setting player 1 freeze to 1000
[15:26:56.702] [SEVERE ] removing player 3 token from slot 3
[15:26:56.805] [SEVERE ] player 3 placing token on slot 1
[15:26:56.919] [SEVERE ] removing player 3 token from slot 1
[15:26:57.028] [SEVERE ] player 3 placing token on slot 7
[15:26:57.133] [SEVERE ] removing player 3 token from slot 10
[15:26:57.211] [SEVERE ] setting player 2 freeze to 0
[15:26:57.248] [SEVERE ] player 3 placing token on slot 6
[15:26:57.353] [SEVERE ] player 3 placing token on slot 11
[15:26:57.354] [SEVERE ] setting player 3 freeze to 3000
[15:26:57.541] [SEVERE ] removing player 2 token from slot 9
[15:26:57.541] [SEVERE ] setting player 4 freeze to 0
[15:26:57.569] [SEVERE ] updating countdown to 16000
[15:26:57.637] [SEVERE ] setting player 1 freeze to 0
[15:26:57.654] [SEVERE ] player 2 placing token on slot 6
[15:26:57.655] [SEVERE ] setting player 2 freeze to 3000
[15:26:58.190] [SEVERE ] removing player 4 token from slot 6
[15:26:58.291] [SEVERE ] player 4 placing token on slot 6
[15:26:58.291] [SEVERE ] setting player 4 freeze to 3000
[15:26:58.355] [SEVERE ] setting player 3 freeze to 2000
[15:26:58.581] [SEVERE ] updating countdown to 15000
[15:26:58.663] [SEVERE ] setting player 2 freeze to 2000
[15:26:58.831] [SEVERE ] removing player 1 token from slot 10
[15:26:58.933] [SEVERE ] player 1 placing token on slot 3
[15:26:58.934] [SEVERE ] setting player 1 freeze to 3000
[15:26:59.303] [SEVERE ] setting player 4 freeze to 2000
[15:26:59.366] [SEVERE ] setting player 3 freeze to 1000
[15:26:59.590] [SEVERE ] updating countdown to 14000
[15:26:59.669] [SEVERE ] setting player 2 freeze to 1000
[15:26:59.953] [SEVERE ] setting player 1 freeze to 2000
[15:27:00.313] [SEVERE ] setting player 4 freeze to 1000
[15:27:00.373] [SEVERE ] setting player 3 freeze to 0
[15:27:00.603] [SEVERE ] updating countdown to 13000
[15:27:00.673] [SEVERE ] setting player 2 freeze to 0
[15:27:00.790] [SEVERE ] removing player 2 token from slot 7
[15:27:00.903] [SEVERE ] removing player 2 token from slot 8
[15:27:00.953] [SEVERE ] setting player 1 freeze to 1000
[15:27:01.012] [SEVERE ] player 2 placing token on slot 1
[15:27:01.053] [SEVERE ] removing player 3 token from slot 6
[15:27:01.124] [SEVERE ] player 2 placing token on slot 3
[15:27:01.125] [SEVERE ] setting player 2 freeze to 3000
[15:27:01.155] [SEVERE ] player 3 placing token on slot 9
[15:27:01.157] [SEVERE ] setting player 3 freeze to 3000
[15:27:01.323] [SEVERE ] setting player 4 freeze to 0
[15:27:01.617] [SEVERE ] updating countdown to 12000
[15:27:01.650] [SEVERE ] removing player 4 token from slot 3
[15:27:01.755] [SEVERE ] removing player 4 token from slot 10
[15:27:01.865] [SEVERE ] player 4 placing token on slot 11
[15:27:01.957] [SEVERE ] setting player 1 freeze to 0
[15:27:01.972] [SEVERE ] player 4 placing token on slot 10
[15:27:01.975] [SEVERE ] setting player 4 freeze to 3000
[15:27:02.140] [SEVERE ] setting player 2 freeze to 2000
[15:27:02.165] [SEVERE ] setting player 3 freeze to 2000
[15:27:02.621] [SEVERE ] updating countdown to 11000
[15:27:02.978] [SEVERE ] setting player 4 freeze to 2000
[15:27:03.002] [SEVERE ] removing player 1 token from slot 6
[15:27:03.103] [SEVERE ] player 1 placing token on slot 8
[15:27:03.104] [SEVERE ] setting player 1 freeze to 3000
[15:27:03.140] [SEVERE ] setting player 2 freeze to 1000
[15:27:03.173] [SEVERE ] setting player 3 freeze to 1000
[15:27:03.622] [SEVERE ] updating countdown to 10000
[15:27:03.981] [SEVERE ] setting player 4 freeze to 1000
[15:27:04.112] [SEVERE ] setting player 1 freeze to 2000
[15:27:04.148] [SEVERE ] setting player 2 freeze to 0
[15:27:04.187] [SEVERE ] setting player 3 freeze to 0
[15:27:04.358] [SEVERE ] removing player 2 token from slot 3
