[11:53:09.528] [INFO   ] thread main starting.
[11:53:09.528] [SEVERE ] cannot read configuration file config.properties trying from resources.
[11:53:09.528] [SEVERE ] configuration file was loaded from resources directory.
[11:53:10.080] [INFO   ] thread dealer starting.
[11:53:10.081] [INFO   ] thread player 0 starting.
[11:53:10.081] [INFO   ] thread player 1 starting.
[11:53:10.081] [INFO   ] thread player 0 starting.
[11:53:10.081] [INFO   ] thread player 2 starting.
[11:53:10.082] [INFO   ] thread player 3 starting.
[11:53:10.082] [INFO   ] thread dealer starting.
[11:53:10.089] [INFO   ] thread player 2 starting.
[11:53:10.090] [INFO   ] thread computer-0 starting.
[11:53:10.089] [INFO   ] thread player 1 starting.
[11:53:10.089] [INFO   ] thread player 3 starting.
[11:53:10.093] [INFO   ] thread computer-2 starting.
[11:53:10.096] [INFO   ] thread computer-1 starting.
[11:53:10.096] [INFO   ] thread computer-3 starting.
[11:53:10.203] [SEVERE ] placing card 8 in slot 0
[11:53:10.318] [SEVERE ] placing card 17 in slot 1
[11:53:10.423] [SEVERE ] placing card 1 in slot 2
[11:53:10.536] [SEVERE ] placing card 58 in slot 3
[11:53:10.649] [SEVERE ] placing card 53 in slot 4
[11:53:10.754] [SEVERE ] placing card 56 in slot 5
[11:53:10.858] [SEVERE ] placing card 14 in slot 6
[11:53:10.958] [SEVERE ] placing card 24 in slot 7
[11:53:11.059] [SEVERE ] placing card 50 in slot 8
[11:53:11.159] [SEVERE ] placing card 31 in slot 9
[11:53:11.273] [SEVERE ] placing card 35 in slot 10
[11:53:11.374] [SEVERE ] placing card 26 in slot 11
[11:53:12.376] [SEVERE ] updating countdown to 59000
[11:53:12.458] [SEVERE ] player 1 placing token on slot 10
[11:53:12.460] [SEVERE ] player 3 placing token on slot 3
[11:53:12.461] [SEVERE ] player 2 placing token on slot 5
[11:53:12.489] [SEVERE ] player 4 placing token on slot 6
[11:53:12.578] [SEVERE ] player 2 placing token on slot 1
[11:53:12.580] [SEVERE ] player 1 placing token on slot 3
[11:53:12.580] [SEVERE ] player 3 placing token on slot 5
[11:53:12.593] [SEVERE ] removing player 4 token from slot 6
[11:53:12.689] [SEVERE ] player 2 placing token on slot 9
[11:53:12.691] [SEVERE ] setting player 2 freeze to 3000
[11:53:12.693] [SEVERE ] player 1 placing token on slot 7
[11:53:12.694] [SEVERE ] player 3 placing token on slot 6
[11:53:12.694] [SEVERE ] setting player 1 freeze to 3000
[11:53:12.695] [SEVERE ] setting player 3 freeze to 3000
[11:53:12.704] [SEVERE ] player 4 placing token on slot 2
[11:53:12.822] [SEVERE ] removing player 4 token from slot 2
[11:53:12.926] [SEVERE ] player 4 placing token on slot 0
[11:53:13.038] [SEVERE ] player 4 placing token on slot 3
[11:53:13.156] [SEVERE ] removing player 4 token from slot 3
[11:53:13.271] [SEVERE ] player 4 placing token on slot 5
[11:53:13.373] [SEVERE ] player 4 placing token on slot 4
[11:53:13.374] [SEVERE ] setting player 4 freeze to 3000
[11:53:13.389] [SEVERE ] updating countdown to 58000
[11:53:13.705] [SEVERE ] setting player 3 freeze to 2000
[11:53:13.705] [SEVERE ] setting player 2 freeze to 2000
[11:53:13.705] [SEVERE ] setting player 1 freeze to 2000
[11:53:14.378] [SEVERE ] setting player 4 freeze to 2000
[11:53:14.393] [SEVERE ] updating countdown to 57000
