[15:56:58.677] [INFO   ] thread main starting.
[15:56:58.702] [SEVERE ] cannot read configuration file config.properties trying from resources.
[15:56:58.707] [SEVERE ] configuration file was loaded from resources directory.
[15:56:59.582] [INFO   ] thread dealer starting.
[15:56:59.585] [INFO   ] thread player 0 starting.
[15:56:59.586] [INFO   ] thread dealer starting.
[15:56:59.606] [INFO   ] thread player 0 starting.
[15:56:59.714] [SEVERE ] placing card 72 in slot 0
[15:56:59.823] [SEVERE ] placing card 68 in slot 1
[15:56:59.931] [SEVERE ] placing card 59 in slot 2
[15:57:00.040] [SEVERE ] placing card 14 in slot 3
[15:57:00.149] [SEVERE ] placing card 54 in slot 4
[15:57:00.258] [SEVERE ] placing card 40 in slot 5
[15:57:00.368] [SEVERE ] placing card 5 in slot 6
[15:57:00.476] [SEVERE ] placing card 26 in slot 7
[15:57:00.585] [SEVERE ] placing card 37 in slot 8
[15:57:00.695] [SEVERE ] placing card 6 in slot 9
[15:57:00.805] [SEVERE ] placing card 50 in slot 10
[15:57:00.916] [SEVERE ] placing card 61 in slot 11
[15:57:01.926] [SEVERE ] updating countdown to 59000
[15:57:02.672] [SEVERE ] key 81 was pressed by player 1
[15:57:02.675] [SEVERE ] player 1 placing token on slot 0
[15:57:02.850] [SEVERE ] key 87 was pressed by player 1
[15:57:02.853] [SEVERE ] player 1 placing token on slot 1
[15:57:02.940] [SEVERE ] updating countdown to 58000
[15:57:03.093] [SEVERE ] key 83 was pressed by player 1
[15:57:03.095] [SEVERE ] player 1 placing token on slot 5
[15:57:03.097] [SEVERE ] setting player 1 freeze to 3000
[15:57:03.942] [SEVERE ] updating countdown to 57000
[15:57:04.112] [SEVERE ] setting player 1 freeze to 2000
[15:57:04.426] [SEVERE ] key 83 was pressed by player 1
[15:57:04.956] [SEVERE ] updating countdown to 56000
[15:57:05.126] [SEVERE ] setting player 1 freeze to 1000
[15:57:05.442] [SEVERE ] key 83 was pressed by player 1
[15:57:05.653] [SEVERE ] key 83 was pressed by player 1
[15:57:05.814] [SEVERE ] key 83 was pressed by player 1
[15:57:05.972] [SEVERE ] updating countdown to 55000
[15:57:06.128] [SEVERE ] setting player 1 freeze to 0
[15:57:06.983] [SEVERE ] updating countdown to 54000
[15:57:07.997] [SEVERE ] updating countdown to 53000
[15:57:08.999] [SEVERE ] updating countdown to 52000
[15:57:10.012] [SEVERE ] updating countdown to 51000
