[11:00:41.963] [INFO   ] thread main starting.
[11:00:41.972] [SEVERE ] cannot read configuration file config.properties trying from resources.
[11:00:41.972] [SEVERE ] configuration file was loaded from resources directory.
[11:00:42.539] [INFO   ] thread dealer starting.
[11:00:42.540] [INFO   ] thread player 0 starting.
[11:00:42.541] [INFO   ] thread player 1 starting.
[11:00:42.542] [INFO   ] thread player 0 starting.
[11:00:42.543] [INFO   ] thread player 2 starting.
[11:00:42.543] [INFO   ] thread player 1 starting.
[11:00:42.544] [INFO   ] thread player 3 starting.
[11:00:42.551] [INFO   ] thread computer-1 starting.
[11:00:42.559] [INFO   ] thread dealer starting.
[11:00:42.559] [INFO   ] thread player 2 starting.
[11:00:42.559] [INFO   ] thread computer-0 starting.
[11:00:42.559] [INFO   ] thread player 3 starting.
[11:00:42.569] [INFO   ] thread computer-2 starting.
[11:00:42.569] [INFO   ] thread computer-3 starting.
[11:00:42.680] [SEVERE ] placing card 66 in slot 0
[11:00:42.796] [SEVERE ] placing card 30 in slot 1
[11:00:42.898] [SEVERE ] placing card 58 in slot 2
[11:00:43.013] [SEVERE ] placing card 71 in slot 3
[11:00:43.130] [SEVERE ] placing card 79 in slot 4
[11:00:43.231] [SEVERE ] placing card 18 in slot 5
[11:00:43.331] [SEVERE ] placing card 15 in slot 6
[11:00:43.443] [SEVERE ] placing card 73 in slot 7
[11:00:43.554] [SEVERE ] placing card 47 in slot 8
[11:00:43.665] [SEVERE ] placing card 14 in slot 9
[11:00:43.778] [SEVERE ] placing card 27 in slot 10
[11:00:43.889] [SEVERE ] placing card 12 in slot 11
[11:00:44.892] [SEVERE ] updating countdown to 59000
[11:00:45.902] [SEVERE ] updating countdown to 58000
[11:00:46.911] [SEVERE ] updating countdown to 57000
[11:00:47.920] [SEVERE ] updating countdown to 56000
[11:00:48.926] [SEVERE ] updating countdown to 55000
[11:00:49.928] [SEVERE ] updating countdown to 54000
[11:00:50.934] [SEVERE ] updating countdown to 53000
[11:00:51.947] [SEVERE ] updating countdown to 52000
[11:00:52.952] [SEVERE ] updating countdown to 51000
[11:00:53.968] [SEVERE ] updating countdown to 50000
[11:00:54.982] [SEVERE ] updating countdown to 49000
