[11:23:46.470] [INFO   ] thread main starting.
[11:23:46.474] [SEVERE ] cannot read configuration file config.properties trying from resources.
[11:23:46.474] [SEVERE ] configuration file was loaded from resources directory.
[11:23:47.003] [INFO   ] thread dealer starting.
[11:23:47.004] [INFO   ] thread player 0 starting.
[11:23:47.005] [INFO   ] thread player 1 starting.
[11:23:47.006] [INFO   ] thread player 2 starting.
[11:23:47.006] [INFO   ] thread player 3 starting.
[11:23:47.006] [INFO   ] thread dealer starting.
[11:23:47.069] [INFO   ] thread player 2 starting.
[11:23:47.069] [INFO   ] thread player 3 starting.
[11:23:47.069] [INFO   ] thread player 0 starting.
[11:23:47.069] [INFO   ] thread player 1 starting.
[11:23:47.081] [INFO   ] thread computer-2 starting.
[11:23:47.081] [INFO   ] thread computer-3 starting.
[11:23:47.083] [INFO   ] thread computer-0 starting.
[11:23:47.084] [INFO   ] thread computer-1 starting.
[11:23:47.188] [SEVERE ] placing card 43 in slot 0
[11:23:47.303] [SEVERE ] placing card 55 in slot 1
[11:23:47.405] [SEVERE ] placing card 32 in slot 2
[11:23:47.517] [SEVERE ] placing card 14 in slot 3
[11:23:47.622] [SEVERE ] placing card 61 in slot 4
[11:23:47.734] [SEVERE ] placing card 54 in slot 5
[11:23:47.841] [SEVERE ] placing card 19 in slot 6
[11:23:47.951] [SEVERE ] placing card 38 in slot 7
[11:23:48.052] [SEVERE ] placing card 79 in slot 8
[11:23:48.168] [SEVERE ] placing card 30 in slot 9
[11:23:48.269] [SEVERE ] placing card 8 in slot 10
[11:23:48.384] [SEVERE ] placing card 31 in slot 11
[11:23:49.387] [SEVERE ] updating countdown to 59000
[11:23:49.403] [SEVERE ] player 4 placing token on slot 8
[11:23:49.435] [SEVERE ] player 3 placing token on slot 3
[11:23:49.436] [SEVERE ] player 2 placing token on slot 3
[11:23:49.436] [SEVERE ] player 1 placing token on slot 6
[11:23:49.518] [SEVERE ] player 4 placing token on slot 9
[11:23:49.553] [SEVERE ] player 2 placing token on slot 9
[11:23:49.554] [SEVERE ] player 3 placing token on slot 0
[11:23:49.554] [SEVERE ] player 1 placing token on slot 5
[11:23:49.620] [SEVERE ] player 4 placing token on slot 3
[11:23:49.620] [SEVERE ] setting player 4 freeze to 3000
[11:23:49.669] [SEVERE ] player 3 placing token on slot 4
[11:23:49.670] [SEVERE ] setting player 3 freeze to 3000
[11:23:49.671] [SEVERE ] player 1 placing token on slot 3
[11:23:49.671] [SEVERE ] player 2 placing token on slot 10
[11:23:49.671] [SEVERE ] setting player 1 freeze to 3000
[11:23:49.672] [SEVERE ] setting player 2 freeze to 3000
[11:23:50.389] [SEVERE ] updating countdown to 58000
[11:23:50.629] [SEVERE ] setting player 4 freeze to 2000
[11:23:50.677] [SEVERE ] setting player 3 freeze to 2000
[11:23:50.677] [SEVERE ] setting player 1 freeze to 2000
[11:23:50.677] [SEVERE ] setting player 2 freeze to 2000
[11:23:51.397] [SEVERE ] updating countdown to 57000
[11:23:51.635] [SEVERE ] setting player 4 freeze to 1000
[11:23:51.683] [SEVERE ] setting player 1 freeze to 1000
[11:23:51.683] [SEVERE ] setting player 3 freeze to 1000
[11:23:51.683] [SEVERE ] setting player 2 freeze to 1000
[11:23:52.397] [SEVERE ] updating countdown to 56000
[11:23:52.636] [SEVERE ] setting player 4 freeze to 0
[11:23:52.699] [SEVERE ] setting player 1 freeze to 0
[11:23:52.699] [SEVERE ] setting player 2 freeze to 0
[11:23:52.699] [SEVERE ] setting player 3 freeze to 0
[11:23:52.852] [SEVERE ] removing player 4 token from slot 8
[11:23:52.968] [SEVERE ] player 4 placing token on slot 8
[11:23:52.969] [SEVERE ] setting player 4 freeze to 3000
[11:23:53.020] [SEVERE ] removing player 3 token from slot 4
[11:23:53.134] [SEVERE ] player 3 placing token on slot 8
[11:23:53.134] [SEVERE ] removing player 2 token from slot 9
[11:23:53.134] [SEVERE ] setting player 3 freeze to 3000
[11:23:53.235] [SEVERE ] removing player 1 token from slot 3
[11:23:53.250] [SEVERE ] player 2 placing token on slot 1
[11:23:53.251] [SEVERE ] setting player 2 freeze to 3000
[11:23:53.351] [SEVERE ] player 1 placing token on slot 7
[11:23:53.354] [SEVERE ] setting player 1 score to 1
[11:23:53.355] [SEVERE ] setting player 1 freeze to 1000
[11:23:53.977] [SEVERE ] setting player 4 freeze to 2000
[11:23:54.137] [SEVERE ] setting player 3 freeze to 2000
[11:23:54.264] [SEVERE ] setting player 2 freeze to 2000
[11:23:54.359] [SEVERE ] setting player 1 freeze to 0
[11:23:54.359] [SEVERE ] removing player 1 token from slot 6
[11:23:54.465] [SEVERE ] removing card from slot 6
[11:23:54.465] [SEVERE ] removing player 1 token from slot 5
[11:23:54.579] [SEVERE ] removing card from slot 5
[11:23:54.579] [SEVERE ] removing player 1 token from slot 7
[11:23:54.690] [SEVERE ] removing card from slot 7
[11:23:54.801] [SEVERE ] placing card 56 in slot 5
[11:23:54.913] [SEVERE ] placing card 39 in slot 6
[11:23:54.992] [SEVERE ] setting player 4 freeze to 1000
[11:23:55.023] [SEVERE ] placing card 2 in slot 7
[11:23:55.023] [SEVERE ] setting player 2 freeze to 3000
[11:23:55.151] [SEVERE ] setting player 3 freeze to 1000
[11:23:55.278] [SEVERE ] setting player 2 freeze to 1000
[11:23:55.995] [SEVERE ] setting player 4 freeze to 0
[11:23:56.027] [SEVERE ] setting player 2 freeze to 2000
[11:23:56.166] [SEVERE ] setting player 3 freeze to 0
[11:23:56.267] [SEVERE ] removing player 3 token from slot 3
[11:23:56.284] [SEVERE ] setting player 2 freeze to 0
[11:23:56.368] [SEVERE ] player 3 placing token on slot 9
[11:23:56.368] [SEVERE ] setting player 3 freeze to 3000
[11:23:56.502] [SEVERE ] removing player 2 token from slot 3
[11:23:56.618] [SEVERE ] player 2 placing token on slot 8
[11:23:56.619] [SEVERE ] setting player 2 freeze to 3000
[11:23:56.649] [SEVERE ] removing player 4 token from slot 8
[11:23:56.766] [SEVERE ] player 4 placing token on slot 5
[11:23:56.766] [SEVERE ] setting player 4 freeze to 3000
[11:23:57.041] [SEVERE ] setting player 2 freeze to 1000
[11:23:57.375] [SEVERE ] setting player 3 freeze to 2000
[11:23:57.629] [SEVERE ] setting player 2 freeze to 2000
[11:23:57.772] [SEVERE ] setting player 4 freeze to 2000
[11:23:58.043] [SEVERE ] setting player 2 freeze to 0
[11:23:58.044] [SEVERE ] setting player 3 freeze to 3000
[11:23:58.378] [SEVERE ] setting player 3 freeze to 1000
[11:23:58.633] [SEVERE ] setting player 2 freeze to 1000
[11:23:58.776] [SEVERE ] setting player 4 freeze to 1000
[11:23:59.047] [SEVERE ] setting player 3 freeze to 2000
[11:23:59.379] [SEVERE ] setting player 3 freeze to 0
[11:23:59.493] [SEVERE ] removing player 3 token from slot 8
[11:23:59.599] [SEVERE ] player 3 placing token on slot 10
[11:23:59.599] [SEVERE ] setting player 3 freeze to 3000
[11:23:59.636] [SEVERE ] setting player 2 freeze to 0
[11:23:59.780] [SEVERE ] setting player 4 freeze to 0
[11:23:59.884] [SEVERE ] removing player 4 token from slot 5
[11:23:59.951] [SEVERE ] removing player 2 token from slot 1
[11:23:59.999] [SEVERE ] player 4 placing token on slot 7
[11:23:59.999] [SEVERE ] setting player 4 freeze to 3000
[11:24:00.049] [SEVERE ] setting player 3 freeze to 1000
[11:24:00.064] [SEVERE ] player 2 placing token on slot 6
[11:24:00.065] [SEVERE ] setting player 2 freeze to 3000
[11:24:00.613] [SEVERE ] setting player 3 freeze to 2000
[11:24:01.011] [SEVERE ] setting player 4 freeze to 2000
[11:24:01.059] [SEVERE ] setting player 3 freeze to 0
[11:24:01.059] [SEVERE ] setting player 4 freeze to 3000
[11:24:01.075] [SEVERE ] setting player 2 freeze to 2000
[11:24:01.616] [SEVERE ] setting player 3 freeze to 1000
[11:24:02.015] [SEVERE ] setting player 4 freeze to 1000
[11:24:02.063] [SEVERE ] setting player 4 freeze to 2000
[11:24:02.079] [SEVERE ] setting player 2 freeze to 1000
[11:24:02.621] [SEVERE ] setting player 3 freeze to 0
[11:24:03.015] [SEVERE ] setting player 4 freeze to 0
[11:24:03.065] [SEVERE ] setting player 4 freeze to 1000
[11:24:03.081] [SEVERE ] setting player 2 freeze to 0
[11:24:03.384] [SEVERE ] removing player 3 token from slot 10
[11:24:03.494] [SEVERE ] player 3 placing token on slot 4
[11:24:03.494] [SEVERE ] setting player 3 freeze to 3000
[11:24:03.508] [SEVERE ] removing player 2 token from slot 6
[11:24:03.613] [SEVERE ] player 2 placing token on slot 9
[11:24:03.613] [SEVERE ] setting player 2 freeze to 3000
[11:24:03.870] [SEVERE ] removing player 4 token from slot 3
[11:24:03.982] [SEVERE ] player 4 placing token on slot 8
[11:24:03.982] [SEVERE ] setting player 4 freeze to 3000
[11:24:04.079] [SEVERE ] setting player 4 freeze to 0
[11:24:04.079] [SEVERE ] updating countdown to 55000
[11:24:04.501] [SEVERE ] setting player 3 freeze to 2000
[11:24:04.627] [SEVERE ] setting player 2 freeze to 2000
[11:24:04.994] [SEVERE ] setting player 4 freeze to 2000
[11:24:05.081] [SEVERE ] updating countdown to 54000
[11:24:05.505] [SEVERE ] setting player 3 freeze to 1000
[11:24:05.632] [SEVERE ] setting player 2 freeze to 1000
[11:24:05.996] [SEVERE ] setting player 4 freeze to 1000
[11:24:06.092] [SEVERE ] updating countdown to 53000
[11:24:06.506] [SEVERE ] setting player 3 freeze to 0
[11:24:06.634] [SEVERE ] setting player 2 freeze to 0
[11:24:06.747] [SEVERE ] removing player 2 token from slot 10
[11:24:06.863] [SEVERE ] removing player 2 token from slot 8
[11:24:06.966] [SEVERE ] player 2 placing token on slot 11
[11:24:07.000] [SEVERE ] setting player 4 freeze to 0
[11:24:07.083] [SEVERE ] player 2 placing token on slot 4
[11:24:07.084] [SEVERE ] setting player 2 freeze to 3000
[11:24:07.099] [SEVERE ] updating countdown to 52000
[11:24:07.466] [SEVERE ] removing player 3 token from slot 4
[11:24:07.568] [SEVERE ] player 3 placing token on slot 8
[11:24:07.568] [SEVERE ] setting player 3 freeze to 3000
[11:24:08.098] [SEVERE ] setting player 2 freeze to 2000
[11:24:08.113] [SEVERE ] updating countdown to 51000
[11:24:08.200] [SEVERE ] removing player 4 token from slot 9
[11:24:08.316] [SEVERE ] player 4 placing token on slot 6
[11:24:08.317] [SEVERE ] setting player 2 freeze to 3000
[11:24:08.575] [SEVERE ] setting player 3 freeze to 2000
[11:24:09.099] [SEVERE ] setting player 2 freeze to 1000
[11:24:09.321] [SEVERE ] setting player 2 freeze to 2000
[11:24:09.577] [SEVERE ] setting player 3 freeze to 1000
[11:24:10.103] [SEVERE ] setting player 2 freeze to 0
[11:24:10.215] [SEVERE ] removing player 2 token from slot 4
[11:24:10.329] [SEVERE ] setting player 2 freeze to 1000
[11:24:10.331] [SEVERE ] player 2 placing token on slot 7
[11:24:10.331] [SEVERE ] setting player 2 freeze to 3000
[11:24:10.591] [SEVERE ] setting player 3 freeze to 0
[11:24:10.815] [SEVERE ] removing player 3 token from slot 0
[11:24:10.931] [SEVERE ] player 3 placing token on slot 5
[11:24:10.933] [SEVERE ] setting player 3 freeze to 3000
[11:24:11.334] [SEVERE ] setting player 2 freeze to 0
[11:24:11.334] [SEVERE ] setting player 2 freeze to 2000
[11:24:11.334] [SEVERE ] setting player 3 freeze to 3000
[11:24:11.940] [SEVERE ] setting player 3 freeze to 2000
[11:24:12.338] [SEVERE ] setting player 3 freeze to 2000
[11:24:12.338] [SEVERE ] setting player 2 freeze to 1000
[11:24:12.944] [SEVERE ] setting player 3 freeze to 1000
[11:24:13.352] [SEVERE ] setting player 2 freeze to 0
[11:24:13.352] [SEVERE ] setting player 3 freeze to 1000
[11:24:13.562] [SEVERE ] removing player 2 token from slot 9
[11:24:13.663] [SEVERE ] player 2 placing token on slot 10
[11:24:13.664] [SEVERE ] setting player 2 freeze to 3000
[11:24:13.959] [SEVERE ] setting player 3 freeze to 0
[11:24:14.180] [SEVERE ] removing player 3 token from slot 9
[11:24:14.282] [SEVERE ] player 3 placing token on slot 0
[11:24:14.283] [SEVERE ] setting player 3 freeze to 3000
[11:24:14.365] [SEVERE ] setting player 3 freeze to 0
[11:24:14.366] [SEVERE ] setting player 4 score to 1
[11:24:14.367] [SEVERE ] setting player 4 freeze to 1000
[11:24:14.669] [SEVERE ] setting player 2 freeze to 2000
[11:24:15.298] [SEVERE ] setting player 3 freeze to 2000
[11:24:15.377] [SEVERE ] setting player 4 freeze to 0
[11:24:15.377] [SEVERE ] removing player 2 token from slot 7
[11:24:15.378] [SEVERE ] removing player 4 token from slot 7
[11:24:15.480] [SEVERE ] removing card from slot 7
[11:24:15.481] [SEVERE ] removing player 3 token from slot 8
[11:24:15.481] [SEVERE ] removing player 4 token from slot 8
[11:24:15.591] [SEVERE ] removing card from slot 8
[11:24:15.591] [SEVERE ] removing player 4 token from slot 6
[11:24:15.670] [SEVERE ] setting player 2 freeze to 1000
[11:24:15.702] [SEVERE ] removing card from slot 6
[11:24:15.812] [SEVERE ] placing card 41 in slot 6
[11:24:15.922] [SEVERE ] placing card 60 in slot 7
[11:24:16.033] [SEVERE ] placing card 16 in slot 8
[11:24:16.033] [SEVERE ] updating countdown to 50000
[11:24:16.305] [SEVERE ] setting player 3 freeze to 1000
[11:24:16.681] [SEVERE ] setting player 2 freeze to 0
[11:24:16.791] [SEVERE ] player 2 placing token on slot 1
[11:24:16.791] [SEVERE ] setting player 2 freeze to 3000
[11:24:17.038] [SEVERE ] updating countdown to 49000
[11:24:17.305] [SEVERE ] setting player 3 freeze to 0
[11:24:17.415] [SEVERE ] player 3 placing token on slot 4
[11:24:17.415] [SEVERE ] setting player 3 freeze to 3000
[11:24:17.798] [SEVERE ] setting player 2 freeze to 2000
[11:24:18.049] [SEVERE ] updating countdown to 48000
[11:24:18.426] [SEVERE ] setting player 3 freeze to 2000
[11:24:18.803] [SEVERE ] setting player 2 freeze to 1000
[11:24:19.054] [SEVERE ] updating countdown to 47000
[11:24:19.430] [SEVERE ] setting player 3 freeze to 1000
[11:24:19.807] [SEVERE ] setting player 2 freeze to 0
[11:24:20.063] [SEVERE ] updating countdown to 46000
[11:24:20.430] [SEVERE ] setting player 3 freeze to 0
[11:24:20.584] [SEVERE ] removing player 2 token from slot 11
[11:24:20.698] [SEVERE ] player 2 placing token on slot 7
[11:24:20.698] [SEVERE ] setting player 2 freeze to 3000
[11:24:20.750] [SEVERE ] removing player 3 token from slot 0
[11:24:20.862] [SEVERE ] player 3 placing token on slot 11
[11:24:20.863] [SEVERE ] setting player 3 freeze to 3000
[11:24:21.074] [SEVERE ] updating countdown to 45000
[11:24:21.704] [SEVERE ] setting player 2 freeze to 2000
[11:24:21.877] [SEVERE ] setting player 3 freeze to 2000
[11:24:22.081] [SEVERE ] updating countdown to 44000
[11:24:22.710] [SEVERE ] setting player 2 freeze to 1000
[11:24:22.882] [SEVERE ] setting player 3 freeze to 1000
[11:24:23.086] [SEVERE ] updating countdown to 43000
[11:24:23.713] [SEVERE ] setting player 2 freeze to 0
[11:24:23.823] [SEVERE ] removing player 2 token from slot 10
[11:24:23.896] [SEVERE ] setting player 3 freeze to 0
[11:24:23.930] [SEVERE ] removing player 2 token from slot 1
[11:24:24.033] [SEVERE ] removing player 2 token from slot 7
[11:24:24.097] [SEVERE ] updating countdown to 42000
[11:24:24.149] [SEVERE ] player 2 placing token on slot 4
[11:24:24.250] [SEVERE ] player 2 placing token on slot 10
[11:24:24.364] [SEVERE ] player 2 placing token on slot 5
[11:24:24.365] [SEVERE ] setting player 2 freeze to 3000
[11:24:25.078] [SEVERE ] removing player 3 token from slot 4
[11:24:25.098] [SEVERE ] updating countdown to 41000
[11:24:25.180] [SEVERE ] player 3 placing token on slot 1
[11:24:25.181] [SEVERE ] setting player 3 freeze to 3000
[11:24:25.375] [SEVERE ] setting player 2 freeze to 2000
[11:24:26.098] [SEVERE ] updating countdown to 40000
[11:24:26.192] [SEVERE ] setting player 3 freeze to 2000
[11:24:26.381] [SEVERE ] setting player 2 freeze to 1000
[11:24:27.101] [SEVERE ] updating countdown to 39000
[11:24:27.195] [SEVERE ] setting player 3 freeze to 1000
[11:24:27.384] [SEVERE ] setting player 2 freeze to 0
[11:24:27.494] [SEVERE ] removing player 2 token from slot 10
[11:24:27.596] [SEVERE ] player 2 placing token on slot 0
[11:24:27.596] [SEVERE ] setting player 2 freeze to 3000
[11:24:28.105] [SEVERE ] updating countdown to 38000
[11:24:28.200] [SEVERE ] setting player 3 freeze to 0
[11:24:28.598] [SEVERE ] setting player 2 freeze to 2000
[11:24:28.745] [SEVERE ] removing player 3 token from slot 11
[11:24:28.861] [SEVERE ] player 3 placing token on slot 10
[11:24:28.861] [SEVERE ] setting player 3 freeze to 3000
[11:24:29.120] [SEVERE ] updating countdown to 37000
[11:24:29.606] [SEVERE ] setting player 2 freeze to 1000
[11:24:29.873] [SEVERE ] setting player 3 freeze to 2000
[11:24:30.124] [SEVERE ] updating countdown to 36000
[11:24:30.611] [SEVERE ] setting player 2 freeze to 0
[11:24:30.828] [SEVERE ] removing player 2 token from slot 0
[11:24:30.881] [SEVERE ] setting player 3 freeze to 1000
[11:24:30.945] [SEVERE ] player 2 placing token on slot 9
[11:24:30.945] [SEVERE ] setting player 2 freeze to 3000
[11:24:31.125] [SEVERE ] updating countdown to 35000
[11:24:31.895] [SEVERE ] setting player 3 freeze to 0
[11:24:31.958] [SEVERE ] setting player 2 freeze to 2000
[11:24:32.005] [SEVERE ] removing player 3 token from slot 10
[11:24:32.112] [SEVERE ] player 3 placing token on slot 10
[11:24:32.112] [SEVERE ] setting player 3 freeze to 3000
[11:24:32.127] [SEVERE ] updating countdown to 34000
[11:24:32.969] [SEVERE ] setting player 2 freeze to 1000
[11:24:33.125] [SEVERE ] setting player 3 freeze to 2000
[11:24:33.141] [SEVERE ] updating countdown to 33000
[11:24:33.978] [SEVERE ] setting player 2 freeze to 0
[11:24:34.127] [SEVERE ] setting player 3 freeze to 1000
[11:24:34.144] [SEVERE ] updating countdown to 32000
[11:24:34.413] [SEVERE ] removing player 2 token from slot 9
[11:24:34.528] [SEVERE ] player 2 placing token on slot 11
[11:24:34.529] [SEVERE ] setting player 2 freeze to 3000
[11:24:35.133] [SEVERE ] setting player 3 freeze to 0
[11:24:35.149] [SEVERE ] updating countdown to 31000
[11:24:35.243] [SEVERE ] removing player 3 token from slot 1
[11:24:35.345] [SEVERE ] player 3 placing token on slot 8
[11:24:35.345] [SEVERE ] setting player 3 freeze to 3000
[11:24:35.539] [SEVERE ] setting player 2 freeze to 2000
[11:24:36.152] [SEVERE ] updating countdown to 30000
[11:24:36.357] [SEVERE ] setting player 3 freeze to 2000
[11:24:36.544] [SEVERE ] setting player 2 freeze to 1000
[11:24:37.158] [SEVERE ] updating countdown to 29000
[11:24:37.361] [SEVERE ] setting player 3 freeze to 1000
[11:24:37.550] [SEVERE ] setting player 2 freeze to 0
[11:24:37.659] [SEVERE ] removing player 2 token from slot 5
[11:24:37.777] [SEVERE ] player 2 placing token on slot 3
[11:24:37.777] [SEVERE ] setting player 2 freeze to 3000
[11:24:38.162] [SEVERE ] updating countdown to 28000
[11:24:38.366] [SEVERE ] setting player 3 freeze to 0
[11:24:38.779] [SEVERE ] setting player 2 freeze to 2000
[11:24:39.012] [SEVERE ] removing player 3 token from slot 5
[11:24:39.124] [SEVERE ] player 3 placing token on slot 6
[11:24:39.124] [SEVERE ] setting player 3 freeze to 3000
[11:24:39.176] [SEVERE ] updating countdown to 27000
[11:24:39.784] [SEVERE ] setting player 2 freeze to 1000
[11:24:40.130] [SEVERE ] setting player 3 freeze to 2000
[11:24:40.177] [SEVERE ] updating countdown to 26000
[11:24:40.791] [SEVERE ] setting player 2 freeze to 0
[11:24:41.131] [SEVERE ] setting player 3 freeze to 1000
[11:24:41.178] [SEVERE ] updating countdown to 25000
[11:24:41.442] [SEVERE ] removing player 2 token from slot 11
[11:24:41.545] [SEVERE ] player 2 placing token on slot 0
[11:24:41.545] [SEVERE ] setting player 2 freeze to 3000
[11:24:42.133] [SEVERE ] setting player 3 freeze to 0
[11:24:42.181] [SEVERE ] updating countdown to 24000
[11:24:42.560] [SEVERE ] setting player 2 freeze to 2000
[11:24:42.591] [SEVERE ] removing player 3 token from slot 10
[11:24:42.695] [SEVERE ] player 3 placing token on slot 2
[11:24:42.695] [SEVERE ] setting player 3 freeze to 3000
[11:24:43.189] [SEVERE ] updating countdown to 23000
[11:24:43.566] [SEVERE ] setting player 2 freeze to 1000
[11:24:43.708] [SEVERE ] setting player 3 freeze to 2000
[11:24:44.195] [SEVERE ] updating countdown to 22000
[11:24:44.572] [SEVERE ] setting player 2 freeze to 0
[11:24:44.683] [SEVERE ] removing player 2 token from slot 0
[11:24:44.710] [SEVERE ] setting player 3 freeze to 1000
[11:24:44.793] [SEVERE ] player 2 placing token on slot 6
[11:24:44.793] [SEVERE ] setting player 2 freeze to 3000
[11:24:45.209] [SEVERE ] updating countdown to 21000
[11:24:45.712] [SEVERE ] setting player 3 freeze to 0
[11:24:45.806] [SEVERE ] setting player 2 freeze to 2000
[11:24:45.822] [SEVERE ] removing player 3 token from slot 6
[11:24:45.927] [SEVERE ] player 3 placing token on slot 1
[11:24:45.927] [SEVERE ] setting player 3 freeze to 3000
[11:24:46.218] [SEVERE ] updating countdown to 20000
[11:24:46.812] [SEVERE ] setting player 2 freeze to 1000
[11:24:46.937] [SEVERE ] setting player 3 freeze to 2000
[11:24:47.231] [SEVERE ] updating countdown to 19000
[11:24:47.818] [SEVERE ] setting player 2 freeze to 0
[11:24:47.942] [SEVERE ] setting player 3 freeze to 1000
[11:24:48.239] [SEVERE ] updating countdown to 18000
[11:24:48.953] [SEVERE ] setting player 3 freeze to 0
[11:24:49.235] [SEVERE ] removing player 2 token from slot 6
[11:24:49.248] [SEVERE ] updating countdown to 17000
[11:24:49.281] [SEVERE ] removing player 3 token from slot 1
[11:24:49.343] [SEVERE ] removing player 2 token from slot 4
[11:24:49.390] [SEVERE ] removing player 3 token from slot 8
[11:24:49.452] [SEVERE ] player 2 placing token on slot 10
[11:24:49.499] [SEVERE ] removing player 3 token from slot 2
[11:24:49.561] [SEVERE ] player 2 placing token on slot 0
[11:24:49.561] [SEVERE ] setting player 2 freeze to 3000
[11:24:49.607] [SEVERE ] player 3 placing token on slot 5
[11:24:49.716] [SEVERE ] player 3 placing token on slot 11
[11:24:49.823] [SEVERE ] removing player 3 token from slot 11
[11:24:49.933] [SEVERE ] player 3 placing token on slot 10
[11:24:50.040] [SEVERE ] player 3 placing token on slot 2
[11:24:50.042] [SEVERE ] setting player 2 freeze to 3000
[11:24:50.576] [SEVERE ] setting player 2 freeze to 2000
[11:24:51.044] [SEVERE ] setting player 2 freeze to 2000
[11:24:51.591] [SEVERE ] setting player 2 freeze to 1000
[11:24:52.045] [SEVERE ] setting player 2 freeze to 1000
[11:24:52.604] [SEVERE ] setting player 2 freeze to 0
[11:24:52.712] [SEVERE ] removing player 2 token from slot 10
[11:24:52.821] [SEVERE ] player 2 placing token on slot 2
[11:24:52.822] [SEVERE ] setting player 2 freeze to 3000
[11:24:53.055] [SEVERE ] setting player 2 freeze to 0
[11:24:53.056] [SEVERE ] setting player 3 score to 1
[11:24:53.057] [SEVERE ] setting player 3 freeze to 1000
[11:24:53.837] [SEVERE ] setting player 2 freeze to 2000
[11:24:54.068] [SEVERE ] setting player 3 freeze to 0
[11:24:54.068] [SEVERE ] removing player 3 token from slot 5
[11:24:54.178] [SEVERE ] removing card from slot 5
[11:24:54.178] [SEVERE ] removing player 3 token from slot 10
[11:24:54.287] [SEVERE ] removing card from slot 10
[11:24:54.287] [SEVERE ] removing player 2 token from slot 2
[11:24:54.287] [SEVERE ] removing player 3 token from slot 2
[11:24:54.395] [SEVERE ] removing card from slot 2
[11:24:54.506] [SEVERE ] placing card 20 in slot 2
[11:24:54.615] [SEVERE ] placing card 21 in slot 5
[11:24:54.724] [SEVERE ] placing card 4 in slot 10
[11:24:54.724] [SEVERE ] updating countdown to 16000
[11:24:54.848] [SEVERE ] setting player 2 freeze to 1000
[11:24:55.738] [SEVERE ] updating countdown to 15000
[11:24:55.861] [SEVERE ] setting player 2 freeze to 0
[11:24:55.972] [SEVERE ] player 2 placing token on slot 2
[11:24:55.972] [SEVERE ] setting player 2 freeze to 3000
[11:24:56.752] [SEVERE ] updating countdown to 14000
[11:24:56.980] [SEVERE ] setting player 2 freeze to 2000
[11:24:57.765] [SEVERE ] updating countdown to 13000
[11:24:57.984] [SEVERE ] setting player 2 freeze to 1000
[11:24:58.772] [SEVERE ] updating countdown to 12000
[11:24:58.998] [SEVERE ] setting player 2 freeze to 0
[11:24:59.433] [SEVERE ] removing player 2 token from slot 2
[11:24:59.541] [SEVERE ] player 2 placing token on slot 9
[11:24:59.541] [SEVERE ] setting player 2 freeze to 3000
[11:24:59.787] [SEVERE ] updating countdown to 11000
[11:25:00.552] [SEVERE ] setting player 2 freeze to 2000
