[15:38:37.244] [INFO   ] thread main starting.
[15:38:37.254] [SEVERE ] cannot read configuration file config.properties trying from resources.
[15:38:37.254] [SEVERE ] configuration file was loaded from resources directory.
[15:38:37.946] [INFO   ] thread dealer starting.
[15:38:37.957] [INFO   ] thread player 0 starting.
[15:38:37.959] [INFO   ] thread dealer starting.
[15:38:37.959] [INFO   ] thread player 0 starting.
[15:38:38.077] [SEVERE ] placing card 57 in slot 0
[15:38:38.183] [SEVERE ] placing card 58 in slot 1
[15:38:38.294] [SEVERE ] placing card 19 in slot 2
[15:38:38.404] [SEVERE ] placing card 0 in slot 3
[15:38:38.504] [SEVERE ] placing card 43 in slot 4
[15:38:38.612] [SEVERE ] placing card 30 in slot 5
[15:38:38.718] [SEVERE ] placing card 79 in slot 6
[15:38:38.829] [SEVERE ] placing card 77 in slot 7
[15:38:38.929] [SEVERE ] placing card 55 in slot 8
[15:38:39.032] [SEVERE ] placing card 6 in slot 9
[15:38:39.142] [SEVERE ] placing card 76 in slot 10
[15:38:39.251] [SEVERE ] placing card 64 in slot 11
[15:38:40.267] [SEVERE ] updating countdown to 59000
[15:38:41.173] [SEVERE ] key 81 was pressed by player 1
[15:38:41.175] [SEVERE ] player 1 placing token on slot 0
[15:38:41.281] [SEVERE ] updating countdown to 58000
[15:38:41.423] [SEVERE ] key 87 was pressed by player 1
[15:38:41.427] [SEVERE ] player 1 placing token on slot 1
[15:38:41.677] [SEVERE ] key 83 was pressed by player 1
[15:38:41.677] [SEVERE ] player 1 placing token on slot 5
[15:38:41.683] [SEVERE ] setting player 1 freeze to 3000
[15:38:42.289] [SEVERE ] updating countdown to 57000
[15:38:42.374] [SEVERE ] key 83 was pressed by player 1
[15:38:42.686] [SEVERE ] setting player 1 freeze to 2000
[15:38:43.303] [SEVERE ] updating countdown to 56000
[15:38:43.700] [SEVERE ] setting player 1 freeze to 1000
[15:38:44.312] [SEVERE ] updating countdown to 55000
[15:38:44.712] [SEVERE ] setting player 1 freeze to 0
[15:38:44.714] [SEVERE ] removing player 1 token from slot 5
[15:38:44.719] [SEVERE ] key 83 was pressed by player 1
[15:38:44.720] [SEVERE ] player 1 placing token on slot 5
[15:38:44.720] [SEVERE ] key 83 was pressed by player 1
[15:38:44.720] [SEVERE ] setting player 1 freeze to 3000
[15:38:45.318] [SEVERE ] updating countdown to 54000
[15:38:45.732] [SEVERE ] setting player 1 freeze to 2000
