[11:03:53.214] [INFO   ] thread main starting.
[11:03:53.224] [SEVERE ] cannot read configuration file config.properties trying from resources.
[11:03:53.225] [SEVERE ] configuration file was loaded from resources directory.
[11:03:53.797] [INFO   ] thread dealer starting.
[11:03:53.803] [INFO   ] thread player 0 starting.
[11:03:53.804] [INFO   ] thread dealer starting.
[11:03:53.821] [INFO   ] thread player 0 starting.
[11:03:53.824] [INFO   ] thread computer-0 starting.
[11:03:53.937] [SEVERE ] placing card 23 in slot 0
[11:03:54.053] [SEVERE ] placing card 22 in slot 1
[11:03:54.154] [SEVERE ] placing card 51 in slot 2
[11:03:54.264] [SEVERE ] placing card 65 in slot 3
[11:03:54.370] [SEVERE ] placing card 2 in slot 4
[11:03:54.483] [SEVERE ] placing card 75 in slot 5
[11:03:54.589] [SEVERE ] placing card 3 in slot 6
[11:03:54.704] [SEVERE ] placing card 67 in slot 7
[11:03:54.816] [SEVERE ] placing card 63 in slot 8
[11:03:54.928] [SEVERE ] placing card 49 in slot 9
[11:03:55.038] [SEVERE ] placing card 47 in slot 10
[11:03:55.150] [SEVERE ] placing card 17 in slot 11
[11:03:56.153] [SEVERE ] updating countdown to 59000
[11:03:57.153] [SEVERE ] updating countdown to 58000
[11:03:58.170] [SEVERE ] updating countdown to 57000
