[16:12:06.597] [INFO   ] thread main starting.
[16:12:06.612] [SEVERE ] cannot read configuration file config.properties trying from resources.
[16:12:06.616] [SEVERE ] configuration file was loaded from resources directory.
[16:12:07.318] [INFO   ] thread dealer starting.
[16:12:07.321] [INFO   ] thread player 0 starting.
[16:12:07.328] [INFO   ] thread dealer starting.
[16:12:07.337] [INFO   ] thread player 0 starting.
[16:12:07.447] [SEVERE ] placing card 62 in slot 0
[16:12:07.556] [SEVERE ] placing card 79 in slot 1
[16:12:07.666] [SEVERE ] placing card 80 in slot 2
[16:12:07.777] [SEVERE ] placing card 78 in slot 3
[16:12:07.885] [SEVERE ] placing card 8 in slot 4
[16:12:07.994] [SEVERE ] placing card 23 in slot 5
[16:12:08.104] [SEVERE ] placing card 2 in slot 6
[16:12:08.211] [SEVERE ] placing card 58 in slot 7
[16:12:08.320] [SEVERE ] placing card 7 in slot 8
[16:12:08.428] [SEVERE ] placing card 76 in slot 9
[16:12:08.538] [SEVERE ] placing card 0 in slot 10
[16:12:08.647] [SEVERE ] placing card 61 in slot 11
[16:12:09.648] [SEVERE ] updating countdown to 59000
[16:12:10.662] [SEVERE ] updating countdown to 58000
[16:12:11.678] [SEVERE ] updating countdown to 57000
[16:12:12.691] [SEVERE ] updating countdown to 56000
[16:12:13.699] [SEVERE ] updating countdown to 55000
[16:12:14.708] [SEVERE ] updating countdown to 54000
[16:12:15.722] [SEVERE ] updating countdown to 53000
[16:12:16.738] [SEVERE ] updating countdown to 52000
[16:12:17.749] [SEVERE ] updating countdown to 51000
[16:12:18.761] [SEVERE ] updating countdown to 50000
[16:12:19.771] [SEVERE ] updating countdown to 49000
[16:12:20.784] [SEVERE ] updating countdown to 48000
[16:12:21.793] [SEVERE ] updating countdown to 47000
[16:12:22.219] [SEVERE ] key 81 was pressed by player 1
[16:12:22.221] [SEVERE ] player 1 placing token on slot 0
[16:12:22.566] [SEVERE ] key 87 was pressed by player 1
[16:12:22.567] [SEVERE ] player 1 placing token on slot 1
[16:12:22.788] [SEVERE ] key 83 was pressed by player 1
[16:12:22.789] [SEVERE ] player 1 placing token on slot 5
[16:12:22.790] [SEVERE ] setting player 1 freeze to 3000
[16:12:22.803] [SEVERE ] updating countdown to 46000
[16:12:23.563] [SEVERE ] key 83 was pressed by player 1
[16:12:23.760] [SEVERE ] key 83 was pressed by player 1
[16:12:23.796] [SEVERE ] setting player 1 freeze to 2000
[16:12:23.812] [SEVERE ] updating countdown to 45000
[16:12:23.937] [SEVERE ] key 83 was pressed by player 1
[16:12:24.104] [SEVERE ] key 83 was pressed by player 1
[16:12:24.269] [SEVERE ] key 83 was pressed by player 1
[16:12:24.421] [SEVERE ] key 83 was pressed by player 1
[16:12:24.581] [SEVERE ] key 83 was pressed by player 1
[16:12:24.730] [SEVERE ] key 83 was pressed by player 1
[16:12:24.796] [SEVERE ] setting player 1 freeze to 1000
[16:12:24.827] [SEVERE ] updating countdown to 44000
[16:12:25.810] [SEVERE ] setting player 1 freeze to 0
[16:12:25.841] [SEVERE ] updating countdown to 43000
[16:12:26.513] [SEVERE ] key 83 was pressed by player 1
[16:12:26.513] [SEVERE ] removing player 1 token from slot 5
[16:12:26.780] [SEVERE ] key 68 was pressed by player 1
[16:12:26.781] [SEVERE ] player 1 placing token on slot 6
[16:12:26.782] [SEVERE ] setting player 1 freeze to 3000
[16:12:26.845] [SEVERE ] updating countdown to 42000
[16:12:27.235] [SEVERE ] key 68 was pressed by player 1
[16:12:27.413] [SEVERE ] key 68 was pressed by player 1
[16:12:27.604] [SEVERE ] key 68 was pressed by player 1
[16:12:27.797] [SEVERE ] setting player 1 freeze to 2000
[16:12:27.859] [SEVERE ] updating countdown to 41000
[16:12:28.799] [SEVERE ] setting player 1 freeze to 1000
[16:12:28.862] [SEVERE ] updating countdown to 40000
