[15:34:01.671] [INFO   ] thread main starting.
[15:34:01.684] [SEVERE ] cannot read configuration file config.properties trying from resources.
[15:34:01.688] [SEVERE ] configuration file was loaded from resources directory.
[15:34:02.441] [INFO   ] thread dealer starting.
[15:34:02.442] [INFO   ] thread player 0 starting.
[15:34:02.444] [INFO   ] thread dealer starting.
[15:34:02.458] [INFO   ] thread player 0 starting.
[15:34:02.568] [SEVERE ] placing card 3 in slot 0
[15:34:02.680] [SEVERE ] placing card 5 in slot 1
[15:34:02.788] [SEVERE ] placing card 54 in slot 2
[15:34:02.896] [SEVERE ] placing card 68 in slot 3
[15:34:03.004] [SEVERE ] placing card 6 in slot 4
[15:34:03.111] [SEVERE ] placing card 35 in slot 5
[15:34:03.220] [SEVERE ] placing card 32 in slot 6
[15:34:03.334] [SEVERE ] placing card 10 in slot 7
[15:34:03.444] [SEVERE ] placing card 25 in slot 8
[15:34:03.553] [SEVERE ] placing card 1 in slot 9
[15:34:03.662] [SEVERE ] placing card 79 in slot 10
[15:34:03.769] [SEVERE ] placing card 33 in slot 11
[15:34:04.777] [SEVERE ] updating countdown to 59000
[15:34:05.527] [SEVERE ] key 87 was pressed by player 1
[15:34:05.527] [SEVERE ] player 1 placing token on slot 1
[15:34:05.778] [SEVERE ] updating countdown to 58000
[15:34:05.786] [SEVERE ] key 69 was pressed by player 1
[15:34:05.786] [SEVERE ] player 1 placing token on slot 2
[15:34:06.064] [SEVERE ] key 68 was pressed by player 1
[15:34:06.066] [SEVERE ] player 1 placing token on slot 6
[15:34:06.070] [SEVERE ] setting player 1 freeze to 3000
[15:34:06.784] [SEVERE ] updating countdown to 57000
[15:34:07.083] [SEVERE ] setting player 1 freeze to 2000
[15:34:07.444] [SEVERE ] key 68 was pressed by player 1
[15:34:07.789] [SEVERE ] updating countdown to 56000
[15:34:08.091] [SEVERE ] setting player 1 freeze to 1000
[15:34:08.799] [SEVERE ] updating countdown to 55000
[15:34:09.104] [SEVERE ] setting player 1 freeze to 0
[15:34:09.105] [SEVERE ] removing player 1 token from slot 6
[15:34:09.814] [SEVERE ] updating countdown to 54000
[15:34:10.824] [SEVERE ] updating countdown to 53000
[15:34:11.838] [SEVERE ] updating countdown to 52000
