[11:05:04.332] [INFO   ] thread main starting.
[11:05:04.345] [SEVERE ] cannot read configuration file config.properties trying from resources.
[11:05:04.347] [SEVERE ] configuration file was loaded from resources directory.
[11:05:05.025] [INFO   ] thread dealer starting.
[11:05:05.026] [INFO   ] thread player 0 starting.
[11:05:05.026] [INFO   ] thread dealer starting.
[11:05:05.027] [INFO   ] thread player 0 starting.
[11:05:05.028] [INFO   ] thread computer-0 starting.
[11:05:05.144] [SEVERE ] placing card 18 in slot 0
[11:05:05.247] [SEVERE ] placing card 30 in slot 1
[11:05:05.362] [SEVERE ] placing card 4 in slot 2
[11:05:05.478] [SEVERE ] placing card 77 in slot 3
[11:05:05.578] [SEVERE ] placing card 51 in slot 4
[11:05:05.679] [SEVERE ] placing card 32 in slot 5
[11:05:05.794] [SEVERE ] placing card 24 in slot 6
[11:05:05.896] [SEVERE ] placing card 65 in slot 7
[11:05:06.011] [SEVERE ] placing card 44 in slot 8
[11:05:06.113] [SEVERE ] placing card 47 in slot 9
[11:05:06.228] [SEVERE ] placing card 5 in slot 10
[11:05:06.336] [SEVERE ] placing card 54 in slot 11
[11:05:07.351] [SEVERE ] updating countdown to 59000
[11:05:08.368] [SEVERE ] updating countdown to 58000
[11:05:09.373] [SEVERE ] updating countdown to 57000
[11:05:10.374] [SEVERE ] updating countdown to 56000
[11:05:11.376] [SEVERE ] updating countdown to 55000
[11:05:12.379] [SEVERE ] updating countdown to 54000
[11:05:13.384] [SEVERE ] updating countdown to 53000
[11:05:14.393] [SEVERE ] updating countdown to 52000
