[20:00:18.640] [INFO   ] thread main starting.
[20:00:18.650] [SEVERE ] cannot read configuration file config.properties trying from resources.
[20:00:18.654] [SEVERE ] configuration file was loaded from resources directory.
[20:00:19.266] [INFO   ] thread dealer starting.
[20:00:19.269] [INFO   ] thread player 0 starting.
[20:00:19.271] [INFO   ] thread player 1 starting.
[20:00:19.271] [INFO   ] thread dealer starting.
[20:00:19.292] [INFO   ] thread player 1 starting.
[20:00:19.293] [INFO   ] thread player 0 starting.
[20:00:19.401] [SEVERE ] placing card 47 in slot 0
[20:00:19.510] [SEVERE ] placing card 24 in slot 1
[20:00:19.619] [SEVERE ] placing card 17 in slot 2
[20:00:19.729] [SEVERE ] placing card 38 in slot 3
[20:00:19.840] [SEVERE ] placing card 68 in slot 4
[20:00:19.948] [SEVERE ] placing card 18 in slot 5
[20:00:20.057] [SEVERE ] placing card 15 in slot 6
[20:00:20.167] [SEVERE ] placing card 49 in slot 7
[20:00:20.276] [SEVERE ] placing card 0 in slot 8
[20:00:20.385] [SEVERE ] placing card 46 in slot 9
[20:00:20.495] [SEVERE ] placing card 5 in slot 10
[20:00:20.605] [SEVERE ] placing card 71 in slot 11
[20:00:21.621] [SEVERE ] updating countdown to 59000
[20:00:22.188] [SEVERE ] key 81 was pressed by player 1
[20:00:22.188] [SEVERE ] player 1 placing token on slot 0
[20:00:22.457] [SEVERE ] key 80 was pressed by player 2
[20:00:22.457] [SEVERE ] player 2 placing token on slot 3
[20:00:22.641] [SEVERE ] updating countdown to 58000
[20:00:22.897] [SEVERE ] key 87 was pressed by player 1
[20:00:22.897] [SEVERE ] player 1 placing token on slot 1
[20:00:23.154] [SEVERE ] key 79 was pressed by player 2
[20:00:23.156] [SEVERE ] player 2 placing token on slot 2
[20:00:23.653] [SEVERE ] updating countdown to 57000
[20:00:24.669] [SEVERE ] updating countdown to 56000
[20:00:24.964] [SEVERE ] key 68 was pressed by player 1
[20:00:24.965] [SEVERE ] player 1 placing token on slot 6
[20:00:24.966] [SEVERE ] setting player 1 freeze to 3000
[20:00:25.088] [SEVERE ] key 75 was pressed by player 2
[20:00:25.088] [SEVERE ] player 2 placing token on slot 5
[20:00:25.681] [SEVERE ] updating countdown to 55000
[20:00:25.975] [SEVERE ] setting player 1 freeze to 2000
[20:00:26.691] [SEVERE ] updating countdown to 54000
[20:00:26.981] [SEVERE ] setting player 1 freeze to 1000
[20:00:27.698] [SEVERE ] updating countdown to 53000
[20:00:27.994] [SEVERE ] setting player 1 freeze to 0
[20:00:27.994] [SEVERE ] setting player 2 freeze to 3000
[20:00:28.713] [SEVERE ] updating countdown to 52000
[20:00:29.009] [SEVERE ] setting player 2 freeze to 2000
[20:00:29.728] [SEVERE ] updating countdown to 51000
[20:00:30.020] [SEVERE ] setting player 2 freeze to 1000
[20:00:30.738] [SEVERE ] updating countdown to 50000
[20:00:31.031] [SEVERE ] setting player 2 freeze to 0
[20:00:31.752] [SEVERE ] updating countdown to 49000
[20:00:32.078] [SEVERE ] key 68 was pressed by player 1
[20:00:32.079] [SEVERE ] removing player 1 token from slot 6
[20:00:32.442] [SEVERE ] key 67 was pressed by player 1
[20:00:32.443] [SEVERE ] player 1 placing token on slot 10
[20:00:32.443] [SEVERE ] setting player 1 freeze to 3000
[20:00:32.760] [SEVERE ] updating countdown to 48000
[20:00:33.446] [SEVERE ] setting player 1 freeze to 2000
[20:00:33.774] [SEVERE ] updating countdown to 47000
[20:00:34.454] [SEVERE ] setting player 1 freeze to 1000
[20:00:34.783] [SEVERE ] updating countdown to 46000
[20:00:35.464] [SEVERE ] setting player 1 freeze to 0
[20:00:35.792] [SEVERE ] updating countdown to 45000
[20:00:35.870] [SEVERE ] key 80 was pressed by player 2
[20:00:35.870] [SEVERE ] removing player 2 token from slot 3
[20:00:36.135] [SEVERE ] key 77 was pressed by player 2
[20:00:36.136] [SEVERE ] player 2 placing token on slot 8
[20:00:36.136] [SEVERE ] setting player 2 freeze to 3000
[20:00:36.808] [SEVERE ] updating countdown to 44000
[20:00:37.147] [SEVERE ] setting player 2 freeze to 2000
[20:00:37.819] [SEVERE ] updating countdown to 43000
[20:00:38.157] [SEVERE ] setting player 2 freeze to 1000
[20:00:38.826] [SEVERE ] updating countdown to 42000
[20:00:39.165] [SEVERE ] setting player 2 freeze to 0
[20:00:39.472] [SEVERE ] key 65 was pressed by player 1
[20:00:39.670] [SEVERE ] key 83 was pressed by player 1
[20:00:39.839] [SEVERE ] updating countdown to 41000
[20:00:40.225] [SEVERE ] key 68 was pressed by player 1
[20:00:40.850] [SEVERE ] updating countdown to 40000
[20:00:41.520] [SEVERE ] key 90 was pressed by player 1
[20:00:41.863] [SEVERE ] updating countdown to 39000
[20:00:42.479] [SEVERE ] key 46 was pressed by player 2
[20:00:42.880] [SEVERE ] updating countdown to 38000
[20:00:43.412] [SEVERE ] key 47 was pressed by player 2
[20:00:43.890] [SEVERE ] updating countdown to 37000
[20:00:44.903] [SEVERE ] updating countdown to 36000
[20:00:45.255] [SEVERE ] key 81 was pressed by player 1
[20:00:45.255] [SEVERE ] removing player 1 token from slot 0
[20:00:45.914] [SEVERE ] updating countdown to 35000
[20:00:46.809] [SEVERE ] key 83 was pressed by player 1
[20:00:46.810] [SEVERE ] player 1 placing token on slot 5
[20:00:46.810] [SEVERE ] setting player 1 freeze to 3000
[20:00:46.922] [SEVERE ] updating countdown to 34000
[20:00:47.811] [SEVERE ] setting player 1 freeze to 2000
[20:00:47.938] [SEVERE ] updating countdown to 33000
[20:00:48.822] [SEVERE ] setting player 1 freeze to 1000
[20:00:48.947] [SEVERE ] updating countdown to 32000
[20:00:49.835] [SEVERE ] setting player 1 freeze to 0
[20:00:49.964] [SEVERE ] updating countdown to 31000
[20:00:50.183] [SEVERE ] key 79 was pressed by player 2
[20:00:50.184] [SEVERE ] removing player 2 token from slot 2
[20:00:50.524] [SEVERE ] key 80 was pressed by player 2
[20:00:50.525] [SEVERE ] player 2 placing token on slot 3
[20:00:50.525] [SEVERE ] setting player 2 freeze to 3000
[20:00:50.979] [SEVERE ] updating countdown to 30000
[20:00:51.539] [SEVERE ] setting player 2 freeze to 2000
[20:00:51.981] [SEVERE ] updating countdown to 29000
[20:00:52.540] [SEVERE ] setting player 2 freeze to 1000
[20:00:52.995] [SEVERE ] updating countdown to 28000
[20:00:53.553] [SEVERE ] setting player 2 freeze to 0
[20:00:53.939] [SEVERE ] key 80 was pressed by player 2
[20:00:53.939] [SEVERE ] removing player 2 token from slot 3
[20:00:54.005] [SEVERE ] updating countdown to 27000
[20:00:54.296] [SEVERE ] key 87 was pressed by player 1
[20:00:54.296] [SEVERE ] removing player 1 token from slot 1
[20:00:54.525] [SEVERE ] key 79 was pressed by player 2
[20:00:54.525] [SEVERE ] player 2 placing token on slot 2
[20:00:54.526] [SEVERE ] setting player 2 freeze to 3000
[20:00:54.947] [SEVERE ] key 83 was pressed by player 1
[20:00:54.948] [SEVERE ] removing player 1 token from slot 5
[20:00:55.019] [SEVERE ] updating countdown to 26000
[20:00:55.394] [SEVERE ] key 76 was pressed by player 2
[20:00:55.533] [SEVERE ] setting player 2 freeze to 2000
[20:00:55.581] [SEVERE ] key 80 was pressed by player 2
[20:00:55.964] [SEVERE ] key 81 was pressed by player 1
[20:00:55.979] [SEVERE ] key 87 was pressed by player 1
[20:00:56.031] [SEVERE ] updating countdown to 25000
[20:00:56.065] [SEVERE ] key 87 was pressed by player 1
[20:00:56.544] [SEVERE ] setting player 2 freeze to 1000
[20:00:56.885] [SEVERE ] key 69 was pressed by player 1
[20:00:57.043] [SEVERE ] updating countdown to 24000
[20:00:57.554] [SEVERE ] setting player 2 freeze to 0
[20:00:57.555] [SEVERE ] player 1 placing token on slot 0
[20:00:57.555] [SEVERE ] player 1 placing token on slot 1
[20:00:57.555] [SEVERE ] setting player 1 freeze to 3000
[20:00:58.059] [SEVERE ] updating countdown to 23000
[20:00:58.559] [SEVERE ] setting player 1 freeze to 2000
[20:00:59.076] [SEVERE ] updating countdown to 22000
[20:00:59.569] [SEVERE ] setting player 1 freeze to 1000
[20:01:00.079] [SEVERE ] updating countdown to 21000
[20:01:00.577] [SEVERE ] setting player 1 freeze to 0
[20:01:00.577] [SEVERE ] removing player 1 token from slot 1
[20:01:00.577] [SEVERE ] player 1 placing token on slot 2
[20:01:00.578] [SEVERE ] setting player 1 freeze to 3000
[20:01:01.093] [SEVERE ] updating countdown to 20000
[20:01:01.591] [SEVERE ] setting player 1 freeze to 2000
[20:01:02.105] [SEVERE ] updating countdown to 19000
[20:01:02.603] [SEVERE ] setting player 1 freeze to 1000
[20:01:03.116] [SEVERE ] updating countdown to 18000
[20:01:03.613] [SEVERE ] setting player 1 freeze to 0
[20:01:04.129] [SEVERE ] updating countdown to 17000
[20:01:05.142] [SEVERE ] updating countdown to 16000
[20:01:05.741] [SEVERE ] key 81 was pressed by player 1
[20:01:05.742] [SEVERE ] removing player 1 token from slot 0
[20:01:06.157] [SEVERE ] updating countdown to 15000
[20:01:06.225] [SEVERE ] key 68 was pressed by player 1
[20:01:06.226] [SEVERE ] player 1 placing token on slot 6
[20:01:06.226] [SEVERE ] setting player 1 freeze to 3000
[20:01:07.172] [SEVERE ] updating countdown to 14000
[20:01:07.231] [SEVERE ] setting player 1 freeze to 2000
[20:01:08.183] [SEVERE ] updating countdown to 13000
[20:01:08.243] [SEVERE ] setting player 1 freeze to 1000
[20:01:08.897] [SEVERE ] key 68 was pressed by player 1
[20:01:09.191] [SEVERE ] updating countdown to 12000
[20:01:09.252] [SEVERE ] setting player 1 freeze to 0
[20:01:10.203] [SEVERE ] updating countdown to 11000
[20:01:10.255] [SEVERE ] key 68 was pressed by player 1
[20:01:10.255] [SEVERE ] removing player 1 token from slot 6
[20:01:11.214] [SEVERE ] updating countdown to 10000
[20:01:11.280] [SEVERE ] key 68 was pressed by player 1
[20:01:11.280] [SEVERE ] player 1 placing token on slot 6
[20:01:11.280] [SEVERE ] setting player 1 freeze to 3000
[20:01:12.010] [SEVERE ] key 81 was pressed by player 1
[20:01:12.228] [SEVERE ] updating countdown to 9000
[20:01:12.288] [SEVERE ] setting player 1 freeze to 2000
[20:01:12.871] [SEVERE ] key 68 was pressed by player 1
[20:01:13.237] [SEVERE ] updating countdown to 8000
[20:01:13.297] [SEVERE ] setting player 1 freeze to 1000
[20:01:14.251] [SEVERE ] updating countdown to 7000
[20:01:14.311] [SEVERE ] setting player 1 freeze to 0
[20:01:14.992] [SEVERE ] key 68 was pressed by player 1
[20:01:14.993] [SEVERE ] removing player 1 token from slot 6
[20:01:15.269] [SEVERE ] updating countdown to 6000
[20:01:15.541] [SEVERE ] key 81 was pressed by player 1
[20:01:15.541] [SEVERE ] player 1 placing token on slot 0
[20:01:15.543] [SEVERE ] setting player 1 freeze to 3000
[20:01:16.076] [SEVERE ] key 87 was pressed by player 1
[20:01:16.278] [SEVERE ] updating countdown to 5000
[20:01:16.383] [SEVERE ] key 80 was pressed by player 2
[20:01:16.554] [SEVERE ] setting player 1 freeze to 2000
[20:01:16.643] [SEVERE ] key 79 was pressed by player 2
[20:01:16.643] [SEVERE ] removing player 2 token from slot 2
[20:01:17.287] [SEVERE ] updating countdown to 4000
[20:01:17.506] [SEVERE ] key 76 was pressed by player 2
[20:01:17.567] [SEVERE ] setting player 1 freeze to 1000
[20:01:18.299] [SEVERE ] updating countdown to 3000
[20:01:18.578] [SEVERE ] setting player 1 freeze to 0
[20:01:18.578] [SEVERE ] player 2 placing token on slot 6
[20:01:18.579] [SEVERE ] setting player 2 freeze to 3000
[20:01:19.309] [SEVERE ] updating countdown to 2000
[20:01:19.587] [SEVERE ] setting player 2 freeze to 2000
[20:01:20.325] [SEVERE ] updating countdown to 1000
[20:01:20.600] [SEVERE ] setting player 2 freeze to 1000
[20:01:21.333] [SEVERE ] updating countdown to 0
[20:01:21.611] [SEVERE ] setting player 2 freeze to 0
[20:01:22.348] [SEVERE ] removing player 1 token from slot 10
[20:01:22.348] [SEVERE ] removing player 1 token from slot 2
[20:01:22.348] [SEVERE ] removing player 1 token from slot 0
[20:01:22.348] [SEVERE ] removing player 2 token from slot 5
[20:01:22.348] [SEVERE ] removing player 2 token from slot 8
[20:01:22.349] [SEVERE ] removing player 2 token from slot 6
[20:01:22.454] [SEVERE ] removing card from slot 0
[20:01:22.562] [SEVERE ] removing card from slot 1
[20:01:22.670] [SEVERE ] removing card from slot 2
[20:01:22.780] [SEVERE ] removing card from slot 3
[20:01:22.887] [SEVERE ] removing card from slot 4
[20:01:22.996] [SEVERE ] removing card from slot 5
[20:01:23.104] [SEVERE ] removing card from slot 6
[20:01:23.212] [SEVERE ] removing card from slot 7
[20:01:23.323] [SEVERE ] removing card from slot 8
[20:01:23.432] [SEVERE ] removing card from slot 9
[20:01:23.541] [SEVERE ] removing card from slot 10
[20:01:23.650] [SEVERE ] removing card from slot 11
[20:01:23.759] [SEVERE ] placing card 25 in slot 0
[20:01:23.868] [SEVERE ] placing card 65 in slot 1
[20:01:23.979] [SEVERE ] placing card 52 in slot 2
[20:01:24.088] [SEVERE ] placing card 66 in slot 3
[20:01:24.196] [SEVERE ] placing card 13 in slot 4
[20:01:24.304] [SEVERE ] placing card 59 in slot 5
[20:01:24.412] [SEVERE ] placing card 12 in slot 6
[20:01:24.523] [SEVERE ] placing card 42 in slot 7
[20:01:24.633] [SEVERE ] placing card 73 in slot 8
[20:01:24.741] [SEVERE ] placing card 40 in slot 9
[20:01:24.850] [SEVERE ] placing card 61 in slot 10
[20:01:24.960] [SEVERE ] placing card 41 in slot 11
[20:01:24.960] [SEVERE ] updating countdown to 60000
[20:01:25.970] [SEVERE ] updating countdown to 59000
[20:01:26.228] [SEVERE ] key 81 was pressed by player 1
[20:01:26.228] [SEVERE ] player 1 placing token on slot 0
[20:01:26.646] [SEVERE ] key 87 was pressed by player 1
[20:01:26.646] [SEVERE ] player 1 placing token on slot 1
[20:01:26.986] [SEVERE ] updating countdown to 58000
[20:01:27.587] [SEVERE ] key 80 was pressed by player 2
[20:01:27.587] [SEVERE ] player 2 placing token on slot 3
[20:01:27.941] [SEVERE ] key 79 was pressed by player 2
[20:01:27.942] [SEVERE ] player 2 placing token on slot 2
[20:01:27.995] [SEVERE ] updating countdown to 57000
[20:01:29.004] [SEVERE ] updating countdown to 56000
[20:01:30.011] [SEVERE ] updating countdown to 55000
[20:01:31.023] [SEVERE ] updating countdown to 54000
[20:01:31.898] [SEVERE ] key 83 was pressed by player 1
[20:01:31.899] [SEVERE ] player 1 placing token on slot 5
[20:01:31.899] [SEVERE ] setting player 1 freeze to 3000
[20:01:32.025] [SEVERE ] updating countdown to 53000
[20:01:32.360] [SEVERE ] key 75 was pressed by player 2
[20:01:32.361] [SEVERE ] player 2 placing token on slot 5
[20:01:32.910] [SEVERE ] setting player 1 freeze to 2000
[20:01:33.036] [SEVERE ] updating countdown to 52000
[20:01:33.337] [SEVERE ] key 75 was pressed by player 2
[20:01:33.773] [SEVERE ] key 75 was pressed by player 2
[20:01:33.923] [SEVERE ] setting player 1 freeze to 1000
[20:01:34.048] [SEVERE ] updating countdown to 51000
[20:01:34.295] [SEVERE ] key 75 was pressed by player 2
[20:01:34.708] [SEVERE ] key 75 was pressed by player 2
[20:01:34.929] [SEVERE ] setting player 1 freeze to 0
[20:01:34.929] [SEVERE ] setting player 2 freeze to 3000
[20:01:35.056] [SEVERE ] updating countdown to 50000
[20:01:35.932] [SEVERE ] setting player 2 freeze to 2000
[20:01:36.058] [SEVERE ] updating countdown to 49000
[20:01:36.944] [SEVERE ] setting player 2 freeze to 1000
[20:01:37.069] [SEVERE ] updating countdown to 48000
[20:01:37.958] [SEVERE ] setting player 2 freeze to 0
[20:01:37.958] [SEVERE ] removing player 2 token from slot 5
[20:01:37.958] [SEVERE ] player 2 placing token on slot 5
[20:01:37.958] [SEVERE ] setting player 2 freeze to 3000
[20:01:38.083] [SEVERE ] updating countdown to 47000
[20:01:38.970] [SEVERE ] setting player 2 freeze to 2000
[20:01:39.095] [SEVERE ] updating countdown to 46000
[20:01:39.985] [SEVERE ] setting player 2 freeze to 1000
[20:01:40.111] [SEVERE ] updating countdown to 45000
[20:01:40.999] [SEVERE ] setting player 2 freeze to 0
[20:01:40.999] [SEVERE ] removing player 2 token from slot 5
[20:01:40.999] [SEVERE ] player 2 placing token on slot 5
[20:01:40.999] [SEVERE ] setting player 2 freeze to 3000
[20:01:41.125] [SEVERE ] updating countdown to 44000
[20:01:42.012] [SEVERE ] setting player 2 freeze to 2000
[20:01:42.137] [SEVERE ] updating countdown to 43000
[20:01:43.019] [SEVERE ] setting player 2 freeze to 1000
[20:01:43.143] [SEVERE ] updating countdown to 42000
[20:01:44.026] [SEVERE ] setting player 2 freeze to 0
[20:01:44.151] [SEVERE ] updating countdown to 41000
[20:01:45.165] [SEVERE ] updating countdown to 40000
[20:01:46.172] [SEVERE ] updating countdown to 39000
[20:01:47.181] [SEVERE ] updating countdown to 38000
[20:01:48.191] [SEVERE ] updating countdown to 37000
[20:01:49.205] [SEVERE ] updating countdown to 36000
[20:01:50.210] [SEVERE ] updating countdown to 35000
[20:01:51.212] [SEVERE ] updating countdown to 34000
[20:01:52.221] [SEVERE ] updating countdown to 33000
[20:01:53.229] [SEVERE ] updating countdown to 32000
[20:01:54.245] [SEVERE ] updating countdown to 31000
[20:01:54.763] [SEVERE ] key 81 was pressed by player 1
[20:01:54.763] [SEVERE ] removing player 1 token from slot 0
[20:01:55.144] [SEVERE ] key 87 was pressed by player 1
[20:01:55.145] [SEVERE ] removing player 1 token from slot 1
[20:01:55.257] [SEVERE ] updating countdown to 30000
[20:01:55.526] [SEVERE ] key 80 was pressed by player 2
[20:01:55.526] [SEVERE ] removing player 2 token from slot 3
[20:01:56.227] [SEVERE ] key 80 was pressed by player 2
[20:01:56.227] [SEVERE ] player 2 placing token on slot 3
[20:01:56.228] [SEVERE ] setting player 2 freeze to 3000
[20:01:56.271] [SEVERE ] updating countdown to 29000
[20:01:57.234] [SEVERE ] setting player 2 freeze to 2000
[20:01:57.282] [SEVERE ] updating countdown to 28000
[20:01:57.854] [SEVERE ] key 83 was pressed by player 1
[20:01:57.855] [SEVERE ] removing player 1 token from slot 5
[20:01:58.244] [SEVERE ] setting player 2 freeze to 1000
[20:01:58.291] [SEVERE ] updating countdown to 27000
[20:01:58.447] [SEVERE ] key 83 was pressed by player 1
[20:01:58.672] [SEVERE ] key 68 was pressed by player 1
[20:01:59.253] [SEVERE ] setting player 2 freeze to 0
[20:01:59.253] [SEVERE ] player 1 placing token on slot 5
[20:01:59.253] [SEVERE ] player 1 placing token on slot 6
[20:01:59.259] [SEVERE ] key 70 was pressed by player 1
[20:01:59.259] [SEVERE ] player 1 placing token on slot 7
[20:01:59.259] [SEVERE ] setting player 1 freeze to 3000
[20:01:59.301] [SEVERE ] updating countdown to 26000
[20:01:59.774] [SEVERE ] key 81 was pressed by player 1
[20:02:00.137] [SEVERE ] key 83 was pressed by player 1
[20:02:00.267] [SEVERE ] setting player 1 freeze to 2000
[20:02:00.316] [SEVERE ] updating countdown to 25000
[20:02:00.405] [SEVERE ] key 68 was pressed by player 1
[20:02:00.458] [SEVERE ] key 76 was pressed by player 2
[20:02:00.659] [SEVERE ] key 68 was pressed by player 1
[20:02:01.276] [SEVERE ] setting player 1 freeze to 1000
[20:02:01.323] [SEVERE ] updating countdown to 24000
[20:02:01.628] [SEVERE ] key 80 was pressed by player 2
[20:02:01.628] [SEVERE ] removing player 2 token from slot 3
[20:02:02.061] [SEVERE ] key 80 was pressed by player 2
[20:02:02.290] [SEVERE ] setting player 1 freeze to 0
[20:02:02.290] [SEVERE ] player 2 placing token on slot 3
[20:02:02.290] [SEVERE ] setting player 2 freeze to 3000
[20:02:02.338] [SEVERE ] updating countdown to 23000
[20:02:02.439] [SEVERE ] key 76 was pressed by player 2
[20:02:03.302] [SEVERE ] setting player 2 freeze to 2000
[20:02:03.350] [SEVERE ] updating countdown to 22000
[20:02:03.406] [SEVERE ] key 75 was pressed by player 2
[20:02:04.313] [SEVERE ] setting player 2 freeze to 1000
[20:02:04.361] [SEVERE ] updating countdown to 21000
[20:02:05.328] [SEVERE ] setting player 2 freeze to 0
[20:02:05.376] [SEVERE ] updating countdown to 20000
[20:02:06.384] [SEVERE ] updating countdown to 19000
[20:02:06.565] [SEVERE ] key 80 was pressed by player 2
[20:02:06.565] [SEVERE ] removing player 2 token from slot 3
[20:02:06.772] [SEVERE ] key 79 was pressed by player 2
[20:02:06.772] [SEVERE ] removing player 2 token from slot 2
[20:02:07.398] [SEVERE ] updating countdown to 18000
[20:02:07.836] [SEVERE ] key 83 was pressed by player 1
[20:02:07.836] [SEVERE ] removing player 1 token from slot 5
[20:02:08.122] [SEVERE ] key 68 was pressed by player 1
[20:02:08.123] [SEVERE ] removing player 1 token from slot 6
[20:02:08.411] [SEVERE ] updating countdown to 17000
[20:02:08.636] [SEVERE ] key 75 was pressed by player 2
[20:02:08.636] [SEVERE ] removing player 2 token from slot 5
[20:02:09.257] [SEVERE ] key 81 was pressed by player 1
[20:02:09.257] [SEVERE ] player 1 placing token on slot 0
[20:02:09.424] [SEVERE ] updating countdown to 16000
[20:02:09.683] [SEVERE ] key 81 was pressed by player 1
[20:02:09.683] [SEVERE ] removing player 1 token from slot 0
[20:02:09.918] [SEVERE ] key 59 was pressed by player 2
[20:02:09.919] [SEVERE ] player 2 placing token on slot 7
[20:02:10.358] [SEVERE ] key 59 was pressed by player 2
[20:02:10.358] [SEVERE ] removing player 2 token from slot 7
[20:02:10.431] [SEVERE ] updating countdown to 15000
[20:02:10.613] [SEVERE ] key 76 was pressed by player 2
[20:02:10.613] [SEVERE ] player 2 placing token on slot 6
[20:02:11.435] [SEVERE ] updating countdown to 14000
[20:02:12.006] [SEVERE ] key 83 was pressed by player 1
[20:02:12.007] [SEVERE ] player 1 placing token on slot 5
[20:02:12.447] [SEVERE ] updating countdown to 13000
[20:02:12.450] [SEVERE ] key 87 was pressed by player 1
[20:02:12.450] [SEVERE ] player 1 placing token on slot 1
[20:02:12.451] [SEVERE ] setting player 1 freeze to 3000
[20:02:12.958] [SEVERE ] key 79 was pressed by player 2
[20:02:12.958] [SEVERE ] player 2 placing token on slot 2
[20:02:13.458] [SEVERE ] setting player 1 freeze to 2000
[20:02:13.459] [SEVERE ] updating countdown to 12000
[20:02:14.420] [SEVERE ] key 75 was pressed by player 2
[20:02:14.469] [SEVERE ] setting player 1 freeze to 1000
[20:02:14.470] [SEVERE ] updating countdown to 11000
[20:02:14.929] [SEVERE ] key 77 was pressed by player 2
[20:02:15.363] [SEVERE ] key 70 was pressed by player 1
[20:02:15.484] [SEVERE ] setting player 1 freeze to 0
[20:02:15.484] [SEVERE ] player 2 placing token on slot 5
[20:02:15.484] [SEVERE ] setting player 2 freeze to 3000
[20:02:15.485] [SEVERE ] updating countdown to 10000
[20:02:16.497] [SEVERE ] setting player 2 freeze to 2000
[20:02:16.498] [SEVERE ] updating countdown to 9000
[20:02:17.509] [SEVERE ] setting player 2 freeze to 1000
[20:02:17.509] [SEVERE ] updating countdown to 8000
