[20:27:37.978] [INFO   ] thread main starting.
[20:27:37.996] [SEVERE ] cannot read configuration file config.properties trying from resources.
[20:27:37.996] [SEVERE ] configuration file was loaded from resources directory.
[20:27:38.637] [INFO   ] thread dealer starting.
[20:27:38.653] [INFO   ] thread player 0 starting.
[20:27:38.654] [INFO   ] thread dealer starting.
[20:27:38.665] [INFO   ] thread player 0 starting.
[20:27:38.775] [SEVERE ] placing card 1 in slot 0
[20:27:38.881] [SEVERE ] placing card 60 in slot 1
[20:27:38.997] [SEVERE ] placing card 44 in slot 2
[20:27:39.109] [SEVERE ] placing card 2 in slot 3
[20:27:39.224] [SEVERE ] placing card 59 in slot 4
[20:27:39.224] [SEVERE ] key 81 was pressed by player 1
[20:27:39.335] [SEVERE ] placing card 9 in slot 5
[20:27:39.413] [SEVERE ] key 87 was pressed by player 1
[20:27:39.444] [SEVERE ] placing card 54 in slot 6
[20:27:39.557] [SEVERE ] placing card 35 in slot 7
[20:27:39.670] [SEVERE ] placing card 65 in slot 8
[20:27:39.749] [SEVERE ] key 83 was pressed by player 1
[20:27:39.781] [SEVERE ] placing card 0 in slot 9
[20:27:39.894] [SEVERE ] placing card 17 in slot 10
[20:27:40.010] [SEVERE ] placing card 8 in slot 11
[20:27:41.019] [SEVERE ] updating countdown to 59000
[20:27:41.019] [SEVERE ] player 1 placing token on slot 1
[20:27:41.028] [SEVERE ] player 1 placing token on slot 5
[20:27:42.025] [SEVERE ] updating countdown to 58000
[20:27:43.027] [SEVERE ] updating countdown to 57000
