[19:23:29.281] [INFO   ] thread main starting.
[19:23:29.301] [SEVERE ] cannot read configuration file config.properties trying from resources.
[19:23:29.305] [SEVERE ] configuration file was loaded from resources directory.
[19:23:30.270] [INFO   ] thread dealer starting.
[19:23:30.272] [INFO   ] thread player 0 starting.
[19:23:30.272] [INFO   ] thread player 1 starting.
[19:23:30.274] [INFO   ] thread player 0 starting.
[19:23:30.274] [INFO   ] thread dealer starting.
[19:23:30.288] [INFO   ] thread player 1 starting.
[19:23:30.405] [SEVERE ] placing card 47 in slot 0
[19:23:30.513] [SEVERE ] placing card 0 in slot 1
[19:23:30.624] [SEVERE ] placing card 79 in slot 2
[19:23:30.732] [SEVERE ] placing card 7 in slot 3
[19:23:30.841] [SEVERE ] placing card 10 in slot 4
[19:23:30.949] [SEVERE ] placing card 43 in slot 5
[19:23:31.059] [SEVERE ] placing card 25 in slot 6
[19:23:31.168] [SEVERE ] placing card 59 in slot 7
[19:23:31.279] [SEVERE ] placing card 34 in slot 8
[19:23:31.387] [SEVERE ] placing card 4 in slot 9
[19:23:31.496] [SEVERE ] placing card 72 in slot 10
[19:23:31.605] [SEVERE ] placing card 6 in slot 11
[19:23:32.620] [SEVERE ] updating countdown to 59000
[19:23:33.639] [SEVERE ] updating countdown to 58000
[19:23:34.645] [SEVERE ] updating countdown to 57000
[19:23:35.663] [SEVERE ] updating countdown to 56000
[19:23:36.670] [SEVERE ] updating countdown to 55000
[19:23:37.678] [SEVERE ] updating countdown to 54000
[19:23:37.746] [SEVERE ] key 69 was pressed by player 1
[19:23:37.747] [SEVERE ] player 1 placing token on slot 2
[19:23:38.695] [SEVERE ] updating countdown to 53000
[19:23:39.324] [SEVERE ] key 73 was pressed by player 2
[19:23:39.325] [SEVERE ] player 2 placing token on slot 1
[19:23:39.707] [SEVERE ] updating countdown to 52000
[19:23:39.795] [SEVERE ] key 73 was pressed by player 2
[19:23:39.795] [SEVERE ] removing player 2 token from slot 1
[19:23:40.057] [SEVERE ] key 79 was pressed by player 2
[19:23:40.058] [SEVERE ] player 2 placing token on slot 2
[19:23:40.717] [SEVERE ] updating countdown to 51000
[19:23:41.728] [SEVERE ] updating countdown to 50000
[19:23:42.739] [SEVERE ] updating countdown to 49000
[19:23:43.748] [SEVERE ] key 82 was pressed by player 1
[19:23:43.749] [SEVERE ] player 1 placing token on slot 3
[19:23:43.757] [SEVERE ] updating countdown to 48000
[19:23:43.990] [SEVERE ] key 79 was pressed by player 2
[19:23:43.991] [SEVERE ] removing player 2 token from slot 2
[19:23:44.739] [SEVERE ] key 79 was pressed by player 2
[19:23:44.740] [SEVERE ] player 2 placing token on slot 2
[19:23:44.771] [SEVERE ] updating countdown to 47000
[19:23:45.582] [SEVERE ] key 82 was pressed by player 1
[19:23:45.582] [SEVERE ] removing player 1 token from slot 3
[19:23:45.786] [SEVERE ] updating countdown to 46000
[19:23:46.108] [SEVERE ] key 82 was pressed by player 1
[19:23:46.109] [SEVERE ] player 1 placing token on slot 3
[19:23:46.474] [SEVERE ] key 79 was pressed by player 2
[19:23:46.475] [SEVERE ] removing player 2 token from slot 2
[19:23:46.796] [SEVERE ] updating countdown to 45000
[19:23:46.939] [SEVERE ] key 79 was pressed by player 2
[19:23:46.939] [SEVERE ] player 2 placing token on slot 2
[19:23:47.807] [SEVERE ] updating countdown to 44000
[19:23:48.025] [SEVERE ] key 79 was pressed by player 2
[19:23:48.025] [SEVERE ] removing player 2 token from slot 2
[19:23:48.428] [SEVERE ] key 79 was pressed by player 2
[19:23:48.429] [SEVERE ] player 2 placing token on slot 2
[19:23:48.815] [SEVERE ] updating countdown to 43000
[19:23:49.443] [SEVERE ] key 80 was pressed by player 2
[19:23:49.444] [SEVERE ] player 2 placing token on slot 3
[19:23:49.832] [SEVERE ] updating countdown to 42000
[19:23:50.844] [SEVERE ] updating countdown to 41000
[19:23:51.857] [SEVERE ] updating countdown to 40000
[19:23:52.871] [SEVERE ] updating countdown to 39000
[19:23:53.428] [SEVERE ] key 80 was pressed by player 2
[19:23:53.430] [SEVERE ] removing player 2 token from slot 3
[19:23:53.879] [SEVERE ] updating countdown to 38000
[19:23:53.880] [SEVERE ] key 82 was pressed by player 1
[19:23:53.880] [SEVERE ] removing player 1 token from slot 3
[19:23:54.633] [SEVERE ] key 82 was pressed by player 1
[19:23:54.634] [SEVERE ] player 1 placing token on slot 3
[19:23:54.891] [SEVERE ] updating countdown to 37000
[19:23:55.099] [SEVERE ] key 80 was pressed by player 2
[19:23:55.099] [SEVERE ] player 2 placing token on slot 3
[19:23:55.904] [SEVERE ] updating countdown to 36000
[19:23:56.173] [SEVERE ] key 80 was pressed by player 2
[19:23:56.173] [SEVERE ] removing player 2 token from slot 3
[19:23:56.668] [SEVERE ] key 80 was pressed by player 2
[19:23:56.668] [SEVERE ] player 2 placing token on slot 3
[19:23:56.917] [SEVERE ] updating countdown to 35000
[19:23:57.315] [SEVERE ] key 82 was pressed by player 1
[19:23:57.315] [SEVERE ] removing player 1 token from slot 3
[19:23:57.697] [SEVERE ] key 82 was pressed by player 1
[19:23:57.699] [SEVERE ] player 1 placing token on slot 3
[19:23:57.934] [SEVERE ] updating countdown to 34000
[19:23:58.951] [SEVERE ] updating countdown to 33000
[19:23:59.957] [SEVERE ] updating countdown to 32000
[19:24:00.966] [SEVERE ] updating countdown to 31000
[19:24:01.674] [SEVERE ] key 65 was pressed by player 1
[19:24:01.675] [SEVERE ] player 1 placing token on slot 4
[19:24:01.676] [SEVERE ] setting player 1 freeze to 3000
[19:24:01.984] [SEVERE ] updating countdown to 30000
[19:24:02.686] [SEVERE ] setting player 1 freeze to 2000
[19:24:03.003] [SEVERE ] updating countdown to 29000
[19:24:03.699] [SEVERE ] setting player 1 freeze to 1000
[19:24:04.013] [SEVERE ] updating countdown to 28000
[19:24:04.712] [SEVERE ] setting player 1 freeze to 0
[19:24:05.024] [SEVERE ] updating countdown to 27000
[19:24:05.529] [SEVERE ] key 65 was pressed by player 1
[19:24:05.529] [SEVERE ] removing player 1 token from slot 4
[19:24:06.041] [SEVERE ] updating countdown to 26000
[19:24:07.050] [SEVERE ] updating countdown to 25000
[19:24:08.063] [SEVERE ] updating countdown to 24000
[19:24:09.067] [SEVERE ] key 80 was pressed by player 2
[19:24:09.067] [SEVERE ] removing player 2 token from slot 3
[19:24:09.079] [SEVERE ] updating countdown to 23000
[19:24:09.617] [SEVERE ] key 83 was pressed by player 1
[19:24:09.619] [SEVERE ] player 1 placing token on slot 5
[19:24:09.620] [SEVERE ] setting player 1 score to 1
[19:24:09.621] [SEVERE ] setting player 1 freeze to 1000
[19:24:10.096] [SEVERE ] updating countdown to 22000
[19:24:10.097] [SEVERE ] removing player 1 token from slot 2
[19:24:10.098] [SEVERE ] removing player 2 token from slot 2
[19:24:10.203] [SEVERE ] removing card from slot 2
[19:24:10.203] [SEVERE ] removing player 1 token from slot 3
[19:24:10.311] [SEVERE ] removing card from slot 3
[19:24:10.311] [SEVERE ] removing player 1 token from slot 5
[19:24:10.419] [SEVERE ] removing card from slot 5
[19:24:10.530] [SEVERE ] placing card 74 in slot 2
[19:24:10.622] [SEVERE ] setting player 1 freeze to 0
[19:24:10.638] [SEVERE ] placing card 78 in slot 3
[19:24:10.745] [SEVERE ] placing card 22 in slot 5
[19:24:11.761] [SEVERE ] updating countdown to 21000
[19:24:12.773] [SEVERE ] updating countdown to 20000
[19:24:13.787] [SEVERE ] updating countdown to 19000
[19:24:14.796] [SEVERE ] updating countdown to 18000
[19:24:15.809] [SEVERE ] updating countdown to 17000
[19:24:16.819] [SEVERE ] updating countdown to 16000
[19:24:17.212] [SEVERE ] key 81 was pressed by player 1
[19:24:17.212] [SEVERE ] player 1 placing token on slot 0
[19:24:17.837] [SEVERE ] updating countdown to 15000
[19:24:18.625] [SEVERE ] key 85 was pressed by player 2
[19:24:18.625] [SEVERE ] player 2 placing token on slot 0
[19:24:18.849] [SEVERE ] updating countdown to 14000
[19:24:19.772] [SEVERE ] key 81 was pressed by player 1
[19:24:19.772] [SEVERE ] removing player 1 token from slot 0
[19:24:19.854] [SEVERE ] updating countdown to 13000
[19:24:19.928] [SEVERE ] key 85 was pressed by player 2
[19:24:19.928] [SEVERE ] removing player 2 token from slot 0
[19:24:20.871] [SEVERE ] updating countdown to 12000
[19:24:21.887] [SEVERE ] updating countdown to 11000
[19:24:22.903] [SEVERE ] updating countdown to 10000
[19:24:23.914] [SEVERE ] updating countdown to 9000
[19:24:24.923] [SEVERE ] updating countdown to 8000
[19:24:25.942] [SEVERE ] updating countdown to 7000
[19:24:26.951] [SEVERE ] updating countdown to 6000
[19:24:27.965] [SEVERE ] updating countdown to 5000
[19:24:28.975] [SEVERE ] updating countdown to 4000
[19:24:29.989] [SEVERE ] updating countdown to 3000
[19:24:31.001] [SEVERE ] updating countdown to 2000
[19:24:32.015] [SEVERE ] updating countdown to 1000
[19:24:33.028] [SEVERE ] updating countdown to 0
[19:24:34.149] [SEVERE ] removing card from slot 0
[19:24:34.258] [SEVERE ] removing card from slot 1
[19:24:34.369] [SEVERE ] removing card from slot 2
[19:24:34.478] [SEVERE ] removing card from slot 3
[19:24:34.586] [SEVERE ] removing card from slot 4
[19:24:34.695] [SEVERE ] removing card from slot 5
[19:24:34.805] [SEVERE ] removing card from slot 6
[19:24:34.915] [SEVERE ] removing card from slot 7
[19:24:35.023] [SEVERE ] removing card from slot 8
[19:24:35.132] [SEVERE ] removing card from slot 9
[19:24:35.243] [SEVERE ] removing card from slot 10
[19:24:35.352] [SEVERE ] removing card from slot 11
[19:24:35.462] [SEVERE ] placing card 37 in slot 0
[19:24:35.573] [SEVERE ] placing card 14 in slot 1
[19:24:35.681] [SEVERE ] placing card 65 in slot 2
[19:24:35.791] [SEVERE ] placing card 9 in slot 3
[19:24:35.898] [SEVERE ] placing card 26 in slot 4
[19:24:36.008] [SEVERE ] placing card 38 in slot 5
[19:24:36.118] [SEVERE ] placing card 50 in slot 6
[19:24:36.226] [SEVERE ] placing card 51 in slot 7
[19:24:36.335] [SEVERE ] placing card 61 in slot 8
[19:24:36.444] [SEVERE ] placing card 23 in slot 9
[19:24:36.552] [SEVERE ] placing card 28 in slot 10
[19:24:36.660] [SEVERE ] placing card 63 in slot 11
[19:24:36.660] [SEVERE ] updating countdown to 60000
[19:24:37.675] [SEVERE ] updating countdown to 59000
[19:24:38.691] [SEVERE ] updating countdown to 58000
[19:24:39.701] [SEVERE ] updating countdown to 57000
[19:24:40.713] [SEVERE ] updating countdown to 56000
[19:24:41.730] [SEVERE ] updating countdown to 55000
[19:24:42.733] [SEVERE ] updating countdown to 54000
[19:24:43.747] [SEVERE ] updating countdown to 53000
[19:24:44.756] [SEVERE ] updating countdown to 52000
[19:24:45.770] [SEVERE ] updating countdown to 51000
[19:24:46.781] [SEVERE ] updating countdown to 50000
[19:24:47.792] [SEVERE ] updating countdown to 49000
[19:24:48.807] [SEVERE ] updating countdown to 48000
[19:24:49.816] [SEVERE ] updating countdown to 47000
[19:24:49.990] [SEVERE ] key 81 was pressed by player 1
[19:24:49.992] [SEVERE ] player 1 placing token on slot 0
[19:24:50.828] [SEVERE ] updating countdown to 46000
[19:24:51.134] [SEVERE ] key 73 was pressed by player 2
[19:24:51.135] [SEVERE ] player 2 placing token on slot 1
[19:24:51.591] [SEVERE ] key 73 was pressed by player 2
[19:24:51.591] [SEVERE ] removing player 2 token from slot 1
[19:24:51.843] [SEVERE ] updating countdown to 45000
[19:24:52.505] [SEVERE ] key 85 was pressed by player 2
[19:24:52.506] [SEVERE ] player 2 placing token on slot 0
[19:24:52.855] [SEVERE ] updating countdown to 44000
[19:24:53.868] [SEVERE ] updating countdown to 43000
[19:24:54.774] [SEVERE ] key 69 was pressed by player 1
[19:24:54.775] [SEVERE ] player 1 placing token on slot 2
[19:24:54.876] [SEVERE ] updating countdown to 42000
[19:24:55.888] [SEVERE ] updating countdown to 41000
[19:24:55.898] [SEVERE ] key 85 was pressed by player 2
[19:24:55.900] [SEVERE ] removing player 2 token from slot 0
[19:24:56.333] [SEVERE ] key 85 was pressed by player 2
[19:24:56.333] [SEVERE ] player 2 placing token on slot 0
[19:24:56.903] [SEVERE ] updating countdown to 40000
[19:24:57.476] [SEVERE ] key 79 was pressed by player 2
[19:24:57.476] [SEVERE ] player 2 placing token on slot 2
[19:24:57.915] [SEVERE ] updating countdown to 39000
[19:24:58.930] [SEVERE ] updating countdown to 38000
[19:24:59.067] [SEVERE ] key 82 was pressed by player 1
[19:24:59.067] [SEVERE ] player 1 placing token on slot 3
[19:24:59.068] [SEVERE ] setting player 1 score to 2
[19:24:59.068] [SEVERE ] setting player 1 freeze to 1000
[19:24:59.077] [SEVERE ] key 80 was pressed by player 2
[19:24:59.077] [SEVERE ] player 2 placing token on slot 3
[19:24:59.078] [SEVERE ] setting player 2 score to 1
[19:24:59.078] [SEVERE ] setting player 2 freeze to 1000
[19:24:59.943] [SEVERE ] updating countdown to 37000
[19:24:59.943] [SEVERE ] removing player 1 token from slot 0
[19:24:59.944] [SEVERE ] removing player 2 token from slot 0
[19:25:00.049] [SEVERE ] removing card from slot 0
[19:25:00.049] [SEVERE ] removing player 1 token from slot 2
[19:25:00.049] [SEVERE ] removing player 2 token from slot 2
[19:25:00.080] [SEVERE ] setting player 2 freeze to 0
[19:25:00.080] [SEVERE ] setting player 1 freeze to 0
[19:25:00.158] [SEVERE ] removing card from slot 2
[19:25:00.158] [SEVERE ] removing player 1 token from slot 3
[19:25:00.158] [SEVERE ] removing player 2 token from slot 3
[19:25:00.268] [SEVERE ] removing card from slot 3
[19:25:00.378] [SEVERE ] placing card 40 in slot 0
[19:25:00.488] [SEVERE ] placing card 18 in slot 2
[19:25:00.598] [SEVERE ] placing card 76 in slot 3
[19:25:01.613] [SEVERE ] updating countdown to 36000
[19:25:02.625] [SEVERE ] updating countdown to 35000
[19:25:03.626] [SEVERE ] updating countdown to 34000
[19:25:04.640] [SEVERE ] updating countdown to 33000
[19:25:05.652] [SEVERE ] updating countdown to 32000
[19:25:06.664] [SEVERE ] updating countdown to 31000
[19:25:07.667] [SEVERE ] updating countdown to 30000
[19:25:08.679] [SEVERE ] updating countdown to 29000
[19:25:09.695] [SEVERE ] updating countdown to 28000
[19:25:10.705] [SEVERE ] updating countdown to 27000
[19:25:11.707] [SEVERE ] updating countdown to 26000
[19:25:12.718] [SEVERE ] updating countdown to 25000
