[19:25:56.109] [INFO   ] thread main starting.
[19:25:56.128] [SEVERE ] cannot read configuration file config.properties trying from resources.
[19:25:56.134] [SEVERE ] configuration file was loaded from resources directory.
[19:25:57.095] [INFO   ] thread dealer starting.
[19:25:57.096] [INFO   ] thread player 0 starting.
[19:25:57.098] [INFO   ] thread player 1 starting.
[19:25:57.098] [INFO   ] thread dealer starting.
[19:25:57.122] [INFO   ] thread player 0 starting.
[19:25:57.122] [INFO   ] thread player 1 starting.
[19:25:57.248] [SEVERE ] placing card 21 in slot 0
[19:25:57.358] [SEVERE ] placing card 80 in slot 1
[19:25:57.468] [SEVERE ] placing card 25 in slot 2
[19:25:57.577] [SEVERE ] placing card 64 in slot 3
[19:25:57.687] [SEVERE ] placing card 30 in slot 4
[19:25:57.794] [SEVERE ] placing card 7 in slot 5
[19:25:57.901] [SEVERE ] placing card 1 in slot 6
[19:25:58.010] [SEVERE ] placing card 74 in slot 7
[19:25:58.117] [SEVERE ] placing card 49 in slot 8
[19:25:58.227] [SEVERE ] placing card 17 in slot 9
[19:25:58.334] [SEVERE ] placing card 26 in slot 10
[19:25:58.443] [SEVERE ] placing card 60 in slot 11
[19:25:59.463] [SEVERE ] updating countdown to 59000
[19:26:00.477] [SEVERE ] updating countdown to 58000
[19:26:01.490] [SEVERE ] updating countdown to 57000
[19:26:02.501] [SEVERE ] updating countdown to 56000
[19:26:03.302] [SEVERE ] key 81 was pressed by player 1
[19:26:03.303] [SEVERE ] player 1 placing token on slot 0
[19:26:03.512] [SEVERE ] updating countdown to 55000
[19:26:04.525] [SEVERE ] updating countdown to 54000
[19:26:05.529] [SEVERE ] updating countdown to 53000
[19:26:06.544] [SEVERE ] updating countdown to 52000
[19:26:06.668] [SEVERE ] key 68 was pressed by player 1
[19:26:06.669] [SEVERE ] player 1 placing token on slot 6
[19:26:07.555] [SEVERE ] updating countdown to 51000
[19:26:08.570] [SEVERE ] updating countdown to 50000
[19:26:09.275] [SEVERE ] key 67 was pressed by player 1
[19:26:09.275] [SEVERE ] player 1 placing token on slot 10
[19:26:09.276] [SEVERE ] setting player 1 freeze to 3000
[19:26:09.582] [SEVERE ] updating countdown to 49000
[19:26:10.284] [SEVERE ] setting player 1 freeze to 2000
[19:26:10.598] [SEVERE ] updating countdown to 48000
[19:26:11.296] [SEVERE ] setting player 1 freeze to 1000
[19:26:11.612] [SEVERE ] updating countdown to 47000
[19:26:12.311] [SEVERE ] setting player 1 freeze to 0
[19:26:12.628] [SEVERE ] updating countdown to 46000
[19:26:12.689] [SEVERE ] key 67 was pressed by player 1
[19:26:12.689] [SEVERE ] removing player 1 token from slot 10
[19:26:13.125] [SEVERE ] key 88 was pressed by player 1
[19:26:13.126] [SEVERE ] player 1 placing token on slot 9
[19:26:13.127] [SEVERE ] setting player 1 score to 1
[19:26:13.128] [SEVERE ] setting player 1 freeze to 1000
[19:26:13.645] [SEVERE ] updating countdown to 45000
[19:26:13.647] [SEVERE ] removing player 1 token from slot 0
[19:26:13.751] [SEVERE ] removing card from slot 0
[19:26:13.752] [SEVERE ] removing player 1 token from slot 6
[19:26:13.860] [SEVERE ] removing card from slot 6
[19:26:13.860] [SEVERE ] removing player 1 token from slot 9
[19:26:13.969] [SEVERE ] removing card from slot 9
[19:26:14.078] [SEVERE ] placing card 79 in slot 0
[19:26:14.141] [SEVERE ] setting player 1 freeze to 0
[19:26:14.189] [SEVERE ] placing card 42 in slot 6
[19:26:14.251] [SEVERE ] removing card from slot 0
[19:26:14.298] [SEVERE ] placing card 54 in slot 9
[19:26:14.361] [SEVERE ] removing card from slot 1
[19:26:14.408] [SEVERE ] placing card 3 in slot 0
[19:26:14.470] [SEVERE ] removing card from slot 2
[19:26:14.517] [SEVERE ] placing card 41 in slot 1
[19:26:14.580] [SEVERE ] removing card from slot 3
[19:26:14.627] [SEVERE ] placing card 56 in slot 2
[19:26:14.689] [SEVERE ] removing card from slot 4
[19:26:14.736] [SEVERE ] placing card 69 in slot 3
[19:26:14.798] [SEVERE ] removing card from slot 5
[19:26:14.846] [SEVERE ] placing card 71 in slot 4
[19:26:14.909] [SEVERE ] removing card from slot 6
[19:26:14.957] [SEVERE ] placing card 75 in slot 5
[19:26:15.020] [SEVERE ] removing card from slot 7
[19:26:15.067] [SEVERE ] placing card 15 in slot 6
[19:26:15.130] [SEVERE ] removing card from slot 8
[19:26:15.176] [SEVERE ] placing card 32 in slot 7
[19:26:15.239] [SEVERE ] removing card from slot 9
[19:26:15.287] [SEVERE ] placing card 68 in slot 8
[19:26:15.350] [SEVERE ] removing card from slot 10
[19:26:15.395] [SEVERE ] placing card 10 in slot 9
[19:26:15.459] [SEVERE ] removing card from slot 11
[19:26:15.505] [SEVERE ] placing card 8 in slot 10
[19:26:15.615] [SEVERE ] placing card 45 in slot 11
[19:26:15.679] [SEVERE ] removing card from slot 10
[19:26:15.679] [SEVERE ] removing card from slot 10
[19:26:15.679] [SEVERE ] placing card 78 in slot 10
[19:26:15.679] [SEVERE ] updating countdown to 60000
[19:26:16.623] [SEVERE ] updating countdown to 59000
[19:26:17.635] [SEVERE ] updating countdown to 58000
[19:26:18.648] [SEVERE ] updating countdown to 57000
[19:26:19.660] [SEVERE ] updating countdown to 56000
[19:26:20.671] [SEVERE ] updating countdown to 55000
[19:26:21.691] [SEVERE ] updating countdown to 54000
