[12:31:31.344] [INFO   ] thread main starting.
[12:31:31.344] [SEVERE ] cannot read configuration file config.properties trying from resources.
[12:31:31.359] [SEVERE ] configuration file was loaded from resources directory.
[12:31:31.933] [INFO   ] thread dealer starting.
[12:31:31.934] [INFO   ] thread player 0 starting.
[12:31:31.935] [INFO   ] thread player 1 starting.
[12:31:31.935] [INFO   ] thread player 0 starting.
[12:31:31.935] [INFO   ] thread player 2 starting.
[12:31:31.935] [INFO   ] thread player 1 starting.
[12:31:31.935] [INFO   ] thread player 3 starting.
[12:31:31.936] [INFO   ] thread player 4 starting.
[12:31:31.937] [INFO   ] thread player 2 starting.
[12:31:31.938] [INFO   ] thread player 5 starting.
[12:31:31.938] [INFO   ] thread player 3 starting.
[12:31:31.939] [INFO   ] thread player 4 starting.
[12:31:31.941] [INFO   ] thread player 5 starting.
[12:31:31.940] [INFO   ] thread dealer starting.
[12:31:31.943] [INFO   ] thread computer-5 starting.
[12:31:31.943] [INFO   ] thread computer-4 starting.
[12:31:32.082] [SEVERE ] placing card 59 in slot 0
[12:31:32.191] [SEVERE ] placing card 65 in slot 1
[12:31:32.293] [SEVERE ] placing card 43 in slot 2
[12:31:32.407] [SEVERE ] placing card 77 in slot 3
[12:31:32.508] [SEVERE ] placing card 48 in slot 4
[12:31:32.622] [SEVERE ] placing card 37 in slot 5
[12:31:32.724] [SEVERE ] placing card 56 in slot 6
[12:31:32.824] [SEVERE ] placing card 52 in slot 7
[12:31:32.925] [SEVERE ] placing card 54 in slot 8
[12:31:33.041] [SEVERE ] placing card 51 in slot 9
[12:31:33.157] [SEVERE ] placing card 75 in slot 10
[12:31:33.274] [SEVERE ] placing card 46 in slot 11
[12:31:34.276] [SEVERE ] updating countdown to 59000
[12:31:34.377] [SEVERE ] player 6 placing token on slot 2
[12:31:34.377] [SEVERE ] player 5 placing token on slot 5
[12:31:34.491] [SEVERE ] player 5 placing token on slot 9
[12:31:34.491] [SEVERE ] player 6 placing token on slot 11
[12:31:34.607] [SEVERE ] player 6 placing token on slot 7
[12:31:34.607] [SEVERE ] setting player 6 freeze to 3000
[12:31:34.607] [SEVERE ] player 5 placing token on slot 4
[12:31:34.607] [SEVERE ] setting player 5 freeze to 3000
[12:31:35.290] [SEVERE ] updating countdown to 58000
[12:31:35.621] [SEVERE ] setting player 5 freeze to 2000
[12:31:35.621] [SEVERE ] setting player 6 freeze to 2000
[12:31:36.295] [SEVERE ] updating countdown to 57000
