[19:54:32.502] [INFO   ] thread main starting.
[19:54:32.512] [SEVERE ] cannot read configuration file config.properties trying from resources.
[19:54:32.516] [SEVERE ] configuration file was loaded from resources directory.
[19:54:33.155] [INFO   ] thread dealer starting.
[19:54:33.157] [INFO   ] thread player 0 starting.
[19:54:33.158] [INFO   ] thread player 1 starting.
[19:54:33.158] [INFO   ] thread dealer starting.
[19:54:33.159] [INFO   ] thread player 1 starting.
[19:54:33.159] [INFO   ] thread player 0 starting.
[19:54:33.274] [SEVERE ] placing card 49 in slot 0
[19:54:33.384] [SEVERE ] placing card 27 in slot 1
[19:54:33.494] [SEVERE ] placing card 11 in slot 2
[19:54:33.602] [SEVERE ] placing card 50 in slot 3
[19:54:33.711] [SEVERE ] placing card 48 in slot 4
[19:54:33.821] [SEVERE ] placing card 22 in slot 5
[19:54:33.930] [SEVERE ] placing card 6 in slot 6
[19:54:34.040] [SEVERE ] placing card 73 in slot 7
[19:54:34.148] [SEVERE ] placing card 12 in slot 8
[19:54:34.258] [SEVERE ] placing card 58 in slot 9
[19:54:34.367] [SEVERE ] placing card 39 in slot 10
[19:54:34.476] [SEVERE ] placing card 20 in slot 11
[19:54:35.495] [SEVERE ] updating countdown to 59000
[19:54:35.935] [SEVERE ] key 81 was pressed by player 1
[19:54:35.935] [SEVERE ] player 1 placing token on slot 0
[19:54:36.164] [SEVERE ] key 87 was pressed by player 1
[19:54:36.164] [SEVERE ] player 1 placing token on slot 1
[19:54:36.503] [SEVERE ] updating countdown to 58000
[19:54:37.278] [SEVERE ] key 69 was pressed by player 1
[19:54:37.279] [SEVERE ] player 1 placing token on slot 2
[19:54:37.280] [SEVERE ] setting player 1 freeze to 3000
[19:54:37.515] [SEVERE ] updating countdown to 57000
[19:54:38.288] [SEVERE ] setting player 1 freeze to 2000
[19:54:38.522] [SEVERE ] updating countdown to 56000
[19:54:39.298] [SEVERE ] setting player 1 freeze to 1000
[19:54:39.535] [SEVERE ] updating countdown to 55000
[19:54:40.310] [SEVERE ] setting player 1 freeze to 0
[19:54:40.547] [SEVERE ] updating countdown to 54000
[19:54:41.558] [SEVERE ] updating countdown to 53000
