[14:14:19.721] [INFO   ] thread main starting.
[14:14:19.730] [SEVERE ] cannot read configuration file config.properties trying from resources.
[14:14:19.730] [SEVERE ] configuration file was loaded from resources directory.
[14:14:20.378] [INFO   ] thread dealer starting.
[14:14:20.393] [INFO   ] thread player 0 starting.
[14:14:20.394] [INFO   ] thread dealer starting.
[14:14:20.407] [INFO   ] thread player 0 starting.
[14:14:20.523] [SEVERE ] placing card 65 in slot 0
[14:14:20.631] [SEVERE ] placing card 66 in slot 1
[14:14:20.737] [SEVERE ] placing card 48 in slot 2
[14:14:20.841] [SEVERE ] placing card 70 in slot 3
[14:14:20.946] [SEVERE ] placing card 11 in slot 4
[14:14:21.054] [SEVERE ] placing card 2 in slot 5
[14:14:21.156] [SEVERE ] placing card 4 in slot 6
[14:14:21.257] [SEVERE ] placing card 35 in slot 7
[14:14:21.360] [SEVERE ] placing card 29 in slot 8
[14:14:21.470] [SEVERE ] placing card 50 in slot 9
[14:14:21.502] [SEVERE ] exit button pressed
[14:14:21.573] [SEVERE ] placing card 0 in slot 10
[14:14:21.677] [SEVERE ] placing card 1 in slot 11
[14:14:22.687] [SEVERE ] updating countdown to 59000
[14:14:23.709] [SEVERE ] updating countdown to 58000
