[20:24:34.097] [INFO   ] thread main starting.
[20:24:34.107] [SEVERE ] cannot read configuration file config.properties trying from resources.
[20:24:34.110] [SEVERE ] configuration file was loaded from resources directory.
[20:24:34.742] [INFO   ] thread dealer starting.
[20:24:34.772] [INFO   ] thread player 0 starting.
[20:24:34.773] [INFO   ] thread player 1 starting.
[20:24:34.775] [INFO   ] thread player 0 starting.
[20:24:34.776] [INFO   ] thread player 2 starting.
[20:24:34.776] [INFO   ] thread player 3 starting.
[20:24:34.777] [INFO   ] thread player 1 starting.
[20:24:34.777] [INFO   ] thread player 2 starting.
[20:24:34.777] [INFO   ] thread computer-0 starting.
[20:24:34.777] [INFO   ] thread dealer starting.
[20:24:34.780] [INFO   ] thread computer-2 starting.
[20:24:34.777] [INFO   ] thread computer-1 starting.
[20:24:34.777] [INFO   ] thread player 3 starting.
[20:24:34.788] [INFO   ] thread computer-3 starting.
[20:24:34.897] [SEVERE ] placing card 32 in slot 0
[20:24:35.006] [SEVERE ] placing card 50 in slot 1
[20:24:35.115] [SEVERE ] placing card 24 in slot 2
[20:24:35.225] [SEVERE ] placing card 51 in slot 3
[20:24:35.333] [SEVERE ] placing card 67 in slot 4
[20:24:35.442] [SEVERE ] placing card 46 in slot 5
[20:24:35.553] [SEVERE ] placing card 11 in slot 6
[20:24:35.662] [SEVERE ] placing card 7 in slot 7
[20:24:35.770] [SEVERE ] placing card 30 in slot 8
[20:24:35.879] [SEVERE ] placing card 79 in slot 9
[20:24:35.987] [SEVERE ] placing card 20 in slot 10
[20:24:36.097] [SEVERE ] placing card 49 in slot 11
[20:24:37.113] [SEVERE ] updating countdown to 59000
[20:24:37.170] [SEVERE ] player 3 placing token on slot 5
[20:24:37.170] [SEVERE ] player 2 placing token on slot 10
[20:24:37.170] [SEVERE ] player 1 placing token on slot 1
[20:24:37.186] [SEVERE ] player 4 placing token on slot 4
[20:24:37.281] [SEVERE ] player 1 placing token on slot 4
[20:24:37.281] [SEVERE ] removing player 3 token from slot 5
[20:24:37.281] [SEVERE ] player 2 placing token on slot 9
[20:24:37.296] [SEVERE ] player 4 placing token on slot 5
[20:24:37.389] [SEVERE ] player 3 placing token on slot 7
[20:24:37.389] [SEVERE ] removing player 1 token from slot 1
[20:24:37.389] [SEVERE ] player 2 placing token on slot 11
[20:24:37.391] [SEVERE ] setting player 2 freeze to 3000
[20:24:37.404] [SEVERE ] player 4 placing token on slot 8
[20:24:37.405] [SEVERE ] setting player 4 freeze to 3000
[20:24:37.497] [SEVERE ] player 3 placing token on slot 8
[20:24:37.497] [SEVERE ] player 1 placing token on slot 11
[20:24:37.607] [SEVERE ] player 3 placing token on slot 0
[20:24:37.607] [SEVERE ] player 1 placing token on slot 7
[20:24:37.608] [SEVERE ] setting player 3 freeze to 3000
[20:24:37.608] [SEVERE ] setting player 1 freeze to 3000
[20:24:38.123] [SEVERE ] updating countdown to 58000
[20:24:38.398] [SEVERE ] setting player 2 freeze to 2000
[20:24:38.414] [SEVERE ] setting player 4 freeze to 2000
[20:24:38.617] [SEVERE ] setting player 3 freeze to 2000
[20:24:38.617] [SEVERE ] setting player 1 freeze to 2000
[20:24:39.136] [SEVERE ] updating countdown to 57000
[20:24:39.413] [SEVERE ] setting player 2 freeze to 1000
[20:24:39.429] [SEVERE ] setting player 4 freeze to 1000
[20:24:39.630] [SEVERE ] setting player 3 freeze to 1000
[20:24:39.630] [SEVERE ] setting player 1 freeze to 1000
[20:24:40.147] [SEVERE ] updating countdown to 56000
[20:24:40.426] [SEVERE ] setting player 2 freeze to 0
[20:24:40.442] [SEVERE ] setting player 4 freeze to 0
[20:24:40.645] [SEVERE ] setting player 3 freeze to 0
[20:24:40.645] [SEVERE ] setting player 1 freeze to 0
[20:24:40.660] [SEVERE ] removing player 4 token from slot 8
[20:24:40.770] [SEVERE ] player 4 placing token on slot 3
[20:24:40.770] [SEVERE ] setting player 4 freeze to 3000
[20:24:40.973] [SEVERE ] removing player 1 token from slot 4
[20:24:41.082] [SEVERE ] removing player 1 token from slot 11
[20:24:41.161] [SEVERE ] updating countdown to 55000
[20:24:41.190] [SEVERE ] player 1 placing token on slot 0
[20:24:41.300] [SEVERE ] removing player 3 token from slot 0
[20:24:41.300] [SEVERE ] player 1 placing token on slot 8
[20:24:41.300] [SEVERE ] removing player 2 token from slot 10
[20:24:41.300] [SEVERE ] setting player 1 freeze to 3000
[20:24:41.409] [SEVERE ] removing player 2 token from slot 11
[20:24:41.409] [SEVERE ] player 3 placing token on slot 9
[20:24:41.409] [SEVERE ] setting player 3 freeze to 3000
[20:24:41.519] [SEVERE ] player 2 placing token on slot 4
[20:24:41.627] [SEVERE ] player 2 placing token on slot 7
[20:24:41.627] [SEVERE ] setting player 2 freeze to 3000
[20:24:41.781] [SEVERE ] setting player 4 freeze to 2000
[20:24:42.170] [SEVERE ] updating countdown to 54000
[20:24:42.308] [SEVERE ] setting player 1 freeze to 2000
[20:24:42.415] [SEVERE ] setting player 3 freeze to 2000
[20:24:42.632] [SEVERE ] setting player 2 freeze to 2000
[20:24:42.791] [SEVERE ] setting player 4 freeze to 1000
[20:24:43.179] [SEVERE ] updating countdown to 53000
[20:24:43.316] [SEVERE ] setting player 1 freeze to 1000
[20:24:43.426] [SEVERE ] setting player 3 freeze to 1000
[20:24:43.646] [SEVERE ] setting player 2 freeze to 1000
[20:24:43.800] [SEVERE ] setting player 4 freeze to 0
[20:24:44.191] [SEVERE ] updating countdown to 52000
[20:24:44.328] [SEVERE ] setting player 1 freeze to 0
[20:24:44.438] [SEVERE ] setting player 3 freeze to 0
[20:24:44.453] [SEVERE ] removing player 4 token from slot 3
[20:24:44.547] [SEVERE ] removing player 1 token from slot 7
[20:24:44.562] [SEVERE ] player 4 placing token on slot 7
[20:24:44.656] [SEVERE ] player 1 placing token on slot 10
[20:24:44.656] [SEVERE ] setting player 2 freeze to 0
[20:24:44.656] [SEVERE ] setting player 1 freeze to 3000
[20:24:44.876] [SEVERE ] removing player 3 token from slot 8
[20:24:44.986] [SEVERE ] player 3 placing token on slot 3
[20:24:44.987] [SEVERE ] setting player 3 freeze to 3000
[20:24:45.202] [SEVERE ] setting player 4 score to 1
[20:24:45.203] [SEVERE ] setting player 4 freeze to 1000
[20:24:45.204] [SEVERE ] updating countdown to 51000
[20:24:45.205] [SEVERE ] removing player 2 token from slot 4
[20:24:45.205] [SEVERE ] removing player 4 token from slot 4
[20:24:45.312] [SEVERE ] removing player 2 token from slot 9
[20:24:45.312] [SEVERE ] removing card from slot 4
[20:24:45.312] [SEVERE ] removing player 4 token from slot 5
[20:24:45.421] [SEVERE ] removing card from slot 5
[20:24:45.421] [SEVERE ] player 2 placing token on slot 1
[20:24:45.421] [SEVERE ] removing player 2 token from slot 7
[20:24:45.421] [SEVERE ] removing player 3 token from slot 7
[20:24:45.421] [SEVERE ] removing player 4 token from slot 7
[20:24:45.529] [SEVERE ] removing card from slot 7
[20:24:45.635] [SEVERE ] placing card 58 in slot 4
[20:24:45.635] [SEVERE ] player 2 placing token on slot 2
[20:24:45.666] [SEVERE ] setting player 1 freeze to 2000
[20:24:45.743] [SEVERE ] placing card 22 in slot 5
[20:24:45.743] [SEVERE ] removing player 2 token from slot 1
[20:24:45.852] [SEVERE ] player 2 placing token on slot 8
[20:24:45.852] [SEVERE ] placing card 34 in slot 7
[20:24:45.961] [SEVERE ] player 2 placing token on slot 7
[20:24:45.961] [SEVERE ] setting player 2 freeze to 3000
[20:24:45.992] [SEVERE ] setting player 3 freeze to 2000
[20:24:46.209] [SEVERE ] setting player 4 freeze to 0
[20:24:46.320] [SEVERE ] player 4 placing token on slot 1
[20:24:46.428] [SEVERE ] player 4 placing token on slot 11
[20:24:46.536] [SEVERE ] removing player 4 token from slot 11
[20:24:46.645] [SEVERE ] player 4 placing token on slot 4
[20:24:46.676] [SEVERE ] setting player 1 freeze to 1000
[20:24:46.755] [SEVERE ] player 4 placing token on slot 9
[20:24:46.755] [SEVERE ] setting player 4 freeze to 3000
[20:24:46.974] [SEVERE ] setting player 2 freeze to 2000
[20:24:47.004] [SEVERE ] setting player 3 freeze to 1000
[20:24:47.225] [SEVERE ] updating countdown to 60000
[20:24:47.690] [SEVERE ] setting player 1 freeze to 0
[20:24:47.768] [SEVERE ] setting player 4 freeze to 2000
[20:24:47.985] [SEVERE ] setting player 2 freeze to 1000
[20:24:48.016] [SEVERE ] setting player 3 freeze to 0
[20:24:48.016] [SEVERE ] removing player 1 token from slot 10
[20:24:48.124] [SEVERE ] player 1 placing token on slot 7
[20:24:48.124] [SEVERE ] setting player 1 freeze to 3000
[20:24:48.124] [SEVERE ] player 3 placing token on slot 7
[20:24:48.124] [SEVERE ] setting player 3 freeze to 3000
[20:24:48.235] [SEVERE ] updating countdown to 59000
[20:24:48.779] [SEVERE ] setting player 4 freeze to 1000
[20:24:48.997] [SEVERE ] setting player 2 freeze to 0
[20:24:49.139] [SEVERE ] setting player 3 freeze to 2000
[20:24:49.139] [SEVERE ] setting player 1 freeze to 2000
[20:24:49.214] [SEVERE ] removing player 2 token from slot 8
[20:24:49.247] [SEVERE ] updating countdown to 58000
[20:24:49.325] [SEVERE ] player 2 placing token on slot 11
[20:24:49.325] [SEVERE ] setting player 2 freeze to 3000
[20:24:49.789] [SEVERE ] setting player 4 freeze to 0
[20:24:50.149] [SEVERE ] setting player 1 freeze to 1000
[20:24:50.149] [SEVERE ] setting player 3 freeze to 1000
[20:24:50.227] [SEVERE ] removing player 4 token from slot 4
[20:24:50.261] [SEVERE ] updating countdown to 57000
[20:24:50.338] [SEVERE ] setting player 2 freeze to 2000
[20:24:50.338] [SEVERE ] removing player 4 token from slot 1
[20:24:50.447] [SEVERE ] player 4 placing token on slot 4
[20:24:50.555] [SEVERE ] removing player 4 token from slot 4
[20:24:50.664] [SEVERE ] player 4 placing token on slot 1
[20:24:50.773] [SEVERE ] player 4 placing token on slot 11
[20:24:50.773] [SEVERE ] setting player 4 freeze to 3000
[20:24:51.163] [SEVERE ] setting player 1 freeze to 0
[20:24:51.163] [SEVERE ] setting player 3 freeze to 0
[20:24:51.272] [SEVERE ] removing player 1 token from slot 7
[20:24:51.274] [SEVERE ] updating countdown to 56000
[20:24:51.350] [SEVERE ] setting player 2 freeze to 1000
[20:24:51.382] [SEVERE ] player 1 placing token on slot 11
[20:24:51.382] [SEVERE ] setting player 1 freeze to 3000
[20:24:51.786] [SEVERE ] setting player 4 freeze to 2000
[20:24:51.925] [SEVERE ] removing player 3 token from slot 9
[20:24:52.035] [SEVERE ] player 3 placing token on slot 10
[20:24:52.035] [SEVERE ] setting player 3 freeze to 3000
[20:24:52.287] [SEVERE ] updating countdown to 55000
[20:24:52.363] [SEVERE ] setting player 2 freeze to 0
[20:24:52.394] [SEVERE ] setting player 1 freeze to 2000
[20:24:52.799] [SEVERE ] setting player 4 freeze to 1000
[20:24:52.799] [SEVERE ] removing player 2 token from slot 11
[20:24:52.909] [SEVERE ] player 2 placing token on slot 5
[20:24:52.909] [SEVERE ] setting player 2 freeze to 3000
[20:24:53.047] [SEVERE ] setting player 3 freeze to 2000
[20:24:53.300] [SEVERE ] updating countdown to 54000
[20:24:53.406] [SEVERE ] setting player 1 freeze to 1000
[20:24:53.812] [SEVERE ] setting player 4 freeze to 0
[20:24:53.922] [SEVERE ] setting player 2 freeze to 2000
[20:24:53.922] [SEVERE ] removing player 4 token from slot 11
[20:24:54.033] [SEVERE ] player 4 placing token on slot 10
[20:24:54.033] [SEVERE ] setting player 4 freeze to 3000
[20:24:54.048] [SEVERE ] setting player 3 freeze to 1000
[20:24:54.313] [SEVERE ] updating countdown to 53000
[20:24:54.420] [SEVERE ] setting player 1 freeze to 0
[20:24:54.527] [SEVERE ] removing player 1 token from slot 11
[20:24:54.637] [SEVERE ] removing player 1 token from slot 8
[20:24:54.745] [SEVERE ] player 1 placing token on slot 8
[20:24:54.853] [SEVERE ] player 1 placing token on slot 7
[20:24:54.853] [SEVERE ] setting player 1 freeze to 3000
[20:24:54.932] [SEVERE ] setting player 2 freeze to 1000
[20:24:55.040] [SEVERE ] setting player 4 freeze to 2000
[20:24:55.056] [SEVERE ] setting player 3 freeze to 0
[20:24:55.323] [SEVERE ] updating countdown to 52000
[20:24:55.383] [SEVERE ] removing player 3 token from slot 7
[20:24:55.491] [SEVERE ] player 3 placing token on slot 1
[20:24:55.491] [SEVERE ] setting player 3 freeze to 3000
[20:24:55.865] [SEVERE ] setting player 1 freeze to 2000
[20:24:55.943] [SEVERE ] setting player 2 freeze to 0
[20:24:56.051] [SEVERE ] setting player 4 freeze to 1000
[20:24:56.330] [SEVERE ] updating countdown to 51000
[20:24:56.500] [SEVERE ] setting player 3 freeze to 2000
[20:24:56.702] [SEVERE ] removing player 2 token from slot 7
[20:24:56.811] [SEVERE ] player 2 placing token on slot 10
[20:24:56.873] [SEVERE ] setting player 1 freeze to 1000
[20:24:57.059] [SEVERE ] setting player 4 freeze to 0
[20:24:57.168] [SEVERE ] removing player 4 token from slot 1
[20:24:57.276] [SEVERE ] player 4 placing token on slot 8
[20:24:57.276] [SEVERE ] setting player 4 freeze to 3000
[20:24:57.339] [SEVERE ] setting player 2 score to 1
[20:24:57.340] [SEVERE ] setting player 2 freeze to 1000
[20:24:57.341] [SEVERE ] updating countdown to 50000
[20:24:57.342] [SEVERE ] removing player 2 token from slot 2
[20:24:57.448] [SEVERE ] removing card from slot 2
[20:24:57.448] [SEVERE ] removing player 2 token from slot 5
[20:24:57.509] [SEVERE ] setting player 3 freeze to 1000
[20:24:57.556] [SEVERE ] removing card from slot 5
[20:24:57.556] [SEVERE ] removing player 2 token from slot 10
[20:24:57.556] [SEVERE ] removing player 3 token from slot 10
[20:24:57.556] [SEVERE ] removing player 4 token from slot 10
[20:24:57.664] [SEVERE ] removing card from slot 10
[20:24:57.775] [SEVERE ] placing card 60 in slot 2
[20:24:57.884] [SEVERE ] setting player 1 freeze to 0
[20:24:57.884] [SEVERE ] placing card 17 in slot 5
[20:24:57.992] [SEVERE ] placing card 18 in slot 10
[20:24:58.289] [SEVERE ] setting player 4 freeze to 2000
[20:24:58.352] [SEVERE ] setting player 2 freeze to 0
[20:24:58.460] [SEVERE ] player 2 placing token on slot 0
[20:24:58.522] [SEVERE ] setting player 3 freeze to 0
[20:24:58.567] [SEVERE ] player 2 placing token on slot 4
[20:24:58.629] [SEVERE ] player 3 placing token on slot 11
[20:24:58.629] [SEVERE ] setting player 3 freeze to 3000
[20:24:58.675] [SEVERE ] player 2 placing token on slot 7
[20:24:58.675] [SEVERE ] setting player 2 freeze to 3000
[20:24:58.860] [SEVERE ] removing player 1 token from slot 8
[20:24:58.968] [SEVERE ] player 1 placing token on slot 11
[20:24:58.968] [SEVERE ] setting player 1 freeze to 3000
[20:24:59.295] [SEVERE ] setting player 4 freeze to 1000
[20:24:59.360] [SEVERE ] updating countdown to 60000
[20:24:59.638] [SEVERE ] setting player 3 freeze to 2000
[20:24:59.684] [SEVERE ] setting player 2 freeze to 2000
[20:24:59.979] [SEVERE ] setting player 1 freeze to 2000
[20:25:00.304] [SEVERE ] setting player 4 freeze to 0
[20:25:00.370] [SEVERE ] updating countdown to 59000
[20:25:00.415] [SEVERE ] player 4 placing token on slot 11
[20:25:00.416] [SEVERE ] setting player 4 freeze to 3000
[20:25:00.650] [SEVERE ] setting player 3 freeze to 1000
[20:25:00.697] [SEVERE ] setting player 2 freeze to 1000
[20:25:00.992] [SEVERE ] setting player 1 freeze to 1000
[20:25:01.388] [SEVERE ] updating countdown to 58000
[20:25:01.430] [SEVERE ] setting player 4 freeze to 2000
[20:25:01.663] [SEVERE ] setting player 3 freeze to 0
[20:25:01.709] [SEVERE ] setting player 2 freeze to 0
[20:25:01.880] [SEVERE ] removing player 3 token from slot 1
[20:25:01.989] [SEVERE ] player 3 placing token on slot 7
[20:25:01.989] [SEVERE ] setting player 3 freeze to 3000
[20:25:02.005] [SEVERE ] setting player 1 freeze to 0
[20:25:02.036] [SEVERE ] removing player 2 token from slot 0
[20:25:02.114] [SEVERE ] removing player 1 token from slot 0
[20:25:02.145] [SEVERE ] player 2 placing token on slot 2
[20:25:02.145] [SEVERE ] setting player 2 freeze to 3000
[20:25:02.224] [SEVERE ] player 1 placing token on slot 4
[20:25:02.224] [SEVERE ] setting player 1 freeze to 3000
[20:25:02.396] [SEVERE ] updating countdown to 57000
[20:25:02.440] [SEVERE ] setting player 4 freeze to 1000
[20:25:03.002] [SEVERE ] setting player 3 freeze to 2000
[20:25:03.159] [SEVERE ] setting player 2 freeze to 2000
[20:25:03.237] [SEVERE ] setting player 1 freeze to 2000
[20:25:03.406] [SEVERE ] updating countdown to 56000
[20:25:03.451] [SEVERE ] setting player 4 freeze to 0
[20:25:03.889] [SEVERE ] removing player 4 token from slot 8
[20:25:03.998] [SEVERE ] player 4 placing token on slot 5
[20:25:03.998] [SEVERE ] setting player 4 freeze to 3000
[20:25:04.013] [SEVERE ] setting player 3 freeze to 1000
[20:25:04.168] [SEVERE ] setting player 2 freeze to 1000
[20:25:04.245] [SEVERE ] setting player 1 freeze to 1000
[20:25:04.420] [SEVERE ] updating countdown to 55000
[20:25:05.008] [SEVERE ] setting player 4 freeze to 2000
[20:25:05.023] [SEVERE ] setting player 3 freeze to 0
[20:25:05.181] [SEVERE ] setting player 2 freeze to 0
[20:25:05.259] [SEVERE ] setting player 1 freeze to 0
[20:25:05.291] [SEVERE ] removing player 2 token from slot 7
[20:25:05.400] [SEVERE ] player 2 placing token on slot 5
[20:25:05.400] [SEVERE ] setting player 2 freeze to 3000
[20:25:05.432] [SEVERE ] updating countdown to 54000
[20:25:05.462] [SEVERE ] removing player 3 token from slot 3
[20:25:05.571] [SEVERE ] player 3 placing token on slot 5
[20:25:05.571] [SEVERE ] setting player 3 freeze to 3000
[20:25:05.804] [SEVERE ] removing player 1 token from slot 11
[20:25:05.914] [SEVERE ] player 1 placing token on slot 6
[20:25:05.914] [SEVERE ] setting player 1 freeze to 3000
[20:25:06.008] [SEVERE ] setting player 4 freeze to 1000
[20:25:06.412] [SEVERE ] setting player 2 freeze to 2000
[20:25:06.447] [SEVERE ] updating countdown to 53000
[20:25:06.584] [SEVERE ] setting player 3 freeze to 2000
[20:25:06.928] [SEVERE ] setting player 1 freeze to 2000
[20:25:07.020] [SEVERE ] setting player 4 freeze to 0
[20:25:07.129] [SEVERE ] removing player 4 token from slot 5
[20:25:07.239] [SEVERE ] player 4 placing token on slot 3
[20:25:07.239] [SEVERE ] setting player 4 freeze to 3000
[20:25:07.425] [SEVERE ] setting player 2 freeze to 1000
[20:25:07.458] [SEVERE ] updating countdown to 52000
[20:25:07.596] [SEVERE ] setting player 3 freeze to 1000
[20:25:07.937] [SEVERE ] setting player 1 freeze to 1000
[20:25:08.250] [SEVERE ] setting player 4 freeze to 2000
[20:25:08.438] [SEVERE ] setting player 2 freeze to 0
[20:25:08.473] [SEVERE ] updating countdown to 51000
[20:25:08.611] [SEVERE ] setting player 3 freeze to 0
[20:25:08.658] [SEVERE ] removing player 2 token from slot 4
[20:25:08.767] [SEVERE ] player 2 placing token on slot 10
[20:25:08.767] [SEVERE ] setting player 2 freeze to 3000
[20:25:08.940] [SEVERE ] setting player 1 freeze to 0
[20:25:09.050] [SEVERE ] removing player 3 token from slot 7
[20:25:09.159] [SEVERE ] removing player 1 token from slot 7
[20:25:09.159] [SEVERE ] player 3 placing token on slot 0
[20:25:09.159] [SEVERE ] setting player 3 freeze to 3000
[20:25:09.251] [SEVERE ] setting player 4 freeze to 1000
[20:25:09.267] [SEVERE ] removing player 1 token from slot 4
[20:25:09.378] [SEVERE ] player 1 placing token on slot 9
[20:25:09.485] [SEVERE ] player 1 placing token on slot 8
[20:25:09.485] [SEVERE ] setting player 1 score to 1
[20:25:09.486] [SEVERE ] setting player 1 freeze to 1000
[20:25:09.488] [SEVERE ] updating countdown to 50000
[20:25:09.488] [SEVERE ] removing player 1 token from slot 6
[20:25:09.593] [SEVERE ] removing card from slot 6
[20:25:09.593] [SEVERE ] removing player 1 token from slot 9
[20:25:09.593] [SEVERE ] removing player 4 token from slot 9
[20:25:09.701] [SEVERE ] removing card from slot 9
[20:25:09.701] [SEVERE ] removing player 1 token from slot 8
[20:25:09.777] [SEVERE ] setting player 2 freeze to 2000
[20:25:09.808] [SEVERE ] removing card from slot 8
[20:25:09.917] [SEVERE ] placing card 4 in slot 6
[20:25:10.026] [SEVERE ] placing card 66 in slot 8
[20:25:10.136] [SEVERE ] placing card 3 in slot 9
[20:25:10.167] [SEVERE ] setting player 3 freeze to 2000
[20:25:10.260] [SEVERE ] setting player 4 freeze to 0
[20:25:10.368] [SEVERE ] player 4 placing token on slot 5
[20:25:10.368] [SEVERE ] setting player 4 freeze to 3000
[20:25:10.494] [SEVERE ] setting player 1 freeze to 0
[20:25:10.602] [SEVERE ] player 1 placing token on slot 6
[20:25:10.712] [SEVERE ] player 1 placing token on slot 7
[20:25:10.791] [SEVERE ] setting player 2 freeze to 1000
[20:25:10.822] [SEVERE ] player 1 placing token on slot 8
[20:25:10.822] [SEVERE ] setting player 1 freeze to 3000
[20:25:11.179] [SEVERE ] setting player 3 freeze to 1000
[20:25:11.383] [SEVERE ] setting player 4 freeze to 2000
[20:25:11.506] [SEVERE ] updating countdown to 60000
[20:25:11.798] [SEVERE ] setting player 2 freeze to 0
[20:25:11.829] [SEVERE ] setting player 1 freeze to 2000
[20:25:12.187] [SEVERE ] setting player 3 freeze to 0
[20:25:12.296] [SEVERE ] removing player 3 token from slot 11
[20:25:12.343] [SEVERE ] removing player 2 token from slot 10
[20:25:12.391] [SEVERE ] setting player 4 freeze to 1000
[20:25:12.407] [SEVERE ] player 3 placing token on slot 11
[20:25:12.407] [SEVERE ] setting player 3 freeze to 3000
[20:25:12.453] [SEVERE ] player 2 placing token on slot 3
[20:25:12.453] [SEVERE ] setting player 2 freeze to 3000
[20:25:12.517] [SEVERE ] updating countdown to 59000
[20:25:12.841] [SEVERE ] setting player 1 freeze to 1000
[20:25:13.399] [SEVERE ] setting player 4 freeze to 0
[20:25:13.414] [SEVERE ] setting player 3 freeze to 2000
[20:25:13.462] [SEVERE ] setting player 2 freeze to 2000
[20:25:13.508] [SEVERE ] removing player 4 token from slot 5
[20:25:13.526] [SEVERE ] updating countdown to 58000
[20:25:13.616] [SEVERE ] player 4 placing token on slot 0
[20:25:13.616] [SEVERE ] setting player 4 freeze to 3000
[20:25:13.849] [SEVERE ] setting player 1 freeze to 0
[20:25:14.067] [SEVERE ] removing player 1 token from slot 8
[20:25:14.174] [SEVERE ] player 1 placing token on slot 9
[20:25:14.174] [SEVERE ] setting player 1 freeze to 3000
[20:25:14.421] [SEVERE ] setting player 3 freeze to 1000
[20:25:14.467] [SEVERE ] setting player 2 freeze to 1000
[20:25:14.530] [SEVERE ] updating countdown to 57000
[20:25:14.622] [SEVERE ] setting player 4 freeze to 2000
[20:25:15.181] [SEVERE ] setting player 1 freeze to 2000
[20:25:15.430] [SEVERE ] setting player 3 freeze to 0
[20:25:15.478] [SEVERE ] setting player 2 freeze to 0
[20:25:15.539] [SEVERE ] removing player 3 token from slot 5
[20:25:15.541] [SEVERE ] updating countdown to 56000
[20:25:15.632] [SEVERE ] setting player 4 freeze to 1000
[20:25:15.647] [SEVERE ] removing player 3 token from slot 11
[20:25:15.756] [SEVERE ] player 3 placing token on slot 7
[20:25:15.866] [SEVERE ] player 3 placing token on slot 10
[20:25:15.866] [SEVERE ] setting player 3 freeze to 3000
[20:25:16.192] [SEVERE ] setting player 1 freeze to 1000
[20:25:16.454] [SEVERE ] removing player 2 token from slot 3
[20:25:16.550] [SEVERE ] updating countdown to 55000
[20:25:16.563] [SEVERE ] player 2 placing token on slot 11
[20:25:16.563] [SEVERE ] setting player 2 freeze to 3000
[20:25:16.640] [SEVERE ] setting player 4 freeze to 0
[20:25:16.859] [SEVERE ] removing player 4 token from slot 11
[20:25:16.875] [SEVERE ] setting player 3 freeze to 2000
[20:25:16.967] [SEVERE ] removing player 4 token from slot 3
[20:25:17.077] [SEVERE ] player 4 placing token on slot 2
[20:25:17.186] [SEVERE ] player 4 placing token on slot 10
[20:25:17.186] [SEVERE ] setting player 4 freeze to 3000
[20:25:17.201] [SEVERE ] setting player 1 freeze to 0
[20:25:17.559] [SEVERE ] updating countdown to 54000
[20:25:17.573] [SEVERE ] setting player 2 freeze to 2000
[20:25:17.853] [SEVERE ] removing player 1 token from slot 7
[20:25:17.884] [SEVERE ] setting player 3 freeze to 1000
[20:25:17.962] [SEVERE ] player 1 placing token on slot 8
[20:25:17.962] [SEVERE ] setting player 1 freeze to 3000
[20:25:18.193] [SEVERE ] setting player 4 freeze to 2000
[20:25:18.566] [SEVERE ] updating countdown to 53000
[20:25:18.580] [SEVERE ] setting player 2 freeze to 1000
[20:25:18.888] [SEVERE ] setting player 3 freeze to 0
[20:25:18.967] [SEVERE ] setting player 1 freeze to 2000
[20:25:19.198] [SEVERE ] setting player 4 freeze to 1000
[20:25:19.571] [SEVERE ] updating countdown to 52000
[20:25:19.585] [SEVERE ] setting player 2 freeze to 0
[20:25:19.695] [SEVERE ] removing player 2 token from slot 11
[20:25:19.804] [SEVERE ] player 2 placing token on slot 4
[20:25:19.804] [SEVERE ] setting player 2 freeze to 3000
[20:25:19.973] [SEVERE ] setting player 1 freeze to 1000
[20:25:20.207] [SEVERE ] setting player 4 freeze to 0
[20:25:20.314] [SEVERE ] removing player 4 token from slot 10
[20:25:20.423] [SEVERE ] player 4 placing token on slot 3
[20:25:20.423] [SEVERE ] setting player 4 freeze to 3000
[20:25:20.580] [SEVERE ] updating countdown to 51000
[20:25:20.734] [SEVERE ] removing player 3 token from slot 7
[20:25:20.812] [SEVERE ] setting player 2 freeze to 2000
[20:25:20.842] [SEVERE ] player 3 placing token on slot 3
[20:25:20.842] [SEVERE ] setting player 3 freeze to 3000
[20:25:20.980] [SEVERE ] setting player 1 freeze to 0
[20:25:21.414] [SEVERE ] removing player 1 token from slot 8
[20:25:21.430] [SEVERE ] setting player 4 freeze to 2000
[20:25:21.523] [SEVERE ] removing player 1 token from slot 9
[20:25:21.587] [SEVERE ] updating countdown to 50000
[20:25:21.632] [SEVERE ] player 1 placing token on slot 1
[20:25:21.741] [SEVERE ] player 1 placing token on slot 5
[20:25:21.741] [SEVERE ] setting player 1 freeze to 3000
[20:25:21.820] [SEVERE ] setting player 2 freeze to 1000
[20:25:21.851] [SEVERE ] setting player 3 freeze to 2000
[20:25:22.442] [SEVERE ] setting player 4 freeze to 1000
[20:25:22.597] [SEVERE ] updating countdown to 49000
[20:25:22.751] [SEVERE ] setting player 1 freeze to 2000
[20:25:22.828] [SEVERE ] setting player 2 freeze to 0
[20:25:22.859] [SEVERE ] setting player 3 freeze to 1000
[20:25:23.267] [SEVERE ] removing player 2 token from slot 4
[20:25:23.375] [SEVERE ] player 2 placing token on slot 3
[20:25:23.375] [SEVERE ] setting player 2 freeze to 3000
[20:25:23.453] [SEVERE ] setting player 4 freeze to 0
[20:25:23.561] [SEVERE ] removing player 4 token from slot 2
[20:25:23.610] [SEVERE ] updating countdown to 48000
[20:25:23.670] [SEVERE ] removing player 4 token from slot 3
[20:25:23.763] [SEVERE ] setting player 1 freeze to 1000
[20:25:23.779] [SEVERE ] player 4 placing token on slot 4
[20:25:23.871] [SEVERE ] setting player 3 freeze to 0
[20:25:23.887] [SEVERE ] player 4 placing token on slot 5
[20:25:23.887] [SEVERE ] setting player 4 freeze to 3000
[20:25:24.090] [SEVERE ] removing player 3 token from slot 10
[20:25:24.198] [SEVERE ] player 3 placing token on slot 6
[20:25:24.198] [SEVERE ] setting player 3 freeze to 3000
[20:25:24.383] [SEVERE ] setting player 2 freeze to 2000
[20:25:24.622] [SEVERE ] updating countdown to 47000
[20:25:24.775] [SEVERE ] setting player 1 freeze to 0
[20:25:24.899] [SEVERE ] setting player 4 freeze to 2000
[20:25:25.211] [SEVERE ] setting player 3 freeze to 2000
[20:25:25.397] [SEVERE ] setting player 2 freeze to 1000
[20:25:25.427] [SEVERE ] removing player 1 token from slot 6
[20:25:25.536] [SEVERE ] player 1 placing token on slot 7
[20:25:25.536] [SEVERE ] setting player 1 freeze to 3000
[20:25:25.630] [SEVERE ] updating countdown to 46000
[20:25:25.907] [SEVERE ] setting player 4 freeze to 1000
[20:25:26.219] [SEVERE ] setting player 3 freeze to 1000
[20:25:26.406] [SEVERE ] setting player 2 freeze to 0
[20:25:26.546] [SEVERE ] setting player 1 freeze to 2000
[20:25:26.640] [SEVERE ] updating countdown to 45000
[20:25:26.731] [SEVERE ] removing player 2 token from slot 5
[20:25:26.841] [SEVERE ] removing player 2 token from slot 2
[20:25:26.919] [SEVERE ] setting player 4 freeze to 0
[20:25:26.950] [SEVERE ] player 2 placing token on slot 2
[20:25:27.029] [SEVERE ] removing player 4 token from slot 4
[20:25:27.060] [SEVERE ] player 2 placing token on slot 0
[20:25:27.060] [SEVERE ] setting player 2 freeze to 3000
[20:25:27.138] [SEVERE ] player 4 placing token on slot 10
[20:25:27.138] [SEVERE ] setting player 4 freeze to 3000
[20:25:27.232] [SEVERE ] setting player 3 freeze to 0
[20:25:27.559] [SEVERE ] setting player 1 freeze to 1000
[20:25:27.656] [SEVERE ] updating countdown to 44000
[20:25:27.669] [SEVERE ] removing player 3 token from slot 3
[20:25:27.779] [SEVERE ] player 3 placing token on slot 11
[20:25:27.779] [SEVERE ] setting player 3 freeze to 3000
[20:25:28.075] [SEVERE ] setting player 2 freeze to 2000
[20:25:28.139] [SEVERE ] setting player 4 freeze to 2000
[20:25:28.571] [SEVERE ] setting player 1 freeze to 0
[20:25:28.667] [SEVERE ] updating countdown to 43000
[20:25:28.789] [SEVERE ] setting player 3 freeze to 2000
[20:25:29.083] [SEVERE ] setting player 2 freeze to 1000
[20:25:29.146] [SEVERE ] setting player 4 freeze to 1000
[20:25:29.225] [SEVERE ] removing player 1 token from slot 7
[20:25:29.333] [SEVERE ] player 1 placing token on slot 8
[20:25:29.333] [SEVERE ] setting player 1 freeze to 3000
[20:25:29.679] [SEVERE ] updating countdown to 42000
[20:25:29.801] [SEVERE ] setting player 3 freeze to 1000
[20:25:30.083] [SEVERE ] setting player 2 freeze to 0
[20:25:30.161] [SEVERE ] setting player 4 freeze to 0
[20:25:30.347] [SEVERE ] setting player 1 freeze to 2000
[20:25:30.487] [SEVERE ] removing player 4 token from slot 0
[20:25:30.595] [SEVERE ] player 4 placing token on slot 0
[20:25:30.595] [SEVERE ] setting player 4 freeze to 3000
[20:25:30.689] [SEVERE ] updating countdown to 41000
[20:25:30.812] [SEVERE ] setting player 3 freeze to 0
[20:25:30.921] [SEVERE ] removing player 3 token from slot 0
[20:25:31.031] [SEVERE ] player 3 placing token on slot 0
[20:25:31.031] [SEVERE ] setting player 3 freeze to 3000
[20:25:31.062] [SEVERE ] removing player 2 token from slot 3
[20:25:31.170] [SEVERE ] player 2 placing token on slot 3
[20:25:31.170] [SEVERE ] setting player 2 freeze to 3000
[20:25:31.358] [SEVERE ] setting player 1 freeze to 1000
[20:25:31.608] [SEVERE ] setting player 4 freeze to 2000
[20:25:31.705] [SEVERE ] updating countdown to 40000
[20:25:32.041] [SEVERE ] setting player 3 freeze to 2000
[20:25:32.183] [SEVERE ] setting player 2 freeze to 2000
[20:25:32.371] [SEVERE ] setting player 1 freeze to 0
[20:25:32.608] [SEVERE ] setting player 4 freeze to 1000
[20:25:32.716] [SEVERE ] updating countdown to 39000
[20:25:32.808] [SEVERE ] removing player 1 token from slot 5
[20:25:32.916] [SEVERE ] removing player 1 token from slot 8
[20:25:33.026] [SEVERE ] player 1 placing token on slot 7
[20:25:33.057] [SEVERE ] setting player 3 freeze to 1000
[20:25:33.135] [SEVERE ] player 1 placing token on slot 6
[20:25:33.135] [SEVERE ] setting player 1 freeze to 3000
[20:25:33.197] [SEVERE ] setting player 2 freeze to 1000
[20:25:33.622] [SEVERE ] setting player 4 freeze to 0
[20:25:33.732] [SEVERE ] updating countdown to 38000
[20:25:34.059] [SEVERE ] setting player 3 freeze to 0
[20:25:34.138] [SEVERE ] setting player 1 freeze to 2000
[20:25:34.169] [SEVERE ] removing player 4 token from slot 5
[20:25:34.169] [SEVERE ] removing player 3 token from slot 6
[20:25:34.200] [SEVERE ] setting player 2 freeze to 0
[20:25:34.280] [SEVERE ] removing player 4 token from slot 10
[20:25:34.280] [SEVERE ] player 3 placing token on slot 10
[20:25:34.280] [SEVERE ] setting player 3 freeze to 3000
[20:25:34.311] [SEVERE ] removing player 2 token from slot 0
[20:25:34.388] [SEVERE ] player 4 placing token on slot 11
[20:25:34.419] [SEVERE ] player 2 placing token on slot 8
[20:25:34.419] [SEVERE ] setting player 2 freeze to 3000
[20:25:34.496] [SEVERE ] player 4 placing token on slot 4
[20:25:34.496] [SEVERE ] setting player 4 freeze to 3000
[20:25:34.747] [SEVERE ] updating countdown to 37000
[20:25:35.149] [SEVERE ] setting player 1 freeze to 1000
[20:25:35.288] [SEVERE ] setting player 3 freeze to 2000
[20:25:35.430] [SEVERE ] setting player 2 freeze to 2000
[20:25:35.507] [SEVERE ] setting player 4 freeze to 2000
[20:25:35.758] [SEVERE ] updating countdown to 36000
[20:25:36.160] [SEVERE ] setting player 1 freeze to 0
[20:25:36.300] [SEVERE ] setting player 3 freeze to 1000
[20:25:36.378] [SEVERE ] removing player 1 token from slot 6
[20:25:36.440] [SEVERE ] setting player 2 freeze to 1000
[20:25:36.487] [SEVERE ] player 1 placing token on slot 10
[20:25:36.487] [SEVERE ] setting player 1 freeze to 3000
[20:25:36.518] [SEVERE ] setting player 4 freeze to 1000
[20:25:36.767] [SEVERE ] updating countdown to 35000
[20:25:37.312] [SEVERE ] setting player 3 freeze to 0
[20:25:37.450] [SEVERE ] setting player 2 freeze to 0
[20:25:37.497] [SEVERE ] setting player 1 freeze to 2000
[20:25:37.528] [SEVERE ] setting player 4 freeze to 0
[20:25:37.776] [SEVERE ] removing player 2 token from slot 2
[20:25:37.778] [SEVERE ] updating countdown to 34000
[20:25:37.854] [SEVERE ] removing player 4 token from slot 0
[20:25:37.885] [SEVERE ] player 2 placing token on slot 7
[20:25:37.885] [SEVERE ] setting player 2 freeze to 3000
[20:25:37.964] [SEVERE ] player 4 placing token on slot 8
[20:25:37.964] [SEVERE ] setting player 4 freeze to 3000
[20:25:38.508] [SEVERE ] setting player 1 freeze to 1000
[20:25:38.790] [SEVERE ] updating countdown to 33000
[20:25:38.898] [SEVERE ] setting player 2 freeze to 2000
[20:25:38.945] [SEVERE ] removing player 3 token from slot 11
[20:25:38.976] [SEVERE ] setting player 4 freeze to 2000
[20:25:39.053] [SEVERE ] player 3 placing token on slot 1
[20:25:39.053] [SEVERE ] setting player 3 freeze to 3000
[20:25:39.523] [SEVERE ] setting player 1 freeze to 0
[20:25:39.805] [SEVERE ] updating countdown to 32000
[20:25:39.912] [SEVERE ] setting player 2 freeze to 1000
[20:25:39.989] [SEVERE ] setting player 4 freeze to 1000
[20:25:40.067] [SEVERE ] setting player 3 freeze to 2000
[20:25:40.287] [SEVERE ] removing player 1 token from slot 10
[20:25:40.395] [SEVERE ] removing player 1 token from slot 1
[20:25:40.504] [SEVERE ] player 1 placing token on slot 4
[20:25:40.614] [SEVERE ] player 1 placing token on slot 10
[20:25:40.614] [SEVERE ] setting player 1 freeze to 3000
[20:25:40.816] [SEVERE ] updating countdown to 31000
[20:25:40.921] [SEVERE ] setting player 2 freeze to 0
[20:25:40.998] [SEVERE ] setting player 4 freeze to 0
[20:25:41.029] [SEVERE ] removing player 2 token from slot 8
[20:25:41.075] [SEVERE ] setting player 3 freeze to 1000
[20:25:41.137] [SEVERE ] player 2 placing token on slot 1
[20:25:41.137] [SEVERE ] setting player 2 freeze to 3000
[20:25:41.618] [SEVERE ] setting player 1 freeze to 2000
[20:25:41.650] [SEVERE ] removing player 4 token from slot 11
[20:25:41.758] [SEVERE ] player 4 placing token on slot 5
[20:25:41.758] [SEVERE ] setting player 4 freeze to 3000
[20:25:41.822] [SEVERE ] updating countdown to 30000
[20:25:42.086] [SEVERE ] setting player 3 freeze to 0
[20:25:42.148] [SEVERE ] setting player 2 freeze to 2000
[20:25:42.304] [SEVERE ] removing player 3 token from slot 10
[20:25:42.413] [SEVERE ] player 3 placing token on slot 5
[20:25:42.413] [SEVERE ] setting player 3 freeze to 3000
[20:25:42.629] [SEVERE ] setting player 1 freeze to 1000
[20:25:42.767] [SEVERE ] setting player 4 freeze to 2000
[20:25:42.830] [SEVERE ] updating countdown to 29000
[20:25:43.155] [SEVERE ] setting player 2 freeze to 1000
[20:25:43.417] [SEVERE ] setting player 3 freeze to 2000
[20:25:43.632] [SEVERE ] setting player 1 freeze to 0
[20:25:43.771] [SEVERE ] setting player 4 freeze to 1000
[20:25:43.835] [SEVERE ] updating countdown to 28000
[20:25:43.848] [SEVERE ] removing player 1 token from slot 4
[20:25:43.956] [SEVERE ] player 1 placing token on slot 11
[20:25:43.956] [SEVERE ] setting player 1 freeze to 3000
[20:25:44.157] [SEVERE ] setting player 2 freeze to 0
[20:25:44.422] [SEVERE ] setting player 3 freeze to 1000
[20:25:44.779] [SEVERE ] setting player 4 freeze to 0
[20:25:44.842] [SEVERE ] updating countdown to 27000
[20:25:44.965] [SEVERE ] setting player 1 freeze to 2000
[20:25:45.218] [SEVERE ] removing player 4 token from slot 8
[20:25:45.249] [SEVERE ] removing player 2 token from slot 1
[20:25:45.327] [SEVERE ] player 4 placing token on slot 2
[20:25:45.327] [SEVERE ] setting player 4 freeze to 3000
[20:25:45.358] [SEVERE ] player 2 placing token on slot 5
[20:25:45.358] [SEVERE ] setting player 2 freeze to 3000
[20:25:45.436] [SEVERE ] setting player 3 freeze to 0
[20:25:45.846] [SEVERE ] updating countdown to 26000
[20:25:45.876] [SEVERE ] removing player 3 token from slot 1
[20:25:45.969] [SEVERE ] setting player 1 freeze to 1000
[20:25:45.984] [SEVERE ] removing player 3 token from slot 5
[20:25:46.093] [SEVERE ] player 3 placing token on slot 7
[20:25:46.201] [SEVERE ] player 3 placing token on slot 1
[20:25:46.201] [SEVERE ] setting player 3 freeze to 3000
[20:25:46.340] [SEVERE ] setting player 4 freeze to 2000
[20:25:46.371] [SEVERE ] setting player 2 freeze to 2000
[20:25:46.855] [SEVERE ] updating countdown to 25000
[20:25:46.979] [SEVERE ] setting player 1 freeze to 0
[20:25:47.087] [SEVERE ] removing player 1 token from slot 10
[20:25:47.195] [SEVERE ] player 1 placing token on slot 2
[20:25:47.195] [SEVERE ] setting player 1 freeze to 3000
[20:25:47.211] [SEVERE ] setting player 3 freeze to 2000
[20:25:47.350] [SEVERE ] setting player 4 freeze to 1000
[20:25:47.382] [SEVERE ] setting player 2 freeze to 1000
[20:25:47.864] [SEVERE ] updating countdown to 24000
[20:25:48.208] [SEVERE ] setting player 1 freeze to 2000
[20:25:48.224] [SEVERE ] setting player 3 freeze to 1000
[20:25:48.363] [SEVERE ] setting player 4 freeze to 0
[20:25:48.394] [SEVERE ] setting player 2 freeze to 0
[20:25:48.471] [SEVERE ] removing player 4 token from slot 5
[20:25:48.580] [SEVERE ] player 4 placing token on slot 7
[20:25:48.580] [SEVERE ] setting player 4 freeze to 3000
[20:25:48.612] [SEVERE ] removing player 2 token from slot 5
[20:25:48.721] [SEVERE ] player 2 placing token on slot 4
[20:25:48.721] [SEVERE ] setting player 2 freeze to 3000
[20:25:48.878] [SEVERE ] updating countdown to 23000
[20:25:49.219] [SEVERE ] setting player 1 freeze to 1000
[20:25:49.234] [SEVERE ] setting player 3 freeze to 0
[20:25:49.589] [SEVERE ] setting player 4 freeze to 2000
[20:25:49.728] [SEVERE ] setting player 2 freeze to 2000
[20:25:49.884] [SEVERE ] updating countdown to 22000
[20:25:50.228] [SEVERE ] setting player 1 freeze to 0
[20:25:50.445] [SEVERE ] removing player 1 token from slot 7
[20:25:50.553] [SEVERE ] removing player 1 token from slot 2
[20:25:50.599] [SEVERE ] setting player 4 freeze to 1000
[20:25:50.646] [SEVERE ] removing player 3 token from slot 7
[20:25:50.661] [SEVERE ] player 1 placing token on slot 2
[20:25:50.740] [SEVERE ] setting player 2 freeze to 1000
[20:25:50.756] [SEVERE ] player 3 placing token on slot 3
[20:25:50.756] [SEVERE ] setting player 3 freeze to 3000
[20:25:50.770] [SEVERE ] player 1 placing token on slot 1
[20:25:50.770] [SEVERE ] setting player 1 freeze to 3000
[20:25:50.897] [SEVERE ] updating countdown to 21000
[20:25:51.608] [SEVERE ] setting player 4 freeze to 0
[20:25:51.748] [SEVERE ] setting player 2 freeze to 0
[20:25:51.763] [SEVERE ] setting player 3 freeze to 2000
[20:25:51.779] [SEVERE ] setting player 1 freeze to 2000
[20:25:51.908] [SEVERE ] updating countdown to 20000
[20:25:52.371] [SEVERE ] removing player 4 token from slot 4
[20:25:52.478] [SEVERE ] player 4 placing token on slot 4
[20:25:52.478] [SEVERE ] setting player 4 freeze to 3000
