[13:19:26.051] [INFO   ] thread main starting.
[13:19:26.063] [SEVERE ] cannot read configuration file config.properties trying from resources.
[13:19:26.065] [SEVERE ] configuration file was loaded from resources directory.
[13:19:26.807] [INFO   ] thread dealer starting.
[13:19:26.808] [INFO   ] thread player 0 starting.
[13:19:26.809] [INFO   ] thread player 1 starting.
[13:19:26.809] [INFO   ] thread player 0 starting.
[13:19:26.809] [INFO   ] thread player 2 starting.
[13:19:26.810] [INFO   ] thread player 3 starting.
[13:19:26.810] [INFO   ] thread dealer starting.
[13:19:26.810] [INFO   ] thread player 2 starting.
[13:19:26.810] [INFO   ] thread player 1 starting.
[13:19:26.811] [INFO   ] thread computer-0 starting.
[13:19:26.810] [INFO   ] thread player 3 starting.
[13:19:26.817] [INFO   ] thread computer-3 starting.
[13:19:26.817] [INFO   ] thread computer-2 starting.
[13:19:26.821] [INFO   ] thread computer-1 starting.
[13:19:26.934] [SEVERE ] placing card 15 in slot 0
[13:19:27.035] [SEVERE ] placing card 47 in slot 1
[13:19:27.145] [SEVERE ] placing card 65 in slot 2
[13:19:27.246] [SEVERE ] placing card 74 in slot 3
[13:19:27.358] [SEVERE ] placing card 59 in slot 4
[13:19:27.468] [SEVERE ] placing card 72 in slot 5
[13:19:27.572] [SEVERE ] placing card 30 in slot 6
[13:19:27.679] [SEVERE ] placing card 34 in slot 7
[13:19:27.785] [SEVERE ] placing card 63 in slot 8
[13:19:27.891] [SEVERE ] placing card 20 in slot 9
[13:19:27.994] [SEVERE ] placing card 21 in slot 10
[13:19:28.101] [SEVERE ] placing card 35 in slot 11
[13:19:29.103] [SEVERE ] updating countdown to 59000
[13:19:29.119] [SEVERE ] player 4 placing token on slot 0
[13:19:29.135] [SEVERE ] player 3 placing token on slot 3
[13:19:29.135] [SEVERE ] player 2 placing token on slot 8
[13:19:29.203] [SEVERE ] player 1 placing token on slot 6
[13:19:29.222] [SEVERE ] player 4 placing token on slot 6
[13:19:29.237] [SEVERE ] player 3 placing token on slot 5
[13:19:29.253] [SEVERE ] player 2 placing token on slot 5
[13:19:29.320] [SEVERE ] player 1 placing token on slot 1
[13:19:29.337] [SEVERE ] player 4 placing token on slot 10
[13:19:29.339] [SEVERE ] setting player 4 freeze to 3000
[13:19:29.354] [SEVERE ] player 3 placing token on slot 9
[13:19:29.355] [SEVERE ] setting player 3 freeze to 3000
[13:19:29.370] [SEVERE ] player 2 placing token on slot 10
[13:19:29.370] [SEVERE ] setting player 2 freeze to 3000
[13:19:29.432] [SEVERE ] player 1 placing token on slot 8
[13:19:29.432] [SEVERE ] setting player 1 freeze to 3000
[13:19:30.108] [SEVERE ] updating countdown to 58000
[13:19:30.352] [SEVERE ] setting player 4 freeze to 2000
[13:19:30.368] [SEVERE ] setting player 3 freeze to 2000
[13:19:30.379] [SEVERE ] setting player 2 freeze to 2000
[13:19:30.435] [SEVERE ] setting player 1 freeze to 2000
[13:19:31.119] [SEVERE ] updating countdown to 57000
[13:19:31.359] [SEVERE ] setting player 4 freeze to 1000
[13:19:31.375] [SEVERE ] setting player 3 freeze to 1000
[13:19:31.390] [SEVERE ] setting player 2 freeze to 1000
[13:19:31.451] [SEVERE ] setting player 1 freeze to 1000
[13:19:32.129] [SEVERE ] updating countdown to 56000
[13:19:32.362] [SEVERE ] setting player 4 freeze to 0
[13:19:32.378] [SEVERE ] setting player 3 freeze to 0
[13:19:32.401] [SEVERE ] setting player 2 freeze to 0
[13:19:32.463] [SEVERE ] setting player 1 freeze to 0
[13:19:32.464] [SEVERE ] removing player 4 token from slot 10
[13:19:32.574] [SEVERE ] player 4 placing token on slot 10
[13:19:32.574] [SEVERE ] removing player 1 token from slot 1
[13:19:32.575] [SEVERE ] setting player 4 freeze to 3000
[13:19:32.686] [SEVERE ] player 1 placing token on slot 9
[13:19:32.687] [SEVERE ] setting player 1 freeze to 3000
[13:19:32.815] [SEVERE ] removing player 3 token from slot 3
[13:19:32.931] [SEVERE ] removing player 3 token from slot 5
[13:19:33.040] [SEVERE ] removing player 3 token from slot 9
[13:19:33.130] [SEVERE ] updating countdown to 55000
[13:19:33.147] [SEVERE ] player 3 placing token on slot 3
[13:19:33.254] [SEVERE ] player 3 placing token on slot 1
[13:19:33.358] [SEVERE ] player 3 placing token on slot 0
[13:19:33.358] [SEVERE ] setting player 3 freeze to 3000
[13:19:33.582] [SEVERE ] setting player 4 freeze to 2000
[13:19:33.606] [SEVERE ] removing player 2 token from slot 10
[13:19:33.695] [SEVERE ] setting player 1 freeze to 2000
[13:19:33.711] [SEVERE ] player 2 placing token on slot 9
[13:19:33.711] [SEVERE ] setting player 2 freeze to 3000
[13:19:34.137] [SEVERE ] updating countdown to 54000
[13:19:34.367] [SEVERE ] setting player 3 freeze to 2000
[13:19:34.584] [SEVERE ] setting player 4 freeze to 1000
[13:19:34.700] [SEVERE ] setting player 1 freeze to 1000
[13:19:34.715] [SEVERE ] setting player 2 freeze to 2000
[13:19:35.141] [SEVERE ] updating countdown to 53000
[13:19:35.369] [SEVERE ] setting player 3 freeze to 1000
[13:19:35.585] [SEVERE ] setting player 4 freeze to 0
[13:19:35.702] [SEVERE ] setting player 1 freeze to 0
[13:19:35.719] [SEVERE ] setting player 2 freeze to 1000
[13:19:35.817] [SEVERE ] removing player 1 token from slot 8
[13:19:35.922] [SEVERE ] player 1 placing token on slot 10
[13:19:35.923] [SEVERE ] setting player 1 freeze to 3000
[13:19:36.018] [SEVERE ] removing player 4 token from slot 6
[13:19:36.130] [SEVERE ] player 4 placing token on slot 7
[13:19:36.130] [SEVERE ] setting player 4 freeze to 3000
[13:19:36.153] [SEVERE ] updating countdown to 52000
[13:19:36.382] [SEVERE ] setting player 3 freeze to 0
[13:19:36.735] [SEVERE ] setting player 2 freeze to 0
[13:19:36.821] [SEVERE ] removing player 3 token from slot 1
[13:19:36.927] [SEVERE ] setting player 1 freeze to 2000
[13:19:36.928] [SEVERE ] player 3 placing token on slot 4
[13:19:36.929] [SEVERE ] setting player 3 freeze to 3000
[13:19:37.144] [SEVERE ] setting player 4 freeze to 2000
[13:19:37.169] [SEVERE ] updating countdown to 51000
[13:19:37.934] [SEVERE ] setting player 1 freeze to 1000
[13:19:37.934] [SEVERE ] setting player 3 freeze to 2000
[13:19:37.936] [SEVERE ] removing player 2 token from slot 8
[13:19:38.047] [SEVERE ] player 2 placing token on slot 8
[13:19:38.048] [SEVERE ] setting player 2 freeze to 3000
[13:19:38.151] [SEVERE ] setting player 4 freeze to 1000
[13:19:38.185] [SEVERE ] updating countdown to 50000
[13:19:38.948] [SEVERE ] setting player 3 freeze to 1000
[13:19:38.948] [SEVERE ] setting player 1 freeze to 0
[13:19:39.052] [SEVERE ] setting player 2 freeze to 2000
[13:19:39.159] [SEVERE ] setting player 4 freeze to 0
[13:19:39.199] [SEVERE ] updating countdown to 49000
[13:19:39.277] [SEVERE ] removing player 1 token from slot 9
[13:19:39.382] [SEVERE ] player 1 placing token on slot 8
[13:19:39.383] [SEVERE ] setting player 1 freeze to 3000
[13:19:39.469] [SEVERE ] removing player 4 token from slot 7
[13:19:39.578] [SEVERE ] removing player 4 token from slot 10
[13:19:39.684] [SEVERE ] player 4 placing token on slot 6
[13:19:39.801] [SEVERE ] removing player 4 token from slot 6
[13:19:39.914] [SEVERE ] player 4 placing token on slot 2
[13:19:39.958] [SEVERE ] setting player 3 freeze to 0
[13:19:40.023] [SEVERE ] player 4 placing token on slot 10
[13:19:40.024] [SEVERE ] setting player 4 freeze to 3000
[13:19:40.066] [SEVERE ] setting player 2 freeze to 1000
[13:19:40.177] [SEVERE ] removing player 3 token from slot 4
[13:19:40.205] [SEVERE ] updating countdown to 48000
[13:19:40.281] [SEVERE ] player 3 placing token on slot 7
[13:19:40.282] [SEVERE ] setting player 3 freeze to 3000
[13:19:40.397] [SEVERE ] setting player 1 freeze to 2000
[13:19:41.053] [SEVERE ] setting player 4 freeze to 2000
[13:19:41.087] [SEVERE ] setting player 2 freeze to 0
[13:19:41.217] [SEVERE ] updating countdown to 47000
[13:19:41.292] [SEVERE ] setting player 3 freeze to 2000
[13:19:41.401] [SEVERE ] setting player 1 freeze to 1000
[13:19:41.434] [SEVERE ] removing player 2 token from slot 5
[13:19:41.600] [SEVERE ] player 2 placing token on slot 2
[13:19:41.601] [SEVERE ] setting player 2 freeze to 3000
[13:19:42.060] [SEVERE ] setting player 4 freeze to 1000
[13:19:42.224] [SEVERE ] updating countdown to 46000
[13:19:42.297] [SEVERE ] setting player 3 freeze to 1000
[13:19:42.410] [SEVERE ] setting player 1 freeze to 0
[13:19:42.530] [SEVERE ] removing player 1 token from slot 6
[13:19:42.601] [SEVERE ] setting player 2 freeze to 2000
[13:19:42.635] [SEVERE ] player 1 placing token on slot 5
[13:19:42.636] [SEVERE ] setting player 1 freeze to 3000
[13:19:43.065] [SEVERE ] setting player 4 freeze to 0
[13:19:43.169] [SEVERE ] removing player 4 token from slot 0
[13:19:43.230] [SEVERE ] updating countdown to 45000
[13:19:43.282] [SEVERE ] player 4 placing token on slot 5
[13:19:43.283] [SEVERE ] setting player 4 freeze to 3000
[13:19:43.312] [SEVERE ] setting player 3 freeze to 0
[13:19:43.518] [SEVERE ] removing player 3 token from slot 3
[13:19:43.611] [SEVERE ] setting player 2 freeze to 1000
[13:19:43.627] [SEVERE ] removing player 3 token from slot 7
[13:19:43.650] [SEVERE ] setting player 1 freeze to 2000
[13:19:43.734] [SEVERE ] player 3 placing token on slot 1
[13:19:43.850] [SEVERE ] player 3 placing token on slot 8
[13:19:43.850] [SEVERE ] setting player 3 freeze to 3000
[13:19:44.234] [SEVERE ] updating countdown to 44000
[13:19:44.283] [SEVERE ] setting player 4 freeze to 2000
[13:19:44.624] [SEVERE ] setting player 2 freeze to 0
[13:19:44.651] [SEVERE ] setting player 1 freeze to 1000
[13:19:44.729] [SEVERE ] removing player 2 token from slot 2
[13:19:44.836] [SEVERE ] player 2 placing token on slot 2
[13:19:44.837] [SEVERE ] setting player 2 freeze to 3000
[13:19:44.851] [SEVERE ] setting player 3 freeze to 2000
[13:19:45.250] [SEVERE ] updating countdown to 43000
[13:19:45.285] [SEVERE ] setting player 4 freeze to 1000
[13:19:45.658] [SEVERE ] setting player 1 freeze to 0
[13:19:45.852] [SEVERE ] setting player 2 freeze to 2000
[13:19:45.852] [SEVERE ] setting player 3 freeze to 1000
[13:19:46.099] [SEVERE ] removing player 1 token from slot 5
[13:19:46.215] [SEVERE ] player 1 placing token on slot 9
[13:19:46.216] [SEVERE ] setting player 1 freeze to 3000
[13:19:46.258] [SEVERE ] updating countdown to 42000
[13:19:46.289] [SEVERE ] setting player 4 freeze to 0
[13:19:46.500] [SEVERE ] removing player 4 token from slot 10
[13:19:46.609] [SEVERE ] player 4 placing token on slot 11
[13:19:46.609] [SEVERE ] setting player 4 freeze to 3000
[13:19:46.864] [SEVERE ] setting player 3 freeze to 0
[13:19:46.864] [SEVERE ] setting player 2 freeze to 1000
[13:19:46.978] [SEVERE ] removing player 3 token from slot 8
[13:19:47.080] [SEVERE ] removing player 3 token from slot 0
[13:19:47.198] [SEVERE ] player 3 placing token on slot 2
[13:19:47.217] [SEVERE ] setting player 1 freeze to 2000
[13:19:47.265] [SEVERE ] updating countdown to 41000
[13:19:47.314] [SEVERE ] player 3 placing token on slot 4
[13:19:47.315] [SEVERE ] setting player 3 freeze to 3000
[13:19:47.624] [SEVERE ] setting player 4 freeze to 2000
[13:19:47.865] [SEVERE ] setting player 2 freeze to 0
[13:19:47.968] [SEVERE ] removing player 2 token from slot 2
[13:19:48.077] [SEVERE ] player 2 placing token on slot 5
[13:19:48.077] [SEVERE ] setting player 2 freeze to 3000
[13:19:48.227] [SEVERE ] setting player 1 freeze to 1000
[13:19:48.273] [SEVERE ] updating countdown to 40000
[13:19:48.319] [SEVERE ] setting player 3 freeze to 2000
[13:19:48.637] [SEVERE ] setting player 4 freeze to 1000
[13:19:49.081] [SEVERE ] setting player 2 freeze to 2000
[13:19:49.235] [SEVERE ] setting player 1 freeze to 0
[13:19:49.286] [SEVERE ] updating countdown to 39000
[13:19:49.333] [SEVERE ] setting player 3 freeze to 1000
[13:19:49.462] [SEVERE ] removing player 1 token from slot 8
[13:19:49.569] [SEVERE ] removing player 1 token from slot 9
[13:19:49.650] [SEVERE ] setting player 4 freeze to 0
[13:19:49.683] [SEVERE ] player 1 placing token on slot 1
[13:19:49.801] [SEVERE ] player 1 placing token on slot 4
[13:19:49.802] [SEVERE ] setting player 1 freeze to 3000
[13:19:50.083] [SEVERE ] setting player 2 freeze to 1000
[13:19:50.300] [SEVERE ] updating countdown to 38000
[13:19:50.346] [SEVERE ] setting player 3 freeze to 0
[13:19:50.610] [SEVERE ] removing player 4 token from slot 11
[13:19:50.712] [SEVERE ] player 4 placing token on slot 1
[13:19:50.712] [SEVERE ] setting player 4 freeze to 3000
[13:19:50.817] [SEVERE ] setting player 1 freeze to 2000
[13:19:51.088] [SEVERE ] setting player 2 freeze to 0
[13:19:51.197] [SEVERE ] removing player 2 token from slot 9
[13:19:51.314] [SEVERE ] updating countdown to 37000
[13:19:51.315] [SEVERE ] removing player 2 token from slot 8
[13:19:51.418] [SEVERE ] player 2 placing token on slot 4
[13:19:51.531] [SEVERE ] player 2 placing token on slot 0
[13:19:51.531] [SEVERE ] setting player 2 freeze to 3000
[13:19:51.713] [SEVERE ] setting player 4 freeze to 2000
[13:19:51.829] [SEVERE ] setting player 1 freeze to 1000
[13:19:51.861] [SEVERE ] removing player 3 token from slot 1
[13:19:51.965] [SEVERE ] player 3 placing token on slot 9
[13:19:51.966] [SEVERE ] setting player 3 freeze to 3000
[13:19:52.328] [SEVERE ] updating countdown to 36000
[13:19:52.540] [SEVERE ] setting player 2 freeze to 2000
[13:19:52.729] [SEVERE ] setting player 4 freeze to 1000
[13:19:52.830] [SEVERE ] setting player 1 freeze to 0
[13:19:52.977] [SEVERE ] setting player 3 freeze to 2000
[13:19:53.335] [SEVERE ] updating countdown to 35000
[13:19:53.549] [SEVERE ] setting player 2 freeze to 1000
[13:19:53.749] [SEVERE ] setting player 4 freeze to 0
[13:19:53.865] [SEVERE ] removing player 4 token from slot 5
[13:19:53.974] [SEVERE ] removing player 4 token from slot 1
[13:19:53.983] [SEVERE ] setting player 3 freeze to 1000
[13:19:54.089] [SEVERE ] player 4 placing token on slot 9
[13:19:54.193] [SEVERE ] player 4 placing token on slot 6
[13:19:54.193] [SEVERE ] setting player 4 freeze to 3000
[13:19:54.249] [SEVERE ] removing player 1 token from slot 10
[13:19:54.342] [SEVERE ] updating countdown to 34000
[13:19:54.352] [SEVERE ] player 1 placing token on slot 8
[13:19:54.353] [SEVERE ] setting player 1 freeze to 3000
[13:19:54.557] [SEVERE ] setting player 2 freeze to 0
[13:19:54.882] [SEVERE ] removing player 2 token from slot 0
[13:19:54.984] [SEVERE ] player 2 placing token on slot 0
[13:19:54.985] [SEVERE ] setting player 2 freeze to 3000
[13:19:54.998] [SEVERE ] setting player 3 freeze to 0
[13:19:55.203] [SEVERE ] setting player 4 freeze to 2000
[13:19:55.347] [SEVERE ] updating countdown to 33000
[13:19:55.365] [SEVERE ] setting player 1 freeze to 2000
[13:19:55.997] [SEVERE ] setting player 2 freeze to 2000
[13:19:56.218] [SEVERE ] setting player 4 freeze to 1000
[13:19:56.360] [SEVERE ] updating countdown to 32000
[13:19:56.376] [SEVERE ] setting player 1 freeze to 1000
[13:19:56.543] [SEVERE ] removing player 3 token from slot 4
[13:19:56.652] [SEVERE ] player 3 placing token on slot 0
[13:19:56.652] [SEVERE ] setting player 3 freeze to 3000
[13:19:56.997] [SEVERE ] setting player 2 freeze to 1000
[13:19:57.230] [SEVERE ] setting player 4 freeze to 0
[13:19:57.374] [SEVERE ] updating countdown to 31000
[13:19:57.390] [SEVERE ] setting player 1 freeze to 0
[13:19:57.658] [SEVERE ] setting player 3 freeze to 2000
[13:19:57.703] [SEVERE ] removing player 1 token from slot 8
[13:19:57.765] [SEVERE ] removing player 4 token from slot 2
[13:19:57.818] [SEVERE ] player 1 placing token on slot 3
[13:19:57.818] [SEVERE ] setting player 1 freeze to 3000
[13:19:57.879] [SEVERE ] player 4 placing token on slot 0
[13:19:57.880] [SEVERE ] setting player 4 freeze to 3000
[13:19:58.009] [SEVERE ] setting player 2 freeze to 0
[13:19:58.379] [SEVERE ] updating countdown to 30000
[13:19:58.649] [SEVERE ] removing player 2 token from slot 0
[13:19:58.664] [SEVERE ] setting player 3 freeze to 1000
[13:19:58.754] [SEVERE ] player 2 placing token on slot 2
[13:19:58.754] [SEVERE ] setting player 2 freeze to 3000
[13:19:58.830] [SEVERE ] setting player 1 freeze to 2000
[13:19:58.894] [SEVERE ] setting player 4 freeze to 2000
[13:19:59.388] [SEVERE ] updating countdown to 29000
[13:19:59.666] [SEVERE ] setting player 3 freeze to 0
[13:19:59.764] [SEVERE ] setting player 2 freeze to 2000
[13:19:59.833] [SEVERE ] setting player 1 freeze to 1000
[13:19:59.893] [SEVERE ] removing player 3 token from slot 0
[13:19:59.907] [SEVERE ] setting player 4 freeze to 1000
[13:20:00.008] [SEVERE ] player 3 placing token on slot 0
[13:20:00.009] [SEVERE ] setting player 3 freeze to 3000
[13:20:00.402] [SEVERE ] updating countdown to 28000
[13:20:00.765] [SEVERE ] setting player 2 freeze to 1000
[13:20:00.837] [SEVERE ] setting player 1 freeze to 0
[13:20:00.914] [SEVERE ] setting player 4 freeze to 0
[13:20:01.019] [SEVERE ] setting player 3 freeze to 2000
[13:20:01.020] [SEVERE ] removing player 4 token from slot 9
[13:20:01.126] [SEVERE ] player 4 placing token on slot 4
[13:20:01.126] [SEVERE ] setting player 4 freeze to 3000
[13:20:01.375] [SEVERE ] removing player 1 token from slot 1
[13:20:01.408] [SEVERE ] updating countdown to 27000
[13:20:01.477] [SEVERE ] player 1 placing token on slot 7
[13:20:01.478] [SEVERE ] setting player 1 freeze to 3000
[13:20:01.773] [SEVERE ] setting player 2 freeze to 0
[13:20:01.881] [SEVERE ] removing player 2 token from slot 5
[13:20:01.990] [SEVERE ] player 2 placing token on slot 0
[13:20:01.990] [SEVERE ] setting player 2 freeze to 3000
[13:20:02.019] [SEVERE ] setting player 3 freeze to 1000
[13:20:02.137] [SEVERE ] setting player 4 freeze to 2000
[13:20:02.419] [SEVERE ] updating countdown to 26000
[13:20:02.480] [SEVERE ] setting player 1 freeze to 2000
[13:20:03.002] [SEVERE ] setting player 2 freeze to 2000
[13:20:03.034] [SEVERE ] setting player 3 freeze to 0
[13:20:03.146] [SEVERE ] setting player 4 freeze to 1000
[13:20:03.431] [SEVERE ] updating countdown to 25000
[13:20:03.479] [SEVERE ] removing player 3 token from slot 0
[13:20:03.494] [SEVERE ] setting player 1 freeze to 1000
[13:20:03.589] [SEVERE ] player 3 placing token on slot 8
[13:20:03.590] [SEVERE ] setting player 3 freeze to 3000
[13:20:04.011] [SEVERE ] setting player 2 freeze to 1000
[13:20:04.147] [SEVERE ] setting player 4 freeze to 0
[13:20:04.445] [SEVERE ] updating countdown to 24000
[13:20:04.496] [SEVERE ] setting player 1 freeze to 0
[13:20:04.591] [SEVERE ] setting player 3 freeze to 2000
[13:20:04.965] [SEVERE ] removing player 1 token from slot 4
[13:20:05.024] [SEVERE ] setting player 2 freeze to 0
[13:20:05.082] [SEVERE ] player 1 placing token on slot 8
[13:20:05.082] [SEVERE ] setting player 1 freeze to 3000
[13:20:05.343] [SEVERE ] removing player 2 token from slot 4
[13:20:05.448] [SEVERE ] updating countdown to 23000
[13:20:05.450] [SEVERE ] player 2 placing token on slot 6
[13:20:05.450] [SEVERE ] setting player 2 freeze to 3000
[13:20:05.596] [SEVERE ] setting player 3 freeze to 1000
[13:20:06.083] [SEVERE ] setting player 1 freeze to 2000
[13:20:06.249] [SEVERE ] removing player 4 token from slot 6
[13:20:06.364] [SEVERE ] player 4 placing token on slot 6
[13:20:06.364] [SEVERE ] setting player 4 freeze to 3000
[13:20:06.464] [SEVERE ] updating countdown to 22000
[13:20:06.464] [SEVERE ] setting player 2 freeze to 2000
[13:20:06.597] [SEVERE ] setting player 3 freeze to 0
[13:20:06.709] [SEVERE ] removing player 3 token from slot 9
[13:20:06.819] [SEVERE ] player 3 placing token on slot 0
[13:20:06.820] [SEVERE ] setting player 3 freeze to 3000
[13:20:07.093] [SEVERE ] setting player 1 freeze to 1000
[13:20:07.377] [SEVERE ] setting player 4 freeze to 2000
[13:20:07.470] [SEVERE ] setting player 2 freeze to 1000
[13:20:07.470] [SEVERE ] updating countdown to 21000
[13:20:07.830] [SEVERE ] setting player 3 freeze to 2000
[13:20:08.104] [SEVERE ] setting player 1 freeze to 0
[13:20:08.384] [SEVERE ] setting player 4 freeze to 1000
[13:20:08.472] [SEVERE ] updating countdown to 20000
[13:20:08.472] [SEVERE ] setting player 2 freeze to 0
[13:20:08.536] [SEVERE ] removing player 1 token from slot 7
[13:20:08.647] [SEVERE ] player 1 placing token on slot 4
[13:20:08.647] [SEVERE ] setting player 1 freeze to 3000
[13:20:08.682] [SEVERE ] removing player 2 token from slot 2
[13:20:08.793] [SEVERE ] player 2 placing token on slot 9
[13:20:08.794] [SEVERE ] setting player 2 freeze to 3000
[13:20:08.831] [SEVERE ] setting player 3 freeze to 1000
[13:20:09.394] [SEVERE ] setting player 4 freeze to 0
[13:20:09.477] [SEVERE ] updating countdown to 19000
[13:20:09.611] [SEVERE ] removing player 4 token from slot 4
[13:20:09.664] [SEVERE ] setting player 1 freeze to 2000
[13:20:09.715] [SEVERE ] player 4 placing token on slot 2
[13:20:09.715] [SEVERE ] setting player 4 freeze to 3000
[13:20:09.795] [SEVERE ] setting player 2 freeze to 2000
[13:20:09.842] [SEVERE ] setting player 3 freeze to 0
[13:20:10.263] [SEVERE ] removing player 3 token from slot 2
[13:20:10.374] [SEVERE ] removing player 3 token from slot 8
[13:20:10.478] [SEVERE ] updating countdown to 18000
[13:20:10.479] [SEVERE ] player 3 placing token on slot 7
[13:20:10.592] [SEVERE ] player 3 placing token on slot 11
[13:20:10.594] [SEVERE ] setting player 3 freeze to 3000
[13:20:10.664] [SEVERE ] setting player 1 freeze to 1000
[13:20:10.726] [SEVERE ] setting player 4 freeze to 2000
[13:20:10.798] [SEVERE ] setting player 2 freeze to 1000
[13:20:11.493] [SEVERE ] updating countdown to 17000
[13:20:11.601] [SEVERE ] setting player 3 freeze to 2000
[13:20:11.678] [SEVERE ] setting player 1 freeze to 0
[13:20:11.728] [SEVERE ] setting player 4 freeze to 1000
[13:20:11.811] [SEVERE ] setting player 2 freeze to 0
[13:20:11.881] [SEVERE ] removing player 1 token from slot 4
[13:20:11.994] [SEVERE ] player 1 placing token on slot 1
[13:20:11.994] [SEVERE ] setting player 1 freeze to 3000
[13:20:12.493] [SEVERE ] updating countdown to 16000
[13:20:12.606] [SEVERE ] setting player 3 freeze to 1000
[13:20:12.733] [SEVERE ] setting player 4 freeze to 0
[13:20:13.004] [SEVERE ] setting player 1 freeze to 2000
[13:20:13.004] [SEVERE ] removing player 2 token from slot 6
[13:20:13.065] [SEVERE ] removing player 4 token from slot 0
[13:20:13.111] [SEVERE ] removing player 2 token from slot 0
[13:20:13.169] [SEVERE ] player 4 placing token on slot 0
[13:20:13.169] [SEVERE ] setting player 4 freeze to 3000
[13:20:13.220] [SEVERE ] player 2 placing token on slot 4
[13:20:13.329] [SEVERE ] player 2 placing token on slot 8
[13:20:13.331] [SEVERE ] setting player 2 freeze to 3000
[13:20:13.498] [SEVERE ] updating countdown to 15000
[13:20:13.607] [SEVERE ] setting player 3 freeze to 0
[13:20:14.013] [SEVERE ] setting player 1 freeze to 1000
[13:20:14.184] [SEVERE ] setting player 4 freeze to 2000
[13:20:14.339] [SEVERE ] setting player 2 freeze to 2000
[13:20:14.512] [SEVERE ] updating countdown to 14000
[13:20:14.683] [SEVERE ] removing player 3 token from slot 0
[13:20:14.794] [SEVERE ] player 3 placing token on slot 4
[13:20:14.794] [SEVERE ] setting player 3 freeze to 3000
[13:20:15.027] [SEVERE ] setting player 1 freeze to 0
[13:20:15.188] [SEVERE ] setting player 4 freeze to 1000
[13:20:15.353] [SEVERE ] setting player 2 freeze to 1000
[13:20:15.526] [SEVERE ] updating countdown to 13000
[13:20:15.679] [SEVERE ] removing player 1 token from slot 3
[13:20:15.793] [SEVERE ] player 1 placing token on slot 3
[13:20:15.793] [SEVERE ] setting player 1 freeze to 3000
[13:20:15.807] [SEVERE ] setting player 3 freeze to 2000
[13:20:16.188] [SEVERE ] setting player 4 freeze to 0
[13:20:16.365] [SEVERE ] setting player 2 freeze to 0
[13:20:16.520] [SEVERE ] removing player 4 token from slot 6
[13:20:16.534] [SEVERE ] updating countdown to 12000
[13:20:16.631] [SEVERE ] player 4 placing token on slot 3
[13:20:16.631] [SEVERE ] setting player 4 freeze to 3000
[13:20:16.807] [SEVERE ] setting player 1 freeze to 2000
[13:20:16.822] [SEVERE ] setting player 3 freeze to 1000
[13:20:17.233] [SEVERE ] removing player 2 token from slot 8
[13:20:17.347] [SEVERE ] player 2 placing token on slot 11
[13:20:17.347] [SEVERE ] setting player 2 freeze to 3000
[13:20:17.541] [SEVERE ] updating countdown to 11000
[13:20:17.634] [SEVERE ] setting player 4 freeze to 2000
[13:20:17.811] [SEVERE ] setting player 1 freeze to 1000
[13:20:17.826] [SEVERE ] setting player 3 freeze to 0
[13:20:18.347] [SEVERE ] setting player 2 freeze to 2000
[13:20:18.542] [SEVERE ] updating countdown to 10000
[13:20:18.635] [SEVERE ] setting player 4 freeze to 1000
[13:20:18.822] [SEVERE ] setting player 1 freeze to 0
[13:20:19.161] [SEVERE ] removing player 1 token from slot 3
[13:20:19.278] [SEVERE ] player 1 placing token on slot 10
[13:20:19.278] [SEVERE ] setting player 1 freeze to 3000
[13:20:19.355] [SEVERE ] setting player 2 freeze to 1000
[13:20:19.372] [SEVERE ] removing player 3 token from slot 4
[13:20:19.480] [SEVERE ] player 3 placing token on slot 2
[13:20:19.481] [SEVERE ] setting player 3 freeze to 3000
[13:20:19.556] [SEVERE ] updating countdown to 9000
[13:20:19.640] [SEVERE ] setting player 4 freeze to 0
[13:20:19.755] [SEVERE ] removing player 4 token from slot 2
[13:20:19.861] [SEVERE ] player 4 placing token on slot 11
[13:20:19.861] [SEVERE ] setting player 4 freeze to 3000
[13:20:20.286] [SEVERE ] setting player 1 freeze to 2000
[13:20:20.363] [SEVERE ] setting player 2 freeze to 0
[13:20:20.494] [SEVERE ] setting player 3 freeze to 2000
[13:20:20.563] [SEVERE ] updating countdown to 8000
[13:20:20.595] [SEVERE ] removing player 2 token from slot 11
[13:20:20.702] [SEVERE ] player 2 placing token on slot 6
[13:20:20.702] [SEVERE ] setting player 2 freeze to 3000
[13:20:20.862] [SEVERE ] setting player 4 freeze to 2000
[13:20:21.296] [SEVERE ] setting player 1 freeze to 1000
[13:20:21.509] [SEVERE ] setting player 3 freeze to 1000
[13:20:21.571] [SEVERE ] updating countdown to 7000
[13:20:21.717] [SEVERE ] setting player 2 freeze to 2000
[13:20:21.874] [SEVERE ] setting player 4 freeze to 1000
[13:20:22.303] [SEVERE ] setting player 1 freeze to 0
[13:20:22.419] [SEVERE ] removing player 1 token from slot 1
[13:20:22.515] [SEVERE ] setting player 3 freeze to 0
[13:20:22.532] [SEVERE ] player 1 placing token on slot 0
[13:20:22.532] [SEVERE ] setting player 1 freeze to 3000
[13:20:22.577] [SEVERE ] updating countdown to 6000
[13:20:22.729] [SEVERE ] setting player 2 freeze to 1000
[13:20:22.745] [SEVERE ] removing player 3 token from slot 7
[13:20:22.860] [SEVERE ] player 3 placing token on slot 6
[13:20:22.861] [SEVERE ] setting player 3 freeze to 3000
[13:20:22.876] [SEVERE ] setting player 4 freeze to 0
[13:20:23.210] [SEVERE ] removing player 4 token from slot 11
[13:20:23.324] [SEVERE ] player 4 placing token on slot 9
[13:20:23.325] [SEVERE ] setting player 4 freeze to 3000
[13:20:23.542] [SEVERE ] setting player 1 freeze to 2000
[13:20:23.578] [SEVERE ] updating countdown to 5000
[13:20:23.741] [SEVERE ] setting player 2 freeze to 0
[13:20:23.877] [SEVERE ] setting player 3 freeze to 2000
[13:20:24.063] [SEVERE ] removing player 2 token from slot 6
[13:20:24.177] [SEVERE ] player 2 placing token on slot 5
[13:20:24.177] [SEVERE ] setting player 2 freeze to 3000
[13:20:24.339] [SEVERE ] setting player 4 freeze to 2000
[13:20:24.559] [SEVERE ] setting player 1 freeze to 1000
[13:20:24.590] [SEVERE ] updating countdown to 4000
[13:20:24.881] [SEVERE ] setting player 3 freeze to 1000
[13:20:25.191] [SEVERE ] setting player 2 freeze to 2000
[13:20:25.354] [SEVERE ] setting player 4 freeze to 1000
[13:20:25.572] [SEVERE ] setting player 1 freeze to 0
[13:20:25.603] [SEVERE ] updating countdown to 3000
[13:20:25.678] [SEVERE ] removing player 1 token from slot 10
[13:20:25.790] [SEVERE ] player 1 placing token on slot 9
[13:20:25.791] [SEVERE ] setting player 1 freeze to 3000
[13:20:25.889] [SEVERE ] setting player 3 freeze to 0
[13:20:26.112] [SEVERE ] removing player 3 token from slot 11
[13:20:26.204] [SEVERE ] setting player 2 freeze to 1000
[13:20:26.221] [SEVERE ] player 3 placing token on slot 7
[13:20:26.221] [SEVERE ] setting player 3 freeze to 3000
[13:20:26.367] [SEVERE ] setting player 4 freeze to 0
[13:20:26.474] [SEVERE ] removing player 4 token from slot 9
[13:20:26.589] [SEVERE ] player 4 placing token on slot 10
[13:20:26.589] [SEVERE ] setting player 4 freeze to 3000
[13:20:26.608] [SEVERE ] updating countdown to 2000
[13:20:26.801] [SEVERE ] setting player 1 freeze to 2000
[13:20:27.209] [SEVERE ] setting player 2 freeze to 0
[13:20:27.229] [SEVERE ] setting player 3 freeze to 2000
[13:20:27.593] [SEVERE ] setting player 4 freeze to 2000
[13:20:27.609] [SEVERE ] updating countdown to 1000
[13:20:27.803] [SEVERE ] setting player 1 freeze to 1000
[13:20:27.995] [SEVERE ] removing player 2 token from slot 4
[13:20:28.111] [SEVERE ] removing player 2 token from slot 9
[13:20:28.219] [SEVERE ] player 2 placing token on slot 7
[13:20:28.234] [SEVERE ] setting player 3 freeze to 1000
[13:20:28.335] [SEVERE ] player 2 placing token on slot 9
[13:20:28.335] [SEVERE ] setting player 2 freeze to 3000
[13:20:28.594] [SEVERE ] setting player 4 freeze to 1000
[13:20:28.610] [SEVERE ] updating countdown to 0
[13:20:28.812] [SEVERE ] setting player 1 freeze to 0
[13:20:29.025] [SEVERE ] removing player 1 token from slot 0
[13:20:29.143] [SEVERE ] removing player 1 token from slot 9
[13:20:29.245] [SEVERE ] setting player 3 freeze to 0
[13:20:29.245] [SEVERE ] player 1 placing token on slot 0
[13:20:29.345] [SEVERE ] setting player 2 freeze to 2000
[13:20:29.363] [SEVERE ] player 1 placing token on slot 2
[13:20:29.363] [SEVERE ] setting player 1 freeze to 3000
[13:20:29.364] [SEVERE ] removing player 3 token from slot 7
[13:20:29.470] [SEVERE ] player 3 placing token on slot 10
[13:20:29.470] [SEVERE ] setting player 3 freeze to 3000
[13:20:29.608] [SEVERE ] setting player 4 freeze to 0
[13:20:29.621] [SEVERE ] removing player 1 token from slot 8
[13:20:29.621] [SEVERE ] removing player 1 token from slot 0
[13:20:29.621] [SEVERE ] removing player 1 token from slot 2
[13:20:29.623] [SEVERE ] removing player 2 token from slot 5
[13:20:29.623] [SEVERE ] removing player 2 token from slot 7
[13:20:29.623] [SEVERE ] removing player 2 token from slot 9
[13:20:29.623] [SEVERE ] removing player 3 token from slot 2
[13:20:29.624] [SEVERE ] removing player 3 token from slot 6
[13:20:29.624] [SEVERE ] removing player 3 token from slot 10
[13:20:29.624] [SEVERE ] removing player 4 token from slot 0
[13:20:29.624] [SEVERE ] removing player 4 token from slot 3
[13:20:29.624] [SEVERE ] removing player 4 token from slot 10
[13:20:29.738] [SEVERE ] removing card from slot 0
[13:20:29.851] [SEVERE ] removing card from slot 1
[13:20:29.960] [SEVERE ] removing card from slot 2
[13:20:30.061] [SEVERE ] removing card from slot 3
[13:20:30.170] [SEVERE ] removing card from slot 4
[13:20:30.275] [SEVERE ] removing card from slot 5
[13:20:30.352] [SEVERE ] setting player 2 freeze to 1000
[13:20:30.368] [SEVERE ] setting player 1 freeze to 2000
[13:20:30.383] [SEVERE ] removing card from slot 6
[13:20:30.476] [SEVERE ] setting player 3 freeze to 2000
[13:20:30.492] [SEVERE ] removing card from slot 7
[13:20:30.594] [SEVERE ] removing card from slot 8
[13:20:30.702] [SEVERE ] removing card from slot 9
[13:20:30.811] [SEVERE ] removing card from slot 10
[13:20:30.918] [SEVERE ] removing card from slot 11
[13:20:31.025] [SEVERE ] placing card 54 in slot 0
[13:20:31.128] [SEVERE ] placing card 66 in slot 1
[13:20:31.237] [SEVERE ] placing card 26 in slot 2
[13:20:31.347] [SEVERE ] placing card 16 in slot 3
[13:20:31.362] [SEVERE ] setting player 2 freeze to 0
[13:20:31.377] [SEVERE ] setting player 1 freeze to 1000
[13:20:31.458] [SEVERE ] placing card 2 in slot 4
[13:20:31.489] [SEVERE ] setting player 3 freeze to 1000
[13:20:31.567] [SEVERE ] placing card 12 in slot 5
[13:20:31.677] [SEVERE ] placing card 78 in slot 6
[13:20:31.777] [SEVERE ] placing card 24 in slot 7
[13:20:31.878] [SEVERE ] placing card 58 in slot 8
[13:20:31.981] [SEVERE ] placing card 32 in slot 9
[13:20:32.090] [SEVERE ] placing card 75 in slot 10
[13:20:32.193] [SEVERE ] placing card 77 in slot 11
[13:20:32.193] [SEVERE ] updating countdown to 60000
[13:20:32.195] [SEVERE ] player 4 placing token on slot 11
[13:20:32.210] [SEVERE ] player 2 placing token on slot 8
[13:20:32.308] [SEVERE ] player 4 placing token on slot 6
[13:20:32.323] [SEVERE ] player 2 placing token on slot 6
[13:20:32.389] [SEVERE ] setting player 1 freeze to 0
[13:20:32.421] [SEVERE ] removing player 4 token from slot 11
[13:20:32.437] [SEVERE ] player 2 placing token on slot 10
[13:20:32.437] [SEVERE ] setting player 2 freeze to 3000
[13:20:32.494] [SEVERE ] setting player 3 freeze to 0
[13:20:32.495] [SEVERE ] player 1 placing token on slot 8
[13:20:32.526] [SEVERE ] player 4 placing token on slot 7
[13:20:32.609] [SEVERE ] player 3 placing token on slot 7
[13:20:32.611] [SEVERE ] player 1 placing token on slot 2
[13:20:32.629] [SEVERE ] player 4 placing token on slot 10
[13:20:32.629] [SEVERE ] setting player 4 freeze to 3000
[13:20:32.712] [SEVERE ] player 3 placing token on slot 9
[13:20:32.713] [SEVERE ] removing player 1 token from slot 2
[13:20:32.821] [SEVERE ] player 3 placing token on slot 0
[13:20:32.822] [SEVERE ] setting player 3 freeze to 3000
[13:20:32.822] [SEVERE ] player 1 placing token on slot 11
[13:20:32.928] [SEVERE ] player 1 placing token on slot 4
[13:20:32.929] [SEVERE ] setting player 1 freeze to 3000
[13:20:33.195] [SEVERE ] updating countdown to 59000
[13:20:33.439] [SEVERE ] setting player 2 freeze to 2000
[13:20:33.644] [SEVERE ] setting player 4 freeze to 2000
[13:20:33.828] [SEVERE ] setting player 3 freeze to 2000
[13:20:33.937] [SEVERE ] setting player 1 freeze to 2000
[13:20:34.198] [SEVERE ] updating countdown to 58000
[13:20:34.443] [SEVERE ] setting player 2 freeze to 1000
[13:20:34.654] [SEVERE ] setting player 4 freeze to 1000
[13:20:34.835] [SEVERE ] setting player 3 freeze to 1000
[13:20:34.940] [SEVERE ] setting player 1 freeze to 1000
[13:20:35.199] [SEVERE ] updating countdown to 57000
[13:20:35.444] [SEVERE ] setting player 2 freeze to 0
[13:20:35.557] [SEVERE ] removing player 2 token from slot 6
[13:20:35.661] [SEVERE ] setting player 4 freeze to 0
[13:20:35.662] [SEVERE ] player 2 placing token on slot 3
[13:20:35.662] [SEVERE ] setting player 2 freeze to 3000
[13:20:35.847] [SEVERE ] setting player 3 freeze to 0
[13:20:35.941] [SEVERE ] setting player 1 freeze to 0
[13:20:36.072] [SEVERE ] removing player 3 token from slot 7
[13:20:36.088] [SEVERE ] removing player 4 token from slot 7
[13:20:36.182] [SEVERE ] player 3 placing token on slot 1
[13:20:36.182] [SEVERE ] setting player 3 freeze to 3000
[13:20:36.196] [SEVERE ] player 4 placing token on slot 3
[13:20:36.196] [SEVERE ] setting player 4 freeze to 3000
[13:20:36.210] [SEVERE ] updating countdown to 56000
[13:20:36.675] [SEVERE ] setting player 2 freeze to 2000
[13:20:36.790] [SEVERE ] removing player 1 token from slot 11
[13:20:36.899] [SEVERE ] removing player 1 token from slot 4
[13:20:37.002] [SEVERE ] player 1 placing token on slot 2
[13:20:37.108] [SEVERE ] player 1 placing token on slot 11
[13:20:37.108] [SEVERE ] setting player 1 freeze to 3000
[13:20:37.190] [SEVERE ] setting player 3 freeze to 2000
[13:20:37.206] [SEVERE ] setting player 4 freeze to 2000
[13:20:37.222] [SEVERE ] updating countdown to 55000
[13:20:37.676] [SEVERE ] setting player 2 freeze to 1000
[13:20:38.114] [SEVERE ] setting player 1 freeze to 2000
[13:20:38.193] [SEVERE ] setting player 3 freeze to 1000
[13:20:38.217] [SEVERE ] setting player 4 freeze to 1000
[13:20:38.239] [SEVERE ] updating countdown to 54000
[13:20:38.689] [SEVERE ] setting player 2 freeze to 0
[13:20:38.800] [SEVERE ] removing player 2 token from slot 8
[13:20:38.909] [SEVERE ] removing player 2 token from slot 3
[13:20:39.024] [SEVERE ] player 2 placing token on slot 6
[13:20:39.120] [SEVERE ] setting player 1 freeze to 1000
[13:20:39.138] [SEVERE ] removing player 2 token from slot 10
[13:20:39.195] [SEVERE ] setting player 3 freeze to 0
[13:20:39.227] [SEVERE ] setting player 4 freeze to 0
[13:20:39.243] [SEVERE ] updating countdown to 53000
[13:20:39.245] [SEVERE ] player 2 placing token on slot 5
[13:20:39.359] [SEVERE ] player 2 placing token on slot 4
[13:20:39.360] [SEVERE ] setting player 2 freeze to 3000
[13:20:39.432] [SEVERE ] removing player 4 token from slot 6
[13:20:39.540] [SEVERE ] removing player 4 token from slot 10
[13:20:39.645] [SEVERE ] player 4 placing token on slot 7
[13:20:39.750] [SEVERE ] player 4 placing token on slot 11
[13:20:39.751] [SEVERE ] setting player 4 freeze to 3000
[13:20:40.123] [SEVERE ] setting player 1 freeze to 0
[13:20:40.171] [SEVERE ] removing player 3 token from slot 0
[13:20:40.258] [SEVERE ] updating countdown to 52000
[13:20:40.274] [SEVERE ] player 3 placing token on slot 2
[13:20:40.274] [SEVERE ] setting player 3 freeze to 3000
[13:20:40.376] [SEVERE ] setting player 2 freeze to 2000
[13:20:40.663] [SEVERE ] removing player 1 token from slot 11
[13:20:40.758] [SEVERE ] setting player 4 freeze to 2000
[13:20:40.775] [SEVERE ] player 1 placing token on slot 0
[13:20:40.775] [SEVERE ] setting player 1 freeze to 3000
[13:20:41.260] [SEVERE ] updating countdown to 51000
[13:20:41.291] [SEVERE ] setting player 3 freeze to 2000
[13:20:41.390] [SEVERE ] setting player 2 freeze to 1000
[13:20:41.759] [SEVERE ] setting player 4 freeze to 1000
[13:20:41.776] [SEVERE ] setting player 1 freeze to 2000
[13:20:42.268] [SEVERE ] updating countdown to 50000
[13:20:42.299] [SEVERE ] setting player 3 freeze to 1000
[13:20:42.393] [SEVERE ] setting player 2 freeze to 0
[13:20:42.776] [SEVERE ] setting player 4 freeze to 0
[13:20:42.791] [SEVERE ] setting player 1 freeze to 1000
[13:20:42.824] [SEVERE ] removing player 2 token from slot 5
[13:20:42.888] [SEVERE ] removing player 4 token from slot 11
[13:20:42.930] [SEVERE ] player 2 placing token on slot 9
[13:20:42.930] [SEVERE ] setting player 2 freeze to 3000
[13:20:42.993] [SEVERE ] player 4 placing token on slot 5
[13:20:42.994] [SEVERE ] setting player 4 freeze to 3000
[13:20:43.274] [SEVERE ] updating countdown to 49000
[13:20:43.303] [SEVERE ] setting player 3 freeze to 0
[13:20:43.729] [SEVERE ] removing player 3 token from slot 1
[13:20:43.806] [SEVERE ] setting player 1 freeze to 0
[13:20:43.839] [SEVERE ] player 3 placing token on slot 4
[13:20:43.839] [SEVERE ] setting player 3 freeze to 3000
[13:20:43.941] [SEVERE ] setting player 2 freeze to 2000
[13:20:44.003] [SEVERE ] setting player 4 freeze to 2000
[13:20:44.020] [SEVERE ] removing player 1 token from slot 8
[13:20:44.131] [SEVERE ] player 1 placing token on slot 9
[13:20:44.132] [SEVERE ] setting player 1 freeze to 3000
[13:20:44.285] [SEVERE ] updating countdown to 48000
[13:20:44.847] [SEVERE ] setting player 3 freeze to 2000
[13:20:44.942] [SEVERE ] setting player 2 freeze to 1000
[13:20:45.019] [SEVERE ] setting player 4 freeze to 1000
[13:20:45.135] [SEVERE ] setting player 1 freeze to 2000
[13:20:45.299] [SEVERE ] updating countdown to 47000
[13:20:45.858] [SEVERE ] setting player 3 freeze to 1000
[13:20:45.952] [SEVERE ] setting player 2 freeze to 0
[13:20:46.023] [SEVERE ] setting player 4 freeze to 0
[13:20:46.140] [SEVERE ] setting player 1 freeze to 1000
[13:20:46.230] [SEVERE ] removing player 4 token from slot 3
[13:20:46.309] [SEVERE ] updating countdown to 46000
[13:20:46.340] [SEVERE ] removing player 4 token from slot 7
[13:20:46.377] [SEVERE ] removing player 2 token from slot 4
[13:20:46.453] [SEVERE ] player 4 placing token on slot 11
[13:20:46.484] [SEVERE ] player 2 placing token on slot 5
[13:20:46.484] [SEVERE ] setting player 2 freeze to 3000
[13:20:46.559] [SEVERE ] removing player 4 token from slot 5
[13:20:46.675] [SEVERE ] player 4 placing token on slot 4
[13:20:46.790] [SEVERE ] player 4 placing token on slot 10
[13:20:46.790] [SEVERE ] setting player 4 freeze to 3000
[13:20:46.872] [SEVERE ] setting player 3 freeze to 0
[13:20:46.987] [SEVERE ] removing player 3 token from slot 2
[13:20:47.090] [SEVERE ] removing player 3 token from slot 9
[13:20:47.151] [SEVERE ] setting player 1 freeze to 0
[13:20:47.200] [SEVERE ] player 3 placing token on slot 7
[13:20:47.302] [SEVERE ] player 3 placing token on slot 9
[13:20:47.302] [SEVERE ] setting player 3 freeze to 3000
[13:20:47.317] [SEVERE ] updating countdown to 45000
[13:20:47.474] [SEVERE ] removing player 1 token from slot 0
[13:20:47.492] [SEVERE ] setting player 2 freeze to 2000
[13:20:47.581] [SEVERE ] player 1 placing token on slot 3
[13:20:47.582] [SEVERE ] setting player 1 freeze to 3000
[13:20:47.805] [SEVERE ] setting player 4 freeze to 2000
[13:20:48.304] [SEVERE ] setting player 3 freeze to 2000
[13:20:48.320] [SEVERE ] updating countdown to 44000
[13:20:48.492] [SEVERE ] setting player 2 freeze to 1000
[13:20:48.585] [SEVERE ] setting player 1 freeze to 2000
[13:20:48.811] [SEVERE ] setting player 4 freeze to 1000
[13:20:49.319] [SEVERE ] setting player 3 freeze to 1000
[13:20:49.334] [SEVERE ] updating countdown to 43000
[13:20:49.503] [SEVERE ] setting player 2 freeze to 0
[13:20:49.590] [SEVERE ] setting player 1 freeze to 1000
[13:20:49.815] [SEVERE ] setting player 4 freeze to 0
[13:20:50.029] [SEVERE ] removing player 2 token from slot 5
[13:20:50.145] [SEVERE ] player 2 placing token on slot 11
[13:20:50.145] [SEVERE ] setting player 2 freeze to 3000
[13:20:50.322] [SEVERE ] setting player 3 freeze to 0
[13:20:50.338] [SEVERE ] updating countdown to 42000
[13:20:50.561] [SEVERE ] removing player 4 token from slot 11
[13:20:50.591] [SEVERE ] setting player 1 freeze to 0
[13:20:50.653] [SEVERE ] removing player 3 token from slot 9
[13:20:50.669] [SEVERE ] player 4 placing token on slot 8
[13:20:50.670] [SEVERE ] setting player 4 freeze to 3000
[13:20:50.699] [SEVERE ] removing player 1 token from slot 9
[13:20:50.762] [SEVERE ] player 3 placing token on slot 2
[13:20:50.762] [SEVERE ] setting player 3 freeze to 3000
[13:20:50.808] [SEVERE ] player 1 placing token on slot 0
[13:20:50.809] [SEVERE ] setting player 1 freeze to 3000
[13:20:51.155] [SEVERE ] setting player 2 freeze to 2000
[13:20:51.341] [SEVERE ] updating countdown to 41000
[13:20:51.676] [SEVERE ] setting player 4 freeze to 2000
[13:20:51.776] [SEVERE ] setting player 3 freeze to 2000
[13:20:51.824] [SEVERE ] setting player 1 freeze to 2000
[13:20:52.169] [SEVERE ] setting player 2 freeze to 1000
[13:20:52.352] [SEVERE ] updating countdown to 40000
[13:20:52.680] [SEVERE ] setting player 4 freeze to 1000
[13:20:52.789] [SEVERE ] setting player 3 freeze to 1000
[13:20:52.828] [SEVERE ] setting player 1 freeze to 1000
[13:20:53.172] [SEVERE ] setting player 2 freeze to 0
[13:20:53.287] [SEVERE ] removing player 2 token from slot 9
[13:20:53.364] [SEVERE ] updating countdown to 39000
[13:20:53.396] [SEVERE ] player 2 placing token on slot 1
[13:20:53.396] [SEVERE ] setting player 2 freeze to 3000
[13:20:53.685] [SEVERE ] setting player 4 freeze to 0
[13:20:53.795] [SEVERE ] setting player 3 freeze to 0
[13:20:53.841] [SEVERE ] setting player 1 freeze to 0
[13:20:54.012] [SEVERE ] removing player 4 token from slot 4
[13:20:54.126] [SEVERE ] player 4 placing token on slot 5
[13:20:54.126] [SEVERE ] setting player 4 freeze to 3000
[13:20:54.127] [SEVERE ] removing player 3 token from slot 4
[13:20:54.241] [SEVERE ] player 3 placing token on slot 3
[13:20:54.241] [SEVERE ] setting player 3 freeze to 3000
[13:20:54.367] [SEVERE ] updating countdown to 38000
[13:20:54.397] [SEVERE ] setting player 2 freeze to 2000
[13:20:54.414] [SEVERE ] removing player 1 token from slot 0
[13:20:54.524] [SEVERE ] removing player 1 token from slot 2
[13:20:54.633] [SEVERE ] player 1 placing token on slot 10
[13:20:54.735] [SEVERE ] player 1 placing token on slot 8
[13:20:54.735] [SEVERE ] setting player 1 freeze to 3000
[13:20:55.140] [SEVERE ] setting player 4 freeze to 2000
[13:20:55.242] [SEVERE ] setting player 3 freeze to 2000
[13:20:55.371] [SEVERE ] updating countdown to 37000
[13:20:55.403] [SEVERE ] setting player 2 freeze to 1000
[13:20:55.741] [SEVERE ] setting player 1 freeze to 2000
[13:20:56.143] [SEVERE ] setting player 4 freeze to 1000
[13:20:56.257] [SEVERE ] setting player 3 freeze to 1000
[13:20:56.372] [SEVERE ] updating countdown to 36000
[13:20:56.404] [SEVERE ] setting player 2 freeze to 0
[13:20:56.507] [SEVERE ] removing player 2 token from slot 6
[13:20:56.617] [SEVERE ] player 2 placing token on slot 6
[13:20:56.617] [SEVERE ] setting player 2 freeze to 3000
[13:20:56.755] [SEVERE ] setting player 1 freeze to 1000
[13:20:57.156] [SEVERE ] setting player 4 freeze to 0
[13:20:57.258] [SEVERE ] removing player 4 token from slot 8
[13:20:57.272] [SEVERE ] setting player 3 freeze to 0
[13:20:57.373] [SEVERE ] updating countdown to 35000
[13:20:57.374] [SEVERE ] player 4 placing token on slot 3
[13:20:57.374] [SEVERE ] setting player 4 freeze to 3000
[13:20:57.599] [SEVERE ] removing player 3 token from slot 2
[13:20:57.629] [SEVERE ] setting player 2 freeze to 2000
[13:20:57.707] [SEVERE ] player 3 placing token on slot 4
[13:20:57.707] [SEVERE ] setting player 3 freeze to 3000
[13:20:57.768] [SEVERE ] setting player 1 freeze to 0
[13:20:58.375] [SEVERE ] setting player 4 freeze to 2000
[13:20:58.375] [SEVERE ] updating countdown to 34000
[13:20:58.639] [SEVERE ] setting player 2 freeze to 1000
[13:20:58.709] [SEVERE ] setting player 3 freeze to 2000
[13:20:59.308] [SEVERE ] removing player 1 token from slot 10
[13:20:59.384] [SEVERE ] setting player 4 freeze to 1000
[13:20:59.384] [SEVERE ] updating countdown to 33000
[13:20:59.422] [SEVERE ] player 1 placing token on slot 0
[13:20:59.422] [SEVERE ] setting player 1 freeze to 3000
[13:20:59.654] [SEVERE ] setting player 2 freeze to 0
[13:20:59.720] [SEVERE ] setting player 3 freeze to 1000
[13:20:59.873] [SEVERE ] removing player 2 token from slot 1
[13:20:59.986] [SEVERE ] player 2 placing token on slot 7
[13:20:59.987] [SEVERE ] setting player 2 freeze to 3000
[13:21:00.390] [SEVERE ] setting player 4 freeze to 0
[13:21:00.390] [SEVERE ] updating countdown to 32000
[13:21:00.439] [SEVERE ] setting player 1 freeze to 2000
[13:21:00.508] [SEVERE ] removing player 4 token from slot 3
[13:21:00.618] [SEVERE ] removing player 4 token from slot 5
[13:21:00.721] [SEVERE ] player 4 placing token on slot 8
[13:21:00.735] [SEVERE ] setting player 3 freeze to 0
[13:21:00.825] [SEVERE ] player 4 placing token on slot 4
[13:21:00.825] [SEVERE ] setting player 4 freeze to 3000
[13:21:00.991] [SEVERE ] setting player 2 freeze to 2000
[13:21:01.383] [SEVERE ] removing player 3 token from slot 4
[13:21:01.397] [SEVERE ] updating countdown to 31000
[13:21:01.443] [SEVERE ] setting player 1 freeze to 1000
[13:21:01.498] [SEVERE ] player 3 placing token on slot 1
[13:21:01.498] [SEVERE ] setting player 3 freeze to 3000
[13:21:01.834] [SEVERE ] setting player 4 freeze to 2000
[13:21:01.994] [SEVERE ] setting player 2 freeze to 1000
[13:21:02.405] [SEVERE ] updating countdown to 30000
[13:21:02.452] [SEVERE ] setting player 1 freeze to 0
[13:21:02.502] [SEVERE ] setting player 3 freeze to 2000
[13:21:02.774] [SEVERE ] removing player 1 token from slot 0
[13:21:02.841] [SEVERE ] setting player 4 freeze to 1000
[13:21:02.889] [SEVERE ] removing player 1 token from slot 8
[13:21:03.003] [SEVERE ] setting player 2 freeze to 0
[13:21:03.004] [SEVERE ] player 1 placing token on slot 11
[13:21:03.111] [SEVERE ] player 1 placing token on slot 4
[13:21:03.111] [SEVERE ] setting player 1 freeze to 3000
[13:21:03.333] [SEVERE ] removing player 2 token from slot 6
[13:21:03.409] [SEVERE ] updating countdown to 29000
[13:21:03.441] [SEVERE ] player 2 placing token on slot 0
[13:21:03.441] [SEVERE ] setting player 2 freeze to 3000
[13:21:03.507] [SEVERE ] setting player 3 freeze to 1000
[13:21:03.856] [SEVERE ] setting player 4 freeze to 0
[13:21:04.122] [SEVERE ] setting player 1 freeze to 2000
[13:21:04.417] [SEVERE ] updating countdown to 28000
[13:21:04.448] [SEVERE ] setting player 2 freeze to 2000
[13:21:04.507] [SEVERE ] setting player 3 freeze to 0
[13:21:04.508] [SEVERE ] removing player 4 token from slot 10
[13:21:04.616] [SEVERE ] removing player 4 token from slot 4
[13:21:04.617] [SEVERE ] removing player 3 token from slot 3
[13:21:04.725] [SEVERE ] player 4 placing token on slot 2
[13:21:04.726] [SEVERE ] player 3 placing token on slot 11
[13:21:04.726] [SEVERE ] setting player 3 freeze to 3000
[13:21:04.833] [SEVERE ] removing player 4 token from slot 2
[13:21:04.935] [SEVERE ] player 4 placing token on slot 9
[13:21:05.044] [SEVERE ] player 4 placing token on slot 10
[13:21:05.044] [SEVERE ] setting player 4 freeze to 3000
[13:21:05.137] [SEVERE ] setting player 1 freeze to 1000
[13:21:05.430] [SEVERE ] updating countdown to 27000
[13:21:05.465] [SEVERE ] setting player 2 freeze to 1000
[13:21:05.735] [SEVERE ] setting player 3 freeze to 2000
[13:21:06.056] [SEVERE ] setting player 4 freeze to 2000
[13:21:06.150] [SEVERE ] setting player 1 freeze to 0
[13:21:06.439] [SEVERE ] updating countdown to 26000
[13:21:06.477] [SEVERE ] setting player 2 freeze to 0
[13:21:06.698] [SEVERE ] removing player 2 token from slot 7
[13:21:06.741] [SEVERE ] setting player 3 freeze to 1000
[13:21:06.805] [SEVERE ] player 2 placing token on slot 2
[13:21:06.805] [SEVERE ] setting player 2 freeze to 3000
[13:21:07.056] [SEVERE ] setting player 4 freeze to 1000
[13:21:07.441] [SEVERE ] updating countdown to 25000
[13:21:07.442] [SEVERE ] removing player 1 token from slot 3
[13:21:07.557] [SEVERE ] player 1 placing token on slot 8
[13:21:07.557] [SEVERE ] setting player 1 freeze to 3000
[13:21:07.752] [SEVERE ] setting player 3 freeze to 0
[13:21:07.814] [SEVERE ] setting player 2 freeze to 2000
[13:21:07.967] [SEVERE ] removing player 3 token from slot 11
[13:21:08.070] [SEVERE ] setting player 4 freeze to 0
[13:21:08.071] [SEVERE ] player 3 placing token on slot 4
[13:21:08.072] [SEVERE ] setting player 3 freeze to 3000
[13:21:08.287] [SEVERE ] removing player 4 token from slot 10
[13:21:08.391] [SEVERE ] player 4 placing token on slot 11
[13:21:08.391] [SEVERE ] setting player 4 freeze to 3000
[13:21:08.450] [SEVERE ] updating countdown to 24000
[13:21:08.562] [SEVERE ] setting player 1 freeze to 2000
[13:21:08.821] [SEVERE ] setting player 2 freeze to 1000
[13:21:09.073] [SEVERE ] setting player 3 freeze to 2000
[13:21:09.396] [SEVERE ] setting player 4 freeze to 2000
[13:21:09.455] [SEVERE ] updating countdown to 23000
[13:21:09.570] [SEVERE ] setting player 1 freeze to 1000
[13:21:09.829] [SEVERE ] setting player 2 freeze to 0
[13:21:10.075] [SEVERE ] setting player 3 freeze to 1000
[13:21:10.398] [SEVERE ] setting player 4 freeze to 1000
[13:21:10.470] [SEVERE ] updating countdown to 22000
[13:21:10.471] [SEVERE ] removing player 2 token from slot 11
[13:21:10.584] [SEVERE ] setting player 1 freeze to 0
[13:21:10.585] [SEVERE ] player 2 placing token on slot 4
[13:21:10.585] [SEVERE ] setting player 2 freeze to 3000
[13:21:10.792] [SEVERE ] removing player 1 token from slot 4
[13:21:10.903] [SEVERE ] player 1 placing token on slot 9
[13:21:10.903] [SEVERE ] setting player 1 freeze to 3000
[13:21:11.087] [SEVERE ] setting player 3 freeze to 0
[13:21:11.294] [SEVERE ] removing player 3 token from slot 7
[13:21:11.400] [SEVERE ] setting player 4 freeze to 0
[13:21:11.400] [SEVERE ] player 3 placing token on slot 3
[13:21:11.400] [SEVERE ] setting player 3 freeze to 3000
[13:21:11.472] [SEVERE ] updating countdown to 21000
[13:21:11.595] [SEVERE ] setting player 2 freeze to 2000
[13:21:11.611] [SEVERE ] removing player 4 token from slot 9
[13:21:11.716] [SEVERE ] removing player 4 token from slot 11
[13:21:11.822] [SEVERE ] player 4 placing token on slot 9
[13:21:11.906] [SEVERE ] setting player 1 freeze to 2000
[13:21:11.924] [SEVERE ] player 4 placing token on slot 4
[13:21:11.926] [SEVERE ] setting player 4 freeze to 3000
[13:21:12.416] [SEVERE ] setting player 3 freeze to 2000
[13:21:12.485] [SEVERE ] updating countdown to 20000
[13:21:12.609] [SEVERE ] setting player 2 freeze to 1000
[13:21:12.915] [SEVERE ] setting player 1 freeze to 1000
[13:21:12.931] [SEVERE ] setting player 4 freeze to 2000
[13:21:13.416] [SEVERE ] setting player 3 freeze to 1000
[13:21:13.499] [SEVERE ] updating countdown to 19000
[13:21:13.611] [SEVERE ] setting player 2 freeze to 0
[13:21:13.722] [SEVERE ] removing player 2 token from slot 4
[13:21:13.835] [SEVERE ] player 2 placing token on slot 5
[13:21:13.835] [SEVERE ] setting player 2 freeze to 3000
[13:21:13.927] [SEVERE ] setting player 1 freeze to 0
[13:21:13.942] [SEVERE ] setting player 4 freeze to 1000
[13:21:14.430] [SEVERE ] setting player 3 freeze to 0
[13:21:14.503] [SEVERE ] updating countdown to 18000
[13:21:14.820] [SEVERE ] removing player 1 token from slot 8
[13:21:14.839] [SEVERE ] setting player 2 freeze to 2000
[13:21:14.934] [SEVERE ] player 1 placing token on slot 5
[13:21:14.934] [SEVERE ] setting player 1 freeze to 3000
[13:21:14.948] [SEVERE ] setting player 4 freeze to 0
[13:21:15.172] [SEVERE ] removing player 4 token from slot 8
[13:21:15.285] [SEVERE ] player 4 placing token on slot 1
[13:21:15.285] [SEVERE ] setting player 4 freeze to 3000
[13:21:15.506] [SEVERE ] updating countdown to 17000
[13:21:15.740] [SEVERE ] removing player 3 token from slot 4
[13:21:15.856] [SEVERE ] setting player 2 freeze to 1000
[13:21:15.857] [SEVERE ] player 3 placing token on slot 10
[13:21:15.857] [SEVERE ] setting player 3 freeze to 3000
[13:21:15.936] [SEVERE ] setting player 1 freeze to 2000
[13:21:16.290] [SEVERE ] setting player 4 freeze to 2000
[13:21:16.515] [SEVERE ] updating countdown to 16000
[13:21:16.864] [SEVERE ] setting player 3 freeze to 2000
[13:21:16.864] [SEVERE ] setting player 2 freeze to 0
[13:21:16.938] [SEVERE ] setting player 1 freeze to 1000
[13:21:17.304] [SEVERE ] setting player 4 freeze to 1000
[13:21:17.527] [SEVERE ] updating countdown to 15000
[13:21:17.636] [SEVERE ] removing player 2 token from slot 5
[13:21:17.743] [SEVERE ] player 2 placing token on slot 6
[13:21:17.743] [SEVERE ] setting player 2 freeze to 3000
[13:21:17.871] [SEVERE ] setting player 3 freeze to 1000
[13:21:17.948] [SEVERE ] setting player 1 freeze to 0
[13:21:18.160] [SEVERE ] removing player 1 token from slot 5
[13:21:18.271] [SEVERE ] player 1 placing token on slot 1
[13:21:18.272] [SEVERE ] setting player 1 freeze to 3000
[13:21:18.304] [SEVERE ] setting player 4 freeze to 0
[13:21:18.533] [SEVERE ] updating countdown to 14000
[13:21:18.534] [SEVERE ] removing player 4 token from slot 1
[13:21:18.637] [SEVERE ] player 4 placing token on slot 3
[13:21:18.637] [SEVERE ] setting player 4 freeze to 3000
[13:21:18.745] [SEVERE ] setting player 2 freeze to 2000
[13:21:18.875] [SEVERE ] setting player 3 freeze to 0
[13:21:19.286] [SEVERE ] setting player 1 freeze to 2000
[13:21:19.541] [SEVERE ] updating countdown to 13000
[13:21:19.637] [SEVERE ] setting player 4 freeze to 2000
[13:21:19.753] [SEVERE ] setting player 2 freeze to 1000
[13:21:19.770] [SEVERE ] removing player 3 token from slot 1
[13:21:19.872] [SEVERE ] player 3 placing token on slot 1
[13:21:19.872] [SEVERE ] setting player 3 freeze to 3000
[13:21:20.293] [SEVERE ] setting player 1 freeze to 1000
[13:21:20.552] [SEVERE ] updating countdown to 12000
[13:21:20.652] [SEVERE ] setting player 4 freeze to 1000
[13:21:20.762] [SEVERE ] setting player 2 freeze to 0
[13:21:20.877] [SEVERE ] setting player 3 freeze to 2000
[13:21:21.300] [SEVERE ] setting player 1 freeze to 0
[13:21:21.554] [SEVERE ] updating countdown to 11000
[13:21:21.645] [SEVERE ] removing player 2 token from slot 6
[13:21:21.655] [SEVERE ] setting player 4 freeze to 0
[13:21:21.755] [SEVERE ] player 2 placing token on slot 1
[13:21:21.755] [SEVERE ] setting player 2 freeze to 3000
[13:21:21.761] [SEVERE ] removing player 4 token from slot 9
[13:21:21.871] [SEVERE ] player 4 placing token on slot 9
[13:21:21.871] [SEVERE ] setting player 4 freeze to 3000
[13:21:21.886] [SEVERE ] setting player 3 freeze to 1000
[13:21:22.055] [SEVERE ] removing player 1 token from slot 11
[13:21:22.170] [SEVERE ] player 1 placing token on slot 3
[13:21:22.171] [SEVERE ] setting player 1 freeze to 3000
[13:21:22.565] [SEVERE ] updating countdown to 10000
[13:21:22.768] [SEVERE ] setting player 2 freeze to 2000
[13:21:22.882] [SEVERE ] setting player 4 freeze to 2000
[13:21:22.898] [SEVERE ] setting player 3 freeze to 0
[13:21:23.007] [SEVERE ] removing player 3 token from slot 10
[13:21:23.121] [SEVERE ] player 3 placing token on slot 5
[13:21:23.121] [SEVERE ] setting player 3 freeze to 3000
[13:21:23.171] [SEVERE ] setting player 1 freeze to 2000
[13:21:23.569] [SEVERE ] updating countdown to 9000
[13:21:23.783] [SEVERE ] setting player 2 freeze to 1000
[13:21:23.884] [SEVERE ] setting player 4 freeze to 1000
[13:21:24.123] [SEVERE ] setting player 3 freeze to 2000
[13:21:24.178] [SEVERE ] setting player 1 freeze to 1000
[13:21:24.579] [SEVERE ] updating countdown to 8000
[13:21:24.783] [SEVERE ] setting player 2 freeze to 0
[13:21:24.886] [SEVERE ] setting player 4 freeze to 0
[13:21:25.106] [SEVERE ] removing player 4 token from slot 3
[13:21:25.136] [SEVERE ] setting player 3 freeze to 1000
[13:21:25.183] [SEVERE ] setting player 1 freeze to 0
[13:21:25.214] [SEVERE ] player 4 placing token on slot 2
[13:21:25.214] [SEVERE ] setting player 4 freeze to 3000
[13:21:25.420] [SEVERE ] removing player 2 token from slot 2
[13:21:25.495] [SEVERE ] removing player 1 token from slot 9
[13:21:25.523] [SEVERE ] player 2 placing token on slot 5
[13:21:25.524] [SEVERE ] setting player 2 freeze to 3000
[13:21:25.588] [SEVERE ] updating countdown to 7000
[13:21:25.612] [SEVERE ] player 1 placing token on slot 10
[13:21:25.612] [SEVERE ] setting player 1 freeze to 3000
[13:21:26.147] [SEVERE ] setting player 3 freeze to 0
[13:21:26.225] [SEVERE ] setting player 4 freeze to 2000
[13:21:26.539] [SEVERE ] setting player 2 freeze to 2000
[13:21:26.602] [SEVERE ] updating countdown to 6000
[13:21:26.617] [SEVERE ] setting player 1 freeze to 2000
[13:21:26.686] [SEVERE ] removing player 3 token from slot 1
[13:21:26.789] [SEVERE ] player 3 placing token on slot 6
[13:21:26.790] [SEVERE ] setting player 3 freeze to 3000
[13:21:27.236] [SEVERE ] setting player 4 freeze to 1000
[13:21:27.551] [SEVERE ] setting player 2 freeze to 1000
[13:21:27.617] [SEVERE ] updating countdown to 5000
[13:21:27.633] [SEVERE ] setting player 1 freeze to 1000
[13:21:27.791] [SEVERE ] setting player 3 freeze to 2000
[13:21:28.242] [SEVERE ] setting player 4 freeze to 0
[13:21:28.462] [SEVERE ] removing player 4 token from slot 9
[13:21:28.559] [SEVERE ] setting player 2 freeze to 0
[13:21:28.575] [SEVERE ] player 4 placing token on slot 8
[13:21:28.576] [SEVERE ] setting player 4 freeze to 3000
[13:21:28.619] [SEVERE ] updating countdown to 4000
[13:21:28.635] [SEVERE ] setting player 1 freeze to 0
[13:21:28.663] [SEVERE ] removing player 2 token from slot 1
[13:21:28.777] [SEVERE ] player 2 placing token on slot 11
[13:21:28.777] [SEVERE ] setting player 2 freeze to 3000
[13:21:28.792] [SEVERE ] setting player 3 freeze to 1000
[13:21:29.189] [SEVERE ] removing player 1 token from slot 1
[13:21:29.304] [SEVERE ] removing player 1 token from slot 10
[13:21:29.421] [SEVERE ] player 1 placing token on slot 7
[13:21:29.525] [SEVERE ] removing player 1 token from slot 7
[13:21:29.585] [SEVERE ] setting player 4 freeze to 2000
[13:21:29.620] [SEVERE ] updating countdown to 3000
[13:21:29.636] [SEVERE ] player 1 placing token on slot 4
[13:21:29.753] [SEVERE ] player 1 placing token on slot 2
[13:21:29.753] [SEVERE ] setting player 1 freeze to 3000
[13:21:29.784] [SEVERE ] setting player 2 freeze to 2000
[13:21:29.799] [SEVERE ] setting player 3 freeze to 0
[13:21:29.900] [SEVERE ] removing player 3 token from slot 6
[13:21:30.002] [SEVERE ] player 3 placing token on slot 6
[13:21:30.002] [SEVERE ] setting player 3 freeze to 3000
[13:21:30.587] [SEVERE ] setting player 4 freeze to 1000
[13:21:30.633] [SEVERE ] updating countdown to 2000
[13:21:30.758] [SEVERE ] setting player 1 freeze to 2000
[13:21:30.795] [SEVERE ] setting player 2 freeze to 1000
[13:21:31.003] [SEVERE ] setting player 3 freeze to 2000
[13:21:31.600] [SEVERE ] setting player 4 freeze to 0
[13:21:31.637] [SEVERE ] updating countdown to 1000
[13:21:31.769] [SEVERE ] setting player 1 freeze to 1000
[13:21:31.800] [SEVERE ] setting player 2 freeze to 0
[13:21:31.902] [SEVERE ] removing player 2 token from slot 11
[13:21:32.007] [SEVERE ] setting player 3 freeze to 1000
[13:21:32.008] [SEVERE ] player 2 placing token on slot 10
[13:21:32.008] [SEVERE ] setting player 2 freeze to 3000
[13:21:32.024] [SEVERE ] removing player 4 token from slot 4
[13:21:32.133] [SEVERE ] removing player 4 token from slot 8
[13:21:32.237] [SEVERE ] player 4 placing token on slot 6
[13:21:32.353] [SEVERE ] player 4 placing token on slot 9
[13:21:32.353] [SEVERE ] setting player 4 freeze to 3000
[13:21:32.651] [SEVERE ] updating countdown to 0
[13:21:32.773] [SEVERE ] setting player 1 freeze to 0
[13:21:33.016] [SEVERE ] setting player 3 freeze to 0
[13:21:33.016] [SEVERE ] setting player 2 freeze to 2000
[13:21:33.354] [SEVERE ] setting player 4 freeze to 2000
[13:21:33.437] [SEVERE ] removing player 1 token from slot 3
[13:21:33.542] [SEVERE ] player 1 placing token on slot 5
[13:21:33.542] [SEVERE ] setting player 1 freeze to 3000
[13:21:33.557] [SEVERE ] removing player 3 token from slot 3
[13:21:33.665] [SEVERE ] removing player 1 token from slot 4
[13:21:33.665] [SEVERE ] removing player 1 token from slot 2
[13:21:33.665] [SEVERE ] removing player 1 token from slot 5
[13:21:33.665] [SEVERE ] removing player 2 token from slot 0
[13:21:33.665] [SEVERE ] removing player 2 token from slot 5
[13:21:33.665] [SEVERE ] removing player 2 token from slot 10
[13:21:33.665] [SEVERE ] removing player 3 token from slot 5
[13:21:33.665] [SEVERE ] removing player 3 token from slot 6
[13:21:33.666] [SEVERE ] removing player 4 token from slot 2
[13:21:33.666] [SEVERE ] removing player 4 token from slot 6
[13:21:33.666] [SEVERE ] removing player 4 token from slot 9
[13:21:33.770] [SEVERE ] removing card from slot 0
[13:21:33.884] [SEVERE ] removing card from slot 1
[13:21:33.985] [SEVERE ] removing card from slot 2
[13:21:34.017] [SEVERE ] setting player 2 freeze to 1000
[13:21:34.100] [SEVERE ] removing card from slot 3
[13:21:34.211] [SEVERE ] removing card from slot 4
[13:21:34.315] [SEVERE ] removing card from slot 5
[13:21:34.368] [SEVERE ] setting player 4 freeze to 1000
[13:21:34.423] [SEVERE ] removing card from slot 6
[13:21:34.528] [SEVERE ] removing card from slot 7
[13:21:34.544] [SEVERE ] setting player 1 freeze to 2000
[13:21:34.631] [SEVERE ] removing card from slot 8
[13:21:34.738] [SEVERE ] removing card from slot 9
[13:21:34.841] [SEVERE ] removing card from slot 10
[13:21:34.941] [SEVERE ] removing card from slot 11
[13:21:35.019] [SEVERE ] setting player 2 freeze to 0
[13:21:35.053] [SEVERE ] placing card 33 in slot 0
[13:21:35.165] [SEVERE ] placing card 45 in slot 1
[13:21:35.271] [SEVERE ] placing card 6 in slot 2
[13:21:35.369] [SEVERE ] setting player 4 freeze to 0
[13:21:35.384] [SEVERE ] placing card 19 in slot 3
[13:21:35.486] [SEVERE ] placing card 38 in slot 4
[13:21:35.549] [SEVERE ] setting player 1 freeze to 1000
[13:21:35.596] [SEVERE ] placing card 29 in slot 5
[13:21:35.697] [SEVERE ] placing card 61 in slot 6
[13:21:35.803] [SEVERE ] placing card 43 in slot 7
[13:21:35.919] [SEVERE ] placing card 46 in slot 8
[13:21:36.023] [SEVERE ] placing card 14 in slot 9
[13:21:36.135] [SEVERE ] placing card 11 in slot 10
[13:21:36.236] [SEVERE ] placing card 67 in slot 11
[13:21:36.236] [SEVERE ] updating countdown to 60000
[13:21:36.237] [SEVERE ] player 3 placing token on slot 1
[13:21:36.319] [SEVERE ] player 2 placing token on slot 2
[13:21:36.319] [SEVERE ] player 4 placing token on slot 10
[13:21:36.351] [SEVERE ] player 3 placing token on slot 4
[13:21:36.421] [SEVERE ] player 2 placing token on slot 3
[13:21:36.439] [SEVERE ] player 4 placing token on slot 7
[13:21:36.454] [SEVERE ] removing player 3 token from slot 1
[13:21:36.527] [SEVERE ] player 2 placing token on slot 11
[13:21:36.528] [SEVERE ] setting player 2 freeze to 3000
[13:21:36.543] [SEVERE ] player 4 placing token on slot 5
[13:21:36.544] [SEVERE ] setting player 4 freeze to 3000
[13:21:36.553] [SEVERE ] setting player 1 freeze to 0
[13:21:36.569] [SEVERE ] player 3 placing token on slot 3
[13:21:36.665] [SEVERE ] player 1 placing token on slot 5
[13:21:36.681] [SEVERE ] player 3 placing token on slot 11
[13:21:36.681] [SEVERE ] setting player 3 freeze to 3000
[13:21:36.772] [SEVERE ] player 1 placing token on slot 9
[13:21:36.877] [SEVERE ] removing player 1 token from slot 9
[13:21:36.982] [SEVERE ] removing player 1 token from slot 5
[13:21:37.084] [SEVERE ] player 1 placing token on slot 2
[13:21:37.187] [SEVERE ] player 1 placing token on slot 9
[13:21:37.249] [SEVERE ] updating countdown to 59000
[13:21:37.304] [SEVERE ] player 1 placing token on slot 3
[13:21:37.304] [SEVERE ] setting player 1 score to 1
[13:21:37.304] [SEVERE ] setting player 1 freeze to 1000
[13:21:37.537] [SEVERE ] setting player 2 freeze to 2000
[13:21:37.553] [SEVERE ] setting player 4 freeze to 2000
[13:21:37.697] [SEVERE ] setting player 3 freeze to 2000
[13:21:37.859] [SEVERE ] removing player 1 token from slot 3
[13:21:37.969] [SEVERE ] player 1 placing token on slot 6
[13:21:37.969] [SEVERE ] setting player 1 freeze to 3000
[13:21:38.319] [SEVERE ] setting player 1 freeze to 0
[13:21:38.319] [SEVERE ] setting player 2 freeze to 3000
[13:21:38.542] [SEVERE ] setting player 2 freeze to 1000
[13:21:38.558] [SEVERE ] setting player 4 freeze to 1000
[13:21:38.701] [SEVERE ] setting player 3 freeze to 1000
[13:21:38.973] [SEVERE ] setting player 1 freeze to 2000
[13:21:39.323] [SEVERE ] setting player 2 freeze to 2000
[13:21:39.551] [SEVERE ] setting player 2 freeze to 0
[13:21:39.567] [SEVERE ] setting player 4 freeze to 0
[13:21:39.711] [SEVERE ] setting player 3 freeze to 0
[13:21:39.824] [SEVERE ] removing player 3 token from slot 3
[13:21:39.888] [SEVERE ] removing player 2 token from slot 3
[13:21:39.935] [SEVERE ] player 3 placing token on slot 8
[13:21:39.935] [SEVERE ] setting player 3 freeze to 3000
[13:21:39.983] [SEVERE ] setting player 1 freeze to 1000
[13:21:40.000] [SEVERE ] removing player 2 token from slot 11
[13:21:40.111] [SEVERE ] player 2 placing token on slot 5
[13:21:40.222] [SEVERE ] player 2 placing token on slot 7
[13:21:40.222] [SEVERE ] setting player 2 freeze to 3000
[13:21:40.236] [SEVERE ] removing player 4 token from slot 10
[13:21:40.335] [SEVERE ] setting player 2 freeze to 1000
[13:21:40.351] [SEVERE ] player 4 placing token on slot 1
[13:21:40.351] [SEVERE ] setting player 4 freeze to 3000
[13:21:40.939] [SEVERE ] setting player 3 freeze to 2000
[13:21:40.987] [SEVERE ] setting player 1 freeze to 0
[13:21:41.227] [SEVERE ] setting player 2 freeze to 2000
[13:21:41.338] [SEVERE ] setting player 2 freeze to 0
[13:21:41.339] [SEVERE ] setting player 3 freeze to 3000
[13:21:41.354] [SEVERE ] setting player 4 freeze to 2000
[13:21:41.947] [SEVERE ] setting player 3 freeze to 1000
[13:21:42.107] [SEVERE ] removing player 1 token from slot 9
[13:21:42.219] [SEVERE ] player 1 placing token on slot 8
[13:21:42.220] [SEVERE ] setting player 1 freeze to 3000
[13:21:42.233] [SEVERE ] setting player 2 freeze to 1000
[13:21:42.345] [SEVERE ] setting player 3 freeze to 2000
[13:21:42.361] [SEVERE ] setting player 4 freeze to 1000
[13:21:42.953] [SEVERE ] setting player 3 freeze to 0
[13:21:43.064] [SEVERE ] removing player 3 token from slot 11
[13:21:43.175] [SEVERE ] player 3 placing token on slot 7
[13:21:43.175] [SEVERE ] setting player 3 freeze to 3000
[13:21:43.223] [SEVERE ] setting player 1 freeze to 2000
[13:21:43.239] [SEVERE ] setting player 2 freeze to 0
[13:21:43.351] [SEVERE ] setting player 3 freeze to 1000
[13:21:43.367] [SEVERE ] setting player 4 freeze to 0
[13:21:43.480] [SEVERE ] removing player 4 token from slot 1
[13:21:43.590] [SEVERE ] player 4 placing token on slot 3
[13:21:43.590] [SEVERE ] setting player 4 freeze to 3000
[13:21:43.795] [SEVERE ] removing player 2 token from slot 7
[13:21:43.907] [SEVERE ] player 2 placing token on slot 7
[13:21:43.907] [SEVERE ] setting player 2 freeze to 3000
[13:21:44.179] [SEVERE ] setting player 3 freeze to 2000
[13:21:44.226] [SEVERE ] setting player 1 freeze to 1000
[13:21:44.353] [SEVERE ] setting player 3 freeze to 0
[13:21:44.353] [SEVERE ] setting player 4 freeze to 3000
[13:21:44.593] [SEVERE ] setting player 4 freeze to 2000
[13:21:44.912] [SEVERE ] setting player 2 freeze to 2000
[13:21:45.183] [SEVERE ] setting player 3 freeze to 1000
[13:21:45.230] [SEVERE ] setting player 1 freeze to 0
[13:21:45.342] [SEVERE ] removing player 1 token from slot 6
[13:21:45.356] [SEVERE ] setting player 4 freeze to 2000
[13:21:45.451] [SEVERE ] player 1 placing token on slot 4
[13:21:45.451] [SEVERE ] setting player 1 freeze to 3000
[13:21:45.595] [SEVERE ] setting player 4 freeze to 1000
[13:21:45.915] [SEVERE ] setting player 2 freeze to 1000
[13:21:46.185] [SEVERE ] setting player 3 freeze to 0
[13:21:46.359] [SEVERE ] setting player 4 freeze to 1000
[13:21:46.409] [SEVERE ] removing player 3 token from slot 4
[13:21:46.455] [SEVERE ] setting player 1 freeze to 2000
[13:21:46.517] [SEVERE ] player 3 placing token on slot 1
[13:21:46.517] [SEVERE ] setting player 3 freeze to 3000
[13:21:46.597] [SEVERE ] setting player 4 freeze to 0
[13:21:46.916] [SEVERE ] setting player 2 freeze to 0
[13:21:47.043] [SEVERE ] removing player 4 token from slot 7
[13:21:47.155] [SEVERE ] player 4 placing token on slot 10
[13:21:47.155] [SEVERE ] setting player 4 freeze to 3000
[13:21:47.361] [SEVERE ] setting player 4 freeze to 0
[13:21:47.361] [SEVERE ] updating countdown to 58000
[13:21:47.457] [SEVERE ] setting player 1 freeze to 1000
[13:21:47.521] [SEVERE ] setting player 3 freeze to 2000
[13:21:47.806] [SEVERE ] removing player 2 token from slot 2
[13:21:47.917] [SEVERE ] player 2 placing token on slot 1
[13:21:47.917] [SEVERE ] setting player 2 freeze to 3000
[13:21:48.168] [SEVERE ] setting player 4 freeze to 2000
[13:21:48.372] [SEVERE ] updating countdown to 57000
[13:21:48.467] [SEVERE ] setting player 1 freeze to 0
[13:21:48.530] [SEVERE ] setting player 3 freeze to 1000
[13:21:48.687] [SEVERE ] removing player 1 token from slot 4
[13:21:48.797] [SEVERE ] player 1 placing token on slot 6
[13:21:48.797] [SEVERE ] setting player 1 freeze to 3000
[13:21:48.923] [SEVERE ] setting player 2 freeze to 2000
[13:21:49.174] [SEVERE ] setting player 4 freeze to 1000
[13:21:49.378] [SEVERE ] updating countdown to 56000
[13:21:49.536] [SEVERE ] setting player 3 freeze to 0
[13:21:49.756] [SEVERE ] removing player 3 token from slot 7
[13:21:49.803] [SEVERE ] setting player 1 freeze to 2000
[13:21:49.866] [SEVERE ] player 3 placing token on slot 10
[13:21:49.866] [SEVERE ] setting player 3 freeze to 3000
[13:21:49.930] [SEVERE ] setting player 2 freeze to 1000
[13:21:50.181] [SEVERE ] setting player 4 freeze to 0
[13:21:50.385] [SEVERE ] updating countdown to 55000
[13:21:50.730] [SEVERE ] removing player 4 token from slot 10
[13:21:50.808] [SEVERE ] setting player 1 freeze to 1000
[13:21:50.840] [SEVERE ] player 4 placing token on slot 11
[13:21:50.840] [SEVERE ] setting player 4 freeze to 3000
[13:21:50.872] [SEVERE ] setting player 3 freeze to 2000
[13:21:50.934] [SEVERE ] setting player 2 freeze to 0
[13:21:51.391] [SEVERE ] updating countdown to 54000
[13:21:51.596] [SEVERE ] removing player 2 token from slot 7
[13:21:51.706] [SEVERE ] removing player 2 token from slot 1
[13:21:51.816] [SEVERE ] setting player 1 freeze to 0
[13:21:51.816] [SEVERE ] player 2 placing token on slot 11
[13:21:51.848] [SEVERE ] setting player 4 freeze to 2000
[13:21:51.879] [SEVERE ] setting player 3 freeze to 1000
[13:21:51.926] [SEVERE ] removing player 1 token from slot 8
[13:21:51.926] [SEVERE ] player 2 placing token on slot 4
[13:21:51.926] [SEVERE ] setting player 2 freeze to 3000
[13:21:52.037] [SEVERE ] player 1 placing token on slot 4
[13:21:52.037] [SEVERE ] setting player 1 freeze to 3000
[13:21:52.399] [SEVERE ] updating countdown to 53000
[13:21:52.860] [SEVERE ] setting player 4 freeze to 1000
[13:21:52.891] [SEVERE ] setting player 3 freeze to 0
[13:21:52.938] [SEVERE ] setting player 2 freeze to 2000
[13:21:53.050] [SEVERE ] setting player 1 freeze to 2000
[13:21:53.112] [SEVERE ] removing player 3 token from slot 1
[13:21:53.223] [SEVERE ] player 3 placing token on slot 1
[13:21:53.223] [SEVERE ] setting player 3 freeze to 3000
[13:21:53.411] [SEVERE ] updating countdown to 52000
[13:21:53.873] [SEVERE ] setting player 4 freeze to 0
[13:21:53.952] [SEVERE ] setting player 2 freeze to 1000
[13:21:54.062] [SEVERE ] setting player 1 freeze to 1000
[13:21:54.094] [SEVERE ] removing player 4 token from slot 11
[13:21:54.203] [SEVERE ] player 4 placing token on slot 10
[13:21:54.203] [SEVERE ] setting player 4 freeze to 3000
[13:21:54.235] [SEVERE ] setting player 3 freeze to 2000
[13:21:54.427] [SEVERE ] updating countdown to 51000
[13:21:54.963] [SEVERE ] setting player 2 freeze to 0
[13:21:55.073] [SEVERE ] setting player 1 freeze to 0
[13:21:55.182] [SEVERE ] removing player 2 token from slot 11
[13:21:55.213] [SEVERE ] setting player 4 freeze to 2000
[13:21:55.245] [SEVERE ] setting player 3 freeze to 1000
[13:21:55.292] [SEVERE ] player 2 placing token on slot 8
[13:21:55.292] [SEVERE ] setting player 2 freeze to 3000
[13:21:55.433] [SEVERE ] updating countdown to 50000
[13:21:55.622] [SEVERE ] removing player 1 token from slot 2
[13:21:55.732] [SEVERE ] player 1 placing token on slot 8
[13:21:55.732] [SEVERE ] setting player 1 freeze to 3000
[13:21:56.219] [SEVERE ] setting player 4 freeze to 1000
[13:21:56.250] [SEVERE ] setting player 3 freeze to 0
[13:21:56.297] [SEVERE ] setting player 2 freeze to 2000
[13:21:56.438] [SEVERE ] updating countdown to 49000
[13:21:56.736] [SEVERE ] setting player 1 freeze to 2000
[13:21:57.021] [SEVERE ] removing player 3 token from slot 10
[13:21:57.131] [SEVERE ] removing player 3 token from slot 1
[13:21:57.225] [SEVERE ] setting player 4 freeze to 0
[13:21:57.241] [SEVERE ] player 3 placing token on slot 4
[13:21:57.304] [SEVERE ] setting player 2 freeze to 1000
[13:21:57.350] [SEVERE ] removing player 3 token from slot 4
[13:21:57.445] [SEVERE ] updating countdown to 48000
[13:21:57.445] [SEVERE ] removing player 4 token from slot 3
[13:21:57.460] [SEVERE ] player 3 placing token on slot 4
[13:21:57.554] [SEVERE ] removing player 4 token from slot 5
[13:21:57.570] [SEVERE ] player 3 placing token on slot 11
[13:21:57.570] [SEVERE ] setting player 3 freeze to 3000
[13:21:57.664] [SEVERE ] player 4 placing token on slot 8
[13:21:57.743] [SEVERE ] setting player 1 freeze to 1000
[13:21:57.774] [SEVERE ] removing player 4 token from slot 10
[13:21:57.884] [SEVERE ] player 4 placing token on slot 6
[13:21:57.994] [SEVERE ] player 4 placing token on slot 0
[13:21:57.994] [SEVERE ] setting player 4 freeze to 3000
[13:21:58.309] [SEVERE ] setting player 2 freeze to 0
[13:21:58.450] [SEVERE ] updating countdown to 47000
[13:21:58.576] [SEVERE ] setting player 3 freeze to 2000
[13:21:58.749] [SEVERE ] setting player 1 freeze to 0
[13:21:58.859] [SEVERE ] removing player 1 token from slot 6
[13:21:58.859] [SEVERE ] removing player 2 token from slot 5
[13:21:58.969] [SEVERE ] player 2 placing token on slot 6
[13:21:58.969] [SEVERE ] setting player 2 freeze to 3000
[13:21:58.969] [SEVERE ] removing player 1 token from slot 4
[13:21:59.000] [SEVERE ] setting player 4 freeze to 2000
[13:21:59.080] [SEVERE ] player 1 placing token on slot 10
[13:21:59.190] [SEVERE ] player 1 placing token on slot 9
[13:21:59.190] [SEVERE ] setting player 1 freeze to 3000
[13:21:59.456] [SEVERE ] updating countdown to 46000
[13:21:59.582] [SEVERE ] setting player 3 freeze to 1000
[13:21:59.974] [SEVERE ] setting player 2 freeze to 2000
[13:22:00.006] [SEVERE ] setting player 4 freeze to 1000
[13:22:00.195] [SEVERE ] setting player 1 freeze to 2000
[13:22:00.461] [SEVERE ] updating countdown to 45000
[13:22:00.588] [SEVERE ] setting player 3 freeze to 0
[13:22:00.809] [SEVERE ] removing player 3 token from slot 11
[13:22:00.919] [SEVERE ] player 3 placing token on slot 0
[13:22:00.919] [SEVERE ] setting player 3 freeze to 3000
[13:22:00.982] [SEVERE ] setting player 2 freeze to 1000
[13:22:01.014] [SEVERE ] setting player 4 freeze to 0
[13:22:01.203] [SEVERE ] setting player 1 freeze to 1000
[13:22:01.344] [SEVERE ] removing player 4 token from slot 0
[13:22:01.453] [SEVERE ] player 4 placing token on slot 4
[13:22:01.453] [SEVERE ] setting player 4 freeze to 3000
[13:22:01.469] [SEVERE ] updating countdown to 44000
[13:22:01.925] [SEVERE ] setting player 3 freeze to 2000
[13:22:01.988] [SEVERE ] setting player 2 freeze to 0
[13:22:02.208] [SEVERE ] setting player 1 freeze to 0
[13:22:02.460] [SEVERE ] setting player 4 freeze to 2000
[13:22:02.475] [SEVERE ] updating countdown to 43000
[13:22:02.538] [SEVERE ] removing player 1 token from slot 9
[13:22:02.648] [SEVERE ] player 1 placing token on slot 3
[13:22:02.648] [SEVERE ] setting player 1 freeze to 3000
[13:22:02.931] [SEVERE ] setting player 3 freeze to 1000
[13:22:03.197] [SEVERE ] removing player 2 token from slot 8
[13:22:03.308] [SEVERE ] player 2 placing token on slot 10
[13:22:03.308] [SEVERE ] setting player 2 freeze to 3000
[13:22:03.465] [SEVERE ] setting player 4 freeze to 1000
[13:22:03.481] [SEVERE ] updating countdown to 42000
[13:22:03.653] [SEVERE ] setting player 1 freeze to 2000
[13:22:03.935] [SEVERE ] setting player 3 freeze to 0
[13:22:04.048] [SEVERE ] removing player 3 token from slot 0
[13:22:04.158] [SEVERE ] player 3 placing token on slot 9
[13:22:04.158] [SEVERE ] setting player 3 freeze to 3000
[13:22:04.315] [SEVERE ] setting player 2 freeze to 2000
[13:22:04.473] [SEVERE ] setting player 4 freeze to 0
[13:22:04.488] [SEVERE ] updating countdown to 41000
[13:22:04.661] [SEVERE ] setting player 1 freeze to 1000
[13:22:05.163] [SEVERE ] setting player 3 freeze to 2000
[13:22:05.241] [SEVERE ] removing player 4 token from slot 4
[13:22:05.319] [SEVERE ] setting player 2 freeze to 1000
[13:22:05.350] [SEVERE ] player 4 placing token on slot 0
[13:22:05.350] [SEVERE ] setting player 4 freeze to 3000
[13:22:05.492] [SEVERE ] updating countdown to 40000
[13:22:05.664] [SEVERE ] setting player 1 freeze to 0
[13:22:05.993] [SEVERE ] removing player 1 token from slot 3
[13:22:06.103] [SEVERE ] player 1 placing token on slot 4
[13:22:06.103] [SEVERE ] setting player 1 freeze to 3000
[13:22:06.166] [SEVERE ] setting player 3 freeze to 1000
[13:22:06.323] [SEVERE ] setting player 2 freeze to 0
[13:22:06.354] [SEVERE ] setting player 4 freeze to 2000
[13:22:06.433] [SEVERE ] removing player 2 token from slot 6
[13:22:06.496] [SEVERE ] updating countdown to 39000
[13:22:06.542] [SEVERE ] player 2 placing token on slot 5
[13:22:06.542] [SEVERE ] setting player 2 freeze to 3000
[13:22:07.105] [SEVERE ] setting player 1 freeze to 2000
[13:22:07.173] [SEVERE ] setting player 3 freeze to 0
[13:22:07.362] [SEVERE ] setting player 4 freeze to 1000
[13:22:07.393] [SEVERE ] removing player 3 token from slot 4
[13:22:07.503] [SEVERE ] updating countdown to 38000
[13:22:07.503] [SEVERE ] removing player 3 token from slot 9
[13:22:07.550] [SEVERE ] setting player 2 freeze to 2000
[13:22:07.612] [SEVERE ] player 3 placing token on slot 5
[13:22:07.722] [SEVERE ] player 3 placing token on slot 9
[13:22:07.722] [SEVERE ] setting player 3 freeze to 3000
[13:22:08.114] [SEVERE ] setting player 1 freeze to 1000
[13:22:08.365] [SEVERE ] setting player 4 freeze to 0
[13:22:08.506] [SEVERE ] updating countdown to 37000
[13:22:08.553] [SEVERE ] setting player 2 freeze to 1000
[13:22:08.585] [SEVERE ] removing player 4 token from slot 8
[13:22:08.695] [SEVERE ] player 4 placing token on slot 7
[13:22:08.695] [SEVERE ] setting player 4 freeze to 3000
[13:22:08.726] [SEVERE ] setting player 3 freeze to 2000
[13:22:09.118] [SEVERE ] setting player 1 freeze to 0
[13:22:09.337] [SEVERE ] removing player 1 token from slot 4
[13:22:09.447] [SEVERE ] player 1 placing token on slot 3
[13:22:09.447] [SEVERE ] setting player 1 freeze to 3000
[13:22:09.510] [SEVERE ] updating countdown to 36000
[13:22:09.557] [SEVERE ] setting player 2 freeze to 0
[13:22:09.698] [SEVERE ] setting player 4 freeze to 2000
[13:22:09.730] [SEVERE ] setting player 3 freeze to 1000
[13:22:09.888] [SEVERE ] removing player 2 token from slot 10
[13:22:09.998] [SEVERE ] player 2 placing token on slot 11
[13:22:09.998] [SEVERE ] setting player 2 freeze to 3000
[13:22:10.454] [SEVERE ] setting player 1 freeze to 2000
[13:22:10.517] [SEVERE ] updating countdown to 35000
[13:22:10.705] [SEVERE ] setting player 4 freeze to 1000
[13:22:10.737] [SEVERE ] setting player 3 freeze to 0
[13:22:10.957] [SEVERE ] removing player 3 token from slot 9
[13:22:11.004] [SEVERE ] setting player 2 freeze to 2000
[13:22:11.066] [SEVERE ] player 3 placing token on slot 1
[13:22:11.066] [SEVERE ] setting player 3 freeze to 3000
[13:22:11.459] [SEVERE ] setting player 1 freeze to 1000
[13:22:11.522] [SEVERE ] updating countdown to 34000
[13:22:11.710] [SEVERE ] setting player 4 freeze to 0
[13:22:12.014] [SEVERE ] setting player 2 freeze to 1000
[13:22:12.046] [SEVERE ] removing player 4 token from slot 7
[13:22:12.078] [SEVERE ] setting player 3 freeze to 2000
[13:22:12.156] [SEVERE ] player 4 placing token on slot 9
[13:22:12.156] [SEVERE ] setting player 4 freeze to 3000
[13:22:12.471] [SEVERE ] setting player 1 freeze to 0
[13:22:12.533] [SEVERE ] updating countdown to 33000
[13:22:12.910] [SEVERE ] removing player 1 token from slot 8
[13:22:13.019] [SEVERE ] setting player 2 freeze to 0
[13:22:13.019] [SEVERE ] removing player 1 token from slot 3
[13:22:13.082] [SEVERE ] setting player 3 freeze to 1000
[13:22:13.129] [SEVERE ] player 1 placing token on slot 7
[13:22:13.129] [SEVERE ] removing player 2 token from slot 11
[13:22:13.161] [SEVERE ] setting player 4 freeze to 2000
[13:22:13.239] [SEVERE ] player 1 placing token on slot 0
[13:22:13.239] [SEVERE ] setting player 1 freeze to 3000
[13:22:13.239] [SEVERE ] player 2 placing token on slot 9
[13:22:13.239] [SEVERE ] setting player 2 freeze to 3000
[13:22:13.537] [SEVERE ] updating countdown to 32000
[13:22:14.095] [SEVERE ] setting player 3 freeze to 0
[13:22:14.174] [SEVERE ] setting player 4 freeze to 1000
[13:22:14.253] [SEVERE ] setting player 2 freeze to 2000
[13:22:14.253] [SEVERE ] setting player 1 freeze to 2000
[13:22:14.536] [SEVERE ] removing player 3 token from slot 1
[13:22:14.551] [SEVERE ] updating countdown to 31000
[13:22:14.645] [SEVERE ] player 3 placing token on slot 9
[13:22:14.645] [SEVERE ] setting player 3 freeze to 3000
[13:22:15.176] [SEVERE ] setting player 4 freeze to 0
[13:22:15.254] [SEVERE ] setting player 2 freeze to 1000
[13:22:15.254] [SEVERE ] setting player 1 freeze to 1000
[13:22:15.567] [SEVERE ] updating countdown to 30000
[13:22:15.645] [SEVERE ] setting player 3 freeze to 2000
[13:22:15.724] [SEVERE ] removing player 4 token from slot 0
[13:22:15.833] [SEVERE ] player 4 placing token on slot 7
[13:22:15.833] [SEVERE ] setting player 4 freeze to 3000
[13:22:16.257] [SEVERE ] setting player 1 freeze to 0
[13:22:16.257] [SEVERE ] setting player 2 freeze to 0
[13:22:16.572] [SEVERE ] updating countdown to 29000
[13:22:16.651] [SEVERE ] setting player 3 freeze to 1000
[13:22:16.840] [SEVERE ] setting player 4 freeze to 2000
[13:22:16.919] [SEVERE ] removing player 2 token from slot 5
[13:22:17.029] [SEVERE ] player 2 placing token on slot 3
[13:22:17.029] [SEVERE ] setting player 2 freeze to 3000
[13:22:17.578] [SEVERE ] updating countdown to 28000
[13:22:17.657] [SEVERE ] setting player 3 freeze to 0
[13:22:17.845] [SEVERE ] setting player 4 freeze to 1000
[13:22:18.034] [SEVERE ] setting player 2 freeze to 2000
[13:22:18.128] [SEVERE ] removing player 1 token from slot 7
[13:22:18.238] [SEVERE ] player 1 placing token on slot 8
[13:22:18.238] [SEVERE ] setting player 1 freeze to 3000
[13:22:18.317] [SEVERE ] removing player 3 token from slot 9
[13:22:18.427] [SEVERE ] player 3 placing token on slot 2
[13:22:18.427] [SEVERE ] setting player 3 freeze to 3000
[13:22:18.584] [SEVERE ] updating countdown to 27000
[13:22:18.851] [SEVERE ] setting player 4 freeze to 0
[13:22:18.960] [SEVERE ] removing player 4 token from slot 9
[13:22:19.039] [SEVERE ] setting player 2 freeze to 1000
[13:22:19.070] [SEVERE ] player 4 placing token on slot 9
[13:22:19.070] [SEVERE ] setting player 4 freeze to 3000
[13:22:19.244] [SEVERE ] setting player 1 freeze to 2000
[13:22:19.431] [SEVERE ] setting player 3 freeze to 2000
[13:22:19.587] [SEVERE ] updating countdown to 26000
[13:22:20.043] [SEVERE ] setting player 2 freeze to 0
[13:22:20.075] [SEVERE ] setting player 4 freeze to 2000
[13:22:20.248] [SEVERE ] setting player 1 freeze to 1000
[13:22:20.374] [SEVERE ] removing player 2 token from slot 3
[13:22:20.446] [SEVERE ] setting player 3 freeze to 1000
[13:22:20.481] [SEVERE ] player 2 placing token on slot 6
[13:22:20.481] [SEVERE ] setting player 2 freeze to 3000
[13:22:20.592] [SEVERE ] updating countdown to 25000
[13:22:21.090] [SEVERE ] setting player 4 freeze to 1000
[13:22:21.262] [SEVERE ] setting player 1 freeze to 0
[13:22:21.451] [SEVERE ] setting player 3 freeze to 0
