[11:53:28.757] [INFO   ] thread main starting.
[11:53:28.757] [SEVERE ] cannot read configuration file config.properties trying from resources.
[11:53:28.770] [SEVERE ] configuration file was loaded from resources directory.
[11:53:29.398] [INFO   ] thread dealer starting.
[11:53:29.398] [INFO   ] thread player 0 starting.
[11:53:29.400] [INFO   ] thread player 1 starting.
[11:53:29.400] [INFO   ] thread player 0 starting.
[11:53:29.416] [INFO   ] thread player 1 starting.
[11:53:29.400] [INFO   ] thread player 2 starting.
[11:53:29.419] [INFO   ] thread computer-0 starting.
[11:53:29.419] [INFO   ] thread player 2 starting.
[11:53:29.419] [INFO   ] thread player 3 starting.
[11:53:29.420] [INFO   ] thread computer-1 starting.
[11:53:29.422] [INFO   ] thread computer-2 starting.
[11:53:29.423] [INFO   ] thread dealer starting.
[11:53:29.423] [INFO   ] thread player 3 starting.
[11:53:29.424] [INFO   ] thread computer-3 starting.
[11:53:29.537] [SEVERE ] placing card 30 in slot 0
[11:53:29.652] [SEVERE ] placing card 19 in slot 1
[11:53:29.756] [SEVERE ] placing card 4 in slot 2
[11:53:29.869] [SEVERE ] placing card 9 in slot 3
[11:53:29.970] [SEVERE ] placing card 73 in slot 4
[11:53:30.073] [SEVERE ] placing card 47 in slot 5
[11:53:30.187] [SEVERE ] placing card 66 in slot 6
[11:53:30.303] [SEVERE ] placing card 70 in slot 7
[11:53:30.404] [SEVERE ] placing card 52 in slot 8
[11:53:30.505] [SEVERE ] placing card 8 in slot 9
[11:53:30.612] [SEVERE ] placing card 29 in slot 10
[11:53:30.720] [SEVERE ] placing card 53 in slot 11
[11:53:31.736] [SEVERE ] updating countdown to 59000
[11:53:32.753] [SEVERE ] updating countdown to 58000
[11:53:33.770] [SEVERE ] updating countdown to 57000
[11:53:34.786] [SEVERE ] updating countdown to 56000
[11:53:35.802] [SEVERE ] updating countdown to 55000
[11:53:36.818] [SEVERE ] updating countdown to 54000
[11:53:37.820] [SEVERE ] updating countdown to 53000
[11:53:38.828] [SEVERE ] updating countdown to 52000
[11:53:39.839] [SEVERE ] updating countdown to 51000
[11:53:40.840] [SEVERE ] updating countdown to 50000
[11:53:41.852] [SEVERE ] updating countdown to 49000
