[19:53:51.967] [INFO   ] thread main starting.
[19:53:51.977] [SEVERE ] cannot read configuration file config.properties trying from resources.
[19:53:51.979] [SEVERE ] configuration file was loaded from resources directory.
[19:53:52.585] [INFO   ] thread dealer starting.
[19:53:52.588] [INFO   ] thread player 0 starting.
[19:53:52.588] [INFO   ] thread player 1 starting.
[19:53:52.589] [INFO   ] thread dealer starting.
[19:53:52.608] [INFO   ] thread player 1 starting.
[19:53:52.608] [INFO   ] thread player 0 starting.
[19:53:52.732] [SEVERE ] placing card 20 in slot 0
[19:53:52.841] [SEVERE ] placing card 32 in slot 1
[19:53:52.950] [SEVERE ] placing card 23 in slot 2
[19:53:53.060] [SEVERE ] placing card 39 in slot 3
[19:53:53.169] [SEVERE ] placing card 24 in slot 4
[19:53:53.277] [SEVERE ] placing card 77 in slot 5
[19:53:53.385] [SEVERE ] placing card 73 in slot 6
[19:53:53.492] [SEVERE ] placing card 35 in slot 7
[19:53:53.601] [SEVERE ] placing card 7 in slot 8
[19:53:53.711] [SEVERE ] placing card 5 in slot 9
[19:53:53.820] [SEVERE ] placing card 28 in slot 10
[19:53:53.928] [SEVERE ] placing card 41 in slot 11
[19:53:54.936] [SEVERE ] updating countdown to 59000
[19:53:55.941] [SEVERE ] updating countdown to 58000
[19:53:56.953] [SEVERE ] updating countdown to 57000
[19:53:57.967] [SEVERE ] updating countdown to 56000
[19:53:58.975] [SEVERE ] updating countdown to 55000
[19:53:59.989] [SEVERE ] updating countdown to 54000
[19:54:00.994] [SEVERE ] updating countdown to 53000
[19:54:02.010] [SEVERE ] updating countdown to 52000
[19:54:03.022] [SEVERE ] updating countdown to 51000
[19:54:04.031] [SEVERE ] updating countdown to 50000
[19:54:05.041] [SEVERE ] updating countdown to 49000
[19:54:05.539] [SEVERE ] key 81 was pressed by player 1
[19:54:05.539] [SEVERE ] player 1 placing token on slot 0
[19:54:05.873] [SEVERE ] key 87 was pressed by player 1
[19:54:05.873] [SEVERE ] player 1 placing token on slot 1
[19:54:06.048] [SEVERE ] updating countdown to 48000
[19:54:06.284] [SEVERE ] key 69 was pressed by player 1
[19:54:06.284] [SEVERE ] player 1 placing token on slot 2
[19:54:06.285] [SEVERE ] setting player 1 freeze to 3000
[19:54:06.689] [SEVERE ] key 69 was pressed by player 1
[19:54:06.848] [SEVERE ] key 69 was pressed by player 1
[19:54:06.984] [SEVERE ] key 69 was pressed by player 1
[19:54:07.060] [SEVERE ] updating countdown to 47000
[19:54:07.122] [SEVERE ] key 69 was pressed by player 1
[19:54:07.296] [SEVERE ] setting player 1 freeze to 2000
[19:54:08.072] [SEVERE ] updating countdown to 46000
[19:54:08.304] [SEVERE ] setting player 1 freeze to 1000
[19:54:09.087] [SEVERE ] updating countdown to 45000
[19:54:09.319] [SEVERE ] setting player 1 freeze to 0
[19:54:09.319] [SEVERE ] removing player 1 token from slot 2
[19:54:09.319] [SEVERE ] player 1 placing token on slot 2
[19:54:09.319] [SEVERE ] setting player 1 freeze to 3000
[19:54:09.319] [SEVERE ] key 69 was pressed by player 1
[19:54:09.322] [SEVERE ] key 69 was pressed by player 1
[19:54:10.099] [SEVERE ] updating countdown to 44000
[19:54:10.331] [SEVERE ] setting player 1 freeze to 2000
[19:54:11.109] [SEVERE ] updating countdown to 43000
[19:54:11.342] [SEVERE ] setting player 1 freeze to 1000
[19:54:12.121] [SEVERE ] updating countdown to 42000
[19:54:12.354] [SEVERE ] setting player 1 freeze to 0
[19:54:12.354] [SEVERE ] removing player 1 token from slot 2
[19:54:12.354] [SEVERE ] player 1 placing token on slot 2
[19:54:12.354] [SEVERE ] key 69 was pressed by player 1
[19:54:12.354] [SEVERE ] setting player 1 freeze to 3000
[19:54:12.355] [SEVERE ] key 69 was pressed by player 1
[19:54:13.131] [SEVERE ] updating countdown to 41000
[19:54:13.365] [SEVERE ] setting player 1 freeze to 2000
[19:54:14.141] [SEVERE ] updating countdown to 40000
[19:54:14.373] [SEVERE ] setting player 1 freeze to 1000
[19:54:15.154] [SEVERE ] updating countdown to 39000
[19:54:15.388] [SEVERE ] setting player 1 freeze to 0
[19:54:15.388] [SEVERE ] removing player 1 token from slot 2
[19:54:15.389] [SEVERE ] player 1 placing token on slot 2
[19:54:15.389] [SEVERE ] key 69 was pressed by player 1
[19:54:15.389] [SEVERE ] setting player 1 freeze to 3000
[19:54:15.389] [SEVERE ] key 69 was pressed by player 1
[19:54:16.166] [SEVERE ] updating countdown to 38000
[19:54:16.399] [SEVERE ] setting player 1 freeze to 2000
[19:54:17.177] [SEVERE ] updating countdown to 37000
[19:54:17.410] [SEVERE ] setting player 1 freeze to 1000
[19:54:18.188] [SEVERE ] updating countdown to 36000
[19:54:18.418] [SEVERE ] setting player 1 freeze to 0
[19:54:18.418] [SEVERE ] removing player 1 token from slot 2
[19:54:18.418] [SEVERE ] player 1 placing token on slot 2
[19:54:18.418] [SEVERE ] setting player 1 freeze to 3000
[19:54:18.418] [SEVERE ] key 69 was pressed by player 1
[19:54:18.420] [SEVERE ] key 69 was pressed by player 1
[19:54:19.195] [SEVERE ] updating countdown to 35000
[19:54:19.427] [SEVERE ] setting player 1 freeze to 2000
[19:54:20.203] [SEVERE ] updating countdown to 34000
[19:54:20.434] [SEVERE ] setting player 1 freeze to 1000
[19:54:21.212] [SEVERE ] updating countdown to 33000
[19:54:21.446] [SEVERE ] setting player 1 freeze to 0
[19:54:21.446] [SEVERE ] removing player 1 token from slot 2
[19:54:21.446] [SEVERE ] player 1 placing token on slot 2
[19:54:21.446] [SEVERE ] setting player 1 freeze to 3000
[19:54:21.447] [SEVERE ] key 69 was pressed by player 1
[19:54:21.447] [SEVERE ] key 69 was pressed by player 1
[19:54:22.226] [SEVERE ] updating countdown to 32000
[19:54:22.459] [SEVERE ] setting player 1 freeze to 2000
[19:54:23.236] [SEVERE ] updating countdown to 31000
[19:54:23.469] [SEVERE ] setting player 1 freeze to 1000
[19:54:24.243] [SEVERE ] updating countdown to 30000
[19:54:24.476] [SEVERE ] setting player 1 freeze to 0
[19:54:24.476] [SEVERE ] removing player 1 token from slot 2
[19:54:24.476] [SEVERE ] player 1 placing token on slot 2
[19:54:24.476] [SEVERE ] setting player 1 freeze to 3000
[19:54:24.476] [SEVERE ] key 69 was pressed by player 1
[19:54:24.477] [SEVERE ] key 69 was pressed by player 1
[19:54:25.252] [SEVERE ] updating countdown to 29000
[19:54:25.486] [SEVERE ] setting player 1 freeze to 2000
[19:54:26.264] [SEVERE ] updating countdown to 28000
[19:54:26.498] [SEVERE ] setting player 1 freeze to 1000
