[15:02:28.952] [INFO   ] thread main starting.
[15:02:28.971] [SEVERE ] cannot read configuration file config.properties trying from resources.
[15:02:28.976] [SEVERE ] configuration file was loaded from resources directory.
[15:02:29.693] [INFO   ] thread dealer starting.
[15:02:29.693] [INFO   ] thread player 0 starting.
[15:02:29.693] [INFO   ] thread dealer starting.
[15:02:29.693] [INFO   ] thread player 0 starting.
[15:02:29.816] [SEVERE ] placing card 36 in slot 0
[15:02:29.917] [SEVERE ] placing card 20 in slot 1
[15:02:30.027] [SEVERE ] placing card 57 in slot 2
[15:02:30.138] [SEVERE ] placing card 29 in slot 3
[15:02:30.250] [SEVERE ] placing card 28 in slot 4
[15:02:30.354] [SEVERE ] placing card 14 in slot 5
[15:02:30.456] [SEVERE ] placing card 22 in slot 6
[15:02:30.567] [SEVERE ] placing card 7 in slot 7
[15:02:30.673] [SEVERE ] placing card 55 in slot 8
[15:02:30.777] [SEVERE ] placing card 24 in slot 9
[15:02:30.882] [SEVERE ] placing card 43 in slot 10
[15:02:30.987] [SEVERE ] placing card 61 in slot 11
[15:02:32.015] [SEVERE ] updating countdown to 59000
[15:02:33.037] [SEVERE ] updating countdown to 58000
[15:02:34.038] [SEVERE ] updating countdown to 57000
[15:02:34.636] [SEVERE ] key 81 was pressed by player 1
[15:02:34.636] [SEVERE ] player 1 placing token on slot 0
[15:02:35.054] [SEVERE ] updating countdown to 56000
[15:02:35.376] [SEVERE ] key 69 was pressed by player 1
[15:02:35.376] [SEVERE ] player 1 placing token on slot 2
[15:02:36.068] [SEVERE ] updating countdown to 55000
[15:02:37.081] [SEVERE ] updating countdown to 54000
[15:02:38.089] [SEVERE ] updating countdown to 53000
[15:02:39.097] [SEVERE ] updating countdown to 52000
[15:02:39.226] [SEVERE ] key 67 was pressed by player 1
[15:02:39.227] [SEVERE ] player 1 placing token on slot 10
[15:02:39.727] [SEVERE ] key 67 was pressed by player 1
[15:02:40.110] [SEVERE ] updating countdown to 51000
[15:02:41.119] [SEVERE ] updating countdown to 50000
[15:02:42.132] [SEVERE ] updating countdown to 49000
[15:02:43.146] [SEVERE ] updating countdown to 48000
[15:02:44.167] [SEVERE ] updating countdown to 47000
[15:02:45.182] [SEVERE ] updating countdown to 46000
[15:02:46.190] [SEVERE ] updating countdown to 45000
[15:02:46.593] [SEVERE ] key 67 was pressed by player 1
[15:02:46.843] [SEVERE ] key 67 was pressed by player 1
[15:02:47.018] [SEVERE ] key 67 was pressed by player 1
[15:02:47.211] [SEVERE ] updating countdown to 44000
[15:02:48.226] [SEVERE ] updating countdown to 43000
[15:02:49.236] [SEVERE ] updating countdown to 42000
[15:02:50.242] [SEVERE ] updating countdown to 41000
[15:02:51.257] [SEVERE ] updating countdown to 40000
[15:02:52.266] [SEVERE ] updating countdown to 39000
