[10:34:59.268] [INFO   ] thread main starting.
[10:34:59.278] [SEVERE ] cannot read configuration file config.properties trying from resources.
[10:34:59.282] [SEVERE ] configuration file was loaded from resources directory.
[10:34:59.830] [INFO   ] thread dealer starting.
[10:34:59.831] [INFO   ] thread player 0 starting.
[10:34:59.832] [INFO   ] thread player 1 starting.
[10:34:59.832] [INFO   ] thread player 0 starting.
[10:34:59.832] [INFO   ] thread player 2 starting.
[10:34:59.832] [INFO   ] thread player 1 starting.
[10:34:59.832] [INFO   ] thread player 3 starting.
[10:34:59.834] [INFO   ] thread dealer starting.
[10:34:59.835] [INFO   ] thread player 2 starting.
[10:34:59.834] [INFO   ] thread computer-1 starting.
[10:34:59.834] [INFO   ] thread computer-0 starting.
[10:34:59.840] [INFO   ] thread computer-2 starting.
[10:34:59.839] [INFO   ] thread player 3 starting.
[10:34:59.855] [INFO   ] thread computer-3 starting.
[10:34:59.964] [SEVERE ] placing card 76 in slot 0
[10:35:00.074] [SEVERE ] placing card 41 in slot 1
[10:35:00.183] [SEVERE ] placing card 24 in slot 2
[10:35:00.291] [SEVERE ] placing card 4 in slot 3
[10:35:00.402] [SEVERE ] placing card 71 in slot 4
[10:35:00.510] [SEVERE ] placing card 79 in slot 5
[10:35:00.620] [SEVERE ] placing card 78 in slot 6
[10:35:00.728] [SEVERE ] placing card 42 in slot 7
[10:35:00.837] [SEVERE ] placing card 7 in slot 8
[10:35:00.947] [SEVERE ] placing card 46 in slot 9
[10:35:01.057] [SEVERE ] placing card 64 in slot 10
[10:35:01.167] [SEVERE ] placing card 15 in slot 11
[10:35:02.180] [SEVERE ] updating countdown to 59000
[10:35:03.193] [SEVERE ] updating countdown to 58000
[10:35:04.194] [SEVERE ] updating countdown to 57000
[10:35:05.208] [SEVERE ] updating countdown to 56000
[10:35:06.216] [SEVERE ] updating countdown to 55000
[10:35:07.227] [SEVERE ] updating countdown to 54000
[10:35:08.241] [SEVERE ] updating countdown to 53000
[10:35:09.255] [SEVERE ] updating countdown to 52000
[10:35:09.560] [SEVERE ] key 81 was pressed by player 1
[10:35:09.561] [SEVERE ] player 1 placing token on slot 0
[10:35:09.674] [SEVERE ] player 1 placing token on slot 9
[10:35:10.261] [SEVERE ] updating countdown to 51000
[10:35:10.584] [SEVERE ] key 87 was pressed by player 1
[10:35:10.584] [SEVERE ] player 1 placing token on slot 1
[10:35:10.586] [SEVERE ] setting player 1 freeze to 3000
[10:35:11.276] [SEVERE ] updating countdown to 50000
[10:35:11.604] [SEVERE ] setting player 1 freeze to 2000
[10:35:12.278] [SEVERE ] updating countdown to 49000
[10:35:12.605] [SEVERE ] setting player 1 freeze to 1000
[10:35:13.286] [SEVERE ] updating countdown to 48000
[10:35:13.608] [SEVERE ] setting player 1 freeze to 0
[10:35:13.717] [SEVERE ] removing player 1 token from slot 1
[10:35:14.300] [SEVERE ] updating countdown to 47000
[10:35:15.315] [SEVERE ] updating countdown to 46000
[10:35:16.330] [SEVERE ] updating countdown to 45000
[10:35:17.342] [SEVERE ] updating countdown to 44000
[10:35:18.354] [SEVERE ] updating countdown to 43000
[10:35:19.370] [SEVERE ] updating countdown to 42000
[10:35:20.372] [SEVERE ] updating countdown to 41000
[10:35:21.377] [SEVERE ] updating countdown to 40000
[10:35:22.390] [SEVERE ] updating countdown to 39000
[10:35:23.403] [SEVERE ] updating countdown to 38000
[10:35:24.412] [SEVERE ] updating countdown to 37000
[10:35:25.421] [SEVERE ] updating countdown to 36000
[10:35:26.311] [SEVERE ] key 81 was pressed by player 1
[10:35:26.311] [SEVERE ] removing player 1 token from slot 0
[10:35:26.415] [SEVERE ] player 1 placing token on slot 3
[10:35:26.430] [SEVERE ] updating countdown to 35000
[10:35:27.438] [SEVERE ] updating countdown to 34000
[10:35:28.447] [SEVERE ] updating countdown to 33000
[10:35:29.449] [SEVERE ] updating countdown to 32000
[10:35:30.462] [SEVERE ] updating countdown to 31000
[10:35:31.468] [SEVERE ] updating countdown to 30000
[10:35:32.480] [SEVERE ] updating countdown to 29000
