[10:58:56.283] [INFO   ] thread main starting.
[10:58:56.295] [SEVERE ] cannot read configuration file config.properties trying from resources.
[10:58:56.302] [SEVERE ] configuration file was loaded from resources directory.
[10:58:56.862] [INFO   ] thread dealer starting.
[10:58:56.863] [INFO   ] thread player 0 starting.
[10:58:56.864] [INFO   ] thread player 1 starting.
[10:58:56.864] [INFO   ] thread player 0 starting.
[10:58:56.864] [INFO   ] thread player 2 starting.
[10:58:56.865] [INFO   ] thread player 1 starting.
[10:58:56.865] [INFO   ] thread player 2 starting.
[10:58:56.865] [INFO   ] thread player 3 starting.
[10:58:56.866] [INFO   ] thread computer-2 starting.
[10:58:56.865] [INFO   ] thread computer-1 starting.
[10:58:56.868] [INFO   ] thread dealer starting.
[10:58:56.865] [INFO   ] thread computer-0 starting.
[10:58:56.872] [INFO   ] thread player 3 starting.
[10:58:56.874] [INFO   ] thread computer-3 starting.
[10:58:57.009] [SEVERE ] placing card 52 in slot 0
[10:58:57.122] [SEVERE ] placing card 68 in slot 1
[10:58:57.232] [SEVERE ] placing card 22 in slot 2
[10:58:57.343] [SEVERE ] placing card 60 in slot 3
[10:58:57.456] [SEVERE ] placing card 20 in slot 4
[10:58:57.568] [SEVERE ] placing card 25 in slot 5
[10:58:57.680] [SEVERE ] placing card 62 in slot 6
[10:58:57.792] [SEVERE ] placing card 43 in slot 7
[10:58:57.903] [SEVERE ] placing card 7 in slot 8
[10:58:58.015] [SEVERE ] placing card 67 in slot 9
[10:58:58.127] [SEVERE ] placing card 13 in slot 10
[10:58:58.238] [SEVERE ] placing card 54 in slot 11
[10:58:59.244] [SEVERE ] updating countdown to 59000
