[15:44:34.503] [INFO   ] thread main starting.
[15:44:34.518] [SEVERE ] cannot read configuration file config.properties trying from resources.
[15:44:34.520] [SEVERE ] configuration file was loaded from resources directory.
[15:44:35.135] [INFO   ] thread dealer starting.
[15:44:35.143] [INFO   ] thread player 0 starting.
[15:44:35.148] [INFO   ] thread dealer starting.
[15:44:35.148] [INFO   ] thread player 0 starting.
[15:44:35.266] [SEVERE ] placing card 39 in slot 0
[15:44:35.374] [SEVERE ] placing card 42 in slot 1
[15:44:35.488] [SEVERE ] placing card 77 in slot 2
[15:44:35.598] [SEVERE ] placing card 55 in slot 3
[15:44:35.703] [SEVERE ] placing card 74 in slot 4
[15:44:35.819] [SEVERE ] placing card 72 in slot 5
[15:44:35.921] [SEVERE ] placing card 18 in slot 6
[15:44:36.031] [SEVERE ] placing card 80 in slot 7
[15:44:36.140] [SEVERE ] placing card 22 in slot 8
[15:44:36.246] [SEVERE ] placing card 79 in slot 9
[15:44:36.353] [SEVERE ] placing card 70 in slot 10
[15:44:36.454] [SEVERE ] placing card 49 in slot 11
[15:44:37.469] [SEVERE ] updating countdown to 59000
[15:44:38.138] [SEVERE ] key 81 was pressed by player 1
[15:44:38.138] [SEVERE ] player 1 placing token on slot 0
[15:44:38.463] [SEVERE ] key 87 was pressed by player 1
[15:44:38.467] [SEVERE ] player 1 placing token on slot 1
[15:44:38.475] [SEVERE ] updating countdown to 58000
[15:44:38.810] [SEVERE ] key 83 was pressed by player 1
[15:44:38.813] [SEVERE ] player 1 placing token on slot 5
[15:44:38.813] [SEVERE ] setting player 1 freeze to 3000
[15:44:39.477] [SEVERE ] updating countdown to 57000
[15:44:39.826] [SEVERE ] setting player 1 freeze to 2000
[15:44:40.218] [SEVERE ] key 83 was pressed by player 1
[15:44:40.478] [SEVERE ] updating countdown to 56000
[15:44:40.833] [SEVERE ] setting player 1 freeze to 1000
[15:44:41.487] [SEVERE ] updating countdown to 55000
[15:44:41.843] [SEVERE ] setting player 1 freeze to 0
[15:44:41.910] [SEVERE ] key 83 was pressed by player 1
[15:44:42.487] [SEVERE ] updating countdown to 54000
[15:44:43.496] [SEVERE ] updating countdown to 53000
