[10:49:28.044] [INFO   ] thread main starting.
[10:49:28.055] [SEVERE ] cannot read configuration file config.properties trying from resources.
[10:49:28.061] [SEVERE ] configuration file was loaded from resources directory.
[10:49:28.689] [INFO   ] thread dealer starting.
[10:49:28.690] [INFO   ] thread player 0 starting.
[10:49:28.691] [INFO   ] thread player 1 starting.
[10:49:28.691] [INFO   ] thread player 2 starting.
[10:49:28.693] [INFO   ] thread player 3 starting.
[10:49:28.693] [INFO   ] thread dealer starting.
[10:49:28.708] [INFO   ] thread player 3 starting.
[10:49:28.709] [INFO   ] thread player 1 starting.
[10:49:28.709] [INFO   ] thread player 0 starting.
[10:49:28.709] [INFO   ] thread player 2 starting.
[10:49:28.713] [INFO   ] thread computer-3 starting.
[10:49:28.713] [INFO   ] thread computer-0 starting.
[10:49:28.713] [INFO   ] thread computer-1 starting.
[10:49:28.713] [INFO   ] thread computer-2 starting.
[10:49:28.822] [SEVERE ] placing card 71 in slot 0
[10:49:28.932] [SEVERE ] placing card 52 in slot 1
[10:49:29.046] [SEVERE ] placing card 25 in slot 2
[10:49:29.158] [SEVERE ] placing card 62 in slot 3
[10:49:29.269] [SEVERE ] placing card 59 in slot 4
[10:49:29.378] [SEVERE ] placing card 31 in slot 5
[10:49:29.489] [SEVERE ] placing card 28 in slot 6
[10:49:29.601] [SEVERE ] placing card 74 in slot 7
[10:49:29.701] [SEVERE ] placing card 16 in slot 8
[10:49:29.809] [SEVERE ] placing card 2 in slot 9
[10:49:29.912] [SEVERE ] placing card 19 in slot 10
[10:49:30.017] [SEVERE ] placing card 41 in slot 11
[10:49:31.017] [SEVERE ] updating countdown to 59000
[10:49:32.033] [SEVERE ] updating countdown to 58000
[10:49:33.034] [SEVERE ] updating countdown to 57000
[10:49:34.041] [SEVERE ] updating countdown to 56000
[10:49:35.043] [SEVERE ] updating countdown to 55000
[10:49:36.059] [SEVERE ] updating countdown to 54000
[10:49:37.059] [SEVERE ] updating countdown to 53000
[10:49:38.065] [SEVERE ] updating countdown to 52000
[10:49:39.066] [SEVERE ] updating countdown to 51000
[10:49:40.080] [SEVERE ] updating countdown to 50000
[10:49:41.088] [SEVERE ] updating countdown to 49000
[10:49:42.093] [SEVERE ] updating countdown to 48000
[10:49:43.098] [SEVERE ] updating countdown to 47000
[10:49:44.106] [SEVERE ] updating countdown to 46000
[10:49:45.116] [SEVERE ] updating countdown to 45000
[10:49:46.122] [SEVERE ] updating countdown to 44000
