[10:47:20.504] [INFO   ] thread main starting.
[10:47:20.504] [SEVERE ] cannot read configuration file config.properties trying from resources.
[10:47:20.514] [SEVERE ] configuration file was loaded from resources directory.
[10:47:21.030] [INFO   ] thread dealer starting.
[10:47:21.030] [INFO   ] thread player 0 starting.
[10:47:21.034] [INFO   ] thread player 1 starting.
[10:47:21.034] [INFO   ] thread player 2 starting.
[10:47:21.034] [INFO   ] thread player 3 starting.
[10:47:21.037] [INFO   ] thread dealer starting.
[10:47:21.045] [INFO   ] thread player 2 starting.
[10:47:21.045] [INFO   ] thread player 1 starting.
[10:47:21.047] [INFO   ] thread computer-2 starting.
[10:47:21.046] [INFO   ] thread player 0 starting.
[10:47:21.046] [INFO   ] thread player 3 starting.
[10:47:21.050] [INFO   ] thread computer-0 starting.
[10:47:21.048] [INFO   ] thread computer-1 starting.
[10:47:21.050] [INFO   ] thread computer-3 starting.
[10:47:21.172] [SEVERE ] placing card 31 in slot 0
[10:47:21.283] [SEVERE ] placing card 25 in slot 1
[10:47:21.400] [SEVERE ] placing card 55 in slot 2
[10:47:21.516] [SEVERE ] placing card 67 in slot 3
[10:47:21.616] [SEVERE ] placing card 75 in slot 4
[10:47:21.717] [SEVERE ] placing card 1 in slot 5
[10:47:21.818] [SEVERE ] placing card 45 in slot 6
[10:47:21.931] [SEVERE ] placing card 30 in slot 7
[10:47:22.047] [SEVERE ] placing card 41 in slot 8
[10:47:22.159] [SEVERE ] placing card 49 in slot 9
[10:47:22.271] [SEVERE ] placing card 8 in slot 10
[10:47:22.383] [SEVERE ] placing card 16 in slot 11
[10:47:23.390] [SEVERE ] updating countdown to 59000
[10:47:24.397] [SEVERE ] updating countdown to 58000
[10:47:25.402] [SEVERE ] updating countdown to 57000
[10:47:26.403] [SEVERE ] updating countdown to 56000
[10:47:27.407] [SEVERE ] updating countdown to 55000
[10:47:28.412] [SEVERE ] updating countdown to 54000
[10:47:29.426] [SEVERE ] updating countdown to 53000
[10:47:30.434] [SEVERE ] updating countdown to 52000
[10:47:31.447] [SEVERE ] updating countdown to 51000
[10:47:32.448] [SEVERE ] updating countdown to 50000
[10:47:33.454] [SEVERE ] updating countdown to 49000
[10:47:34.464] [SEVERE ] updating countdown to 48000
[10:47:35.477] [SEVERE ] updating countdown to 47000
[10:47:36.484] [SEVERE ] updating countdown to 46000
