[19:37:39.753] [INFO   ] thread main starting.
[19:37:39.764] [SEVERE ] cannot read configuration file config.properties trying from resources.
[19:37:39.766] [SEVERE ] configuration file was loaded from resources directory.
[19:37:40.358] [INFO   ] thread dealer starting.
[19:37:40.358] [INFO   ] thread player 0 starting.
[19:37:40.359] [INFO   ] thread player 1 starting.
[19:37:40.360] [INFO   ] thread player 0 starting.
[19:37:40.360] [INFO   ] thread player 2 starting.
[19:37:40.360] [INFO   ] thread player 1 starting.
[19:37:40.361] [INFO   ] thread player 3 starting.
[19:37:40.362] [INFO   ] thread dealer starting.
[19:37:40.362] [INFO   ] thread player 2 starting.
[19:37:40.390] [INFO   ] thread computer-2 starting.
[19:37:40.390] [INFO   ] thread computer-1 starting.
[19:37:40.390] [INFO   ] thread computer-0 starting.
[19:37:40.390] [INFO   ] thread player 3 starting.
[19:37:40.393] [INFO   ] thread computer-3 starting.
[19:37:40.499] [SEVERE ] placing card 73 in slot 0
[19:37:40.609] [SEVERE ] placing card 64 in slot 1
[19:37:40.719] [SEVERE ] placing card 60 in slot 2
[19:37:40.827] [SEVERE ] placing card 63 in slot 3
[19:37:40.936] [SEVERE ] placing card 15 in slot 4
[19:37:41.047] [SEVERE ] placing card 45 in slot 5
[19:37:41.157] [SEVERE ] placing card 7 in slot 6
[19:37:41.266] [SEVERE ] placing card 5 in slot 7
[19:37:41.375] [SEVERE ] placing card 0 in slot 8
[19:37:41.482] [SEVERE ] placing card 67 in slot 9
[19:37:41.590] [SEVERE ] placing card 46 in slot 10
[19:37:41.700] [SEVERE ] placing card 72 in slot 11
[19:37:42.719] [SEVERE ] updating countdown to 59000
[19:37:42.789] [SEVERE ] player 2 placing token on slot 8
[19:37:42.790] [SEVERE ] player 3 placing token on slot 7
[19:37:42.791] [SEVERE ] player 4 placing token on slot 6
[19:37:42.792] [SEVERE ] player 1 placing token on slot 1
[19:37:42.898] [SEVERE ] player 2 placing token on slot 11
[19:37:42.899] [SEVERE ] player 1 placing token on slot 11
[19:37:42.899] [SEVERE ] player 4 placing token on slot 8
[19:37:42.899] [SEVERE ] player 3 placing token on slot 3
[19:37:43.007] [SEVERE ] player 1 placing token on slot 4
[19:37:43.723] [SEVERE ] setting player 1 freeze to 3000
[19:37:43.728] [SEVERE ] updating countdown to 58000
[19:37:44.733] [SEVERE ] setting player 1 freeze to 2000
[19:37:45.742] [SEVERE ] setting player 1 freeze to 1000
[19:37:46.755] [SEVERE ] setting player 1 freeze to 0
[19:37:46.755] [SEVERE ] player 3 placing token on slot 4
[19:37:47.771] [SEVERE ] setting player 3 freeze to 3000
[19:37:47.775] [SEVERE ] updating countdown to 57000
[19:37:48.777] [SEVERE ] setting player 3 freeze to 2000
[19:37:49.792] [SEVERE ] setting player 3 freeze to 1000
[19:37:50.805] [SEVERE ] setting player 3 freeze to 0
[19:37:50.805] [SEVERE ] player 2 placing token on slot 1
[19:37:51.816] [SEVERE ] setting player 2 freeze to 3000
[19:37:51.820] [SEVERE ] updating countdown to 56000
[19:37:52.824] [SEVERE ] setting player 2 freeze to 2000
[19:37:53.837] [SEVERE ] setting player 2 freeze to 1000
[19:37:54.850] [SEVERE ] setting player 2 freeze to 0
[19:37:54.850] [SEVERE ] player 4 placing token on slot 3
[19:37:55.860] [SEVERE ] setting player 4 freeze to 3000
[19:37:55.863] [SEVERE ] updating countdown to 55000
[19:37:56.875] [SEVERE ] setting player 4 freeze to 2000
[19:37:57.890] [SEVERE ] setting player 4 freeze to 1000
[19:37:58.903] [SEVERE ] setting player 4 freeze to 0
[19:37:59.012] [SEVERE ] removing player 2 token from slot 11
[19:37:59.122] [SEVERE ] removing player 2 token from slot 8
[19:37:59.231] [SEVERE ] player 2 placing token on slot 0
[19:37:59.340] [SEVERE ] player 2 placing token on slot 3
[19:37:59.913] [SEVERE ] setting player 2 freeze to 3000
[19:37:59.916] [SEVERE ] updating countdown to 54000
