[14:38:14.967] [INFO   ] thread main starting.
[14:38:14.981] [SEVERE ] cannot read configuration file config.properties trying from resources.
[14:38:14.987] [SEVERE ] configuration file was loaded from resources directory.
[14:38:15.575] [INFO   ] thread dealer starting.
[14:38:15.577] [INFO   ] thread player 0 starting.
[14:38:15.577] [INFO   ] thread dealer starting.
[14:38:15.578] [INFO   ] thread player 0 starting.
[14:38:15.702] [SEVERE ] placing card 1 in slot 0
[14:38:15.813] [SEVERE ] placing card 38 in slot 1
[14:38:15.917] [SEVERE ] placing card 16 in slot 2
[14:38:16.022] [SEVERE ] placing card 11 in slot 3
[14:38:16.132] [SEVERE ] placing card 62 in slot 4
[14:38:16.237] [SEVERE ] placing card 59 in slot 5
[14:38:16.348] [SEVERE ] placing card 12 in slot 6
[14:38:16.469] [SEVERE ] placing card 7 in slot 7
[14:38:16.579] [SEVERE ] placing card 40 in slot 8
[14:38:16.689] [SEVERE ] placing card 35 in slot 9
[14:38:16.800] [SEVERE ] placing card 27 in slot 10
[14:38:16.910] [SEVERE ] placing card 0 in slot 11
[14:38:17.914] [SEVERE ] updating countdown to 59000
[14:38:18.940] [SEVERE ] updating countdown to 58000
[14:38:19.947] [SEVERE ] updating countdown to 57000
[14:38:20.959] [SEVERE ] updating countdown to 56000
[14:38:21.973] [SEVERE ] updating countdown to 55000
[14:38:22.706] [SEVERE ] key 82 was pressed by player 1
[14:38:22.706] [SEVERE ] player 1 placing token on slot 3
[14:38:22.988] [SEVERE ] updating countdown to 54000
[14:38:23.183] [SEVERE ] key 82 was pressed by player 1
[14:38:23.183] [SEVERE ] removing player 1 token from slot 3
[14:38:23.528] [SEVERE ] key 69 was pressed by player 1
[14:38:23.528] [SEVERE ] player 1 placing token on slot 2
[14:38:23.999] [SEVERE ] updating countdown to 53000
[14:38:24.376] [SEVERE ] key 82 was pressed by player 1
[14:38:24.376] [SEVERE ] player 1 placing token on slot 3
[14:38:25.006] [SEVERE ] updating countdown to 52000
[14:38:26.019] [SEVERE ] updating countdown to 51000
[14:38:27.029] [SEVERE ] updating countdown to 50000
[14:38:28.039] [SEVERE ] updating countdown to 49000
[14:38:29.045] [SEVERE ] updating countdown to 48000
[14:38:30.056] [SEVERE ] updating countdown to 47000
[14:38:30.380] [SEVERE ] key 68 was pressed by player 1
[14:38:30.380] [SEVERE ] player 1 placing token on slot 6
