[10:41:01.640] [INFO   ] thread main starting.
[10:41:01.661] [SEVERE ] cannot read configuration file config.properties trying from resources.
[10:41:01.665] [SEVERE ] configuration file was loaded from resources directory.
[10:41:02.351] [INFO   ] thread dealer starting.
[10:41:02.369] [INFO   ] thread player 0 starting.
[10:41:02.372] [INFO   ] thread player 1 starting.
[10:41:02.372] [INFO   ] thread dealer starting.
[10:41:02.372] [INFO   ] thread player 1 starting.
[10:41:02.372] [INFO   ] thread player 0 starting.
[10:41:02.493] [SEVERE ] placing card 67 in slot 0
[10:41:02.609] [SEVERE ] placing card 71 in slot 1
[10:41:02.710] [SEVERE ] placing card 77 in slot 2
[10:41:02.814] [SEVERE ] placing card 17 in slot 3
[10:41:02.925] [SEVERE ] placing card 22 in slot 4
[10:41:03.028] [SEVERE ] placing card 56 in slot 5
[10:41:03.130] [SEVERE ] placing card 48 in slot 6
[10:41:03.238] [SEVERE ] placing card 15 in slot 7
[10:41:03.349] [SEVERE ] placing card 30 in slot 8
[10:41:03.365] [SEVERE ] key 81 was pressed by player 1
[10:41:03.460] [SEVERE ] placing card 61 in slot 9
[10:41:03.571] [SEVERE ] placing card 11 in slot 10
[10:41:03.667] [SEVERE ] key 80 was pressed by player 2
[10:41:03.682] [SEVERE ] placing card 4 in slot 11
[10:41:04.701] [SEVERE ] updating countdown to 59000
[10:41:05.725] [SEVERE ] updating countdown to 58000
[10:41:06.740] [SEVERE ] updating countdown to 57000
[10:41:07.758] [SEVERE ] updating countdown to 56000
[10:41:08.766] [SEVERE ] updating countdown to 55000
[10:41:09.780] [SEVERE ] updating countdown to 54000
[10:41:10.346] [SEVERE ] key 87 was pressed by player 1
[10:41:10.346] [SEVERE ] player 1 placing token on slot 1
[10:41:10.586] [SEVERE ] key 85 was pressed by player 2
[10:41:10.586] [SEVERE ] player 2 placing token on slot 0
[10:41:10.797] [SEVERE ] updating countdown to 53000
[10:41:11.061] [SEVERE ] key 85 was pressed by player 2
[10:41:11.061] [SEVERE ] removing player 2 token from slot 0
[10:41:11.809] [SEVERE ] updating countdown to 52000
[10:41:11.864] [SEVERE ] key 73 was pressed by player 2
[10:41:11.865] [SEVERE ] player 2 placing token on slot 1
[10:41:12.445] [SEVERE ] key 87 was pressed by player 1
[10:41:12.446] [SEVERE ] removing player 1 token from slot 1
[10:41:12.694] [SEVERE ] key 73 was pressed by player 2
[10:41:12.694] [SEVERE ] removing player 2 token from slot 1
[10:41:12.826] [SEVERE ] updating countdown to 51000
[10:41:13.664] [SEVERE ] key 69 was pressed by player 1
[10:41:13.665] [SEVERE ] player 1 placing token on slot 2
[10:41:13.835] [SEVERE ] updating countdown to 50000
[10:41:13.847] [SEVERE ] key 79 was pressed by player 2
[10:41:13.847] [SEVERE ] player 2 placing token on slot 2
[10:41:14.846] [SEVERE ] updating countdown to 49000
[10:41:15.865] [SEVERE ] updating countdown to 48000
[10:41:16.475] [SEVERE ] key 83 was pressed by player 1
[10:41:16.475] [SEVERE ] player 1 placing token on slot 5
[10:41:16.726] [SEVERE ] key 74 was pressed by player 2
[10:41:16.726] [SEVERE ] player 2 placing token on slot 4
[10:41:16.869] [SEVERE ] updating countdown to 47000
[10:41:17.096] [SEVERE ] key 74 was pressed by player 2
[10:41:17.096] [SEVERE ] removing player 2 token from slot 4
[10:41:17.265] [SEVERE ] key 75 was pressed by player 2
[10:41:17.267] [SEVERE ] player 2 placing token on slot 5
[10:41:17.883] [SEVERE ] updating countdown to 46000
[10:41:18.895] [SEVERE ] updating countdown to 45000
[10:41:19.902] [SEVERE ] updating countdown to 44000
[10:41:20.382] [SEVERE ] key 73 was pressed by player 2
[10:41:20.383] [SEVERE ] player 2 placing token on slot 1
[10:41:20.508] [SEVERE ] key 87 was pressed by player 1
[10:41:20.508] [SEVERE ] player 1 placing token on slot 1
[10:41:20.909] [SEVERE ] setting player 1 score to 1
[10:41:20.911] [SEVERE ] setting player 1 freeze to 1000
[10:41:20.911] [SEVERE ] updating countdown to 43000
[10:41:20.911] [SEVERE ] removing player 1 token from slot 2
[10:41:20.915] [SEVERE ] removing player 2 token from slot 2
[10:41:21.023] [SEVERE ] removing card from slot 2
[10:41:21.023] [SEVERE ] removing player 1 token from slot 5
[10:41:21.023] [SEVERE ] removing player 2 token from slot 5
[10:41:21.127] [SEVERE ] removing card from slot 5
[10:41:21.127] [SEVERE ] removing player 1 token from slot 1
[10:41:21.127] [SEVERE ] removing player 2 token from slot 1
[10:41:21.238] [SEVERE ] removing card from slot 1
[10:41:21.349] [SEVERE ] placing card 73 in slot 1
[10:41:21.461] [SEVERE ] placing card 64 in slot 2
[10:41:21.572] [SEVERE ] placing card 78 in slot 5
[10:41:21.919] [SEVERE ] setting player 1 freeze to 0
[10:41:21.919] [SEVERE ] setting player 2 freeze to 3000
[10:41:22.939] [SEVERE ] setting player 2 freeze to 2000
[10:41:23.947] [SEVERE ] setting player 2 freeze to 1000
