[23:03:10.586] [INFO   ] thread main starting.
[23:03:10.595] [SEVERE ] cannot read configuration file config.properties trying from resources.
[23:03:10.597] [SEVERE ] configuration file was loaded from resources directory.
[23:03:11.275] [INFO   ] thread dealer starting.
[23:03:11.280] [INFO   ] thread player 0 starting.
[23:03:11.286] [INFO   ] thread player 1 starting.
[23:03:11.286] [INFO   ] thread dealer starting.
[23:03:11.286] [INFO   ] thread player 0 starting.
[23:03:11.287] [INFO   ] thread player 1 starting.
[23:03:11.397] [SEVERE ] placing card 11 in slot 0
[23:03:11.512] [SEVERE ] placing card 78 in slot 1
[23:03:11.622] [SEVERE ] placing card 77 in slot 2
[23:03:11.725] [SEVERE ] placing card 73 in slot 3
[23:03:11.835] [SEVERE ] placing card 34 in slot 4
[23:03:11.946] [SEVERE ] placing card 9 in slot 5
[23:03:12.062] [SEVERE ] placing card 18 in slot 6
[23:03:12.172] [SEVERE ] placing card 22 in slot 7
[23:03:12.281] [SEVERE ] placing card 21 in slot 8
[23:03:12.393] [SEVERE ] placing card 0 in slot 9
[23:03:12.503] [SEVERE ] placing card 68 in slot 10
[23:03:12.612] [SEVERE ] placing card 67 in slot 11
[23:03:13.620] [SEVERE ] updating countdown to 59000
[23:03:14.626] [SEVERE ] updating countdown to 58000
[23:03:15.641] [SEVERE ] updating countdown to 57000
[23:03:16.356] [SEVERE ] key 80 was pressed by player 2
[23:03:16.372] [SEVERE ] player 2 placing token on slot 3
[23:03:16.654] [SEVERE ] updating countdown to 56000
[23:03:17.661] [SEVERE ] updating countdown to 55000
[23:03:18.600] [SEVERE ] key 79 was pressed by player 2
[23:03:18.600] [SEVERE ] player 2 placing token on slot 2
[23:03:18.663] [SEVERE ] updating countdown to 54000
[23:03:19.550] [SEVERE ] key 82 was pressed by player 1
[23:03:19.550] [SEVERE ] player 1 placing token on slot 3
[23:03:19.674] [SEVERE ] updating countdown to 53000
[23:03:20.676] [SEVERE ] updating countdown to 52000
[23:03:21.628] [SEVERE ] key 69 was pressed by player 1
[23:03:21.628] [SEVERE ] player 1 placing token on slot 2
[23:03:21.691] [SEVERE ] updating countdown to 51000
[23:03:22.301] [SEVERE ] key 87 was pressed by player 1
[23:03:22.301] [SEVERE ] player 1 placing token on slot 1
[23:03:22.347] [SEVERE ] key 73 was pressed by player 2
[23:03:22.348] [SEVERE ] player 2 placing token on slot 1
[23:03:22.696] [SEVERE ] updating countdown to 50000
[23:03:23.698] [SEVERE ] updating countdown to 49000
[23:03:24.698] [SEVERE ] updating countdown to 48000
[23:03:25.703] [SEVERE ] updating countdown to 47000
[23:03:26.708] [SEVERE ] updating countdown to 46000
