[23:34:05.313] [INFO   ] thread main starting.
[23:34:05.320] [SEVERE ] cannot read configuration file config.properties trying from resources.
[23:34:05.320] [SEVERE ] configuration file was loaded from resources directory.
[23:34:05.886] [INFO   ] thread dealer starting.
[23:34:05.888] [INFO   ] thread player 0 starting.
[23:34:05.890] [INFO   ] thread player 1 starting.
[23:34:05.892] [INFO   ] thread player 0 starting.
[23:34:05.892] [INFO   ] thread dealer starting.
[23:34:05.893] [INFO   ] thread player 1 starting.
[23:34:06.001] [SEVERE ] placing card 72 in slot 0
[23:34:06.113] [SEVERE ] placing card 13 in slot 1
[23:34:06.223] [SEVERE ] placing card 68 in slot 2
[23:34:06.333] [SEVERE ] placing card 73 in slot 3
[23:34:06.443] [SEVERE ] placing card 51 in slot 4
[23:34:06.552] [SEVERE ] placing card 2 in slot 5
[23:34:06.663] [SEVERE ] placing card 10 in slot 6
[23:34:06.772] [SEVERE ] placing card 67 in slot 7
[23:34:06.882] [SEVERE ] placing card 79 in slot 8
[23:34:06.995] [SEVERE ] placing card 76 in slot 9
[23:34:07.105] [SEVERE ] placing card 22 in slot 10
[23:34:07.215] [SEVERE ] placing card 42 in slot 11
[23:34:08.222] [SEVERE ] updating countdown to 59000
[23:34:09.230] [SEVERE ] updating countdown to 58000
[23:34:10.231] [SEVERE ] updating countdown to 57000
[23:34:10.351] [SEVERE ] key 69 was pressed by player 1
[23:34:10.351] [SEVERE ] player 1 placing token on slot 2
[23:34:11.232] [SEVERE ] updating countdown to 56000
[23:34:12.229] [SEVERE ] key 68 was pressed by player 1
[23:34:12.229] [SEVERE ] player 1 placing token on slot 6
[23:34:12.245] [SEVERE ] updating countdown to 55000
[23:34:13.260] [SEVERE ] updating countdown to 54000
[23:34:13.278] [SEVERE ] key 86 was pressed by player 1
[23:34:13.278] [SEVERE ] player 1 placing token on slot 11
[23:34:13.281] [SEVERE ] removing player 1 token from slot 2
[23:34:13.281] [SEVERE ] removing card from slot 2
[23:34:13.401] [SEVERE ] removing player 1 token from slot 6
[23:34:13.401] [SEVERE ] removing card from slot 6
[23:34:13.501] [SEVERE ] removing player 1 token from slot 11
[23:34:13.502] [SEVERE ] removing card from slot 11
[23:34:13.727] [SEVERE ] placing card 0 in slot 2
[23:34:13.837] [SEVERE ] placing card 45 in slot 6
[23:34:13.947] [SEVERE ] placing card 74 in slot 11
[23:34:13.947] [SEVERE ] updating countdown to 60000
[23:34:14.714] [SEVERE ] key 86 was pressed by player 1
[23:34:14.951] [SEVERE ] updating countdown to 59000
[23:34:15.963] [SEVERE ] updating countdown to 58000
[23:34:16.971] [SEVERE ] updating countdown to 57000
[23:34:17.986] [SEVERE ] updating countdown to 56000
