[23:01:46.495] [INFO   ] thread main starting.
[23:01:46.503] [SEVERE ] cannot read configuration file config.properties trying from resources.
[23:01:46.506] [SEVERE ] configuration file was loaded from resources directory.
[23:01:47.066] [INFO   ] thread dealer starting.
[23:01:47.068] [INFO   ] thread player 0 starting.
[23:01:47.071] [INFO   ] thread player 1 starting.
[23:01:47.071] [INFO   ] thread player 0 starting.
[23:01:47.072] [INFO   ] thread dealer starting.
[23:01:47.072] [INFO   ] thread player 1 starting.
[23:01:47.191] [SEVERE ] placing card 41 in slot 0
[23:01:47.295] [SEVERE ] placing card 56 in slot 1
[23:01:47.404] [SEVERE ] placing card 9 in slot 2
[23:01:47.514] [SEVERE ] placing card 49 in slot 3
[23:01:47.624] [SEVERE ] placing card 8 in slot 4
[23:01:47.734] [SEVERE ] placing card 2 in slot 5
[23:01:47.843] [SEVERE ] placing card 45 in slot 6
[23:01:47.952] [SEVERE ] placing card 72 in slot 7
[23:01:48.061] [SEVERE ] placing card 54 in slot 8
[23:01:48.169] [SEVERE ] placing card 71 in slot 9
[23:01:48.279] [SEVERE ] placing card 66 in slot 10
[23:01:48.388] [SEVERE ] placing card 23 in slot 11
[23:01:49.412] [SEVERE ] updating countdown to 59000
[23:01:50.433] [SEVERE ] updating countdown to 58000
[23:01:51.369] [SEVERE ] key 69 was pressed by player 1
[23:01:51.369] [SEVERE ] player 1 placing token on slot 2
[23:01:51.441] [SEVERE ] updating countdown to 57000
[23:01:51.668] [SEVERE ] key 73 was pressed by player 2
[23:01:51.668] [SEVERE ] player 2 placing token on slot 1
[23:01:52.319] [SEVERE ] key 69 was pressed by player 1
[23:01:52.320] [SEVERE ] removing player 1 token from slot 2
[23:01:52.454] [SEVERE ] updating countdown to 56000
[23:01:52.763] [SEVERE ] key 73 was pressed by player 2
[23:01:52.764] [SEVERE ] removing player 2 token from slot 1
[23:01:53.311] [SEVERE ] key 69 was pressed by player 1
[23:01:53.311] [SEVERE ] player 1 placing token on slot 2
[23:01:53.466] [SEVERE ] updating countdown to 55000
[23:01:53.646] [SEVERE ] key 79 was pressed by player 2
[23:01:53.646] [SEVERE ] player 2 placing token on slot 2
[23:01:54.025] [SEVERE ] key 69 was pressed by player 1
[23:01:54.026] [SEVERE ] removing player 1 token from slot 2
[23:01:54.357] [SEVERE ] key 79 was pressed by player 2
[23:01:54.358] [SEVERE ] removing player 2 token from slot 2
[23:01:54.471] [SEVERE ] updating countdown to 54000
[23:01:54.682] [SEVERE ] key 69 was pressed by player 1
[23:01:54.683] [SEVERE ] player 1 placing token on slot 2
[23:01:54.961] [SEVERE ] key 79 was pressed by player 2
[23:01:54.962] [SEVERE ] player 2 placing token on slot 2
[23:01:55.287] [SEVERE ] key 69 was pressed by player 1
[23:01:55.288] [SEVERE ] removing player 1 token from slot 2
[23:01:55.477] [SEVERE ] updating countdown to 53000
[23:01:55.586] [SEVERE ] key 79 was pressed by player 2
[23:01:55.587] [SEVERE ] removing player 2 token from slot 2
[23:01:56.444] [SEVERE ] key 68 was pressed by player 1
[23:01:56.445] [SEVERE ] player 1 placing token on slot 6
[23:01:56.491] [SEVERE ] updating countdown to 52000
[23:01:56.744] [SEVERE ] key 75 was pressed by player 2
[23:01:56.745] [SEVERE ] player 2 placing token on slot 5
[23:01:57.458] [SEVERE ] key 68 was pressed by player 1
[23:01:57.459] [SEVERE ] removing player 1 token from slot 6
[23:01:57.502] [SEVERE ] updating countdown to 51000
[23:01:57.929] [SEVERE ] key 75 was pressed by player 2
[23:01:57.930] [SEVERE ] removing player 2 token from slot 5
[23:01:58.517] [SEVERE ] updating countdown to 50000
[23:01:58.662] [SEVERE ] key 70 was pressed by player 1
[23:01:58.663] [SEVERE ] player 1 placing token on slot 7
[23:01:59.531] [SEVERE ] updating countdown to 49000
[23:01:59.826] [SEVERE ] key 70 was pressed by player 1
[23:01:59.826] [SEVERE ] removing player 1 token from slot 7
[23:02:00.359] [SEVERE ] key 68 was pressed by player 1
[23:02:00.360] [SEVERE ] player 1 placing token on slot 6
[23:02:00.543] [SEVERE ] updating countdown to 48000
[23:02:00.587] [SEVERE ] key 75 was pressed by player 2
[23:02:00.587] [SEVERE ] player 2 placing token on slot 5
[23:02:01.026] [SEVERE ] key 75 was pressed by player 2
[23:02:01.027] [SEVERE ] removing player 2 token from slot 5
[23:02:01.264] [SEVERE ] key 76 was pressed by player 2
[23:02:01.265] [SEVERE ] player 2 placing token on slot 6
[23:02:01.548] [SEVERE ] updating countdown to 47000
[23:02:02.562] [SEVERE ] updating countdown to 46000
[23:02:02.599] [SEVERE ] key 90 was pressed by player 1
[23:02:02.599] [SEVERE ] player 1 placing token on slot 8
[23:02:03.326] [SEVERE ] key 77 was pressed by player 2
[23:02:03.327] [SEVERE ] player 2 placing token on slot 8
[23:02:03.578] [SEVERE ] updating countdown to 45000
[23:02:04.591] [SEVERE ] updating countdown to 44000
[23:02:05.596] [SEVERE ] updating countdown to 43000
[23:02:06.613] [SEVERE ] key 69 was pressed by player 1
[23:02:06.614] [SEVERE ] updating countdown to 42000
[23:02:06.614] [SEVERE ] player 1 placing token on slot 2
[23:02:06.658] [SEVERE ] key 79 was pressed by player 2
[23:02:06.659] [SEVERE ] player 2 placing token on slot 2
