[11:09:55.845] [INFO   ] thread main starting.
[11:09:55.862] [SEVERE ] cannot read configuration file config.properties trying from resources.
[11:09:55.862] [SEVERE ] configuration file was loaded from resources directory.
[11:09:56.485] [INFO   ] thread dealer starting.
[11:09:56.485] [INFO   ] thread player 0 starting.
[11:09:56.488] [INFO   ] thread player 1 starting.
[11:09:56.488] [INFO   ] thread dealer starting.
[11:09:56.506] [INFO   ] thread player 0 starting.
[11:09:56.506] [INFO   ] thread player 1 starting.
[11:09:56.618] [SEVERE ] placing card 4 in slot 0
[11:09:56.734] [SEVERE ] placing card 1 in slot 1
[11:09:56.837] [SEVERE ] placing card 56 in slot 2
[11:09:56.939] [SEVERE ] placing card 65 in slot 3
[11:09:57.050] [SEVERE ] placing card 40 in slot 4
[11:09:57.154] [SEVERE ] placing card 21 in slot 5
[11:09:57.257] [SEVERE ] placing card 9 in slot 6
[11:09:57.373] [SEVERE ] placing card 20 in slot 7
[11:09:57.484] [SEVERE ] placing card 77 in slot 8
[11:09:57.596] [SEVERE ] placing card 34 in slot 9
[11:09:57.708] [SEVERE ] placing card 57 in slot 10
[11:09:57.818] [SEVERE ] placing card 61 in slot 11
[11:09:58.843] [SEVERE ] updating countdown to 59000
[11:09:59.868] [SEVERE ] updating countdown to 58000
[11:10:00.888] [SEVERE ] updating countdown to 57000
[11:10:01.903] [SEVERE ] updating countdown to 56000
[11:10:02.925] [SEVERE ] updating countdown to 55000
[11:10:03.949] [SEVERE ] updating countdown to 54000
[11:10:04.965] [SEVERE ] updating countdown to 53000
[11:10:05.976] [SEVERE ] updating countdown to 52000
[11:10:06.845] [SEVERE ] key 69 was pressed by player 1
[11:10:06.845] [SEVERE ] player 1 placing token on slot 2
[11:10:06.993] [SEVERE ] updating countdown to 51000
[11:10:07.123] [SEVERE ] key 79 was pressed by player 2
[11:10:07.123] [SEVERE ] player 2 placing token on slot 2
[11:10:08.000] [SEVERE ] updating countdown to 50000
[11:10:09.013] [SEVERE ] updating countdown to 49000
[11:10:10.031] [SEVERE ] updating countdown to 48000
[11:10:11.046] [SEVERE ] updating countdown to 47000
[11:10:11.603] [SEVERE ] key 67 was pressed by player 1
[11:10:11.603] [SEVERE ] player 1 placing token on slot 10
[11:10:12.008] [SEVERE ] key 46 was pressed by player 2
[11:10:12.009] [SEVERE ] player 2 placing token on slot 10
[11:10:12.058] [SEVERE ] updating countdown to 46000
[11:10:13.072] [SEVERE ] updating countdown to 45000
[11:10:13.413] [SEVERE ] key 47 was pressed by player 2
[11:10:13.413] [SEVERE ] player 2 placing token on slot 11
[11:10:13.417] [SEVERE ] setting player 2 score to 1
[11:10:13.417] [SEVERE ] setting player 2 freeze to 1000
[11:10:13.533] [SEVERE ] key 86 was pressed by player 1
[11:10:13.533] [SEVERE ] player 1 placing token on slot 11
[11:10:14.089] [SEVERE ] updating countdown to 44000
[11:10:14.089] [SEVERE ] removing player 1 token from slot 2
[11:10:14.101] [SEVERE ] removing player 2 token from slot 2
[11:10:14.210] [SEVERE ] removing card from slot 2
[11:10:14.210] [SEVERE ] removing player 1 token from slot 10
[11:10:14.210] [SEVERE ] removing player 2 token from slot 10
[11:10:14.322] [SEVERE ] removing card from slot 10
[11:10:14.323] [SEVERE ] removing player 1 token from slot 11
[11:10:14.323] [SEVERE ] removing player 2 token from slot 11
[11:10:14.417] [SEVERE ] setting player 2 freeze to 0
[11:10:14.521] [SEVERE ] placing card 6 in slot 2
[11:10:14.631] [SEVERE ] placing card 19 in slot 10
[11:10:15.635] [SEVERE ] updating countdown to 60000
[11:10:16.652] [SEVERE ] updating countdown to 59000
[11:10:17.669] [SEVERE ] updating countdown to 58000
[11:10:18.699] [SEVERE ] updating countdown to 57000
