[10:46:58.154] [INFO   ] thread main starting.
[10:46:58.164] [SEVERE ] cannot read configuration file config.properties trying from resources.
[10:46:58.164] [SEVERE ] configuration file was loaded from resources directory.
[10:46:58.784] [INFO   ] thread dealer starting.
[10:46:58.784] [INFO   ] thread player 0 starting.
[10:46:58.790] [INFO   ] thread player 1 starting.
[10:46:58.790] [INFO   ] thread dealer starting.
[10:46:58.790] [INFO   ] thread player 0 starting.
[10:46:58.795] [INFO   ] thread player 1 starting.
[10:46:58.912] [SEVERE ] placing card 4 in slot 0
[10:46:59.019] [SEVERE ] placing card 3 in slot 1
[10:46:59.130] [SEVERE ] placing card 30 in slot 2
[10:46:59.242] [SEVERE ] placing card 20 in slot 3
[10:46:59.349] [SEVERE ] placing card 2 in slot 4
[10:46:59.460] [SEVERE ] placing card 44 in slot 5
[10:46:59.572] [SEVERE ] placing card 46 in slot 6
[10:46:59.676] [SEVERE ] placing card 25 in slot 7
[10:46:59.781] [SEVERE ] placing card 13 in slot 8
[10:46:59.891] [SEVERE ] placing card 26 in slot 9
[10:47:00.002] [SEVERE ] placing card 78 in slot 10
[10:47:00.035] [SEVERE ] key 68 was pressed by player 1
[10:47:00.075] [SEVERE ] key 75 was pressed by player 2
[10:47:00.113] [SEVERE ] placing card 42 in slot 11
[10:47:00.208] [SEVERE ] key 76 was pressed by player 2
[10:47:01.124] [SEVERE ] updating countdown to 59000
[10:47:02.150] [SEVERE ] updating countdown to 58000
[10:47:03.164] [SEVERE ] updating countdown to 57000
[10:47:04.178] [SEVERE ] updating countdown to 56000
[10:47:05.184] [SEVERE ] updating countdown to 55000
[10:47:05.675] [SEVERE ] key 69 was pressed by player 1
[10:47:05.675] [SEVERE ] player 1 placing token on slot 2
[10:47:05.960] [SEVERE ] key 73 was pressed by player 2
[10:47:05.960] [SEVERE ] player 2 placing token on slot 1
[10:47:06.199] [SEVERE ] updating countdown to 54000
[10:47:06.474] [SEVERE ] key 73 was pressed by player 2
[10:47:06.474] [SEVERE ] removing player 2 token from slot 1
[10:47:07.216] [SEVERE ] updating countdown to 53000
[10:47:07.475] [SEVERE ] key 69 was pressed by player 1
[10:47:07.475] [SEVERE ] removing player 1 token from slot 2
[10:47:07.705] [SEVERE ] key 79 was pressed by player 2
[10:47:07.705] [SEVERE ] player 2 placing token on slot 2
[10:47:07.968] [SEVERE ] key 69 was pressed by player 1
[10:47:07.971] [SEVERE ] player 1 placing token on slot 2
[10:47:08.216] [SEVERE ] updating countdown to 52000
[10:47:08.414] [SEVERE ] key 79 was pressed by player 2
[10:47:08.419] [SEVERE ] removing player 2 token from slot 2
[10:47:08.694] [SEVERE ] key 69 was pressed by player 1
[10:47:08.695] [SEVERE ] removing player 1 token from slot 2
[10:47:09.230] [SEVERE ] updating countdown to 51000
[10:47:10.244] [SEVERE ] updating countdown to 50000
[10:47:11.250] [SEVERE ] updating countdown to 49000
[10:47:12.010] [SEVERE ] key 83 was pressed by player 1
[10:47:12.010] [SEVERE ] player 1 placing token on slot 5
[10:47:12.239] [SEVERE ] key 74 was pressed by player 2
[10:47:12.239] [SEVERE ] player 2 placing token on slot 4
[10:47:12.265] [SEVERE ] updating countdown to 48000
[10:47:12.684] [SEVERE ] key 74 was pressed by player 2
[10:47:12.684] [SEVERE ] removing player 2 token from slot 4
[10:47:12.932] [SEVERE ] key 75 was pressed by player 2
[10:47:12.932] [SEVERE ] player 2 placing token on slot 5
[10:47:13.276] [SEVERE ] updating countdown to 47000
[10:47:13.926] [SEVERE ] key 68 was pressed by player 1
[10:47:13.926] [SEVERE ] player 1 placing token on slot 6
[10:47:14.194] [SEVERE ] key 76 was pressed by player 2
[10:47:14.194] [SEVERE ] player 2 placing token on slot 6
[10:47:14.282] [SEVERE ] updating countdown to 46000
[10:47:15.284] [SEVERE ] updating countdown to 45000
[10:47:16.295] [SEVERE ] updating countdown to 44000
[10:47:17.027] [SEVERE ] key 68 was pressed by player 1
[10:47:17.027] [SEVERE ] removing player 1 token from slot 6
[10:47:17.214] [SEVERE ] key 76 was pressed by player 2
[10:47:17.214] [SEVERE ] removing player 2 token from slot 6
[10:47:17.298] [SEVERE ] updating countdown to 43000
[10:47:17.596] [SEVERE ] key 79 was pressed by player 2
[10:47:17.596] [SEVERE ] player 2 placing token on slot 2
[10:47:17.955] [SEVERE ] key 69 was pressed by player 1
[10:47:17.955] [SEVERE ] player 1 placing token on slot 2
[10:47:18.307] [SEVERE ] updating countdown to 42000
[10:47:19.311] [SEVERE ] updating countdown to 41000
[10:47:19.480] [SEVERE ] key 69 was pressed by player 1
[10:47:19.480] [SEVERE ] removing player 1 token from slot 2
[10:47:19.705] [SEVERE ] key 79 was pressed by player 2
[10:47:19.705] [SEVERE ] removing player 2 token from slot 2
[10:47:20.319] [SEVERE ] updating countdown to 40000
[10:47:20.355] [SEVERE ] key 68 was pressed by player 1
[10:47:20.356] [SEVERE ] player 1 placing token on slot 6
[10:47:20.569] [SEVERE ] key 76 was pressed by player 2
[10:47:20.569] [SEVERE ] player 2 placing token on slot 6
[10:47:21.324] [SEVERE ] updating countdown to 39000
[10:47:21.410] [SEVERE ] key 79 was pressed by player 2
[10:47:21.410] [SEVERE ] player 2 placing token on slot 2
[10:47:21.495] [SEVERE ] key 69 was pressed by player 1
[10:47:21.495] [SEVERE ] player 1 placing token on slot 2
[10:47:22.330] [SEVERE ] updating countdown to 38000
[10:47:22.330] [SEVERE ] setting player 2 score to 1
[10:47:22.332] [SEVERE ] setting player 2 freeze to 1000
[10:47:22.332] [SEVERE ] removing player 1 token from slot 5
[10:47:22.332] [SEVERE ] removing player 2 token from slot 5
[10:47:22.439] [SEVERE ] removing card from slot 5
[10:47:22.439] [SEVERE ] removing player 1 token from slot 6
[10:47:22.439] [SEVERE ] removing player 2 token from slot 6
[10:47:22.551] [SEVERE ] removing card from slot 6
[10:47:22.551] [SEVERE ] removing player 1 token from slot 2
[10:47:22.551] [SEVERE ] removing player 2 token from slot 2
[10:47:22.662] [SEVERE ] removing card from slot 2
[10:47:22.774] [SEVERE ] placing card 72 in slot 2
[10:47:22.886] [SEVERE ] placing card 8 in slot 5
[10:47:22.997] [SEVERE ] placing card 62 in slot 6
[10:47:23.333] [SEVERE ] setting player 2 freeze to 0
[10:47:24.349] [SEVERE ] updating countdown to 60000
[10:47:25.365] [SEVERE ] updating countdown to 59000
