[21:12:41.072] [INFO   ] thread main starting.
[21:12:41.082] [SEVERE ] cannot read configuration file config.properties trying from resources.
[21:12:41.082] [SEVERE ] configuration file was loaded from resources directory.
[21:12:41.592] [INFO   ] thread dealer starting.
[21:12:41.592] [INFO   ] thread player 0 starting.
[21:12:41.594] [INFO   ] thread player 1 starting.
[21:12:41.594] [INFO   ] thread player 0 starting.
[21:12:41.594] [INFO   ] thread dealer starting.
[21:12:41.598] [INFO   ] thread player 1 starting.
[21:12:41.704] [SEVERE ] placing card 80 in slot 0
[21:12:41.817] [SEVERE ] placing card 22 in slot 1
[21:12:41.919] [SEVERE ] placing card 60 in slot 2
[21:12:42.020] [SEVERE ] placing card 29 in slot 3
[21:12:42.132] [SEVERE ] placing card 45 in slot 4
[21:12:42.244] [SEVERE ] placing card 40 in slot 5
[21:12:42.355] [SEVERE ] placing card 76 in slot 6
[21:12:42.467] [SEVERE ] placing card 58 in slot 7
[21:12:42.582] [SEVERE ] placing card 78 in slot 8
[21:12:42.694] [SEVERE ] placing card 79 in slot 9
[21:12:42.806] [SEVERE ] placing card 50 in slot 10
[21:12:42.917] [SEVERE ] placing card 17 in slot 11
[21:12:43.923] [SEVERE ] updating countdown to 59000
[21:12:44.946] [SEVERE ] updating countdown to 58000
[21:12:45.164] [SEVERE ] key 81 was pressed by player 1
[21:12:45.164] [SEVERE ] player 1 placing token on slot 0
[21:12:45.324] [SEVERE ] key 87 was pressed by player 1
[21:12:45.324] [SEVERE ] player 1 placing token on slot 1
[21:12:45.922] [SEVERE ] key 65 was pressed by player 1
[21:12:45.922] [SEVERE ] player 1 placing token on slot 4
[21:12:45.922] [SEVERE ] setting player 1 score to 1
[21:12:45.930] [SEVERE ] setting player 1 freeze to 1000
[21:12:46.947] [SEVERE ] setting player 1 freeze to 0
[21:12:46.947] [SEVERE ] removing player 1 token from slot 0
[21:12:46.947] [SEVERE ] removing card from slot 0
[21:12:47.050] [SEVERE ] removing player 1 token from slot 1
[21:12:47.050] [SEVERE ] removing card from slot 1
[21:12:47.166] [SEVERE ] removing player 1 token from slot 4
[21:12:47.167] [SEVERE ] removing card from slot 4
[21:12:47.380] [SEVERE ] placing card 16 in slot 0
[21:12:47.492] [SEVERE ] placing card 56 in slot 1
[21:12:47.604] [SEVERE ] placing card 20 in slot 4
[21:12:47.613] [SEVERE ] updating countdown to 60000
[21:12:48.625] [SEVERE ] updating countdown to 59000
[21:12:49.634] [SEVERE ] updating countdown to 58000
[21:12:50.642] [SEVERE ] updating countdown to 57000
[21:12:51.652] [SEVERE ] updating countdown to 56000
[21:12:52.660] [SEVERE ] updating countdown to 55000
[21:12:53.662] [SEVERE ] updating countdown to 54000
[21:12:54.664] [SEVERE ] updating countdown to 53000
[21:12:55.586] [SEVERE ] key 87 was pressed by player 1
[21:12:55.586] [SEVERE ] player 1 placing token on slot 1
[21:12:55.666] [SEVERE ] updating countdown to 52000
[21:12:55.872] [SEVERE ] key 69 was pressed by player 1
[21:12:55.872] [SEVERE ] player 1 placing token on slot 2
[21:12:56.675] [SEVERE ] updating countdown to 51000
[21:12:57.522] [SEVERE ] key 70 was pressed by player 1
[21:12:57.522] [SEVERE ] player 1 placing token on slot 7
[21:12:57.522] [SEVERE ] setting player 1 score to 2
[21:12:57.522] [SEVERE ] setting player 1 freeze to 1000
[21:12:58.526] [SEVERE ] setting player 1 freeze to 0
[21:12:58.526] [SEVERE ] removing player 1 token from slot 1
[21:12:58.526] [SEVERE ] removing card from slot 1
[21:12:58.634] [SEVERE ] removing player 1 token from slot 2
[21:12:58.635] [SEVERE ] removing card from slot 2
[21:12:58.737] [SEVERE ] removing player 1 token from slot 7
[21:12:58.738] [SEVERE ] removing card from slot 7
[21:12:58.965] [SEVERE ] placing card 10 in slot 1
[21:12:59.075] [SEVERE ] placing card 11 in slot 2
[21:12:59.188] [SEVERE ] placing card 73 in slot 7
[21:12:59.188] [SEVERE ] updating countdown to 60000
[21:13:00.192] [SEVERE ] updating countdown to 59000
[21:13:01.196] [SEVERE ] updating countdown to 58000
[21:13:02.198] [SEVERE ] updating countdown to 57000
[21:13:03.198] [SEVERE ] updating countdown to 56000
[21:13:04.213] [SEVERE ] updating countdown to 55000
[21:13:05.228] [SEVERE ] updating countdown to 54000
[21:13:06.230] [SEVERE ] updating countdown to 53000
[21:13:07.246] [SEVERE ] updating countdown to 52000
[21:13:08.258] [SEVERE ] updating countdown to 51000
[21:13:09.260] [SEVERE ] updating countdown to 50000
[21:13:10.183] [SEVERE ] key 70 was pressed by player 1
[21:13:10.183] [SEVERE ] player 1 placing token on slot 7
[21:13:10.263] [SEVERE ] updating countdown to 49000
[21:13:10.527] [SEVERE ] key 76 was pressed by player 2
[21:13:10.527] [SEVERE ] player 2 placing token on slot 6
[21:13:10.952] [SEVERE ] key 76 was pressed by player 2
[21:13:10.952] [SEVERE ] removing player 2 token from slot 6
[21:13:11.213] [SEVERE ] key 59 was pressed by player 2
[21:13:11.213] [SEVERE ] player 2 placing token on slot 7
[21:13:11.276] [SEVERE ] updating countdown to 48000
[21:13:12.292] [SEVERE ] updating countdown to 47000
[21:13:13.307] [SEVERE ] updating countdown to 46000
[21:13:14.312] [SEVERE ] updating countdown to 45000
[21:13:14.372] [SEVERE ] key 59 was pressed by player 2
[21:13:14.372] [SEVERE ] removing player 2 token from slot 7
[21:13:14.687] [SEVERE ] key 68 was pressed by player 1
[21:13:14.687] [SEVERE ] player 1 placing token on slot 6
[21:13:15.272] [SEVERE ] key 68 was pressed by player 1
[21:13:15.272] [SEVERE ] removing player 1 token from slot 6
[21:13:15.326] [SEVERE ] updating countdown to 44000
[21:13:15.576] [SEVERE ] key 70 was pressed by player 1
[21:13:15.582] [SEVERE ] removing player 1 token from slot 7
[21:13:15.893] [SEVERE ] key 59 was pressed by player 2
[21:13:15.896] [SEVERE ] player 2 placing token on slot 7
[21:13:16.253] [SEVERE ] key 70 was pressed by player 1
[21:13:16.253] [SEVERE ] player 1 placing token on slot 7
[21:13:16.328] [SEVERE ] updating countdown to 43000
[21:13:17.042] [SEVERE ] key 70 was pressed by player 1
[21:13:17.042] [SEVERE ] removing player 1 token from slot 7
[21:13:17.330] [SEVERE ] updating countdown to 42000
[21:13:17.663] [SEVERE ] key 59 was pressed by player 2
[21:13:17.663] [SEVERE ] removing player 2 token from slot 7
[21:13:18.302] [SEVERE ] key 70 was pressed by player 1
[21:13:18.302] [SEVERE ] player 1 placing token on slot 7
[21:13:18.343] [SEVERE ] updating countdown to 41000
[21:13:18.592] [SEVERE ] key 59 was pressed by player 2
[21:13:18.592] [SEVERE ] player 2 placing token on slot 7
[21:13:18.952] [SEVERE ] key 70 was pressed by player 1
[21:13:18.952] [SEVERE ] removing player 1 token from slot 7
[21:13:19.272] [SEVERE ] key 59 was pressed by player 2
[21:13:19.272] [SEVERE ] removing player 2 token from slot 7
[21:13:19.344] [SEVERE ] updating countdown to 40000
[21:13:19.784] [SEVERE ] key 68 was pressed by player 1
[21:13:19.784] [SEVERE ] player 1 placing token on slot 6
[21:13:20.062] [SEVERE ] key 76 was pressed by player 2
[21:13:20.062] [SEVERE ] player 2 placing token on slot 6
[21:13:20.358] [SEVERE ] updating countdown to 39000
[21:13:21.374] [SEVERE ] updating countdown to 38000
[21:13:22.102] [SEVERE ] key 88 was pressed by player 1
[21:13:22.102] [SEVERE ] player 1 placing token on slot 9
[21:13:22.378] [SEVERE ] updating countdown to 37000
[21:13:22.388] [SEVERE ] key 44 was pressed by player 2
[21:13:22.388] [SEVERE ] player 2 placing token on slot 9
[21:13:23.390] [SEVERE ] updating countdown to 36000
[21:13:24.393] [SEVERE ] updating countdown to 35000
[21:13:25.394] [SEVERE ] updating countdown to 34000
[21:13:26.396] [SEVERE ] updating countdown to 33000
[21:13:26.816] [SEVERE ] key 70 was pressed by player 1
[21:13:26.816] [SEVERE ] player 1 placing token on slot 7
[21:13:26.822] [SEVERE ] setting player 1 score to 3
[21:13:26.822] [SEVERE ] setting player 1 freeze to 1000
[21:13:26.918] [SEVERE ] key 59 was pressed by player 2
[21:13:26.919] [SEVERE ] player 2 placing token on slot 7
[21:13:27.823] [SEVERE ] setting player 1 freeze to 0
[21:13:27.823] [SEVERE ] setting player 2 score to 1
[21:13:27.825] [SEVERE ] setting player 2 freeze to 1000
[21:13:28.840] [SEVERE ] setting player 2 freeze to 0
[21:13:28.842] [SEVERE ] removing player 1 token from slot 6
[21:13:28.842] [SEVERE ] removing player 2 token from slot 6
[21:13:28.842] [SEVERE ] removing card from slot 6
[21:13:28.842] [SEVERE ] removing player 1 token from slot 9
[21:13:28.842] [SEVERE ] removing player 2 token from slot 9
[21:13:28.842] [SEVERE ] removing card from slot 9
[21:13:28.947] [SEVERE ] removing player 1 token from slot 7
[21:13:28.947] [SEVERE ] removing player 2 token from slot 7
[21:13:28.949] [SEVERE ] removing card from slot 7
[21:13:29.164] [SEVERE ] placing card 41 in slot 6
[21:13:29.265] [SEVERE ] placing card 27 in slot 7
[21:13:29.380] [SEVERE ] placing card 44 in slot 9
[21:13:29.382] [SEVERE ] updating countdown to 60000
