[11:56:24.537] [INFO   ] thread main starting.
[11:56:24.552] [SEVERE ] cannot read configuration file config.properties trying from resources.
[11:56:24.556] [SEVERE ] configuration file was loaded from resources directory.
[11:56:25.369] [INFO   ] thread dealer starting.
[11:56:25.371] [INFO   ] thread player 0 starting.
[11:56:25.372] [INFO   ] thread player 1 starting.
[11:56:25.372] [INFO   ] thread player 0 starting.
[11:56:25.372] [INFO   ] thread dealer starting.
[11:56:25.373] [INFO   ] thread player 1 starting.
[11:56:25.491] [SEVERE ] placing card 68 in slot 0
[11:56:25.603] [SEVERE ] placing card 80 in slot 1
[11:56:25.712] [SEVERE ] placing card 64 in slot 2
[11:56:25.821] [SEVERE ] placing card 45 in slot 3
[11:56:25.929] [SEVERE ] placing card 49 in slot 4
[11:56:26.039] [SEVERE ] placing card 32 in slot 5
[11:56:26.151] [SEVERE ] placing card 8 in slot 6
[11:56:26.260] [SEVERE ] placing card 56 in slot 7
[11:56:26.369] [SEVERE ] placing card 6 in slot 8
[11:56:26.478] [SEVERE ] placing card 75 in slot 9
[11:56:26.586] [SEVERE ] placing card 48 in slot 10
[11:56:26.696] [SEVERE ] placing card 4 in slot 11
[11:56:27.722] [SEVERE ] updating countdown to 59000
[11:56:28.740] [SEVERE ] updating countdown to 58000
[11:56:29.763] [SEVERE ] updating countdown to 57000
[11:56:30.769] [SEVERE ] updating countdown to 56000
[11:56:31.775] [SEVERE ] updating countdown to 55000
[11:56:32.785] [SEVERE ] updating countdown to 54000
[11:56:33.798] [SEVERE ] updating countdown to 53000
[11:56:34.808] [SEVERE ] updating countdown to 52000
[11:56:34.836] [SEVERE ] key 69 was pressed by player 1
[11:56:34.837] [SEVERE ] player 1 placing token on slot 2
[11:56:35.102] [SEVERE ] key 79 was pressed by player 2
[11:56:35.103] [SEVERE ] player 2 placing token on slot 2
[11:56:35.492] [SEVERE ] key 69 was pressed by player 1
[11:56:35.493] [SEVERE ] removing player 1 token from slot 2
[11:56:35.819] [SEVERE ] key 79 was pressed by player 2
[11:56:35.820] [SEVERE ] removing player 2 token from slot 2
[11:56:35.821] [SEVERE ] updating countdown to 51000
[11:56:36.138] [SEVERE ] key 69 was pressed by player 1
[11:56:36.138] [SEVERE ] player 1 placing token on slot 2
[11:56:36.315] [SEVERE ] key 79 was pressed by player 2
[11:56:36.315] [SEVERE ] player 2 placing token on slot 2
[11:56:36.836] [SEVERE ] updating countdown to 50000
[11:56:37.201] [SEVERE ] key 69 was pressed by player 1
[11:56:37.202] [SEVERE ] removing player 1 token from slot 2
[11:56:37.682] [SEVERE ] key 79 was pressed by player 2
[11:56:37.683] [SEVERE ] removing player 2 token from slot 2
[11:56:37.853] [SEVERE ] updating countdown to 49000
[11:56:38.868] [SEVERE ] updating countdown to 48000
[11:56:39.882] [SEVERE ] updating countdown to 47000
