[23:33:09.993] [INFO   ] thread main starting.
[23:33:09.993] [SEVERE ] cannot read configuration file config.properties trying from resources.
[23:33:09.993] [SEVERE ] configuration file was loaded from resources directory.
[23:33:10.615] [INFO   ] thread dealer starting.
[23:33:10.616] [INFO   ] thread player 0 starting.
[23:33:10.616] [INFO   ] thread player 1 starting.
[23:33:10.616] [INFO   ] thread player 0 starting.
[23:33:10.617] [INFO   ] thread dealer starting.
[23:33:10.618] [INFO   ] thread player 1 starting.
[23:33:10.741] [SEVERE ] placing card 69 in slot 0
[23:33:10.856] [SEVERE ] placing card 32 in slot 1
[23:33:10.967] [SEVERE ] placing card 36 in slot 2
[23:33:11.077] [SEVERE ] placing card 10 in slot 3
[23:33:11.186] [SEVERE ] placing card 45 in slot 4
[23:33:11.296] [SEVERE ] placing card 42 in slot 5
[23:33:11.406] [SEVERE ] placing card 56 in slot 6
[23:33:11.519] [SEVERE ] placing card 67 in slot 7
[23:33:11.630] [SEVERE ] placing card 9 in slot 8
[23:33:11.740] [SEVERE ] placing card 53 in slot 9
[23:33:11.850] [SEVERE ] placing card 44 in slot 10
[23:33:11.960] [SEVERE ] placing card 64 in slot 11
[23:33:12.966] [SEVERE ] updating countdown to 59000
[23:33:13.972] [SEVERE ] updating countdown to 58000
[23:33:14.987] [SEVERE ] updating countdown to 57000
[23:33:15.954] [SEVERE ] key 82 was pressed by player 1
[23:33:15.954] [SEVERE ] player 1 placing token on slot 3
[23:33:16.001] [SEVERE ] updating countdown to 56000
[23:33:16.831] [SEVERE ] key 65 was pressed by player 1
[23:33:16.831] [SEVERE ] player 1 placing token on slot 4
[23:33:17.004] [SEVERE ] updating countdown to 55000
[23:33:17.786] [SEVERE ] key 68 was pressed by player 1
[23:33:17.786] [SEVERE ] player 1 placing token on slot 6
[23:33:17.786] [SEVERE ] removing player 1 token from slot 3
[23:33:17.786] [SEVERE ] removing card from slot 3
[23:33:17.889] [SEVERE ] removing player 1 token from slot 4
[23:33:17.890] [SEVERE ] removing card from slot 4
[23:33:18.005] [SEVERE ] removing player 1 token from slot 6
[23:33:18.005] [SEVERE ] removing card from slot 6
[23:33:18.219] [SEVERE ] placing card 5 in slot 3
[23:33:18.330] [SEVERE ] placing card 8 in slot 4
[23:33:18.440] [SEVERE ] placing card 34 in slot 6
[23:33:18.440] [SEVERE ] updating countdown to 60000
[23:33:19.454] [SEVERE ] updating countdown to 59000
[23:33:20.125] [SEVERE ] key 68 was pressed by player 1
[23:33:20.456] [SEVERE ] updating countdown to 58000
[23:33:20.714] [SEVERE ] key 68 was pressed by player 1
[23:33:21.464] [SEVERE ] updating countdown to 57000
[23:33:22.471] [SEVERE ] updating countdown to 56000
[23:33:23.474] [SEVERE ] updating countdown to 55000
