[21:00:11.715] [INFO   ] thread main starting.
[21:00:11.728] [SEVERE ] cannot read configuration file config.properties trying from resources.
[21:00:11.731] [SEVERE ] configuration file was loaded from resources directory.
[21:00:12.374] [INFO   ] thread dealer starting.
[21:00:12.405] [INFO   ] thread player 0 starting.
[21:00:12.407] [INFO   ] thread player 1 starting.
[21:00:12.407] [INFO   ] thread player 0 starting.
[21:00:12.408] [INFO   ] thread dealer starting.
[21:00:12.408] [INFO   ] thread player 1 starting.
[21:00:12.530] [SEVERE ] placing card 24 in slot 0
[21:00:12.639] [SEVERE ] placing card 52 in slot 1
[21:00:12.749] [SEVERE ] placing card 35 in slot 2
[21:00:12.859] [SEVERE ] placing card 42 in slot 3
[21:00:12.968] [SEVERE ] placing card 13 in slot 4
[21:00:13.077] [SEVERE ] placing card 80 in slot 5
[21:00:13.187] [SEVERE ] placing card 74 in slot 6
[21:00:13.297] [SEVERE ] placing card 20 in slot 7
[21:00:13.406] [SEVERE ] placing card 55 in slot 8
[21:00:13.514] [SEVERE ] placing card 2 in slot 9
[21:00:13.622] [SEVERE ] placing card 6 in slot 10
[21:00:13.730] [SEVERE ] placing card 45 in slot 11
[21:00:14.755] [SEVERE ] updating countdown to 59000
[21:00:15.762] [SEVERE ] updating countdown to 58000
[21:00:16.772] [SEVERE ] updating countdown to 57000
[21:00:17.153] [SEVERE ] key 81 was pressed by player 1
[21:00:17.153] [SEVERE ] player 1 placing token on slot 0
[21:00:17.399] [SEVERE ] key 87 was pressed by player 1
[21:00:17.399] [SEVERE ] player 1 placing token on slot 1
[21:00:17.693] [SEVERE ] key 83 was pressed by player 1
[21:00:17.693] [SEVERE ] player 1 placing token on slot 5
[21:00:17.695] [SEVERE ] setting player 1 score to 1
[21:00:17.696] [SEVERE ] setting player 1 freeze to 1000
[21:00:18.698] [SEVERE ] setting player 1 freeze to 0
[21:00:18.699] [SEVERE ] removing player 1 token from slot 0
[21:00:18.699] [SEVERE ] removing card from slot 0
[21:00:18.805] [SEVERE ] removing player 1 token from slot 1
[21:00:18.805] [SEVERE ] removing card from slot 1
[21:00:18.915] [SEVERE ] removing player 1 token from slot 5
[21:00:18.915] [SEVERE ] removing card from slot 5
[21:00:19.134] [SEVERE ] placing card 1 in slot 0
[21:00:19.244] [SEVERE ] placing card 26 in slot 1
[21:00:19.354] [SEVERE ] placing card 57 in slot 5
[21:00:19.357] [INFO   ] thread dealer terminated.
