[18:42:34.102] [INFO   ] thread main starting.
[18:42:34.111] [SEVERE ] cannot read configuration file config.properties trying from resources.
[18:42:34.114] [SEVERE ] configuration file was loaded from resources directory.
[18:42:34.734] [INFO   ] thread dealer starting.
[18:42:34.755] [INFO   ] thread player 0 starting.
[18:42:34.757] [INFO   ] thread player 1 starting.
[18:42:34.761] [INFO   ] thread player 0 starting.
[18:42:34.761] [INFO   ] thread dealer starting.
[18:42:34.762] [INFO   ] thread player 1 starting.
[18:42:34.882] [SEVERE ] placing card 54 in slot 0
[18:42:34.992] [SEVERE ] placing card 39 in slot 1
[18:42:35.101] [SEVERE ] placing card 9 in slot 2
[18:42:35.210] [SEVERE ] placing card 26 in slot 3
[18:42:35.318] [SEVERE ] placing card 30 in slot 4
[18:42:35.427] [SEVERE ] placing card 67 in slot 5
[18:42:35.536] [SEVERE ] placing card 75 in slot 6
[18:42:35.644] [SEVERE ] placing card 45 in slot 7
[18:42:35.751] [SEVERE ] placing card 11 in slot 8
[18:42:35.860] [SEVERE ] placing card 52 in slot 9
[18:42:35.939] [SEVERE ] key 68 was pressed by player 1
[18:42:35.969] [SEVERE ] placing card 7 in slot 10
[18:42:36.011] [SEVERE ] key 76 was pressed by player 2
[18:42:36.078] [SEVERE ] placing card 38 in slot 11
[18:42:36.104] [SEVERE ] key 80 was pressed by player 2
[18:42:36.231] [SEVERE ] key 79 was pressed by player 2
[18:42:36.251] [SEVERE ] key 69 was pressed by player 1
[18:42:36.335] [SEVERE ] key 80 was pressed by player 2
[18:42:36.613] [SEVERE ] key 83 was pressed by player 1
[18:42:37.095] [SEVERE ] updating countdown to 59000
[18:42:38.114] [SEVERE ] updating countdown to 58000
[18:42:39.131] [SEVERE ] updating countdown to 57000
[18:42:40.141] [SEVERE ] updating countdown to 56000
[18:42:41.147] [SEVERE ] updating countdown to 55000
[18:42:42.151] [SEVERE ] updating countdown to 54000
[18:42:43.164] [SEVERE ] updating countdown to 53000
[18:42:44.173] [SEVERE ] updating countdown to 52000
[18:42:45.181] [SEVERE ] updating countdown to 51000
[18:42:46.199] [SEVERE ] updating countdown to 50000
[18:42:47.209] [SEVERE ] updating countdown to 49000
[18:42:48.226] [SEVERE ] updating countdown to 48000
[18:42:49.237] [SEVERE ] updating countdown to 47000
[18:42:50.253] [SEVERE ] updating countdown to 46000
[18:42:51.266] [SEVERE ] updating countdown to 45000
[18:42:51.436] [SEVERE ] key 81 was pressed by player 1
[18:42:51.436] [SEVERE ] player 1 placing token on slot 0
[18:42:51.558] [SEVERE ] key 85 was pressed by player 2
[18:42:51.558] [SEVERE ] player 2 placing token on slot 0
[18:42:52.111] [SEVERE ] key 81 was pressed by player 1
[18:42:52.112] [SEVERE ] removing player 1 token from slot 0
[18:42:52.275] [SEVERE ] updating countdown to 44000
[18:42:52.435] [SEVERE ] key 85 was pressed by player 2
[18:42:52.435] [SEVERE ] removing player 2 token from slot 0
[18:42:53.169] [SEVERE ] key 69 was pressed by player 1
[18:42:53.170] [SEVERE ] player 1 placing token on slot 2
[18:42:53.292] [SEVERE ] updating countdown to 43000
[18:42:53.570] [SEVERE ] key 73 was pressed by player 2
[18:42:53.570] [SEVERE ] player 2 placing token on slot 1
[18:42:53.935] [SEVERE ] key 73 was pressed by player 2
[18:42:53.935] [SEVERE ] removing player 2 token from slot 1
[18:42:54.131] [SEVERE ] key 79 was pressed by player 2
[18:42:54.131] [SEVERE ] player 2 placing token on slot 2
[18:42:54.303] [SEVERE ] updating countdown to 42000
[18:42:55.318] [SEVERE ] updating countdown to 41000
[18:42:55.797] [SEVERE ] key 88 was pressed by player 1
[18:42:55.798] [SEVERE ] player 1 placing token on slot 9
[18:42:56.073] [SEVERE ] key 77 was pressed by player 2
[18:42:56.074] [SEVERE ] player 2 placing token on slot 8
[18:42:56.329] [SEVERE ] updating countdown to 40000
[18:42:56.514] [SEVERE ] key 77 was pressed by player 2
[18:42:56.515] [SEVERE ] removing player 2 token from slot 8
[18:42:56.711] [SEVERE ] key 44 was pressed by player 2
[18:42:56.712] [SEVERE ] player 2 placing token on slot 9
[18:42:57.337] [SEVERE ] updating countdown to 39000
[18:42:58.346] [SEVERE ] updating countdown to 38000
[18:42:59.356] [SEVERE ] updating countdown to 37000
[18:43:00.369] [SEVERE ] updating countdown to 36000
[18:43:00.602] [SEVERE ] key 81 was pressed by player 1
[18:43:00.602] [SEVERE ] player 1 placing token on slot 0
[18:43:00.605] [SEVERE ] setting player 1 freeze to 3000
[18:43:00.703] [SEVERE ] key 85 was pressed by player 2
[18:43:00.703] [SEVERE ] player 2 placing token on slot 0
[18:43:01.379] [SEVERE ] updating countdown to 35000
[18:43:01.610] [SEVERE ] setting player 1 freeze to 2000
[18:43:02.393] [SEVERE ] updating countdown to 34000
[18:43:02.621] [SEVERE ] setting player 1 freeze to 1000
[18:43:03.402] [SEVERE ] updating countdown to 33000
[18:43:03.632] [SEVERE ] setting player 1 freeze to 0
[18:43:03.633] [SEVERE ] setting player 2 freeze to 3000
[18:43:04.407] [SEVERE ] updating countdown to 32000
[18:43:04.535] [SEVERE ] key 81 was pressed by player 1
[18:43:04.535] [SEVERE ] removing player 1 token from slot 0
[18:43:04.636] [SEVERE ] setting player 2 freeze to 2000
[18:43:05.413] [SEVERE ] updating countdown to 31000
[18:43:05.641] [SEVERE ] setting player 2 freeze to 1000
[18:43:06.417] [SEVERE ] updating countdown to 30000
[18:43:06.646] [SEVERE ] setting player 2 freeze to 0
[18:43:07.402] [SEVERE ] key 85 was pressed by player 2
[18:43:07.403] [SEVERE ] removing player 2 token from slot 0
[18:43:07.432] [SEVERE ] updating countdown to 29000
[18:43:08.444] [SEVERE ] updating countdown to 28000
[18:43:08.685] [SEVERE ] key 69 was pressed by player 1
[18:43:08.685] [SEVERE ] removing player 1 token from slot 2
[18:43:09.453] [SEVERE ] updating countdown to 27000
[18:43:10.131] [SEVERE ] key 88 was pressed by player 1
[18:43:10.131] [SEVERE ] removing player 1 token from slot 9
[18:43:10.471] [SEVERE ] updating countdown to 26000
[18:43:11.485] [SEVERE ] updating countdown to 25000
[18:43:11.985] [SEVERE ] key 77 was pressed by player 2
[18:43:11.985] [SEVERE ] player 2 placing token on slot 8
[18:43:11.987] [SEVERE ] setting player 2 freeze to 3000
[18:43:12.495] [SEVERE ] updating countdown to 24000
[18:43:12.850] [SEVERE ] key 77 was pressed by player 2
[18:43:12.992] [SEVERE ] setting player 2 freeze to 2000
[18:43:13.510] [SEVERE ] updating countdown to 23000
[18:43:14.003] [SEVERE ] setting player 2 freeze to 1000
[18:43:14.518] [SEVERE ] updating countdown to 22000
[18:43:15.011] [SEVERE ] setting player 2 freeze to 0
[18:43:15.525] [SEVERE ] updating countdown to 21000
[18:43:16.535] [SEVERE ] updating countdown to 20000
[18:43:17.291] [SEVERE ] key 77 was pressed by player 2
[18:43:17.292] [SEVERE ] removing player 2 token from slot 8
[18:43:17.544] [SEVERE ] updating countdown to 19000
[18:43:17.843] [SEVERE ] key 44 was pressed by player 2
[18:43:17.843] [SEVERE ] removing player 2 token from slot 9
[18:43:18.552] [SEVERE ] updating countdown to 18000
[18:43:18.978] [SEVERE ] key 80 was pressed by player 2
[18:43:18.979] [SEVERE ] player 2 placing token on slot 3
[18:43:19.562] [SEVERE ] updating countdown to 17000
[18:43:19.828] [SEVERE ] key 79 was pressed by player 2
[18:43:19.829] [SEVERE ] removing player 2 token from slot 2
[18:43:20.036] [SEVERE ] key 80 was pressed by player 2
[18:43:20.036] [SEVERE ] removing player 2 token from slot 3
[18:43:20.575] [SEVERE ] updating countdown to 16000
[18:43:21.590] [SEVERE ] updating countdown to 15000
[18:43:22.602] [SEVERE ] updating countdown to 14000
[18:43:23.614] [SEVERE ] updating countdown to 13000
[18:43:24.626] [SEVERE ] updating countdown to 12000
[18:43:25.636] [SEVERE ] updating countdown to 11000
[18:43:26.647] [SEVERE ] updating countdown to 10000
[18:43:27.660] [SEVERE ] updating countdown to 9000
[18:43:28.302] [SEVERE ] key 81 was pressed by player 1
[18:43:28.302] [SEVERE ] player 1 placing token on slot 0
[18:43:28.476] [SEVERE ] key 80 was pressed by player 2
[18:43:28.476] [SEVERE ] player 2 placing token on slot 3
[18:43:28.618] [SEVERE ] key 79 was pressed by player 2
[18:43:28.618] [SEVERE ] player 2 placing token on slot 2
[18:43:28.674] [SEVERE ] updating countdown to 8000
[18:43:29.013] [SEVERE ] key 87 was pressed by player 1
[18:43:29.014] [SEVERE ] player 1 placing token on slot 1
[18:43:29.683] [SEVERE ] updating countdown to 7000
[18:43:30.697] [SEVERE ] updating countdown to 6000
[18:43:31.481] [SEVERE ] key 65 was pressed by player 1
[18:43:31.482] [SEVERE ] player 1 placing token on slot 4
[18:43:31.484] [SEVERE ] setting player 1 freeze to 3000
[18:43:31.665] [SEVERE ] key 75 was pressed by player 2
[18:43:31.665] [SEVERE ] player 2 placing token on slot 5
[18:43:31.704] [SEVERE ] updating countdown to 5000
[18:43:32.497] [SEVERE ] setting player 1 freeze to 2000
[18:43:32.713] [SEVERE ] updating countdown to 4000
[18:43:33.503] [SEVERE ] setting player 1 freeze to 1000
[18:43:33.726] [SEVERE ] updating countdown to 3000
[18:43:34.518] [SEVERE ] setting player 1 freeze to 0
[18:43:34.519] [SEVERE ] setting player 2 freeze to 3000
[18:43:34.735] [SEVERE ] updating countdown to 2000
[18:43:35.528] [SEVERE ] setting player 2 freeze to 2000
[18:43:35.746] [SEVERE ] updating countdown to 1000
[18:43:36.538] [SEVERE ] setting player 2 freeze to 1000
[18:43:36.756] [SEVERE ] updating countdown to 0
[18:43:37.548] [SEVERE ] setting player 2 freeze to 0
[18:43:37.770] [SEVERE ] removing player 1 token from slot 0
[18:43:37.770] [SEVERE ] removing player 1 token from slot 1
[18:43:37.770] [SEVERE ] removing player 1 token from slot 4
[18:43:37.770] [SEVERE ] removing player 2 token from slot 3
[18:43:37.771] [SEVERE ] removing player 2 token from slot 2
[18:43:37.771] [SEVERE ] removing player 2 token from slot 5
[18:43:37.771] [SEVERE ] removing card from slot 0
[18:43:37.876] [SEVERE ] removing card from slot 1
[18:43:37.984] [SEVERE ] removing card from slot 2
[18:43:38.093] [SEVERE ] removing card from slot 3
[18:43:38.202] [SEVERE ] removing card from slot 4
[18:43:38.311] [SEVERE ] removing card from slot 5
[18:43:38.420] [SEVERE ] removing card from slot 6
[18:43:38.528] [SEVERE ] removing card from slot 7
[18:43:38.637] [SEVERE ] removing card from slot 8
[18:43:38.747] [SEVERE ] removing card from slot 9
[18:43:38.856] [SEVERE ] removing card from slot 10
[18:43:38.967] [SEVERE ] removing card from slot 11
[18:43:39.184] [SEVERE ] placing card 64 in slot 0
[18:43:39.292] [SEVERE ] placing card 37 in slot 1
[18:43:39.402] [SEVERE ] placing card 15 in slot 2
[18:43:39.512] [SEVERE ] placing card 47 in slot 3
[18:43:39.622] [SEVERE ] placing card 66 in slot 4
