[12:51:31.774] [INFO   ] thread main starting.
[12:51:31.794] [SEVERE ] cannot read configuration file config.properties trying from resources.
[12:51:31.799] [SEVERE ] configuration file was loaded from resources directory.
[12:51:32.909] [INFO   ] thread dealer starting.
[12:51:32.910] [INFO   ] thread player 0 starting.
[12:51:32.912] [INFO   ] thread player 1 starting.
[12:51:32.912] [INFO   ] thread dealer starting.
[12:51:32.922] [INFO   ] thread player 0 starting.
[12:51:32.922] [INFO   ] thread player 1 starting.
[12:51:33.052] [SEVERE ] placing card 75 in slot 0
[12:51:33.160] [SEVERE ] placing card 18 in slot 1
[12:51:33.270] [SEVERE ] placing card 47 in slot 2
[12:51:33.378] [SEVERE ] placing card 34 in slot 3
[12:51:33.486] [SEVERE ] placing card 56 in slot 4
[12:51:33.595] [SEVERE ] placing card 17 in slot 5
[12:51:33.704] [SEVERE ] placing card 43 in slot 6
[12:51:33.814] [SEVERE ] placing card 23 in slot 7
[12:51:33.922] [SEVERE ] placing card 61 in slot 8
[12:51:34.030] [SEVERE ] placing card 46 in slot 9
[12:51:34.141] [SEVERE ] placing card 31 in slot 10
[12:51:34.251] [SEVERE ] placing card 6 in slot 11
[12:51:35.276] [SEVERE ] updating countdown to 59000
[12:51:36.289] [SEVERE ] updating countdown to 58000
[12:51:37.307] [SEVERE ] updating countdown to 57000
[12:51:38.325] [SEVERE ] updating countdown to 56000
[12:51:38.977] [SEVERE ] key 86 was pressed by player 1
[12:51:38.978] [SEVERE ] player 1 placing token on slot 11
[12:51:39.326] [SEVERE ] key 67 was pressed by player 1
[12:51:39.328] [SEVERE ] player 1 placing token on slot 10
[12:51:39.337] [SEVERE ] updating countdown to 55000
[12:51:40.075] [SEVERE ] key 65 was pressed by player 1
[12:51:40.077] [SEVERE ] player 1 placing token on slot 4
[12:51:40.082] [SEVERE ] setting player 1 score to 1
[12:51:40.086] [SEVERE ] setting player 1 freeze to 1000
[12:51:40.347] [SEVERE ] updating countdown to 54000
[12:51:41.092] [SEVERE ] setting player 1 freeze to 0
[12:51:41.093] [SEVERE ] removing player 1 token from slot 11
[12:51:41.094] [SEVERE ] removing card from slot 11
[12:51:41.201] [SEVERE ] removing player 1 token from slot 10
[12:51:41.201] [SEVERE ] removing card from slot 10
[12:51:41.309] [SEVERE ] removing player 1 token from slot 4
[12:51:41.309] [SEVERE ] removing card from slot 4
[12:51:41.526] [SEVERE ] placing card 40 in slot 4
[12:51:41.633] [SEVERE ] placing card 62 in slot 10
[12:51:41.742] [SEVERE ] placing card 50 in slot 11
[12:51:41.746] [SEVERE ] updating countdown to 60000
[12:51:42.756] [SEVERE ] updating countdown to 59000
[12:51:43.770] [SEVERE ] updating countdown to 58000
[12:51:44.776] [SEVERE ] updating countdown to 57000
[12:51:45.788] [SEVERE ] updating countdown to 56000
[12:51:46.222] [SEVERE ] key 87 was pressed by player 1
[12:51:46.222] [SEVERE ] player 1 placing token on slot 1
[12:51:46.526] [SEVERE ] key 65 was pressed by player 1
[12:51:46.527] [SEVERE ] player 1 placing token on slot 4
[12:51:46.799] [SEVERE ] updating countdown to 55000
[12:51:47.808] [SEVERE ] updating countdown to 54000
[12:51:48.169] [SEVERE ] key 67 was pressed by player 1
[12:51:48.169] [SEVERE ] player 1 placing token on slot 10
[12:51:48.172] [SEVERE ] setting player 1 score to 2
[12:51:48.172] [SEVERE ] setting player 1 freeze to 1000
[12:51:48.822] [SEVERE ] updating countdown to 53000
[12:51:49.177] [SEVERE ] setting player 1 freeze to 0
[12:51:49.178] [SEVERE ] removing player 1 token from slot 1
[12:51:49.179] [SEVERE ] removing card from slot 1
[12:51:49.286] [SEVERE ] removing player 1 token from slot 4
[12:51:49.287] [SEVERE ] removing card from slot 4
[12:51:49.395] [SEVERE ] removing player 1 token from slot 10
[12:51:49.395] [SEVERE ] removing card from slot 10
[12:51:49.612] [SEVERE ] placing card 42 in slot 1
[12:51:49.719] [SEVERE ] placing card 44 in slot 4
[12:51:49.830] [SEVERE ] placing card 28 in slot 10
[12:51:49.833] [SEVERE ] updating countdown to 60000
[12:51:50.843] [SEVERE ] updating countdown to 59000
[12:51:51.853] [SEVERE ] updating countdown to 58000
[12:51:52.863] [SEVERE ] updating countdown to 57000
[12:51:53.872] [SEVERE ] updating countdown to 56000
[12:51:54.880] [SEVERE ] updating countdown to 55000
[12:51:55.896] [SEVERE ] updating countdown to 54000
[12:51:56.906] [SEVERE ] updating countdown to 53000
[12:51:57.918] [SEVERE ] updating countdown to 52000
[12:51:58.928] [SEVERE ] updating countdown to 51000
[12:51:59.940] [SEVERE ] updating countdown to 50000
[12:52:00.950] [SEVERE ] updating countdown to 49000
[12:52:01.955] [SEVERE ] updating countdown to 48000
[12:52:02.961] [SEVERE ] updating countdown to 47000
[12:52:03.974] [SEVERE ] updating countdown to 46000
[12:52:04.674] [SEVERE ] key 87 was pressed by player 1
[12:52:04.675] [SEVERE ] player 1 placing token on slot 1
[12:52:04.983] [SEVERE ] updating countdown to 45000
[12:52:05.995] [SEVERE ] updating countdown to 44000
[12:52:07.001] [SEVERE ] updating countdown to 43000
[12:52:07.278] [SEVERE ] key 67 was pressed by player 1
[12:52:07.278] [SEVERE ] player 1 placing token on slot 10
[12:52:07.518] [SEVERE ] key 86 was pressed by player 1
[12:52:07.518] [SEVERE ] player 1 placing token on slot 11
[12:52:07.522] [SEVERE ] setting player 1 score to 3
[12:52:07.522] [SEVERE ] setting player 1 freeze to 1000
[12:52:07.993] [SEVERE ] key 83 was pressed by player 1
[12:52:08.016] [SEVERE ] updating countdown to 42000
[12:52:08.529] [SEVERE ] setting player 1 freeze to 0
[12:52:08.530] [SEVERE ] removing player 1 token from slot 1
[12:52:08.530] [SEVERE ] removing card from slot 1
[12:52:08.638] [SEVERE ] removing player 1 token from slot 10
[12:52:08.638] [SEVERE ] removing card from slot 10
[12:52:08.747] [SEVERE ] removing player 1 token from slot 11
[12:52:08.747] [SEVERE ] removing card from slot 11
[12:52:08.965] [SEVERE ] placing card 69 in slot 1
[12:52:09.073] [SEVERE ] placing card 66 in slot 10
[12:52:09.182] [SEVERE ] placing card 24 in slot 11
[12:52:09.187] [SEVERE ] updating countdown to 60000
[12:52:10.191] [SEVERE ] updating countdown to 59000
[12:52:11.196] [SEVERE ] updating countdown to 58000
[12:52:12.210] [SEVERE ] updating countdown to 57000
[12:52:13.217] [SEVERE ] updating countdown to 56000
[12:52:14.228] [SEVERE ] updating countdown to 55000
[12:52:15.240] [SEVERE ] updating countdown to 54000
[12:52:16.249] [SEVERE ] updating countdown to 53000
[12:52:17.258] [SEVERE ] updating countdown to 52000
[12:52:18.270] [SEVERE ] updating countdown to 51000
[12:52:19.284] [SEVERE ] updating countdown to 50000
[12:52:19.618] [SEVERE ] key 87 was pressed by player 1
[12:52:19.619] [SEVERE ] player 1 placing token on slot 1
[12:52:19.816] [SEVERE ] key 73 was pressed by player 2
[12:52:19.817] [SEVERE ] player 2 placing token on slot 1
[12:52:20.298] [SEVERE ] updating countdown to 49000
[12:52:20.336] [SEVERE ] key 87 was pressed by player 1
[12:52:20.336] [SEVERE ] removing player 1 token from slot 1
[12:52:20.609] [SEVERE ] key 73 was pressed by player 2
[12:52:20.609] [SEVERE ] removing player 2 token from slot 1
[12:52:21.109] [SEVERE ] key 87 was pressed by player 1
[12:52:21.109] [SEVERE ] player 1 placing token on slot 1
[12:52:21.308] [SEVERE ] updating countdown to 48000
[12:52:21.421] [SEVERE ] key 73 was pressed by player 2
[12:52:21.422] [SEVERE ] player 2 placing token on slot 1
[12:52:21.714] [SEVERE ] key 87 was pressed by player 1
[12:52:21.715] [SEVERE ] removing player 1 token from slot 1
[12:52:21.949] [SEVERE ] key 73 was pressed by player 2
[12:52:21.949] [SEVERE ] removing player 2 token from slot 1
[12:52:22.311] [SEVERE ] updating countdown to 47000
[12:52:23.323] [SEVERE ] updating countdown to 46000
[12:52:24.334] [SEVERE ] updating countdown to 45000
[12:52:25.346] [SEVERE ] updating countdown to 44000
[12:52:26.355] [SEVERE ] updating countdown to 43000
[12:52:27.360] [SEVERE ] updating countdown to 42000
[12:52:28.370] [SEVERE ] updating countdown to 41000
[12:52:29.381] [SEVERE ] updating countdown to 40000
[12:52:30.387] [SEVERE ] updating countdown to 39000
[12:52:31.400] [SEVERE ] updating countdown to 38000
[12:52:31.475] [SEVERE ] key 83 was pressed by player 1
[12:52:31.476] [SEVERE ] player 1 placing token on slot 5
[12:52:32.411] [SEVERE ] updating countdown to 37000
[12:52:33.378] [SEVERE ] key 74 was pressed by player 2
[12:52:33.378] [SEVERE ] player 2 placing token on slot 4
[12:52:33.418] [SEVERE ] updating countdown to 36000
[12:52:33.877] [SEVERE ] key 74 was pressed by player 2
[12:52:33.878] [SEVERE ] removing player 2 token from slot 4
[12:52:34.196] [SEVERE ] key 75 was pressed by player 2
[12:52:34.198] [SEVERE ] player 2 placing token on slot 5
[12:52:34.427] [SEVERE ] updating countdown to 35000
[12:52:34.666] [SEVERE ] key 68 was pressed by player 1
[12:52:34.667] [SEVERE ] player 1 placing token on slot 6
[12:52:34.914] [SEVERE ] key 76 was pressed by player 2
[12:52:34.915] [SEVERE ] player 2 placing token on slot 6
[12:52:35.444] [SEVERE ] updating countdown to 34000
[12:52:36.454] [SEVERE ] updating countdown to 33000
[12:52:37.465] [SEVERE ] updating countdown to 32000
[12:52:37.473] [SEVERE ] key 85 was pressed by player 2
[12:52:37.474] [SEVERE ] player 2 placing token on slot 0
[12:52:37.476] [SEVERE ] setting player 2 freeze to 3000
[12:52:37.568] [SEVERE ] key 87 was pressed by player 1
[12:52:37.569] [SEVERE ] player 1 placing token on slot 1
[12:52:38.479] [SEVERE ] setting player 2 freeze to 2000
[12:52:38.481] [SEVERE ] updating countdown to 31000
[12:52:39.490] [SEVERE ] setting player 2 freeze to 1000
[12:52:39.493] [SEVERE ] updating countdown to 30000
[12:52:40.504] [SEVERE ] setting player 2 freeze to 0
[12:52:40.507] [SEVERE ] updating countdown to 29000
[12:52:40.509] [SEVERE ] setting player 1 score to 4
[12:52:40.510] [SEVERE ] setting player 1 freeze to 1000
[12:52:40.582] [SEVERE ] key 87 was pressed by player 1
[12:52:41.520] [SEVERE ] setting player 1 freeze to 0
[12:52:41.522] [SEVERE ] updating countdown to 28000
[12:52:41.523] [SEVERE ] removing player 1 token from slot 5
[12:52:41.523] [SEVERE ] removing player 2 token from slot 5
[12:52:41.525] [SEVERE ] removing card from slot 5
[12:52:41.630] [SEVERE ] removing player 1 token from slot 6
[12:52:41.630] [SEVERE ] removing player 2 token from slot 6
[12:52:41.631] [SEVERE ] removing card from slot 6
[12:52:41.738] [SEVERE ] removing player 1 token from slot 1
[12:52:41.738] [SEVERE ] removing card from slot 1
[12:52:41.955] [SEVERE ] placing card 70 in slot 1
[12:52:42.064] [SEVERE ] placing card 16 in slot 5
[12:52:42.175] [SEVERE ] placing card 53 in slot 6
[12:52:42.177] [SEVERE ] updating countdown to 60000
[12:52:43.189] [SEVERE ] updating countdown to 59000
