[22:59:33.889] [INFO   ] thread main starting.
[22:59:33.913] [SEVERE ] cannot read configuration file config.properties trying from resources.
[22:59:33.918] [SEVERE ] configuration file was loaded from resources directory.
[22:59:34.478] [INFO   ] thread dealer starting.
[22:59:34.479] [INFO   ] thread player 0 starting.
[22:59:34.481] [INFO   ] thread player 1 starting.
[22:59:34.481] [INFO   ] thread player 0 starting.
[22:59:34.481] [INFO   ] thread dealer starting.
[22:59:34.481] [INFO   ] thread player 1 starting.
[22:59:34.606] [SEVERE ] placing card 16 in slot 0
[22:59:34.709] [SEVERE ] placing card 14 in slot 1
[22:59:34.820] [SEVERE ] placing card 78 in slot 2
[22:59:34.932] [SEVERE ] placing card 54 in slot 3
[22:59:35.042] [SEVERE ] placing card 3 in slot 4
[22:59:35.154] [SEVERE ] placing card 27 in slot 5
[22:59:35.266] [SEVERE ] placing card 31 in slot 6
[22:59:35.378] [SEVERE ] placing card 23 in slot 7
[22:59:35.489] [SEVERE ] placing card 52 in slot 8
[22:59:35.601] [SEVERE ] placing card 33 in slot 9
[22:59:35.712] [SEVERE ] placing card 15 in slot 10
[22:59:35.824] [SEVERE ] placing card 46 in slot 11
[22:59:36.840] [SEVERE ] updating countdown to 59000
[22:59:37.854] [SEVERE ] updating countdown to 58000
[22:59:38.857] [SEVERE ] updating countdown to 57000
[22:59:39.871] [SEVERE ] updating countdown to 56000
[22:59:40.871] [SEVERE ] updating countdown to 55000
[22:59:41.887] [SEVERE ] updating countdown to 54000
[22:59:42.887] [SEVERE ] updating countdown to 53000
[22:59:43.891] [SEVERE ] updating countdown to 52000
[22:59:44.905] [SEVERE ] updating countdown to 51000
[22:59:45.917] [SEVERE ] updating countdown to 50000
[22:59:46.920] [SEVERE ] updating countdown to 49000
[22:59:47.935] [SEVERE ] updating countdown to 48000
[22:59:48.938] [SEVERE ] updating countdown to 47000
[22:59:49.953] [SEVERE ] updating countdown to 46000
[22:59:50.968] [SEVERE ] updating countdown to 45000
[22:59:51.969] [SEVERE ] updating countdown to 44000
[22:59:52.985] [SEVERE ] updating countdown to 43000
[22:59:53.985] [SEVERE ] updating countdown to 42000
[22:59:55.000] [SEVERE ] updating countdown to 41000
[22:59:56.004] [SEVERE ] updating countdown to 40000
[22:59:57.016] [SEVERE ] updating countdown to 39000
[22:59:58.018] [SEVERE ] updating countdown to 38000
[22:59:59.036] [SEVERE ] updating countdown to 37000
[23:00:00.048] [SEVERE ] updating countdown to 36000
[23:00:01.051] [SEVERE ] updating countdown to 35000
[23:00:02.067] [SEVERE ] updating countdown to 34000
[23:00:03.068] [SEVERE ] updating countdown to 33000
[23:00:04.081] [SEVERE ] updating countdown to 32000
[23:00:05.085] [SEVERE ] updating countdown to 31000
[23:00:06.099] [SEVERE ] updating countdown to 30000
[23:00:07.102] [SEVERE ] updating countdown to 29000
[23:00:08.116] [SEVERE ] updating countdown to 28000
[23:00:09.121] [SEVERE ] updating countdown to 27000
[23:00:10.133] [SEVERE ] updating countdown to 26000
[23:00:11.133] [SEVERE ] updating countdown to 25000
[23:00:12.148] [SEVERE ] updating countdown to 24000
[23:00:13.149] [SEVERE ] updating countdown to 23000
[23:00:14.150] [SEVERE ] updating countdown to 22000
[23:00:15.164] [SEVERE ] updating countdown to 21000
[23:00:16.168] [SEVERE ] updating countdown to 20000
[23:00:17.182] [SEVERE ] updating countdown to 19000
[23:00:18.183] [SEVERE ] updating countdown to 18000
[23:00:19.198] [SEVERE ] updating countdown to 17000
[23:00:20.213] [SEVERE ] updating countdown to 16000
[23:00:21.213] [SEVERE ] updating countdown to 15000
[23:00:22.218] [SEVERE ] updating countdown to 14000
[23:00:23.218] [SEVERE ] updating countdown to 13000
[23:00:24.230] [SEVERE ] updating countdown to 12000
[23:00:25.232] [SEVERE ] updating countdown to 11000
[23:00:26.248] [SEVERE ] updating countdown to 10000
[23:00:27.263] [SEVERE ] updating countdown to 9000
[23:00:28.267] [SEVERE ] updating countdown to 8000
[23:00:29.282] [SEVERE ] updating countdown to 7000
[23:00:30.282] [SEVERE ] updating countdown to 6000
[23:00:31.295] [SEVERE ] updating countdown to 5000
[23:00:32.301] [SEVERE ] updating countdown to 4000
[23:00:33.312] [SEVERE ] updating countdown to 3000
[23:00:34.328] [SEVERE ] updating countdown to 2000
[23:00:35.344] [SEVERE ] updating countdown to 1000
[23:00:36.344] [SEVERE ] updating countdown to 0
[23:00:37.346] [SEVERE ] removing card from slot 0
[23:00:37.447] [SEVERE ] removing card from slot 1
[23:00:37.550] [SEVERE ] removing card from slot 2
[23:00:37.664] [SEVERE ] removing card from slot 3
[23:00:37.781] [SEVERE ] removing card from slot 4
[23:00:37.897] [SEVERE ] removing card from slot 5
[23:00:37.998] [SEVERE ] removing card from slot 6
[23:00:38.098] [SEVERE ] removing card from slot 7
[23:00:38.214] [SEVERE ] removing card from slot 8
[23:00:38.331] [SEVERE ] removing card from slot 9
[23:00:38.432] [SEVERE ] removing card from slot 10
[23:00:38.546] [SEVERE ] removing card from slot 11
[23:00:38.760] [SEVERE ] placing card 16 in slot 0
[23:00:38.869] [SEVERE ] placing card 55 in slot 1
[23:00:38.979] [SEVERE ] placing card 8 in slot 2
[23:00:39.089] [SEVERE ] placing card 50 in slot 3
[23:00:39.199] [SEVERE ] placing card 0 in slot 4
[23:00:39.308] [SEVERE ] placing card 32 in slot 5
[23:00:39.418] [SEVERE ] placing card 3 in slot 6
[23:00:39.528] [SEVERE ] placing card 45 in slot 7
[23:00:39.638] [SEVERE ] placing card 14 in slot 8
[23:00:39.748] [SEVERE ] placing card 33 in slot 9
[23:00:39.858] [SEVERE ] placing card 75 in slot 10
[23:00:39.968] [SEVERE ] placing card 58 in slot 11
[23:00:39.968] [SEVERE ] updating countdown to 60000
[23:00:40.973] [SEVERE ] updating countdown to 59000
[23:00:41.988] [SEVERE ] updating countdown to 58000
[23:00:43.001] [SEVERE ] updating countdown to 57000
[23:00:44.011] [SEVERE ] updating countdown to 56000
[23:00:45.027] [SEVERE ] updating countdown to 55000
[23:00:46.029] [SEVERE ] updating countdown to 54000
[23:00:47.033] [SEVERE ] updating countdown to 53000
[23:00:47.242] [SEVERE ] key 86 was pressed by player 1
[23:00:47.242] [SEVERE ] player 1 placing token on slot 11
[23:00:47.524] [SEVERE ] key 46 was pressed by player 2
[23:00:47.524] [SEVERE ] player 2 placing token on slot 10
[23:00:48.043] [SEVERE ] updating countdown to 52000
[23:00:48.512] [SEVERE ] key 86 was pressed by player 1
[23:00:48.512] [SEVERE ] removing player 1 token from slot 11
[23:00:49.050] [SEVERE ] updating countdown to 51000
[23:00:49.074] [SEVERE ] key 46 was pressed by player 2
[23:00:49.074] [SEVERE ] removing player 2 token from slot 10
[23:00:50.059] [SEVERE ] updating countdown to 50000
[23:00:50.651] [SEVERE ] key 86 was pressed by player 1
[23:00:50.651] [SEVERE ] player 1 placing token on slot 11
[23:00:50.935] [SEVERE ] key 46 was pressed by player 2
[23:00:50.935] [SEVERE ] player 2 placing token on slot 10
[23:00:51.060] [SEVERE ] updating countdown to 49000
[23:00:51.470] [SEVERE ] key 46 was pressed by player 2
[23:00:51.470] [SEVERE ] removing player 2 token from slot 10
[23:00:52.076] [SEVERE ] updating countdown to 48000
[23:00:52.260] [SEVERE ] key 46 was pressed by player 2
[23:00:52.260] [SEVERE ] player 2 placing token on slot 10
[23:00:52.750] [SEVERE ] key 46 was pressed by player 2
[23:00:52.750] [SEVERE ] removing player 2 token from slot 10
[23:00:53.080] [SEVERE ] updating countdown to 47000
[23:00:53.778] [SEVERE ] key 46 was pressed by player 2
[23:00:53.778] [SEVERE ] player 2 placing token on slot 10
[23:00:54.094] [SEVERE ] updating countdown to 46000
[23:00:54.907] [SEVERE ] key 46 was pressed by player 2
[23:00:54.907] [SEVERE ] removing player 2 token from slot 10
[23:00:55.107] [SEVERE ] updating countdown to 45000
[23:00:56.108] [SEVERE ] updating countdown to 44000
[23:00:57.122] [SEVERE ] updating countdown to 43000
[23:00:58.123] [SEVERE ] updating countdown to 42000
[23:00:59.125] [SEVERE ] updating countdown to 41000
[23:00:59.309] [SEVERE ] key 46 was pressed by player 2
[23:00:59.310] [SEVERE ] player 2 placing token on slot 10
[23:00:59.593] [SEVERE ] key 46 was pressed by player 2
[23:00:59.608] [SEVERE ] removing player 2 token from slot 10
[23:00:59.891] [SEVERE ] key 47 was pressed by player 2
[23:00:59.891] [SEVERE ] player 2 placing token on slot 11
[23:01:00.127] [SEVERE ] updating countdown to 40000
[23:01:01.128] [SEVERE ] updating countdown to 39000
[23:01:02.128] [SEVERE ] updating countdown to 38000
[23:01:03.143] [SEVERE ] updating countdown to 37000
[23:01:03.497] [SEVERE ] key 86 was pressed by player 1
[23:01:03.497] [SEVERE ] removing player 1 token from slot 11
[23:01:03.796] [SEVERE ] key 47 was pressed by player 2
[23:01:03.796] [SEVERE ] removing player 2 token from slot 11
[23:01:04.157] [SEVERE ] updating countdown to 36000
[23:01:04.229] [SEVERE ] key 86 was pressed by player 1
[23:01:04.229] [SEVERE ] player 1 placing token on slot 11
[23:01:04.519] [SEVERE ] key 47 was pressed by player 2
[23:01:04.519] [SEVERE ] player 2 placing token on slot 11
[23:01:04.881] [SEVERE ] key 86 was pressed by player 1
[23:01:04.881] [SEVERE ] removing player 1 token from slot 11
[23:01:05.148] [SEVERE ] key 47 was pressed by player 2
[23:01:05.148] [SEVERE ] removing player 2 token from slot 11
[23:01:05.164] [SEVERE ] updating countdown to 35000
[23:01:06.174] [SEVERE ] updating countdown to 34000
[23:01:06.294] [SEVERE ] key 83 was pressed by player 1
[23:01:06.295] [SEVERE ] player 1 placing token on slot 5
[23:01:07.148] [SEVERE ] key 68 was pressed by player 1
[23:01:07.148] [SEVERE ] player 1 placing token on slot 6
[23:01:07.179] [SEVERE ] updating countdown to 33000
[23:01:07.940] [SEVERE ] key 75 was pressed by player 2
[23:01:07.940] [SEVERE ] player 2 placing token on slot 5
[23:01:08.192] [SEVERE ] updating countdown to 32000
[23:01:08.357] [SEVERE ] key 76 was pressed by player 2
[23:01:08.357] [SEVERE ] player 2 placing token on slot 6
[23:01:09.207] [SEVERE ] updating countdown to 31000
[23:01:09.571] [SEVERE ] key 86 was pressed by player 1
[23:01:09.571] [SEVERE ] player 1 placing token on slot 11
[23:01:09.613] [SEVERE ] key 47 was pressed by player 2
[23:01:09.614] [SEVERE ] player 2 placing token on slot 11
