[22:49:18.791] [INFO   ] thread main starting.
[22:49:18.791] [SEVERE ] cannot read configuration file config.properties trying from resources.
[22:49:18.805] [SEVERE ] configuration file was loaded from resources directory.
[22:49:19.326] [INFO   ] thread dealer starting.
[22:49:19.330] [INFO   ] thread player 0 starting.
[22:49:19.330] [INFO   ] thread player 1 starting.
[22:49:19.330] [INFO   ] thread player 0 starting.
[22:49:19.330] [INFO   ] thread dealer starting.
[22:49:19.338] [INFO   ] thread player 1 starting.
[22:49:19.452] [SEVERE ] placing card 67 in slot 0
[22:49:19.562] [SEVERE ] placing card 43 in slot 1
[22:49:19.672] [SEVERE ] placing card 30 in slot 2
[22:49:19.782] [SEVERE ] placing card 75 in slot 3
[22:49:19.893] [SEVERE ] placing card 33 in slot 4
[22:49:20.002] [SEVERE ] placing card 4 in slot 5
[22:49:20.112] [SEVERE ] placing card 78 in slot 6
[22:49:20.236] [SEVERE ] placing card 24 in slot 7
[22:49:20.346] [SEVERE ] placing card 28 in slot 8
[22:49:20.456] [SEVERE ] placing card 9 in slot 9
[22:49:20.567] [SEVERE ] placing card 17 in slot 10
[22:49:20.677] [SEVERE ] placing card 0 in slot 11
[22:49:21.687] [SEVERE ] updating countdown to 59000
[22:49:22.699] [SEVERE ] updating countdown to 58000
[22:49:23.700] [SEVERE ] updating countdown to 57000
[22:49:24.448] [SEVERE ] key 69 was pressed by player 1
[22:49:24.448] [SEVERE ] player 1 placing token on slot 2
[22:49:24.700] [SEVERE ] updating countdown to 56000
[22:49:25.703] [SEVERE ] updating countdown to 55000
[22:49:26.714] [SEVERE ] updating countdown to 54000
[22:49:27.716] [SEVERE ] updating countdown to 53000
[22:49:28.717] [SEVERE ] updating countdown to 52000
[22:49:29.731] [SEVERE ] updating countdown to 51000
[22:49:30.089] [SEVERE ] key 83 was pressed by player 1
[22:49:30.089] [SEVERE ] player 1 placing token on slot 5
[22:49:30.576] [SEVERE ] key 83 was pressed by player 1
[22:49:30.576] [SEVERE ] removing player 1 token from slot 5
[22:49:30.733] [SEVERE ] updating countdown to 50000
[22:49:31.025] [SEVERE ] key 68 was pressed by player 1
[22:49:31.025] [SEVERE ] player 1 placing token on slot 6
[22:49:31.747] [SEVERE ] updating countdown to 49000
[22:49:32.752] [SEVERE ] updating countdown to 48000
[22:49:33.765] [SEVERE ] updating countdown to 47000
[22:49:34.562] [SEVERE ] key 88 was pressed by player 1
[22:49:34.562] [SEVERE ] player 1 placing token on slot 9
[22:49:34.779] [SEVERE ] updating countdown to 46000
[22:49:35.784] [SEVERE ] updating countdown to 45000
[22:49:36.799] [SEVERE ] updating countdown to 44000
[22:49:37.812] [SEVERE ] updating countdown to 43000
[22:49:38.813] [SEVERE ] updating countdown to 42000
[22:49:39.815] [SEVERE ] updating countdown to 41000
[22:49:40.818] [SEVERE ] updating countdown to 40000
[22:49:41.434] [SEVERE ] key 88 was pressed by player 1
[22:49:41.818] [SEVERE ] updating countdown to 39000
[22:49:41.949] [SEVERE ] key 88 was pressed by player 1
[22:49:42.137] [SEVERE ] key 88 was pressed by player 1
[22:49:42.310] [SEVERE ] key 88 was pressed by player 1
[22:49:42.830] [SEVERE ] updating countdown to 38000
[22:49:43.834] [SEVERE ] updating countdown to 37000
