[23:54:53.989] [INFO   ] thread main starting.
[23:54:53.989] [SEVERE ] cannot read configuration file config.properties trying from resources.
[23:54:53.989] [SEVERE ] configuration file was loaded from resources directory.
[23:54:54.513] [INFO   ] thread dealer starting.
[23:54:54.518] [INFO   ] thread player 0 starting.
[23:54:54.521] [INFO   ] thread player 1 starting.
[23:54:54.521] [INFO   ] thread player 0 starting.
[23:54:54.521] [INFO   ] thread dealer starting.
[23:54:54.521] [INFO   ] thread player 1 starting.
[23:54:54.639] [SEVERE ] placing card 68 in slot 0
[23:54:54.756] [SEVERE ] placing card 41 in slot 1
[23:54:54.874] [SEVERE ] placing card 3 in slot 2
[23:54:54.989] [SEVERE ] placing card 76 in slot 3
[23:54:55.090] [SEVERE ] placing card 36 in slot 4
[23:54:55.207] [SEVERE ] placing card 21 in slot 5
[23:54:55.308] [SEVERE ] placing card 71 in slot 6
[23:54:55.421] [SEVERE ] placing card 58 in slot 7
[23:54:55.531] [SEVERE ] placing card 44 in slot 8
[23:54:55.641] [SEVERE ] placing card 4 in slot 9
[23:54:55.750] [SEVERE ] placing card 51 in slot 10
[23:54:55.860] [SEVERE ] placing card 30 in slot 11
[23:54:56.875] [SEVERE ] updating countdown to 59000
[23:54:57.889] [SEVERE ] updating countdown to 58000
[23:54:58.903] [SEVERE ] updating countdown to 57000
[23:54:59.903] [SEVERE ] updating countdown to 56000
[23:55:00.261] [SEVERE ] key 73 was pressed by player 2
[23:55:00.261] [SEVERE ] player 2 placing token on slot 1
[23:55:00.876] [SEVERE ] key 73 was pressed by player 2
[23:55:00.876] [SEVERE ] removing player 2 token from slot 1
[23:55:00.908] [SEVERE ] updating countdown to 55000
[23:55:01.919] [SEVERE ] updating countdown to 54000
[23:55:02.416] [SEVERE ] key 69 was pressed by player 1
[23:55:02.416] [SEVERE ] player 1 placing token on slot 2
[23:55:02.731] [SEVERE ] key 79 was pressed by player 2
[23:55:02.731] [SEVERE ] player 2 placing token on slot 2
[23:55:02.919] [SEVERE ] updating countdown to 53000
[23:55:03.197] [SEVERE ] key 82 was pressed by player 1
[23:55:03.205] [SEVERE ] player 1 placing token on slot 3
[23:55:03.433] [SEVERE ] key 80 was pressed by player 2
[23:55:03.433] [SEVERE ] player 2 placing token on slot 3
[23:55:03.920] [SEVERE ] updating countdown to 52000
[23:55:04.692] [SEVERE ] key 87 was pressed by player 1
[23:55:04.692] [SEVERE ] player 1 placing token on slot 1
[23:55:04.761] [SEVERE ] key 73 was pressed by player 2
[23:55:04.761] [SEVERE ] player 2 placing token on slot 1
[23:55:04.936] [SEVERE ] updating countdown to 51000
[23:55:04.936] [SEVERE ] removing player 1 token from slot 2
[23:55:04.937] [SEVERE ] removing player 2 token from slot 2
[23:55:04.937] [SEVERE ] removing card from slot 2
[23:55:05.055] [SEVERE ] removing player 1 token from slot 3
[23:55:05.055] [SEVERE ] removing player 2 token from slot 3
[23:55:05.055] [SEVERE ] removing card from slot 3
[23:55:05.155] [SEVERE ] removing player 1 token from slot 1
[23:55:05.155] [SEVERE ] removing player 2 token from slot 1
[23:55:05.156] [SEVERE ] removing card from slot 1
[23:55:05.384] [SEVERE ] placing card 33 in slot 1
[23:55:05.495] [SEVERE ] placing card 24 in slot 2
[23:55:05.607] [SEVERE ] placing card 61 in slot 3
[23:55:05.607] [SEVERE ] setting player 2 score to 1
[23:55:05.607] [SEVERE ] setting player 2 freeze to 1000
[23:55:05.607] [SEVERE ] updating countdown to 60000
[23:55:06.614] [SEVERE ] setting player 2 freeze to 0
[23:55:07.617] [SEVERE ] setting player 1 score to 1
[23:55:07.617] [SEVERE ] setting player 1 freeze to 1000
[23:55:07.622] [SEVERE ] updating countdown to 59000
[23:55:08.636] [SEVERE ] setting player 1 freeze to 0
[23:55:09.645] [SEVERE ] updating countdown to 58000
[23:55:10.651] [SEVERE ] updating countdown to 57000
[23:55:11.653] [SEVERE ] updating countdown to 56000
[23:55:12.401] [SEVERE ] key 80 was pressed by player 2
[23:55:12.401] [SEVERE ] player 2 placing token on slot 3
[23:55:12.421] [SEVERE ] key 81 was pressed by player 1
[23:55:12.421] [SEVERE ] player 1 placing token on slot 0
[23:55:12.480] [SEVERE ] key 79 was pressed by player 2
[23:55:12.480] [SEVERE ] player 2 placing token on slot 2
[23:55:12.606] [SEVERE ] key 87 was pressed by player 1
[23:55:12.606] [SEVERE ] player 1 placing token on slot 1
[23:55:12.653] [SEVERE ] updating countdown to 55000
[23:55:12.771] [SEVERE ] key 83 was pressed by player 1
[23:55:12.771] [SEVERE ] player 1 placing token on slot 5
[23:55:12.787] [SEVERE ] key 75 was pressed by player 2
[23:55:12.802] [SEVERE ] player 2 placing token on slot 5
[23:55:12.991] [SEVERE ] key 83 was pressed by player 1
[23:55:12.991] [SEVERE ] key 76 was pressed by player 2
[23:55:13.105] [SEVERE ] key 65 was pressed by player 1
[23:55:13.122] [SEVERE ] key 75 was pressed by player 2
[23:55:13.231] [SEVERE ] key 68 was pressed by player 1
[23:55:13.247] [SEVERE ] key 80 was pressed by player 2
[23:55:13.467] [SEVERE ] key 79 was pressed by player 2
[23:55:13.482] [SEVERE ] key 87 was pressed by player 1
[23:55:13.593] [SEVERE ] key 80 was pressed by player 2
[23:55:13.655] [SEVERE ] setting player 2 freeze to 3000
[23:55:13.655] [SEVERE ] setting player 1 freeze to 3000
[23:55:13.655] [SEVERE ] updating countdown to 54000
[23:55:14.670] [SEVERE ] setting player 1 freeze to 2000
[23:55:14.670] [SEVERE ] setting player 2 freeze to 2000
[23:55:14.670] [SEVERE ] updating countdown to 53000
[23:55:15.685] [SEVERE ] setting player 1 freeze to 1000
[23:55:15.685] [SEVERE ] setting player 2 freeze to 1000
[23:55:15.685] [SEVERE ] updating countdown to 52000
[23:55:16.686] [SEVERE ] setting player 1 freeze to 0
[23:55:16.686] [SEVERE ] setting player 2 freeze to 0
[23:55:16.688] [SEVERE ] updating countdown to 51000
[23:55:17.691] [SEVERE ] updating countdown to 50000
