[22:24:30.624] [INFO   ] thread main starting.
[22:24:30.636] [SEVERE ] cannot read configuration file config.properties trying from resources.
[22:24:30.638] [SEVERE ] configuration file was loaded from resources directory.
[22:24:31.234] [INFO   ] thread dealer starting.
[22:24:31.236] [INFO   ] thread player 0 starting.
[22:24:31.236] [INFO   ] thread player 1 starting.
[22:24:31.237] [INFO   ] thread dealer starting.
[22:24:31.254] [INFO   ] thread player 0 starting.
[22:24:31.254] [INFO   ] thread player 1 starting.
[22:24:31.360] [SEVERE ] placing card 29 in slot 0
[22:24:31.467] [SEVERE ] placing card 62 in slot 1
[22:24:31.579] [SEVERE ] placing card 76 in slot 2
[22:24:31.679] [SEVERE ] placing card 45 in slot 3
[22:24:31.791] [SEVERE ] placing card 12 in slot 4
[22:24:31.895] [SEVERE ] placing card 80 in slot 5
[22:24:32.009] [SEVERE ] placing card 22 in slot 6
[22:24:32.109] [SEVERE ] placing card 0 in slot 7
[22:24:32.215] [SEVERE ] placing card 69 in slot 8
[22:24:32.327] [SEVERE ] placing card 78 in slot 9
[22:24:32.436] [SEVERE ] placing card 58 in slot 10
[22:24:32.536] [SEVERE ] placing card 65 in slot 11
[22:24:33.559] [SEVERE ] updating countdown to 59000
[22:24:34.575] [SEVERE ] updating countdown to 58000
[22:24:35.371] [SEVERE ] key 81 was pressed by player 1
[22:24:35.372] [SEVERE ] player 1 placing token on slot 0
[22:24:35.522] [SEVERE ] key 85 was pressed by player 2
[22:24:35.522] [SEVERE ] player 2 placing token on slot 0
[22:24:35.586] [SEVERE ] updating countdown to 57000
[22:24:36.002] [SEVERE ] key 81 was pressed by player 1
[22:24:36.003] [SEVERE ] removing player 1 token from slot 0
[22:24:36.211] [SEVERE ] key 85 was pressed by player 2
[22:24:36.221] [SEVERE ] removing player 2 token from slot 0
[22:24:36.592] [SEVERE ] updating countdown to 56000
[22:24:37.599] [SEVERE ] updating countdown to 55000
[22:24:38.606] [SEVERE ] updating countdown to 54000
[22:24:38.710] [SEVERE ] key 68 was pressed by player 1
[22:24:38.711] [SEVERE ] player 1 placing token on slot 6
[22:24:39.003] [SEVERE ] key 75 was pressed by player 2
[22:24:39.004] [SEVERE ] player 2 placing token on slot 5
[22:24:39.389] [SEVERE ] key 75 was pressed by player 2
[22:24:39.389] [SEVERE ] removing player 2 token from slot 5
[22:24:39.622] [SEVERE ] updating countdown to 53000
[22:24:39.624] [SEVERE ] key 76 was pressed by player 2
[22:24:39.625] [SEVERE ] player 2 placing token on slot 6
[22:24:40.632] [SEVERE ] updating countdown to 52000
[22:24:40.961] [SEVERE ] key 90 was pressed by player 1
[22:24:40.961] [SEVERE ] player 1 placing token on slot 8
[22:24:41.261] [SEVERE ] key 77 was pressed by player 2
[22:24:41.261] [SEVERE ] player 2 placing token on slot 8
[22:24:41.639] [SEVERE ] updating countdown to 51000
[22:24:42.653] [SEVERE ] updating countdown to 50000
[22:24:43.656] [SEVERE ] updating countdown to 49000
[22:24:43.674] [SEVERE ] key 81 was pressed by player 1
[22:24:43.675] [SEVERE ] player 1 placing token on slot 0
[22:24:43.676] [SEVERE ] setting player 1 score to 1
[22:24:43.676] [SEVERE ] setting player 1 freeze to 1000
[22:24:43.756] [SEVERE ] key 85 was pressed by player 2
[22:24:43.757] [SEVERE ] player 2 placing token on slot 0
[22:24:44.688] [SEVERE ] setting player 1 freeze to 0
