[18:27:18.546] [INFO   ] thread main starting.
[18:27:18.554] [SEVERE ] cannot read configuration file config.properties trying from resources.
[18:27:18.556] [SEVERE ] configuration file was loaded from resources directory.
[18:27:19.159] [INFO   ] thread dealer starting.
[18:27:19.162] [INFO   ] thread player 0 starting.
[18:27:19.165] [INFO   ] thread player 1 starting.
[18:27:19.166] [INFO   ] thread dealer starting.
[18:27:19.167] [INFO   ] thread player 0 starting.
[18:27:19.167] [INFO   ] thread player 1 starting.
[18:27:19.287] [SEVERE ] placing card 46 in slot 0
[18:27:19.403] [SEVERE ] placing card 64 in slot 1
[18:27:19.520] [SEVERE ] placing card 9 in slot 2
[18:27:19.575] [SEVERE ] key 81 was pressed by player 1
[18:27:19.620] [SEVERE ] placing card 71 in slot 3
[18:27:19.688] [SEVERE ] key 80 was pressed by player 2
[18:27:19.721] [SEVERE ] placing card 40 in slot 4
[18:27:19.775] [SEVERE ] key 79 was pressed by player 2
[18:27:19.836] [SEVERE ] placing card 47 in slot 5
[18:27:19.888] [SEVERE ] key 87 was pressed by player 1
[18:27:19.937] [SEVERE ] placing card 69 in slot 6
[18:27:20.046] [SEVERE ] placing card 10 in slot 7
[18:27:20.086] [SEVERE ] key 68 was pressed by player 1
[18:27:20.149] [SEVERE ] placing card 37 in slot 8
[18:27:20.206] [SEVERE ] key 75 was pressed by player 2
[18:27:20.261] [SEVERE ] placing card 50 in slot 9
[18:27:20.327] [SEVERE ] key 76 was pressed by player 2
[18:27:20.373] [SEVERE ] placing card 76 in slot 10
[18:27:20.485] [SEVERE ] placing card 23 in slot 11
[18:27:20.516] [SEVERE ] key 88 was pressed by player 1
[18:27:20.564] [SEVERE ] key 75 was pressed by player 2
[18:27:21.495] [SEVERE ] updating countdown to 59000
[18:27:22.506] [SEVERE ] updating countdown to 58000
[18:27:23.515] [SEVERE ] updating countdown to 57000
[18:27:24.517] [SEVERE ] updating countdown to 56000
[18:27:25.529] [SEVERE ] updating countdown to 55000
[18:27:26.545] [SEVERE ] updating countdown to 54000
[18:27:27.547] [SEVERE ] updating countdown to 53000
[18:27:28.562] [SEVERE ] updating countdown to 52000
[18:27:29.566] [SEVERE ] updating countdown to 51000
[18:27:30.580] [SEVERE ] updating countdown to 50000
[18:27:31.581] [SEVERE ] updating countdown to 49000
[18:27:32.586] [SEVERE ] updating countdown to 48000
[18:27:33.587] [SEVERE ] updating countdown to 47000
[18:27:34.595] [SEVERE ] updating countdown to 46000
[18:27:35.596] [SEVERE ] updating countdown to 45000
[18:27:36.598] [SEVERE ] updating countdown to 44000
[18:27:37.605] [SEVERE ] updating countdown to 43000
[18:27:38.608] [SEVERE ] updating countdown to 42000
[18:27:39.615] [SEVERE ] updating countdown to 41000
[18:27:40.632] [SEVERE ] updating countdown to 40000
[18:27:41.639] [SEVERE ] updating countdown to 39000
[18:27:42.646] [SEVERE ] updating countdown to 38000
[18:27:43.649] [SEVERE ] updating countdown to 37000
[18:27:43.937] [SEVERE ] key 81 was pressed by player 1
[18:27:43.937] [SEVERE ] player 1 placing token on slot 0
[18:27:44.208] [SEVERE ] key 87 was pressed by player 1
[18:27:44.208] [SEVERE ] player 1 placing token on slot 1
[18:27:44.636] [SEVERE ] key 73 was pressed by player 2
[18:27:44.636] [SEVERE ] player 2 placing token on slot 1
[18:27:44.656] [SEVERE ] updating countdown to 36000
[18:27:45.441] [SEVERE ] key 81 was pressed by player 1
[18:27:45.446] [SEVERE ] removing player 1 token from slot 0
[18:27:45.659] [SEVERE ] updating countdown to 35000
[18:27:45.847] [SEVERE ] key 65 was pressed by player 1
[18:27:45.847] [SEVERE ] player 1 placing token on slot 4
[18:27:46.056] [SEVERE ] key 81 was pressed by player 1
[18:27:46.056] [SEVERE ] player 1 placing token on slot 0
[18:27:46.056] [SEVERE ] setting player 1 freeze to 3000
[18:27:46.597] [SEVERE ] key 75 was pressed by player 2
[18:27:46.597] [SEVERE ] player 2 placing token on slot 5
[18:27:46.661] [SEVERE ] updating countdown to 34000
[18:27:46.815] [SEVERE ] key 79 was pressed by player 2
[18:27:47.071] [SEVERE ] setting player 1 freeze to 2000
[18:27:47.085] [SEVERE ] key 80 was pressed by player 2
[18:27:47.256] [SEVERE ] key 79 was pressed by player 2
[18:27:47.439] [SEVERE ] key 73 was pressed by player 2
[18:27:47.662] [SEVERE ] updating countdown to 33000
[18:27:48.086] [SEVERE ] setting player 1 freeze to 1000
[18:27:48.676] [SEVERE ] updating countdown to 32000
[18:27:49.086] [SEVERE ] setting player 1 freeze to 0
[18:27:49.086] [SEVERE ] player 2 placing token on slot 2
[18:27:49.086] [SEVERE ] key 79 was pressed by player 2
[18:27:49.086] [SEVERE ] setting player 2 freeze to 3000
[18:27:49.680] [SEVERE ] updating countdown to 31000
[18:27:50.088] [SEVERE ] setting player 2 freeze to 2000
[18:27:50.696] [SEVERE ] updating countdown to 30000
[18:27:51.103] [SEVERE ] setting player 2 freeze to 1000
[18:27:51.697] [SEVERE ] updating countdown to 29000
[18:27:52.119] [SEVERE ] setting player 2 freeze to 0
[18:27:52.119] [SEVERE ] removing player 2 token from slot 2
[18:27:52.119] [SEVERE ] removing player 2 token from slot 1
[18:27:52.119] [SEVERE ] player 2 placing token on slot 2
[18:27:52.126] [SEVERE ] key 75 was pressed by player 2
[18:27:52.126] [SEVERE ] removing player 2 token from slot 5
[18:27:52.126] [SEVERE ] key 68 was pressed by player 1
[18:27:52.126] [SEVERE ] key 74 was pressed by player 2
[18:27:52.126] [SEVERE ] player 2 placing token on slot 4
[18:27:52.126] [SEVERE ] key 80 was pressed by player 2
[18:27:52.126] [SEVERE ] player 2 placing token on slot 3
[18:27:52.126] [SEVERE ] key 79 was pressed by player 2
[18:27:52.126] [SEVERE ] setting player 2 score to 1
[18:27:52.126] [SEVERE ] setting player 2 freeze to 1000
[18:27:52.710] [SEVERE ] updating countdown to 28000
[18:27:53.136] [SEVERE ] setting player 2 freeze to 0
[18:27:53.137] [SEVERE ] removing player 2 token from slot 2
[18:27:53.139] [SEVERE ] updating countdown to 60000
[18:27:54.141] [SEVERE ] updating countdown to 59000
[18:27:55.160] [SEVERE ] updating countdown to 58000
[18:27:56.166] [SEVERE ] updating countdown to 57000
