[21:38:59.605] [INFO   ] thread main starting.
[21:38:59.620] [SEVERE ] cannot read configuration file config.properties trying from resources.
[21:38:59.620] [SEVERE ] configuration file was loaded from resources directory.
[21:39:00.206] [INFO   ] thread dealer starting.
[21:39:00.206] [INFO   ] thread player 0 starting.
[21:39:00.206] [INFO   ] thread player 1 starting.
[21:39:00.206] [INFO   ] thread dealer starting.
[21:39:00.213] [INFO   ] thread player 1 starting.
[21:39:00.213] [INFO   ] thread player 0 starting.
[21:39:00.334] [SEVERE ] placing card 35 in slot 0
[21:39:00.446] [SEVERE ] placing card 65 in slot 1
[21:39:00.561] [SEVERE ] placing card 27 in slot 2
[21:39:00.673] [SEVERE ] placing card 74 in slot 3
[21:39:00.781] [SEVERE ] placing card 72 in slot 4
[21:39:00.893] [SEVERE ] placing card 58 in slot 5
[21:39:01.000] [SEVERE ] placing card 12 in slot 6
[21:39:01.114] [SEVERE ] placing card 60 in slot 7
[21:39:01.226] [SEVERE ] placing card 9 in slot 8
[21:39:01.339] [SEVERE ] placing card 16 in slot 9
[21:39:01.450] [SEVERE ] placing card 19 in slot 10
[21:39:01.560] [SEVERE ] placing card 18 in slot 11
[21:39:02.565] [SEVERE ] updating countdown to 59000
[21:39:03.575] [SEVERE ] updating countdown to 58000
[21:39:04.576] [SEVERE ] updating countdown to 57000
[21:39:05.578] [SEVERE ] updating countdown to 56000
[21:39:06.329] [SEVERE ] key 87 was pressed by player 1
[21:39:06.329] [SEVERE ] player 1 placing token on slot 1
[21:39:06.564] [SEVERE ] key 73 was pressed by player 2
[21:39:06.564] [SEVERE ] player 2 placing token on slot 1
[21:39:06.579] [SEVERE ] updating countdown to 55000
[21:39:07.594] [SEVERE ] updating countdown to 54000
[21:39:08.144] [SEVERE ] key 73 was pressed by player 2
[21:39:08.148] [SEVERE ] removing player 2 token from slot 1
[21:39:08.467] [SEVERE ] key 87 was pressed by player 1
[21:39:08.474] [SEVERE ] removing player 1 token from slot 1
[21:39:08.594] [SEVERE ] updating countdown to 53000
[21:39:09.115] [SEVERE ] key 69 was pressed by player 1
[21:39:09.115] [SEVERE ] player 1 placing token on slot 2
[21:39:09.414] [SEVERE ] key 79 was pressed by player 2
[21:39:09.414] [SEVERE ] player 2 placing token on slot 2
[21:39:09.610] [SEVERE ] updating countdown to 52000
[21:39:09.885] [SEVERE ] key 69 was pressed by player 1
[21:39:09.885] [SEVERE ] removing player 1 token from slot 2
[21:39:10.224] [SEVERE ] key 79 was pressed by player 2
[21:39:10.224] [SEVERE ] removing player 2 token from slot 2
[21:39:10.624] [SEVERE ] updating countdown to 51000
[21:39:11.267] [SEVERE ] key 87 was pressed by player 1
[21:39:11.267] [SEVERE ] player 1 placing token on slot 1
[21:39:11.475] [SEVERE ] key 73 was pressed by player 2
[21:39:11.475] [SEVERE ] player 2 placing token on slot 1
[21:39:11.628] [SEVERE ] updating countdown to 50000
[21:39:11.914] [SEVERE ] key 87 was pressed by player 1
[21:39:11.914] [SEVERE ] removing player 1 token from slot 1
[21:39:12.185] [SEVERE ] key 73 was pressed by player 2
[21:39:12.185] [SEVERE ] removing player 2 token from slot 1
[21:39:12.580] [SEVERE ] key 69 was pressed by player 1
[21:39:12.580] [SEVERE ] player 1 placing token on slot 2
[21:39:12.628] [SEVERE ] updating countdown to 49000
[21:39:12.762] [SEVERE ] key 79 was pressed by player 2
[21:39:12.763] [SEVERE ] player 2 placing token on slot 2
[21:39:13.641] [SEVERE ] updating countdown to 48000
[21:39:14.358] [SEVERE ] key 67 was pressed by player 1
[21:39:14.358] [SEVERE ] player 1 placing token on slot 10
[21:39:14.646] [SEVERE ] updating countdown to 47000
[21:39:14.654] [SEVERE ] key 44 was pressed by player 2
[21:39:14.662] [SEVERE ] player 2 placing token on slot 9
[21:39:15.109] [SEVERE ] key 44 was pressed by player 2
[21:39:15.109] [SEVERE ] removing player 2 token from slot 9
[21:39:15.284] [SEVERE ] key 46 was pressed by player 2
[21:39:15.284] [SEVERE ] player 2 placing token on slot 10
[21:39:15.658] [SEVERE ] updating countdown to 46000
[21:39:16.658] [SEVERE ] updating countdown to 45000
[21:39:17.666] [SEVERE ] updating countdown to 44000
[21:39:18.336] [SEVERE ] key 87 was pressed by player 1
[21:39:18.336] [SEVERE ] player 1 placing token on slot 1
[21:39:18.336] [SEVERE ] setting player 1 score to 1
[21:39:18.336] [SEVERE ] setting player 1 freeze to 1000
[21:39:18.394] [SEVERE ] key 73 was pressed by player 2
[21:39:18.396] [SEVERE ] player 2 placing token on slot 1
[21:39:19.360] [SEVERE ] setting player 1 freeze to 0
[21:39:19.360] [SEVERE ] setting player 2 score to 1
[21:39:19.364] [SEVERE ] setting player 2 freeze to 1000
[21:39:20.365] [SEVERE ] setting player 2 freeze to 0
[21:39:20.366] [SEVERE ] removing player 1 token from slot 2
[21:39:20.367] [SEVERE ] removing player 2 token from slot 2
[21:39:20.367] [SEVERE ] removing card from slot 2
[21:39:20.368] [SEVERE ] removing player 1 token from slot 10
[21:39:20.368] [SEVERE ] removing player 2 token from slot 10
[21:39:20.368] [SEVERE ] removing card from slot 10
[21:39:20.479] [SEVERE ] removing player 1 token from slot 1
[21:39:20.479] [SEVERE ] removing player 2 token from slot 1
[21:39:20.480] [SEVERE ] removing card from slot 1
