[12:10:30.411] [INFO   ] thread main starting.
[12:10:30.428] [SEVERE ] cannot read configuration file config.properties trying from resources.
[12:10:30.432] [SEVERE ] configuration file was loaded from resources directory.
[12:10:31.371] [INFO   ] thread dealer starting.
[12:10:31.372] [INFO   ] thread player 0 starting.
[12:10:31.372] [INFO   ] thread player 1 starting.
[12:10:31.373] [INFO   ] thread player 0 starting.
[12:10:31.373] [INFO   ] thread dealer starting.
[12:10:31.373] [INFO   ] thread player 1 starting.
[12:10:31.495] [SEVERE ] placing card 77 in slot 0
[12:10:31.603] [SEVERE ] placing card 54 in slot 1
[12:10:31.712] [SEVERE ] placing card 37 in slot 2
[12:10:31.820] [SEVERE ] placing card 71 in slot 3
[12:10:31.930] [SEVERE ] placing card 74 in slot 4
[12:10:32.040] [SEVERE ] placing card 9 in slot 5
[12:10:32.150] [SEVERE ] placing card 76 in slot 6
[12:10:32.259] [SEVERE ] placing card 24 in slot 7
[12:10:32.368] [SEVERE ] placing card 15 in slot 8
[12:10:32.477] [SEVERE ] placing card 80 in slot 9
[12:10:32.588] [SEVERE ] placing card 20 in slot 10
[12:10:32.696] [SEVERE ] placing card 53 in slot 11
[12:10:33.728] [SEVERE ] updating countdown to 59000
[12:10:34.748] [SEVERE ] updating countdown to 58000
[12:10:35.759] [SEVERE ] updating countdown to 57000
[12:10:36.772] [SEVERE ] updating countdown to 56000
[12:10:37.790] [SEVERE ] updating countdown to 55000
[12:10:38.804] [SEVERE ] updating countdown to 54000
[12:10:39.813] [SEVERE ] updating countdown to 53000
[12:10:40.511] [SEVERE ] key 67 was pressed by player 1
[12:10:40.512] [SEVERE ] player 1 placing token on slot 10
[12:10:40.827] [SEVERE ] updating countdown to 52000
[12:10:40.870] [SEVERE ] key 86 was pressed by player 1
[12:10:40.871] [SEVERE ] player 1 placing token on slot 11
[12:10:41.843] [SEVERE ] updating countdown to 51000
[12:10:42.575] [SEVERE ] key 46 was pressed by player 2
[12:10:42.575] [SEVERE ] player 2 placing token on slot 10
[12:10:42.854] [SEVERE ] updating countdown to 50000
[12:10:42.897] [SEVERE ] key 47 was pressed by player 2
[12:10:42.898] [SEVERE ] player 2 placing token on slot 11
[12:10:43.865] [SEVERE ] updating countdown to 49000
[12:10:44.369] [SEVERE ] key 85 was pressed by player 2
[12:10:44.370] [SEVERE ] player 2 placing token on slot 0
[12:10:44.374] [SEVERE ] setting player 2 score to 1
[12:10:44.376] [SEVERE ] setting player 2 freeze to 1000
[12:10:44.527] [SEVERE ] key 81 was pressed by player 1
[12:10:44.527] [SEVERE ] player 1 placing token on slot 0
[12:10:44.874] [SEVERE ] updating countdown to 48000
[12:10:45.387] [SEVERE ] setting player 2 freeze to 0
[12:10:45.388] [SEVERE ] removing player 1 token from slot 10
[12:10:45.389] [SEVERE ] removing player 2 token from slot 10
[12:10:45.390] [SEVERE ] removing card from slot 10
[12:10:45.391] [SEVERE ] removing player 1 token from slot 11
[12:10:45.391] [SEVERE ] removing player 2 token from slot 11
[12:10:45.392] [SEVERE ] removing card from slot 11
[12:10:45.510] [SEVERE ] removing player 1 token from slot 0
[12:10:45.511] [SEVERE ] removing player 2 token from slot 0
[12:10:45.513] [SEVERE ] removing card from slot 0
[12:10:45.728] [SEVERE ] placing card 34 in slot 0
[12:10:45.836] [SEVERE ] placing card 22 in slot 10
[12:10:45.944] [SEVERE ] placing card 6 in slot 11
[12:10:46.956] [SEVERE ] updating countdown to 47000
[12:10:47.971] [SEVERE ] updating countdown to 46000
[12:10:48.981] [SEVERE ] updating countdown to 45000
[12:10:49.994] [SEVERE ] updating countdown to 44000
[12:10:51.010] [SEVERE ] updating countdown to 43000
[12:10:52.022] [SEVERE ] updating countdown to 42000
[12:10:53.035] [SEVERE ] updating countdown to 41000
[12:10:54.051] [SEVERE ] updating countdown to 40000
[12:10:55.064] [SEVERE ] updating countdown to 39000
[12:10:55.079] [SEVERE ] key 47 was pressed by player 2
[12:10:55.080] [SEVERE ] player 2 placing token on slot 11
[12:10:56.078] [SEVERE ] updating countdown to 38000
[12:10:57.095] [SEVERE ] updating countdown to 37000
[12:10:58.114] [SEVERE ] updating countdown to 36000
[12:10:59.127] [SEVERE ] updating countdown to 35000
[12:11:00.148] [SEVERE ] updating countdown to 34000
[12:11:01.164] [SEVERE ] updating countdown to 33000
[12:11:02.170] [SEVERE ] updating countdown to 32000
[12:11:03.177] [SEVERE ] updating countdown to 31000
[12:11:04.189] [SEVERE ] updating countdown to 30000
[12:11:04.363] [SEVERE ] key 77 was pressed by player 2
[12:11:04.363] [SEVERE ] player 2 placing token on slot 8
[12:11:05.204] [SEVERE ] updating countdown to 29000
[12:11:06.211] [SEVERE ] updating countdown to 28000
[12:11:07.220] [SEVERE ] updating countdown to 27000
[12:11:07.988] [SEVERE ] key 59 was pressed by player 2
[12:11:07.988] [SEVERE ] player 2 placing token on slot 7
[12:11:07.991] [SEVERE ] setting player 2 freeze to 3000
[12:11:08.235] [SEVERE ] updating countdown to 26000
[12:11:08.236] [SEVERE ] removing player 2 token from slot 11
[12:11:08.237] [SEVERE ] removing card from slot 11
[12:11:08.341] [SEVERE ] removing player 2 token from slot 8
[12:11:08.342] [SEVERE ] removing card from slot 8
[12:11:08.450] [SEVERE ] removing player 2 token from slot 7
[12:11:08.451] [SEVERE ] removing card from slot 7
[12:11:08.670] [SEVERE ] placing card 39 in slot 7
[12:11:08.779] [SEVERE ] placing card 42 in slot 8
[12:11:08.887] [SEVERE ] placing card 56 in slot 11
[12:11:08.996] [SEVERE ] setting player 2 freeze to 2000
[12:11:09.897] [SEVERE ] updating countdown to 25000
[12:11:10.003] [SEVERE ] setting player 2 freeze to 1000
[12:11:10.905] [SEVERE ] updating countdown to 24000
[12:11:11.012] [SEVERE ] setting player 2 freeze to 0
[12:11:11.921] [SEVERE ] updating countdown to 23000
[12:11:12.930] [SEVERE ] updating countdown to 22000
[12:11:13.944] [SEVERE ] updating countdown to 21000
[12:11:14.949] [SEVERE ] updating countdown to 20000
[12:11:15.953] [SEVERE ] updating countdown to 19000
[12:11:16.970] [SEVERE ] updating countdown to 18000
[12:11:17.292] [SEVERE ] key 87 was pressed by player 1
[12:11:17.292] [SEVERE ] player 1 placing token on slot 1
[12:11:17.533] [SEVERE ] key 85 was pressed by player 2
[12:11:17.533] [SEVERE ] player 2 placing token on slot 0
[12:11:17.978] [SEVERE ] updating countdown to 17000
[12:11:18.027] [SEVERE ] key 85 was pressed by player 2
[12:11:18.028] [SEVERE ] removing player 2 token from slot 0
[12:11:18.362] [SEVERE ] key 73 was pressed by player 2
[12:11:18.364] [SEVERE ] player 2 placing token on slot 1
[12:11:18.995] [SEVERE ] updating countdown to 16000
[12:11:19.072] [SEVERE ] key 87 was pressed by player 1
[12:11:19.073] [SEVERE ] removing player 1 token from slot 1
[12:11:19.358] [SEVERE ] key 73 was pressed by player 2
[12:11:19.358] [SEVERE ] removing player 2 token from slot 1
[12:11:20.010] [SEVERE ] updating countdown to 15000
[12:11:21.023] [SEVERE ] updating countdown to 14000
[12:11:21.305] [SEVERE ] key 82 was pressed by player 1
[12:11:21.306] [SEVERE ] player 1 placing token on slot 3
[12:11:22.017] [SEVERE ] key 79 was pressed by player 2
[12:11:22.018] [SEVERE ] player 2 placing token on slot 2
[12:11:22.032] [SEVERE ] updating countdown to 13000
[12:11:22.413] [SEVERE ] key 79 was pressed by player 2
[12:11:22.414] [SEVERE ] removing player 2 token from slot 2
[12:11:22.676] [SEVERE ] key 80 was pressed by player 2
[12:11:22.677] [SEVERE ] player 2 placing token on slot 3
[12:11:23.049] [SEVERE ] updating countdown to 12000
[12:11:24.059] [SEVERE ] updating countdown to 11000
[12:11:25.072] [SEVERE ] updating countdown to 10000
[12:11:26.081] [SEVERE ] updating countdown to 9000
[12:11:26.111] [SEVERE ] key 70 was pressed by player 1
[12:11:26.111] [SEVERE ] player 1 placing token on slot 7
[12:11:27.094] [SEVERE ] updating countdown to 8000
[12:11:27.357] [SEVERE ] key 75 was pressed by player 2
[12:11:27.357] [SEVERE ] player 2 placing token on slot 5
[12:11:27.799] [SEVERE ] key 75 was pressed by player 2
[12:11:27.799] [SEVERE ] removing player 2 token from slot 5
[12:11:28.110] [SEVERE ] updating countdown to 7000
[12:11:28.267] [SEVERE ] key 68 was pressed by player 1
[12:11:28.268] [SEVERE ] player 1 placing token on slot 6
[12:11:28.270] [SEVERE ] setting player 1 freeze to 3000
[12:11:29.125] [SEVERE ] updating countdown to 6000
[12:11:29.278] [SEVERE ] setting player 1 freeze to 2000
[12:11:30.136] [SEVERE ] updating countdown to 5000
[12:11:30.290] [SEVERE ] setting player 1 freeze to 1000
[12:11:31.154] [SEVERE ] updating countdown to 4000
[12:11:31.292] [SEVERE ] setting player 1 freeze to 0
[12:11:32.165] [SEVERE ] updating countdown to 3000
[12:11:33.181] [SEVERE ] updating countdown to 2000
