[19:55:19.572] [INFO   ] thread main starting.
[19:55:19.583] [SEVERE ] cannot read configuration file config.properties trying from resources.
[19:55:19.585] [SEVERE ] configuration file was loaded from resources directory.
[19:55:20.217] [INFO   ] thread dealer starting.
[19:55:20.217] [INFO   ] thread player 0 starting.
[19:55:20.220] [INFO   ] thread player 1 starting.
[19:55:20.220] [INFO   ] thread dealer starting.
[19:55:20.228] [INFO   ] thread player 1 starting.
[19:55:20.228] [INFO   ] thread player 0 starting.
[19:55:20.347] [SEVERE ] placing card 30 in slot 0
[19:55:20.458] [SEVERE ] placing card 45 in slot 1
[19:55:20.566] [SEVERE ] placing card 26 in slot 2
[19:55:20.675] [SEVERE ] placing card 65 in slot 3
[19:55:20.784] [SEVERE ] placing card 74 in slot 4
[19:55:20.893] [SEVERE ] placing card 59 in slot 5
[19:55:21.002] [SEVERE ] placing card 1 in slot 6
[19:55:21.111] [SEVERE ] placing card 51 in slot 7
[19:55:21.221] [SEVERE ] placing card 72 in slot 8
[19:55:21.330] [SEVERE ] placing card 66 in slot 9
[19:55:21.439] [SEVERE ] placing card 0 in slot 10
[19:55:21.547] [SEVERE ] placing card 32 in slot 11
[19:55:22.563] [SEVERE ] updating countdown to 59000
[19:55:23.276] [SEVERE ] key 81 was pressed by player 1
[19:55:23.277] [SEVERE ] player 1 placing token on slot 0
[19:55:23.287] [SEVERE ] key 80 was pressed by player 2
[19:55:23.287] [SEVERE ] player 2 placing token on slot 3
[19:55:23.362] [SEVERE ] key 79 was pressed by player 2
[19:55:23.363] [SEVERE ] player 2 placing token on slot 2
[19:55:23.445] [SEVERE ] key 87 was pressed by player 1
[19:55:23.446] [SEVERE ] player 1 placing token on slot 1
[19:55:23.573] [SEVERE ] updating countdown to 58000
[19:55:23.582] [SEVERE ] key 83 was pressed by player 1
[19:55:23.583] [SEVERE ] player 1 placing token on slot 5
[19:55:23.670] [SEVERE ] key 76 was pressed by player 2
[19:55:23.671] [SEVERE ] player 2 placing token on slot 6
[19:55:24.582] [SEVERE ] setting player 2 freeze to 3000
[19:55:24.582] [SEVERE ] setting player 1 freeze to 3000
[19:55:24.586] [SEVERE ] updating countdown to 57000
[19:55:25.593] [SEVERE ] setting player 1 freeze to 2000
[19:55:25.593] [SEVERE ] setting player 2 freeze to 2000
[19:55:25.596] [SEVERE ] updating countdown to 56000
[19:55:26.606] [SEVERE ] setting player 1 freeze to 1000
[19:55:26.606] [SEVERE ] setting player 2 freeze to 1000
[19:55:26.607] [SEVERE ] updating countdown to 55000
[19:55:27.617] [SEVERE ] setting player 1 freeze to 0
[19:55:27.617] [SEVERE ] setting player 2 freeze to 0
[19:55:27.618] [SEVERE ] updating countdown to 54000
[19:55:28.071] [SEVERE ] key 81 was pressed by player 1
[19:55:28.071] [SEVERE ] removing player 1 token from slot 0
[19:55:28.190] [SEVERE ] key 80 was pressed by player 2
[19:55:28.191] [SEVERE ] removing player 2 token from slot 3
[19:55:28.327] [SEVERE ] key 79 was pressed by player 2
[19:55:28.327] [SEVERE ] removing player 2 token from slot 2
[19:55:28.423] [SEVERE ] key 87 was pressed by player 1
[19:55:28.423] [SEVERE ] removing player 1 token from slot 1
[19:55:28.631] [SEVERE ] updating countdown to 53000
[19:55:28.654] [SEVERE ] key 83 was pressed by player 1
[19:55:28.654] [SEVERE ] removing player 1 token from slot 5
[19:55:28.776] [SEVERE ] key 76 was pressed by player 2
[19:55:28.776] [SEVERE ] removing player 2 token from slot 6
[19:55:29.189] [SEVERE ] key 83 was pressed by player 1
[19:55:29.190] [SEVERE ] player 1 placing token on slot 5
[19:55:29.391] [SEVERE ] key 76 was pressed by player 2
[19:55:29.392] [SEVERE ] player 2 placing token on slot 6
[19:55:29.639] [SEVERE ] updating countdown to 52000
[19:55:29.726] [SEVERE ] key 87 was pressed by player 1
[19:55:29.726] [SEVERE ] player 1 placing token on slot 1
[19:55:29.890] [SEVERE ] key 79 was pressed by player 2
[19:55:29.890] [SEVERE ] player 2 placing token on slot 2
[19:55:30.569] [SEVERE ] key 80 was pressed by player 2
[19:55:30.569] [SEVERE ] player 2 placing token on slot 3
[19:55:30.651] [SEVERE ] setting player 2 freeze to 3000
[19:55:30.653] [SEVERE ] updating countdown to 51000
[19:55:30.964] [SEVERE ] key 81 was pressed by player 1
[19:55:30.964] [SEVERE ] player 1 placing token on slot 0
[19:55:31.664] [SEVERE ] setting player 2 freeze to 2000
[19:55:31.664] [SEVERE ] setting player 1 freeze to 3000
[19:55:31.666] [SEVERE ] updating countdown to 50000
[19:55:32.668] [SEVERE ] setting player 1 freeze to 2000
[19:55:32.668] [SEVERE ] setting player 2 freeze to 1000
[19:55:32.669] [SEVERE ] updating countdown to 49000
[19:55:33.677] [SEVERE ] setting player 1 freeze to 1000
[19:55:33.677] [SEVERE ] setting player 2 freeze to 0
[19:55:33.679] [SEVERE ] updating countdown to 48000
[19:55:34.685] [SEVERE ] setting player 1 freeze to 0
[19:55:34.687] [SEVERE ] updating countdown to 47000
[19:55:35.139] [SEVERE ] key 81 was pressed by player 1
[19:55:35.140] [SEVERE ] removing player 1 token from slot 0
[19:55:35.387] [SEVERE ] key 87 was pressed by player 1
[19:55:35.388] [SEVERE ] removing player 1 token from slot 1
[19:55:35.589] [SEVERE ] key 80 was pressed by player 2
[19:55:35.590] [SEVERE ] removing player 2 token from slot 3
[19:55:35.695] [SEVERE ] updating countdown to 46000
[19:55:35.840] [SEVERE ] key 79 was pressed by player 2
[19:55:35.840] [SEVERE ] removing player 2 token from slot 2
[19:55:36.062] [SEVERE ] key 83 was pressed by player 1
[19:55:36.062] [SEVERE ] removing player 1 token from slot 5
[19:55:36.255] [SEVERE ] key 76 was pressed by player 2
[19:55:36.255] [SEVERE ] removing player 2 token from slot 6
[19:55:36.706] [SEVERE ] key 83 was pressed by player 1
[19:55:36.706] [SEVERE ] player 1 placing token on slot 5
[19:55:36.710] [SEVERE ] updating countdown to 45000
[19:55:36.950] [SEVERE ] key 76 was pressed by player 2
[19:55:36.950] [SEVERE ] player 2 placing token on slot 6
[19:55:37.195] [SEVERE ] key 87 was pressed by player 1
[19:55:37.196] [SEVERE ] player 1 placing token on slot 1
[19:55:37.583] [SEVERE ] key 79 was pressed by player 2
[19:55:37.583] [SEVERE ] player 2 placing token on slot 2
[19:55:37.725] [SEVERE ] updating countdown to 44000
[19:55:38.735] [SEVERE ] updating countdown to 43000
[19:55:38.740] [SEVERE ] key 81 was pressed by player 1
[19:55:38.740] [SEVERE ] player 1 placing token on slot 0
[19:55:39.080] [SEVERE ] key 80 was pressed by player 2
[19:55:39.081] [SEVERE ] player 2 placing token on slot 3
[19:55:39.740] [SEVERE ] setting player 2 freeze to 3000
[19:55:39.740] [SEVERE ] setting player 1 freeze to 3000
[19:55:39.743] [SEVERE ] updating countdown to 42000
[19:55:40.755] [SEVERE ] setting player 1 freeze to 2000
[19:55:40.755] [SEVERE ] setting player 2 freeze to 2000
[19:55:40.756] [SEVERE ] updating countdown to 41000
[19:55:41.757] [SEVERE ] setting player 1 freeze to 1000
[19:55:41.757] [SEVERE ] setting player 2 freeze to 1000
[19:55:41.759] [SEVERE ] updating countdown to 40000
[19:55:42.770] [SEVERE ] setting player 2 freeze to 0
[19:55:42.770] [SEVERE ] setting player 1 freeze to 0
[19:55:42.772] [SEVERE ] updating countdown to 39000
[19:55:43.783] [SEVERE ] updating countdown to 38000
[19:55:44.082] [SEVERE ] key 81 was pressed by player 1
[19:55:44.084] [SEVERE ] removing player 1 token from slot 0
[19:55:44.319] [SEVERE ] key 87 was pressed by player 1
[19:55:44.319] [SEVERE ] removing player 1 token from slot 1
[19:55:44.427] [SEVERE ] key 80 was pressed by player 2
[19:55:44.427] [SEVERE ] removing player 2 token from slot 3
[19:55:44.520] [SEVERE ] key 79 was pressed by player 2
[19:55:44.520] [SEVERE ] removing player 2 token from slot 2
[19:55:44.690] [SEVERE ] key 83 was pressed by player 1
[19:55:44.690] [SEVERE ] removing player 1 token from slot 5
[19:55:44.793] [SEVERE ] updating countdown to 37000
[19:55:44.856] [SEVERE ] key 76 was pressed by player 2
[19:55:44.856] [SEVERE ] removing player 2 token from slot 6
[19:55:45.272] [SEVERE ] key 83 was pressed by player 1
[19:55:45.272] [SEVERE ] player 1 placing token on slot 5
[19:55:45.543] [SEVERE ] key 76 was pressed by player 2
[19:55:45.544] [SEVERE ] player 2 placing token on slot 6
[19:55:45.807] [SEVERE ] updating countdown to 36000
[19:55:45.903] [SEVERE ] key 87 was pressed by player 1
[19:55:45.903] [SEVERE ] player 1 placing token on slot 1
[19:55:46.103] [SEVERE ] key 79 was pressed by player 2
[19:55:46.104] [SEVERE ] player 2 placing token on slot 2
[19:55:46.817] [SEVERE ] updating countdown to 35000
[19:55:47.163] [SEVERE ] key 80 was pressed by player 2
[19:55:47.164] [SEVERE ] player 2 placing token on slot 3
[19:55:47.828] [SEVERE ] setting player 2 freeze to 3000
[19:55:47.830] [SEVERE ] updating countdown to 34000
[19:55:48.049] [SEVERE ] key 81 was pressed by player 1
[19:55:48.050] [SEVERE ] player 1 placing token on slot 0
[19:55:48.839] [SEVERE ] setting player 2 freeze to 2000
[19:55:48.839] [SEVERE ] setting player 1 freeze to 3000
[19:55:48.841] [SEVERE ] updating countdown to 33000
[19:55:49.848] [SEVERE ] setting player 2 freeze to 1000
[19:55:49.848] [SEVERE ] setting player 1 freeze to 2000
[19:55:49.850] [SEVERE ] updating countdown to 32000
[19:55:50.856] [SEVERE ] setting player 1 freeze to 1000
[19:55:50.856] [SEVERE ] setting player 2 freeze to 0
[19:55:50.857] [SEVERE ] updating countdown to 31000
[19:55:51.868] [SEVERE ] setting player 1 freeze to 0
[19:55:51.871] [SEVERE ] updating countdown to 30000
[19:55:52.030] [SEVERE ] key 79 was pressed by player 2
[19:55:52.031] [SEVERE ] removing player 2 token from slot 2
[19:55:52.600] [SEVERE ] key 80 was pressed by player 2
[19:55:52.600] [SEVERE ] removing player 2 token from slot 3
[19:55:52.709] [SEVERE ] key 79 was pressed by player 2
[19:55:52.709] [SEVERE ] player 2 placing token on slot 2
[19:55:52.880] [SEVERE ] updating countdown to 29000
[19:55:53.247] [SEVERE ] key 80 was pressed by player 2
[19:55:53.247] [SEVERE ] player 2 placing token on slot 3
[19:55:53.634] [SEVERE ] key 81 was pressed by player 1
[19:55:53.634] [SEVERE ] removing player 1 token from slot 0
[19:55:53.893] [SEVERE ] setting player 2 freeze to 3000
[19:55:53.896] [SEVERE ] updating countdown to 28000
[19:55:54.243] [SEVERE ] key 87 was pressed by player 1
[19:55:54.243] [SEVERE ] removing player 1 token from slot 1
[19:55:54.735] [SEVERE ] key 83 was pressed by player 1
[19:55:54.735] [SEVERE ] removing player 1 token from slot 5
[19:55:54.899] [SEVERE ] setting player 2 freeze to 2000
[19:55:54.901] [SEVERE ] updating countdown to 27000
[19:55:55.537] [SEVERE ] key 83 was pressed by player 1
[19:55:55.537] [SEVERE ] player 1 placing token on slot 5
[19:55:55.910] [SEVERE ] setting player 2 freeze to 1000
[19:55:55.912] [SEVERE ] updating countdown to 26000
[19:55:55.950] [SEVERE ] key 76 was pressed by player 2
[19:55:56.597] [SEVERE ] key 83 was pressed by player 1
[19:55:56.597] [SEVERE ] removing player 1 token from slot 5
[19:55:56.918] [SEVERE ] setting player 2 freeze to 0
[19:55:56.920] [SEVERE ] updating countdown to 25000
[19:55:57.261] [SEVERE ] key 83 was pressed by player 1
[19:55:57.261] [SEVERE ] player 1 placing token on slot 5
[19:55:57.839] [SEVERE ] key 83 was pressed by player 1
[19:55:57.840] [SEVERE ] removing player 1 token from slot 5
[19:55:57.933] [SEVERE ] updating countdown to 24000
[19:55:58.052] [SEVERE ] key 76 was pressed by player 2
[19:55:58.053] [SEVERE ] removing player 2 token from slot 6
[19:55:58.349] [SEVERE ] key 79 was pressed by player 2
[19:55:58.349] [SEVERE ] removing player 2 token from slot 2
[19:55:58.463] [SEVERE ] key 80 was pressed by player 2
[19:55:58.463] [SEVERE ] removing player 2 token from slot 3
[19:55:58.946] [SEVERE ] updating countdown to 23000
[19:55:59.960] [SEVERE ] updating countdown to 22000
[19:56:00.972] [SEVERE ] updating countdown to 21000
[19:56:01.976] [SEVERE ] updating countdown to 20000
[19:56:02.983] [SEVERE ] updating countdown to 19000
[19:56:03.680] [SEVERE ] key 88 was pressed by player 1
[19:56:03.680] [SEVERE ] player 1 placing token on slot 9
[19:56:03.990] [SEVERE ] updating countdown to 18000
[19:56:04.312] [SEVERE ] key 67 was pressed by player 1
[19:56:04.313] [SEVERE ] player 1 placing token on slot 10
[19:56:04.655] [SEVERE ] key 77 was pressed by player 2
[19:56:04.655] [SEVERE ] player 2 placing token on slot 8
[19:56:04.999] [SEVERE ] updating countdown to 17000
[19:56:05.150] [SEVERE ] key 77 was pressed by player 2
[19:56:05.151] [SEVERE ] removing player 2 token from slot 8
[19:56:05.689] [SEVERE ] key 44 was pressed by player 2
[19:56:05.689] [SEVERE ] player 2 placing token on slot 9
[19:56:06.010] [SEVERE ] updating countdown to 16000
[19:56:06.363] [SEVERE ] key 46 was pressed by player 2
[19:56:06.364] [SEVERE ] player 2 placing token on slot 10
[19:56:07.019] [SEVERE ] updating countdown to 15000
[19:56:08.035] [SEVERE ] updating countdown to 14000
[19:56:09.046] [SEVERE ] updating countdown to 13000
[19:56:10.054] [SEVERE ] updating countdown to 12000
[19:56:11.070] [SEVERE ] updating countdown to 11000
[19:56:12.082] [SEVERE ] updating countdown to 10000
[19:56:12.337] [SEVERE ] key 70 was pressed by player 1
[19:56:12.337] [SEVERE ] player 1 placing token on slot 7
[19:56:12.695] [SEVERE ] key 59 was pressed by player 2
[19:56:12.696] [SEVERE ] player 2 placing token on slot 7
[19:56:13.091] [SEVERE ] setting player 2 score to 1
[19:56:13.092] [SEVERE ] setting player 2 freeze to 1000
[19:56:13.093] [SEVERE ] updating countdown to 9000
[19:56:14.108] [SEVERE ] setting player 2 freeze to 0
[19:56:14.109] [SEVERE ] setting player 1 score to 1
[19:56:14.109] [SEVERE ] setting player 1 freeze to 1000
[19:56:15.120] [SEVERE ] setting player 1 freeze to 0
[19:56:15.121] [SEVERE ] removing player 1 token from slot 9
[19:56:15.121] [SEVERE ] removing player 2 token from slot 9
[19:56:15.123] [SEVERE ] removing card from slot 9
[19:56:15.229] [SEVERE ] removing player 1 token from slot 10
[19:56:15.229] [SEVERE ] removing player 2 token from slot 10
[19:56:15.229] [SEVERE ] removing card from slot 10
[19:56:15.338] [SEVERE ] removing player 1 token from slot 7
[19:56:15.338] [SEVERE ] removing player 2 token from slot 7
[19:56:15.339] [SEVERE ] removing card from slot 7
[19:56:15.558] [SEVERE ] placing card 52 in slot 7
[19:56:15.669] [SEVERE ] placing card 80 in slot 9
[19:56:15.777] [SEVERE ] placing card 71 in slot 10
[19:56:15.780] [SEVERE ] updating countdown to 60000
