[18:29:01.613] [INFO   ] thread main starting.
[18:29:01.621] [SEVERE ] cannot read configuration file config.properties trying from resources.
[18:29:01.624] [SEVERE ] configuration file was loaded from resources directory.
[18:29:02.212] [INFO   ] thread dealer starting.
[18:29:02.213] [INFO   ] thread player 0 starting.
[18:29:02.216] [INFO   ] thread player 1 starting.
[18:29:02.217] [INFO   ] thread dealer starting.
[18:29:02.220] [INFO   ] thread player 0 starting.
[18:29:02.220] [INFO   ] thread player 1 starting.
[18:29:02.339] [SEVERE ] placing card 3 in slot 0
[18:29:02.449] [SEVERE ] placing card 73 in slot 1
[18:29:02.557] [SEVERE ] placing card 47 in slot 2
[18:29:02.666] [SEVERE ] placing card 10 in slot 3
[18:29:02.774] [SEVERE ] placing card 72 in slot 4
[18:29:02.882] [SEVERE ] placing card 29 in slot 5
[18:29:02.990] [SEVERE ] placing card 35 in slot 6
[18:29:03.100] [SEVERE ] placing card 33 in slot 7
[18:29:03.207] [SEVERE ] placing card 60 in slot 8
[18:29:03.317] [SEVERE ] placing card 4 in slot 9
[18:29:03.426] [SEVERE ] placing card 38 in slot 10
[18:29:03.534] [SEVERE ] placing card 69 in slot 11
[18:29:03.629] [SEVERE ] key 79 was pressed by player 2
[18:29:03.687] [SEVERE ] key 69 was pressed by player 1
[18:29:03.745] [SEVERE ] key 80 was pressed by player 2
[18:29:03.930] [SEVERE ] key 68 was pressed by player 1
[18:29:03.962] [SEVERE ] key 76 was pressed by player 2
[18:29:04.557] [SEVERE ] updating countdown to 59000
[18:29:05.580] [SEVERE ] updating countdown to 58000
[18:29:06.144] [SEVERE ] key 81 was pressed by player 1
[18:29:06.144] [SEVERE ] player 1 placing token on slot 0
[18:29:06.417] [SEVERE ] key 80 was pressed by player 2
[18:29:06.417] [SEVERE ] player 2 placing token on slot 3
[18:29:06.590] [SEVERE ] updating countdown to 57000
[18:29:06.688] [SEVERE ] key 87 was pressed by player 1
[18:29:06.690] [SEVERE ] player 1 placing token on slot 1
[18:29:06.774] [SEVERE ] key 79 was pressed by player 2
[18:29:06.775] [SEVERE ] player 2 placing token on slot 2
[18:29:07.601] [SEVERE ] updating countdown to 56000
[18:29:08.614] [SEVERE ] updating countdown to 55000
[18:29:09.621] [SEVERE ] updating countdown to 54000
[18:29:10.632] [SEVERE ] updating countdown to 53000
[18:29:11.193] [SEVERE ] key 59 was pressed by player 2
[18:29:11.194] [SEVERE ] player 2 placing token on slot 7
[18:29:11.199] [SEVERE ] setting player 2 freeze to 3000
[18:29:11.559] [SEVERE ] key 65 was pressed by player 1
[18:29:11.560] [SEVERE ] player 1 placing token on slot 4
[18:29:11.645] [SEVERE ] updating countdown to 52000
[18:29:12.215] [SEVERE ] setting player 2 freeze to 2000
[18:29:12.654] [SEVERE ] updating countdown to 51000
[18:29:13.226] [SEVERE ] setting player 2 freeze to 1000
[18:29:13.670] [SEVERE ] updating countdown to 50000
[18:29:14.241] [SEVERE ] setting player 2 freeze to 0
[18:29:14.244] [SEVERE ] setting player 1 freeze to 3000
[18:29:14.683] [SEVERE ] updating countdown to 49000
[18:29:15.254] [SEVERE ] setting player 1 freeze to 2000
[18:29:15.483] [SEVERE ] key 59 was pressed by player 2
[18:29:15.484] [SEVERE ] removing player 2 token from slot 7
[18:29:15.692] [SEVERE ] updating countdown to 48000
[18:29:16.268] [SEVERE ] setting player 1 freeze to 1000
[18:29:16.322] [SEVERE ] key 80 was pressed by player 2
[18:29:16.709] [SEVERE ] updating countdown to 47000
[18:29:17.280] [SEVERE ] setting player 1 freeze to 0
[18:29:17.281] [SEVERE ] removing player 2 token from slot 3
[18:29:17.718] [SEVERE ] updating countdown to 46000
[18:29:18.726] [SEVERE ] updating countdown to 45000
[18:29:19.738] [SEVERE ] updating countdown to 44000
[18:29:20.748] [SEVERE ] updating countdown to 43000
[18:29:21.166] [SEVERE ] key 65 was pressed by player 1
[18:29:21.166] [SEVERE ] removing player 1 token from slot 4
[18:29:21.755] [SEVERE ] updating countdown to 42000
[18:29:22.765] [SEVERE ] updating countdown to 41000
[18:29:23.416] [SEVERE ] key 80 was pressed by player 2
[18:29:23.416] [SEVERE ] player 2 placing token on slot 3
[18:29:23.780] [SEVERE ] updating countdown to 40000
[18:29:24.785] [SEVERE ] updating countdown to 39000
[18:29:25.776] [SEVERE ] key 59 was pressed by player 2
[18:29:25.783] [SEVERE ] player 2 placing token on slot 7
[18:29:25.785] [SEVERE ] setting player 2 freeze to 3000
[18:29:25.803] [SEVERE ] updating countdown to 38000
[18:29:26.640] [SEVERE ] key 65 was pressed by player 1
[18:29:26.640] [SEVERE ] player 1 placing token on slot 4
[18:29:26.798] [SEVERE ] setting player 2 freeze to 2000
[18:29:26.816] [SEVERE ] updating countdown to 37000
[18:29:27.801] [SEVERE ] setting player 2 freeze to 1000
[18:29:27.818] [SEVERE ] updating countdown to 36000
[18:29:28.817] [SEVERE ] setting player 2 freeze to 0
[18:29:28.817] [SEVERE ] setting player 1 freeze to 3000
[18:29:28.836] [SEVERE ] updating countdown to 35000
[18:29:29.735] [SEVERE ] key 59 was pressed by player 2
[18:29:29.735] [SEVERE ] removing player 2 token from slot 7
[18:29:29.830] [SEVERE ] setting player 1 freeze to 2000
[18:29:29.846] [SEVERE ] updating countdown to 34000
[18:29:30.111] [SEVERE ] key 80 was pressed by player 2
[18:29:30.845] [SEVERE ] setting player 1 freeze to 1000
[18:29:30.865] [SEVERE ] updating countdown to 33000
[18:29:31.847] [SEVERE ] setting player 1 freeze to 0
[18:29:31.847] [SEVERE ] removing player 2 token from slot 3
[18:29:31.879] [SEVERE ] updating countdown to 32000
[18:29:32.880] [SEVERE ] updating countdown to 31000
[18:29:33.888] [SEVERE ] updating countdown to 30000
