[12:06:48.494] [INFO   ] thread main starting.
[12:06:48.514] [SEVERE ] cannot read configuration file config.properties trying from resources.
[12:06:48.520] [SEVERE ] configuration file was loaded from resources directory.
[12:06:49.444] [INFO   ] thread dealer starting.
[12:06:49.451] [INFO   ] thread player 0 starting.
[12:06:49.459] [INFO   ] thread player 1 starting.
[12:06:49.460] [INFO   ] thread dealer starting.
[12:06:49.463] [INFO   ] thread player 1 starting.
[12:06:49.463] [INFO   ] thread player 0 starting.
[12:06:49.583] [SEVERE ] placing card 37 in slot 0
[12:06:49.691] [SEVERE ] placing card 45 in slot 1
[12:06:49.798] [SEVERE ] placing card 22 in slot 2
[12:06:49.906] [SEVERE ] placing card 14 in slot 3
[12:06:50.015] [SEVERE ] placing card 47 in slot 4
[12:06:50.124] [SEVERE ] placing card 49 in slot 5
[12:06:50.233] [SEVERE ] placing card 13 in slot 6
[12:06:50.341] [SEVERE ] placing card 78 in slot 7
[12:06:50.451] [SEVERE ] placing card 60 in slot 8
[12:06:50.561] [SEVERE ] placing card 57 in slot 9
[12:06:50.669] [SEVERE ] placing card 44 in slot 10
[12:06:50.779] [SEVERE ] placing card 27 in slot 11
[12:06:51.805] [SEVERE ] updating countdown to 59000
[12:06:52.831] [SEVERE ] updating countdown to 58000
[12:06:53.151] [SEVERE ] key 87 was pressed by player 1
[12:06:53.152] [SEVERE ] player 1 placing token on slot 1
[12:06:53.628] [SEVERE ] key 69 was pressed by player 1
[12:06:53.629] [SEVERE ] player 1 placing token on slot 2
[12:06:53.839] [SEVERE ] updating countdown to 57000
[12:06:54.190] [SEVERE ] key 68 was pressed by player 1
[12:06:54.190] [SEVERE ] player 1 placing token on slot 6
[12:06:54.193] [SEVERE ] setting player 1 freeze to 3000
[12:06:54.855] [SEVERE ] updating countdown to 56000
[12:06:55.208] [SEVERE ] setting player 1 freeze to 2000
[12:06:55.757] [SEVERE ] key 68 was pressed by player 1
[12:06:55.871] [SEVERE ] updating countdown to 55000
[12:06:55.994] [SEVERE ] key 69 was pressed by player 1
[12:06:56.201] [SEVERE ] key 87 was pressed by player 1
[12:06:56.220] [SEVERE ] setting player 1 freeze to 1000
[12:06:56.879] [SEVERE ] updating countdown to 54000
[12:06:57.234] [SEVERE ] setting player 1 freeze to 0
[12:06:57.523] [SEVERE ] key 87 was pressed by player 1
[12:06:57.524] [SEVERE ] removing player 1 token from slot 1
[12:06:57.700] [SEVERE ] key 69 was pressed by player 1
[12:06:57.701] [SEVERE ] removing player 1 token from slot 2
[12:06:57.851] [SEVERE ] key 68 was pressed by player 1
[12:06:57.852] [SEVERE ] removing player 1 token from slot 6
[12:06:57.900] [SEVERE ] updating countdown to 53000
[12:06:58.912] [SEVERE ] updating countdown to 52000
[12:06:59.923] [SEVERE ] updating countdown to 51000
[12:07:00.937] [SEVERE ] updating countdown to 50000
[12:07:01.242] [SEVERE ] key 81 was pressed by player 1
[12:07:01.242] [SEVERE ] player 1 placing token on slot 0
[12:07:01.514] [SEVERE ] key 65 was pressed by player 1
[12:07:01.515] [SEVERE ] player 1 placing token on slot 4
[12:07:01.949] [SEVERE ] updating countdown to 49000
[12:07:02.635] [SEVERE ] key 86 was pressed by player 1
[12:07:02.635] [SEVERE ] player 1 placing token on slot 11
[12:07:02.637] [SEVERE ] setting player 1 freeze to 3000
[12:07:02.967] [SEVERE ] updating countdown to 48000
[12:07:02.969] [SEVERE ] removing player 1 token from slot 0
[12:07:03.649] [SEVERE ] setting player 1 freeze to 2000
[12:07:04.660] [SEVERE ] setting player 1 freeze to 1000
[12:07:05.675] [SEVERE ] setting player 1 freeze to 0
[12:07:27.573] [SEVERE ] removing card from slot 0
[12:07:38.689] [SEVERE ] removing player 1 token from slot 4
[12:07:43.135] [SEVERE ] removing card from slot 4
[12:08:02.113] [SEVERE ] removing player 1 token from slot 11
[12:08:11.097] [SEVERE ] removing card from slot 11
