[23:05:09.848] [INFO   ] thread main starting.
[23:05:09.848] [SEVERE ] cannot read configuration file config.properties trying from resources.
[23:05:09.860] [SEVERE ] configuration file was loaded from resources directory.
[23:05:10.434] [INFO   ] thread dealer starting.
[23:05:10.435] [INFO   ] thread player 0 starting.
[23:05:10.435] [INFO   ] thread player 1 starting.
[23:05:10.436] [INFO   ] thread dealer starting.
[23:05:10.436] [INFO   ] thread player 0 starting.
[23:05:10.437] [INFO   ] thread player 1 starting.
[23:05:10.547] [SEVERE ] placing card 30 in slot 0
[23:05:10.660] [SEVERE ] placing card 75 in slot 1
[23:05:10.764] [SEVERE ] placing card 28 in slot 2
[23:05:10.873] [SEVERE ] placing card 78 in slot 3
[23:05:10.983] [SEVERE ] placing card 22 in slot 4
[23:05:11.093] [SEVERE ] placing card 17 in slot 5
[23:05:11.194] [SEVERE ] placing card 15 in slot 6
[23:05:11.308] [SEVERE ] placing card 55 in slot 7
[23:05:11.417] [SEVERE ] placing card 44 in slot 8
[23:05:11.527] [SEVERE ] placing card 16 in slot 9
[23:05:11.637] [SEVERE ] placing card 39 in slot 10
[23:05:11.747] [SEVERE ] placing card 20 in slot 11
[23:05:12.765] [SEVERE ] updating countdown to 59000
[23:05:13.777] [SEVERE ] updating countdown to 58000
[23:05:14.790] [SEVERE ] updating countdown to 57000
[23:05:15.728] [SEVERE ] key 87 was pressed by player 1
[23:05:15.743] [SEVERE ] player 1 placing token on slot 1
[23:05:15.791] [SEVERE ] updating countdown to 56000
[23:05:15.959] [SEVERE ] key 73 was pressed by player 2
[23:05:15.959] [SEVERE ] player 2 placing token on slot 1
[23:05:16.336] [SEVERE ] key 87 was pressed by player 1
[23:05:16.336] [SEVERE ] removing player 1 token from slot 1
[23:05:16.618] [SEVERE ] key 73 was pressed by player 2
[23:05:16.618] [SEVERE ] removing player 2 token from slot 1
[23:05:16.794] [SEVERE ] updating countdown to 55000
[23:05:17.163] [SEVERE ] key 69 was pressed by player 1
[23:05:17.163] [SEVERE ] player 1 placing token on slot 2
[23:05:17.415] [SEVERE ] key 79 was pressed by player 2
[23:05:17.415] [SEVERE ] player 2 placing token on slot 2
[23:05:17.808] [SEVERE ] updating countdown to 54000
[23:05:18.686] [SEVERE ] key 83 was pressed by player 1
[23:05:18.686] [SEVERE ] player 1 placing token on slot 5
[23:05:18.812] [SEVERE ] updating countdown to 53000
[23:05:19.008] [SEVERE ] key 74 was pressed by player 2
[23:05:19.008] [SEVERE ] player 2 placing token on slot 4
[23:05:19.432] [SEVERE ] key 74 was pressed by player 2
[23:05:19.432] [SEVERE ] removing player 2 token from slot 4
[23:05:19.651] [SEVERE ] key 75 was pressed by player 2
[23:05:19.651] [SEVERE ] player 2 placing token on slot 5
[23:05:19.823] [SEVERE ] updating countdown to 52000
[23:05:20.824] [SEVERE ] updating countdown to 51000
[23:05:21.840] [SEVERE ] updating countdown to 50000
[23:05:22.560] [SEVERE ] key 87 was pressed by player 1
[23:05:22.560] [SEVERE ] player 1 placing token on slot 1
[23:05:22.560] [SEVERE ] removing player 1 token from slot 2
[23:05:22.560] [SEVERE ] removing player 2 token from slot 2
[23:05:22.560] [SEVERE ] removing card from slot 2
[23:05:22.612] [SEVERE ] key 73 was pressed by player 2
[23:05:22.612] [SEVERE ] player 2 placing token on slot 1
[23:05:22.677] [SEVERE ] removing player 1 token from slot 5
[23:05:22.677] [SEVERE ] removing player 2 token from slot 5
[23:05:22.677] [SEVERE ] removing card from slot 5
[23:05:22.791] [SEVERE ] removing player 1 token from slot 1
[23:05:22.791] [SEVERE ] removing player 2 token from slot 1
[23:05:22.791] [SEVERE ] removing card from slot 1
[23:05:23.006] [SEVERE ] placing card 8 in slot 1
[23:05:23.117] [SEVERE ] placing card 54 in slot 2
[23:05:23.226] [SEVERE ] placing card 27 in slot 5
[23:05:23.226] [INFO   ] thread dealer terminated.
[23:05:28.230] [SEVERE ] thanks for playing... it was fun!
[23:05:28.230] [INFO   ] thread main terminated.
[23:05:28.230] [SEVERE ] disposing of user interface elements
