[11:35:18.197] [INFO   ] thread main starting.
[11:35:18.207] [SEVERE ] cannot read configuration file config.properties trying from resources.
[11:35:18.210] [SEVERE ] configuration file was loaded from resources directory.
[11:35:18.951] [INFO   ] thread dealer starting.
[11:35:18.954] [INFO   ] thread player 0 starting.
[11:35:18.955] [INFO   ] thread player 1 starting.
[11:35:18.955] [INFO   ] thread dealer starting.
[11:35:18.961] [INFO   ] thread player 1 starting.
[11:35:18.962] [INFO   ] thread player 0 starting.
[11:35:19.070] [SEVERE ] placing card 31 in slot 0
[11:35:19.177] [SEVERE ] placing card 50 in slot 1
[11:35:19.285] [SEVERE ] placing card 71 in slot 2
[11:35:19.394] [SEVERE ] placing card 6 in slot 3
[11:35:19.501] [SEVERE ] placing card 75 in slot 4
[11:35:19.610] [SEVERE ] placing card 41 in slot 5
[11:35:19.720] [SEVERE ] placing card 48 in slot 6
[11:35:19.827] [SEVERE ] placing card 69 in slot 7
[11:35:19.935] [SEVERE ] placing card 73 in slot 8
[11:35:20.044] [SEVERE ] placing card 59 in slot 9
[11:35:20.153] [SEVERE ] placing card 8 in slot 10
[11:35:20.262] [SEVERE ] placing card 33 in slot 11
[11:35:21.282] [SEVERE ] updating countdown to 59000
[11:35:22.307] [SEVERE ] updating countdown to 58000
[11:35:23.318] [SEVERE ] updating countdown to 57000
[11:35:24.333] [SEVERE ] updating countdown to 56000
[11:35:25.349] [SEVERE ] updating countdown to 55000
[11:35:26.037] [SEVERE ] key 83 was pressed by player 1
[11:35:26.038] [SEVERE ] player 1 placing token on slot 5
[11:35:26.321] [SEVERE ] key 74 was pressed by player 2
[11:35:26.322] [SEVERE ] player 2 placing token on slot 4
[11:35:26.370] [SEVERE ] updating countdown to 54000
[11:35:26.710] [SEVERE ] key 74 was pressed by player 2
[11:35:26.711] [SEVERE ] removing player 2 token from slot 4
[11:35:26.841] [SEVERE ] key 75 was pressed by player 2
[11:35:26.842] [SEVERE ] player 2 placing token on slot 5
[11:35:27.376] [SEVERE ] updating countdown to 53000
[11:35:28.392] [SEVERE ] updating countdown to 52000
[11:35:28.800] [SEVERE ] key 68 was pressed by player 1
[11:35:28.802] [SEVERE ] player 1 placing token on slot 6
[11:35:29.060] [SEVERE ] key 75 was pressed by player 2
[11:35:29.061] [SEVERE ] removing player 2 token from slot 5
[11:35:29.405] [SEVERE ] updating countdown to 51000
[11:35:29.735] [SEVERE ] key 75 was pressed by player 2
[11:35:29.736] [SEVERE ] player 2 placing token on slot 5
[11:35:30.075] [SEVERE ] key 74 was pressed by player 2
[11:35:30.076] [SEVERE ] player 2 placing token on slot 4
[11:35:30.417] [SEVERE ] updating countdown to 50000
[11:35:30.616] [SEVERE ] key 74 was pressed by player 2
[11:35:30.617] [SEVERE ] removing player 2 token from slot 4
[11:35:31.175] [SEVERE ] key 76 was pressed by player 2
[11:35:31.176] [SEVERE ] player 2 placing token on slot 6
[11:35:31.434] [SEVERE ] updating countdown to 49000
[11:35:32.445] [SEVERE ] updating countdown to 48000
[11:35:33.457] [SEVERE ] updating countdown to 47000
[11:35:33.514] [SEVERE ] key 85 was pressed by player 2
[11:35:33.514] [SEVERE ] player 2 placing token on slot 0
[11:35:33.518] [SEVERE ] setting player 2 score to 1
[11:35:33.519] [SEVERE ] setting player 2 freeze to 1000
[11:35:33.646] [SEVERE ] key 81 was pressed by player 1
[11:35:33.646] [SEVERE ] player 1 placing token on slot 0
[11:35:34.469] [SEVERE ] updating countdown to 46000
[11:35:34.530] [SEVERE ] setting player 2 freeze to 0
[11:35:34.531] [SEVERE ] removing player 1 token from slot 5
[11:35:34.531] [SEVERE ] removing player 2 token from slot 5
[11:35:34.532] [SEVERE ] removing player 1 token from slot 6
[11:35:34.532] [SEVERE ] removing player 2 token from slot 6
[11:35:34.638] [SEVERE ] removing card from slot 6
[11:35:34.638] [SEVERE ] removing player 1 token from slot 0
[11:35:34.638] [SEVERE ] removing player 2 token from slot 0
[11:35:34.748] [SEVERE ] removing card from slot 0
[11:35:34.857] [SEVERE ] placing card 16 in slot 0
[11:35:34.966] [SEVERE ] placing card 54 in slot 6
[11:35:35.982] [SEVERE ] updating countdown to 60000
[11:35:37.004] [SEVERE ] updating countdown to 59000
[11:35:38.014] [SEVERE ] updating countdown to 58000
[11:35:39.033] [SEVERE ] updating countdown to 57000
[11:35:40.048] [SEVERE ] updating countdown to 56000
[11:35:41.060] [SEVERE ] updating countdown to 55000
[11:35:42.069] [SEVERE ] updating countdown to 54000
[11:35:43.082] [SEVERE ] updating countdown to 53000
[11:35:44.092] [SEVERE ] updating countdown to 52000
[11:35:44.302] [SEVERE ] key 87 was pressed by player 1
[11:35:44.627] [SEVERE ] key 73 was pressed by player 2
[11:35:44.628] [SEVERE ] player 2 placing token on slot 1
[11:35:45.039] [SEVERE ] key 87 was pressed by player 1
[11:35:45.103] [SEVERE ] updating countdown to 51000
[11:35:45.416] [SEVERE ] key 87 was pressed by player 1
[11:35:45.801] [SEVERE ] key 87 was pressed by player 1
[11:35:46.113] [SEVERE ] updating countdown to 50000
[11:35:46.414] [SEVERE ] key 87 was pressed by player 1
[11:35:46.588] [SEVERE ] key 87 was pressed by player 1
[11:35:46.750] [SEVERE ] key 87 was pressed by player 1
[11:35:46.885] [SEVERE ] key 87 was pressed by player 1
[11:35:47.131] [SEVERE ] updating countdown to 49000
[11:35:47.131] [SEVERE ] key 83 was pressed by player 1
[11:35:47.350] [SEVERE ] key 83 was pressed by player 1
[11:35:47.578] [SEVERE ] key 87 was pressed by player 1
[11:35:47.791] [SEVERE ] key 69 was pressed by player 1
[11:35:47.961] [SEVERE ] key 68 was pressed by player 1
[11:35:48.141] [SEVERE ] updating countdown to 48000
[11:35:48.383] [SEVERE ] key 88 was pressed by player 1
[11:35:48.625] [SEVERE ] key 83 was pressed by player 1
[11:35:48.849] [SEVERE ] key 65 was pressed by player 1
[11:35:49.055] [SEVERE ] key 87 was pressed by player 1
[11:35:49.152] [SEVERE ] updating countdown to 47000
[11:35:49.183] [SEVERE ] key 87 was pressed by player 1
[11:35:50.163] [SEVERE ] updating countdown to 46000
[11:35:51.177] [SEVERE ] updating countdown to 45000
[11:35:52.191] [SEVERE ] updating countdown to 44000
[11:35:53.206] [SEVERE ] updating countdown to 43000
[11:35:53.723] [SEVERE ] key 83 was pressed by player 1
[11:35:53.875] [SEVERE ] key 65 was pressed by player 1
[11:35:54.224] [SEVERE ] updating countdown to 42000
[11:35:54.229] [SEVERE ] key 87 was pressed by player 1
[11:35:54.406] [SEVERE ] key 87 was pressed by player 1
[11:35:54.594] [SEVERE ] key 83 was pressed by player 1
[11:35:54.792] [SEVERE ] key 83 was pressed by player 1
[11:35:54.982] [SEVERE ] key 65 was pressed by player 1
[11:35:55.170] [SEVERE ] key 65 was pressed by player 1
[11:35:55.237] [SEVERE ] updating countdown to 41000
[11:35:55.346] [SEVERE ] key 81 was pressed by player 1
[11:35:55.529] [SEVERE ] key 87 was pressed by player 1
[11:35:55.748] [SEVERE ] key 83 was pressed by player 1
[11:35:56.045] [SEVERE ] key 67 was pressed by player 1
[11:35:56.250] [SEVERE ] updating countdown to 40000
[11:35:56.288] [SEVERE ] key 70 was pressed by player 1
[11:35:56.509] [SEVERE ] key 87 was pressed by player 1
[11:35:57.263] [SEVERE ] updating countdown to 39000
[11:35:58.283] [SEVERE ] updating countdown to 38000
