[22:22:56.277] [INFO   ] thread main starting.
[22:22:56.286] [SEVERE ] cannot read configuration file config.properties trying from resources.
[22:22:56.288] [SEVERE ] configuration file was loaded from resources directory.
[22:22:56.896] [INFO   ] thread dealer starting.
[22:22:56.898] [INFO   ] thread player 0 starting.
[22:22:56.900] [INFO   ] thread player 1 starting.
[22:22:56.900] [INFO   ] thread player 0 starting.
[22:22:56.900] [INFO   ] thread dealer starting.
[22:22:56.901] [INFO   ] thread player 1 starting.
[22:22:57.012] [SEVERE ] placing card 46 in slot 0
[22:22:57.121] [SEVERE ] placing card 15 in slot 1
[22:22:57.230] [SEVERE ] placing card 16 in slot 2
[22:22:57.340] [SEVERE ] placing card 3 in slot 3
[22:22:57.448] [SEVERE ] placing card 36 in slot 4
[22:22:57.558] [SEVERE ] placing card 72 in slot 5
[22:22:57.666] [SEVERE ] placing card 1 in slot 6
[22:22:57.776] [SEVERE ] placing card 77 in slot 7
[22:22:57.885] [SEVERE ] placing card 61 in slot 8
[22:22:57.994] [SEVERE ] placing card 80 in slot 9
[22:22:58.102] [SEVERE ] placing card 48 in slot 10
[22:22:58.210] [SEVERE ] placing card 22 in slot 11
[22:22:59.232] [SEVERE ] updating countdown to 59000
[22:23:00.239] [SEVERE ] updating countdown to 58000
[22:23:01.252] [SEVERE ] updating countdown to 57000
[22:23:02.262] [SEVERE ] updating countdown to 56000
[22:23:03.275] [SEVERE ] updating countdown to 55000
[22:23:04.096] [SEVERE ] key 86 was pressed by player 1
[22:23:04.097] [SEVERE ] player 1 placing token on slot 11
[22:23:04.286] [SEVERE ] updating countdown to 54000
[22:23:04.412] [SEVERE ] key 47 was pressed by player 2
[22:23:04.412] [SEVERE ] player 2 placing token on slot 11
[22:23:05.295] [SEVERE ] updating countdown to 53000
[22:23:05.491] [SEVERE ] key 86 was pressed by player 1
[22:23:05.492] [SEVERE ] removing player 1 token from slot 11
[22:23:05.881] [SEVERE ] key 47 was pressed by player 2
[22:23:05.882] [SEVERE ] removing player 2 token from slot 11
[22:23:06.303] [SEVERE ] updating countdown to 52000
[22:23:06.572] [SEVERE ] key 86 was pressed by player 1
[22:23:06.572] [SEVERE ] player 1 placing token on slot 11
[22:23:06.965] [SEVERE ] key 47 was pressed by player 2
[22:23:06.966] [SEVERE ] player 2 placing token on slot 11
[22:23:07.288] [SEVERE ] key 86 was pressed by player 1
[22:23:07.289] [SEVERE ] removing player 1 token from slot 11
[22:23:07.311] [SEVERE ] updating countdown to 51000
[22:23:07.622] [SEVERE ] key 47 was pressed by player 2
[22:23:07.623] [SEVERE ] removing player 2 token from slot 11
[22:23:08.321] [SEVERE ] updating countdown to 50000
[22:23:08.674] [SEVERE ] key 69 was pressed by player 1
[22:23:08.675] [SEVERE ] player 1 placing token on slot 2
[22:23:08.954] [SEVERE ] key 79 was pressed by player 2
[22:23:08.954] [SEVERE ] player 2 placing token on slot 2
[22:23:09.336] [SEVERE ] updating countdown to 49000
[22:23:10.349] [SEVERE ] updating countdown to 48000
[22:23:10.382] [SEVERE ] key 68 was pressed by player 1
[22:23:10.382] [SEVERE ] player 1 placing token on slot 6
[22:23:11.355] [SEVERE ] updating countdown to 47000
[22:23:11.782] [SEVERE ] key 75 was pressed by player 2
[22:23:11.783] [SEVERE ] player 2 placing token on slot 5
[22:23:12.178] [SEVERE ] key 75 was pressed by player 2
[22:23:12.179] [SEVERE ] removing player 2 token from slot 5
[22:23:12.358] [SEVERE ] updating countdown to 46000
[22:23:12.511] [SEVERE ] key 76 was pressed by player 2
[22:23:12.519] [SEVERE ] player 2 placing token on slot 6
[22:23:13.375] [SEVERE ] updating countdown to 45000
[22:23:13.584] [SEVERE ] key 86 was pressed by player 1
[22:23:13.584] [SEVERE ] player 1 placing token on slot 11
[22:23:13.591] [SEVERE ] setting player 1 score to 1
[22:23:13.593] [SEVERE ] setting player 1 freeze to 1000
[22:23:13.645] [SEVERE ] key 47 was pressed by player 2
[22:23:13.645] [SEVERE ] player 2 placing token on slot 11
[22:23:14.599] [SEVERE ] setting player 1 freeze to 0
