[21:54:25.757] [INFO   ] thread main starting.
[21:54:25.768] [SEVERE ] cannot read configuration file config.properties trying from resources.
[21:54:25.770] [SEVERE ] configuration file was loaded from resources directory.
[21:54:26.288] [INFO   ] thread dealer starting.
[21:54:26.289] [INFO   ] thread player 0 starting.
[21:54:26.289] [INFO   ] thread player 1 starting.
[21:54:26.289] [INFO   ] thread player 0 starting.
[21:54:26.291] [INFO   ] thread dealer starting.
[21:54:26.291] [INFO   ] thread player 1 starting.
[21:54:26.410] [SEVERE ] placing card 65 in slot 0
[21:54:26.520] [SEVERE ] placing card 54 in slot 1
[21:54:26.628] [SEVERE ] placing card 74 in slot 2
[21:54:26.737] [SEVERE ] placing card 42 in slot 3
[21:54:26.844] [SEVERE ] placing card 41 in slot 4
[21:54:26.953] [SEVERE ] placing card 24 in slot 5
[21:54:27.064] [SEVERE ] placing card 39 in slot 6
[21:54:27.173] [SEVERE ] placing card 68 in slot 7
[21:54:27.282] [SEVERE ] placing card 3 in slot 8
[21:54:27.390] [SEVERE ] placing card 72 in slot 9
[21:54:27.499] [SEVERE ] placing card 77 in slot 10
[21:54:27.605] [SEVERE ] placing card 80 in slot 11
[21:54:28.627] [SEVERE ] updating countdown to 59000
[21:54:29.094] [SEVERE ] key 81 was pressed by player 1
[21:54:29.095] [SEVERE ] player 1 placing token on slot 0
[21:54:29.344] [SEVERE ] key 87 was pressed by player 1
[21:54:29.345] [SEVERE ] player 1 placing token on slot 1
[21:54:29.555] [SEVERE ] key 83 was pressed by player 1
[21:54:29.555] [SEVERE ] player 1 placing token on slot 5
[21:54:29.558] [SEVERE ] setting player 1 freeze to 3000
[21:54:29.652] [SEVERE ] updating countdown to 58000
[21:54:30.564] [SEVERE ] setting player 1 freeze to 2000
[21:54:30.661] [SEVERE ] updating countdown to 57000
[21:54:31.578] [SEVERE ] setting player 1 freeze to 1000
[21:54:31.677] [SEVERE ] updating countdown to 56000
[21:54:32.578] [SEVERE ] setting player 1 freeze to 0
[21:54:32.691] [SEVERE ] updating countdown to 55000
[21:54:33.198] [SEVERE ] key 83 was pressed by player 1
[21:54:33.198] [SEVERE ] removing player 1 token from slot 5
[21:54:33.421] [SEVERE ] key 87 was pressed by player 1
[21:54:33.422] [SEVERE ] removing player 1 token from slot 1
[21:54:33.663] [SEVERE ] key 81 was pressed by player 1
[21:54:33.664] [SEVERE ] removing player 1 token from slot 0
[21:54:33.705] [SEVERE ] updating countdown to 54000
[21:54:34.722] [SEVERE ] updating countdown to 53000
[21:54:35.735] [SEVERE ] updating countdown to 52000
[21:54:36.458] [SEVERE ] key 87 was pressed by player 1
[21:54:36.458] [SEVERE ] player 1 placing token on slot 1
[21:54:36.737] [SEVERE ] updating countdown to 51000
[21:54:37.138] [SEVERE ] key 83 was pressed by player 1
[21:54:37.139] [SEVERE ] player 1 placing token on slot 5
[21:54:37.555] [SEVERE ] key 68 was pressed by player 1
[21:54:37.556] [SEVERE ] player 1 placing token on slot 6
[21:54:37.558] [SEVERE ] setting player 1 score to 1
[21:54:37.560] [SEVERE ] setting player 1 freeze to 1000
[21:54:37.561] [SEVERE ] removing player 1 token from slot 1
[21:54:37.563] [SEVERE ] removing card from slot 1
[21:54:37.675] [SEVERE ] removing player 1 token from slot 5
[21:54:37.676] [SEVERE ] removing card from slot 5
[21:54:37.785] [SEVERE ] removing player 1 token from slot 6
[21:54:37.786] [SEVERE ] removing card from slot 6
[21:54:38.007] [SEVERE ] placing card 48 in slot 1
[21:54:38.116] [SEVERE ] placing card 51 in slot 5
[21:54:38.226] [SEVERE ] placing card 38 in slot 6
[21:54:38.230] [INFO   ] thread dealer terminated.
[21:54:38.573] [SEVERE ] setting player 1 freeze to 0
