[10:31:31.155] [INFO   ] thread main starting.
[10:31:31.171] [SEVERE ] cannot read configuration file config.properties trying from resources.
[10:31:31.171] [SEVERE ] configuration file was loaded from resources directory.
[10:31:31.965] [INFO   ] thread dealer starting.
[10:31:31.965] [INFO   ] thread player 0 starting.
[10:31:31.965] [INFO   ] thread player 1 starting.
[10:31:31.965] [INFO   ] thread player 0 starting.
[10:31:31.965] [INFO   ] thread dealer starting.
[10:31:31.965] [INFO   ] thread player 1 starting.
[10:31:32.088] [SEVERE ] placing card 61 in slot 0
[10:31:32.201] [SEVERE ] placing card 58 in slot 1
[10:31:32.311] [SEVERE ] placing card 80 in slot 2
[10:31:32.415] [SEVERE ] placing card 54 in slot 3
[10:31:32.527] [SEVERE ] placing card 49 in slot 4
[10:31:32.638] [SEVERE ] placing card 11 in slot 5
[10:31:32.749] [SEVERE ] placing card 70 in slot 6
[10:31:32.854] [SEVERE ] placing card 13 in slot 7
[10:31:32.963] [SEVERE ] placing card 32 in slot 8
[10:31:33.070] [SEVERE ] placing card 5 in slot 9
[10:31:33.183] [SEVERE ] placing card 76 in slot 10
[10:31:33.287] [SEVERE ] placing card 65 in slot 11
[10:31:34.311] [SEVERE ] updating countdown to 59000
[10:31:35.324] [SEVERE ] updating countdown to 58000
[10:31:36.336] [SEVERE ] updating countdown to 57000
[10:31:37.338] [SEVERE ] updating countdown to 56000
[10:31:38.343] [SEVERE ] updating countdown to 55000
[10:31:39.355] [SEVERE ] updating countdown to 54000
[10:31:40.369] [SEVERE ] updating countdown to 53000
[10:31:41.382] [SEVERE ] updating countdown to 52000
[10:31:42.395] [SEVERE ] updating countdown to 51000
[10:31:43.401] [SEVERE ] updating countdown to 50000
[10:31:44.409] [SEVERE ] updating countdown to 49000
[10:31:45.424] [SEVERE ] updating countdown to 48000
[10:31:46.227] [SEVERE ] key 69 was pressed by player 1
[10:31:46.229] [SEVERE ] player 1 placing token on slot 2
[10:31:46.433] [SEVERE ] updating countdown to 47000
[10:31:47.444] [SEVERE ] updating countdown to 46000
[10:31:48.461] [SEVERE ] updating countdown to 45000
[10:31:49.465] [SEVERE ] updating countdown to 44000
[10:31:49.523] [SEVERE ] key 83 was pressed by player 1
[10:31:49.523] [SEVERE ] player 1 placing token on slot 5
[10:31:50.477] [SEVERE ] updating countdown to 43000
[10:31:51.479] [SEVERE ] updating countdown to 42000
[10:31:52.495] [SEVERE ] updating countdown to 41000
[10:31:53.501] [SEVERE ] updating countdown to 40000
[10:31:54.086] [SEVERE ] key 90 was pressed by player 1
[10:31:54.086] [SEVERE ] player 1 placing token on slot 8
[10:31:54.373] [SEVERE ] key 90 was pressed by player 1
[10:31:54.514] [SEVERE ] setting player 1 score to 1
[10:31:54.516] [SEVERE ] setting player 1 freeze to 1000
[10:31:54.516] [SEVERE ] updating countdown to 39000
[10:31:54.516] [SEVERE ] removing player 1 token from slot 2
[10:31:54.618] [SEVERE ] removing card from slot 2
[10:31:54.618] [SEVERE ] removing player 1 token from slot 5
[10:31:54.675] [SEVERE ] key 90 was pressed by player 1
[10:31:54.722] [SEVERE ] removing card from slot 5
[10:31:54.722] [SEVERE ] removing player 1 token from slot 8
[10:31:54.832] [SEVERE ] removing card from slot 8
[10:31:54.946] [SEVERE ] placing card 2 in slot 2
[10:31:55.049] [SEVERE ] placing card 36 in slot 5
[10:31:55.153] [SEVERE ] placing card 26 in slot 8
[10:31:55.523] [SEVERE ] setting player 1 freeze to 0
[10:31:55.525] [SEVERE ] updating countdown to 60000
[10:31:56.182] [SEVERE ] key 90 was pressed by player 1
[10:31:56.195] [SEVERE ] player 1 placing token on slot 8
[10:31:56.531] [SEVERE ] updating countdown to 59000
[10:31:56.695] [SEVERE ] key 90 was pressed by player 1
[10:31:56.695] [SEVERE ] removing player 1 token from slot 8
[10:31:57.536] [SEVERE ] updating countdown to 58000
[10:31:58.537] [SEVERE ] updating countdown to 57000
[10:31:59.545] [SEVERE ] updating countdown to 56000
[10:32:00.556] [SEVERE ] updating countdown to 55000
[10:32:01.573] [SEVERE ] updating countdown to 54000
[10:32:02.588] [SEVERE ] updating countdown to 53000
[10:32:03.603] [SEVERE ] updating countdown to 52000
[10:32:04.622] [SEVERE ] updating countdown to 51000
[10:32:05.625] [SEVERE ] updating countdown to 50000
[10:32:06.637] [SEVERE ] updating countdown to 49000
[10:32:07.653] [SEVERE ] updating countdown to 48000
[10:32:08.669] [SEVERE ] updating countdown to 47000
[10:32:09.683] [SEVERE ] updating countdown to 46000
[10:32:10.687] [SEVERE ] updating countdown to 45000
[10:32:11.698] [SEVERE ] updating countdown to 44000
[10:32:12.706] [SEVERE ] updating countdown to 43000
[10:32:13.712] [SEVERE ] updating countdown to 42000
[10:32:14.429] [SEVERE ] key 87 was pressed by player 1
[10:32:14.429] [SEVERE ] player 1 placing token on slot 1
[10:32:14.726] [SEVERE ] updating countdown to 41000
[10:32:15.732] [SEVERE ] updating countdown to 40000
[10:32:16.748] [SEVERE ] updating countdown to 39000
[10:32:17.761] [SEVERE ] updating countdown to 38000
[10:32:18.776] [SEVERE ] updating countdown to 37000
[10:32:19.783] [SEVERE ] updating countdown to 36000
[10:32:20.790] [SEVERE ] updating countdown to 35000
[10:32:21.802] [SEVERE ] updating countdown to 34000
[10:32:22.681] [SEVERE ] key 83 was pressed by player 1
[10:32:22.681] [SEVERE ] player 1 placing token on slot 5
[10:32:22.814] [SEVERE ] updating countdown to 33000
[10:32:23.822] [SEVERE ] updating countdown to 32000
[10:32:24.686] [SEVERE ] key 90 was pressed by player 1
[10:32:24.686] [SEVERE ] player 1 placing token on slot 8
[10:32:24.837] [SEVERE ] setting player 1 score to 2
[10:32:24.837] [SEVERE ] setting player 1 freeze to 1000
[10:32:24.837] [SEVERE ] updating countdown to 31000
[10:32:24.837] [SEVERE ] removing player 1 token from slot 1
[10:32:24.947] [SEVERE ] removing card from slot 1
[10:32:24.947] [SEVERE ] removing player 1 token from slot 5
[10:32:25.057] [SEVERE ] removing card from slot 5
[10:32:25.057] [SEVERE ] key 90 was pressed by player 1
[10:32:25.057] [SEVERE ] removing player 1 token from slot 8
[10:32:25.168] [SEVERE ] removing card from slot 8
[10:32:25.245] [SEVERE ] key 90 was pressed by player 1
[10:32:25.280] [SEVERE ] placing card 16 in slot 1
[10:32:25.392] [SEVERE ] placing card 18 in slot 5
[10:32:25.495] [SEVERE ] placing card 71 in slot 8
[10:32:25.853] [SEVERE ] setting player 1 freeze to 0
[10:32:25.853] [SEVERE ] updating countdown to 60000
[10:32:26.854] [SEVERE ] updating countdown to 59000
[10:32:27.868] [SEVERE ] updating countdown to 58000
[10:32:28.873] [SEVERE ] updating countdown to 57000
[10:32:29.882] [SEVERE ] updating countdown to 56000
[10:32:30.899] [SEVERE ] updating countdown to 55000
[10:32:31.600] [SEVERE ] key 87 was pressed by player 1
[10:32:31.601] [SEVERE ] player 1 placing token on slot 1
[10:32:31.917] [SEVERE ] updating countdown to 54000
[10:32:32.730] [SEVERE ] key 83 was pressed by player 1
[10:32:32.731] [SEVERE ] player 1 placing token on slot 5
[10:32:32.929] [SEVERE ] updating countdown to 53000
[10:32:33.934] [SEVERE ] updating countdown to 52000
[10:32:34.953] [SEVERE ] updating countdown to 51000
[10:32:35.577] [SEVERE ] key 88 was pressed by player 1
[10:32:35.577] [SEVERE ] player 1 placing token on slot 9
[10:32:35.758] [SEVERE ] key 82 was pressed by player 1
[10:32:35.951] [SEVERE ] key 82 was pressed by player 1
[10:32:35.964] [SEVERE ] setting player 1 score to 3
[10:32:35.964] [SEVERE ] setting player 1 freeze to 1000
[10:32:35.966] [SEVERE ] updating countdown to 50000
[10:32:35.966] [SEVERE ] removing player 1 token from slot 1
[10:32:36.073] [SEVERE ] removing card from slot 1
[10:32:36.073] [SEVERE ] removing player 1 token from slot 5
[10:32:36.123] [SEVERE ] key 82 was pressed by player 1
[10:32:36.183] [SEVERE ] removing card from slot 5
[10:32:36.183] [SEVERE ] removing player 1 token from slot 9
[10:32:36.294] [SEVERE ] removing card from slot 9
[10:32:36.382] [SEVERE ] key 82 was pressed by player 1
[10:32:36.404] [SEVERE ] placing card 24 in slot 1
[10:32:36.513] [SEVERE ] placing card 35 in slot 5
[10:32:36.624] [SEVERE ] placing card 47 in slot 9
[10:32:36.981] [SEVERE ] setting player 1 freeze to 0
[10:32:36.987] [SEVERE ] updating countdown to 60000
[10:32:38.001] [SEVERE ] updating countdown to 59000
[10:32:39.015] [SEVERE ] updating countdown to 58000
[10:32:40.030] [SEVERE ] updating countdown to 57000
[10:32:41.046] [SEVERE ] updating countdown to 56000
[10:32:42.057] [SEVERE ] updating countdown to 55000
[10:32:43.076] [SEVERE ] updating countdown to 54000
[10:32:44.089] [SEVERE ] updating countdown to 53000
[10:32:45.111] [SEVERE ] updating countdown to 52000
[10:32:46.123] [SEVERE ] updating countdown to 51000
[10:32:47.146] [SEVERE ] updating countdown to 50000
[10:32:48.164] [SEVERE ] updating countdown to 49000
[10:32:49.178] [SEVERE ] updating countdown to 48000
[10:32:50.193] [SEVERE ] updating countdown to 47000
[10:32:51.207] [SEVERE ] updating countdown to 46000
[10:32:52.223] [SEVERE ] updating countdown to 45000
[10:32:53.236] [SEVERE ] updating countdown to 44000
[10:32:54.241] [SEVERE ] updating countdown to 43000
[10:32:55.253] [SEVERE ] updating countdown to 42000
[10:32:56.075] [SEVERE ] key 87 was pressed by player 1
[10:32:56.075] [SEVERE ] player 1 placing token on slot 1
[10:32:56.272] [SEVERE ] updating countdown to 41000
[10:32:57.285] [SEVERE ] updating countdown to 40000
[10:32:57.988] [SEVERE ] key 88 was pressed by player 1
[10:32:57.988] [SEVERE ] player 1 placing token on slot 9
[10:32:58.296] [SEVERE ] updating countdown to 39000
[10:32:59.309] [SEVERE ] updating countdown to 38000
[10:33:00.313] [SEVERE ] updating countdown to 37000
[10:33:01.265] [SEVERE ] key 67 was pressed by player 1
[10:33:01.265] [SEVERE ] player 1 placing token on slot 10
[10:33:01.327] [SEVERE ] setting player 1 score to 4
[10:33:01.327] [SEVERE ] setting player 1 freeze to 1000
[10:33:01.329] [SEVERE ] updating countdown to 36000
[10:33:01.329] [SEVERE ] removing player 1 token from slot 1
[10:33:01.437] [SEVERE ] removing card from slot 1
[10:33:01.437] [SEVERE ] removing player 1 token from slot 9
[10:33:01.508] [SEVERE ] key 67 was pressed by player 1
[10:33:01.546] [SEVERE ] removing card from slot 9
[10:33:01.546] [SEVERE ] removing player 1 token from slot 10
[10:33:01.657] [SEVERE ] removing card from slot 10
[10:33:01.767] [SEVERE ] placing card 12 in slot 1
[10:33:01.876] [SEVERE ] placing card 56 in slot 9
[10:33:01.986] [SEVERE ] placing card 34 in slot 10
[10:33:02.328] [SEVERE ] setting player 1 freeze to 0
[10:33:02.330] [SEVERE ] updating countdown to 60000
[10:33:03.331] [SEVERE ] updating countdown to 59000
[10:33:04.347] [SEVERE ] updating countdown to 58000
[10:33:05.357] [SEVERE ] updating countdown to 57000
[10:33:06.373] [SEVERE ] updating countdown to 56000
[10:33:07.388] [SEVERE ] updating countdown to 55000
[10:33:08.401] [SEVERE ] updating countdown to 54000
[10:33:09.417] [SEVERE ] updating countdown to 53000
[10:33:10.430] [SEVERE ] updating countdown to 52000
[10:33:11.440] [SEVERE ] updating countdown to 51000
[10:33:12.454] [SEVERE ] updating countdown to 50000
[10:33:13.467] [SEVERE ] updating countdown to 49000
[10:33:14.482] [SEVERE ] updating countdown to 48000
[10:33:15.483] [SEVERE ] updating countdown to 47000
[10:33:16.498] [SEVERE ] updating countdown to 46000
[10:33:17.505] [SEVERE ] updating countdown to 45000
[10:33:18.520] [SEVERE ] updating countdown to 44000
[10:33:19.525] [SEVERE ] updating countdown to 43000
[10:33:20.527] [SEVERE ] updating countdown to 42000
[10:33:21.539] [SEVERE ] updating countdown to 41000
[10:33:22.555] [SEVERE ] updating countdown to 40000
[10:33:23.567] [SEVERE ] updating countdown to 39000
[10:33:24.583] [SEVERE ] updating countdown to 38000
[10:33:25.596] [SEVERE ] updating countdown to 37000
