[19:43:15.657] [INFO   ] thread main starting.
[19:43:15.668] [SEVERE ] cannot read configuration file config.properties trying from resources.
[19:43:15.671] [SEVERE ] configuration file was loaded from resources directory.
[19:43:16.318] [INFO   ] thread dealer starting.
[19:43:16.321] [INFO   ] thread player 0 starting.
[19:43:16.323] [INFO   ] thread player 1 starting.
[19:43:16.323] [INFO   ] thread dealer starting.
[19:43:16.325] [INFO   ] thread player 0 starting.
[19:43:16.325] [INFO   ] thread player 1 starting.
[19:43:16.443] [SEVERE ] placing card 78 in slot 0
[19:43:16.552] [SEVERE ] placing card 36 in slot 1
[19:43:16.659] [SEVERE ] placing card 13 in slot 2
[19:43:16.768] [SEVERE ] placing card 29 in slot 3
[19:43:16.877] [SEVERE ] placing card 60 in slot 4
[19:43:16.984] [SEVERE ] placing card 27 in slot 5
[19:43:17.093] [SEVERE ] placing card 21 in slot 6
[19:43:17.200] [SEVERE ] placing card 31 in slot 7
[19:43:17.310] [SEVERE ] placing card 17 in slot 8
[19:43:17.419] [SEVERE ] placing card 8 in slot 9
[19:43:17.529] [SEVERE ] placing card 75 in slot 10
[19:43:17.638] [SEVERE ] placing card 1 in slot 11
[19:43:18.655] [SEVERE ] updating countdown to 59000
[19:43:18.958] [SEVERE ] key 81 was pressed by player 1
[19:43:18.958] [SEVERE ] player 1 placing token on slot 0
[19:43:19.155] [SEVERE ] key 87 was pressed by player 1
[19:43:19.155] [SEVERE ] player 1 placing token on slot 1
[19:43:19.381] [SEVERE ] key 83 was pressed by player 1
[19:43:19.381] [SEVERE ] player 1 placing token on slot 5
[19:43:19.676] [SEVERE ] updating countdown to 58000
[19:43:20.690] [SEVERE ] updating countdown to 57000
[19:43:21.701] [SEVERE ] updating countdown to 56000
