[11:00:55.868] [INFO   ] thread main starting.
[11:00:55.877] [SEVERE ] cannot read configuration file config.properties trying from resources.
[11:00:55.883] [SEVERE ] configuration file was loaded from resources directory.
[11:00:56.533] [INFO   ] thread dealer starting.
[11:00:56.533] [INFO   ] thread player 0 starting.
[11:00:56.533] [INFO   ] thread player 1 starting.
[11:00:56.533] [INFO   ] thread player 0 starting.
[11:00:56.533] [INFO   ] thread dealer starting.
[11:00:56.533] [INFO   ] thread player 1 starting.
[11:00:56.649] [SEVERE ] placing card 8 in slot 0
[11:00:56.755] [SEVERE ] placing card 10 in slot 1
[11:00:56.858] [SEVERE ] placing card 42 in slot 2
[11:00:56.969] [SEVERE ] placing card 65 in slot 3
[11:00:57.074] [SEVERE ] placing card 29 in slot 4
[11:00:57.177] [SEVERE ] placing card 26 in slot 5
[11:00:57.288] [SEVERE ] placing card 0 in slot 6
[11:00:57.400] [SEVERE ] placing card 55 in slot 7
[11:00:57.503] [SEVERE ] placing card 34 in slot 8
[11:00:57.615] [SEVERE ] placing card 20 in slot 9
[11:00:57.727] [SEVERE ] placing card 56 in slot 10
[11:00:57.840] [SEVERE ] placing card 68 in slot 11
[11:00:58.863] [SEVERE ] updating countdown to 59000
[11:00:59.873] [SEVERE ] updating countdown to 58000
[11:01:00.893] [SEVERE ] updating countdown to 57000
[11:01:01.915] [SEVERE ] updating countdown to 56000
[11:01:02.923] [SEVERE ] updating countdown to 55000
[11:01:02.974] [SEVERE ] key 86 was pressed by player 1
[11:01:02.974] [SEVERE ] player 1 placing token on slot 11
[11:01:03.253] [SEVERE ] key 47 was pressed by player 2
[11:01:03.253] [SEVERE ] player 2 placing token on slot 11
[11:01:03.938] [SEVERE ] updating countdown to 54000
[11:01:04.165] [SEVERE ] key 86 was pressed by player 1
[11:01:04.165] [SEVERE ] removing player 1 token from slot 11
[11:01:04.753] [SEVERE ] key 47 was pressed by player 2
[11:01:04.753] [SEVERE ] removing player 2 token from slot 11
[11:01:04.955] [SEVERE ] updating countdown to 53000
[11:01:05.794] [SEVERE ] key 87 was pressed by player 1
[11:01:05.797] [SEVERE ] player 1 placing token on slot 1
[11:01:05.976] [SEVERE ] updating countdown to 52000
[11:01:06.321] [SEVERE ] key 69 was pressed by player 1
[11:01:06.322] [SEVERE ] player 1 placing token on slot 2
[11:01:06.878] [SEVERE ] key 73 was pressed by player 2
[11:01:06.882] [SEVERE ] player 2 placing token on slot 1
[11:01:06.995] [SEVERE ] updating countdown to 51000
[11:01:07.324] [SEVERE ] key 79 was pressed by player 2
[11:01:07.324] [SEVERE ] player 2 placing token on slot 2
[11:01:08.013] [SEVERE ] updating countdown to 50000
[11:01:09.023] [SEVERE ] updating countdown to 49000
[11:01:10.046] [SEVERE ] updating countdown to 48000
[11:01:11.057] [SEVERE ] updating countdown to 47000
[11:01:12.066] [SEVERE ] updating countdown to 46000
[11:01:12.963] [SEVERE ] key 47 was pressed by player 2
[11:01:12.963] [SEVERE ] player 2 placing token on slot 11
[11:01:13.084] [SEVERE ] setting player 2 score to 1
[11:01:13.088] [SEVERE ] setting player 2 freeze to 1000
[11:01:13.094] [SEVERE ] updating countdown to 45000
[11:01:13.144] [SEVERE ] key 86 was pressed by player 1
[11:01:13.144] [SEVERE ] player 1 placing token on slot 11
[11:01:14.091] [SEVERE ] setting player 2 freeze to 0
[11:01:14.093] [SEVERE ] removing player 1 token from slot 1
[11:01:14.093] [SEVERE ] removing player 2 token from slot 1
[11:01:14.093] [SEVERE ] removing player 1 token from slot 2
[11:01:14.093] [SEVERE ] removing player 2 token from slot 2
[11:01:14.204] [SEVERE ] removing card from slot 2
[11:01:14.204] [SEVERE ] removing player 1 token from slot 11
[11:01:14.204] [SEVERE ] removing player 2 token from slot 11
[11:01:14.317] [SEVERE ] removing card from slot 11
[11:01:14.428] [SEVERE ] placing card 16 in slot 2
[11:01:14.539] [SEVERE ] placing card 14 in slot 11
[11:01:15.549] [SEVERE ] updating countdown to 60000
[11:01:16.558] [SEVERE ] updating countdown to 59000
[11:01:17.575] [SEVERE ] updating countdown to 58000
