[10:30:45.791] [INFO   ] thread main starting.
[10:30:45.807] [SEVERE ] cannot read configuration file config.properties trying from resources.
[10:30:45.815] [SEVERE ] configuration file was loaded from resources directory.
[10:30:46.454] [INFO   ] thread dealer starting.
[10:30:46.454] [INFO   ] thread player 0 starting.
[10:30:46.458] [INFO   ] thread player 1 starting.
[10:30:46.458] [INFO   ] thread player 0 starting.
[10:30:46.458] [INFO   ] thread dealer starting.
[10:30:46.458] [INFO   ] thread player 1 starting.
[10:30:46.571] [SEVERE ] placing card 36 in slot 0
[10:30:46.686] [SEVERE ] placing card 79 in slot 1
[10:30:46.793] [SEVERE ] placing card 71 in slot 2
[10:30:46.905] [SEVERE ] placing card 58 in slot 3
[10:30:47.008] [SEVERE ] placing card 69 in slot 4
[10:30:47.112] [SEVERE ] placing card 44 in slot 5
[10:30:47.224] [SEVERE ] placing card 53 in slot 6
[10:30:47.326] [SEVERE ] placing card 14 in slot 7
[10:30:47.430] [SEVERE ] placing card 5 in slot 8
[10:30:47.541] [SEVERE ] placing card 52 in slot 9
[10:30:47.604] [SEVERE ] key 81 was pressed by player 1
[10:30:47.652] [SEVERE ] placing card 22 in slot 10
[10:30:47.759] [SEVERE ] placing card 9 in slot 11
[10:30:47.789] [SEVERE ] key 87 was pressed by player 1
[10:30:47.971] [SEVERE ] key 83 was pressed by player 1
[10:30:48.770] [SEVERE ] updating countdown to 59000
[10:30:49.783] [SEVERE ] updating countdown to 58000
[10:30:50.795] [SEVERE ] updating countdown to 57000
[10:30:51.798] [SEVERE ] updating countdown to 56000
[10:30:52.803] [SEVERE ] updating countdown to 55000
[10:30:53.805] [SEVERE ] updating countdown to 54000
[10:30:54.813] [SEVERE ] updating countdown to 53000
[10:30:55.830] [SEVERE ] updating countdown to 52000
[10:30:56.837] [SEVERE ] updating countdown to 51000
[10:30:57.839] [SEVERE ] updating countdown to 50000
[10:30:58.840] [SEVERE ] updating countdown to 49000
[10:30:59.857] [SEVERE ] updating countdown to 48000
[10:31:00.869] [SEVERE ] updating countdown to 47000
[10:31:01.886] [SEVERE ] updating countdown to 46000
[10:31:02.898] [SEVERE ] updating countdown to 45000
[10:31:03.914] [SEVERE ] updating countdown to 44000
[10:31:04.922] [SEVERE ] updating countdown to 43000
[10:31:05.932] [SEVERE ] updating countdown to 42000
[10:31:06.944] [SEVERE ] updating countdown to 41000
[10:31:07.951] [SEVERE ] updating countdown to 40000
