[23:49:10.185] [INFO   ] thread main starting.
[23:49:10.185] [SEVERE ] cannot read configuration file config.properties trying from resources.
[23:49:10.202] [SEVERE ] configuration file was loaded from resources directory.
[23:49:10.772] [INFO   ] thread dealer starting.
[23:49:10.773] [INFO   ] thread player 0 starting.
[23:49:10.773] [INFO   ] thread player 1 starting.
[23:49:10.775] [INFO   ] thread dealer starting.
[23:49:10.775] [INFO   ] thread player 0 starting.
[23:49:10.788] [INFO   ] thread player 1 starting.
[23:49:10.899] [SEVERE ] placing card 50 in slot 0
[23:49:11.009] [SEVERE ] placing card 21 in slot 1
[23:49:11.119] [SEVERE ] placing card 49 in slot 2
[23:49:11.229] [SEVERE ] placing card 74 in slot 3
[23:49:11.339] [SEVERE ] placing card 25 in slot 4
[23:49:11.449] [SEVERE ] placing card 68 in slot 5
[23:49:11.559] [SEVERE ] placing card 37 in slot 6
[23:49:11.669] [SEVERE ] placing card 63 in slot 7
[23:49:11.780] [SEVERE ] placing card 78 in slot 8
[23:49:11.889] [SEVERE ] placing card 62 in slot 9
[23:49:11.999] [SEVERE ] placing card 70 in slot 10
[23:49:12.109] [SEVERE ] placing card 31 in slot 11
[23:49:13.115] [SEVERE ] updating countdown to 59000
[23:49:14.116] [SEVERE ] updating countdown to 58000
[23:49:15.130] [SEVERE ] updating countdown to 57000
[23:49:16.134] [SEVERE ] updating countdown to 56000
