[10:49:42.096] [INFO   ] thread main starting.
[10:49:42.108] [SEVERE ] cannot read configuration file config.properties trying from resources.
[10:49:42.111] [SEVERE ] configuration file was loaded from resources directory.
[10:49:42.848] [INFO   ] thread dealer starting.
[10:49:42.849] [INFO   ] thread player 0 starting.
[10:49:42.849] [INFO   ] thread player 1 starting.
[10:49:42.850] [INFO   ] thread player 0 starting.
[10:49:42.850] [INFO   ] thread dealer starting.
[10:49:42.851] [INFO   ] thread player 1 starting.
[10:49:42.962] [SEVERE ] placing card 30 in slot 0
[10:49:43.071] [SEVERE ] placing card 48 in slot 1
[10:49:43.182] [SEVERE ] placing card 46 in slot 2
[10:49:43.293] [SEVERE ] placing card 19 in slot 3
[10:49:43.402] [SEVERE ] placing card 45 in slot 4
[10:49:43.511] [SEVERE ] placing card 6 in slot 5
[10:49:43.621] [SEVERE ] placing card 4 in slot 6
[10:49:43.729] [SEVERE ] placing card 37 in slot 7
[10:49:43.840] [SEVERE ] placing card 54 in slot 8
[10:49:43.949] [SEVERE ] placing card 15 in slot 9
[10:49:44.058] [SEVERE ] placing card 3 in slot 10
[10:49:44.167] [SEVERE ] placing card 28 in slot 11
[10:49:45.199] [SEVERE ] updating countdown to 59000
[10:49:46.217] [SEVERE ] updating countdown to 58000
[10:49:47.229] [SEVERE ] updating countdown to 57000
[10:49:48.247] [SEVERE ] updating countdown to 56000
[10:49:49.258] [SEVERE ] updating countdown to 55000
[10:49:50.278] [SEVERE ] updating countdown to 54000
[10:49:51.022] [SEVERE ] key 73 was pressed by player 2
[10:49:51.024] [SEVERE ] player 2 placing token on slot 1
[10:49:51.289] [SEVERE ] updating countdown to 53000
[10:49:51.758] [SEVERE ] key 81 was pressed by player 1
[10:49:51.758] [SEVERE ] player 1 placing token on slot 0
[10:49:52.304] [SEVERE ] updating countdown to 52000
[10:49:53.324] [SEVERE ] updating countdown to 51000
[10:49:53.327] [SEVERE ] key 81 was pressed by player 1
[10:49:53.327] [SEVERE ] removing player 1 token from slot 0
[10:49:53.824] [SEVERE ] key 73 was pressed by player 2
[10:49:53.826] [SEVERE ] removing player 2 token from slot 1
[10:49:54.332] [SEVERE ] updating countdown to 50000
[10:49:55.348] [SEVERE ] updating countdown to 49000
[10:49:56.348] [SEVERE ] updating countdown to 48000
[10:49:57.365] [SEVERE ] updating countdown to 47000
[10:49:58.374] [SEVERE ] updating countdown to 46000
[10:49:58.980] [SEVERE ] key 83 was pressed by player 1
[10:49:58.981] [SEVERE ] player 1 placing token on slot 5
[10:49:59.385] [SEVERE ] updating countdown to 45000
[10:50:00.399] [SEVERE ] updating countdown to 44000
[10:50:01.408] [SEVERE ] updating countdown to 43000
[10:50:02.417] [SEVERE ] updating countdown to 42000
[10:50:03.422] [SEVERE ] updating countdown to 41000
[10:50:04.433] [SEVERE ] updating countdown to 40000
[10:50:05.447] [SEVERE ] updating countdown to 39000
[10:50:06.454] [SEVERE ] updating countdown to 38000
[10:50:07.464] [SEVERE ] updating countdown to 37000
[10:50:08.349] [SEVERE ] key 88 was pressed by player 1
[10:50:08.350] [SEVERE ] player 1 placing token on slot 9
[10:50:08.467] [SEVERE ] updating countdown to 36000
[10:50:09.478] [SEVERE ] updating countdown to 35000
[10:50:10.487] [SEVERE ] updating countdown to 34000
[10:50:11.001] [SEVERE ] key 88 was pressed by player 1
[10:50:11.001] [SEVERE ] removing player 1 token from slot 9
[10:50:11.504] [SEVERE ] updating countdown to 33000
[10:50:11.624] [SEVERE ] key 90 was pressed by player 1
[10:50:11.624] [SEVERE ] player 1 placing token on slot 8
[10:50:12.434] [SEVERE ] key 77 was pressed by player 2
[10:50:12.434] [SEVERE ] player 2 placing token on slot 8
[10:50:12.514] [SEVERE ] updating countdown to 32000
[10:50:13.528] [SEVERE ] updating countdown to 31000
[10:50:14.534] [SEVERE ] updating countdown to 30000
[10:50:15.539] [SEVERE ] updating countdown to 29000
[10:50:16.549] [SEVERE ] updating countdown to 28000
[10:50:17.435] [SEVERE ] key 44 was pressed by player 2
[10:50:17.435] [SEVERE ] player 2 placing token on slot 9
[10:50:17.550] [SEVERE ] updating countdown to 27000
[10:50:18.556] [SEVERE ] updating countdown to 26000
[10:50:19.574] [SEVERE ] updating countdown to 25000
[10:50:20.595] [SEVERE ] updating countdown to 24000
[10:50:21.614] [SEVERE ] updating countdown to 23000
[10:50:22.626] [SEVERE ] updating countdown to 22000
[10:50:23.635] [SEVERE ] updating countdown to 21000
[10:50:24.644] [SEVERE ] updating countdown to 20000
[10:50:25.657] [SEVERE ] updating countdown to 19000
[10:50:25.924] [SEVERE ] key 81 was pressed by player 1
[10:50:25.930] [SEVERE ] player 1 placing token on slot 0
[10:50:26.087] [SEVERE ] key 73 was pressed by player 2
[10:50:26.089] [SEVERE ] player 2 placing token on slot 1
[10:50:26.665] [SEVERE ] setting player 1 score to 1
[10:50:26.672] [SEVERE ] setting player 1 freeze to 1000
[10:50:26.673] [SEVERE ] updating countdown to 18000
[10:50:26.674] [SEVERE ] removing player 1 token from slot 5
[10:50:26.781] [SEVERE ] removing card from slot 5
[10:50:26.781] [SEVERE ] removing player 1 token from slot 8
[10:50:26.781] [SEVERE ] removing player 2 token from slot 8
[10:50:26.889] [SEVERE ] removing card from slot 8
[10:50:26.889] [SEVERE ] removing player 1 token from slot 0
[10:50:26.999] [SEVERE ] removing card from slot 0
[10:50:27.099] [SEVERE ] placing card 65 in slot 0
[10:50:27.202] [SEVERE ] placing card 2 in slot 5
[10:50:27.303] [SEVERE ] placing card 77 in slot 8
[10:50:27.684] [SEVERE ] setting player 1 freeze to 0
[10:50:28.704] [SEVERE ] updating countdown to 60000
[10:50:29.714] [SEVERE ] updating countdown to 59000
[10:50:30.727] [SEVERE ] updating countdown to 58000
[10:50:31.741] [SEVERE ] updating countdown to 57000
[10:50:32.754] [SEVERE ] updating countdown to 56000
[10:50:33.765] [SEVERE ] updating countdown to 55000
[10:50:34.777] [SEVERE ] updating countdown to 54000
[10:50:35.782] [SEVERE ] updating countdown to 53000
[10:50:36.798] [SEVERE ] updating countdown to 52000
[10:50:37.811] [SEVERE ] updating countdown to 51000
[10:50:38.248] [SEVERE ] key 87 was pressed by player 1
[10:50:38.250] [SEVERE ] player 1 placing token on slot 1
[10:50:38.815] [SEVERE ] updating countdown to 50000
[10:50:39.290] [SEVERE ] key 87 was pressed by player 1
[10:50:39.290] [SEVERE ] removing player 1 token from slot 1
[10:50:39.816] [SEVERE ] updating countdown to 49000
[10:50:40.348] [SEVERE ] key 79 was pressed by player 2
[10:50:40.348] [SEVERE ] player 2 placing token on slot 2
[10:50:40.831] [SEVERE ] setting player 2 freeze to 3000
[10:50:40.833] [SEVERE ] updating countdown to 48000
[10:50:41.839] [SEVERE ] setting player 2 freeze to 2000
[10:50:42.844] [SEVERE ] setting player 2 freeze to 1000
[10:50:43.853] [SEVERE ] setting player 2 freeze to 0
[10:50:44.854] [SEVERE ] updating countdown to 47000
[10:50:45.864] [SEVERE ] updating countdown to 46000
[10:50:46.166] [SEVERE ] key 85 was pressed by player 2
[10:50:46.533] [SEVERE ] key 73 was pressed by player 2
[10:50:46.534] [SEVERE ] removing player 2 token from slot 1
[10:50:46.874] [SEVERE ] updating countdown to 45000
[10:50:46.914] [SEVERE ] key 79 was pressed by player 2
[10:50:46.914] [SEVERE ] removing player 2 token from slot 2
[10:50:47.838] [SEVERE ] key 67 was pressed by player 1
[10:50:47.838] [SEVERE ] player 1 placing token on slot 10
[10:50:47.885] [SEVERE ] updating countdown to 44000
[10:50:48.354] [SEVERE ] key 67 was pressed by player 1
[10:50:48.361] [SEVERE ] removing player 1 token from slot 10
[10:50:48.718] [SEVERE ] key 77 was pressed by player 2
[10:50:48.718] [SEVERE ] player 2 placing token on slot 8
[10:50:48.896] [SEVERE ] updating countdown to 43000
[10:50:49.184] [SEVERE ] key 77 was pressed by player 2
[10:50:49.185] [SEVERE ] removing player 2 token from slot 8
[10:50:49.444] [SEVERE ] key 44 was pressed by player 2
[10:50:49.447] [SEVERE ] removing player 2 token from slot 9
[10:50:49.906] [SEVERE ] updating countdown to 42000
[10:50:50.914] [SEVERE ] updating countdown to 41000
[10:50:51.929] [SEVERE ] updating countdown to 40000
[10:50:52.940] [SEVERE ] updating countdown to 39000
[10:50:53.956] [SEVERE ] updating countdown to 38000
[10:50:54.963] [SEVERE ] updating countdown to 37000
[10:50:55.974] [SEVERE ] updating countdown to 36000
[10:50:56.978] [SEVERE ] updating countdown to 35000
[10:50:57.986] [SEVERE ] updating countdown to 34000
[10:50:58.994] [SEVERE ] updating countdown to 33000
[10:51:00.004] [SEVERE ] updating countdown to 32000
