[12:48:46.562] [INFO   ] thread main starting.
[12:48:46.578] [SEVERE ] cannot read configuration file config.properties trying from resources.
[12:48:46.582] [SEVERE ] configuration file was loaded from resources directory.
[12:48:47.623] [INFO   ] thread dealer starting.
[12:48:47.630] [INFO   ] thread player 0 starting.
[12:48:47.632] [INFO   ] thread player 1 starting.
[12:48:47.632] [INFO   ] thread dealer starting.
[12:48:47.636] [INFO   ] thread player 0 starting.
[12:48:47.636] [INFO   ] thread player 1 starting.
[12:48:47.759] [SEVERE ] placing card 46 in slot 0
[12:48:47.867] [SEVERE ] placing card 7 in slot 1
[12:48:47.975] [SEVERE ] placing card 29 in slot 2
[12:48:48.083] [SEVERE ] placing card 76 in slot 3
[12:48:48.191] [SEVERE ] placing card 59 in slot 4
[12:48:48.300] [SEVERE ] placing card 6 in slot 5
[12:48:48.407] [SEVERE ] placing card 49 in slot 6
[12:48:48.516] [SEVERE ] placing card 10 in slot 7
[12:48:48.624] [SEVERE ] placing card 57 in slot 8
[12:48:48.733] [SEVERE ] placing card 39 in slot 9
[12:48:48.842] [SEVERE ] placing card 2 in slot 10
[12:48:48.951] [SEVERE ] placing card 26 in slot 11
[12:48:49.977] [SEVERE ] updating countdown to 59000
[12:48:50.995] [SEVERE ] updating countdown to 58000
[12:48:52.007] [SEVERE ] updating countdown to 57000
[12:48:53.019] [SEVERE ] key 87 was pressed by player 1
[12:48:53.019] [SEVERE ] updating countdown to 56000
[12:48:53.020] [SEVERE ] player 1 placing token on slot 1
[12:48:53.279] [SEVERE ] key 69 was pressed by player 1
[12:48:53.279] [SEVERE ] player 1 placing token on slot 2
[12:48:54.028] [SEVERE ] updating countdown to 55000
[12:48:55.037] [SEVERE ] updating countdown to 54000
[12:48:56.052] [SEVERE ] updating countdown to 53000
[12:48:56.958] [SEVERE ] key 90 was pressed by player 1
[12:48:56.959] [SEVERE ] player 1 placing token on slot 8
[12:48:57.064] [SEVERE ] updating countdown to 52000
[12:48:58.078] [SEVERE ] updating countdown to 51000
[12:48:59.088] [SEVERE ] updating countdown to 50000
[12:49:00.092] [SEVERE ] updating countdown to 49000
[12:49:01.104] [SEVERE ] updating countdown to 48000
[12:49:02.118] [SEVERE ] updating countdown to 47000
[12:49:03.127] [SEVERE ] updating countdown to 46000
[12:49:04.140] [SEVERE ] updating countdown to 45000
[12:49:05.154] [SEVERE ] updating countdown to 44000
[12:49:06.166] [SEVERE ] updating countdown to 43000
[12:49:07.174] [SEVERE ] updating countdown to 42000
[12:49:08.187] [SEVERE ] updating countdown to 41000
[12:49:09.192] [SEVERE ] updating countdown to 40000
[12:49:10.200] [SEVERE ] updating countdown to 39000
[12:49:11.210] [SEVERE ] updating countdown to 38000
[12:49:12.220] [SEVERE ] updating countdown to 37000
[12:49:13.230] [SEVERE ] updating countdown to 36000
[12:49:14.241] [SEVERE ] updating countdown to 35000
