[21:52:39.931] [INFO   ] thread main starting.
[21:52:39.942] [SEVERE ] cannot read configuration file config.properties trying from resources.
[21:52:39.945] [SEVERE ] configuration file was loaded from resources directory.
[21:52:40.613] [INFO   ] thread dealer starting.
[21:52:40.616] [INFO   ] thread player 0 starting.
[21:52:40.620] [INFO   ] thread player 1 starting.
[21:52:40.620] [INFO   ] thread dealer starting.
[21:52:40.620] [INFO   ] thread player 0 starting.
[21:52:40.621] [INFO   ] thread player 1 starting.
[21:52:40.735] [SEVERE ] placing card 35 in slot 0
[21:52:40.851] [SEVERE ] placing card 43 in slot 1
[21:52:40.961] [SEVERE ] placing card 79 in slot 2
[21:52:41.070] [SEVERE ] placing card 1 in slot 3
[21:52:41.179] [SEVERE ] placing card 8 in slot 4
[21:52:41.288] [SEVERE ] placing card 76 in slot 5
[21:52:41.397] [SEVERE ] placing card 2 in slot 6
[21:52:41.505] [SEVERE ] placing card 3 in slot 7
[21:52:41.618] [SEVERE ] placing card 23 in slot 8
[21:52:41.729] [SEVERE ] placing card 53 in slot 9
[21:52:41.838] [SEVERE ] placing card 49 in slot 10
[21:52:41.947] [SEVERE ] placing card 18 in slot 11
[21:52:42.955] [SEVERE ] updating countdown to 59000
[21:52:43.979] [SEVERE ] updating countdown to 58000
[21:52:44.992] [SEVERE ] updating countdown to 57000
[21:52:45.273] [SEVERE ] key 87 was pressed by player 1
[21:52:45.274] [SEVERE ] player 1 placing token on slot 1
[21:52:46.009] [SEVERE ] updating countdown to 56000
[21:52:46.059] [SEVERE ] key 83 was pressed by player 1
[21:52:46.060] [SEVERE ] player 1 placing token on slot 5
[21:52:46.345] [SEVERE ] key 88 was pressed by player 1
[21:52:46.346] [SEVERE ] player 1 placing token on slot 9
[21:52:47.028] [SEVERE ] updating countdown to 55000
[21:52:48.040] [SEVERE ] updating countdown to 54000
[21:52:49.050] [SEVERE ] updating countdown to 53000
[21:52:50.054] [SEVERE ] updating countdown to 52000
[21:52:51.071] [SEVERE ] updating countdown to 51000
[21:52:52.077] [SEVERE ] updating countdown to 50000
[21:52:53.091] [SEVERE ] updating countdown to 49000
[21:52:54.098] [SEVERE ] updating countdown to 48000
[21:52:55.104] [SEVERE ] updating countdown to 47000
[21:52:56.122] [SEVERE ] updating countdown to 46000
[21:52:57.125] [SEVERE ] updating countdown to 45000
[21:52:58.140] [SEVERE ] updating countdown to 44000
