[21:43:00.944] [INFO   ] thread main starting.
[21:43:00.959] [SEVERE ] cannot read configuration file config.properties trying from resources.
[21:43:00.960] [SEVERE ] configuration file was loaded from resources directory.
[21:43:01.505] [INFO   ] thread dealer starting.
[21:43:01.506] [INFO   ] thread player 0 starting.
[21:43:01.507] [INFO   ] thread player 1 starting.
[21:43:01.507] [INFO   ] thread dealer starting.
[21:43:01.507] [INFO   ] thread player 0 starting.
[21:43:01.507] [INFO   ] thread player 1 starting.
[21:43:01.631] [SEVERE ] placing card 51 in slot 0
[21:43:01.742] [SEVERE ] placing card 37 in slot 1
[21:43:01.854] [SEVERE ] placing card 46 in slot 2
[21:43:01.965] [SEVERE ] placing card 39 in slot 3
[21:43:02.077] [SEVERE ] placing card 44 in slot 4
[21:43:02.187] [SEVERE ] placing card 11 in slot 5
[21:43:02.288] [SEVERE ] placing card 17 in slot 6
[21:43:02.392] [SEVERE ] placing card 35 in slot 7
[21:43:02.497] [SEVERE ] placing card 56 in slot 8
[21:43:02.613] [SEVERE ] placing card 19 in slot 9
[21:43:02.724] [SEVERE ] placing card 1 in slot 10
[21:43:02.836] [SEVERE ] placing card 66 in slot 11
[21:43:03.844] [SEVERE ] updating countdown to 59000
[21:43:04.854] [SEVERE ] updating countdown to 58000
[21:43:05.861] [SEVERE ] updating countdown to 57000
[21:43:06.864] [SEVERE ] updating countdown to 56000
[21:43:07.584] [SEVERE ] key 87 was pressed by player 1
[21:43:07.584] [SEVERE ] player 1 placing token on slot 1
[21:43:07.816] [SEVERE ] key 73 was pressed by player 2
[21:43:07.816] [SEVERE ] player 2 placing token on slot 1
[21:43:07.869] [SEVERE ] updating countdown to 55000
[21:43:08.264] [SEVERE ] key 87 was pressed by player 1
[21:43:08.264] [SEVERE ] removing player 1 token from slot 1
[21:43:08.508] [SEVERE ] key 73 was pressed by player 2
[21:43:08.509] [SEVERE ] removing player 2 token from slot 1
[21:43:08.884] [SEVERE ] updating countdown to 54000
[21:43:09.377] [SEVERE ] key 82 was pressed by player 1
[21:43:09.379] [SEVERE ] player 1 placing token on slot 3
[21:43:09.622] [SEVERE ] key 80 was pressed by player 2
[21:43:09.623] [SEVERE ] player 2 placing token on slot 3
[21:43:09.899] [SEVERE ] updating countdown to 53000
[21:43:10.907] [SEVERE ] updating countdown to 52000
[21:43:11.296] [SEVERE ] key 65 was pressed by player 1
[21:43:11.297] [SEVERE ] player 1 placing token on slot 4
[21:43:11.564] [SEVERE ] key 74 was pressed by player 2
[21:43:11.564] [SEVERE ] player 2 placing token on slot 4
[21:43:11.928] [SEVERE ] updating countdown to 51000
[21:43:12.944] [SEVERE ] updating countdown to 50000
[21:43:12.978] [SEVERE ] key 87 was pressed by player 1
[21:43:12.978] [SEVERE ] player 1 placing token on slot 1
[21:43:12.979] [SEVERE ] setting player 1 score to 1
[21:43:12.982] [SEVERE ] setting player 1 freeze to 1000
[21:43:12.982] [SEVERE ] removing player 1 token from slot 3
[21:43:12.983] [SEVERE ] removing player 2 token from slot 3
[21:43:12.983] [SEVERE ] removing card from slot 3
[21:43:13.044] [SEVERE ] key 73 was pressed by player 2
[21:43:13.044] [SEVERE ] player 2 placing token on slot 1
[21:43:13.096] [SEVERE ] removing player 1 token from slot 4
[21:43:13.096] [SEVERE ] removing player 2 token from slot 4
[21:43:13.097] [SEVERE ] removing card from slot 4
[21:43:13.201] [SEVERE ] removing player 1 token from slot 1
[21:43:13.201] [SEVERE ] removing player 2 token from slot 1
[21:43:13.202] [SEVERE ] removing card from slot 1
[21:43:13.427] [SEVERE ] placing card 0 in slot 1
[21:43:13.539] [SEVERE ] placing card 68 in slot 3
[21:43:13.652] [SEVERE ] placing card 71 in slot 4
[21:43:13.658] [INFO   ] thread dealer terminated.
[21:43:13.990] [SEVERE ] setting player 1 freeze to 0
[21:43:18.664] [SEVERE ] thanks for playing... it was fun!
[21:43:18.665] [INFO   ] thread main terminated.
[21:43:18.665] [SEVERE ] disposing of user interface elements
