[12:46:38.482] [INFO   ] thread main starting.
[12:46:38.499] [SEVERE ] cannot read configuration file config.properties trying from resources.
[12:46:38.502] [SEVERE ] configuration file was loaded from resources directory.
[12:46:39.559] [INFO   ] thread dealer starting.
[12:46:39.561] [INFO   ] thread player 0 starting.
[12:46:39.562] [INFO   ] thread player 1 starting.
[12:46:39.563] [INFO   ] thread dealer starting.
[12:46:39.563] [INFO   ] thread player 0 starting.
[12:46:39.584] [INFO   ] thread player 1 starting.
[12:46:39.707] [SEVERE ] placing card 22 in slot 0
[12:46:39.816] [SEVERE ] placing card 77 in slot 1
[12:46:39.925] [SEVERE ] placing card 13 in slot 2
[12:46:40.034] [SEVERE ] placing card 3 in slot 3
[12:46:40.140] [SEVERE ] placing card 40 in slot 4
[12:46:40.248] [SEVERE ] placing card 0 in slot 5
[12:46:40.357] [SEVERE ] placing card 42 in slot 6
[12:46:40.466] [SEVERE ] placing card 52 in slot 7
[12:46:40.575] [SEVERE ] placing card 21 in slot 8
[12:46:40.684] [SEVERE ] placing card 18 in slot 9
[12:46:40.795] [SEVERE ] placing card 36 in slot 10
[12:46:40.903] [SEVERE ] placing card 48 in slot 11
[12:46:41.930] [SEVERE ] updating countdown to 59000
[12:46:42.954] [SEVERE ] updating countdown to 58000
[12:46:43.965] [SEVERE ] updating countdown to 57000
[12:46:44.659] [SEVERE ] key 81 was pressed by player 1
[12:46:44.660] [SEVERE ] player 1 placing token on slot 0
[12:46:44.812] [SEVERE ] key 87 was pressed by player 1
[12:46:44.814] [SEVERE ] player 1 placing token on slot 1
[12:46:44.977] [SEVERE ] updating countdown to 56000
[12:46:45.991] [SEVERE ] updating countdown to 55000
[12:46:46.356] [SEVERE ] key 86 was pressed by player 1
[12:46:46.357] [SEVERE ] player 1 placing token on slot 11
[12:46:46.361] [SEVERE ] setting player 1 freeze to 3000
[12:46:47.003] [SEVERE ] updating countdown to 54000
[12:46:47.374] [SEVERE ] setting player 1 freeze to 2000
[12:46:48.014] [SEVERE ] updating countdown to 53000
[12:46:48.385] [SEVERE ] setting player 1 freeze to 1000
