[21:01:25.428] [INFO   ] thread main starting.
[21:01:25.438] [SEVERE ] cannot read configuration file config.properties trying from resources.
[21:01:25.440] [SEVERE ] configuration file was loaded from resources directory.
[21:01:26.149] [INFO   ] thread dealer starting.
[21:01:26.156] [INFO   ] thread player 0 starting.
[21:01:26.164] [INFO   ] thread player 1 starting.
[21:01:26.165] [INFO   ] thread dealer starting.
[21:01:26.172] [INFO   ] thread player 0 starting.
[21:01:26.175] [INFO   ] thread player 1 starting.
[21:01:26.295] [SEVERE ] placing card 23 in slot 0
[21:01:26.405] [SEVERE ] placing card 56 in slot 1
[21:01:26.514] [SEVERE ] placing card 0 in slot 2
[21:01:26.624] [SEVERE ] placing card 13 in slot 3
[21:01:26.733] [SEVERE ] placing card 19 in slot 4
[21:01:26.842] [SEVERE ] placing card 67 in slot 5
[21:01:26.952] [SEVERE ] placing card 80 in slot 6
[21:01:27.060] [SEVERE ] placing card 77 in slot 7
[21:01:27.169] [SEVERE ] placing card 31 in slot 8
[21:01:27.278] [SEVERE ] placing card 68 in slot 9
[21:01:27.388] [SEVERE ] placing card 3 in slot 10
[21:01:27.498] [SEVERE ] placing card 66 in slot 11
[21:01:28.517] [SEVERE ] updating countdown to 59000
[21:01:29.528] [SEVERE ] updating countdown to 58000
[21:01:30.538] [SEVERE ] updating countdown to 57000
[21:01:30.754] [SEVERE ] key 81 was pressed by player 1
[21:01:30.755] [SEVERE ] player 1 placing token on slot 0
[21:01:31.548] [SEVERE ] updating countdown to 56000
[21:01:32.442] [SEVERE ] key 82 was pressed by player 1
[21:01:32.442] [SEVERE ] player 1 placing token on slot 3
[21:01:32.556] [SEVERE ] updating countdown to 55000
[21:01:33.570] [SEVERE ] updating countdown to 54000
[21:01:34.582] [SEVERE ] updating countdown to 53000
[21:01:35.398] [SEVERE ] key 67 was pressed by player 1
[21:01:35.398] [SEVERE ] player 1 placing token on slot 10
[21:01:35.399] [SEVERE ] setting player 1 score to 1
[21:01:35.401] [SEVERE ] setting player 1 freeze to 1000
[21:01:36.412] [SEVERE ] setting player 1 freeze to 0
[21:01:36.414] [SEVERE ] removing player 1 token from slot 0
[21:01:36.414] [SEVERE ] removing card from slot 0
[21:01:36.521] [SEVERE ] removing player 1 token from slot 3
[21:01:36.522] [SEVERE ] removing card from slot 3
[21:01:36.631] [SEVERE ] removing player 1 token from slot 10
[21:01:36.631] [SEVERE ] removing card from slot 10
[21:01:36.849] [SEVERE ] placing card 61 in slot 0
[21:01:36.960] [SEVERE ] placing card 24 in slot 3
[21:01:37.071] [SEVERE ] placing card 49 in slot 10
[21:01:37.074] [SEVERE ] updating countdown to 60000
[21:01:38.079] [SEVERE ] updating countdown to 59000
[21:01:39.088] [SEVERE ] updating countdown to 58000
[21:01:40.091] [SEVERE ] updating countdown to 57000
[21:01:41.108] [SEVERE ] updating countdown to 56000
[21:01:42.120] [SEVERE ] updating countdown to 55000
[21:01:43.123] [SEVERE ] updating countdown to 54000
