[21:21:00.324] [INFO   ] thread main starting.
[21:21:00.328] [SEVERE ] cannot read configuration file config.properties trying from resources.
[21:21:00.328] [SEVERE ] configuration file was loaded from resources directory.
[21:21:00.857] [INFO   ] thread dealer starting.
[21:21:00.861] [INFO   ] thread player 0 starting.
[21:21:00.862] [INFO   ] thread player 1 starting.
[21:21:00.862] [INFO   ] thread player 0 starting.
[21:21:00.862] [INFO   ] thread dealer starting.
[21:21:00.864] [INFO   ] thread player 1 starting.
[21:21:00.971] [SEVERE ] placing card 45 in slot 0
[21:21:01.081] [SEVERE ] placing card 27 in slot 1
[21:21:01.190] [SEVERE ] placing card 60 in slot 2
[21:21:01.300] [SEVERE ] placing card 34 in slot 3
[21:21:01.410] [SEVERE ] placing card 79 in slot 4
[21:21:01.521] [SEVERE ] placing card 74 in slot 5
[21:21:01.630] [SEVERE ] placing card 67 in slot 6
[21:21:01.739] [SEVERE ] placing card 22 in slot 7
[21:21:01.849] [SEVERE ] placing card 51 in slot 8
[21:21:01.959] [SEVERE ] placing card 5 in slot 9
[21:21:02.070] [SEVERE ] placing card 15 in slot 10
[21:21:02.180] [SEVERE ] placing card 49 in slot 11
[21:21:03.185] [SEVERE ] updating countdown to 59000
[21:21:04.188] [SEVERE ] updating countdown to 58000
[21:21:05.200] [SEVERE ] updating countdown to 57000
[21:21:06.204] [SEVERE ] updating countdown to 56000
[21:21:07.217] [SEVERE ] updating countdown to 55000
[21:21:08.218] [SEVERE ] updating countdown to 54000
[21:21:09.222] [SEVERE ] updating countdown to 53000
[21:21:10.241] [SEVERE ] updating countdown to 52000
[21:21:11.096] [SEVERE ] key 83 was pressed by player 1
[21:21:11.111] [SEVERE ] player 1 placing token on slot 5
[21:21:11.253] [SEVERE ] updating countdown to 51000
[21:21:11.338] [SEVERE ] key 68 was pressed by player 1
[21:21:11.338] [SEVERE ] player 1 placing token on slot 6
[21:21:12.258] [SEVERE ] updating countdown to 50000
[21:21:12.453] [SEVERE ] key 74 was pressed by player 2
[21:21:12.465] [SEVERE ] player 2 placing token on slot 4
[21:21:12.847] [SEVERE ] key 74 was pressed by player 2
[21:21:12.862] [SEVERE ] removing player 2 token from slot 4
[21:21:13.129] [SEVERE ] key 75 was pressed by player 2
[21:21:13.131] [SEVERE ] player 2 placing token on slot 5
[21:21:13.271] [SEVERE ] updating countdown to 49000
[21:21:13.392] [SEVERE ] key 76 was pressed by player 2
[21:21:13.393] [SEVERE ] player 2 placing token on slot 6
[21:21:14.285] [SEVERE ] updating countdown to 48000
[21:21:15.298] [SEVERE ] updating countdown to 47000
[21:21:16.302] [SEVERE ] updating countdown to 46000
[21:21:17.269] [SEVERE ] key 69 was pressed by player 1
[21:21:17.269] [SEVERE ] player 1 placing token on slot 2
[21:21:17.283] [SEVERE ] removing player 1 token from slot 5
[21:21:17.285] [SEVERE ] removing player 2 token from slot 5
[21:21:17.286] [SEVERE ] removing card from slot 5
[21:21:17.401] [SEVERE ] removing player 1 token from slot 6
[21:21:17.402] [SEVERE ] removing player 2 token from slot 6
[21:21:17.403] [SEVERE ] removing card from slot 6
[21:21:17.404] [SEVERE ] key 79 was pressed by player 2
[21:21:17.404] [SEVERE ] player 2 placing token on slot 2
[21:21:17.505] [SEVERE ] removing player 1 token from slot 2
[21:21:17.506] [SEVERE ] removing player 2 token from slot 2
[21:21:17.507] [SEVERE ] removing card from slot 2
[21:21:17.732] [SEVERE ] placing card 43 in slot 2
[21:21:17.844] [SEVERE ] placing card 16 in slot 5
[21:21:17.954] [SEVERE ] placing card 61 in slot 6
[21:21:17.954] [SEVERE ] updating countdown to 60000
[21:21:18.842] [SEVERE ] key 69 was pressed by player 1
[21:21:18.968] [SEVERE ] updating countdown to 59000
[21:21:19.040] [SEVERE ] key 79 was pressed by player 2
[21:21:19.040] [SEVERE ] player 2 placing token on slot 2
[21:21:19.236] [SEVERE ] key 68 was pressed by player 1
[21:21:19.546] [SEVERE ] key 76 was pressed by player 2
[21:21:19.546] [SEVERE ] player 2 placing token on slot 6
[21:21:19.971] [SEVERE ] updating countdown to 58000
[21:21:19.992] [SEVERE ] key 83 was pressed by player 1
[21:21:20.135] [SEVERE ] key 80 was pressed by player 2
[21:21:20.135] [SEVERE ] player 2 placing token on slot 3
[21:21:20.135] [SEVERE ] setting player 2 freeze to 3000
[21:21:20.807] [SEVERE ] key 83 was pressed by player 1
[21:21:20.979] [SEVERE ] updating countdown to 57000
[21:21:21.039] [SEVERE ] key 68 was pressed by player 1
[21:21:21.150] [SEVERE ] setting player 2 freeze to 2000
[21:21:21.228] [SEVERE ] key 81 was pressed by player 1
[21:21:21.482] [SEVERE ] key 81 was pressed by player 1
[21:21:21.984] [SEVERE ] updating countdown to 56000
[21:21:22.150] [SEVERE ] setting player 2 freeze to 1000
[21:21:22.986] [SEVERE ] updating countdown to 55000
[21:21:23.152] [SEVERE ] setting player 2 freeze to 0
