[19:53:16.424] [INFO   ] thread main starting.
[19:53:16.434] [SEVERE ] cannot read configuration file config.properties trying from resources.
[19:53:16.437] [SEVERE ] configuration file was loaded from resources directory.
[19:53:17.021] [INFO   ] thread dealer starting.
[19:53:17.032] [INFO   ] thread player 0 starting.
[19:53:17.033] [INFO   ] thread player 1 starting.
[19:53:17.034] [INFO   ] thread player 0 starting.
[19:53:17.034] [INFO   ] thread dealer starting.
[19:53:17.050] [INFO   ] thread player 1 starting.
[19:53:17.157] [SEVERE ] placing card 4 in slot 0
[19:53:17.265] [SEVERE ] placing card 63 in slot 1
[19:53:17.374] [SEVERE ] placing card 71 in slot 2
[19:53:17.485] [SEVERE ] placing card 9 in slot 3
[19:53:17.595] [SEVERE ] placing card 24 in slot 4
[19:53:17.702] [SEVERE ] placing card 53 in slot 5
[19:53:17.810] [SEVERE ] placing card 57 in slot 6
[19:53:17.920] [SEVERE ] placing card 73 in slot 7
[19:53:18.030] [SEVERE ] placing card 77 in slot 8
[19:53:18.139] [SEVERE ] placing card 13 in slot 9
[19:53:18.249] [SEVERE ] placing card 5 in slot 10
[19:53:18.358] [SEVERE ] placing card 66 in slot 11
[19:53:19.380] [SEVERE ] updating countdown to 59000
[19:53:20.403] [SEVERE ] updating countdown to 58000
[19:53:21.410] [SEVERE ] updating countdown to 57000
[19:53:22.418] [SEVERE ] updating countdown to 56000
[19:53:23.432] [SEVERE ] updating countdown to 55000
[19:53:24.444] [SEVERE ] updating countdown to 54000
[19:53:24.562] [SEVERE ] key 83 was pressed by player 1
[19:53:24.563] [SEVERE ] player 1 placing token on slot 5
[19:53:24.893] [SEVERE ] key 75 was pressed by player 2
[19:53:24.893] [SEVERE ] player 2 placing token on slot 5
[19:53:25.456] [SEVERE ] updating countdown to 53000
[19:53:26.466] [SEVERE ] updating countdown to 52000
[19:53:27.229] [SEVERE ] key 87 was pressed by player 1
[19:53:27.231] [SEVERE ] player 1 placing token on slot 1
[19:53:27.476] [SEVERE ] updating countdown to 51000
[19:53:27.527] [SEVERE ] key 73 was pressed by player 2
[19:53:27.529] [SEVERE ] player 2 placing token on slot 1
[19:53:28.486] [SEVERE ] updating countdown to 50000
[19:53:28.544] [SEVERE ] key 85 was pressed by player 2
[19:53:28.545] [SEVERE ] player 2 placing token on slot 0
[19:53:28.701] [SEVERE ] key 81 was pressed by player 1
[19:53:28.702] [SEVERE ] player 1 placing token on slot 0
[19:53:29.493] [SEVERE ] setting player 1 score to 1
[19:53:29.494] [SEVERE ] setting player 1 freeze to 1000
[19:53:29.495] [SEVERE ] updating countdown to 49000
[19:53:30.507] [SEVERE ] setting player 1 freeze to 0
[19:53:30.509] [SEVERE ] removing player 1 token from slot 5
[19:53:30.510] [SEVERE ] removing player 2 token from slot 5
[19:53:30.510] [SEVERE ] removing card from slot 5
[19:53:30.617] [SEVERE ] removing player 1 token from slot 1
[19:53:30.617] [SEVERE ] removing player 2 token from slot 1
[19:53:30.618] [SEVERE ] removing card from slot 1
[19:53:30.725] [SEVERE ] removing player 1 token from slot 0
[19:53:30.725] [SEVERE ] removing player 2 token from slot 0
[19:53:30.726] [SEVERE ] removing card from slot 0
[19:53:30.942] [SEVERE ] placing card 61 in slot 0
[19:53:31.051] [SEVERE ] placing card 70 in slot 1
[19:53:31.158] [SEVERE ] placing card 40 in slot 5
[19:53:31.159] [SEVERE ] updating countdown to 60000
[19:53:32.172] [SEVERE ] updating countdown to 59000
[19:53:33.185] [SEVERE ] updating countdown to 58000
[19:53:34.200] [SEVERE ] updating countdown to 57000
[19:53:35.206] [SEVERE ] updating countdown to 56000
[19:53:36.207] [SEVERE ] updating countdown to 55000
