[20:29:25.190] [INFO   ] thread main starting.
[20:29:25.199] [SEVERE ] cannot read configuration file config.properties trying from resources.
[20:29:25.203] [SEVERE ] configuration file was loaded from resources directory.
[20:29:25.782] [INFO   ] thread dealer starting.
[20:29:25.790] [INFO   ] thread player 0 starting.
[20:29:25.793] [INFO   ] thread player 1 starting.
[20:29:25.793] [INFO   ] thread dealer starting.
[20:29:25.794] [INFO   ] thread player 0 starting.
[20:29:25.796] [INFO   ] thread player 1 starting.
[20:29:25.919] [SEVERE ] placing card 71 in slot 0
[20:29:26.028] [SEVERE ] placing card 65 in slot 1
[20:29:26.137] [SEVERE ] placing card 64 in slot 2
[20:29:26.246] [SEVERE ] placing card 12 in slot 3
[20:29:26.355] [SEVERE ] placing card 31 in slot 4
[20:29:26.464] [SEVERE ] placing card 39 in slot 5
[20:29:26.572] [SEVERE ] placing card 55 in slot 6
[20:29:26.683] [SEVERE ] placing card 36 in slot 7
[20:29:26.792] [SEVERE ] placing card 35 in slot 8
[20:29:26.902] [SEVERE ] placing card 8 in slot 9
[20:29:27.011] [SEVERE ] placing card 33 in slot 10
[20:29:27.120] [SEVERE ] placing card 47 in slot 11
[20:29:28.141] [SEVERE ] updating countdown to 59000
[20:29:29.151] [SEVERE ] updating countdown to 58000
[20:29:30.167] [SEVERE ] updating countdown to 57000
