[20:56:01.712] [INFO   ] thread main starting.
[20:56:01.723] [SEVERE ] cannot read configuration file config.properties trying from resources.
[20:56:01.726] [SEVERE ] configuration file was loaded from resources directory.
[20:56:02.321] [INFO   ] thread dealer starting.
[20:56:02.328] [INFO   ] thread player 0 starting.
[20:56:02.333] [INFO   ] thread player 1 starting.
[20:56:02.334] [INFO   ] thread dealer starting.
[20:56:02.335] [INFO   ] thread player 0 starting.
[20:56:02.335] [INFO   ] thread player 1 starting.
[20:56:02.452] [SEVERE ] placing card 67 in slot 0
[20:56:02.560] [SEVERE ] placing card 26 in slot 1
[20:56:02.669] [SEVERE ] placing card 55 in slot 2
[20:56:02.777] [SEVERE ] placing card 34 in slot 3
[20:56:02.887] [SEVERE ] placing card 4 in slot 4
[20:56:02.996] [SEVERE ] placing card 21 in slot 5
[20:56:03.104] [SEVERE ] placing card 12 in slot 6
[20:56:03.212] [SEVERE ] placing card 48 in slot 7
[20:56:03.323] [SEVERE ] placing card 47 in slot 8
[20:56:03.432] [SEVERE ] placing card 53 in slot 9
[20:56:03.540] [SEVERE ] placing card 36 in slot 10
[20:56:03.650] [SEVERE ] placing card 3 in slot 11
[20:56:04.672] [SEVERE ] updating countdown to 59000
[20:56:05.687] [SEVERE ] updating countdown to 58000
[20:56:06.696] [SEVERE ] updating countdown to 57000
[20:56:07.711] [SEVERE ] updating countdown to 56000
[20:56:08.064] [SEVERE ] key 69 was pressed by player 1
[20:56:08.065] [SEVERE ] player 1 placing token on slot 2
[20:56:08.235] [SEVERE ] key 82 was pressed by player 1
[20:56:08.236] [SEVERE ] player 1 placing token on slot 3
[20:56:08.724] [SEVERE ] updating countdown to 55000
[20:56:08.759] [SEVERE ] key 65 was pressed by player 1
[20:56:08.759] [SEVERE ] player 1 placing token on slot 4
[20:56:09.740] [SEVERE ] updating countdown to 54000
[20:56:10.756] [SEVERE ] updating countdown to 53000
[20:56:11.768] [SEVERE ] updating countdown to 52000
[20:56:12.779] [SEVERE ] updating countdown to 51000
[20:56:13.795] [SEVERE ] updating countdown to 50000
[20:56:14.807] [SEVERE ] updating countdown to 49000
[20:56:15.823] [SEVERE ] updating countdown to 48000
[20:56:16.829] [SEVERE ] updating countdown to 47000
[20:56:17.846] [SEVERE ] updating countdown to 46000
[20:56:18.860] [SEVERE ] updating countdown to 45000
[20:56:19.871] [SEVERE ] updating countdown to 44000
[20:56:20.903] [SEVERE ] updating countdown to 43000
[20:56:21.914] [SEVERE ] updating countdown to 42000
[20:56:22.926] [SEVERE ] updating countdown to 41000
[20:56:23.937] [SEVERE ] updating countdown to 40000
[20:56:24.947] [SEVERE ] updating countdown to 39000
[20:56:25.963] [SEVERE ] updating countdown to 38000
[20:56:26.979] [SEVERE ] updating countdown to 37000
[20:56:27.994] [SEVERE ] updating countdown to 36000
[20:56:29.001] [SEVERE ] updating countdown to 35000
[20:56:30.013] [SEVERE ] updating countdown to 34000
[20:56:31.023] [SEVERE ] updating countdown to 33000
[20:56:32.035] [SEVERE ] updating countdown to 32000
[20:56:33.045] [SEVERE ] updating countdown to 31000
[20:56:34.057] [SEVERE ] updating countdown to 30000
[20:56:35.067] [SEVERE ] updating countdown to 29000
[20:56:36.079] [SEVERE ] updating countdown to 28000
[20:56:37.090] [SEVERE ] updating countdown to 27000
[20:56:38.104] [SEVERE ] updating countdown to 26000
[20:56:39.115] [SEVERE ] updating countdown to 25000
[20:56:40.127] [SEVERE ] updating countdown to 24000
[20:56:41.137] [SEVERE ] updating countdown to 23000
[20:56:42.145] [SEVERE ] updating countdown to 22000
[20:56:43.158] [SEVERE ] updating countdown to 21000
[20:56:44.170] [SEVERE ] updating countdown to 20000
[20:56:45.182] [SEVERE ] updating countdown to 19000
[20:56:46.196] [SEVERE ] updating countdown to 18000
[20:56:47.209] [SEVERE ] updating countdown to 17000
[20:56:48.222] [SEVERE ] updating countdown to 16000
[20:57:51.920] [SEVERE ] removing player 1 token from slot 2
[20:57:51.921] [SEVERE ] removing card from slot 2
[20:57:52.027] [SEVERE ] removing player 1 token from slot 3
[20:57:52.027] [SEVERE ] removing card from slot 3
[20:57:52.135] [SEVERE ] removing player 1 token from slot 4
[20:57:52.138] [SEVERE ] removing card from slot 4
[20:57:52.354] [SEVERE ] placing card 70 in slot 2
[20:57:52.462] [SEVERE ] placing card 24 in slot 3
[20:57:52.571] [SEVERE ] placing card 40 in slot 4
[20:57:52.576] [INFO   ] thread dealer terminated.
[20:57:57.590] [SEVERE ] thanks for playing... it was fun!
[20:57:57.591] [INFO   ] thread main terminated.
[20:57:57.591] [SEVERE ] disposing of user interface elements
