[18:45:13.514] [INFO   ] thread main starting.
[18:45:13.526] [SEVERE ] cannot read configuration file config.properties trying from resources.
[18:45:13.528] [SEVERE ] configuration file was loaded from resources directory.
[18:45:14.137] [INFO   ] thread dealer starting.
[18:45:14.140] [INFO   ] thread player 0 starting.
[18:45:14.143] [INFO   ] thread player 1 starting.
[18:45:14.147] [INFO   ] thread player 0 starting.
[18:45:14.147] [INFO   ] thread dealer starting.
[18:45:14.147] [INFO   ] thread player 1 starting.
[18:45:14.257] [SEVERE ] placing card 69 in slot 0
[18:45:14.369] [SEVERE ] placing card 40 in slot 1
[18:45:14.477] [SEVERE ] placing card 34 in slot 2
[18:45:14.586] [SEVERE ] placing card 53 in slot 3
[18:45:14.694] [SEVERE ] placing card 42 in slot 4
[18:45:14.801] [SEVERE ] placing card 18 in slot 5
[18:45:14.910] [SEVERE ] placing card 5 in slot 6
[18:45:15.019] [SEVERE ] placing card 13 in slot 7
[18:45:15.129] [SEVERE ] placing card 60 in slot 8
[18:45:15.238] [SEVERE ] placing card 54 in slot 9
[18:45:15.348] [SEVERE ] placing card 22 in slot 10
[18:45:15.457] [SEVERE ] placing card 47 in slot 11
[18:45:16.464] [SEVERE ] updating countdown to 59000
[18:45:17.473] [SEVERE ] updating countdown to 58000
[18:45:18.484] [SEVERE ] updating countdown to 57000
[18:45:18.499] [SEVERE ] key 85 was pressed by player 2
[18:45:18.500] [SEVERE ] player 2 placing token on slot 0
[18:45:18.738] [SEVERE ] key 81 was pressed by player 1
[18:45:18.739] [SEVERE ] player 1 placing token on slot 0
[18:45:19.364] [SEVERE ] key 87 was pressed by player 1
[18:45:19.365] [SEVERE ] player 1 placing token on slot 1
[18:45:19.495] [SEVERE ] updating countdown to 56000
[18:45:19.722] [SEVERE ] key 73 was pressed by player 2
[18:45:19.722] [SEVERE ] player 2 placing token on slot 1
[18:45:20.509] [SEVERE ] updating countdown to 55000
[18:45:21.518] [SEVERE ] updating countdown to 54000
[18:45:21.786] [SEVERE ] key 79 was pressed by player 2
[18:45:21.786] [SEVERE ] player 2 placing token on slot 2
[18:45:21.790] [SEVERE ] setting player 2 freeze to 3000
[18:45:22.095] [SEVERE ] key 69 was pressed by player 1
[18:45:22.096] [SEVERE ] player 1 placing token on slot 2
[18:45:22.532] [SEVERE ] updating countdown to 53000
[18:45:22.792] [SEVERE ] setting player 2 freeze to 2000
[18:45:23.544] [SEVERE ] updating countdown to 52000
[18:45:23.804] [SEVERE ] setting player 2 freeze to 1000
[18:45:24.558] [SEVERE ] updating countdown to 51000
[18:45:24.815] [SEVERE ] setting player 2 freeze to 0
[18:45:24.816] [SEVERE ] setting player 1 freeze to 3000
[18:45:25.571] [SEVERE ] updating countdown to 50000
[18:45:25.830] [SEVERE ] setting player 1 freeze to 2000
