[20:40:35.250] [INFO   ] thread main starting.
[20:40:35.260] [SEVERE ] cannot read configuration file config.properties trying from resources.
[20:40:35.262] [SEVERE ] configuration file was loaded from resources directory.
[20:40:35.793] [INFO   ] thread dealer starting.
[20:40:35.793] [INFO   ] thread player 0 starting.
[20:40:35.794] [INFO   ] thread player 1 starting.
[20:40:35.798] [INFO   ] thread dealer starting.
[20:40:35.798] [INFO   ] thread player 0 starting.
[20:40:35.798] [INFO   ] thread player 1 starting.
[20:40:35.914] [SEVERE ] placing card 55 in slot 0
[20:40:36.023] [SEVERE ] placing card 67 in slot 1
[20:40:36.132] [SEVERE ] placing card 70 in slot 2
[20:40:36.242] [SEVERE ] placing card 11 in slot 3
[20:40:36.350] [SEVERE ] placing card 69 in slot 4
[20:40:36.460] [SEVERE ] placing card 58 in slot 5
[20:40:36.568] [SEVERE ] placing card 75 in slot 6
[20:40:36.678] [SEVERE ] placing card 9 in slot 7
[20:40:36.786] [SEVERE ] placing card 4 in slot 8
[20:40:36.893] [SEVERE ] placing card 62 in slot 9
[20:40:37.002] [SEVERE ] placing card 52 in slot 10
[20:40:37.112] [SEVERE ] placing card 49 in slot 11
[20:40:38.132] [SEVERE ] updating countdown to 59000
[20:40:39.155] [SEVERE ] updating countdown to 58000
[20:40:40.166] [SEVERE ] updating countdown to 57000
[20:40:41.178] [SEVERE ] updating countdown to 56000
[20:40:42.204] [SEVERE ] updating countdown to 55000
[20:40:42.984] [SEVERE ] key 86 was pressed by player 1
[20:40:42.984] [SEVERE ] player 1 placing token on slot 11
[20:40:43.220] [SEVERE ] updating countdown to 54000
[20:40:43.332] [SEVERE ] key 46 was pressed by player 2
[20:40:43.333] [SEVERE ] player 2 placing token on slot 10
[20:40:43.851] [SEVERE ] key 46 was pressed by player 2
[20:40:43.852] [SEVERE ] removing player 2 token from slot 10
[20:40:44.235] [SEVERE ] updating countdown to 53000
[20:40:44.246] [SEVERE ] key 47 was pressed by player 2
[20:40:44.246] [SEVERE ] player 2 placing token on slot 11
[20:40:45.253] [SEVERE ] updating countdown to 52000
[20:40:46.266] [SEVERE ] updating countdown to 51000
[20:40:47.280] [SEVERE ] updating countdown to 50000
[20:40:48.043] [SEVERE ] key 59 was pressed by player 2
[20:40:48.044] [SEVERE ] player 2 placing token on slot 7
[20:40:48.283] [SEVERE ] updating countdown to 49000
[20:40:48.462] [SEVERE ] key 68 was pressed by player 1
[20:40:48.463] [SEVERE ] player 1 placing token on slot 6
[20:40:49.017] [SEVERE ] key 68 was pressed by player 1
[20:40:49.017] [SEVERE ] removing player 1 token from slot 6
[20:40:49.290] [SEVERE ] key 70 was pressed by player 1
[20:40:49.290] [SEVERE ] player 1 placing token on slot 7
[20:40:49.303] [SEVERE ] updating countdown to 48000
[20:40:50.318] [SEVERE ] updating countdown to 47000
[20:40:50.401] [SEVERE ] key 70 was pressed by player 1
[20:40:50.402] [SEVERE ] removing player 1 token from slot 7
[20:40:50.755] [SEVERE ] key 59 was pressed by player 2
[20:40:50.757] [SEVERE ] removing player 2 token from slot 7
[20:40:51.334] [SEVERE ] updating countdown to 46000
[20:40:52.351] [SEVERE ] updating countdown to 45000
[20:40:53.364] [SEVERE ] updating countdown to 44000
[20:40:54.368] [SEVERE ] updating countdown to 43000
[20:40:54.778] [SEVERE ] key 67 was pressed by player 1
[20:40:54.780] [SEVERE ] player 1 placing token on slot 10
[20:40:55.185] [SEVERE ] key 67 was pressed by player 1
[20:40:55.190] [SEVERE ] removing player 1 token from slot 10
[20:40:55.380] [SEVERE ] updating countdown to 42000
[20:40:55.557] [SEVERE ] key 88 was pressed by player 1
[20:40:55.557] [SEVERE ] player 1 placing token on slot 9
[20:40:55.866] [SEVERE ] key 44 was pressed by player 2
[20:40:55.866] [SEVERE ] player 2 placing token on slot 9
[20:40:56.402] [SEVERE ] updating countdown to 41000
[20:40:57.416] [SEVERE ] updating countdown to 40000
[20:40:58.433] [SEVERE ] updating countdown to 39000
[20:40:59.448] [SEVERE ] updating countdown to 38000
[20:41:00.453] [SEVERE ] updating countdown to 37000
[20:41:01.464] [SEVERE ] updating countdown to 36000
[20:41:02.454] [SEVERE ] key 70 was pressed by player 1
[20:41:02.455] [SEVERE ] player 1 placing token on slot 7
[20:41:02.455] [SEVERE ] setting player 1 score to 1
[20:41:02.456] [SEVERE ] setting player 1 freeze to 1000
[20:41:02.477] [SEVERE ] updating countdown to 35000
[20:41:02.568] [SEVERE ] key 59 was pressed by player 2
[20:41:02.570] [SEVERE ] player 2 placing token on slot 7
[20:41:03.463] [SEVERE ] setting player 1 freeze to 0
[20:41:03.465] [SEVERE ] removing player 1 token from slot 11
[20:41:03.466] [SEVERE ] removing player 2 token from slot 11
[20:41:03.467] [SEVERE ] removing card from slot 11
[20:41:03.576] [SEVERE ] removing player 1 token from slot 9
[20:41:03.577] [SEVERE ] removing player 2 token from slot 9
[20:41:03.578] [SEVERE ] removing card from slot 9
[20:41:03.693] [SEVERE ] removing player 1 token from slot 7
[20:41:03.693] [SEVERE ] removing player 2 token from slot 7
[20:41:03.695] [SEVERE ] removing card from slot 7
[20:41:03.920] [SEVERE ] placing card 23 in slot 7
[20:41:04.031] [SEVERE ] placing card 35 in slot 9
[20:41:04.136] [SEVERE ] placing card 20 in slot 11
[20:41:04.139] [SEVERE ] updating countdown to 60000
[20:41:05.148] [SEVERE ] updating countdown to 59000
[20:41:05.783] [SEVERE ] key 70 was pressed by player 1
[20:41:06.132] [SEVERE ] key 59 was pressed by player 2
[20:41:06.163] [SEVERE ] updating countdown to 58000
[20:41:06.645] [SEVERE ] key 83 was pressed by player 1
[20:41:07.167] [SEVERE ] updating countdown to 57000
[20:41:08.181] [SEVERE ] updating countdown to 56000
