[10:54:08.664] [INFO   ] thread main starting.
[10:54:08.680] [SEVERE ] cannot read configuration file config.properties trying from resources.
[10:54:08.684] [SEVERE ] configuration file was loaded from resources directory.
[10:54:09.368] [INFO   ] thread dealer starting.
[10:54:09.368] [INFO   ] thread player 0 starting.
[10:54:09.368] [INFO   ] thread player 1 starting.
[10:54:09.368] [INFO   ] thread player 0 starting.
[10:54:09.368] [INFO   ] thread dealer starting.
[10:54:09.368] [INFO   ] thread player 1 starting.
[10:54:09.488] [SEVERE ] placing card 59 in slot 0
[10:54:09.600] [SEVERE ] placing card 13 in slot 1
[10:54:09.712] [SEVERE ] placing card 43 in slot 2
[10:54:09.822] [SEVERE ] placing card 58 in slot 3
[10:54:09.933] [SEVERE ] placing card 19 in slot 4
[10:54:10.044] [SEVERE ] placing card 62 in slot 5
[10:54:10.156] [SEVERE ] placing card 39 in slot 6
[10:54:10.262] [SEVERE ] placing card 20 in slot 7
[10:54:10.374] [SEVERE ] placing card 1 in slot 8
[10:54:10.485] [SEVERE ] placing card 6 in slot 9
[10:54:10.596] [SEVERE ] placing card 41 in slot 10
[10:54:10.708] [SEVERE ] placing card 80 in slot 11
[10:54:11.734] [SEVERE ] updating countdown to 59000
[10:54:12.763] [SEVERE ] updating countdown to 58000
[10:54:13.784] [SEVERE ] updating countdown to 57000
[10:54:14.794] [SEVERE ] updating countdown to 56000
[10:54:15.814] [SEVERE ] updating countdown to 55000
[10:54:16.824] [SEVERE ] updating countdown to 54000
[10:54:17.836] [SEVERE ] updating countdown to 53000
