[21:15:22.433] [INFO   ] thread main starting.
[21:15:22.442] [SEVERE ] cannot read configuration file config.properties trying from resources.
[21:15:22.442] [SEVERE ] configuration file was loaded from resources directory.
[21:15:23.006] [INFO   ] thread dealer starting.
[21:15:23.006] [INFO   ] thread player 0 starting.
[21:15:23.007] [INFO   ] thread player 1 starting.
[21:15:23.007] [INFO   ] thread dealer starting.
[21:15:23.018] [INFO   ] thread player 0 starting.
[21:15:23.018] [INFO   ] thread player 1 starting.
[21:15:23.132] [SEVERE ] placing card 75 in slot 0
[21:15:23.244] [SEVERE ] placing card 19 in slot 1
[21:15:23.356] [SEVERE ] placing card 61 in slot 2
[21:15:23.468] [SEVERE ] placing card 18 in slot 3
[21:15:23.580] [SEVERE ] placing card 6 in slot 4
[21:15:23.692] [SEVERE ] placing card 0 in slot 5
[21:15:23.804] [SEVERE ] placing card 44 in slot 6
[21:15:23.916] [SEVERE ] placing card 28 in slot 7
[21:15:24.028] [SEVERE ] placing card 27 in slot 8
[21:15:24.139] [SEVERE ] placing card 5 in slot 9
[21:15:24.250] [SEVERE ] placing card 36 in slot 10
[21:15:24.362] [SEVERE ] placing card 16 in slot 11
[21:15:25.372] [SEVERE ] updating countdown to 59000
[21:15:26.374] [SEVERE ] updating countdown to 58000
[21:15:27.378] [SEVERE ] updating countdown to 57000
[21:15:28.392] [SEVERE ] updating countdown to 56000
[21:15:29.408] [SEVERE ] updating countdown to 55000
[21:15:30.182] [SEVERE ] key 82 was pressed by player 1
[21:15:30.182] [SEVERE ] player 1 placing token on slot 3
[21:15:30.412] [SEVERE ] updating countdown to 54000
[21:15:30.492] [SEVERE ] key 80 was pressed by player 2
[21:15:30.492] [SEVERE ] player 2 placing token on slot 3
[21:15:31.428] [SEVERE ] updating countdown to 53000
[21:15:32.443] [SEVERE ] updating countdown to 52000
[21:15:33.458] [SEVERE ] updating countdown to 51000
[21:15:34.476] [SEVERE ] updating countdown to 50000
[21:15:35.478] [SEVERE ] updating countdown to 49000
[21:15:35.615] [SEVERE ] key 67 was pressed by player 1
[21:15:35.615] [SEVERE ] player 1 placing token on slot 10
[21:15:35.912] [SEVERE ] key 44 was pressed by player 2
[21:15:35.918] [SEVERE ] player 2 placing token on slot 9
[21:15:36.352] [SEVERE ] key 44 was pressed by player 2
[21:15:36.352] [SEVERE ] removing player 2 token from slot 9
[21:15:36.492] [SEVERE ] updating countdown to 48000
[21:15:37.507] [SEVERE ] updating countdown to 47000
[21:15:37.984] [SEVERE ] key 44 was pressed by player 2
[21:15:37.984] [SEVERE ] player 2 placing token on slot 9
[21:15:38.366] [SEVERE ] key 44 was pressed by player 2
[21:15:38.366] [SEVERE ] removing player 2 token from slot 9
[21:15:38.525] [SEVERE ] updating countdown to 46000
[21:15:38.672] [SEVERE ] key 77 was pressed by player 2
[21:15:38.672] [SEVERE ] player 2 placing token on slot 8
[21:15:39.182] [SEVERE ] key 77 was pressed by player 2
[21:15:39.182] [SEVERE ] removing player 2 token from slot 8
[21:15:39.526] [SEVERE ] updating countdown to 45000
[21:15:40.042] [SEVERE ] key 86 was pressed by player 1
[21:15:40.044] [SEVERE ] player 1 placing token on slot 11
[21:15:40.046] [SEVERE ] setting player 1 freeze to 3000
[21:15:40.532] [SEVERE ] updating countdown to 44000
[21:15:41.062] [SEVERE ] setting player 1 freeze to 2000
[21:15:41.542] [SEVERE ] updating countdown to 43000
[21:15:42.064] [SEVERE ] setting player 1 freeze to 1000
[21:15:42.544] [SEVERE ] updating countdown to 42000
[21:15:43.080] [SEVERE ] setting player 1 freeze to 0
[21:15:43.432] [SEVERE ] key 86 was pressed by player 1
[21:15:43.432] [SEVERE ] removing player 1 token from slot 11
[21:15:43.556] [SEVERE ] updating countdown to 41000
[21:15:43.912] [SEVERE ] key 67 was pressed by player 1
[21:15:43.912] [SEVERE ] removing player 1 token from slot 10
[21:15:44.558] [SEVERE ] updating countdown to 40000
[21:15:44.927] [SEVERE ] key 67 was pressed by player 1
[21:15:44.927] [SEVERE ] player 1 placing token on slot 10
[21:15:45.242] [SEVERE ] key 77 was pressed by player 2
[21:15:45.242] [SEVERE ] player 2 placing token on slot 8
[21:15:45.576] [SEVERE ] updating countdown to 39000
[21:15:45.632] [SEVERE ] key 77 was pressed by player 2
[21:15:45.632] [SEVERE ] removing player 2 token from slot 8
[21:15:46.322] [SEVERE ] key 46 was pressed by player 2
[21:15:46.322] [SEVERE ] player 2 placing token on slot 10
[21:15:46.576] [SEVERE ] updating countdown to 38000
[21:15:47.592] [SEVERE ] updating countdown to 37000
[21:15:48.606] [SEVERE ] updating countdown to 36000
[21:15:49.492] [SEVERE ] key 85 was pressed by player 2
[21:15:49.492] [SEVERE ] player 2 placing token on slot 0
[21:15:49.492] [SEVERE ] setting player 2 freeze to 3000
[21:15:49.609] [SEVERE ] key 81 was pressed by player 1
[21:15:49.610] [SEVERE ] player 1 placing token on slot 0
[21:15:49.611] [SEVERE ] setting player 1 freeze to 3000
[21:15:49.612] [SEVERE ] updating countdown to 35000
[21:15:50.512] [SEVERE ] setting player 2 freeze to 2000
[21:15:50.623] [SEVERE ] setting player 1 freeze to 2000
[21:15:50.623] [SEVERE ] updating countdown to 34000
[21:15:51.514] [SEVERE ] setting player 2 freeze to 1000
[21:15:51.626] [SEVERE ] setting player 1 freeze to 1000
[21:15:51.626] [SEVERE ] updating countdown to 33000
[21:15:52.530] [SEVERE ] setting player 2 freeze to 0
[21:15:52.642] [SEVERE ] setting player 1 freeze to 0
[21:15:52.642] [SEVERE ] updating countdown to 32000
[21:15:53.211] [SEVERE ] key 81 was pressed by player 1
[21:15:53.211] [SEVERE ] removing player 1 token from slot 0
[21:15:53.482] [SEVERE ] key 85 was pressed by player 2
[21:15:53.482] [SEVERE ] removing player 2 token from slot 0
[21:15:53.658] [SEVERE ] updating countdown to 31000
[21:15:54.658] [SEVERE ] updating countdown to 30000
[21:15:55.662] [SEVERE ] updating countdown to 29000
