[21:40:26.924] [INFO   ] thread main starting.
[21:40:26.938] [SEVERE ] cannot read configuration file config.properties trying from resources.
[21:40:26.944] [SEVERE ] configuration file was loaded from resources directory.
[21:40:27.471] [INFO   ] thread dealer starting.
[21:40:27.479] [INFO   ] thread player 0 starting.
[21:40:27.480] [INFO   ] thread player 1 starting.
[21:40:27.481] [INFO   ] thread player 0 starting.
[21:40:27.481] [INFO   ] thread dealer starting.
[21:40:27.481] [INFO   ] thread player 1 starting.
[21:40:27.589] [SEVERE ] placing card 69 in slot 0
[21:40:27.704] [SEVERE ] placing card 8 in slot 1
[21:40:27.821] [SEVERE ] placing card 54 in slot 2
[21:40:27.937] [SEVERE ] placing card 66 in slot 3
[21:40:28.053] [SEVERE ] placing card 50 in slot 4
[21:40:28.155] [SEVERE ] placing card 48 in slot 5
[21:40:28.257] [SEVERE ] placing card 80 in slot 6
[21:40:28.364] [SEVERE ] placing card 52 in slot 7
[21:40:28.465] [SEVERE ] placing card 74 in slot 8
[21:40:28.576] [SEVERE ] placing card 25 in slot 9
[21:40:28.688] [SEVERE ] placing card 30 in slot 10
[21:40:28.801] [SEVERE ] placing card 64 in slot 11
[21:40:29.814] [SEVERE ] updating countdown to 59000
[21:40:30.816] [SEVERE ] updating countdown to 58000
[21:40:31.834] [SEVERE ] updating countdown to 57000
[21:40:32.846] [SEVERE ] updating countdown to 56000
[21:40:32.921] [SEVERE ] key 70 was pressed by player 1
[21:40:32.924] [SEVERE ] player 1 placing token on slot 7
[21:40:33.234] [SEVERE ] key 59 was pressed by player 2
[21:40:33.234] [SEVERE ] player 2 placing token on slot 7
[21:40:33.854] [SEVERE ] updating countdown to 55000
[21:40:34.864] [SEVERE ] updating countdown to 54000
[21:40:35.878] [SEVERE ] updating countdown to 53000
[21:40:36.884] [SEVERE ] updating countdown to 52000
[21:40:37.898] [SEVERE ] updating countdown to 51000
[21:40:37.987] [SEVERE ] key 87 was pressed by player 1
[21:40:37.992] [SEVERE ] player 1 placing token on slot 1
[21:40:38.484] [SEVERE ] key 73 was pressed by player 2
[21:40:38.484] [SEVERE ] player 2 placing token on slot 1
[21:40:38.914] [SEVERE ] updating countdown to 50000
[21:40:39.704] [SEVERE ] key 85 was pressed by player 2
[21:40:39.708] [SEVERE ] player 2 placing token on slot 0
[21:40:39.708] [SEVERE ] setting player 2 score to 1
[21:40:39.714] [SEVERE ] setting player 2 freeze to 1000
[21:40:39.714] [SEVERE ] removing player 1 token from slot 7
[21:40:39.714] [SEVERE ] removing player 2 token from slot 7
[21:40:39.714] [SEVERE ] removing card from slot 7
[21:40:39.819] [SEVERE ] removing player 1 token from slot 1
[21:40:39.819] [SEVERE ] removing player 2 token from slot 1
[21:40:39.819] [SEVERE ] removing card from slot 1
[21:40:39.936] [SEVERE ] removing player 2 token from slot 0
[21:40:39.938] [SEVERE ] removing card from slot 0
[21:40:40.148] [SEVERE ] placing card 13 in slot 0
[21:40:40.260] [SEVERE ] placing card 65 in slot 1
[21:40:40.372] [SEVERE ] placing card 34 in slot 7
[21:40:40.374] [INFO   ] thread dealer terminated.
[21:40:40.727] [SEVERE ] setting player 2 freeze to 0
