[12:40:35.682] [INFO   ] thread main starting.
[12:40:35.701] [SEVERE ] cannot read configuration file config.properties trying from resources.
[12:40:35.706] [SEVERE ] configuration file was loaded from resources directory.
[12:40:36.684] [INFO   ] thread dealer starting.
[12:40:36.688] [INFO   ] thread player 0 starting.
[12:40:36.690] [INFO   ] thread player 1 starting.
[12:40:36.690] [INFO   ] thread dealer starting.
[12:40:36.693] [INFO   ] thread player 1 starting.
[12:40:36.693] [INFO   ] thread player 0 starting.
[12:40:36.821] [SEVERE ] placing card 0 in slot 0
[12:40:36.929] [SEVERE ] placing card 57 in slot 1
[12:40:37.036] [SEVERE ] placing card 69 in slot 2
[12:40:37.144] [SEVERE ] placing card 28 in slot 3
[12:40:37.254] [SEVERE ] placing card 74 in slot 4
[12:40:37.361] [SEVERE ] placing card 54 in slot 5
[12:40:37.471] [SEVERE ] placing card 70 in slot 6
[12:40:37.579] [SEVERE ] placing card 29 in slot 7
[12:40:37.690] [SEVERE ] placing card 8 in slot 8
[12:40:37.799] [SEVERE ] placing card 55 in slot 9
[12:40:37.907] [SEVERE ] placing card 24 in slot 10
[12:40:38.014] [SEVERE ] placing card 53 in slot 11
[12:40:39.052] [SEVERE ] updating countdown to 59000
[12:40:40.076] [SEVERE ] updating countdown to 58000
[12:40:41.090] [SEVERE ] key 81 was pressed by player 1
[12:40:41.091] [SEVERE ] player 1 placing token on slot 0
[12:40:41.094] [SEVERE ] updating countdown to 57000
[12:40:42.105] [SEVERE ] updating countdown to 56000
[12:40:43.117] [SEVERE ] updating countdown to 55000
[12:40:44.124] [SEVERE ] updating countdown to 54000
[12:40:45.137] [SEVERE ] updating countdown to 53000
[12:40:46.148] [SEVERE ] updating countdown to 52000
[12:40:47.161] [SEVERE ] updating countdown to 51000
[12:40:48.169] [SEVERE ] updating countdown to 50000
[12:40:49.178] [SEVERE ] updating countdown to 49000
[12:40:50.188] [SEVERE ] updating countdown to 48000
[12:40:51.199] [SEVERE ] updating countdown to 47000
[12:40:52.212] [SEVERE ] updating countdown to 46000
[12:40:53.219] [SEVERE ] updating countdown to 45000
[12:40:54.229] [SEVERE ] updating countdown to 44000
[12:40:55.240] [SEVERE ] updating countdown to 43000
[12:40:56.256] [SEVERE ] updating countdown to 42000
[12:40:56.344] [SEVERE ] key 70 was pressed by player 1
[12:40:57.265] [SEVERE ] updating countdown to 41000
[12:40:58.281] [SEVERE ] updating countdown to 40000
[12:40:58.453] [SEVERE ] key 70 was pressed by player 1
[12:40:59.135] [SEVERE ] key 70 was pressed by player 1
[12:40:59.292] [SEVERE ] updating countdown to 39000
[12:40:59.696] [SEVERE ] key 68 was pressed by player 1
[12:41:00.307] [SEVERE ] updating countdown to 38000
[12:41:01.320] [SEVERE ] updating countdown to 37000
[12:41:02.333] [SEVERE ] updating countdown to 36000
[12:41:03.346] [SEVERE ] updating countdown to 35000
[12:41:04.223] [SEVERE ] player 1 placing token on slot 7
[12:41:04.356] [SEVERE ] updating countdown to 34000
[12:41:05.359] [SEVERE ] updating countdown to 33000
[12:41:06.368] [SEVERE ] updating countdown to 32000
[12:41:07.382] [SEVERE ] updating countdown to 31000
[12:41:08.391] [SEVERE ] updating countdown to 30000
[12:41:09.401] [SEVERE ] updating countdown to 29000
[12:41:10.407] [SEVERE ] updating countdown to 28000
[12:41:11.419] [SEVERE ] updating countdown to 27000
[12:41:12.429] [SEVERE ] updating countdown to 26000
[12:41:13.436] [SEVERE ] updating countdown to 25000
[12:41:14.447] [SEVERE ] updating countdown to 24000
[12:41:15.459] [SEVERE ] updating countdown to 23000
[12:41:16.472] [SEVERE ] updating countdown to 22000
[12:41:16.863] [SEVERE ] key 88 was pressed by player 1
[12:41:17.485] [SEVERE ] updating countdown to 21000
[12:41:18.492] [SEVERE ] updating countdown to 20000
[12:41:19.101] [SEVERE ] removing player 1 token from slot 7
[12:41:19.501] [SEVERE ] updating countdown to 19000
[12:41:20.509] [SEVERE ] updating countdown to 18000
[12:41:21.519] [SEVERE ] updating countdown to 17000
[12:41:22.534] [SEVERE ] updating countdown to 16000
