[22:46:29.908] [INFO   ] thread main starting.
[22:46:29.911] [SEVERE ] cannot read configuration file config.properties trying from resources.
[22:46:29.911] [SEVERE ] configuration file was loaded from resources directory.
[22:46:30.483] [INFO   ] thread dealer starting.
[22:46:30.483] [INFO   ] thread player 0 starting.
[22:46:30.483] [INFO   ] thread player 1 starting.
[22:46:30.487] [INFO   ] thread dealer starting.
[22:46:30.497] [INFO   ] thread player 0 starting.
[22:46:30.497] [INFO   ] thread player 1 starting.
[22:46:30.609] [SEVERE ] placing card 67 in slot 0
[22:46:30.719] [SEVERE ] placing card 74 in slot 1
[22:46:30.830] [SEVERE ] placing card 66 in slot 2
[22:46:30.940] [SEVERE ] placing card 51 in slot 3
[22:46:31.050] [SEVERE ] placing card 77 in slot 4
[22:46:31.160] [SEVERE ] placing card 49 in slot 5
[22:46:31.270] [SEVERE ] placing card 79 in slot 6
[22:46:31.380] [SEVERE ] placing card 0 in slot 7
[22:46:31.490] [SEVERE ] placing card 42 in slot 8
[22:46:31.600] [SEVERE ] placing card 33 in slot 9
[22:46:31.709] [SEVERE ] placing card 34 in slot 10
[22:46:31.819] [SEVERE ] placing card 78 in slot 11
[22:46:32.825] [SEVERE ] updating countdown to 59000
[22:46:33.837] [SEVERE ] updating countdown to 58000
[22:46:34.839] [SEVERE ] updating countdown to 57000
[22:46:35.840] [SEVERE ] updating countdown to 56000
[22:46:35.876] [SEVERE ] key 70 was pressed by player 1
[22:46:35.878] [SEVERE ] player 1 placing token on slot 7
[22:46:36.541] [SEVERE ] key 59 was pressed by player 2
[22:46:36.555] [SEVERE ] player 2 placing token on slot 7
[22:46:36.841] [SEVERE ] updating countdown to 55000
[22:46:37.855] [SEVERE ] updating countdown to 54000
[22:46:38.539] [SEVERE ] key 69 was pressed by player 1
[22:46:38.539] [SEVERE ] player 1 placing token on slot 2
[22:46:38.852] [SEVERE ] key 73 was pressed by player 2
[22:46:38.852] [SEVERE ] player 2 placing token on slot 1
[22:46:38.869] [SEVERE ] updating countdown to 53000
[22:46:39.336] [SEVERE ] key 73 was pressed by player 2
[22:46:39.336] [SEVERE ] removing player 2 token from slot 1
[22:46:39.619] [SEVERE ] key 79 was pressed by player 2
[22:46:39.632] [SEVERE ] player 2 placing token on slot 2
[22:46:39.871] [SEVERE ] updating countdown to 52000
[22:46:40.886] [SEVERE ] updating countdown to 51000
[22:46:41.902] [SEVERE ] updating countdown to 50000
[22:46:42.213] [SEVERE ] key 69 was pressed by player 1
[22:46:42.213] [SEVERE ] removing player 1 token from slot 2
[22:46:42.908] [SEVERE ] updating countdown to 49000
[22:46:43.909] [SEVERE ] updating countdown to 48000
[22:46:44.038] [SEVERE ] key 80 was pressed by player 2
[22:46:44.038] [SEVERE ] player 2 placing token on slot 3
[22:46:44.038] [SEVERE ] setting player 2 score to 1
[22:46:44.038] [SEVERE ] setting player 2 freeze to 1000
[22:46:45.043] [SEVERE ] setting player 2 freeze to 0
[22:46:45.043] [SEVERE ] removing player 1 token from slot 7
[22:46:45.043] [SEVERE ] removing player 2 token from slot 7
[22:46:45.043] [SEVERE ] removing card from slot 7
[22:46:45.155] [SEVERE ] removing player 2 token from slot 2
[22:46:45.156] [SEVERE ] removing card from slot 2
[22:46:45.271] [SEVERE ] removing player 2 token from slot 3
[22:46:45.272] [SEVERE ] removing card from slot 3
[22:46:45.500] [SEVERE ] placing card 3 in slot 2
[22:46:45.610] [SEVERE ] placing card 27 in slot 3
[22:46:45.720] [SEVERE ] placing card 37 in slot 7
[22:46:45.724] [INFO   ] thread dealer terminated.
[22:46:50.726] [SEVERE ] thanks for playing... it was fun!
[22:46:50.726] [INFO   ] thread main terminated.
[22:46:50.726] [SEVERE ] disposing of user interface elements
