[18:44:37.037] [INFO   ] thread main starting.
[18:44:37.048] [SEVERE ] cannot read configuration file config.properties trying from resources.
[18:44:37.050] [SEVERE ] configuration file was loaded from resources directory.
[18:44:37.721] [INFO   ] thread dealer starting.
[18:44:37.722] [INFO   ] thread player 0 starting.
[18:44:37.723] [INFO   ] thread player 1 starting.
[18:44:37.724] [INFO   ] thread dealer starting.
[18:44:37.728] [INFO   ] thread player 0 starting.
[18:44:37.728] [INFO   ] thread player 1 starting.
[18:44:37.849] [SEVERE ] placing card 64 in slot 0
[18:44:37.957] [SEVERE ] placing card 60 in slot 1
[18:44:38.067] [SEVERE ] placing card 68 in slot 2
[18:44:38.175] [SEVERE ] placing card 44 in slot 3
[18:44:38.284] [SEVERE ] placing card 47 in slot 4
[18:44:38.392] [SEVERE ] placing card 19 in slot 5
[18:44:38.501] [SEVERE ] placing card 21 in slot 6
[18:44:38.611] [SEVERE ] placing card 28 in slot 7
[18:44:38.720] [SEVERE ] placing card 80 in slot 8
[18:44:38.829] [SEVERE ] placing card 67 in slot 9
[18:44:38.938] [SEVERE ] placing card 32 in slot 10
[18:44:39.046] [SEVERE ] placing card 50 in slot 11
[18:44:40.063] [SEVERE ] updating countdown to 59000
[18:44:40.492] [SEVERE ] key 81 was pressed by player 1
[18:44:40.492] [SEVERE ] player 1 placing token on slot 0
[18:44:40.732] [SEVERE ] key 87 was pressed by player 1
[18:44:40.732] [SEVERE ] player 1 placing token on slot 1
[18:44:41.061] [SEVERE ] key 80 was pressed by player 2
[18:44:41.061] [SEVERE ] player 2 placing token on slot 3
[18:44:41.082] [SEVERE ] updating countdown to 58000
[18:44:41.276] [SEVERE ] key 79 was pressed by player 2
[18:44:41.276] [SEVERE ] player 2 placing token on slot 2
[18:44:42.092] [SEVERE ] updating countdown to 57000
[18:44:42.642] [SEVERE ] key 75 was pressed by player 2
[18:44:42.642] [SEVERE ] player 2 placing token on slot 5
[18:44:42.644] [SEVERE ] setting player 2 freeze to 3000
[18:44:42.848] [SEVERE ] key 83 was pressed by player 1
[18:44:42.849] [SEVERE ] player 1 placing token on slot 5
[18:44:43.106] [SEVERE ] updating countdown to 56000
[18:44:43.649] [SEVERE ] setting player 2 freeze to 2000
[18:44:44.116] [SEVERE ] updating countdown to 55000
[18:44:44.659] [SEVERE ] setting player 2 freeze to 1000
[18:44:45.131] [SEVERE ] updating countdown to 54000
[18:44:45.660] [SEVERE ] setting player 2 freeze to 0
[18:44:45.661] [SEVERE ] setting player 1 freeze to 3000
[18:44:46.144] [SEVERE ] updating countdown to 53000
[18:44:46.671] [SEVERE ] setting player 1 freeze to 2000
[18:44:46.851] [SEVERE ] key 75 was pressed by player 2
[18:44:46.852] [SEVERE ] removing player 2 token from slot 5
[18:44:47.151] [SEVERE ] updating countdown to 52000
[18:44:47.273] [SEVERE ] key 79 was pressed by player 2
[18:44:47.273] [SEVERE ] removing player 2 token from slot 2
[18:44:47.676] [SEVERE ] setting player 1 freeze to 1000
[18:44:48.159] [SEVERE ] updating countdown to 51000
[18:44:48.689] [SEVERE ] setting player 1 freeze to 0
[18:44:49.173] [SEVERE ] updating countdown to 50000
