[22:22:13.294] [INFO   ] thread main starting.
[22:22:13.306] [SEVERE ] cannot read configuration file config.properties trying from resources.
[22:22:13.308] [SEVERE ] configuration file was loaded from resources directory.
[22:22:13.889] [INFO   ] thread dealer starting.
[22:22:13.889] [INFO   ] thread player 0 starting.
[22:22:13.891] [INFO   ] thread player 1 starting.
[22:22:13.891] [INFO   ] thread dealer starting.
[22:22:13.893] [INFO   ] thread player 0 starting.
[22:22:13.893] [INFO   ] thread player 1 starting.
[22:22:14.009] [SEVERE ] placing card 6 in slot 0
[22:22:14.119] [SEVERE ] placing card 43 in slot 1
[22:22:14.227] [SEVERE ] placing card 1 in slot 2
[22:22:14.337] [SEVERE ] placing card 44 in slot 3
[22:22:14.448] [SEVERE ] placing card 77 in slot 4
[22:22:14.557] [SEVERE ] placing card 42 in slot 5
[22:22:14.668] [SEVERE ] placing card 45 in slot 6
[22:22:14.777] [SEVERE ] placing card 67 in slot 7
[22:22:14.886] [SEVERE ] placing card 75 in slot 8
[22:22:14.996] [SEVERE ] placing card 54 in slot 9
[22:22:15.105] [SEVERE ] placing card 4 in slot 10
[22:22:15.215] [SEVERE ] placing card 21 in slot 11
[22:22:16.224] [SEVERE ] updating countdown to 59000
[22:22:17.232] [SEVERE ] updating countdown to 58000
[22:22:18.251] [SEVERE ] updating countdown to 57000
[22:22:19.262] [SEVERE ] updating countdown to 56000
[22:22:19.716] [SEVERE ] key 87 was pressed by player 1
[22:22:19.717] [SEVERE ] player 1 placing token on slot 1
[22:22:19.993] [SEVERE ] key 73 was pressed by player 2
[22:22:19.995] [SEVERE ] player 2 placing token on slot 1
[22:22:20.270] [SEVERE ] updating countdown to 55000
[22:22:20.475] [SEVERE ] key 87 was pressed by player 1
[22:22:20.476] [SEVERE ] removing player 1 token from slot 1
[22:22:20.691] [SEVERE ] key 73 was pressed by player 2
[22:22:20.692] [SEVERE ] removing player 2 token from slot 1
[22:22:21.282] [SEVERE ] updating countdown to 54000
[22:22:22.300] [SEVERE ] updating countdown to 53000
[22:22:23.313] [SEVERE ] updating countdown to 52000
[22:22:24.321] [SEVERE ] updating countdown to 51000
[22:22:24.544] [SEVERE ] key 82 was pressed by player 1
[22:22:24.545] [SEVERE ] player 1 placing token on slot 3
[22:22:25.273] [SEVERE ] key 80 was pressed by player 2
[22:22:25.274] [SEVERE ] player 2 placing token on slot 3
[22:22:25.338] [SEVERE ] updating countdown to 50000
[22:22:26.352] [SEVERE ] updating countdown to 49000
[22:22:27.150] [SEVERE ] key 83 was pressed by player 1
[22:22:27.150] [SEVERE ] player 1 placing token on slot 5
[22:22:27.367] [SEVERE ] updating countdown to 48000
[22:22:27.419] [SEVERE ] key 76 was pressed by player 2
[22:22:27.419] [SEVERE ] player 2 placing token on slot 6
[22:22:27.863] [SEVERE ] key 76 was pressed by player 2
[22:22:27.864] [SEVERE ] removing player 2 token from slot 6
[22:22:28.076] [SEVERE ] key 75 was pressed by player 2
[22:22:28.076] [SEVERE ] player 2 placing token on slot 5
[22:22:28.381] [SEVERE ] updating countdown to 47000
[22:22:29.396] [SEVERE ] updating countdown to 46000
[22:22:30.039] [SEVERE ] key 87 was pressed by player 1
[22:22:30.040] [SEVERE ] player 1 placing token on slot 1
[22:22:30.042] [SEVERE ] setting player 1 score to 1
[22:22:30.044] [SEVERE ] setting player 1 freeze to 1000
[22:22:30.125] [SEVERE ] key 73 was pressed by player 2
[22:22:30.125] [SEVERE ] player 2 placing token on slot 1
[22:22:31.055] [SEVERE ] setting player 1 freeze to 0
