[10:57:31.177] [INFO   ] thread main starting.
[10:57:31.190] [SEVERE ] cannot read configuration file config.properties trying from resources.
[10:57:31.192] [SEVERE ] configuration file was loaded from resources directory.
[10:57:32.030] [INFO   ] thread dealer starting.
[10:57:32.031] [INFO   ] thread player 0 starting.
[10:57:32.032] [INFO   ] thread player 1 starting.
[10:57:32.032] [INFO   ] thread player 0 starting.
[10:57:32.032] [INFO   ] thread dealer starting.
[10:57:32.032] [INFO   ] thread player 1 starting.
[10:57:32.157] [SEVERE ] placing card 4 in slot 0
[10:57:32.265] [SEVERE ] placing card 30 in slot 1
[10:57:32.376] [SEVERE ] placing card 45 in slot 2
[10:57:32.484] [SEVERE ] placing card 61 in slot 3
[10:57:32.593] [SEVERE ] placing card 78 in slot 4
[10:57:32.702] [SEVERE ] placing card 54 in slot 5
[10:57:32.812] [SEVERE ] placing card 63 in slot 6
[10:57:32.920] [SEVERE ] placing card 50 in slot 7
[10:57:33.029] [SEVERE ] placing card 26 in slot 8
[10:57:33.137] [SEVERE ] placing card 34 in slot 9
[10:57:33.230] [SEVERE ] key 70 was pressed by player 1
[10:57:33.246] [SEVERE ] placing card 41 in slot 10
[10:57:33.339] [SEVERE ] key 75 was pressed by player 2
[10:57:33.356] [SEVERE ] placing card 8 in slot 11
[10:57:33.395] [SEVERE ] key 76 was pressed by player 2
[10:57:33.543] [SEVERE ] key 83 was pressed by player 1
[10:57:33.669] [SEVERE ] key 44 was pressed by player 2
[10:57:34.371] [SEVERE ] updating countdown to 59000
[10:57:35.379] [SEVERE ] updating countdown to 58000
[10:57:36.393] [SEVERE ] updating countdown to 57000
[10:57:37.408] [SEVERE ] updating countdown to 56000
[10:57:38.419] [SEVERE ] updating countdown to 55000
[10:57:39.439] [SEVERE ] updating countdown to 54000
[10:57:40.453] [SEVERE ] updating countdown to 53000
[10:57:41.470] [SEVERE ] updating countdown to 52000
[10:57:41.665] [SEVERE ] key 67 was pressed by player 1
[10:57:41.666] [SEVERE ] player 1 placing token on slot 10
[10:57:42.482] [SEVERE ] updating countdown to 51000
[10:57:42.701] [SEVERE ] key 67 was pressed by player 1
[10:57:42.702] [SEVERE ] removing player 1 token from slot 10
[10:57:43.425] [SEVERE ] key 44 was pressed by player 2
[10:57:43.425] [SEVERE ] player 2 placing token on slot 9
[10:57:43.490] [SEVERE ] updating countdown to 50000
[10:57:43.889] [SEVERE ] key 44 was pressed by player 2
[10:57:43.889] [SEVERE ] removing player 2 token from slot 9
[10:57:44.492] [SEVERE ] updating countdown to 49000
[10:57:45.112] [SEVERE ] key 67 was pressed by player 1
[10:57:45.112] [SEVERE ] player 1 placing token on slot 10
[10:57:45.386] [SEVERE ] key 46 was pressed by player 2
[10:57:45.386] [SEVERE ] player 2 placing token on slot 10
[10:57:45.497] [SEVERE ] updating countdown to 48000
[10:57:46.128] [SEVERE ] key 67 was pressed by player 1
[10:57:46.128] [SEVERE ] removing player 1 token from slot 10
[10:57:46.477] [SEVERE ] key 46 was pressed by player 2
[10:57:46.478] [SEVERE ] removing player 2 token from slot 10
[10:57:46.502] [SEVERE ] updating countdown to 47000
[10:57:47.506] [SEVERE ] updating countdown to 46000
[10:57:47.523] [SEVERE ] key 46 was pressed by player 2
[10:57:47.524] [SEVERE ] player 2 placing token on slot 10
[10:57:47.834] [SEVERE ] key 67 was pressed by player 1
[10:57:47.834] [SEVERE ] player 1 placing token on slot 10
[10:57:48.240] [SEVERE ] key 46 was pressed by player 2
[10:57:48.240] [SEVERE ] removing player 2 token from slot 10
[10:57:48.510] [SEVERE ] updating countdown to 45000
[10:57:48.543] [SEVERE ] key 67 was pressed by player 1
[10:57:48.545] [SEVERE ] removing player 1 token from slot 10
[10:57:49.140] [SEVERE ] key 44 was pressed by player 2
[10:57:49.140] [SEVERE ] player 2 placing token on slot 9
[10:57:49.417] [SEVERE ] key 88 was pressed by player 1
[10:57:49.417] [SEVERE ] player 1 placing token on slot 9
[10:57:49.515] [SEVERE ] updating countdown to 44000
[10:57:50.531] [SEVERE ] updating countdown to 43000
[10:57:51.204] [SEVERE ] key 69 was pressed by player 1
[10:57:51.204] [SEVERE ] player 1 placing token on slot 2
[10:57:51.538] [SEVERE ] updating countdown to 42000
[10:57:51.953] [SEVERE ] key 73 was pressed by player 2
[10:57:51.953] [SEVERE ] player 2 placing token on slot 1
[10:57:52.344] [SEVERE ] key 73 was pressed by player 2
[10:57:52.344] [SEVERE ] removing player 2 token from slot 1
[10:57:52.545] [SEVERE ] key 79 was pressed by player 2
[10:57:52.545] [SEVERE ] player 2 placing token on slot 2
[10:57:52.553] [SEVERE ] updating countdown to 41000
[10:57:53.565] [SEVERE ] updating countdown to 40000
[10:57:54.577] [SEVERE ] updating countdown to 39000
[10:57:54.884] [SEVERE ] key 47 was pressed by player 2
[10:57:54.884] [SEVERE ] player 2 placing token on slot 11
[10:57:55.053] [SEVERE ] key 67 was pressed by player 1
[10:57:55.053] [SEVERE ] player 1 placing token on slot 10
[10:57:55.590] [SEVERE ] setting player 2 freeze to 3000
[10:57:55.590] [SEVERE ] updating countdown to 38000
[10:57:56.607] [SEVERE ] setting player 2 freeze to 2000
[10:57:57.614] [SEVERE ] setting player 2 freeze to 1000
[10:57:58.619] [SEVERE ] setting player 2 freeze to 0
[10:57:58.619] [SEVERE ] removing player 1 token from slot 9
[10:57:58.619] [SEVERE ] removing player 2 token from slot 9
[10:57:58.724] [SEVERE ] removing card from slot 9
[10:57:58.724] [SEVERE ] removing player 1 token from slot 2
[10:57:58.725] [SEVERE ] removing player 2 token from slot 2
[10:57:58.830] [SEVERE ] removing card from slot 2
[10:57:58.830] [SEVERE ] removing player 1 token from slot 10
[10:57:58.942] [SEVERE ] removing card from slot 10
[10:57:59.054] [SEVERE ] placing card 53 in slot 2
[10:57:59.165] [SEVERE ] placing card 75 in slot 9
[10:57:59.277] [SEVERE ] placing card 16 in slot 10
[10:58:00.279] [SEVERE ] updating countdown to 37000
[10:58:01.283] [SEVERE ] updating countdown to 36000
[10:58:02.297] [SEVERE ] updating countdown to 35000
[10:58:03.309] [SEVERE ] updating countdown to 34000
[10:58:04.329] [SEVERE ] updating countdown to 33000
[10:58:05.336] [SEVERE ] updating countdown to 32000
[10:58:06.344] [SEVERE ] updating countdown to 31000
