[12:20:04.360] [INFO   ] thread main starting.
[12:20:04.374] [SEVERE ] cannot read configuration file config.properties trying from resources.
[12:20:04.379] [SEVERE ] configuration file was loaded from resources directory.
[12:20:05.211] [INFO   ] thread dealer starting.
[12:20:05.212] [INFO   ] thread player 0 starting.
[12:20:05.213] [INFO   ] thread player 1 starting.
[12:20:05.214] [INFO   ] thread dealer starting.
[12:20:05.233] [INFO   ] thread player 0 starting.
[12:20:05.233] [INFO   ] thread player 1 starting.
[12:20:05.358] [SEVERE ] placing card 7 in slot 0
[12:20:05.466] [SEVERE ] placing card 48 in slot 1
[12:20:05.574] [SEVERE ] placing card 51 in slot 2
[12:20:05.682] [SEVERE ] placing card 46 in slot 3
[12:20:05.792] [SEVERE ] placing card 24 in slot 4
[12:20:05.901] [SEVERE ] placing card 49 in slot 5
[12:20:06.010] [SEVERE ] placing card 47 in slot 6
[12:20:06.116] [SEVERE ] placing card 56 in slot 7
[12:20:06.226] [SEVERE ] placing card 30 in slot 8
[12:20:06.336] [SEVERE ] placing card 15 in slot 9
[12:20:06.444] [SEVERE ] placing card 52 in slot 10
[12:20:06.552] [SEVERE ] placing card 53 in slot 11
[12:20:07.583] [SEVERE ] updating countdown to 59000
[12:20:08.609] [SEVERE ] updating countdown to 58000
[12:20:09.633] [SEVERE ] updating countdown to 57000
[12:20:10.658] [SEVERE ] updating countdown to 56000
[12:20:11.070] [SEVERE ] key 82 was pressed by player 1
[12:20:11.071] [SEVERE ] player 1 placing token on slot 3
[12:20:11.668] [SEVERE ] updating countdown to 55000
[12:20:12.030] [SEVERE ] key 83 was pressed by player 1
[12:20:12.031] [SEVERE ] player 1 placing token on slot 5
[12:20:12.687] [SEVERE ] updating countdown to 54000
[12:20:13.710] [SEVERE ] updating countdown to 53000
[12:20:14.642] [SEVERE ] key 83 was pressed by player 1
[12:20:14.643] [SEVERE ] removing player 1 token from slot 5
[12:20:14.720] [SEVERE ] updating countdown to 52000
[12:20:15.622] [SEVERE ] key 69 was pressed by player 1
[12:20:15.622] [SEVERE ] player 1 placing token on slot 2
[12:20:15.727] [SEVERE ] updating countdown to 51000
[12:20:16.239] [SEVERE ] key 81 was pressed by player 1
[12:20:16.240] [SEVERE ] player 1 placing token on slot 0
[12:20:16.244] [SEVERE ] setting player 1 score to 1
[12:20:16.245] [SEVERE ] setting player 1 freeze to 1000
[12:20:16.739] [SEVERE ] updating countdown to 50000
[12:20:17.260] [SEVERE ] setting player 1 freeze to 0
[12:20:17.269] [SEVERE ] updating countdown to 60000
[12:20:18.291] [SEVERE ] updating countdown to 59000
[12:20:19.304] [SEVERE ] updating countdown to 58000
[12:20:20.075] [SEVERE ] key 81 was pressed by player 1
[12:20:20.076] [SEVERE ] removing player 1 token from slot 0
[12:20:20.315] [SEVERE ] updating countdown to 57000
[12:20:20.464] [SEVERE ] key 69 was pressed by player 1
[12:20:20.464] [SEVERE ] removing player 1 token from slot 2
[12:20:20.727] [SEVERE ] key 82 was pressed by player 1
[12:20:20.728] [SEVERE ] removing player 1 token from slot 3
[12:20:21.326] [SEVERE ] updating countdown to 56000
[12:20:22.348] [SEVERE ] updating countdown to 55000
[12:20:23.355] [SEVERE ] updating countdown to 54000
[12:20:24.369] [SEVERE ] updating countdown to 53000
[12:20:25.382] [SEVERE ] updating countdown to 52000
[12:20:26.393] [SEVERE ] updating countdown to 51000
[12:20:27.407] [SEVERE ] updating countdown to 50000
[12:20:27.761] [SEVERE ] key 83 was pressed by player 1
[12:20:27.763] [SEVERE ] player 1 placing token on slot 5
[12:20:28.428] [SEVERE ] updating countdown to 49000
[12:20:29.269] [SEVERE ] key 70 was pressed by player 1
[12:20:29.269] [SEVERE ] player 1 placing token on slot 7
[12:20:29.440] [SEVERE ] updating countdown to 48000
[12:20:30.448] [SEVERE ] updating countdown to 47000
[12:20:31.458] [SEVERE ] updating countdown to 46000
[12:20:32.056] [SEVERE ] key 88 was pressed by player 1
[12:20:32.057] [SEVERE ] player 1 placing token on slot 9
[12:20:32.059] [SEVERE ] setting player 1 freeze to 3000
[12:20:32.466] [SEVERE ] updating countdown to 45000
[12:20:32.468] [SEVERE ] removing player 1 token from slot 5
[12:20:32.469] [SEVERE ] removing card from slot 5
[12:20:32.569] [SEVERE ] removing player 1 token from slot 7
[12:20:32.570] [SEVERE ] removing card from slot 7
[12:20:32.677] [SEVERE ] removing player 1 token from slot 9
[12:20:32.678] [SEVERE ] removing card from slot 9
[12:20:32.892] [SEVERE ] placing card 74 in slot 5
[12:20:33.000] [SEVERE ] placing card 10 in slot 7
[12:20:33.063] [SEVERE ] setting player 1 freeze to 2000
[12:20:33.110] [SEVERE ] placing card 42 in slot 9
[12:20:34.077] [SEVERE ] setting player 1 freeze to 1000
[12:20:34.127] [SEVERE ] updating countdown to 44000
[12:20:35.087] [SEVERE ] setting player 1 freeze to 0
[12:20:35.138] [SEVERE ] updating countdown to 43000
[12:20:36.146] [SEVERE ] updating countdown to 42000
[12:20:37.162] [SEVERE ] updating countdown to 41000
[12:20:37.980] [SEVERE ] key 87 was pressed by player 1
[12:20:37.980] [SEVERE ] player 1 placing token on slot 1
[12:20:38.172] [SEVERE ] updating countdown to 40000
[12:20:39.185] [SEVERE ] updating countdown to 39000
[12:20:39.209] [SEVERE ] key 70 was pressed by player 1
[12:20:39.210] [SEVERE ] player 1 placing token on slot 7
[12:20:40.197] [SEVERE ] updating countdown to 38000
[12:20:41.212] [SEVERE ] updating countdown to 37000
[12:20:41.251] [SEVERE ] key 70 was pressed by player 1
[12:20:41.251] [SEVERE ] removing player 1 token from slot 7
[12:20:42.226] [SEVERE ] updating countdown to 36000
[12:20:43.236] [SEVERE ] updating countdown to 35000
[12:20:43.353] [SEVERE ] key 68 was pressed by player 1
[12:20:43.353] [SEVERE ] player 1 placing token on slot 6
[12:20:44.248] [SEVERE ] updating countdown to 34000
[12:20:44.319] [SEVERE ] key 82 was pressed by player 1
[12:20:44.320] [SEVERE ] player 1 placing token on slot 3
[12:20:44.321] [SEVERE ] setting player 1 freeze to 3000
[12:20:45.256] [SEVERE ] updating countdown to 33000
[12:20:45.332] [SEVERE ] setting player 1 freeze to 2000
[12:20:46.269] [SEVERE ] updating countdown to 32000
[12:20:46.344] [SEVERE ] setting player 1 freeze to 1000
[12:20:47.281] [SEVERE ] updating countdown to 31000
[12:20:47.357] [SEVERE ] setting player 1 freeze to 0
[12:20:47.737] [SEVERE ] key 82 was pressed by player 1
[12:20:47.738] [SEVERE ] removing player 1 token from slot 3
[12:20:47.936] [SEVERE ] key 68 was pressed by player 1
[12:20:47.937] [SEVERE ] removing player 1 token from slot 6
[12:20:48.187] [SEVERE ] key 87 was pressed by player 1
[12:20:48.188] [SEVERE ] removing player 1 token from slot 1
[12:20:48.290] [SEVERE ] updating countdown to 30000
[12:20:49.307] [SEVERE ] updating countdown to 29000
[12:20:50.318] [SEVERE ] updating countdown to 28000
[12:20:50.554] [SEVERE ] key 87 was pressed by player 1
[12:20:50.554] [SEVERE ] player 1 placing token on slot 1
[12:20:51.329] [SEVERE ] updating countdown to 27000
[12:20:51.537] [SEVERE ] key 68 was pressed by player 1
[12:20:51.538] [SEVERE ] player 1 placing token on slot 6
[12:20:52.341] [SEVERE ] updating countdown to 26000
[12:20:53.357] [SEVERE ] updating countdown to 25000
[12:20:53.503] [SEVERE ] key 67 was pressed by player 1
[12:20:53.504] [SEVERE ] player 1 placing token on slot 10
[12:20:53.506] [SEVERE ] setting player 1 freeze to 3000
[12:20:54.372] [SEVERE ] updating countdown to 24000
[12:20:54.373] [SEVERE ] removing player 1 token from slot 1
[12:20:54.374] [SEVERE ] removing card from slot 1
[12:20:54.481] [SEVERE ] removing player 1 token from slot 6
[12:20:54.481] [SEVERE ] removing card from slot 6
[12:20:54.512] [SEVERE ] setting player 1 freeze to 2000
[12:20:54.590] [SEVERE ] removing player 1 token from slot 10
[12:20:54.590] [SEVERE ] removing card from slot 10
[12:20:54.808] [SEVERE ] placing card 1 in slot 1
[12:20:54.918] [SEVERE ] placing card 59 in slot 6
[12:20:55.027] [SEVERE ] placing card 64 in slot 10
[12:20:55.524] [SEVERE ] setting player 1 freeze to 1000
[12:20:56.039] [SEVERE ] updating countdown to 23000
[12:20:56.535] [SEVERE ] setting player 1 freeze to 0
[12:20:57.050] [SEVERE ] updating countdown to 22000
[12:20:58.053] [SEVERE ] updating countdown to 21000
[12:20:59.069] [SEVERE ] updating countdown to 20000
[12:21:00.080] [SEVERE ] updating countdown to 19000
[12:21:01.094] [SEVERE ] updating countdown to 18000
[12:21:01.792] [SEVERE ] key 69 was pressed by player 1
[12:21:01.793] [SEVERE ] player 1 placing token on slot 2
[12:21:02.102] [SEVERE ] updating countdown to 17000
[12:21:02.966] [SEVERE ] key 68 was pressed by player 1
[12:21:02.966] [SEVERE ] player 1 placing token on slot 6
[12:21:03.106] [SEVERE ] updating countdown to 16000
[12:21:03.379] [SEVERE ] key 70 was pressed by player 1
[12:21:03.379] [SEVERE ] player 1 placing token on slot 7
[12:21:03.381] [SEVERE ] setting player 1 freeze to 3000
[12:21:04.122] [SEVERE ] updating countdown to 15000
[12:21:04.122] [SEVERE ] removing player 1 token from slot 2
[12:21:04.123] [SEVERE ] removing card from slot 2
[12:21:04.227] [SEVERE ] removing player 1 token from slot 6
[12:21:04.228] [SEVERE ] removing card from slot 6
[12:21:04.336] [SEVERE ] removing player 1 token from slot 7
[12:21:04.337] [SEVERE ] removing card from slot 7
[12:21:04.382] [SEVERE ] setting player 1 freeze to 2000
[12:21:04.552] [SEVERE ] placing card 68 in slot 2
[12:21:04.660] [SEVERE ] placing card 39 in slot 6
[12:21:04.769] [SEVERE ] placing card 72 in slot 7
[12:21:05.393] [SEVERE ] setting player 1 freeze to 1000
[12:21:05.780] [SEVERE ] updating countdown to 14000
[12:21:05.833] [SEVERE ] key 70 was pressed by player 1
[12:21:06.396] [SEVERE ] setting player 1 freeze to 0
[12:21:06.787] [SEVERE ] updating countdown to 13000
[12:21:06.924] [SEVERE ] key 83 was pressed by player 1
[12:21:06.924] [SEVERE ] player 1 placing token on slot 5
[12:21:07.176] [SEVERE ] key 87 was pressed by player 1
[12:21:07.176] [SEVERE ] player 1 placing token on slot 1
[12:21:07.342] [SEVERE ] key 69 was pressed by player 1
[12:21:07.343] [SEVERE ] player 1 placing token on slot 2
[12:21:07.344] [SEVERE ] setting player 1 freeze to 3000
[12:21:07.800] [SEVERE ] updating countdown to 12000
[12:21:08.357] [SEVERE ] setting player 1 freeze to 2000
[12:21:08.809] [SEVERE ] updating countdown to 11000
[12:21:09.371] [SEVERE ] setting player 1 freeze to 1000
[12:21:09.825] [SEVERE ] updating countdown to 10000
[12:21:10.383] [SEVERE ] setting player 1 freeze to 0
[12:21:10.680] [SEVERE ] key 83 was pressed by player 1
[12:21:10.680] [SEVERE ] removing player 1 token from slot 5
[12:21:10.836] [SEVERE ] updating countdown to 9000
[12:21:10.957] [SEVERE ] key 69 was pressed by player 1
[12:21:10.957] [SEVERE ] removing player 1 token from slot 2
[12:21:11.240] [SEVERE ] key 82 was pressed by player 1
[12:21:11.241] [SEVERE ] player 1 placing token on slot 3
[12:21:11.847] [SEVERE ] updating countdown to 8000
[12:21:11.868] [SEVERE ] key 82 was pressed by player 1
[12:21:11.868] [SEVERE ] removing player 1 token from slot 3
[12:21:12.146] [SEVERE ] key 69 was pressed by player 1
[12:21:12.146] [SEVERE ] player 1 placing token on slot 2
[12:21:12.620] [SEVERE ] key 69 was pressed by player 1
[12:21:12.621] [SEVERE ] removing player 1 token from slot 2
[12:21:12.856] [SEVERE ] updating countdown to 7000
[12:21:12.939] [SEVERE ] key 82 was pressed by player 1
[12:21:12.939] [SEVERE ] player 1 placing token on slot 3
[12:21:13.349] [SEVERE ] key 82 was pressed by player 1
[12:21:13.349] [SEVERE ] removing player 1 token from slot 3
[12:21:13.839] [SEVERE ] key 87 was pressed by player 1
[12:21:13.839] [SEVERE ] removing player 1 token from slot 1
[12:21:13.868] [SEVERE ] updating countdown to 6000
[12:21:14.877] [SEVERE ] updating countdown to 5000
[12:21:15.890] [SEVERE ] updating countdown to 4000
[12:21:16.904] [SEVERE ] updating countdown to 3000
[12:21:17.912] [SEVERE ] updating countdown to 2000
[12:21:18.919] [SEVERE ] updating countdown to 1000
[12:21:19.934] [SEVERE ] updating countdown to 0
[12:21:20.942] [SEVERE ] removing card from slot 0
[12:21:21.049] [SEVERE ] removing card from slot 1
[12:21:21.158] [SEVERE ] removing card from slot 2
[12:21:21.268] [SEVERE ] removing card from slot 3
[12:21:21.376] [SEVERE ] removing card from slot 4
[12:21:21.484] [SEVERE ] removing card from slot 5
[12:21:21.592] [SEVERE ] removing card from slot 6
[12:21:21.701] [SEVERE ] removing card from slot 7
[12:21:21.810] [SEVERE ] removing card from slot 8
[12:21:21.920] [SEVERE ] removing card from slot 9
[12:21:22.029] [SEVERE ] removing card from slot 10
[12:21:22.138] [SEVERE ] removing card from slot 11
[12:21:22.355] [SEVERE ] placing card 37 in slot 0
[12:21:22.463] [SEVERE ] placing card 80 in slot 1
[12:21:22.572] [SEVERE ] placing card 77 in slot 2
[12:21:22.681] [SEVERE ] placing card 33 in slot 3
[12:21:22.790] [SEVERE ] placing card 78 in slot 4
[12:21:22.898] [SEVERE ] placing card 38 in slot 5
[12:21:23.007] [SEVERE ] placing card 43 in slot 6
[12:21:23.115] [SEVERE ] placing card 69 in slot 7
[12:21:23.224] [SEVERE ] placing card 9 in slot 8
[12:21:23.332] [SEVERE ] placing card 25 in slot 9
[12:21:23.442] [SEVERE ] placing card 4 in slot 10
[12:21:23.550] [SEVERE ] placing card 61 in slot 11
[12:21:23.550] [SEVERE ] updating countdown to 60000
[12:21:24.553] [SEVERE ] updating countdown to 59000
