[22:40:23.333] [INFO   ] thread main starting.
[22:40:23.344] [SEVERE ] cannot read configuration file config.properties trying from resources.
[22:40:23.349] [SEVERE ] configuration file was loaded from resources directory.
[22:40:23.945] [INFO   ] thread dealer starting.
[22:40:23.946] [INFO   ] thread player 0 starting.
[22:40:23.955] [INFO   ] thread player 1 starting.
[22:40:23.955] [INFO   ] thread player 0 starting.
[22:40:23.956] [INFO   ] thread dealer starting.
[22:40:23.957] [INFO   ] thread player 1 starting.
[22:40:24.072] [SEVERE ] placing card 29 in slot 0
[22:40:24.186] [SEVERE ] placing card 62 in slot 1
[22:40:24.288] [SEVERE ] placing card 63 in slot 2
[22:40:24.405] [SEVERE ] placing card 30 in slot 3
[22:40:24.515] [SEVERE ] placing card 32 in slot 4
[22:40:24.625] [SEVERE ] placing card 70 in slot 5
[22:40:24.734] [SEVERE ] placing card 26 in slot 6
[22:40:24.837] [SEVERE ] placing card 48 in slot 7
[22:40:24.940] [SEVERE ] placing card 73 in slot 8
[22:40:25.043] [SEVERE ] placing card 47 in slot 9
[22:40:25.150] [SEVERE ] placing card 75 in slot 10
[22:40:25.258] [SEVERE ] placing card 71 in slot 11
