[12:44:07.450] [INFO   ] thread main starting.
[12:44:07.465] [SEVERE ] cannot read configuration file config.properties trying from resources.
[12:44:07.468] [SEVERE ] configuration file was loaded from resources directory.
[12:44:08.374] [INFO   ] thread dealer starting.
[12:44:08.376] [INFO   ] thread player 0 starting.
[12:44:08.378] [INFO   ] thread player 1 starting.
[12:44:08.378] [INFO   ] thread player 0 starting.
[12:44:08.379] [INFO   ] thread player 1 starting.
[12:44:08.378] [INFO   ] thread dealer starting.
[12:44:08.501] [SEVERE ] placing card 42 in slot 0
[12:44:08.610] [SEVERE ] placing card 50 in slot 1
[12:44:08.719] [SEVERE ] placing card 8 in slot 2
[12:44:08.828] [SEVERE ] placing card 26 in slot 3
[12:44:08.938] [SEVERE ] placing card 41 in slot 4
[12:44:09.047] [SEVERE ] placing card 66 in slot 5
[12:44:09.156] [SEVERE ] placing card 57 in slot 6
[12:44:09.262] [SEVERE ] placing card 12 in slot 7
[12:44:09.369] [SEVERE ] placing card 78 in slot 8
[12:44:09.476] [SEVERE ] placing card 5 in slot 9
[12:44:09.585] [SEVERE ] placing card 40 in slot 10
[12:44:09.694] [SEVERE ] placing card 52 in slot 11
[12:44:10.715] [SEVERE ] updating countdown to 59000
[12:44:11.729] [SEVERE ] updating countdown to 58000
[12:44:12.741] [SEVERE ] updating countdown to 57000
[12:44:13.602] [SEVERE ] key 69 was pressed by player 1
[12:44:13.602] [SEVERE ] player 1 placing token on slot 2
[12:44:13.757] [SEVERE ] updating countdown to 56000
[12:44:14.777] [SEVERE ] updating countdown to 55000
[12:44:15.238] [SEVERE ] key 69 was pressed by player 1
[12:44:15.239] [SEVERE ] removing player 1 token from slot 2
[12:44:15.790] [SEVERE ] updating countdown to 54000
[12:44:15.910] [SEVERE ] key 82 was pressed by player 1
[12:44:15.910] [SEVERE ] player 1 placing token on slot 3
[12:44:16.804] [SEVERE ] updating countdown to 53000
[12:44:17.817] [SEVERE ] updating countdown to 52000
[12:44:18.827] [SEVERE ] updating countdown to 51000
[12:44:19.839] [SEVERE ] updating countdown to 50000
[12:44:20.042] [SEVERE ] key 90 was pressed by player 1
[12:44:20.042] [SEVERE ] player 1 placing token on slot 8
[12:44:20.854] [SEVERE ] updating countdown to 49000
[12:44:20.980] [SEVERE ] key 86 was pressed by player 1
[12:44:20.981] [SEVERE ] player 1 placing token on slot 11
[12:44:20.986] [SEVERE ] setting player 1 freeze to 3000
[12:44:21.864] [SEVERE ] updating countdown to 48000
[12:44:22.001] [SEVERE ] setting player 1 freeze to 2000
[12:44:22.869] [SEVERE ] updating countdown to 47000
[12:44:23.007] [SEVERE ] setting player 1 freeze to 1000
[12:44:23.878] [SEVERE ] updating countdown to 46000
[12:44:24.017] [SEVERE ] setting player 1 freeze to 0
[12:44:24.881] [SEVERE ] updating countdown to 45000
