[22:26:44.220] [INFO   ] thread main starting.
[22:26:44.230] [SEVERE ] cannot read configuration file config.properties trying from resources.
[22:26:44.234] [SEVERE ] configuration file was loaded from resources directory.
[22:26:44.888] [INFO   ] thread dealer starting.
[22:26:44.890] [INFO   ] thread player 0 starting.
[22:26:44.892] [INFO   ] thread player 1 starting.
[22:26:44.893] [INFO   ] thread dealer starting.
[22:26:44.899] [INFO   ] thread player 0 starting.
[22:26:44.899] [INFO   ] thread player 1 starting.
[22:26:45.011] [SEVERE ] placing card 8 in slot 0
[22:26:45.124] [SEVERE ] placing card 38 in slot 1
[22:26:45.228] [SEVERE ] placing card 30 in slot 2
[22:26:45.339] [SEVERE ] placing card 14 in slot 3
[22:26:45.445] [SEVERE ] placing card 43 in slot 4
[22:26:45.560] [SEVERE ] placing card 52 in slot 5
[22:26:45.663] [SEVERE ] placing card 18 in slot 6
[22:26:45.775] [SEVERE ] placing card 71 in slot 7
[22:26:45.886] [SEVERE ] placing card 15 in slot 8
[22:26:46.000] [SEVERE ] placing card 34 in slot 9
[22:26:46.101] [SEVERE ] placing card 58 in slot 10
[22:26:46.202] [SEVERE ] placing card 61 in slot 11
[22:26:47.213] [SEVERE ] updating countdown to 59000
[22:26:48.219] [SEVERE ] updating countdown to 58000
[22:26:49.224] [SEVERE ] updating countdown to 57000
[22:26:50.234] [SEVERE ] updating countdown to 56000
[22:26:50.476] [SEVERE ] key 87 was pressed by player 1
[22:26:50.477] [SEVERE ] player 1 placing token on slot 1
[22:26:50.743] [SEVERE ] key 79 was pressed by player 2
[22:26:50.744] [SEVERE ] player 2 placing token on slot 2
[22:26:51.176] [SEVERE ] key 79 was pressed by player 2
[22:26:51.177] [SEVERE ] removing player 2 token from slot 2
[22:26:51.241] [SEVERE ] updating countdown to 55000
[22:26:51.423] [SEVERE ] key 73 was pressed by player 2
[22:26:51.425] [SEVERE ] player 2 placing token on slot 1
[22:26:51.903] [SEVERE ] key 87 was pressed by player 1
[22:26:51.904] [SEVERE ] removing player 1 token from slot 1
[22:26:52.142] [SEVERE ] key 73 was pressed by player 2
[22:26:52.143] [SEVERE ] removing player 2 token from slot 1
[22:26:52.251] [SEVERE ] updating countdown to 54000
[22:26:53.276] [SEVERE ] updating countdown to 53000
[22:26:53.334] [SEVERE ] key 69 was pressed by player 1
[22:26:53.334] [SEVERE ] player 1 placing token on slot 2
[22:26:53.627] [SEVERE ] key 79 was pressed by player 2
[22:26:53.628] [SEVERE ] player 2 placing token on slot 2
[22:26:54.291] [SEVERE ] updating countdown to 52000
[22:26:54.833] [SEVERE ] key 83 was pressed by player 1
[22:26:54.833] [SEVERE ] player 1 placing token on slot 5
[22:26:55.154] [SEVERE ] key 75 was pressed by player 2
[22:26:55.155] [SEVERE ] player 2 placing token on slot 5
[22:26:55.306] [SEVERE ] updating countdown to 51000
[22:26:56.309] [SEVERE ] updating countdown to 50000
[22:26:57.318] [SEVERE ] updating countdown to 49000
[22:26:57.483] [SEVERE ] key 87 was pressed by player 1
[22:26:57.484] [SEVERE ] player 1 placing token on slot 1
[22:26:57.554] [SEVERE ] key 73 was pressed by player 2
[22:26:57.555] [SEVERE ] player 2 placing token on slot 1
[22:26:58.324] [SEVERE ] updating countdown to 48000
[22:26:59.330] [SEVERE ] updating countdown to 47000
[22:27:00.344] [SEVERE ] updating countdown to 46000
