[20:31:01.216] [INFO   ] thread main starting.
[20:31:01.225] [SEVERE ] cannot read configuration file config.properties trying from resources.
[20:31:01.229] [SEVERE ] configuration file was loaded from resources directory.
[20:31:01.797] [INFO   ] thread dealer starting.
[20:31:01.798] [INFO   ] thread player 0 starting.
[20:31:01.801] [INFO   ] thread player 1 starting.
[20:31:01.802] [INFO   ] thread dealer starting.
[20:31:01.815] [INFO   ] thread player 1 starting.
[20:31:01.818] [INFO   ] thread player 0 starting.
[20:31:01.923] [SEVERE ] placing card 31 in slot 0
[20:31:02.033] [SEVERE ] placing card 36 in slot 1
[20:31:02.141] [SEVERE ] placing card 38 in slot 2
[20:31:02.249] [SEVERE ] placing card 20 in slot 3
[20:31:02.357] [SEVERE ] placing card 51 in slot 4
[20:31:02.465] [SEVERE ] placing card 43 in slot 5
[20:31:02.574] [SEVERE ] placing card 28 in slot 6
[20:31:02.683] [SEVERE ] placing card 30 in slot 7
[20:31:02.793] [SEVERE ] placing card 71 in slot 8
[20:31:02.902] [SEVERE ] placing card 23 in slot 9
[20:31:03.011] [SEVERE ] placing card 67 in slot 10
[20:31:03.122] [SEVERE ] placing card 2 in slot 11
