[12:38:45.941] [INFO   ] thread main starting.
[12:38:45.962] [SEVERE ] cannot read configuration file config.properties trying from resources.
[12:38:45.968] [SEVERE ] configuration file was loaded from resources directory.
[12:38:46.955] [INFO   ] thread dealer starting.
[12:38:46.957] [INFO   ] thread player 0 starting.
[12:38:46.959] [INFO   ] thread player 1 starting.
[12:38:46.959] [INFO   ] thread player 0 starting.
[12:38:46.959] [INFO   ] thread dealer starting.
[12:38:46.978] [INFO   ] thread player 1 starting.
[12:38:47.100] [SEVERE ] placing card 5 in slot 0
[12:38:47.208] [SEVERE ] placing card 1 in slot 1
[12:38:47.316] [SEVERE ] placing card 41 in slot 2
[12:38:47.427] [SEVERE ] placing card 47 in slot 3
[12:38:47.536] [SEVERE ] placing card 76 in slot 4
[12:38:47.642] [SEVERE ] placing card 46 in slot 5
[12:38:47.750] [SEVERE ] placing card 56 in slot 6
[12:38:47.858] [SEVERE ] placing card 15 in slot 7
[12:38:47.966] [SEVERE ] placing card 21 in slot 8
[12:38:48.076] [SEVERE ] placing card 38 in slot 9
[12:38:48.186] [SEVERE ] placing card 67 in slot 10
[12:38:48.295] [SEVERE ] placing card 14 in slot 11
[12:38:49.319] [SEVERE ] updating countdown to 59000
[12:38:49.630] [SEVERE ] key 81 was pressed by player 1
[12:38:49.631] [SEVERE ] player 1 placing token on slot 0
[12:38:49.803] [SEVERE ] key 87 was pressed by player 1
[12:38:49.804] [SEVERE ] player 1 placing token on slot 1
[12:38:49.990] [SEVERE ] key 83 was pressed by player 1
[12:38:49.991] [SEVERE ] player 1 placing token on slot 5
[12:38:49.992] [SEVERE ] setting player 1 freeze to 3000
[12:38:50.339] [SEVERE ] updating countdown to 58000
[12:38:51.006] [SEVERE ] setting player 1 freeze to 2000
[12:38:51.354] [SEVERE ] updating countdown to 57000
[12:38:52.009] [SEVERE ] setting player 1 freeze to 1000
[12:38:52.373] [SEVERE ] updating countdown to 56000
[12:38:53.010] [SEVERE ] setting player 1 freeze to 0
[12:38:53.385] [SEVERE ] updating countdown to 55000
[12:38:53.966] [SEVERE ] key 83 was pressed by player 1
[12:38:53.967] [SEVERE ] removing player 1 token from slot 5
[12:38:54.190] [SEVERE ] key 87 was pressed by player 1
[12:38:54.191] [SEVERE ] removing player 1 token from slot 1
[12:38:54.399] [SEVERE ] updating countdown to 54000
[12:38:54.470] [SEVERE ] key 81 was pressed by player 1
[12:38:54.471] [SEVERE ] removing player 1 token from slot 0
[12:38:55.413] [SEVERE ] updating countdown to 53000
[12:38:55.739] [SEVERE ] key 70 was pressed by player 1
[12:38:55.740] [SEVERE ] player 1 placing token on slot 7
[12:38:56.423] [SEVERE ] updating countdown to 52000
[12:38:57.440] [SEVERE ] updating countdown to 51000
[12:38:57.663] [SEVERE ] key 88 was pressed by player 1
[12:38:57.663] [SEVERE ] player 1 placing token on slot 9
[12:38:57.812] [SEVERE ] key 67 was pressed by player 1
[12:38:57.814] [SEVERE ] player 1 placing token on slot 10
[12:38:57.818] [SEVERE ] setting player 1 freeze to 3000
[12:38:58.452] [SEVERE ] updating countdown to 50000
[12:38:58.824] [SEVERE ] setting player 1 freeze to 2000
[12:38:59.463] [SEVERE ] updating countdown to 49000
[12:38:59.832] [SEVERE ] setting player 1 freeze to 1000
[12:39:00.473] [SEVERE ] updating countdown to 48000
[12:39:00.838] [SEVERE ] setting player 1 freeze to 0
