[11:34:41.699] [INFO   ] thread main starting.
[11:34:41.711] [SEVERE ] cannot read configuration file config.properties trying from resources.
[11:34:41.715] [SEVERE ] configuration file was loaded from resources directory.
[11:34:42.451] [INFO   ] thread dealer starting.
[11:34:42.452] [INFO   ] thread player 0 starting.
[11:34:42.453] [INFO   ] thread player 1 starting.
[11:34:42.453] [INFO   ] thread dealer starting.
[11:34:42.457] [INFO   ] thread player 1 starting.
[11:34:42.457] [INFO   ] thread player 0 starting.
[11:34:42.568] [SEVERE ] placing card 28 in slot 0
[11:34:42.678] [SEVERE ] placing card 0 in slot 1
[11:34:42.785] [SEVERE ] placing card 78 in slot 2
[11:34:42.895] [SEVERE ] placing card 75 in slot 3
[11:34:43.006] [SEVERE ] placing card 44 in slot 4
[11:34:43.115] [SEVERE ] placing card 69 in slot 5
[11:34:43.222] [SEVERE ] placing card 36 in slot 6
[11:34:43.331] [SEVERE ] placing card 50 in slot 7
[11:34:43.440] [SEVERE ] placing card 10 in slot 8
[11:34:43.549] [SEVERE ] placing card 8 in slot 9
[11:34:43.659] [SEVERE ] placing card 77 in slot 10
[11:34:43.768] [SEVERE ] placing card 3 in slot 11
[11:34:44.783] [SEVERE ] updating countdown to 59000
[11:34:45.791] [SEVERE ] updating countdown to 58000
[11:34:46.805] [SEVERE ] updating countdown to 57000
[11:34:47.105] [SEVERE ] key 69 was pressed by player 1
[11:34:47.105] [SEVERE ] player 1 placing token on slot 2
[11:34:47.825] [SEVERE ] updating countdown to 56000
[11:34:48.127] [SEVERE ] key 68 was pressed by player 1
[11:34:48.127] [SEVERE ] player 1 placing token on slot 6
[11:34:48.832] [SEVERE ] updating countdown to 55000
[11:34:49.835] [SEVERE ] updating countdown to 54000
[11:34:50.353] [SEVERE ] key 86 was pressed by player 1
[11:34:50.354] [SEVERE ] player 1 placing token on slot 11
[11:34:50.357] [SEVERE ] setting player 1 score to 1
[11:34:50.358] [SEVERE ] setting player 1 freeze to 1000
[11:34:50.845] [SEVERE ] updating countdown to 53000
[11:34:51.373] [SEVERE ] setting player 1 freeze to 0
[11:34:51.375] [SEVERE ] removing player 1 token from slot 2
[11:34:51.376] [SEVERE ] removing player 1 token from slot 6
[11:34:51.481] [SEVERE ] removing card from slot 6
[11:34:51.482] [SEVERE ] removing player 1 token from slot 11
[11:34:51.590] [SEVERE ] removing card from slot 11
[11:34:51.700] [SEVERE ] placing card 72 in slot 6
[11:34:51.810] [SEVERE ] placing card 73 in slot 11
[11:34:52.825] [SEVERE ] updating countdown to 60000
[11:34:53.838] [SEVERE ] updating countdown to 59000
[11:34:54.854] [SEVERE ] updating countdown to 58000
[11:34:55.864] [SEVERE ] updating countdown to 57000
