[22:56:00.238] [INFO   ] thread main starting.
[22:56:00.246] [SEVERE ] cannot read configuration file config.properties trying from resources.
[22:56:00.248] [SEVERE ] configuration file was loaded from resources directory.
[22:56:00.798] [INFO   ] thread dealer starting.
[22:56:00.799] [INFO   ] thread player 0 starting.
[22:56:00.799] [INFO   ] thread player 1 starting.
[22:56:00.801] [INFO   ] thread dealer starting.
[22:56:00.804] [INFO   ] thread player 0 starting.
[22:56:00.805] [INFO   ] thread player 1 starting.
[22:56:00.922] [SEVERE ] placing card 66 in slot 0
[22:56:01.030] [SEVERE ] placing card 60 in slot 1
[22:56:01.139] [SEVERE ] placing card 31 in slot 2
[22:56:01.247] [SEVERE ] placing card 43 in slot 3
[22:56:01.355] [SEVERE ] placing card 41 in slot 4
[22:56:01.464] [SEVERE ] placing card 61 in slot 5
[22:56:01.572] [SEVERE ] placing card 40 in slot 6
[22:56:01.681] [SEVERE ] placing card 35 in slot 7
[22:56:01.791] [SEVERE ] placing card 79 in slot 8
[22:56:01.900] [SEVERE ] placing card 73 in slot 9
[22:56:02.010] [SEVERE ] placing card 42 in slot 10
[22:56:02.119] [SEVERE ] placing card 25 in slot 11
[22:56:03.127] [SEVERE ] updating countdown to 59000
[22:56:04.142] [SEVERE ] updating countdown to 58000
[22:56:05.160] [SEVERE ] updating countdown to 57000
[22:56:05.764] [SEVERE ] key 69 was pressed by player 1
[22:56:05.765] [SEVERE ] player 1 placing token on slot 2
[22:56:06.167] [SEVERE ] updating countdown to 56000
[22:56:06.376] [SEVERE ] key 69 was pressed by player 1
[22:56:06.377] [SEVERE ] removing player 1 token from slot 2
[22:56:06.592] [SEVERE ] key 82 was pressed by player 1
[22:56:06.593] [SEVERE ] player 1 placing token on slot 3
[22:56:07.178] [SEVERE ] updating countdown to 55000
[22:56:07.492] [SEVERE ] key 83 was pressed by player 1
[22:56:07.493] [SEVERE ] player 1 placing token on slot 5
[22:56:08.188] [SEVERE ] updating countdown to 54000
[22:56:08.499] [SEVERE ] key 86 was pressed by player 1
[22:56:08.500] [SEVERE ] player 1 placing token on slot 11
[22:56:08.504] [SEVERE ] setting player 1 score to 1
[22:56:08.506] [SEVERE ] setting player 1 freeze to 1000
[22:56:09.524] [SEVERE ] setting player 1 freeze to 0
[22:56:09.528] [SEVERE ] removing player 1 token from slot 3
[22:56:09.529] [SEVERE ] removing card from slot 3
[22:56:09.635] [SEVERE ] removing player 1 token from slot 5
[22:56:09.636] [SEVERE ] removing card from slot 5
[22:56:09.743] [SEVERE ] removing player 1 token from slot 11
[22:56:09.744] [SEVERE ] removing card from slot 11
[22:56:09.962] [SEVERE ] placing card 77 in slot 3
[22:56:10.071] [SEVERE ] placing card 14 in slot 5
[22:56:10.179] [SEVERE ] placing card 70 in slot 11
[22:56:10.182] [SEVERE ] updating countdown to 60000
[22:56:10.742] [SEVERE ] key 86 was pressed by player 1
[22:56:10.743] [SEVERE ] player 1 placing token on slot 11
[22:56:11.194] [SEVERE ] updating countdown to 59000
[22:56:11.631] [SEVERE ] key 86 was pressed by player 1
[22:56:11.631] [SEVERE ] removing player 1 token from slot 11
[22:56:12.195] [SEVERE ] updating countdown to 58000
[22:56:13.197] [SEVERE ] updating countdown to 57000
[22:56:14.200] [SEVERE ] updating countdown to 56000
[22:56:15.249] [SEVERE ] updating countdown to 55000
[22:56:16.265] [SEVERE ] updating countdown to 54000
[22:56:17.267] [SEVERE ] updating countdown to 53000
[22:56:18.269] [SEVERE ] updating countdown to 52000
[22:56:19.284] [SEVERE ] updating countdown to 51000
[22:56:20.300] [SEVERE ] updating countdown to 50000
[22:56:21.316] [SEVERE ] updating countdown to 49000
[22:56:22.323] [SEVERE ] updating countdown to 48000
[22:56:23.337] [SEVERE ] updating countdown to 47000
[22:56:24.344] [SEVERE ] updating countdown to 46000
[22:56:25.345] [SEVERE ] updating countdown to 45000
[22:56:26.348] [SEVERE ] updating countdown to 44000
[22:56:27.363] [SEVERE ] updating countdown to 43000
[22:56:28.378] [SEVERE ] updating countdown to 42000
[22:56:29.379] [SEVERE ] updating countdown to 41000
[22:56:30.391] [SEVERE ] updating countdown to 40000
[22:56:31.393] [SEVERE ] updating countdown to 39000
[22:56:32.397] [SEVERE ] updating countdown to 38000
[22:56:33.415] [SEVERE ] updating countdown to 37000
[22:56:34.431] [SEVERE ] updating countdown to 36000
[22:56:35.446] [SEVERE ] updating countdown to 35000
[22:56:36.449] [SEVERE ] updating countdown to 34000
[22:56:37.452] [SEVERE ] updating countdown to 33000
[22:56:38.464] [SEVERE ] updating countdown to 32000
[22:56:39.408] [SEVERE ] key 83 was pressed by player 1
[22:56:39.408] [SEVERE ] player 1 placing token on slot 5
[22:56:39.471] [SEVERE ] updating countdown to 31000
[22:56:39.871] [SEVERE ] key 68 was pressed by player 1
[22:56:39.871] [SEVERE ] player 1 placing token on slot 6
[22:56:40.483] [SEVERE ] updating countdown to 30000
[22:56:41.151] [SEVERE ] key 74 was pressed by player 2
[22:56:41.151] [SEVERE ] player 2 placing token on slot 4
[22:56:41.497] [SEVERE ] updating countdown to 29000
[22:56:41.562] [SEVERE ] key 74 was pressed by player 2
[22:56:41.563] [SEVERE ] removing player 2 token from slot 4
[22:56:41.881] [SEVERE ] key 75 was pressed by player 2
[22:56:41.881] [SEVERE ] player 2 placing token on slot 5
[22:56:42.211] [SEVERE ] key 76 was pressed by player 2
[22:56:42.211] [SEVERE ] player 2 placing token on slot 6
[22:56:42.509] [SEVERE ] updating countdown to 28000
[22:56:43.118] [SEVERE ] key 81 was pressed by player 1
[22:56:43.118] [SEVERE ] player 1 placing token on slot 0
[22:56:43.133] [SEVERE ] setting player 1 score to 2
[22:56:43.133] [SEVERE ] setting player 1 freeze to 1000
[22:56:43.166] [SEVERE ] key 85 was pressed by player 2
[22:56:43.166] [SEVERE ] player 2 placing token on slot 0
[22:56:44.133] [SEVERE ] setting player 1 freeze to 0
