[22:25:10.641] [INFO   ] thread main starting.
[22:25:10.650] [SEVERE ] cannot read configuration file config.properties trying from resources.
[22:25:10.652] [SEVERE ] configuration file was loaded from resources directory.
[22:25:11.178] [INFO   ] thread dealer starting.
[22:25:11.180] [INFO   ] thread player 0 starting.
[22:25:11.180] [INFO   ] thread player 1 starting.
[22:25:11.181] [INFO   ] thread dealer starting.
[22:25:11.181] [INFO   ] thread player 1 starting.
[22:25:11.181] [INFO   ] thread player 0 starting.
[22:25:11.292] [SEVERE ] placing card 77 in slot 0
[22:25:11.407] [SEVERE ] placing card 73 in slot 1
[22:25:11.521] [SEVERE ] placing card 43 in slot 2
[22:25:11.636] [SEVERE ] placing card 62 in slot 3
[22:25:11.740] [SEVERE ] placing card 51 in slot 4
[22:25:11.853] [SEVERE ] placing card 20 in slot 5
[22:25:11.967] [SEVERE ] placing card 48 in slot 6
[22:25:12.083] [SEVERE ] placing card 12 in slot 7
[22:25:12.186] [SEVERE ] placing card 54 in slot 8
[22:25:12.299] [SEVERE ] placing card 6 in slot 9
[22:25:12.419] [SEVERE ] placing card 22 in slot 10
[22:25:12.533] [SEVERE ] placing card 28 in slot 11
[22:25:13.561] [SEVERE ] updating countdown to 59000
[22:25:14.578] [SEVERE ] updating countdown to 58000
[22:25:15.591] [SEVERE ] updating countdown to 57000
[22:25:16.609] [SEVERE ] updating countdown to 56000
[22:25:17.624] [SEVERE ] updating countdown to 55000
[22:25:18.636] [SEVERE ] updating countdown to 54000
[22:25:19.640] [SEVERE ] updating countdown to 53000
[22:25:20.652] [SEVERE ] updating countdown to 52000
[22:25:21.673] [SEVERE ] updating countdown to 51000
[22:25:22.689] [SEVERE ] updating countdown to 50000
[22:25:23.705] [SEVERE ] updating countdown to 49000
[22:25:24.719] [SEVERE ] updating countdown to 48000
[22:25:25.728] [SEVERE ] updating countdown to 47000
[22:25:26.740] [SEVERE ] updating countdown to 46000
[22:25:27.751] [SEVERE ] updating countdown to 45000
[22:25:28.773] [SEVERE ] updating countdown to 44000
[22:25:29.787] [SEVERE ] updating countdown to 43000
[22:25:30.804] [SEVERE ] updating countdown to 42000
[22:25:31.816] [SEVERE ] updating countdown to 41000
[22:25:32.820] [SEVERE ] updating countdown to 40000
[22:25:33.834] [SEVERE ] updating countdown to 39000
[22:25:34.849] [SEVERE ] updating countdown to 38000
[22:25:35.873] [SEVERE ] updating countdown to 37000
[22:25:36.888] [SEVERE ] updating countdown to 36000
[22:25:37.001] [SEVERE ] key 67 was pressed by player 1
[22:25:37.003] [SEVERE ] player 1 placing token on slot 10
[22:25:37.275] [SEVERE ] key 46 was pressed by player 2
[22:25:37.276] [SEVERE ] player 2 placing token on slot 10
[22:25:37.893] [SEVERE ] updating countdown to 35000
[22:25:38.909] [SEVERE ] updating countdown to 34000
[22:25:39.776] [SEVERE ] key 68 was pressed by player 1
[22:25:39.776] [SEVERE ] player 1 placing token on slot 6
[22:25:39.918] [SEVERE ] updating countdown to 33000
[22:25:40.099] [SEVERE ] key 75 was pressed by player 2
[22:25:40.099] [SEVERE ] player 2 placing token on slot 5
[22:25:40.494] [SEVERE ] key 75 was pressed by player 2
[22:25:40.495] [SEVERE ] removing player 2 token from slot 5
[22:25:40.723] [SEVERE ] key 74 was pressed by player 2
[22:25:40.724] [SEVERE ] player 2 placing token on slot 4
[22:25:40.925] [SEVERE ] updating countdown to 32000
[22:25:41.333] [SEVERE ] key 74 was pressed by player 2
[22:25:41.333] [SEVERE ] removing player 2 token from slot 4
[22:25:41.760] [SEVERE ] key 76 was pressed by player 2
[22:25:41.760] [SEVERE ] player 2 placing token on slot 6
[22:25:41.933] [SEVERE ] updating countdown to 31000
[22:25:42.953] [SEVERE ] updating countdown to 30000
[22:25:43.161] [SEVERE ] key 81 was pressed by player 1
[22:25:43.161] [SEVERE ] player 1 placing token on slot 0
[22:25:43.161] [SEVERE ] setting player 1 score to 1
[22:25:43.161] [SEVERE ] setting player 1 freeze to 1000
[22:25:43.213] [SEVERE ] key 85 was pressed by player 2
[22:25:43.213] [SEVERE ] player 2 placing token on slot 0
[22:25:44.171] [SEVERE ] setting player 1 freeze to 0
