[12:50:45.197] [INFO   ] thread main starting.
[12:50:45.209] [SEVERE ] cannot read configuration file config.properties trying from resources.
[12:50:45.211] [SEVERE ] configuration file was loaded from resources directory.
[12:50:46.163] [INFO   ] thread dealer starting.
[12:50:46.191] [INFO   ] thread player 0 starting.
[12:50:46.194] [INFO   ] thread player 1 starting.
[12:50:46.194] [INFO   ] thread dealer starting.
[12:50:46.195] [INFO   ] thread player 0 starting.
[12:50:46.195] [INFO   ] thread player 1 starting.
[12:50:46.316] [SEVERE ] placing card 70 in slot 0
[12:50:46.424] [SEVERE ] placing card 80 in slot 1
[12:50:46.533] [SEVERE ] placing card 3 in slot 2
[12:50:46.642] [SEVERE ] placing card 33 in slot 3
[12:50:46.750] [SEVERE ] placing card 55 in slot 4
[12:50:46.858] [SEVERE ] placing card 34 in slot 5
[12:50:46.966] [SEVERE ] placing card 41 in slot 6
[12:50:47.075] [SEVERE ] placing card 7 in slot 7
[12:50:47.184] [SEVERE ] placing card 4 in slot 8
[12:50:47.295] [SEVERE ] placing card 0 in slot 9
[12:50:47.404] [SEVERE ] placing card 45 in slot 10
[12:50:47.512] [SEVERE ] placing card 21 in slot 11
[12:50:48.534] [SEVERE ] updating countdown to 59000
[12:50:49.556] [SEVERE ] updating countdown to 58000
[12:50:50.574] [SEVERE ] updating countdown to 57000
[12:50:51.582] [SEVERE ] updating countdown to 56000
[12:50:51.943] [SEVERE ] key 65 was pressed by player 1
[12:50:51.944] [SEVERE ] player 1 placing token on slot 4
[12:50:52.201] [SEVERE ] key 83 was pressed by player 1
[12:50:52.202] [SEVERE ] player 1 placing token on slot 5
[12:50:52.591] [SEVERE ] updating countdown to 55000
[12:50:52.916] [SEVERE ] key 90 was pressed by player 1
[12:50:52.917] [SEVERE ] player 1 placing token on slot 8
[12:50:53.605] [SEVERE ] updating countdown to 54000
[12:50:54.613] [SEVERE ] updating countdown to 53000
[12:50:55.625] [SEVERE ] updating countdown to 52000
[12:50:56.639] [SEVERE ] updating countdown to 51000
[12:50:57.646] [SEVERE ] updating countdown to 50000
[12:50:58.659] [SEVERE ] updating countdown to 49000
