[20:36:03.242] [INFO   ] thread main starting.
[20:36:03.252] [SEVERE ] cannot read configuration file config.properties trying from resources.
[20:36:03.255] [SEVERE ] configuration file was loaded from resources directory.
[20:36:03.931] [INFO   ] thread dealer starting.
[20:36:03.939] [INFO   ] thread player 0 starting.
[20:36:03.941] [INFO   ] thread player 1 starting.
[20:36:03.942] [INFO   ] thread dealer starting.
[20:36:03.962] [INFO   ] thread player 0 starting.
[20:36:03.962] [INFO   ] thread player 1 starting.
[20:36:04.070] [SEVERE ] placing card 16 in slot 0
[20:36:04.178] [SEVERE ] placing card 29 in slot 1
[20:36:04.286] [SEVERE ] placing card 47 in slot 2
[20:36:04.396] [SEVERE ] placing card 74 in slot 3
[20:36:04.506] [SEVERE ] placing card 55 in slot 4
[20:36:04.614] [SEVERE ] placing card 58 in slot 5
[20:36:04.723] [SEVERE ] placing card 17 in slot 6
[20:36:04.832] [SEVERE ] placing card 46 in slot 7
[20:36:04.940] [SEVERE ] placing card 62 in slot 8
[20:36:05.050] [SEVERE ] placing card 18 in slot 9
[20:36:05.158] [SEVERE ] placing card 30 in slot 10
[20:36:05.266] [SEVERE ] placing card 8 in slot 11
[20:36:06.285] [SEVERE ] updating countdown to 59000
[20:36:07.303] [SEVERE ] updating countdown to 58000
[20:36:08.312] [SEVERE ] updating countdown to 57000
[20:36:09.325] [SEVERE ] updating countdown to 56000
[20:36:10.336] [SEVERE ] updating countdown to 55000
[20:36:11.345] [SEVERE ] updating countdown to 54000
[20:36:12.355] [SEVERE ] updating countdown to 53000
[20:36:13.366] [SEVERE ] updating countdown to 52000
[20:36:14.376] [SEVERE ] updating countdown to 51000
[20:36:15.390] [SEVERE ] updating countdown to 50000
[20:36:15.618] [SEVERE ] key 82 was pressed by player 1
[20:36:15.618] [SEVERE ] player 1 placing token on slot 3
[20:36:15.952] [SEVERE ] key 80 was pressed by player 2
[20:36:15.953] [SEVERE ] player 2 placing token on slot 3
[20:36:16.396] [SEVERE ] updating countdown to 49000
[20:36:17.269] [SEVERE ] key 65 was pressed by player 1
[20:36:17.269] [SEVERE ] player 1 placing token on slot 4
[20:36:17.406] [SEVERE ] updating countdown to 48000
[20:36:17.751] [SEVERE ] key 74 was pressed by player 2
[20:36:17.751] [SEVERE ] player 2 placing token on slot 4
[20:36:18.414] [SEVERE ] updating countdown to 47000
[20:36:18.828] [SEVERE ] key 85 was pressed by player 2
[20:36:18.828] [SEVERE ] player 2 placing token on slot 0
[20:36:18.830] [SEVERE ] setting player 2 freeze to 3000
[20:36:19.044] [SEVERE ] key 81 was pressed by player 1
[20:36:19.044] [SEVERE ] player 1 placing token on slot 0
[20:36:19.045] [SEVERE ] setting player 1 freeze to 3000
[20:36:19.424] [SEVERE ] updating countdown to 46000
[20:36:19.843] [SEVERE ] setting player 2 freeze to 2000
[20:36:20.060] [SEVERE ] setting player 1 freeze to 2000
[20:36:20.434] [SEVERE ] updating countdown to 45000
[20:36:20.850] [SEVERE ] setting player 2 freeze to 1000
[20:36:21.066] [SEVERE ] setting player 1 freeze to 1000
[20:36:21.445] [SEVERE ] updating countdown to 44000
[20:36:21.862] [SEVERE ] setting player 2 freeze to 0
[20:36:22.079] [SEVERE ] setting player 1 freeze to 0
[20:36:22.455] [SEVERE ] updating countdown to 43000
[20:36:23.463] [SEVERE ] updating countdown to 42000
[20:36:24.472] [SEVERE ] updating countdown to 41000
[20:36:25.480] [SEVERE ] updating countdown to 40000
[20:36:26.484] [SEVERE ] updating countdown to 39000
[20:36:27.494] [SEVERE ] updating countdown to 38000
[20:36:28.501] [SEVERE ] updating countdown to 37000
[20:36:29.515] [SEVERE ] updating countdown to 36000
[20:36:30.528] [SEVERE ] updating countdown to 35000
[20:36:31.540] [SEVERE ] updating countdown to 34000
[20:36:32.286] [SEVERE ] key 65 was pressed by player 1
[20:36:32.287] [SEVERE ] removing player 1 token from slot 4
[20:36:32.559] [SEVERE ] updating countdown to 33000
[20:36:32.635] [SEVERE ] key 74 was pressed by player 2
[20:36:32.636] [SEVERE ] removing player 2 token from slot 4
[20:36:33.566] [SEVERE ] updating countdown to 32000
[20:36:34.574] [SEVERE ] updating countdown to 31000
[20:36:35.586] [SEVERE ] updating countdown to 30000
[20:36:36.592] [SEVERE ] updating countdown to 29000
[20:36:37.156] [SEVERE ] key 67 was pressed by player 1
[20:36:37.156] [SEVERE ] player 1 placing token on slot 10
[20:36:37.157] [SEVERE ] setting player 1 score to 1
[20:36:37.158] [SEVERE ] setting player 1 freeze to 1000
[20:36:37.421] [SEVERE ] key 46 was pressed by player 2
[20:36:37.421] [SEVERE ] player 2 placing token on slot 10
[20:36:37.595] [SEVERE ] updating countdown to 28000
[20:36:38.165] [SEVERE ] setting player 1 freeze to 0
[20:36:38.606] [SEVERE ] updating countdown to 27000
[20:36:39.611] [SEVERE ] updating countdown to 26000
[20:36:40.622] [SEVERE ] updating countdown to 25000
[20:36:41.629] [SEVERE ] updating countdown to 24000
[20:36:42.636] [SEVERE ] updating countdown to 23000
[20:36:43.132] [SEVERE ] key 44 was pressed by player 2
[20:36:43.653] [SEVERE ] updating countdown to 22000
[20:36:43.697] [SEVERE ] key 80 was pressed by player 2
[20:36:43.901] [SEVERE ] key 79 was pressed by player 2
[20:36:44.066] [SEVERE ] key 87 was pressed by player 1
[20:36:44.329] [SEVERE ] key 69 was pressed by player 1
[20:36:44.665] [SEVERE ] updating countdown to 21000
[20:36:45.673] [SEVERE ] updating countdown to 20000
