[10:54:22.964] [INFO   ] thread main starting.
[10:54:22.984] [SEVERE ] cannot read configuration file config.properties trying from resources.
[10:54:22.984] [SEVERE ] configuration file was loaded from resources directory.
[10:54:23.794] [INFO   ] thread dealer starting.
[10:54:23.794] [INFO   ] thread player 0 starting.
[10:54:23.794] [INFO   ] thread player 1 starting.
[10:54:23.800] [INFO   ] thread player 0 starting.
[10:54:23.800] [INFO   ] thread dealer starting.
[10:54:23.800] [INFO   ] thread player 1 starting.
[10:54:23.923] [SEVERE ] placing card 26 in slot 0
[10:54:24.027] [SEVERE ] placing card 18 in slot 1
[10:54:24.139] [SEVERE ] placing card 14 in slot 2
[10:54:24.242] [SEVERE ] placing card 76 in slot 3
[10:54:24.346] [SEVERE ] placing card 51 in slot 4
[10:54:24.457] [SEVERE ] placing card 39 in slot 5
[10:54:24.561] [SEVERE ] placing card 24 in slot 6
[10:54:24.676] [SEVERE ] placing card 0 in slot 7
[10:54:24.788] [SEVERE ] placing card 7 in slot 8
[10:54:24.900] [SEVERE ] placing card 37 in slot 9
[10:54:25.014] [SEVERE ] placing card 33 in slot 10
[10:54:25.126] [SEVERE ] placing card 79 in slot 11
[10:54:26.146] [SEVERE ] updating countdown to 59000
[10:54:27.162] [SEVERE ] updating countdown to 58000
[10:54:28.178] [SEVERE ] updating countdown to 57000
[10:54:29.196] [SEVERE ] updating countdown to 56000
[10:54:30.209] [SEVERE ] updating countdown to 55000
[10:54:31.219] [SEVERE ] updating countdown to 54000
[10:54:32.226] [SEVERE ] updating countdown to 53000
[10:54:33.239] [SEVERE ] updating countdown to 52000
[10:54:34.258] [SEVERE ] updating countdown to 51000
[10:54:34.364] [SEVERE ] key 87 was pressed by player 1
[10:54:34.364] [SEVERE ] player 1 placing token on slot 1
[10:54:34.734] [SEVERE ] key 69 was pressed by player 1
[10:54:34.734] [SEVERE ] player 1 placing token on slot 2
[10:54:35.278] [SEVERE ] updating countdown to 50000
[10:54:36.289] [SEVERE ] updating countdown to 49000
[10:54:36.314] [SEVERE ] key 73 was pressed by player 2
[10:54:36.314] [SEVERE ] player 2 placing token on slot 1
[10:54:37.004] [SEVERE ] key 73 was pressed by player 2
[10:54:37.004] [SEVERE ] removing player 2 token from slot 1
[10:54:37.308] [SEVERE ] updating countdown to 48000
[10:54:37.906] [SEVERE ] key 85 was pressed by player 2
[10:54:37.906] [SEVERE ] player 2 placing token on slot 0
[10:54:38.320] [SEVERE ] updating countdown to 47000
[10:54:39.325] [SEVERE ] updating countdown to 46000
[10:54:39.856] [SEVERE ] key 85 was pressed by player 2
[10:54:39.856] [SEVERE ] removing player 2 token from slot 0
[10:54:40.331] [SEVERE ] updating countdown to 45000
[10:54:41.004] [SEVERE ] key 74 was pressed by player 2
[10:54:41.007] [SEVERE ] player 2 placing token on slot 4
[10:54:41.351] [SEVERE ] updating countdown to 44000
[10:54:42.367] [SEVERE ] updating countdown to 43000
[10:54:43.376] [SEVERE ] updating countdown to 42000
[10:54:43.744] [SEVERE ] key 47 was pressed by player 2
[10:54:43.750] [SEVERE ] player 2 placing token on slot 11
[10:54:44.387] [SEVERE ] updating countdown to 41000
[10:54:45.390] [SEVERE ] updating countdown to 40000
[10:54:46.404] [SEVERE ] updating countdown to 39000
[10:54:47.406] [SEVERE ] updating countdown to 38000
[10:54:48.420] [SEVERE ] updating countdown to 37000
[10:54:49.434] [SEVERE ] updating countdown to 36000
[10:54:50.436] [SEVERE ] updating countdown to 35000
[10:54:51.444] [SEVERE ] updating countdown to 34000
[10:54:52.133] [SEVERE ] key 85 was pressed by player 2
[10:54:52.134] [SEVERE ] player 2 placing token on slot 0
[10:54:52.354] [SEVERE ] key 90 was pressed by player 1
[10:54:52.354] [SEVERE ] player 1 placing token on slot 8
[10:54:52.448] [SEVERE ] setting player 2 score to 1
[10:54:52.448] [SEVERE ] setting player 2 freeze to 1000
[10:54:52.448] [SEVERE ] updating countdown to 33000
[10:54:52.454] [SEVERE ] removing player 1 token from slot 1
[10:54:52.574] [SEVERE ] removing card from slot 1
[10:54:52.574] [SEVERE ] removing player 1 token from slot 2
[10:54:52.686] [SEVERE ] removing card from slot 2
[10:54:52.686] [SEVERE ] removing player 1 token from slot 8
[10:54:52.798] [SEVERE ] removing card from slot 8
[10:54:52.910] [SEVERE ] placing card 66 in slot 1
[10:54:53.022] [SEVERE ] placing card 45 in slot 2
[10:54:53.133] [SEVERE ] placing card 10 in slot 8
[10:54:53.133] [SEVERE ] removing player 2 token from slot 4
[10:54:53.244] [SEVERE ] removing card from slot 4
[10:54:53.244] [SEVERE ] removing player 2 token from slot 11
[10:54:53.355] [SEVERE ] removing card from slot 11
[10:54:53.355] [SEVERE ] removing player 2 token from slot 0
[10:54:53.451] [SEVERE ] setting player 2 freeze to 0
[10:54:53.560] [SEVERE ] placing card 2 in slot 4
[10:54:53.664] [SEVERE ] placing card 34 in slot 11
[10:54:54.669] [SEVERE ] updating countdown to 60000
[10:54:55.684] [SEVERE ] updating countdown to 59000
