[20:29:34.847] [INFO   ] thread main starting.
[20:29:34.856] [SEVERE ] cannot read configuration file config.properties trying from resources.
[20:29:34.859] [SEVERE ] configuration file was loaded from resources directory.
[20:29:35.537] [INFO   ] thread dealer starting.
[20:29:35.543] [INFO   ] thread player 0 starting.
[20:29:35.544] [INFO   ] thread player 1 starting.
[20:29:35.545] [INFO   ] thread player 0 starting.
[20:29:35.545] [INFO   ] thread player 1 starting.
[20:29:35.545] [INFO   ] thread dealer starting.
[20:29:35.660] [SEVERE ] placing card 34 in slot 0
[20:29:35.766] [SEVERE ] placing card 6 in slot 1
[20:29:35.876] [SEVERE ] placing card 18 in slot 2
[20:29:35.984] [SEVERE ] placing card 58 in slot 3
[20:29:36.091] [SEVERE ] placing card 44 in slot 4
[20:29:36.200] [SEVERE ] placing card 52 in slot 5
[20:29:36.308] [SEVERE ] placing card 42 in slot 6
[20:29:36.415] [SEVERE ] placing card 65 in slot 7
[20:29:36.524] [SEVERE ] placing card 48 in slot 8
[20:29:36.633] [SEVERE ] placing card 59 in slot 9
[20:29:36.742] [SEVERE ] placing card 2 in slot 10
[20:29:36.850] [SEVERE ] placing card 40 in slot 11
[20:29:37.867] [SEVERE ] updating countdown to 59000
[20:29:38.889] [SEVERE ] updating countdown to 58000
[20:29:39.905] [SEVERE ] updating countdown to 57000
[20:29:40.911] [SEVERE ] updating countdown to 56000
[20:29:41.916] [SEVERE ] updating countdown to 55000
[20:29:42.918] [SEVERE ] updating countdown to 54000
[20:29:43.929] [SEVERE ] updating countdown to 53000
[20:29:44.939] [SEVERE ] updating countdown to 52000
[20:29:45.948] [SEVERE ] updating countdown to 51000
[20:29:46.957] [SEVERE ] updating countdown to 50000
[20:29:47.119] [SEVERE ] key 69 was pressed by player 1
[20:29:47.120] [SEVERE ] player 1 placing token on slot 2
[20:29:47.554] [SEVERE ] key 73 was pressed by player 2
[20:29:47.556] [SEVERE ] player 2 placing token on slot 1
[20:29:47.968] [SEVERE ] updating countdown to 49000
[20:29:48.168] [SEVERE ] key 73 was pressed by player 2
[20:29:48.169] [SEVERE ] removing player 2 token from slot 1
[20:29:48.567] [SEVERE ] key 79 was pressed by player 2
[20:29:48.567] [SEVERE ] player 2 placing token on slot 2
[20:29:48.981] [SEVERE ] updating countdown to 48000
[20:29:49.837] [SEVERE ] key 82 was pressed by player 1
[20:29:49.837] [SEVERE ] player 1 placing token on slot 3
[20:29:49.988] [SEVERE ] updating countdown to 47000
[20:29:50.206] [SEVERE ] key 80 was pressed by player 2
[20:29:50.206] [SEVERE ] player 2 placing token on slot 3
[20:29:50.994] [SEVERE ] updating countdown to 46000
[20:29:51.636] [SEVERE ] key 74 was pressed by player 2
[20:29:51.637] [SEVERE ] player 2 placing token on slot 4
[20:29:51.638] [SEVERE ] setting player 2 score to 1
[20:29:51.639] [SEVERE ] setting player 2 freeze to 1000
[20:29:51.854] [SEVERE ] key 65 was pressed by player 1
[20:29:51.855] [SEVERE ] player 1 placing token on slot 4
[20:29:52.007] [SEVERE ] updating countdown to 45000
[20:29:52.656] [SEVERE ] setting player 2 freeze to 0
[20:29:52.657] [SEVERE ] setting player 1 score to 1
[20:29:52.658] [SEVERE ] setting player 1 freeze to 1000
[20:29:53.663] [SEVERE ] setting player 1 freeze to 0
[20:29:53.666] [SEVERE ] removing player 1 token from slot 2
[20:29:53.667] [SEVERE ] removing player 2 token from slot 2
[20:29:53.672] [SEVERE ] removing card from slot 2
[20:29:53.679] [SEVERE ] removing player 1 token from slot 3
[20:29:53.680] [SEVERE ] removing player 2 token from slot 3
[20:29:53.689] [SEVERE ] removing card from slot 3
[20:29:53.801] [SEVERE ] removing player 1 token from slot 4
[20:29:53.801] [SEVERE ] removing player 2 token from slot 4
[20:29:53.804] [SEVERE ] removing card from slot 4
[20:29:54.018] [SEVERE ] placing card 68 in slot 2
[20:29:54.128] [SEVERE ] placing card 54 in slot 3
[20:29:54.238] [SEVERE ] placing card 69 in slot 4
[20:29:54.240] [SEVERE ] updating countdown to 60000
[20:29:55.249] [SEVERE ] updating countdown to 59000
[20:29:56.261] [SEVERE ] updating countdown to 58000
