[20:43:20.172] [INFO   ] thread main starting.
[20:43:20.182] [SEVERE ] cannot read configuration file config.properties trying from resources.
[20:43:20.185] [SEVERE ] configuration file was loaded from resources directory.
[20:43:20.721] [INFO   ] thread dealer starting.
[20:43:20.722] [INFO   ] thread player 0 starting.
[20:43:20.723] [INFO   ] thread player 1 starting.
[20:43:20.723] [INFO   ] thread player 0 starting.
[20:43:20.724] [INFO   ] thread player 1 starting.
[20:43:20.723] [INFO   ] thread dealer starting.
[20:43:20.849] [SEVERE ] placing card 11 in slot 0
[20:43:20.969] [SEVERE ] placing card 44 in slot 1
[20:43:21.079] [SEVERE ] placing card 8 in slot 2
[20:43:21.181] [SEVERE ] placing card 32 in slot 3
[20:43:21.281] [SEVERE ] placing card 63 in slot 4
[20:43:21.396] [SEVERE ] placing card 38 in slot 5
[20:43:21.503] [SEVERE ] placing card 54 in slot 6
[20:43:21.620] [SEVERE ] placing card 60 in slot 7
[20:43:21.731] [SEVERE ] placing card 13 in slot 8
[20:43:21.832] [SEVERE ] placing card 2 in slot 9
[20:43:21.950] [SEVERE ] placing card 4 in slot 10
[20:43:22.065] [SEVERE ] placing card 79 in slot 11
[20:43:23.081] [SEVERE ] updating countdown to 59000
[20:43:24.104] [SEVERE ] updating countdown to 58000
[20:43:25.121] [SEVERE ] updating countdown to 57000
[20:43:26.132] [SEVERE ] updating countdown to 56000
[20:43:27.152] [SEVERE ] updating countdown to 55000
[20:43:28.167] [SEVERE ] updating countdown to 54000
[20:43:29.173] [SEVERE ] updating countdown to 53000
[20:43:30.182] [SEVERE ] updating countdown to 52000
[20:43:31.199] [SEVERE ] updating countdown to 51000
[20:43:32.213] [SEVERE ] updating countdown to 50000
[20:43:33.230] [SEVERE ] updating countdown to 49000
[20:43:34.003] [SEVERE ] key 87 was pressed by player 1
[20:43:34.005] [SEVERE ] player 1 placing token on slot 1
[20:43:34.242] [SEVERE ] updating countdown to 48000
[20:43:34.326] [SEVERE ] key 79 was pressed by player 2
[20:43:34.327] [SEVERE ] player 2 placing token on slot 2
[20:43:34.834] [SEVERE ] key 79 was pressed by player 2
[20:43:34.834] [SEVERE ] removing player 2 token from slot 2
[20:43:35.090] [SEVERE ] key 73 was pressed by player 2
[20:43:35.091] [SEVERE ] player 2 placing token on slot 1
[20:43:35.250] [SEVERE ] updating countdown to 47000
[20:43:35.567] [SEVERE ] key 87 was pressed by player 1
[20:43:35.568] [SEVERE ] removing player 1 token from slot 1
[20:43:35.840] [SEVERE ] key 73 was pressed by player 2
[20:43:35.840] [SEVERE ] removing player 2 token from slot 1
[20:43:36.267] [SEVERE ] updating countdown to 46000
[20:43:37.182] [SEVERE ] key 65 was pressed by player 1
[20:43:37.183] [SEVERE ] player 1 placing token on slot 4
[20:43:37.283] [SEVERE ] updating countdown to 45000
[20:43:37.511] [SEVERE ] key 75 was pressed by player 2
[20:43:37.512] [SEVERE ] player 2 placing token on slot 5
[20:43:37.919] [SEVERE ] key 75 was pressed by player 2
[20:43:37.920] [SEVERE ] removing player 2 token from slot 5
[20:43:38.208] [SEVERE ] key 76 was pressed by player 2
[20:43:38.208] [SEVERE ] player 2 placing token on slot 6
[20:43:38.290] [SEVERE ] updating countdown to 44000
[20:43:38.614] [SEVERE ] key 76 was pressed by player 2
[20:43:38.614] [SEVERE ] removing player 2 token from slot 6
[20:43:39.293] [SEVERE ] updating countdown to 43000
[20:43:39.303] [SEVERE ] key 74 was pressed by player 2
[20:43:39.303] [SEVERE ] player 2 placing token on slot 4
[20:43:40.297] [SEVERE ] updating countdown to 42000
[20:43:40.771] [SEVERE ] key 90 was pressed by player 1
[20:43:40.772] [SEVERE ] player 1 placing token on slot 8
[20:43:41.092] [SEVERE ] key 77 was pressed by player 2
[20:43:41.092] [SEVERE ] player 2 placing token on slot 8
[20:43:41.315] [SEVERE ] updating countdown to 41000
[20:43:42.320] [SEVERE ] updating countdown to 40000
[20:43:43.329] [SEVERE ] updating countdown to 39000
[20:43:44.334] [SEVERE ] updating countdown to 38000
[20:43:45.173] [SEVERE ] key 73 was pressed by player 2
[20:43:45.174] [SEVERE ] player 2 placing token on slot 1
[20:43:45.175] [SEVERE ] setting player 2 score to 1
[20:43:45.177] [SEVERE ] setting player 2 freeze to 1000
[20:43:45.340] [SEVERE ] updating countdown to 37000
[20:43:45.383] [SEVERE ] key 87 was pressed by player 1
[20:43:45.383] [SEVERE ] player 1 placing token on slot 1
[20:43:46.181] [SEVERE ] setting player 2 freeze to 0
[20:43:46.182] [SEVERE ] setting player 1 score to 1
[20:43:46.183] [SEVERE ] setting player 1 freeze to 1000
[20:43:47.197] [SEVERE ] setting player 1 freeze to 0
[20:43:47.199] [SEVERE ] removing player 1 token from slot 4
[20:43:47.201] [SEVERE ] removing player 2 token from slot 4
[20:43:47.202] [SEVERE ] removing card from slot 4
[20:43:47.202] [SEVERE ] removing player 1 token from slot 8
[20:43:47.204] [SEVERE ] removing player 2 token from slot 8
[20:43:47.204] [SEVERE ] removing card from slot 8
[20:43:47.307] [SEVERE ] removing player 1 token from slot 1
[20:43:47.307] [SEVERE ] removing player 2 token from slot 1
[20:43:47.308] [SEVERE ] removing card from slot 1
[20:43:47.528] [SEVERE ] placing card 41 in slot 1
[20:43:47.631] [SEVERE ] placing card 50 in slot 4
[20:43:47.732] [SEVERE ] placing card 74 in slot 8
[20:43:47.734] [SEVERE ] updating countdown to 60000
[20:43:48.753] [SEVERE ] updating countdown to 59000
