[12:10:37.218] [INFO   ] thread main starting.
[12:10:37.226] [SEVERE ] cannot read configuration file config.properties trying from resources.
[12:10:37.232] [SEVERE ] configuration file was loaded from resources directory.
[12:10:37.979] [INFO   ] thread dealer starting.
[12:10:37.980] [INFO   ] thread player 0 starting.
[12:10:37.982] [INFO   ] thread player 1 starting.
[12:10:37.984] [INFO   ] thread player 0 starting.
[12:10:37.986] [INFO   ] thread dealer starting.
[12:10:37.987] [INFO   ] thread player 1 starting.
[12:10:37.989] [INFO   ] thread computer-1 starting.
[12:10:38.108] [SEVERE ] placing card 12 in slot 0
[12:10:38.215] [SEVERE ] placing card 65 in slot 1
[12:10:38.323] [SEVERE ] placing card 3 in slot 2
[12:10:38.432] [SEVERE ] placing card 57 in slot 3
[12:10:38.538] [SEVERE ] placing card 68 in slot 4
[12:10:38.646] [SEVERE ] placing card 73 in slot 5
[12:10:38.755] [SEVERE ] placing card 21 in slot 6
[12:10:38.863] [SEVERE ] placing card 16 in slot 7
[12:10:38.972] [SEVERE ] placing card 6 in slot 8
[12:10:39.079] [SEVERE ] placing card 31 in slot 9
[12:10:39.187] [SEVERE ] placing card 50 in slot 10
[12:10:39.294] [SEVERE ] placing card 5 in slot 11
[12:10:40.304] [SEVERE ] updating countdown to 59000
[12:10:40.534] [SEVERE ] player 2 placing token on slot 2
[12:10:41.044] [SEVERE ] player 2 placing token on slot 6
[12:10:41.309] [SEVERE ] updating countdown to 58000
[12:10:41.558] [SEVERE ] player 2 placing token on slot 4
[12:10:41.559] [SEVERE ] setting player 2 freeze to 3000
[12:10:42.319] [SEVERE ] updating countdown to 57000
[12:10:42.569] [SEVERE ] setting player 2 freeze to 2000
[12:10:43.333] [SEVERE ] updating countdown to 56000
[12:10:43.582] [SEVERE ] setting player 2 freeze to 1000
[12:10:44.347] [SEVERE ] updating countdown to 55000
[12:10:44.595] [SEVERE ] setting player 2 freeze to 0
[12:10:45.359] [SEVERE ] updating countdown to 54000
[12:10:46.124] [SEVERE ] removing player 2 token from slot 6
[12:10:46.373] [SEVERE ] updating countdown to 53000
[12:10:46.640] [SEVERE ] player 2 placing token on slot 10
[12:10:46.642] [SEVERE ] setting player 2 freeze to 3000
[12:10:47.384] [SEVERE ] updating countdown to 52000
[12:10:47.650] [SEVERE ] setting player 2 freeze to 2000
[12:10:48.398] [SEVERE ] updating countdown to 51000
[12:10:48.665] [SEVERE ] setting player 2 freeze to 1000
[12:10:49.413] [SEVERE ] updating countdown to 50000
[12:10:49.674] [SEVERE ] setting player 2 freeze to 0
[12:10:50.188] [SEVERE ] removing player 2 token from slot 2
[12:10:50.420] [SEVERE ] updating countdown to 49000
[12:10:50.699] [SEVERE ] player 2 placing token on slot 1
[12:10:50.700] [SEVERE ] setting player 2 freeze to 3000
[12:10:51.432] [SEVERE ] updating countdown to 48000
[12:10:51.712] [SEVERE ] setting player 2 freeze to 2000
[12:10:52.441] [SEVERE ] updating countdown to 47000
[12:10:52.723] [SEVERE ] setting player 2 freeze to 1000
[12:10:53.456] [SEVERE ] updating countdown to 46000
[12:10:53.734] [SEVERE ] setting player 2 freeze to 0
[12:10:54.468] [SEVERE ] updating countdown to 45000
[12:10:55.480] [SEVERE ] updating countdown to 44000
[12:10:56.482] [SEVERE ] updating countdown to 43000
[12:10:57.491] [SEVERE ] updating countdown to 42000
[12:10:58.497] [SEVERE ] updating countdown to 41000
[12:10:59.510] [SEVERE ] updating countdown to 40000
[12:11:00.512] [SEVERE ] updating countdown to 39000
[12:11:01.527] [SEVERE ] updating countdown to 38000
[12:11:02.372] [SEVERE ] key 81 was pressed by player 1
[12:11:02.374] [SEVERE ] player 1 placing token on slot 0
[12:11:02.538] [SEVERE ] updating countdown to 37000
[12:11:03.451] [SEVERE ] key 69 was pressed by player 1
[12:11:03.452] [SEVERE ] player 1 placing token on slot 2
[12:11:03.543] [SEVERE ] updating countdown to 36000
[12:11:04.180] [SEVERE ] key 68 was pressed by player 1
[12:11:04.181] [SEVERE ] player 1 placing token on slot 6
[12:11:04.183] [SEVERE ] setting player 1 score to 1
[12:11:04.183] [SEVERE ] setting player 1 freeze to 1000
[12:11:05.193] [SEVERE ] setting player 1 freeze to 0
[12:11:05.194] [SEVERE ] removing player 1 token from slot 0
[12:11:05.301] [SEVERE ] removing card from slot 0
[12:11:05.302] [SEVERE ] removing player 1 token from slot 2
[12:11:05.411] [SEVERE ] removing card from slot 2
[12:11:05.411] [SEVERE ] removing player 1 token from slot 6
[12:11:05.520] [SEVERE ] removing card from slot 6
[12:11:05.628] [SEVERE ] placing card 77 in slot 0
[12:11:05.738] [SEVERE ] placing card 33 in slot 2
[12:11:05.849] [SEVERE ] placing card 71 in slot 6
[12:11:05.850] [SEVERE ] setting player 2 freeze to 3000
[12:11:06.860] [SEVERE ] setting player 2 freeze to 2000
[12:11:07.873] [SEVERE ] setting player 2 freeze to 1000
[12:11:08.886] [SEVERE ] setting player 2 freeze to 0
[12:11:08.887] [SEVERE ] updating countdown to 35000
[12:11:09.896] [SEVERE ] updating countdown to 34000
[12:11:10.907] [SEVERE ] updating countdown to 33000
[12:11:11.918] [SEVERE ] updating countdown to 32000
[12:11:12.931] [SEVERE ] updating countdown to 31000
[12:11:13.943] [SEVERE ] updating countdown to 30000
[12:11:14.954] [SEVERE ] updating countdown to 29000
[12:11:15.963] [SEVERE ] updating countdown to 28000
[12:11:16.978] [SEVERE ] updating countdown to 27000
[12:11:17.988] [SEVERE ] updating countdown to 26000
[12:11:19.002] [SEVERE ] updating countdown to 25000
[12:11:20.013] [SEVERE ] updating countdown to 24000
[12:11:21.027] [SEVERE ] updating countdown to 23000
[12:11:22.042] [SEVERE ] updating countdown to 22000
[12:11:23.055] [SEVERE ] updating countdown to 21000
[12:11:24.061] [SEVERE ] updating countdown to 20000
[12:11:25.077] [SEVERE ] updating countdown to 19000
[12:11:26.079] [SEVERE ] updating countdown to 18000
[12:11:27.092] [SEVERE ] updating countdown to 17000
[12:11:28.107] [SEVERE ] updating countdown to 16000
[12:11:28.755] [SEVERE ] key 90 was pressed by player 1
[12:11:28.755] [SEVERE ] player 1 placing token on slot 8
[12:11:28.969] [SEVERE ] key 83 was pressed by player 1
[12:11:28.969] [SEVERE ] player 1 placing token on slot 5
[12:11:29.121] [SEVERE ] updating countdown to 15000
[12:11:29.886] [SEVERE ] key 90 was pressed by player 1
[12:11:29.887] [SEVERE ] removing player 1 token from slot 8
[12:11:30.136] [SEVERE ] updating countdown to 14000
[12:11:30.240] [SEVERE ] key 83 was pressed by player 1
[12:11:30.241] [SEVERE ] removing player 1 token from slot 5
[12:11:30.831] [SEVERE ] key 65 was pressed by player 1
[12:11:30.832] [SEVERE ] player 1 placing token on slot 4
[12:11:31.143] [SEVERE ] updating countdown to 13000
[12:11:31.337] [SEVERE ] key 65 was pressed by player 1
[12:11:31.337] [SEVERE ] removing player 1 token from slot 4
[12:11:32.155] [SEVERE ] updating countdown to 12000
[12:11:33.171] [SEVERE ] updating countdown to 11000
[12:11:34.186] [SEVERE ] updating countdown to 10000
[12:11:34.214] [SEVERE ] key 88 was pressed by player 1
[12:11:34.215] [SEVERE ] player 1 placing token on slot 9
[12:11:34.285] [SEVERE ] key 83 was pressed by player 1
[12:11:34.286] [SEVERE ] player 1 placing token on slot 5
[12:11:35.199] [SEVERE ] updating countdown to 9000
[12:11:35.771] [SEVERE ] key 70 was pressed by player 1
[12:11:35.772] [SEVERE ] player 1 placing token on slot 7
[12:11:35.773] [SEVERE ] setting player 1 score to 2
[12:11:35.773] [SEVERE ] setting player 1 freeze to 1000
[12:11:36.785] [SEVERE ] setting player 1 freeze to 0
[12:11:36.785] [SEVERE ] removing player 1 token from slot 9
[12:11:36.893] [SEVERE ] removing card from slot 9
[12:11:36.893] [SEVERE ] removing player 1 token from slot 5
[12:11:37.003] [SEVERE ] removing card from slot 5
[12:11:37.003] [SEVERE ] removing player 1 token from slot 7
[12:11:37.110] [SEVERE ] removing card from slot 7
[12:11:37.220] [SEVERE ] placing card 28 in slot 5
[12:11:37.329] [SEVERE ] placing card 2 in slot 7
[12:11:37.440] [SEVERE ] placing card 63 in slot 9
[12:11:37.440] [SEVERE ] setting player 2 freeze to 3000
[12:11:38.445] [SEVERE ] setting player 2 freeze to 2000
[12:11:39.455] [SEVERE ] setting player 2 freeze to 1000
[12:11:40.468] [SEVERE ] setting player 2 freeze to 0
[12:11:40.468] [SEVERE ] updating countdown to 8000
[12:11:41.484] [SEVERE ] updating countdown to 7000
[12:11:42.498] [SEVERE ] updating countdown to 6000
[12:11:43.510] [SEVERE ] updating countdown to 5000
[12:11:44.523] [SEVERE ] updating countdown to 4000
