[12:34:17.582] [INFO   ] thread main starting.
[12:34:17.599] [SEVERE ] cannot read configuration file config.properties trying from resources.
[12:34:17.603] [SEVERE ] configuration file was loaded from resources directory.
[12:34:18.544] [INFO   ] thread dealer starting.
[12:34:18.546] [INFO   ] thread player 0 starting.
[12:34:18.547] [INFO   ] thread player 1 starting.
[12:34:18.548] [INFO   ] thread dealer starting.
[12:34:18.562] [INFO   ] thread player 1 starting.
[12:34:18.562] [INFO   ] thread player 0 starting.
[12:34:18.677] [SEVERE ] placing card 6 in slot 0
[12:34:18.786] [SEVERE ] placing card 4 in slot 1
[12:34:18.896] [SEVERE ] placing card 18 in slot 2
[12:34:19.004] [SEVERE ] placing card 63 in slot 3
[12:34:19.113] [SEVERE ] placing card 34 in slot 4
[12:34:19.223] [SEVERE ] placing card 35 in slot 5
[12:34:19.333] [SEVERE ] placing card 28 in slot 6
[12:34:19.441] [SEVERE ] placing card 49 in slot 7
[12:34:19.552] [SEVERE ] placing card 25 in slot 8
[12:34:19.660] [SEVERE ] placing card 14 in slot 9
[12:34:19.770] [SEVERE ] placing card 66 in slot 10
[12:34:19.880] [SEVERE ] placing card 79 in slot 11
[12:34:20.897] [SEVERE ] updating countdown to 59000
[12:34:21.541] [SEVERE ] key 81 was pressed by player 1
[12:34:21.541] [SEVERE ] player 1 placing token on slot 0
[12:34:21.689] [SEVERE ] key 87 was pressed by player 1
[12:34:21.690] [SEVERE ] player 1 placing token on slot 1
[12:34:21.858] [SEVERE ] key 83 was pressed by player 1
[12:34:21.858] [SEVERE ] player 1 placing token on slot 5
[12:34:21.861] [SEVERE ] setting player 1 freeze to 3000
[12:34:21.917] [SEVERE ] updating countdown to 58000
[12:34:22.866] [SEVERE ] setting player 1 freeze to 2000
[12:34:22.929] [SEVERE ] updating countdown to 57000
[12:34:23.872] [SEVERE ] setting player 1 freeze to 1000
[12:34:23.937] [SEVERE ] updating countdown to 56000
[12:34:24.889] [SEVERE ] setting player 1 freeze to 0
[12:34:24.952] [SEVERE ] updating countdown to 55000
[12:34:25.403] [SEVERE ] key 83 was pressed by player 1
[12:34:25.404] [SEVERE ] removing player 1 token from slot 5
[12:34:25.595] [SEVERE ] key 87 was pressed by player 1
[12:34:25.595] [SEVERE ] removing player 1 token from slot 1
[12:34:25.823] [SEVERE ] key 81 was pressed by player 1
[12:34:25.823] [SEVERE ] removing player 1 token from slot 0
[12:34:25.959] [SEVERE ] updating countdown to 54000
[12:34:26.965] [SEVERE ] updating countdown to 53000
