[12:39:47.649] [INFO   ] thread main starting.
[12:39:47.681] [SEVERE ] cannot read configuration file config.properties trying from resources.
[12:39:47.689] [SEVERE ] configuration file was loaded from resources directory.
[12:39:48.701] [INFO   ] thread dealer starting.
[12:39:48.728] [INFO   ] thread player 0 starting.
[12:39:48.734] [INFO   ] thread player 1 starting.
[12:39:48.735] [INFO   ] thread dealer starting.
[12:39:48.736] [INFO   ] thread player 0 starting.
[12:39:48.737] [INFO   ] thread player 1 starting.
[12:39:48.866] [SEVERE ] placing card 11 in slot 0
[12:39:48.973] [SEVERE ] placing card 24 in slot 1
[12:39:49.080] [SEVERE ] placing card 17 in slot 2
[12:39:49.188] [SEVERE ] placing card 23 in slot 3
[12:39:49.297] [SEVERE ] placing card 22 in slot 4
[12:39:49.403] [SEVERE ] placing card 56 in slot 5
[12:39:49.514] [SEVERE ] placing card 69 in slot 6
[12:39:49.624] [SEVERE ] placing card 58 in slot 7
[12:39:49.733] [SEVERE ] placing card 28 in slot 8
[12:39:49.841] [SEVERE ] placing card 72 in slot 9
[12:39:49.951] [SEVERE ] placing card 18 in slot 10
[12:39:50.060] [SEVERE ] placing card 51 in slot 11
[12:39:51.084] [SEVERE ] updating countdown to 59000
[12:39:52.104] [SEVERE ] updating countdown to 58000
[12:39:53.117] [SEVERE ] updating countdown to 57000
[12:39:53.194] [SEVERE ] key 81 was pressed by player 1
[12:39:53.196] [SEVERE ] player 1 placing token on slot 0
[12:39:54.029] [SEVERE ] key 70 was pressed by player 1
[12:39:54.029] [SEVERE ] player 1 placing token on slot 7
[12:39:54.132] [SEVERE ] updating countdown to 56000
[12:39:55.049] [SEVERE ] key 86 was pressed by player 1
[12:39:55.050] [SEVERE ] player 1 placing token on slot 11
[12:39:55.148] [SEVERE ] updating countdown to 55000
[12:39:56.160] [SEVERE ] updating countdown to 54000
[12:39:57.172] [SEVERE ] updating countdown to 53000
[12:39:58.187] [SEVERE ] updating countdown to 52000
[12:39:59.200] [SEVERE ] updating countdown to 51000
[12:40:00.210] [SEVERE ] updating countdown to 50000
[12:40:01.229] [SEVERE ] updating countdown to 49000
[12:40:02.239] [SEVERE ] updating countdown to 48000
