[19:57:52.952] [INFO   ] thread main starting.
[19:57:52.963] [SEVERE ] cannot read configuration file config.properties trying from resources.
[19:57:52.965] [SEVERE ] configuration file was loaded from resources directory.
[19:57:53.620] [INFO   ] thread dealer starting.
[19:57:53.622] [INFO   ] thread player 0 starting.
[19:57:53.623] [INFO   ] thread player 1 starting.
[19:57:53.623] [INFO   ] thread dealer starting.
[19:57:53.641] [INFO   ] thread player 1 starting.
[19:57:53.641] [INFO   ] thread player 0 starting.
[19:57:53.765] [SEVERE ] placing card 29 in slot 0
[19:57:53.874] [SEVERE ] placing card 72 in slot 1
[19:57:53.985] [SEVERE ] placing card 52 in slot 2
[19:57:54.093] [SEVERE ] placing card 59 in slot 3
[19:57:54.201] [SEVERE ] placing card 7 in slot 4
[19:57:54.309] [SEVERE ] placing card 20 in slot 5
[19:57:54.419] [SEVERE ] placing card 66 in slot 6
[19:57:54.528] [SEVERE ] placing card 79 in slot 7
[19:57:54.637] [SEVERE ] placing card 26 in slot 8
[19:57:54.748] [SEVERE ] placing card 27 in slot 9
[19:57:54.857] [SEVERE ] placing card 22 in slot 10
[19:57:54.967] [SEVERE ] placing card 10 in slot 11
[19:57:55.987] [SEVERE ] updating countdown to 59000
[19:57:56.997] [SEVERE ] updating countdown to 58000
[19:57:58.009] [SEVERE ] updating countdown to 57000
[19:57:59.023] [SEVERE ] updating countdown to 56000
[19:58:00.027] [SEVERE ] updating countdown to 55000
[19:58:01.039] [SEVERE ] updating countdown to 54000
[19:58:01.681] [SEVERE ] key 47 was pressed by player 2
[19:58:01.682] [SEVERE ] player 2 placing token on slot 11
[19:58:02.053] [SEVERE ] updating countdown to 53000
[19:58:02.132] [SEVERE ] key 67 was pressed by player 1
[19:58:02.132] [SEVERE ] player 1 placing token on slot 10
[19:58:02.489] [SEVERE ] key 67 was pressed by player 1
[19:58:02.490] [SEVERE ] removing player 1 token from slot 10
[19:58:02.671] [SEVERE ] key 86 was pressed by player 1
[19:58:02.672] [SEVERE ] player 1 placing token on slot 11
[19:58:03.066] [SEVERE ] updating countdown to 52000
[19:58:04.080] [SEVERE ] updating countdown to 51000
[19:58:05.090] [SEVERE ] updating countdown to 50000
[19:58:06.097] [SEVERE ] updating countdown to 49000
[19:58:06.161] [SEVERE ] key 85 was pressed by player 2
[19:58:06.161] [SEVERE ] player 2 placing token on slot 0
[19:58:06.415] [SEVERE ] key 85 was pressed by player 2
[19:58:06.415] [SEVERE ] removing player 2 token from slot 0
[19:58:06.729] [SEVERE ] key 87 was pressed by player 1
[19:58:06.729] [SEVERE ] player 1 placing token on slot 1
[19:58:06.993] [SEVERE ] key 73 was pressed by player 2
[19:58:06.995] [SEVERE ] player 2 placing token on slot 1
[19:58:07.102] [SEVERE ] updating countdown to 48000
[19:58:08.109] [SEVERE ] updating countdown to 47000
[19:58:08.405] [SEVERE ] key 85 was pressed by player 2
[19:58:08.407] [SEVERE ] player 2 placing token on slot 0
[19:58:08.640] [SEVERE ] key 81 was pressed by player 1
[19:58:08.640] [SEVERE ] player 1 placing token on slot 0
[19:58:09.121] [SEVERE ] setting player 1 score to 1
[19:58:09.122] [SEVERE ] setting player 1 freeze to 1000
[19:58:09.124] [SEVERE ] updating countdown to 46000
[19:58:10.132] [SEVERE ] setting player 1 freeze to 0
[19:58:10.133] [SEVERE ] setting player 2 score to 1
[19:58:10.135] [SEVERE ] setting player 2 freeze to 1000
[19:58:11.150] [SEVERE ] setting player 2 freeze to 0
[19:58:11.152] [SEVERE ] removing player 1 token from slot 11
[19:58:11.153] [SEVERE ] removing player 2 token from slot 11
[19:58:11.153] [SEVERE ] removing card from slot 11
[19:58:11.260] [SEVERE ] removing player 1 token from slot 1
[19:58:11.260] [SEVERE ] removing player 2 token from slot 1
[19:58:11.261] [SEVERE ] removing card from slot 1
[19:58:11.368] [SEVERE ] removing player 1 token from slot 0
[19:58:11.369] [SEVERE ] removing player 2 token from slot 0
[19:58:11.369] [SEVERE ] removing card from slot 0
[19:58:11.588] [SEVERE ] placing card 53 in slot 0
[19:58:11.697] [SEVERE ] placing card 19 in slot 1
[19:58:11.807] [SEVERE ] placing card 35 in slot 11
[19:58:11.808] [SEVERE ] updating countdown to 60000
