[21:46:59.795] [INFO   ] thread main starting.
[21:46:59.809] [SEVERE ] cannot read configuration file config.properties trying from resources.
[21:46:59.812] [SEVERE ] configuration file was loaded from resources directory.
[21:47:00.512] [INFO   ] thread dealer starting.
[21:47:00.529] [INFO   ] thread player 0 starting.
[21:47:00.533] [INFO   ] thread player 1 starting.
[21:47:00.533] [INFO   ] thread player 0 starting.
[21:47:00.533] [INFO   ] thread dealer starting.
[21:47:00.533] [INFO   ] thread player 1 starting.
[21:47:00.652] [SEVERE ] placing card 8 in slot 0
[21:47:00.760] [SEVERE ] placing card 1 in slot 1
[21:47:00.868] [SEVERE ] placing card 21 in slot 2
[21:47:00.977] [SEVERE ] placing card 57 in slot 3
[21:47:01.086] [SEVERE ] placing card 22 in slot 4
[21:47:01.196] [SEVERE ] placing card 11 in slot 5
[21:47:01.306] [SEVERE ] placing card 66 in slot 6
[21:47:01.414] [SEVERE ] placing card 35 in slot 7
[21:47:01.523] [SEVERE ] placing card 30 in slot 8
[21:47:01.632] [SEVERE ] placing card 74 in slot 9
[21:47:01.741] [SEVERE ] placing card 31 in slot 10
[21:47:01.850] [SEVERE ] placing card 20 in slot 11
[21:47:02.870] [SEVERE ] updating countdown to 59000
[21:47:03.890] [SEVERE ] updating countdown to 58000
[21:47:04.904] [SEVERE ] updating countdown to 57000
[21:47:05.918] [SEVERE ] updating countdown to 56000
[21:47:06.931] [SEVERE ] updating countdown to 55000
[21:47:07.942] [SEVERE ] updating countdown to 54000
[21:47:08.958] [SEVERE ] updating countdown to 53000
[21:47:09.972] [SEVERE ] updating countdown to 52000
[21:47:10.987] [SEVERE ] updating countdown to 51000
[21:47:11.373] [SEVERE ] key 87 was pressed by player 1
[21:47:11.374] [SEVERE ] player 1 placing token on slot 1
[21:47:11.996] [SEVERE ] updating countdown to 50000
[21:47:12.160] [SEVERE ] key 82 was pressed by player 1
[21:47:12.161] [SEVERE ] player 1 placing token on slot 3
[21:47:13.010] [SEVERE ] updating countdown to 49000
[21:47:14.022] [SEVERE ] updating countdown to 48000
[21:47:14.236] [SEVERE ] key 70 was pressed by player 1
[21:47:14.237] [SEVERE ] player 1 placing token on slot 7
[21:47:15.035] [SEVERE ] updating countdown to 47000
[21:47:16.048] [SEVERE ] updating countdown to 46000
[21:47:17.060] [SEVERE ] updating countdown to 45000
[21:47:18.074] [SEVERE ] updating countdown to 44000
[21:47:19.088] [SEVERE ] updating countdown to 43000
