[18:34:54.526] [INFO   ] thread main starting.
[18:34:54.535] [SEVERE ] cannot read configuration file config.properties trying from resources.
[18:34:54.538] [SEVERE ] configuration file was loaded from resources directory.
[18:34:55.087] [INFO   ] thread dealer starting.
[18:34:55.088] [INFO   ] thread player 0 starting.
[18:34:55.088] [INFO   ] thread player 1 starting.
[18:34:55.089] [INFO   ] thread dealer starting.
[18:34:55.089] [INFO   ] thread player 0 starting.
[18:34:55.107] [INFO   ] thread player 1 starting.
[18:34:55.215] [SEVERE ] placing card 67 in slot 0
[18:34:55.323] [SEVERE ] placing card 22 in slot 1
[18:34:55.431] [SEVERE ] placing card 65 in slot 2
[18:34:55.540] [SEVERE ] placing card 38 in slot 3
[18:34:55.649] [SEVERE ] placing card 34 in slot 4
[18:34:55.757] [SEVERE ] placing card 5 in slot 5
[18:34:55.866] [SEVERE ] placing card 68 in slot 6
[18:34:55.976] [SEVERE ] placing card 23 in slot 7
[18:34:55.996] [SEVERE ] key 81 was pressed by player 1
[18:34:56.086] [SEVERE ] placing card 69 in slot 8
[18:34:56.107] [SEVERE ] key 80 was pressed by player 2
[18:34:56.195] [SEVERE ] placing card 9 in slot 9
[18:34:56.276] [SEVERE ] key 79 was pressed by player 2
[18:34:56.303] [SEVERE ] placing card 1 in slot 10
[18:34:56.363] [SEVERE ] key 87 was pressed by player 1
[18:34:56.412] [SEVERE ] placing card 64 in slot 11
[18:34:57.437] [SEVERE ] updating countdown to 59000
[18:34:57.880] [SEVERE ] key 81 was pressed by player 1
[18:34:57.882] [SEVERE ] player 1 placing token on slot 0
[18:34:58.085] [SEVERE ] key 80 was pressed by player 2
[18:34:58.086] [SEVERE ] player 2 placing token on slot 3
[18:34:58.462] [SEVERE ] updating countdown to 58000
[18:34:58.553] [SEVERE ] key 87 was pressed by player 1
[18:34:58.555] [SEVERE ] player 1 placing token on slot 1
[18:34:59.229] [SEVERE ] key 79 was pressed by player 2
[18:34:59.231] [SEVERE ] player 2 placing token on slot 2
[18:34:59.473] [SEVERE ] updating countdown to 57000
[18:35:00.483] [SEVERE ] updating countdown to 56000
[18:35:00.546] [SEVERE ] key 76 was pressed by player 2
[18:35:00.548] [SEVERE ] player 2 placing token on slot 6
[18:35:00.551] [SEVERE ] setting player 2 freeze to 3000
[18:35:01.021] [SEVERE ] key 65 was pressed by player 1
[18:35:01.023] [SEVERE ] player 1 placing token on slot 4
[18:35:01.491] [SEVERE ] updating countdown to 55000
[18:35:01.565] [SEVERE ] setting player 2 freeze to 2000
[18:35:02.501] [SEVERE ] updating countdown to 54000
[18:35:02.574] [SEVERE ] setting player 2 freeze to 1000
[18:35:03.511] [SEVERE ] updating countdown to 53000
[18:35:03.585] [SEVERE ] setting player 2 freeze to 0
[18:35:03.589] [SEVERE ] setting player 1 freeze to 3000
[18:35:04.055] [SEVERE ] key 76 was pressed by player 2
[18:35:04.057] [SEVERE ] removing player 2 token from slot 6
[18:35:04.491] [SEVERE ] key 79 was pressed by player 2
[18:35:04.492] [SEVERE ] removing player 2 token from slot 2
[18:35:04.522] [SEVERE ] updating countdown to 52000
[18:35:04.597] [SEVERE ] setting player 1 freeze to 2000
[18:35:05.084] [SEVERE ] key 80 was pressed by player 2
[18:35:05.085] [SEVERE ] removing player 2 token from slot 3
[18:35:05.533] [SEVERE ] updating countdown to 51000
[18:35:05.606] [SEVERE ] setting player 1 freeze to 1000
[18:35:06.550] [SEVERE ] updating countdown to 50000
[18:35:06.620] [SEVERE ] setting player 1 freeze to 0
[18:35:07.557] [SEVERE ] updating countdown to 49000
[18:35:08.569] [SEVERE ] updating countdown to 48000
[18:35:09.580] [SEVERE ] updating countdown to 47000
