[19:02:17.108] [INFO   ] thread main starting.
[19:02:17.119] [SEVERE ] cannot read configuration file config.properties trying from resources.
[19:02:17.123] [SEVERE ] configuration file was loaded from resources directory.
[19:02:17.729] [INFO   ] thread dealer starting.
[19:02:17.730] [INFO   ] thread player 0 starting.
[19:02:17.732] [INFO   ] thread player 1 starting.
[19:02:17.732] [INFO   ] thread dealer starting.
[19:02:17.732] [INFO   ] thread player 0 starting.
[19:02:17.732] [INFO   ] thread player 1 starting.
[19:02:17.850] [SEVERE ] placing card 17 in slot 0
[19:02:17.958] [SEVERE ] placing card 61 in slot 1
[19:02:18.068] [SEVERE ] placing card 6 in slot 2
[19:02:18.176] [SEVERE ] placing card 23 in slot 3
[19:02:18.285] [SEVERE ] placing card 20 in slot 4
[19:02:18.394] [SEVERE ] placing card 15 in slot 5
[19:02:18.504] [SEVERE ] placing card 50 in slot 6
[19:02:18.613] [SEVERE ] placing card 51 in slot 7
[19:02:18.722] [SEVERE ] placing card 21 in slot 8
[19:02:18.831] [SEVERE ] placing card 38 in slot 9
[19:02:18.941] [SEVERE ] placing card 16 in slot 10
[19:02:19.050] [SEVERE ] placing card 5 in slot 11
[19:02:20.074] [SEVERE ] updating countdown to 59000
[19:02:20.629] [SEVERE ] key 81 was pressed by player 1
[19:02:20.630] [SEVERE ] player 1 placing token on slot 0
[19:02:20.946] [SEVERE ] key 87 was pressed by player 1
[19:02:20.947] [SEVERE ] player 1 placing token on slot 1
[19:02:21.094] [SEVERE ] updating countdown to 58000
[19:02:21.111] [SEVERE ] key 80 was pressed by player 2
[19:02:21.111] [SEVERE ] player 2 placing token on slot 3
[19:02:21.261] [SEVERE ] key 79 was pressed by player 2
[19:02:21.263] [SEVERE ] player 2 placing token on slot 2
[19:02:21.650] [SEVERE ] key 76 was pressed by player 2
[19:02:21.650] [SEVERE ] player 2 placing token on slot 6
[19:02:21.652] [SEVERE ] setting player 2 freeze to 3000
[19:02:21.993] [SEVERE ] key 83 was pressed by player 1
[19:02:21.993] [SEVERE ] player 1 placing token on slot 5
[19:02:21.994] [SEVERE ] setting player 1 freeze to 3000
[19:02:22.109] [SEVERE ] updating countdown to 57000
[19:02:22.665] [SEVERE ] setting player 2 freeze to 2000
[19:02:23.006] [SEVERE ] setting player 1 freeze to 2000
[19:02:23.119] [SEVERE ] updating countdown to 56000
[19:02:23.675] [SEVERE ] setting player 2 freeze to 1000
[19:02:24.017] [SEVERE ] setting player 1 freeze to 1000
[19:02:24.130] [SEVERE ] updating countdown to 55000
[19:02:24.686] [SEVERE ] setting player 2 freeze to 0
[19:02:25.030] [SEVERE ] setting player 1 freeze to 0
[19:02:25.141] [SEVERE ] updating countdown to 54000
[19:02:25.456] [SEVERE ] key 83 was pressed by player 1
[19:02:25.456] [SEVERE ] removing player 1 token from slot 5
[19:02:25.649] [SEVERE ] key 76 was pressed by player 2
[19:02:25.649] [SEVERE ] removing player 2 token from slot 6
[19:02:26.019] [SEVERE ] key 79 was pressed by player 2
[19:02:26.019] [SEVERE ] removing player 2 token from slot 2
[19:02:26.146] [SEVERE ] updating countdown to 53000
[19:02:26.279] [SEVERE ] key 87 was pressed by player 1
[19:02:26.280] [SEVERE ] removing player 1 token from slot 1
[19:02:26.517] [SEVERE ] key 80 was pressed by player 2
[19:02:26.518] [SEVERE ] removing player 2 token from slot 3
[19:02:26.827] [SEVERE ] key 81 was pressed by player 1
[19:02:26.829] [SEVERE ] removing player 1 token from slot 0
[19:02:27.157] [SEVERE ] updating countdown to 52000
[19:02:28.168] [SEVERE ] updating countdown to 51000
[19:02:29.180] [SEVERE ] updating countdown to 50000
[19:02:30.186] [SEVERE ] updating countdown to 49000
[19:02:31.206] [SEVERE ] updating countdown to 48000
[19:02:31.844] [SEVERE ] key 81 was pressed by player 1
[19:02:31.844] [SEVERE ] player 1 placing token on slot 0
[19:02:32.211] [SEVERE ] updating countdown to 47000
[19:02:32.596] [SEVERE ] key 81 was pressed by player 1
[19:02:32.596] [SEVERE ] removing player 1 token from slot 0
[19:02:32.928] [SEVERE ] key 65 was pressed by player 1
[19:02:32.929] [SEVERE ] player 1 placing token on slot 4
[19:02:33.222] [SEVERE ] updating countdown to 46000
[19:02:33.233] [SEVERE ] key 75 was pressed by player 2
[19:02:33.233] [SEVERE ] player 2 placing token on slot 5
[19:02:33.629] [SEVERE ] key 75 was pressed by player 2
[19:02:33.629] [SEVERE ] removing player 2 token from slot 5
[19:02:34.241] [SEVERE ] updating countdown to 45000
[19:02:34.289] [SEVERE ] key 76 was pressed by player 2
[19:02:34.289] [SEVERE ] player 2 placing token on slot 6
[19:02:34.661] [SEVERE ] key 76 was pressed by player 2
[19:02:34.661] [SEVERE ] removing player 2 token from slot 6
[19:02:35.054] [SEVERE ] key 75 was pressed by player 2
[19:02:35.055] [SEVERE ] player 2 placing token on slot 5
[19:02:35.248] [SEVERE ] updating countdown to 44000
[19:02:35.588] [SEVERE ] key 75 was pressed by player 2
[19:02:35.588] [SEVERE ] removing player 2 token from slot 5
[19:02:35.891] [SEVERE ] key 74 was pressed by player 2
[19:02:35.892] [SEVERE ] player 2 placing token on slot 4
[19:02:36.266] [SEVERE ] updating countdown to 43000
[19:02:37.123] [SEVERE ] key 86 was pressed by player 1
[19:02:37.123] [SEVERE ] player 1 placing token on slot 11
[19:02:37.274] [SEVERE ] updating countdown to 42000
[19:02:37.350] [SEVERE ] key 46 was pressed by player 2
[19:02:37.352] [SEVERE ] player 2 placing token on slot 10
[19:02:37.721] [SEVERE ] key 46 was pressed by player 2
[19:02:37.721] [SEVERE ] removing player 2 token from slot 10
[19:02:38.031] [SEVERE ] key 47 was pressed by player 2
[19:02:38.032] [SEVERE ] player 2 placing token on slot 11
[19:02:38.281] [SEVERE ] updating countdown to 41000
[19:02:39.287] [SEVERE ] updating countdown to 40000
[19:02:40.294] [SEVERE ] updating countdown to 39000
[19:02:40.924] [SEVERE ] key 85 was pressed by player 2
[19:02:40.924] [SEVERE ] player 2 placing token on slot 0
[19:02:40.925] [SEVERE ] setting player 2 score to 1
[19:02:40.926] [SEVERE ] setting player 2 freeze to 1000
[19:02:41.153] [SEVERE ] key 81 was pressed by player 1
[19:02:41.153] [SEVERE ] player 1 placing token on slot 0
[19:02:41.299] [SEVERE ] updating countdown to 38000
[19:02:41.934] [SEVERE ] setting player 2 freeze to 0
[19:02:41.935] [SEVERE ] setting player 1 score to 1
[19:02:41.936] [SEVERE ] setting player 1 freeze to 1000
[19:02:42.951] [SEVERE ] setting player 1 freeze to 0
[19:02:42.952] [SEVERE ] removing player 1 token from slot 4
[19:02:42.952] [SEVERE ] removing player 2 token from slot 4
[19:02:42.953] [SEVERE ] removing card from slot 4
[19:02:42.953] [SEVERE ] removing player 1 token from slot 11
[19:02:42.953] [SEVERE ] removing player 2 token from slot 11
[19:02:42.954] [SEVERE ] removing card from slot 11
[19:02:43.059] [SEVERE ] removing player 1 token from slot 0
[19:02:43.059] [SEVERE ] removing player 2 token from slot 0
[19:02:43.060] [SEVERE ] removing card from slot 0
[19:02:43.277] [SEVERE ] placing card 66 in slot 0
[19:02:43.386] [SEVERE ] placing card 40 in slot 4
[19:02:43.495] [SEVERE ] placing card 41 in slot 11
[19:02:43.497] [SEVERE ] updating countdown to 60000
[19:02:44.510] [SEVERE ] updating countdown to 59000
[19:02:45.521] [SEVERE ] updating countdown to 58000
