[19:19:58.443] [INFO   ] thread main starting.
[19:19:58.453] [SEVERE ] cannot read configuration file config.properties trying from resources.
[19:19:58.455] [SEVERE ] configuration file was loaded from resources directory.
[19:19:59.059] [INFO   ] thread dealer starting.
[19:19:59.070] [INFO   ] thread player 0 starting.
[19:19:59.082] [INFO   ] thread player 1 starting.
[19:19:59.083] [INFO   ] thread dealer starting.
[19:19:59.098] [INFO   ] thread player 1 starting.
[19:19:59.098] [INFO   ] thread player 0 starting.
[19:19:59.207] [SEVERE ] placing card 20 in slot 0
[19:19:59.317] [SEVERE ] placing card 6 in slot 1
[19:19:59.427] [SEVERE ] placing card 39 in slot 2
[19:19:59.536] [SEVERE ] placing card 70 in slot 3
[19:19:59.643] [SEVERE ] placing card 29 in slot 4
[19:19:59.751] [SEVERE ] placing card 38 in slot 5
[19:19:59.861] [SEVERE ] placing card 24 in slot 6
[19:19:59.969] [SEVERE ] placing card 7 in slot 7
[19:20:00.078] [SEVERE ] placing card 73 in slot 8
[19:20:00.185] [SEVERE ] placing card 21 in slot 9
[19:20:00.295] [SEVERE ] placing card 34 in slot 10
[19:20:00.403] [SEVERE ] placing card 55 in slot 11
[19:20:01.420] [SEVERE ] updating countdown to 59000
[19:20:02.427] [SEVERE ] updating countdown to 58000
[19:20:03.439] [SEVERE ] updating countdown to 57000
[19:20:04.447] [SEVERE ] updating countdown to 56000
[19:20:05.457] [SEVERE ] updating countdown to 55000
[19:20:05.988] [SEVERE ] key 82 was pressed by player 1
[19:20:05.989] [SEVERE ] player 1 placing token on slot 3
[19:20:06.320] [SEVERE ] key 80 was pressed by player 2
[19:20:06.321] [SEVERE ] player 2 placing token on slot 3
[19:20:06.466] [SEVERE ] updating countdown to 54000
[19:20:07.477] [SEVERE ] updating countdown to 53000
[19:20:08.481] [SEVERE ] updating countdown to 52000
[19:20:09.492] [SEVERE ] updating countdown to 51000
[19:20:10.315] [SEVERE ] key 88 was pressed by player 1
[19:20:10.316] [SEVERE ] player 1 placing token on slot 9
[19:20:10.497] [SEVERE ] updating countdown to 50000
[19:20:11.086] [SEVERE ] key 77 was pressed by player 2
[19:20:11.086] [SEVERE ] player 2 placing token on slot 8
[19:20:11.509] [SEVERE ] updating countdown to 49000
[19:20:11.593] [SEVERE ] key 77 was pressed by player 2
[19:20:11.594] [SEVERE ] removing player 2 token from slot 8
[19:20:11.984] [SEVERE ] key 44 was pressed by player 2
[19:20:11.985] [SEVERE ] player 2 placing token on slot 9
[19:20:12.519] [SEVERE ] updating countdown to 48000
[19:20:13.529] [SEVERE ] updating countdown to 47000
[19:20:14.308] [SEVERE ] key 65 was pressed by player 1
[19:20:14.308] [SEVERE ] player 1 placing token on slot 4
[19:20:14.310] [SEVERE ] setting player 1 score to 1
[19:20:14.312] [SEVERE ] setting player 1 freeze to 1000
[19:20:14.482] [SEVERE ] key 74 was pressed by player 2
[19:20:14.482] [SEVERE ] player 2 placing token on slot 4
[19:20:15.326] [SEVERE ] setting player 1 freeze to 0
[19:20:15.327] [SEVERE ] setting player 2 score to 1
[19:20:15.328] [SEVERE ] setting player 2 freeze to 1000
[19:20:16.339] [SEVERE ] setting player 2 freeze to 0
[19:20:16.340] [SEVERE ] removing player 1 token from slot 3
[19:20:16.340] [SEVERE ] removing player 2 token from slot 3
[19:20:16.342] [SEVERE ] removing card from slot 3
[19:20:16.343] [SEVERE ] removing player 1 token from slot 9
[19:20:16.343] [SEVERE ] removing player 2 token from slot 9
[19:20:16.344] [SEVERE ] removing card from slot 9
[19:20:16.449] [SEVERE ] removing player 1 token from slot 4
[19:20:16.449] [SEVERE ] removing player 2 token from slot 4
[19:20:16.450] [SEVERE ] removing card from slot 4
[19:20:16.666] [SEVERE ] placing card 37 in slot 3
[19:20:16.776] [SEVERE ] placing card 48 in slot 4
[19:20:16.885] [SEVERE ] placing card 75 in slot 9
[19:20:16.886] [SEVERE ] updating countdown to 60000
[19:20:17.888] [SEVERE ] updating countdown to 59000
[19:20:18.903] [SEVERE ] updating countdown to 58000
