[12:00:30.606] [INFO   ] thread main starting.
[12:00:30.629] [SEVERE ] cannot read configuration file config.properties trying from resources.
[12:00:30.635] [SEVERE ] configuration file was loaded from resources directory.
[12:00:31.494] [INFO   ] thread dealer starting.
[12:00:31.495] [INFO   ] thread player 0 starting.
[12:00:31.496] [INFO   ] thread player 1 starting.
[12:00:31.496] [INFO   ] thread dealer starting.
[12:00:31.518] [INFO   ] thread player 0 starting.
[12:00:31.518] [INFO   ] thread player 1 starting.
[12:00:31.642] [SEVERE ] placing card 60 in slot 0
[12:00:31.752] [SEVERE ] placing card 35 in slot 1
[12:00:31.861] [SEVERE ] placing card 34 in slot 2
[12:00:31.968] [SEVERE ] placing card 19 in slot 3
[12:00:32.078] [SEVERE ] placing card 71 in slot 4
[12:00:32.187] [SEVERE ] placing card 77 in slot 5
[12:00:32.296] [SEVERE ] placing card 64 in slot 6
[12:00:32.406] [SEVERE ] placing card 57 in slot 7
[12:00:32.515] [SEVERE ] placing card 6 in slot 8
[12:00:32.624] [SEVERE ] placing card 33 in slot 9
[12:00:32.732] [SEVERE ] placing card 62 in slot 10
[12:00:32.841] [SEVERE ] placing card 5 in slot 11
[12:00:33.873] [SEVERE ] updating countdown to 59000
[12:00:34.892] [SEVERE ] updating countdown to 58000
[12:00:35.908] [SEVERE ] updating countdown to 57000
[12:00:36.924] [SEVERE ] updating countdown to 56000
[12:00:37.937] [SEVERE ] updating countdown to 55000
[12:00:38.951] [SEVERE ] updating countdown to 54000
[12:00:39.322] [SEVERE ] key 81 was pressed by player 1
[12:00:39.323] [SEVERE ] player 1 placing token on slot 0
[12:00:39.471] [SEVERE ] key 85 was pressed by player 2
[12:00:39.472] [SEVERE ] player 2 placing token on slot 0
[12:00:39.870] [SEVERE ] key 81 was pressed by player 1
[12:00:39.871] [SEVERE ] removing player 1 token from slot 0
[12:00:39.966] [SEVERE ] updating countdown to 53000
[12:00:40.114] [SEVERE ] key 85 was pressed by player 2
[12:00:40.114] [SEVERE ] removing player 2 token from slot 0
[12:00:40.975] [SEVERE ] updating countdown to 52000
[12:00:41.989] [SEVERE ] updating countdown to 51000
[12:00:43.002] [SEVERE ] updating countdown to 50000
[12:00:43.318] [SEVERE ] key 88 was pressed by player 1
[12:00:43.319] [SEVERE ] player 1 placing token on slot 9
[12:00:44.007] [SEVERE ] updating countdown to 49000
[12:00:44.570] [SEVERE ] key 90 was pressed by player 1
[12:00:44.570] [SEVERE ] player 1 placing token on slot 8
[12:00:45.023] [SEVERE ] updating countdown to 48000
[12:00:46.035] [SEVERE ] updating countdown to 47000
[12:00:46.229] [SEVERE ] key 77 was pressed by player 2
[12:00:46.230] [SEVERE ] player 2 placing token on slot 8
[12:00:46.562] [SEVERE ] key 44 was pressed by player 2
[12:00:46.562] [SEVERE ] player 2 placing token on slot 9
[12:00:47.052] [SEVERE ] updating countdown to 46000
[12:00:48.065] [SEVERE ] updating countdown to 45000
[12:00:49.077] [SEVERE ] updating countdown to 44000
[12:00:50.089] [SEVERE ] updating countdown to 43000
[12:00:51.096] [SEVERE ] updating countdown to 42000
[12:00:52.107] [SEVERE ] updating countdown to 41000
[12:00:53.123] [SEVERE ] updating countdown to 40000
[12:00:53.576] [SEVERE ] key 85 was pressed by player 2
[12:00:53.577] [SEVERE ] player 2 placing token on slot 0
[12:00:53.580] [SEVERE ] setting player 2 score to 1
[12:00:53.581] [SEVERE ] setting player 2 freeze to 1000
[12:00:53.703] [SEVERE ] key 81 was pressed by player 1
[12:00:53.704] [SEVERE ] player 1 placing token on slot 0
[12:00:54.139] [SEVERE ] updating countdown to 39000
[12:00:54.586] [SEVERE ] setting player 2 freeze to 0
[12:00:54.587] [SEVERE ] removing player 1 token from slot 9
[12:00:54.587] [SEVERE ] removing player 2 token from slot 9
[12:00:54.590] [SEVERE ] removing player 1 token from slot 8
[12:00:54.590] [SEVERE ] removing player 2 token from slot 8
[12:00:54.696] [SEVERE ] removing card from slot 8
[12:00:54.696] [SEVERE ] removing player 1 token from slot 0
[12:00:54.697] [SEVERE ] removing player 2 token from slot 0
[12:00:54.804] [SEVERE ] removing card from slot 0
[12:00:54.913] [SEVERE ] placing card 16 in slot 0
[12:00:55.023] [SEVERE ] placing card 21 in slot 8
[12:00:56.039] [SEVERE ] updating countdown to 38000
[12:00:57.054] [SEVERE ] updating countdown to 37000
[12:00:58.064] [SEVERE ] updating countdown to 36000
[12:00:59.079] [SEVERE ] updating countdown to 35000
[12:01:00.090] [SEVERE ] updating countdown to 34000
[12:01:01.103] [SEVERE ] updating countdown to 33000
[12:01:02.112] [SEVERE ] updating countdown to 32000
[12:01:03.123] [SEVERE ] updating countdown to 31000
[12:01:04.133] [SEVERE ] updating countdown to 30000
[12:01:05.149] [SEVERE ] updating countdown to 29000
[12:01:06.164] [SEVERE ] updating countdown to 28000
[12:01:07.173] [SEVERE ] updating countdown to 27000
[12:01:07.365] [SEVERE ] key 87 was pressed by player 1
[12:01:07.798] [SEVERE ] key 69 was pressed by player 1
[12:01:08.187] [SEVERE ] updating countdown to 26000
[12:01:08.798] [SEVERE ] key 88 was pressed by player 1
[12:01:09.195] [SEVERE ] updating countdown to 25000
[12:01:10.191] [SEVERE ] key 88 was pressed by player 1
[12:01:10.209] [SEVERE ] updating countdown to 24000
[12:01:10.494] [SEVERE ] key 83 was pressed by player 1
[12:01:10.908] [SEVERE ] key 69 was pressed by player 1
[12:01:11.222] [SEVERE ] updating countdown to 23000
[12:01:11.251] [SEVERE ] key 81 was pressed by player 1
[12:01:11.463] [SEVERE ] key 87 was pressed by player 1
[12:01:11.712] [SEVERE ] key 69 was pressed by player 1
[12:01:11.985] [SEVERE ] key 68 was pressed by player 1
[12:01:12.238] [SEVERE ] updating countdown to 22000
[12:01:12.324] [SEVERE ] key 83 was pressed by player 1
[12:01:12.638] [SEVERE ] key 87 was pressed by player 1
[12:01:12.869] [SEVERE ] key 87 was pressed by player 1
[12:01:13.069] [SEVERE ] key 69 was pressed by player 1
[12:01:13.243] [SEVERE ] updating countdown to 21000
[12:01:13.278] [SEVERE ] key 69 was pressed by player 1
[12:01:13.532] [SEVERE ] key 68 was pressed by player 1
[12:01:13.811] [SEVERE ] key 83 was pressed by player 1
[12:01:14.100] [SEVERE ] key 83 was pressed by player 1
[12:01:14.254] [SEVERE ] updating countdown to 20000
[12:01:14.919] [SEVERE ] key 81 was pressed by player 1
[12:01:15.269] [SEVERE ] updating countdown to 19000
[12:01:15.318] [SEVERE ] key 87 was pressed by player 1
[12:01:15.767] [SEVERE ] key 83 was pressed by player 1
[12:01:16.285] [SEVERE ] updating countdown to 18000
[12:01:16.540] [SEVERE ] key 65 was pressed by player 1
[12:01:17.295] [SEVERE ] updating countdown to 17000
[12:01:17.573] [SEVERE ] key 83 was pressed by player 1
[12:01:18.038] [SEVERE ] key 87 was pressed by player 1
[12:01:18.307] [SEVERE ] updating countdown to 16000
[12:01:18.441] [SEVERE ] key 81 was pressed by player 1
[12:01:18.886] [SEVERE ] key 87 was pressed by player 1
[12:01:19.319] [SEVERE ] updating countdown to 15000
[12:01:20.333] [SEVERE ] updating countdown to 14000
[12:01:21.344] [SEVERE ] updating countdown to 13000
[12:01:22.356] [SEVERE ] updating countdown to 12000
[12:01:23.369] [SEVERE ] updating countdown to 11000
[12:01:24.384] [SEVERE ] updating countdown to 10000
[12:01:25.394] [SEVERE ] updating countdown to 9000
[12:01:26.410] [SEVERE ] updating countdown to 8000
[12:01:27.423] [SEVERE ] updating countdown to 7000
[12:01:28.433] [SEVERE ] updating countdown to 6000
[12:01:29.442] [SEVERE ] updating countdown to 5000
[12:01:30.452] [SEVERE ] updating countdown to 4000
[12:01:31.465] [SEVERE ] updating countdown to 3000
[12:01:32.475] [SEVERE ] updating countdown to 2000
[12:01:33.483] [SEVERE ] updating countdown to 1000
[12:01:34.496] [SEVERE ] updating countdown to 0
[12:01:35.620] [SEVERE ] removing card from slot 0
[12:01:35.728] [SEVERE ] removing card from slot 1
[12:01:35.837] [SEVERE ] removing card from slot 2
[12:01:35.946] [SEVERE ] removing card from slot 3
[12:01:36.057] [SEVERE ] removing card from slot 4
[12:01:36.168] [SEVERE ] removing card from slot 5
[12:01:36.277] [SEVERE ] removing card from slot 6
[12:01:36.386] [SEVERE ] removing card from slot 7
[12:01:36.497] [SEVERE ] removing card from slot 8
[12:01:36.607] [SEVERE ] removing card from slot 9
[12:01:36.714] [SEVERE ] removing card from slot 10
[12:01:36.824] [SEVERE ] removing card from slot 11
[12:01:36.934] [SEVERE ] placing card 68 in slot 0
[12:01:37.044] [SEVERE ] placing card 37 in slot 1
[12:01:37.160] [SEVERE ] placing card 39 in slot 2
[12:01:37.275] [SEVERE ] placing card 32 in slot 3
[12:01:37.385] [SEVERE ] placing card 49 in slot 4
[12:01:37.496] [SEVERE ] placing card 67 in slot 5
[12:01:37.604] [SEVERE ] placing card 56 in slot 6
[12:01:37.713] [SEVERE ] placing card 63 in slot 7
[12:01:37.821] [SEVERE ] placing card 73 in slot 8
