[11:41:16.938] [INFO   ] thread main starting.
[11:41:16.963] [SEVERE ] cannot read configuration file config.properties trying from resources.
[11:41:16.968] [SEVERE ] configuration file was loaded from resources directory.
[11:41:17.792] [INFO   ] thread dealer starting.
[11:41:17.792] [INFO   ] thread player 0 starting.
[11:41:17.794] [INFO   ] thread player 1 starting.
[11:41:17.794] [INFO   ] thread player 0 starting.
[11:41:17.795] [INFO   ] thread dealer starting.
[11:41:17.795] [INFO   ] thread player 1 starting.
[11:41:17.917] [SEVERE ] placing card 40 in slot 0
[11:41:18.028] [SEVERE ] placing card 77 in slot 1
[11:41:18.137] [SEVERE ] placing card 62 in slot 2
[11:41:18.246] [SEVERE ] placing card 53 in slot 3
[11:41:18.355] [SEVERE ] placing card 18 in slot 4
[11:41:18.464] [SEVERE ] placing card 66 in slot 5
[11:41:18.573] [SEVERE ] placing card 32 in slot 6
[11:41:18.681] [SEVERE ] placing card 41 in slot 7
[11:41:18.789] [SEVERE ] placing card 21 in slot 8
[11:41:18.897] [SEVERE ] placing card 0 in slot 9
[11:41:19.006] [SEVERE ] placing card 2 in slot 10
[11:41:19.116] [SEVERE ] placing card 46 in slot 11
[11:41:20.134] [SEVERE ] updating countdown to 59000
[11:41:21.142] [SEVERE ] updating countdown to 58000
[11:41:22.158] [SEVERE ] updating countdown to 57000
[11:41:23.170] [SEVERE ] updating countdown to 56000
[11:41:23.919] [SEVERE ] key 81 was pressed by player 1
[11:41:23.920] [SEVERE ] player 1 placing token on slot 0
[11:41:24.182] [SEVERE ] updating countdown to 55000
[11:41:24.227] [SEVERE ] key 69 was pressed by player 1
[11:41:24.228] [SEVERE ] player 1 placing token on slot 2
[11:41:25.020] [SEVERE ] key 65 was pressed by player 1
[11:41:25.021] [SEVERE ] player 1 placing token on slot 4
[11:41:25.025] [SEVERE ] setting player 1 score to 1
[11:41:25.026] [SEVERE ] setting player 1 freeze to 1000
[11:41:25.197] [SEVERE ] updating countdown to 54000
[11:41:26.038] [SEVERE ] setting player 1 freeze to 0
[11:41:26.040] [SEVERE ] removing player 1 token from slot 0
[11:41:26.042] [SEVERE ] removing player 1 token from slot 2
[11:41:26.147] [SEVERE ] removing card from slot 2
[11:41:26.147] [SEVERE ] removing player 1 token from slot 4
[11:41:26.257] [SEVERE ] removing card from slot 4
[11:41:26.366] [SEVERE ] placing card 11 in slot 2
[11:41:26.473] [SEVERE ] placing card 54 in slot 4
[11:41:27.489] [SEVERE ] updating countdown to 60000
[11:41:28.506] [SEVERE ] updating countdown to 59000
[11:41:29.517] [SEVERE ] updating countdown to 58000
[11:41:30.527] [SEVERE ] updating countdown to 57000
[11:41:31.540] [SEVERE ] updating countdown to 56000
[11:41:32.555] [SEVERE ] updating countdown to 55000
[11:41:33.570] [SEVERE ] updating countdown to 54000
[11:41:34.315] [SEVERE ] key 69 was pressed by player 1
[11:41:34.315] [SEVERE ] player 1 placing token on slot 2
[11:41:34.585] [SEVERE ] updating countdown to 53000
[11:41:34.874] [SEVERE ] key 65 was pressed by player 1
[11:41:34.874] [SEVERE ] player 1 placing token on slot 4
[11:41:35.599] [SEVERE ] updating countdown to 52000
[11:41:36.613] [SEVERE ] updating countdown to 51000
[11:41:37.627] [SEVERE ] updating countdown to 50000
[11:41:37.847] [SEVERE ] key 86 was pressed by player 1
[11:41:37.848] [SEVERE ] player 1 placing token on slot 11
[11:41:37.853] [SEVERE ] setting player 1 score to 2
[11:41:37.854] [SEVERE ] setting player 1 freeze to 1000
[11:41:38.642] [SEVERE ] updating countdown to 49000
[11:41:38.859] [SEVERE ] setting player 1 freeze to 0
[11:41:38.861] [SEVERE ] removing player 1 token from slot 2
[11:41:38.862] [SEVERE ] removing player 1 token from slot 4
[11:41:38.968] [SEVERE ] removing card from slot 4
[11:41:38.968] [SEVERE ] removing player 1 token from slot 11
[11:41:39.077] [SEVERE ] removing card from slot 11
[11:41:39.186] [SEVERE ] placing card 68 in slot 4
[11:41:39.295] [SEVERE ] placing card 51 in slot 11
[11:41:40.302] [SEVERE ] updating countdown to 60000
[11:41:41.319] [SEVERE ] updating countdown to 59000
[11:41:42.335] [SEVERE ] updating countdown to 58000
[11:41:43.338] [SEVERE ] updating countdown to 57000
[11:41:44.356] [SEVERE ] updating countdown to 56000
[11:41:45.370] [SEVERE ] updating countdown to 55000
[11:41:46.377] [SEVERE ] updating countdown to 54000
[11:41:47.389] [SEVERE ] updating countdown to 53000
[11:41:48.405] [SEVERE ] updating countdown to 52000
[11:41:49.419] [SEVERE ] updating countdown to 51000
[11:41:50.433] [SEVERE ] updating countdown to 50000
[11:41:51.439] [SEVERE ] updating countdown to 49000
[11:41:52.457] [SEVERE ] updating countdown to 48000
[11:41:53.472] [SEVERE ] updating countdown to 47000
[11:41:54.481] [SEVERE ] updating countdown to 46000
[11:41:55.495] [SEVERE ] updating countdown to 45000
[11:41:56.511] [SEVERE ] updating countdown to 44000
[11:41:57.515] [SEVERE ] updating countdown to 43000
[11:41:58.518] [SEVERE ] updating countdown to 42000
[11:41:59.532] [SEVERE ] updating countdown to 41000
[11:42:00.544] [SEVERE ] updating countdown to 40000
[11:42:01.561] [SEVERE ] updating countdown to 39000
[11:42:02.283] [SEVERE ] key 82 was pressed by player 1
[11:42:02.284] [SEVERE ] player 1 placing token on slot 3
[11:42:02.573] [SEVERE ] updating countdown to 38000
[11:42:03.279] [SEVERE ] key 65 was pressed by player 1
[11:42:03.279] [SEVERE ] player 1 placing token on slot 4
[11:42:03.588] [SEVERE ] updating countdown to 37000
[11:42:04.219] [SEVERE ] key 86 was pressed by player 1
[11:42:04.219] [SEVERE ] player 1 placing token on slot 11
[11:42:04.221] [SEVERE ] setting player 1 freeze to 3000
[11:42:04.603] [SEVERE ] updating countdown to 36000
[11:42:05.224] [SEVERE ] setting player 1 freeze to 2000
[11:42:06.239] [SEVERE ] setting player 1 freeze to 1000
[11:42:07.252] [SEVERE ] setting player 1 freeze to 0
[11:42:08.269] [SEVERE ] updating countdown to 35000
[11:42:09.284] [SEVERE ] updating countdown to 34000
[11:42:10.295] [SEVERE ] updating countdown to 33000
[11:42:11.307] [SEVERE ] updating countdown to 32000
[11:42:11.312] [SEVERE ] key 86 was pressed by player 1
[11:42:11.312] [SEVERE ] removing player 1 token from slot 11
[11:42:11.757] [SEVERE ] key 67 was pressed by player 1
[11:42:11.758] [SEVERE ] player 1 placing token on slot 10
[11:42:11.761] [SEVERE ] setting player 1 score to 3
[11:42:11.761] [SEVERE ] setting player 1 freeze to 1000
[11:42:12.323] [SEVERE ] updating countdown to 31000
[11:42:12.773] [SEVERE ] setting player 1 freeze to 0
[11:42:12.774] [SEVERE ] removing player 1 token from slot 3
[11:42:12.775] [SEVERE ] removing player 1 token from slot 4
[11:42:12.881] [SEVERE ] removing card from slot 4
[11:42:12.881] [SEVERE ] removing player 1 token from slot 10
[11:42:12.992] [SEVERE ] removing card from slot 10
[11:42:13.102] [SEVERE ] placing card 14 in slot 4
[11:42:13.209] [SEVERE ] placing card 65 in slot 10
[11:42:14.222] [SEVERE ] updating countdown to 60000
[11:42:15.235] [SEVERE ] updating countdown to 59000
