[11:12:14.292] [INFO   ] thread main starting.
[11:12:14.302] [SEVERE ] cannot read configuration file config.properties trying from resources.
[11:12:14.305] [SEVERE ] configuration file was loaded from resources directory.
[11:12:15.064] [INFO   ] thread dealer starting.
[11:12:15.064] [INFO   ] thread player 0 starting.
[11:12:15.064] [INFO   ] thread player 1 starting.
[11:12:15.064] [INFO   ] thread player 0 starting.
[11:12:15.064] [INFO   ] thread dealer starting.
[11:12:15.064] [INFO   ] thread player 1 starting.
[11:12:15.192] [SEVERE ] placing card 36 in slot 0
[11:12:15.295] [SEVERE ] placing card 52 in slot 1
[11:12:15.400] [SEVERE ] placing card 40 in slot 2
[11:12:15.512] [SEVERE ] placing card 65 in slot 3
[11:12:15.624] [SEVERE ] placing card 61 in slot 4
[11:12:15.736] [SEVERE ] placing card 29 in slot 5
[11:12:15.848] [SEVERE ] placing card 26 in slot 6
[11:12:15.958] [SEVERE ] placing card 58 in slot 7
[11:12:16.069] [SEVERE ] placing card 32 in slot 8
[11:12:16.181] [SEVERE ] placing card 22 in slot 9
[11:12:16.293] [SEVERE ] placing card 9 in slot 10
[11:12:16.404] [SEVERE ] placing card 20 in slot 11
[11:12:18.354] [SEVERE ] key 80 was pressed by player 2
[11:12:18.546] [SEVERE ] key 79 was pressed by player 2
[11:12:26.439] [SEVERE ] updating countdown to 59000
[11:12:31.773] [SEVERE ] key 69 was pressed by player 1
[11:12:31.773] [SEVERE ] player 1 placing token on slot 2
[11:12:32.202] [SEVERE ] key 69 was pressed by player 1
[11:12:32.202] [SEVERE ] removing player 1 token from slot 2
[11:12:32.402] [SEVERE ] key 82 was pressed by player 1
[11:12:32.402] [SEVERE ] player 1 placing token on slot 3
[11:12:35.923] [SEVERE ] key 83 was pressed by player 1
[11:12:35.923] [SEVERE ] player 1 placing token on slot 5
[11:12:36.283] [SEVERE ] key 83 was pressed by player 1
[11:12:36.283] [SEVERE ] removing player 1 token from slot 5
[11:12:36.468] [SEVERE ] updating countdown to 58000
[11:12:36.475] [SEVERE ] key 68 was pressed by player 1
[11:12:36.476] [SEVERE ] player 1 placing token on slot 6
[11:12:38.793] [SEVERE ] key 90 was pressed by player 1
[11:12:38.793] [SEVERE ] player 1 placing token on slot 8
[11:12:38.799] [SEVERE ] setting player 1 score to 1
[11:12:38.799] [SEVERE ] setting player 1 freeze to 1000
[11:12:39.817] [SEVERE ] setting player 1 freeze to 0
[11:12:39.817] [SEVERE ] removing player 1 token from slot 3
[11:12:39.922] [SEVERE ] removing card from slot 3
[11:12:39.922] [SEVERE ] removing player 1 token from slot 6
[11:12:40.029] [SEVERE ] removing card from slot 6
[11:12:40.029] [SEVERE ] removing player 1 token from slot 8
[11:12:40.141] [SEVERE ] removing card from slot 8
[11:12:40.253] [SEVERE ] placing card 35 in slot 3
[11:12:40.364] [SEVERE ] placing card 77 in slot 6
[11:12:40.476] [SEVERE ] placing card 13 in slot 8
[11:12:40.476] [SEVERE ] updating countdown to 60000
