[10:48:23.370] [INFO   ] thread main starting.
[10:48:23.378] [SEVERE ] cannot read configuration file config.properties trying from resources.
[10:48:23.384] [SEVERE ] configuration file was loaded from resources directory.
[10:48:24.352] [INFO   ] thread dealer starting.
[10:48:24.354] [INFO   ] thread player 0 starting.
[10:48:24.354] [INFO   ] thread player 1 starting.
[10:48:24.354] [INFO   ] thread player 0 starting.
[10:48:24.354] [INFO   ] thread dealer starting.
[10:48:24.354] [INFO   ] thread player 1 starting.
[10:48:24.474] [SEVERE ] placing card 55 in slot 0
[10:48:24.585] [SEVERE ] placing card 27 in slot 1
[10:48:24.693] [SEVERE ] placing card 69 in slot 2
[10:48:24.802] [SEVERE ] placing card 24 in slot 3
[10:48:24.904] [SEVERE ] placing card 48 in slot 4
[10:48:25.006] [SEVERE ] placing card 34 in slot 5
[10:48:25.116] [SEVERE ] placing card 11 in slot 6
[10:48:25.231] [SEVERE ] placing card 75 in slot 7
[10:48:25.339] [SEVERE ] placing card 46 in slot 8
[10:48:25.448] [SEVERE ] placing card 0 in slot 9
[10:48:25.524] [SEVERE ] key 68 was pressed by player 1
[10:48:25.549] [SEVERE ] placing card 65 in slot 10
[10:48:25.614] [SEVERE ] key 75 was pressed by player 2
[10:48:25.662] [SEVERE ] placing card 37 in slot 11
[10:48:25.694] [SEVERE ] key 76 was pressed by player 2
[10:48:25.778] [SEVERE ] key 83 was pressed by player 1
[10:48:26.689] [SEVERE ] updating countdown to 59000
[10:48:27.712] [SEVERE ] updating countdown to 58000
[10:48:28.730] [SEVERE ] updating countdown to 57000
[10:48:29.737] [SEVERE ] updating countdown to 56000
[10:48:30.744] [SEVERE ] updating countdown to 55000
[10:48:31.762] [SEVERE ] updating countdown to 54000
[10:48:32.774] [SEVERE ] updating countdown to 53000
[10:48:33.784] [SEVERE ] updating countdown to 52000
[10:48:34.645] [SEVERE ] key 69 was pressed by player 1
[10:48:34.645] [SEVERE ] player 1 placing token on slot 2
[10:48:34.790] [SEVERE ] updating countdown to 51000
[10:48:35.797] [SEVERE ] updating countdown to 50000
[10:48:36.192] [SEVERE ] key 65 was pressed by player 1
[10:48:36.194] [SEVERE ] player 1 placing token on slot 4
[10:48:36.804] [SEVERE ] updating countdown to 49000
[10:48:37.814] [SEVERE ] updating countdown to 48000
[10:48:38.525] [SEVERE ] key 65 was pressed by player 1
[10:48:38.525] [SEVERE ] removing player 1 token from slot 4
[10:48:38.824] [SEVERE ] updating countdown to 47000
[10:48:39.837] [SEVERE ] updating countdown to 46000
[10:48:40.852] [SEVERE ] updating countdown to 45000
[10:48:41.854] [SEVERE ] updating countdown to 44000
[10:48:42.589] [SEVERE ] key 88 was pressed by player 1
[10:48:42.589] [SEVERE ] player 1 placing token on slot 9
[10:48:42.866] [SEVERE ] updating countdown to 43000
[10:48:43.060] [SEVERE ] key 88 was pressed by player 1
[10:48:43.060] [SEVERE ] removing player 1 token from slot 9
[10:48:43.804] [SEVERE ] key 88 was pressed by player 1
[10:48:43.804] [SEVERE ] player 1 placing token on slot 9
[10:48:43.872] [SEVERE ] updating countdown to 42000
[10:48:44.295] [SEVERE ] key 88 was pressed by player 1
[10:48:44.295] [SEVERE ] removing player 1 token from slot 9
[10:48:44.882] [SEVERE ] updating countdown to 41000
[10:48:45.884] [SEVERE ] updating countdown to 40000
[10:48:45.949] [SEVERE ] key 65 was pressed by player 1
[10:48:45.954] [SEVERE ] player 1 placing token on slot 4
[10:48:46.907] [SEVERE ] updating countdown to 39000
[10:48:47.918] [SEVERE ] updating countdown to 38000
[10:48:48.931] [SEVERE ] updating countdown to 37000
[10:48:49.952] [SEVERE ] updating countdown to 36000
[10:48:50.964] [SEVERE ] updating countdown to 35000
[10:48:51.978] [SEVERE ] updating countdown to 34000
[10:48:52.986] [SEVERE ] updating countdown to 33000
[10:48:53.994] [SEVERE ] updating countdown to 32000
[10:48:54.196] [SEVERE ] key 74 was pressed by player 2
[10:48:54.196] [SEVERE ] player 2 placing token on slot 4
[10:48:54.773] [SEVERE ] key 74 was pressed by player 2
[10:48:54.773] [SEVERE ] removing player 2 token from slot 4
[10:48:55.004] [SEVERE ] updating countdown to 31000
[10:48:56.007] [SEVERE ] updating countdown to 30000
[10:48:56.795] [SEVERE ] key 75 was pressed by player 2
[10:48:56.795] [SEVERE ] player 2 placing token on slot 5
[10:48:57.023] [SEVERE ] updating countdown to 29000
[10:48:57.254] [SEVERE ] key 76 was pressed by player 2
[10:48:57.254] [SEVERE ] player 2 placing token on slot 6
[10:48:58.038] [SEVERE ] updating countdown to 28000
[10:48:59.048] [SEVERE ] updating countdown to 27000
[10:48:59.460] [SEVERE ] key 88 was pressed by player 1
[10:48:59.460] [SEVERE ] player 1 placing token on slot 9
[10:48:59.534] [SEVERE ] key 59 was pressed by player 2
[10:48:59.535] [SEVERE ] player 2 placing token on slot 7
[10:49:00.060] [SEVERE ] setting player 1 score to 1
[10:49:00.060] [SEVERE ] setting player 1 freeze to 1000
[10:49:00.064] [SEVERE ] updating countdown to 26000
[10:49:00.064] [SEVERE ] removing player 1 token from slot 2
[10:49:00.177] [SEVERE ] removing card from slot 2
[10:49:00.177] [SEVERE ] removing player 1 token from slot 4
[10:49:00.284] [SEVERE ] removing card from slot 4
[10:49:00.284] [SEVERE ] removing player 1 token from slot 9
[10:49:00.394] [SEVERE ] removing card from slot 9
[10:49:00.503] [SEVERE ] placing card 8 in slot 2
[10:49:00.611] [SEVERE ] placing card 19 in slot 4
[10:49:00.716] [SEVERE ] placing card 54 in slot 9
[10:49:00.717] [SEVERE ] removing player 2 token from slot 5
[10:49:00.821] [SEVERE ] removing card from slot 5
[10:49:00.821] [SEVERE ] removing player 2 token from slot 6
[10:49:00.933] [SEVERE ] removing card from slot 6
[10:49:00.933] [SEVERE ] removing player 2 token from slot 7
[10:49:01.034] [SEVERE ] removing card from slot 7
[10:49:01.068] [SEVERE ] setting player 1 freeze to 0
[10:49:01.143] [SEVERE ] placing card 59 in slot 5
[10:49:01.248] [SEVERE ] placing card 63 in slot 6
[10:49:01.351] [SEVERE ] placing card 29 in slot 7
[10:49:02.366] [SEVERE ] updating countdown to 60000
[10:49:03.377] [SEVERE ] updating countdown to 59000
[10:49:04.769] [SEVERE ] updating countdown to 58000
