[20:25:00.379] [INFO   ] thread main starting.
[20:25:00.388] [SEVERE ] cannot read configuration file config.properties trying from resources.
[20:25:00.392] [SEVERE ] configuration file was loaded from resources directory.
[20:25:01.026] [INFO   ] thread dealer starting.
[20:25:01.027] [INFO   ] thread player 0 starting.
[20:25:01.028] [INFO   ] thread player 1 starting.
[20:25:01.028] [INFO   ] thread dealer starting.
[20:25:01.031] [INFO   ] thread player 0 starting.
[20:25:01.031] [INFO   ] thread player 1 starting.
[20:25:01.146] [SEVERE ] placing card 79 in slot 0
[20:25:01.254] [SEVERE ] placing card 60 in slot 1
[20:25:01.363] [SEVERE ] placing card 75 in slot 2
[20:25:01.472] [SEVERE ] placing card 49 in slot 3
[20:25:01.580] [SEVERE ] placing card 9 in slot 4
[20:25:01.689] [SEVERE ] placing card 78 in slot 5
[20:25:01.799] [SEVERE ] placing card 77 in slot 6
[20:25:01.907] [SEVERE ] placing card 64 in slot 7
[20:25:02.016] [SEVERE ] placing card 61 in slot 8
[20:25:02.124] [SEVERE ] placing card 63 in slot 9
[20:25:02.234] [SEVERE ] placing card 26 in slot 10
[20:25:02.341] [SEVERE ] placing card 34 in slot 11
[20:25:03.367] [SEVERE ] updating countdown to 59000
[20:25:03.829] [SEVERE ] key 81 was pressed by player 1
[20:25:03.829] [SEVERE ] player 1 placing token on slot 0
[20:25:03.972] [SEVERE ] key 87 was pressed by player 1
[20:25:03.972] [SEVERE ] player 1 placing token on slot 1
[20:25:04.040] [SEVERE ] key 80 was pressed by player 2
[20:25:04.041] [SEVERE ] player 2 placing token on slot 3
[20:25:04.110] [SEVERE ] key 79 was pressed by player 2
[20:25:04.111] [SEVERE ] player 2 placing token on slot 2
[20:25:04.233] [SEVERE ] key 83 was pressed by player 1
[20:25:04.233] [SEVERE ] player 1 placing token on slot 5
[20:25:04.235] [SEVERE ] setting player 1 freeze to 3000
[20:25:04.386] [SEVERE ] updating countdown to 58000
[20:25:04.546] [SEVERE ] key 75 was pressed by player 2
[20:25:04.546] [SEVERE ] player 2 placing token on slot 5
[20:25:04.547] [SEVERE ] setting player 2 freeze to 3000
[20:25:05.237] [SEVERE ] setting player 1 freeze to 2000
[20:25:05.397] [SEVERE ] updating countdown to 57000
[20:25:05.550] [SEVERE ] setting player 2 freeze to 2000
[20:25:06.238] [SEVERE ] setting player 1 freeze to 1000
[20:25:06.410] [SEVERE ] updating countdown to 56000
[20:25:06.561] [SEVERE ] setting player 2 freeze to 1000
[20:25:07.245] [SEVERE ] setting player 1 freeze to 0
[20:25:07.421] [SEVERE ] updating countdown to 55000
[20:25:07.574] [SEVERE ] setting player 2 freeze to 0
[20:25:08.434] [SEVERE ] updating countdown to 54000
[20:25:09.443] [SEVERE ] updating countdown to 53000
[20:25:10.452] [SEVERE ] updating countdown to 52000
[20:25:11.458] [SEVERE ] updating countdown to 51000
[20:25:12.471] [SEVERE ] updating countdown to 50000
[20:25:12.605] [SEVERE ] key 81 was pressed by player 1
[20:25:12.606] [SEVERE ] removing player 1 token from slot 0
[20:25:12.770] [SEVERE ] key 87 was pressed by player 1
[20:25:12.770] [SEVERE ] removing player 1 token from slot 1
[20:25:12.831] [SEVERE ] key 80 was pressed by player 2
[20:25:12.831] [SEVERE ] removing player 2 token from slot 3
[20:25:12.903] [SEVERE ] key 79 was pressed by player 2
[20:25:12.904] [SEVERE ] removing player 2 token from slot 2
[20:25:13.032] [SEVERE ] key 83 was pressed by player 1
[20:25:13.032] [SEVERE ] removing player 1 token from slot 5
[20:25:13.187] [SEVERE ] key 76 was pressed by player 2
[20:25:13.189] [SEVERE ] player 2 placing token on slot 6
[20:25:13.484] [SEVERE ] updating countdown to 49000
[20:25:13.704] [SEVERE ] key 83 was pressed by player 1
[20:25:13.705] [SEVERE ] player 1 placing token on slot 5
[20:25:13.879] [SEVERE ] key 76 was pressed by player 2
[20:25:13.879] [SEVERE ] removing player 2 token from slot 6
[20:25:14.306] [SEVERE ] key 75 was pressed by player 2
[20:25:14.308] [SEVERE ] removing player 2 token from slot 5
[20:25:14.493] [SEVERE ] updating countdown to 48000
[20:25:14.650] [SEVERE ] key 75 was pressed by player 2
[20:25:14.650] [SEVERE ] player 2 placing token on slot 5
[20:25:15.015] [SEVERE ] key 75 was pressed by player 2
[20:25:15.016] [SEVERE ] removing player 2 token from slot 5
[20:25:15.237] [SEVERE ] key 83 was pressed by player 1
[20:25:15.238] [SEVERE ] removing player 1 token from slot 5
[20:25:15.504] [SEVERE ] updating countdown to 47000
[20:25:16.516] [SEVERE ] updating countdown to 46000
[20:25:17.527] [SEVERE ] updating countdown to 45000
[20:25:18.536] [SEVERE ] updating countdown to 44000
[20:25:19.548] [SEVERE ] updating countdown to 43000
[20:25:20.555] [SEVERE ] updating countdown to 42000
[20:25:21.566] [SEVERE ] updating countdown to 41000
[20:25:22.580] [SEVERE ] updating countdown to 40000
[20:25:23.593] [SEVERE ] updating countdown to 39000
[20:25:24.603] [SEVERE ] updating countdown to 38000
[20:25:25.614] [SEVERE ] updating countdown to 37000
[20:25:26.622] [SEVERE ] updating countdown to 36000
[20:25:27.627] [SEVERE ] updating countdown to 35000
[20:25:28.634] [SEVERE ] updating countdown to 34000
[20:25:29.652] [SEVERE ] updating countdown to 33000
[20:25:30.661] [SEVERE ] updating countdown to 32000
[20:25:31.673] [SEVERE ] updating countdown to 31000
[20:25:32.682] [SEVERE ] updating countdown to 30000
[20:25:33.686] [SEVERE ] updating countdown to 29000
[20:25:34.695] [SEVERE ] updating countdown to 28000
[20:25:35.709] [SEVERE ] updating countdown to 27000
[20:25:36.298] [SEVERE ] key 69 was pressed by player 1
[20:25:36.299] [SEVERE ] player 1 placing token on slot 2
[20:25:36.683] [SEVERE ] key 73 was pressed by player 2
[20:25:36.683] [SEVERE ] player 2 placing token on slot 1
[20:25:36.720] [SEVERE ] updating countdown to 26000
[20:25:37.047] [SEVERE ] key 73 was pressed by player 2
[20:25:37.047] [SEVERE ] removing player 2 token from slot 1
[20:25:37.311] [SEVERE ] key 79 was pressed by player 2
[20:25:37.312] [SEVERE ] player 2 placing token on slot 2
[20:25:37.727] [SEVERE ] updating countdown to 25000
[20:25:38.736] [SEVERE ] updating countdown to 24000
[20:25:39.750] [SEVERE ] updating countdown to 23000
[20:25:40.761] [SEVERE ] updating countdown to 22000
