[18:33:28.005] [INFO   ] thread main starting.
[18:33:28.012] [SEVERE ] cannot read configuration file config.properties trying from resources.
[18:33:28.015] [SEVERE ] configuration file was loaded from resources directory.
[18:33:28.652] [INFO   ] thread dealer starting.
[18:33:28.661] [INFO   ] thread player 0 starting.
[18:33:28.662] [INFO   ] thread player 1 starting.
[18:33:28.672] [INFO   ] thread dealer starting.
[18:33:28.673] [INFO   ] thread player 0 starting.
[18:33:28.675] [INFO   ] thread player 1 starting.
[18:33:28.788] [SEVERE ] placing card 15 in slot 0
[18:33:28.889] [SEVERE ] placing card 18 in slot 1
[18:33:29.005] [SEVERE ] placing card 70 in slot 2
[18:33:29.106] [SEVERE ] placing card 19 in slot 3
[18:33:29.207] [SEVERE ] placing card 3 in slot 4
[18:33:29.322] [SEVERE ] placing card 38 in slot 5
[18:33:29.423] [SEVERE ] placing card 30 in slot 6
[18:33:29.536] [SEVERE ] placing card 75 in slot 7
[18:33:29.638] [SEVERE ] placing card 20 in slot 8
[18:33:29.749] [SEVERE ] placing card 47 in slot 9
[18:33:29.861] [SEVERE ] placing card 40 in slot 10
[18:33:29.973] [SEVERE ] placing card 48 in slot 11
[18:33:30.985] [SEVERE ] updating countdown to 59000
[18:33:31.425] [SEVERE ] key 81 was pressed by player 1
[18:33:31.425] [SEVERE ] player 1 placing token on slot 0
[18:33:31.715] [SEVERE ] key 87 was pressed by player 1
[18:33:31.725] [SEVERE ] player 1 placing token on slot 1
[18:33:32.005] [SEVERE ] updating countdown to 58000
[18:33:32.347] [SEVERE ] key 80 was pressed by player 2
[18:33:32.347] [SEVERE ] player 2 placing token on slot 3
[18:33:32.616] [SEVERE ] key 79 was pressed by player 2
[18:33:32.616] [SEVERE ] player 2 placing token on slot 2
[18:33:33.009] [SEVERE ] updating countdown to 57000
[18:33:33.815] [SEVERE ] key 76 was pressed by player 2
[18:33:33.815] [SEVERE ] player 2 placing token on slot 6
[18:33:33.815] [SEVERE ] setting player 2 freeze to 3000
[18:33:34.018] [SEVERE ] updating countdown to 56000
[18:33:34.525] [SEVERE ] key 65 was pressed by player 1
[18:33:34.531] [SEVERE ] player 1 placing token on slot 4
[18:33:34.815] [SEVERE ] setting player 2 freeze to 2000
[18:33:35.039] [SEVERE ] updating countdown to 55000
[18:33:35.829] [SEVERE ] setting player 2 freeze to 1000
[18:33:36.055] [SEVERE ] updating countdown to 54000
[18:33:36.843] [SEVERE ] setting player 2 freeze to 0
[18:33:36.847] [SEVERE ] setting player 1 score to 1
[18:33:36.847] [SEVERE ] setting player 1 freeze to 1000
[18:33:37.067] [SEVERE ] updating countdown to 53000
[18:33:37.859] [SEVERE ] setting player 1 freeze to 0
[18:33:37.861] [SEVERE ] removing player 1 token from slot 0
[18:33:37.861] [SEVERE ] removing card from slot 0
[18:33:37.972] [SEVERE ] removing player 1 token from slot 1
[18:33:37.972] [SEVERE ] removing card from slot 1
[18:33:38.085] [SEVERE ] removing player 1 token from slot 4
[18:33:38.085] [SEVERE ] removing card from slot 4
[18:33:38.301] [SEVERE ] placing card 21 in slot 0
[18:33:38.412] [SEVERE ] placing card 31 in slot 1
[18:33:38.525] [SEVERE ] placing card 54 in slot 4
[18:33:38.525] [SEVERE ] updating countdown to 60000
[18:33:39.517] [SEVERE ] key 65 was pressed by player 1
[18:33:39.517] [SEVERE ] player 1 placing token on slot 4
[18:33:39.537] [SEVERE ] updating countdown to 59000
[18:33:39.725] [SEVERE ] key 81 was pressed by player 1
[18:33:39.725] [SEVERE ] player 1 placing token on slot 0
[18:33:40.285] [SEVERE ] key 87 was pressed by player 1
[18:33:40.285] [SEVERE ] player 1 placing token on slot 1
[18:33:40.285] [SEVERE ] setting player 1 freeze to 3000
[18:33:40.549] [SEVERE ] updating countdown to 58000
[18:33:41.295] [SEVERE ] setting player 1 freeze to 2000
[18:33:41.505] [SEVERE ] key 76 was pressed by player 2
[18:33:41.505] [SEVERE ] removing player 2 token from slot 6
[18:33:41.557] [SEVERE ] updating countdown to 57000
[18:33:42.305] [SEVERE ] key 79 was pressed by player 2
[18:33:42.310] [SEVERE ] setting player 1 freeze to 1000
[18:33:42.567] [SEVERE ] updating countdown to 56000
[18:33:43.318] [SEVERE ] setting player 1 freeze to 0
[18:33:43.319] [SEVERE ] removing player 2 token from slot 2
[18:33:43.572] [SEVERE ] updating countdown to 55000
