[11:55:29.152] [INFO   ] thread main starting.
[11:55:29.168] [SEVERE ] cannot read configuration file config.properties trying from resources.
[11:55:29.172] [SEVERE ] configuration file was loaded from resources directory.
[11:55:30.084] [INFO   ] thread dealer starting.
[11:55:30.085] [INFO   ] thread player 0 starting.
[11:55:30.086] [INFO   ] thread player 1 starting.
[11:55:30.087] [INFO   ] thread dealer starting.
[11:55:30.110] [INFO   ] thread player 1 starting.
[11:55:30.110] [INFO   ] thread player 0 starting.
[11:55:30.221] [SEVERE ] placing card 45 in slot 0
[11:55:30.329] [SEVERE ] placing card 62 in slot 1
[11:55:30.439] [SEVERE ] placing card 21 in slot 2
[11:55:30.548] [SEVERE ] placing card 36 in slot 3
[11:55:30.657] [SEVERE ] placing card 9 in slot 4
[11:55:30.764] [SEVERE ] placing card 64 in slot 5
[11:55:30.873] [SEVERE ] placing card 1 in slot 6
[11:55:30.981] [SEVERE ] placing card 78 in slot 7
[11:55:31.090] [SEVERE ] placing card 13 in slot 8
[11:55:31.200] [SEVERE ] placing card 75 in slot 9
[11:55:31.309] [SEVERE ] placing card 52 in slot 10
[11:55:31.418] [SEVERE ] placing card 2 in slot 11
[11:55:32.437] [SEVERE ] updating countdown to 59000
[11:55:33.455] [SEVERE ] updating countdown to 58000
[11:55:34.472] [SEVERE ] updating countdown to 57000
[11:55:35.480] [SEVERE ] updating countdown to 56000
[11:55:36.493] [SEVERE ] updating countdown to 55000
[11:55:37.355] [SEVERE ] key 81 was pressed by player 1
[11:55:37.355] [SEVERE ] player 1 placing token on slot 0
[11:55:37.506] [SEVERE ] updating countdown to 54000
[11:55:37.596] [SEVERE ] key 85 was pressed by player 2
[11:55:37.597] [SEVERE ] player 2 placing token on slot 0
[11:55:38.135] [SEVERE ] key 81 was pressed by player 1
[11:55:38.136] [SEVERE ] removing player 1 token from slot 0
[11:55:38.397] [SEVERE ] key 85 was pressed by player 2
[11:55:38.398] [SEVERE ] removing player 2 token from slot 0
[11:55:38.518] [SEVERE ] updating countdown to 53000
[11:55:39.200] [SEVERE ] key 69 was pressed by player 1
[11:55:39.201] [SEVERE ] player 1 placing token on slot 2
[11:55:39.532] [SEVERE ] updating countdown to 52000
[11:55:40.543] [SEVERE ] key 85 was pressed by player 2
[11:55:40.544] [SEVERE ] player 2 placing token on slot 0
[11:55:40.547] [SEVERE ] updating countdown to 51000
[11:55:40.842] [SEVERE ] key 85 was pressed by player 2
[11:55:40.842] [SEVERE ] removing player 2 token from slot 0
[11:55:41.474] [SEVERE ] key 80 was pressed by player 2
[11:55:41.475] [SEVERE ] player 2 placing token on slot 3
[11:55:41.562] [SEVERE ] updating countdown to 50000
[11:55:41.859] [SEVERE ] key 80 was pressed by player 2
[11:55:41.860] [SEVERE ] removing player 2 token from slot 3
[11:55:42.006] [SEVERE ] key 79 was pressed by player 2
[11:55:42.007] [SEVERE ] player 2 placing token on slot 2
[11:55:42.573] [SEVERE ] updating countdown to 49000
[11:55:43.586] [SEVERE ] updating countdown to 48000
[11:55:44.012] [SEVERE ] key 70 was pressed by player 1
[11:55:44.013] [SEVERE ] player 1 placing token on slot 7
[11:55:44.429] [SEVERE ] key 59 was pressed by player 2
[11:55:44.430] [SEVERE ] player 2 placing token on slot 7
[11:55:44.598] [SEVERE ] updating countdown to 47000
[11:55:45.609] [SEVERE ] updating countdown to 46000
[11:55:46.626] [SEVERE ] updating countdown to 45000
[11:55:47.642] [SEVERE ] updating countdown to 44000
[11:55:47.842] [SEVERE ] key 85 was pressed by player 2
[11:55:47.843] [SEVERE ] player 2 placing token on slot 0
[11:55:47.846] [SEVERE ] setting player 2 score to 1
[11:55:47.846] [SEVERE ] setting player 2 freeze to 1000
[11:55:48.070] [SEVERE ] key 81 was pressed by player 1
[11:55:48.071] [SEVERE ] player 1 placing token on slot 0
[11:55:48.659] [SEVERE ] updating countdown to 43000
[11:55:48.857] [SEVERE ] setting player 2 freeze to 0
[11:55:48.858] [SEVERE ] removing player 1 token from slot 2
[11:55:48.859] [SEVERE ] removing player 2 token from slot 2
[11:55:48.860] [SEVERE ] removing player 1 token from slot 7
[11:55:48.861] [SEVERE ] setting player 1 freeze to 3000
[11:55:48.861] [SEVERE ] removing player 2 token from slot 7
[11:55:48.966] [SEVERE ] removing card from slot 7
[11:55:48.966] [SEVERE ] removing player 1 token from slot 0
[11:55:48.967] [SEVERE ] removing player 2 token from slot 0
[11:55:49.073] [SEVERE ] removing card from slot 0
[11:55:49.181] [SEVERE ] placing card 57 in slot 0
[11:55:49.290] [SEVERE ] placing card 34 in slot 7
[11:55:49.865] [SEVERE ] setting player 1 freeze to 2000
[11:55:50.301] [SEVERE ] updating countdown to 42000
[11:55:50.873] [SEVERE ] setting player 1 freeze to 1000
[11:55:51.310] [SEVERE ] updating countdown to 41000
[11:55:51.888] [SEVERE ] setting player 1 freeze to 0
[11:55:52.325] [SEVERE ] updating countdown to 40000
[11:55:53.337] [SEVERE ] updating countdown to 39000
[11:55:54.351] [SEVERE ] updating countdown to 38000
[11:55:55.362] [SEVERE ] updating countdown to 37000
[11:55:56.373] [SEVERE ] updating countdown to 36000
[11:55:57.387] [SEVERE ] updating countdown to 35000
[11:55:58.395] [SEVERE ] updating countdown to 34000
[11:55:59.408] [SEVERE ] updating countdown to 33000
[11:56:00.422] [SEVERE ] updating countdown to 32000
[11:56:01.436] [SEVERE ] updating countdown to 31000
[11:56:02.453] [SEVERE ] updating countdown to 30000
[11:56:03.468] [SEVERE ] updating countdown to 29000
[11:56:04.478] [SEVERE ] updating countdown to 28000
[11:56:05.492] [SEVERE ] updating countdown to 27000
[11:56:06.504] [SEVERE ] updating countdown to 26000
[11:56:07.519] [SEVERE ] updating countdown to 25000
[11:56:08.532] [SEVERE ] updating countdown to 24000
[11:56:09.544] [SEVERE ] updating countdown to 23000
[11:56:10.552] [SEVERE ] updating countdown to 22000
[11:56:11.569] [SEVERE ] updating countdown to 21000
[11:56:12.581] [SEVERE ] updating countdown to 20000
[11:56:13.598] [SEVERE ] updating countdown to 19000
[11:56:14.609] [SEVERE ] updating countdown to 18000
[11:56:15.621] [SEVERE ] updating countdown to 17000
[11:56:16.637] [SEVERE ] updating countdown to 16000
[11:56:17.650] [SEVERE ] updating countdown to 15000
[11:56:18.663] [SEVERE ] updating countdown to 14000
