[22:28:14.990] [INFO   ] thread main starting.
[22:28:15.001] [SEVERE ] cannot read configuration file config.properties trying from resources.
[22:28:15.004] [SEVERE ] configuration file was loaded from resources directory.
[22:28:15.560] [INFO   ] thread dealer starting.
[22:28:15.570] [INFO   ] thread player 0 starting.
[22:28:15.572] [INFO   ] thread player 1 starting.
[22:28:15.573] [INFO   ] thread player 0 starting.
[22:28:15.573] [INFO   ] thread dealer starting.
[22:28:15.573] [INFO   ] thread player 1 starting.
[22:28:15.700] [SEVERE ] placing card 22 in slot 0
[22:28:15.814] [SEVERE ] placing card 28 in slot 1
[22:28:15.930] [SEVERE ] placing card 68 in slot 2
[22:28:16.046] [SEVERE ] placing card 4 in slot 3
[22:28:16.158] [SEVERE ] placing card 58 in slot 4
[22:28:16.267] [SEVERE ] placing card 35 in slot 5
[22:28:16.382] [SEVERE ] placing card 69 in slot 6
[22:28:16.490] [SEVERE ] placing card 63 in slot 7
[22:28:16.601] [SEVERE ] placing card 79 in slot 8
[22:28:16.701] [SEVERE ] placing card 72 in slot 9
[22:28:16.802] [SEVERE ] placing card 52 in slot 10
[22:28:16.917] [SEVERE ] placing card 47 in slot 11
[22:28:17.942] [SEVERE ] updating countdown to 59000
[22:28:18.958] [SEVERE ] updating countdown to 58000
[22:28:19.975] [SEVERE ] updating countdown to 57000
[22:28:20.990] [SEVERE ] updating countdown to 56000
[22:28:22.003] [SEVERE ] updating countdown to 55000
[22:28:23.019] [SEVERE ] updating countdown to 54000
[22:28:24.034] [SEVERE ] updating countdown to 53000
[22:28:24.124] [SEVERE ] key 68 was pressed by player 1
[22:28:24.125] [SEVERE ] player 1 placing token on slot 6
[22:28:24.943] [SEVERE ] key 75 was pressed by player 2
[22:28:24.944] [SEVERE ] player 2 placing token on slot 5
[22:28:25.051] [SEVERE ] updating countdown to 52000
[22:28:25.360] [SEVERE ] key 75 was pressed by player 2
[22:28:25.360] [SEVERE ] removing player 2 token from slot 5
[22:28:25.559] [SEVERE ] key 76 was pressed by player 2
[22:28:25.559] [SEVERE ] player 2 placing token on slot 6
[22:28:26.074] [SEVERE ] updating countdown to 51000
[22:28:26.840] [SEVERE ] key 68 was pressed by player 1
[22:28:26.841] [SEVERE ] removing player 1 token from slot 6
[22:28:27.060] [SEVERE ] key 76 was pressed by player 2
[22:28:27.060] [SEVERE ] removing player 2 token from slot 6
[22:28:27.089] [SEVERE ] updating countdown to 50000
[22:28:27.730] [SEVERE ] key 83 was pressed by player 1
[22:28:27.731] [SEVERE ] player 1 placing token on slot 5
[22:28:27.990] [SEVERE ] key 75 was pressed by player 2
[22:28:27.991] [SEVERE ] player 2 placing token on slot 5
[22:28:28.094] [SEVERE ] updating countdown to 49000
[22:28:29.100] [SEVERE ] key 70 was pressed by player 1
[22:28:29.100] [SEVERE ] updating countdown to 48000
[22:28:29.102] [SEVERE ] player 1 placing token on slot 7
[22:28:29.354] [SEVERE ] key 59 was pressed by player 2
[22:28:29.355] [SEVERE ] player 2 placing token on slot 7
[22:28:30.121] [SEVERE ] updating countdown to 47000
[22:28:30.988] [SEVERE ] key 81 was pressed by player 1
[22:28:30.989] [SEVERE ] player 1 placing token on slot 0
[22:28:31.033] [SEVERE ] key 85 was pressed by player 2
[22:28:31.033] [SEVERE ] player 2 placing token on slot 0
[22:28:31.128] [SEVERE ] updating countdown to 46000
[22:28:32.138] [SEVERE ] updating countdown to 45000
[22:28:33.148] [SEVERE ] updating countdown to 44000
[22:28:34.173] [SEVERE ] updating countdown to 43000
[22:29:04.088] [SEVERE ] setting player 1 score to 1
[22:29:04.102] [SEVERE ] setting player 1 freeze to 1000
[22:29:05.120] [SEVERE ] setting player 1 freeze to 0
