[19:28:06.654] [INFO   ] thread main starting.
[19:28:06.664] [SEVERE ] cannot read configuration file config.properties trying from resources.
[19:28:06.667] [SEVERE ] configuration file was loaded from resources directory.
[19:28:07.336] [INFO   ] thread dealer starting.
[19:28:07.356] [INFO   ] thread player 0 starting.
[19:28:07.359] [INFO   ] thread player 1 starting.
[19:28:07.366] [INFO   ] thread player 0 starting.
[19:28:07.366] [INFO   ] thread dealer starting.
[19:28:07.367] [INFO   ] thread player 1 starting.
[19:28:07.491] [SEVERE ] placing card 46 in slot 0
[19:28:07.598] [SEVERE ] placing card 42 in slot 1
[19:28:07.707] [SEVERE ] placing card 69 in slot 2
[19:28:07.815] [SEVERE ] placing card 29 in slot 3
[19:28:07.924] [SEVERE ] placing card 33 in slot 4
[19:28:08.034] [SEVERE ] placing card 79 in slot 5
[19:28:08.143] [SEVERE ] placing card 78 in slot 6
[19:28:08.251] [SEVERE ] placing card 17 in slot 7
[19:28:08.358] [SEVERE ] placing card 27 in slot 8
[19:28:08.467] [SEVERE ] placing card 67 in slot 9
[19:28:08.577] [SEVERE ] placing card 6 in slot 10
[19:28:08.688] [SEVERE ] placing card 8 in slot 11
[19:28:09.704] [SEVERE ] updating countdown to 59000
[19:28:10.088] [SEVERE ] key 81 was pressed by player 1
[19:28:10.088] [SEVERE ] player 1 placing token on slot 0
[19:28:10.188] [SEVERE ] key 80 was pressed by player 2
[19:28:10.188] [SEVERE ] player 2 placing token on slot 3
[19:28:10.317] [SEVERE ] key 79 was pressed by player 2
[19:28:10.317] [SEVERE ] player 2 placing token on slot 2
[19:28:10.391] [SEVERE ] key 87 was pressed by player 1
[19:28:10.391] [SEVERE ] player 1 placing token on slot 1
[19:28:10.600] [SEVERE ] key 76 was pressed by player 2
[19:28:10.600] [SEVERE ] player 2 placing token on slot 6
[19:28:10.601] [SEVERE ] setting player 2 freeze to 3000
[19:28:10.712] [SEVERE ] updating countdown to 58000
[19:28:10.762] [SEVERE ] key 83 was pressed by player 1
[19:28:10.763] [SEVERE ] player 1 placing token on slot 5
[19:28:10.764] [SEVERE ] setting player 1 freeze to 3000
[19:28:11.613] [SEVERE ] setting player 2 freeze to 2000
[19:28:11.723] [SEVERE ] updating countdown to 57000
[19:28:11.767] [SEVERE ] setting player 1 freeze to 2000
[19:28:12.620] [SEVERE ] setting player 2 freeze to 1000
[19:28:12.731] [SEVERE ] updating countdown to 56000
[19:28:12.776] [SEVERE ] setting player 1 freeze to 1000
[19:28:13.634] [SEVERE ] setting player 2 freeze to 0
[19:28:13.746] [SEVERE ] updating countdown to 55000
[19:28:13.791] [SEVERE ] setting player 1 freeze to 0
[19:28:14.081] [SEVERE ] key 83 was pressed by player 1
[19:28:14.081] [SEVERE ] removing player 1 token from slot 5
[19:28:14.290] [SEVERE ] key 87 was pressed by player 1
[19:28:14.290] [SEVERE ] removing player 1 token from slot 1
[19:28:14.527] [SEVERE ] key 81 was pressed by player 1
[19:28:14.528] [SEVERE ] removing player 1 token from slot 0
[19:28:14.762] [SEVERE ] updating countdown to 54000
[19:28:14.862] [SEVERE ] key 80 was pressed by player 2
[19:28:14.862] [SEVERE ] removing player 2 token from slot 3
[19:28:15.082] [SEVERE ] key 79 was pressed by player 2
[19:28:15.084] [SEVERE ] removing player 2 token from slot 2
[19:28:15.531] [SEVERE ] key 75 was pressed by player 2
[19:28:15.532] [SEVERE ] player 2 placing token on slot 5
[19:28:15.769] [SEVERE ] updating countdown to 53000
[19:28:16.467] [SEVERE ] key 75 was pressed by player 2
[19:28:16.469] [SEVERE ] removing player 2 token from slot 5
[19:28:16.737] [SEVERE ] key 76 was pressed by player 2
[19:28:16.737] [SEVERE ] removing player 2 token from slot 6
[19:28:16.781] [SEVERE ] updating countdown to 52000
[19:28:17.792] [SEVERE ] updating countdown to 51000
[19:28:18.804] [SEVERE ] updating countdown to 50000
[19:28:19.817] [SEVERE ] updating countdown to 49000
[19:28:20.826] [SEVERE ] updating countdown to 48000
[19:28:21.273] [SEVERE ] key 83 was pressed by player 1
[19:28:21.273] [SEVERE ] player 1 placing token on slot 5
[19:28:21.688] [SEVERE ] key 75 was pressed by player 2
[19:28:21.688] [SEVERE ] player 2 placing token on slot 5
[19:28:21.837] [SEVERE ] updating countdown to 47000
[19:28:22.847] [SEVERE ] updating countdown to 46000
[19:28:23.527] [SEVERE ] key 70 was pressed by player 1
[19:28:23.527] [SEVERE ] player 1 placing token on slot 7
[19:28:23.862] [SEVERE ] updating countdown to 45000
[19:28:23.867] [SEVERE ] key 59 was pressed by player 2
[19:28:23.868] [SEVERE ] player 2 placing token on slot 7
[19:28:24.871] [SEVERE ] updating countdown to 44000
[19:28:25.381] [SEVERE ] key 74 was pressed by player 2
[19:28:25.381] [SEVERE ] player 2 placing token on slot 4
[19:28:25.382] [SEVERE ] setting player 2 score to 1
[19:28:25.383] [SEVERE ] setting player 2 freeze to 1000
[19:28:25.667] [SEVERE ] key 65 was pressed by player 1
[19:28:25.667] [SEVERE ] player 1 placing token on slot 4
[19:28:26.394] [SEVERE ] setting player 2 freeze to 0
[19:28:26.395] [SEVERE ] setting player 1 score to 1
[19:28:26.396] [SEVERE ] setting player 1 freeze to 1000
[19:28:27.409] [SEVERE ] setting player 1 freeze to 0
[19:28:27.410] [SEVERE ] removing player 1 token from slot 5
[19:28:27.411] [SEVERE ] removing player 2 token from slot 5
[19:28:27.412] [SEVERE ] removing card from slot 5
[19:28:27.413] [SEVERE ] removing player 1 token from slot 7
[19:28:27.413] [SEVERE ] removing player 2 token from slot 7
[19:28:27.413] [SEVERE ] removing card from slot 7
[19:28:27.516] [SEVERE ] removing player 1 token from slot 4
[19:28:27.516] [SEVERE ] removing player 2 token from slot 4
[19:28:27.517] [SEVERE ] removing card from slot 4
[19:28:27.734] [SEVERE ] placing card 77 in slot 4
[19:28:27.844] [SEVERE ] placing card 76 in slot 5
[19:28:27.952] [SEVERE ] placing card 50 in slot 7
[19:28:27.953] [SEVERE ] updating countdown to 60000
[19:28:28.964] [SEVERE ] updating countdown to 59000
