[10:35:21.465] [INFO   ] thread main starting.
[10:35:21.480] [SEVERE ] cannot read configuration file config.properties trying from resources.
[10:35:21.484] [SEVERE ] configuration file was loaded from resources directory.
[10:35:22.125] [INFO   ] thread dealer starting.
[10:35:22.139] [INFO   ] thread player 0 starting.
[10:35:22.139] [INFO   ] thread player 1 starting.
[10:35:22.185] [INFO   ] thread player 0 starting.
[10:35:22.185] [INFO   ] thread dealer starting.
[10:35:22.192] [INFO   ] thread player 1 starting.
[10:35:22.310] [SEVERE ] placing card 50 in slot 0
[10:35:22.421] [SEVERE ] placing card 43 in slot 1
[10:35:22.533] [SEVERE ] placing card 54 in slot 2
[10:35:22.645] [SEVERE ] placing card 64 in slot 3
[10:35:22.756] [SEVERE ] placing card 35 in slot 4
[10:35:22.868] [SEVERE ] placing card 30 in slot 5
[10:35:22.979] [SEVERE ] placing card 69 in slot 6
[10:35:23.091] [SEVERE ] placing card 72 in slot 7
[10:35:23.202] [SEVERE ] placing card 28 in slot 8
[10:35:23.305] [SEVERE ] placing card 19 in slot 9
[10:35:23.416] [SEVERE ] placing card 21 in slot 10
[10:35:23.530] [SEVERE ] placing card 74 in slot 11
[10:35:24.549] [SEVERE ] updating countdown to 59000
[10:35:25.566] [SEVERE ] updating countdown to 58000
[10:35:26.581] [SEVERE ] updating countdown to 57000
[10:35:27.590] [SEVERE ] updating countdown to 56000
[10:35:28.606] [SEVERE ] updating countdown to 55000
[10:35:29.622] [SEVERE ] updating countdown to 54000
[10:35:30.639] [SEVERE ] updating countdown to 53000
[10:35:31.656] [SEVERE ] updating countdown to 52000
[10:35:32.666] [SEVERE ] updating countdown to 51000
[10:35:33.676] [SEVERE ] updating countdown to 50000
[10:35:34.693] [SEVERE ] updating countdown to 49000
[10:35:35.707] [SEVERE ] updating countdown to 48000
[10:35:36.721] [SEVERE ] updating countdown to 47000
[10:35:37.286] [SEVERE ] key 65 was pressed by player 1
[10:35:37.290] [SEVERE ] player 1 placing token on slot 4
[10:35:37.511] [SEVERE ] key 74 was pressed by player 2
[10:35:37.511] [SEVERE ] player 2 placing token on slot 4
[10:35:37.731] [SEVERE ] updating countdown to 46000
[10:35:38.246] [SEVERE ] key 65 was pressed by player 1
[10:35:38.246] [SEVERE ] removing player 1 token from slot 4
[10:35:38.626] [SEVERE ] key 74 was pressed by player 2
[10:35:38.626] [SEVERE ] removing player 2 token from slot 4
[10:35:38.751] [SEVERE ] updating countdown to 45000
[10:35:39.087] [SEVERE ] key 65 was pressed by player 1
[10:35:39.087] [SEVERE ] player 1 placing token on slot 4
[10:35:39.507] [SEVERE ] key 74 was pressed by player 2
[10:35:39.507] [SEVERE ] player 2 placing token on slot 4
[10:35:39.765] [SEVERE ] updating countdown to 44000
[10:35:39.976] [SEVERE ] key 65 was pressed by player 1
[10:35:39.985] [SEVERE ] removing player 1 token from slot 4
[10:35:40.346] [SEVERE ] key 74 was pressed by player 2
[10:35:40.346] [SEVERE ] removing player 2 token from slot 4
[10:35:40.770] [SEVERE ] updating countdown to 43000
[10:35:41.304] [SEVERE ] key 83 was pressed by player 1
[10:35:41.305] [SEVERE ] player 1 placing token on slot 5
[10:35:41.787] [SEVERE ] updating countdown to 42000
[10:35:41.985] [SEVERE ] key 75 was pressed by player 2
[10:35:41.985] [SEVERE ] player 2 placing token on slot 5
[10:35:42.806] [SEVERE ] updating countdown to 41000
[10:35:43.816] [SEVERE ] updating countdown to 40000
[10:35:44.829] [SEVERE ] updating countdown to 39000
[10:35:45.837] [SEVERE ] updating countdown to 38000
[10:35:46.851] [SEVERE ] updating countdown to 37000
[10:35:46.879] [SEVERE ] key 90 was pressed by player 1
[10:35:46.879] [SEVERE ] player 1 placing token on slot 8
[10:35:47.856] [SEVERE ] updating countdown to 36000
[10:35:48.150] [SEVERE ] key 77 was pressed by player 2
[10:35:48.152] [SEVERE ] player 2 placing token on slot 8
[10:35:48.866] [SEVERE ] updating countdown to 35000
[10:35:49.885] [SEVERE ] updating countdown to 34000
[10:35:50.900] [SEVERE ] updating countdown to 33000
[10:35:51.907] [SEVERE ] updating countdown to 32000
[10:35:52.919] [SEVERE ] updating countdown to 31000
[10:35:53.925] [SEVERE ] updating countdown to 30000
[10:35:54.257] [SEVERE ] key 74 was pressed by player 2
[10:35:54.257] [SEVERE ] player 2 placing token on slot 4
[10:35:54.326] [SEVERE ] key 65 was pressed by player 1
[10:35:54.326] [SEVERE ] player 1 placing token on slot 4
[10:35:54.928] [SEVERE ] setting player 1 score to 1
[10:35:54.931] [SEVERE ] setting player 1 freeze to 1000
[10:35:54.940] [SEVERE ] updating countdown to 29000
[10:35:54.945] [SEVERE ] removing player 1 token from slot 5
[10:35:54.945] [SEVERE ] removing player 2 token from slot 5
[10:35:55.055] [SEVERE ] removing card from slot 5
[10:35:55.056] [SEVERE ] removing player 1 token from slot 8
[10:35:55.056] [SEVERE ] removing player 2 token from slot 8
[10:35:55.161] [SEVERE ] removing card from slot 8
[10:35:55.161] [SEVERE ] removing player 1 token from slot 4
[10:35:55.161] [SEVERE ] removing player 2 token from slot 4
[10:35:55.272] [SEVERE ] removing card from slot 4
[10:35:55.384] [SEVERE ] placing card 24 in slot 4
[10:35:55.496] [SEVERE ] placing card 10 in slot 5
[10:35:55.607] [SEVERE ] placing card 26 in slot 8
[10:35:55.943] [SEVERE ] setting player 1 freeze to 0
[10:35:55.945] [SEVERE ] updating countdown to 60000
[10:35:56.959] [SEVERE ] updating countdown to 59000
[10:35:57.967] [SEVERE ] updating countdown to 58000
[10:35:58.969] [SEVERE ] updating countdown to 57000
[10:35:59.989] [SEVERE ] updating countdown to 56000
[10:36:00.995] [SEVERE ] updating countdown to 55000
[10:36:02.005] [SEVERE ] updating countdown to 54000
[10:36:03.010] [SEVERE ] updating countdown to 53000
[10:36:04.032] [SEVERE ] updating countdown to 52000
[10:36:05.037] [SEVERE ] updating countdown to 51000
[10:36:06.050] [SEVERE ] updating countdown to 50000
[10:36:07.059] [SEVERE ] updating countdown to 49000
[10:36:08.071] [SEVERE ] updating countdown to 48000
[10:36:09.085] [SEVERE ] updating countdown to 47000
[10:36:10.095] [SEVERE ] updating countdown to 46000
[10:36:11.102] [SEVERE ] updating countdown to 45000
[10:36:12.115] [SEVERE ] updating countdown to 44000
[10:36:13.125] [SEVERE ] updating countdown to 43000
[10:36:14.135] [SEVERE ] updating countdown to 42000
[10:36:15.148] [SEVERE ] updating countdown to 41000
[10:36:16.162] [SEVERE ] updating countdown to 40000
[10:36:17.178] [SEVERE ] updating countdown to 39000
[10:36:18.195] [SEVERE ] updating countdown to 38000
[10:36:19.027] [SEVERE ] key 82 was pressed by player 1
[10:36:19.027] [SEVERE ] player 1 placing token on slot 3
[10:36:19.207] [SEVERE ] updating countdown to 37000
[10:36:20.221] [SEVERE ] updating countdown to 36000
[10:36:20.482] [SEVERE ] key 73 was pressed by player 2
[10:36:20.482] [SEVERE ] player 2 placing token on slot 1
[10:36:20.894] [SEVERE ] key 73 was pressed by player 2
[10:36:20.895] [SEVERE ] removing player 2 token from slot 1
[10:36:21.125] [SEVERE ] key 79 was pressed by player 2
[10:36:21.125] [SEVERE ] player 2 placing token on slot 2
[10:36:21.237] [SEVERE ] updating countdown to 35000
[10:36:21.445] [SEVERE ] key 79 was pressed by player 2
[10:36:21.445] [SEVERE ] removing player 2 token from slot 2
[10:36:22.005] [SEVERE ] key 80 was pressed by player 2
[10:36:22.005] [SEVERE ] player 2 placing token on slot 3
[10:36:22.245] [SEVERE ] updating countdown to 34000
[10:36:23.259] [SEVERE ] updating countdown to 33000
[10:36:23.288] [SEVERE ] key 82 was pressed by player 1
[10:36:23.288] [SEVERE ] removing player 1 token from slot 3
[10:36:23.527] [SEVERE ] key 80 was pressed by player 2
[10:36:23.527] [SEVERE ] removing player 2 token from slot 3
[10:36:23.940] [SEVERE ] key 82 was pressed by player 1
[10:36:23.941] [SEVERE ] player 1 placing token on slot 3
[10:36:24.229] [SEVERE ] key 80 was pressed by player 2
[10:36:24.230] [SEVERE ] player 2 placing token on slot 3
[10:36:24.276] [SEVERE ] updating countdown to 32000
[10:36:24.656] [SEVERE ] key 82 was pressed by player 1
[10:36:24.656] [SEVERE ] removing player 1 token from slot 3
[10:36:24.955] [SEVERE ] key 80 was pressed by player 2
[10:36:24.956] [SEVERE ] removing player 2 token from slot 3
[10:36:25.278] [SEVERE ] updating countdown to 31000
[10:36:26.294] [SEVERE ] updating countdown to 30000
[10:36:27.296] [SEVERE ] updating countdown to 29000
[10:36:27.356] [SEVERE ] key 69 was pressed by player 1
[10:36:27.356] [SEVERE ] player 1 placing token on slot 2
[10:36:27.486] [SEVERE ] key 73 was pressed by player 2
[10:36:27.486] [SEVERE ] player 2 placing token on slot 1
[10:36:28.297] [SEVERE ] updating countdown to 28000
[10:36:28.315] [SEVERE ] key 69 was pressed by player 1
[10:36:28.315] [SEVERE ] removing player 1 token from slot 2
[10:36:28.476] [SEVERE ] key 73 was pressed by player 2
[10:36:28.481] [SEVERE ] removing player 2 token from slot 1
[10:36:29.311] [SEVERE ] updating countdown to 27000
[10:36:30.318] [SEVERE ] updating countdown to 26000
[10:36:31.330] [SEVERE ] updating countdown to 25000
[10:36:32.339] [SEVERE ] updating countdown to 24000
[10:36:33.341] [SEVERE ] updating countdown to 23000
[10:36:33.432] [SEVERE ] key 67 was pressed by player 1
[10:36:33.432] [SEVERE ] player 1 placing token on slot 10
[10:36:34.140] [SEVERE ] key 67 was pressed by player 1
[10:36:34.140] [SEVERE ] removing player 1 token from slot 10
[10:36:34.347] [SEVERE ] updating countdown to 22000
[10:36:35.356] [SEVERE ] key 86 was pressed by player 1
[10:36:35.356] [SEVERE ] player 1 placing token on slot 11
[10:36:35.365] [SEVERE ] updating countdown to 21000
[10:36:35.610] [SEVERE ] key 46 was pressed by player 2
[10:36:35.610] [SEVERE ] player 2 placing token on slot 10
[10:36:36.080] [SEVERE ] key 46 was pressed by player 2
[10:36:36.080] [SEVERE ] removing player 2 token from slot 10
[10:36:36.375] [SEVERE ] updating countdown to 20000
[10:36:37.388] [SEVERE ] updating countdown to 19000
[10:36:37.425] [SEVERE ] key 46 was pressed by player 2
[10:36:37.425] [SEVERE ] player 2 placing token on slot 10
[10:36:38.115] [SEVERE ] key 46 was pressed by player 2
[10:36:38.121] [SEVERE ] removing player 2 token from slot 10
[10:36:38.392] [SEVERE ] updating countdown to 18000
[10:36:38.605] [SEVERE ] key 46 was pressed by player 2
[10:36:38.605] [SEVERE ] player 2 placing token on slot 10
[10:36:39.006] [SEVERE ] key 46 was pressed by player 2
[10:36:39.006] [SEVERE ] removing player 2 token from slot 10
[10:36:39.401] [SEVERE ] updating countdown to 17000
[10:36:39.796] [SEVERE ] key 46 was pressed by player 2
[10:36:39.796] [SEVERE ] player 2 placing token on slot 10
[10:36:40.146] [SEVERE ] key 46 was pressed by player 2
[10:36:40.146] [SEVERE ] removing player 2 token from slot 10
[10:36:40.411] [SEVERE ] updating countdown to 16000
[10:36:41.431] [SEVERE ] updating countdown to 15000
[10:36:41.835] [SEVERE ] key 46 was pressed by player 2
[10:36:41.835] [SEVERE ] player 2 placing token on slot 10
[10:36:42.255] [SEVERE ] key 46 was pressed by player 2
[10:36:42.255] [SEVERE ] removing player 2 token from slot 10
[10:36:42.447] [SEVERE ] updating countdown to 14000
[10:36:43.461] [SEVERE ] updating countdown to 13000
[10:36:44.360] [SEVERE ] key 76 was pressed by player 2
[10:36:44.363] [SEVERE ] player 2 placing token on slot 6
[10:36:44.476] [SEVERE ] updating countdown to 12000
[10:36:44.783] [SEVERE ] key 76 was pressed by player 2
[10:36:44.783] [SEVERE ] removing player 2 token from slot 6
[10:36:45.489] [SEVERE ] updating countdown to 11000
[10:36:46.492] [SEVERE ] updating countdown to 10000
[10:36:47.513] [SEVERE ] updating countdown to 9000
[10:36:48.077] [SEVERE ] key 80 was pressed by player 2
[10:36:48.077] [SEVERE ] player 2 placing token on slot 3
[10:36:48.260] [SEVERE ] key 79 was pressed by player 2
[10:36:48.260] [SEVERE ] player 2 placing token on slot 2
[10:36:48.525] [SEVERE ] updating countdown to 8000
[10:36:48.536] [SEVERE ] key 73 was pressed by player 2
[10:36:48.536] [SEVERE ] player 2 placing token on slot 1
[10:36:48.536] [SEVERE ] setting player 2 freeze to 3000
[10:36:49.534] [SEVERE ] updating countdown to 7000
[10:36:49.548] [SEVERE ] setting player 2 freeze to 2000
[10:36:50.545] [SEVERE ] updating countdown to 6000
[10:36:50.559] [SEVERE ] setting player 2 freeze to 1000
[10:36:51.549] [SEVERE ] updating countdown to 5000
[10:36:51.562] [SEVERE ] setting player 2 freeze to 0
[10:36:51.976] [SEVERE ] key 85 was pressed by player 2
[10:36:52.307] [SEVERE ] key 73 was pressed by player 2
[10:36:52.307] [SEVERE ] removing player 2 token from slot 1
[10:36:52.565] [SEVERE ] updating countdown to 4000
[10:36:52.596] [SEVERE ] key 79 was pressed by player 2
[10:36:52.599] [SEVERE ] removing player 2 token from slot 2
[10:36:52.845] [SEVERE ] key 80 was pressed by player 2
[10:36:52.845] [SEVERE ] removing player 2 token from slot 3
[10:36:53.579] [SEVERE ] updating countdown to 3000
[10:36:54.586] [SEVERE ] updating countdown to 2000
[10:36:55.595] [SEVERE ] updating countdown to 1000
[10:36:56.597] [SEVERE ] updating countdown to 0
[10:36:57.606] [SEVERE ] removing player 1 token from slot 11
[10:36:57.719] [SEVERE ] removing card from slot 0
[10:36:57.823] [SEVERE ] removing card from slot 1
[10:36:57.934] [SEVERE ] removing card from slot 2
[10:36:58.047] [SEVERE ] removing card from slot 3
[10:36:58.157] [SEVERE ] removing card from slot 4
[10:36:58.269] [SEVERE ] removing card from slot 5
[10:36:58.381] [SEVERE ] removing card from slot 6
[10:36:58.493] [SEVERE ] removing card from slot 7
[10:36:58.604] [SEVERE ] removing card from slot 8
[10:36:58.715] [SEVERE ] removing card from slot 9
[10:36:58.827] [SEVERE ] removing card from slot 10
[10:36:58.939] [SEVERE ] removing card from slot 11
[10:36:59.050] [SEVERE ] placing card 14 in slot 0
[10:36:59.161] [SEVERE ] placing card 73 in slot 1
[10:36:59.273] [SEVERE ] placing card 71 in slot 2
[10:36:59.385] [SEVERE ] placing card 76 in slot 3
[10:36:59.496] [SEVERE ] placing card 38 in slot 4
[10:36:59.607] [SEVERE ] placing card 47 in slot 5
[10:36:59.719] [SEVERE ] placing card 8 in slot 6
[10:36:59.831] [SEVERE ] placing card 7 in slot 7
[10:36:59.944] [SEVERE ] placing card 79 in slot 8
[10:37:00.054] [SEVERE ] placing card 13 in slot 9
[10:37:00.165] [SEVERE ] placing card 39 in slot 10
[10:37:00.277] [SEVERE ] placing card 18 in slot 11
[10:37:00.277] [SEVERE ] updating countdown to 60000
[10:37:01.280] [SEVERE ] updating countdown to 59000
[10:37:01.879] [SEVERE ] key 77 was pressed by player 2
[10:37:01.879] [SEVERE ] player 2 placing token on slot 8
[10:37:02.296] [SEVERE ] updating countdown to 58000
[10:37:02.349] [SEVERE ] key 77 was pressed by player 2
[10:37:02.349] [SEVERE ] removing player 2 token from slot 8
[10:37:02.801] [SEVERE ] key 44 was pressed by player 2
[10:37:02.801] [SEVERE ] player 2 placing token on slot 9
[10:37:03.156] [SEVERE ] key 44 was pressed by player 2
[10:37:03.156] [SEVERE ] removing player 2 token from slot 9
[10:37:03.315] [SEVERE ] updating countdown to 57000
[10:37:03.465] [SEVERE ] key 46 was pressed by player 2
[10:37:03.465] [SEVERE ] player 2 placing token on slot 10
[10:37:03.810] [SEVERE ] key 46 was pressed by player 2
[10:37:03.810] [SEVERE ] removing player 2 token from slot 10
[10:37:04.325] [SEVERE ] updating countdown to 56000
[10:37:05.339] [SEVERE ] updating countdown to 55000
[10:37:06.355] [SEVERE ] updating countdown to 54000
[10:37:07.359] [SEVERE ] updating countdown to 53000
[10:37:08.369] [SEVERE ] updating countdown to 52000
[10:37:09.376] [SEVERE ] updating countdown to 51000
[10:37:10.395] [SEVERE ] updating countdown to 50000
[10:37:11.406] [SEVERE ] updating countdown to 49000
[10:37:12.407] [SEVERE ] updating countdown to 48000
[10:37:12.768] [SEVERE ] key 87 was pressed by player 1
[10:37:12.768] [SEVERE ] player 1 placing token on slot 1
[10:37:12.985] [SEVERE ] key 85 was pressed by player 2
[10:37:12.985] [SEVERE ] player 2 placing token on slot 0
[10:37:13.407] [SEVERE ] updating countdown to 47000
[10:37:13.428] [SEVERE ] key 85 was pressed by player 2
[10:37:13.428] [SEVERE ] removing player 2 token from slot 0
[10:37:14.027] [SEVERE ] key 73 was pressed by player 2
[10:37:14.035] [SEVERE ] player 2 placing token on slot 1
[10:37:14.415] [SEVERE ] updating countdown to 46000
[10:37:14.785] [SEVERE ] key 87 was pressed by player 1
[10:37:14.795] [SEVERE ] removing player 1 token from slot 1
[10:37:15.026] [SEVERE ] key 73 was pressed by player 2
[10:37:15.032] [SEVERE ] removing player 2 token from slot 1
[10:37:15.425] [SEVERE ] updating countdown to 45000
[10:37:16.426] [SEVERE ] updating countdown to 44000
[10:37:17.440] [SEVERE ] updating countdown to 43000
[10:37:18.445] [SEVERE ] updating countdown to 42000
[10:37:19.455] [SEVERE ] updating countdown to 41000
[10:37:19.781] [SEVERE ] key 68 was pressed by player 1
[10:37:19.781] [SEVERE ] player 1 placing token on slot 6
[10:37:20.470] [SEVERE ] updating countdown to 40000
[10:37:20.738] [SEVERE ] key 74 was pressed by player 2
[10:37:20.738] [SEVERE ] player 2 placing token on slot 4
[10:37:21.153] [SEVERE ] key 74 was pressed by player 2
[10:37:21.153] [SEVERE ] removing player 2 token from slot 4
[10:37:21.474] [SEVERE ] updating countdown to 39000
[10:37:21.528] [SEVERE ] key 76 was pressed by player 2
[10:37:21.528] [SEVERE ] player 2 placing token on slot 6
[10:37:22.487] [SEVERE ] updating countdown to 38000
[10:37:23.415] [SEVERE ] key 67 was pressed by player 1
[10:37:23.415] [SEVERE ] player 1 placing token on slot 10
[10:37:23.496] [SEVERE ] updating countdown to 37000
[10:37:24.408] [SEVERE ] key 77 was pressed by player 2
[10:37:24.408] [SEVERE ] player 2 placing token on slot 8
[10:37:24.506] [SEVERE ] updating countdown to 36000
[10:37:24.845] [SEVERE ] key 77 was pressed by player 2
[10:37:24.845] [SEVERE ] removing player 2 token from slot 8
[10:37:25.142] [SEVERE ] key 44 was pressed by player 2
[10:37:25.142] [SEVERE ] player 2 placing token on slot 9
[10:37:25.510] [SEVERE ] updating countdown to 35000
[10:37:25.585] [SEVERE ] key 44 was pressed by player 2
[10:37:25.585] [SEVERE ] removing player 2 token from slot 9
[10:37:25.915] [SEVERE ] key 46 was pressed by player 2
[10:37:25.915] [SEVERE ] player 2 placing token on slot 10
[10:37:26.517] [SEVERE ] updating countdown to 34000
[10:37:27.526] [SEVERE ] updating countdown to 33000
[10:37:28.527] [SEVERE ] updating countdown to 32000
[10:37:28.697] [SEVERE ] key 73 was pressed by player 2
[10:37:28.697] [SEVERE ] player 2 placing token on slot 1
[10:37:28.845] [SEVERE ] key 87 was pressed by player 1
[10:37:28.845] [SEVERE ] player 1 placing token on slot 1
[10:37:29.542] [SEVERE ] setting player 1 score to 2
[10:37:29.542] [SEVERE ] setting player 1 freeze to 1000
[10:37:29.545] [SEVERE ] updating countdown to 31000
[10:37:29.545] [SEVERE ] removing player 1 token from slot 6
[10:37:29.545] [SEVERE ] removing player 2 token from slot 6
[10:37:29.652] [SEVERE ] removing card from slot 6
[10:37:29.652] [SEVERE ] removing player 1 token from slot 10
[10:37:29.652] [SEVERE ] removing player 2 token from slot 10
[10:37:29.755] [SEVERE ] removing card from slot 10
[10:37:29.755] [SEVERE ] removing player 1 token from slot 1
[10:37:29.755] [SEVERE ] removing player 2 token from slot 1
[10:37:29.867] [SEVERE ] removing card from slot 1
[10:37:29.979] [SEVERE ] placing card 56 in slot 1
[10:37:30.091] [SEVERE ] placing card 16 in slot 6
[10:37:30.204] [SEVERE ] placing card 80 in slot 10
[10:37:30.556] [SEVERE ] setting player 1 freeze to 0
[10:37:30.556] [SEVERE ] updating countdown to 60000
[10:37:31.574] [SEVERE ] updating countdown to 59000
[10:37:32.578] [SEVERE ] updating countdown to 58000
