[11:03:15.343] [INFO   ] thread main starting.
[11:03:15.355] [SEVERE ] cannot read configuration file config.properties trying from resources.
[11:03:15.363] [SEVERE ] configuration file was loaded from resources directory.
[11:03:16.221] [INFO   ] thread dealer starting.
[11:03:16.221] [INFO   ] thread player 0 starting.
[11:03:16.223] [INFO   ] thread player 1 starting.
[11:03:16.223] [INFO   ] thread player 0 starting.
[11:03:16.223] [INFO   ] thread dealer starting.
[11:03:16.223] [INFO   ] thread player 1 starting.
[11:03:16.335] [SEVERE ] placing card 73 in slot 0
[11:03:16.446] [SEVERE ] placing card 18 in slot 1
[11:03:16.557] [SEVERE ] placing card 30 in slot 2
[11:03:16.667] [SEVERE ] placing card 8 in slot 3
[11:03:16.779] [SEVERE ] placing card 67 in slot 4
[11:03:16.891] [SEVERE ] placing card 32 in slot 5
[11:03:17.004] [SEVERE ] placing card 47 in slot 6
[11:03:17.116] [SEVERE ] placing card 9 in slot 7
[11:03:17.227] [SEVERE ] placing card 31 in slot 8
[11:03:17.338] [SEVERE ] placing card 54 in slot 9
[11:03:17.449] [SEVERE ] placing card 7 in slot 10
[11:03:17.559] [SEVERE ] placing card 61 in slot 11
[11:03:18.576] [SEVERE ] updating countdown to 59000
[11:03:19.598] [SEVERE ] updating countdown to 58000
[11:03:20.623] [SEVERE ] updating countdown to 57000
[11:03:21.643] [SEVERE ] updating countdown to 56000
[11:03:22.658] [SEVERE ] updating countdown to 55000
[11:03:22.775] [SEVERE ] key 81 was pressed by player 1
[11:03:22.775] [SEVERE ] player 1 placing token on slot 0
[11:03:23.663] [SEVERE ] updating countdown to 54000
[11:03:24.303] [SEVERE ] key 87 was pressed by player 1
[11:03:24.303] [SEVERE ] player 1 placing token on slot 1
[11:03:24.669] [SEVERE ] updating countdown to 53000
[11:03:25.563] [SEVERE ] key 68 was pressed by player 1
[11:03:25.563] [SEVERE ] player 1 placing token on slot 6
[11:03:25.572] [SEVERE ] setting player 1 score to 1
[11:03:25.573] [SEVERE ] setting player 1 freeze to 1000
[11:03:25.683] [SEVERE ] updating countdown to 52000
[11:03:26.585] [SEVERE ] setting player 1 freeze to 0
[11:03:26.587] [SEVERE ] removing player 1 token from slot 0
[11:03:26.588] [SEVERE ] removing player 1 token from slot 1
[11:03:26.701] [SEVERE ] removing card from slot 1
[11:03:26.703] [SEVERE ] removing player 1 token from slot 6
[11:03:26.805] [SEVERE ] removing card from slot 6
[11:03:26.917] [SEVERE ] placing card 27 in slot 1
[11:03:27.028] [SEVERE ] placing card 24 in slot 6
[11:03:28.040] [SEVERE ] updating countdown to 60000
[11:03:29.045] [SEVERE ] updating countdown to 59000
