[22:55:14.130] [INFO   ] thread main starting.
[22:55:14.140] [SEVERE ] cannot read configuration file config.properties trying from resources.
[22:55:14.144] [SEVERE ] configuration file was loaded from resources directory.
[22:55:14.716] [INFO   ] thread dealer starting.
[22:55:14.717] [INFO   ] thread player 0 starting.
[22:55:14.718] [INFO   ] thread player 1 starting.
[22:55:14.719] [INFO   ] thread dealer starting.
[22:55:14.719] [INFO   ] thread player 0 starting.
[22:55:14.720] [INFO   ] thread player 1 starting.
[22:55:14.835] [SEVERE ] placing card 52 in slot 0
[22:55:14.944] [SEVERE ] placing card 11 in slot 1
[22:55:15.052] [SEVERE ] placing card 17 in slot 2
[22:55:15.160] [SEVERE ] placing card 8 in slot 3
[22:55:15.268] [SEVERE ] placing card 18 in slot 4
[22:55:15.375] [SEVERE ] placing card 58 in slot 5
[22:55:15.485] [SEVERE ] placing card 53 in slot 6
[22:55:15.594] [SEVERE ] placing card 40 in slot 7
[22:55:15.702] [SEVERE ] placing card 23 in slot 8
[22:55:15.813] [SEVERE ] placing card 42 in slot 9
[22:55:15.923] [SEVERE ] placing card 75 in slot 10
[22:55:16.033] [SEVERE ] placing card 60 in slot 11
[22:55:17.054] [SEVERE ] updating countdown to 59000
[22:55:18.066] [SEVERE ] updating countdown to 58000
[22:55:19.077] [SEVERE ] updating countdown to 57000
[22:55:19.122] [SEVERE ] key 81 was pressed by player 1
[22:55:19.122] [SEVERE ] player 1 placing token on slot 0
[22:55:19.465] [SEVERE ] key 69 was pressed by player 1
[22:55:19.465] [SEVERE ] player 1 placing token on slot 2
[22:55:20.091] [SEVERE ] updating countdown to 56000
[22:55:21.102] [SEVERE ] updating countdown to 55000
[22:55:22.058] [SEVERE ] key 86 was pressed by player 1
[22:55:22.059] [SEVERE ] player 1 placing token on slot 11
[22:55:22.113] [SEVERE ] updating countdown to 54000
[22:55:23.126] [SEVERE ] updating countdown to 53000
[22:55:24.135] [SEVERE ] updating countdown to 52000
[22:55:25.146] [SEVERE ] updating countdown to 51000
[22:55:26.155] [SEVERE ] updating countdown to 50000
[22:55:27.166] [SEVERE ] updating countdown to 49000
[22:55:28.182] [SEVERE ] updating countdown to 48000
[22:55:29.194] [SEVERE ] updating countdown to 47000
[22:55:30.202] [SEVERE ] updating countdown to 46000
