[19:56:48.773] [INFO   ] thread main starting.
[19:56:48.784] [SEVERE ] cannot read configuration file config.properties trying from resources.
[19:56:48.786] [SEVERE ] configuration file was loaded from resources directory.
[19:56:49.479] [INFO   ] thread dealer starting.
[19:56:49.480] [INFO   ] thread player 0 starting.
[19:56:49.482] [INFO   ] thread player 1 starting.
[19:56:49.485] [INFO   ] thread dealer starting.
[19:56:49.485] [INFO   ] thread player 1 starting.
[19:56:49.485] [INFO   ] thread player 0 starting.
[19:56:49.608] [SEVERE ] placing card 27 in slot 0
[19:56:49.718] [SEVERE ] placing card 66 in slot 1
[19:56:49.827] [SEVERE ] placing card 5 in slot 2
[19:56:49.935] [SEVERE ] placing card 58 in slot 3
[19:56:50.044] [SEVERE ] placing card 8 in slot 4
[19:56:50.152] [SEVERE ] placing card 42 in slot 5
[19:56:50.262] [SEVERE ] placing card 54 in slot 6
[19:56:50.371] [SEVERE ] placing card 40 in slot 7
[19:56:50.482] [SEVERE ] placing card 11 in slot 8
[19:56:50.591] [SEVERE ] placing card 26 in slot 9
[19:56:50.699] [SEVERE ] placing card 38 in slot 10
[19:56:50.809] [SEVERE ] placing card 57 in slot 11
[19:56:51.830] [SEVERE ] updating countdown to 59000
[19:56:52.844] [SEVERE ] updating countdown to 58000
[19:56:53.859] [SEVERE ] updating countdown to 57000
[19:56:54.867] [SEVERE ] updating countdown to 56000
[19:56:55.214] [SEVERE ] key 69 was pressed by player 1
[19:56:55.214] [SEVERE ] player 1 placing token on slot 2
[19:56:55.650] [SEVERE ] key 69 was pressed by player 1
[19:56:55.651] [SEVERE ] removing player 1 token from slot 2
[19:56:55.881] [SEVERE ] updating countdown to 55000
[19:56:56.305] [SEVERE ] key 82 was pressed by player 1
[19:56:56.305] [SEVERE ] player 1 placing token on slot 3
[19:56:56.650] [SEVERE ] key 79 was pressed by player 2
[19:56:56.650] [SEVERE ] player 2 placing token on slot 2
[19:56:56.890] [SEVERE ] updating countdown to 54000
[19:56:56.997] [SEVERE ] key 79 was pressed by player 2
[19:56:56.997] [SEVERE ] removing player 2 token from slot 2
[19:56:57.240] [SEVERE ] key 80 was pressed by player 2
[19:56:57.241] [SEVERE ] player 2 placing token on slot 3
[19:56:57.901] [SEVERE ] updating countdown to 53000
[19:56:58.357] [SEVERE ] key 65 was pressed by player 1
[19:56:58.357] [SEVERE ] player 1 placing token on slot 4
[19:56:58.555] [SEVERE ] key 74 was pressed by player 2
[19:56:58.555] [SEVERE ] player 2 placing token on slot 4
[19:56:58.912] [SEVERE ] updating countdown to 52000
[19:56:59.918] [SEVERE ] updating countdown to 51000
[19:57:00.104] [SEVERE ] key 85 was pressed by player 2
[19:57:00.104] [SEVERE ] player 2 placing token on slot 0
[19:57:00.402] [SEVERE ] key 81 was pressed by player 1
[19:57:00.402] [SEVERE ] player 1 placing token on slot 0
[19:57:00.935] [SEVERE ] setting player 1 score to 1
[19:57:00.936] [SEVERE ] setting player 1 freeze to 1000
[19:57:00.938] [SEVERE ] updating countdown to 50000
[19:57:01.938] [SEVERE ] setting player 1 freeze to 0
[19:57:01.940] [SEVERE ] removing player 1 token from slot 3
[19:57:01.940] [SEVERE ] removing player 2 token from slot 3
[19:57:01.940] [SEVERE ] removing card from slot 3
[19:57:02.047] [SEVERE ] removing player 1 token from slot 4
[19:57:02.047] [SEVERE ] removing player 2 token from slot 4
[19:57:02.048] [SEVERE ] removing card from slot 4
[19:57:02.156] [SEVERE ] removing player 1 token from slot 0
[19:57:02.156] [SEVERE ] removing player 2 token from slot 0
[19:57:02.157] [SEVERE ] removing card from slot 0
[19:57:02.373] [SEVERE ] placing card 64 in slot 0
[19:57:02.482] [SEVERE ] placing card 45 in slot 3
[19:57:02.592] [SEVERE ] placing card 46 in slot 4
[19:57:02.594] [SEVERE ] updating countdown to 60000
[19:57:03.605] [SEVERE ] updating countdown to 59000
[19:57:04.625] [SEVERE ] updating countdown to 58000
[19:57:05.638] [SEVERE ] updating countdown to 57000
[19:57:06.650] [SEVERE ] updating countdown to 56000
[19:57:07.658] [SEVERE ] updating countdown to 55000
[19:57:08.668] [SEVERE ] updating countdown to 54000
[19:57:09.687] [SEVERE ] updating countdown to 53000
[19:57:10.701] [SEVERE ] updating countdown to 52000
[19:57:11.713] [SEVERE ] updating countdown to 51000
[19:57:12.724] [SEVERE ] updating countdown to 50000
[19:57:13.734] [SEVERE ] updating countdown to 49000
[19:57:14.746] [SEVERE ] updating countdown to 48000
[19:57:15.758] [SEVERE ] updating countdown to 47000
[19:57:16.768] [SEVERE ] updating countdown to 46000
[19:57:17.778] [SEVERE ] updating countdown to 45000
[19:57:18.794] [SEVERE ] updating countdown to 44000
[19:57:19.801] [SEVERE ] updating countdown to 43000
[19:57:20.815] [SEVERE ] updating countdown to 42000
[19:57:21.827] [SEVERE ] updating countdown to 41000
[19:57:22.833] [SEVERE ] updating countdown to 40000
[19:57:23.840] [SEVERE ] updating countdown to 39000
[19:57:24.852] [SEVERE ] updating countdown to 38000
[19:57:25.865] [SEVERE ] updating countdown to 37000
[19:57:26.879] [SEVERE ] updating countdown to 36000
[19:57:27.891] [SEVERE ] updating countdown to 35000
[19:57:28.903] [SEVERE ] updating countdown to 34000
[19:57:29.918] [SEVERE ] updating countdown to 33000
[19:57:30.928] [SEVERE ] updating countdown to 32000
[19:57:31.938] [SEVERE ] updating countdown to 31000
[19:57:32.945] [SEVERE ] updating countdown to 30000
[19:57:33.953] [SEVERE ] updating countdown to 29000
[19:57:34.960] [SEVERE ] updating countdown to 28000
[19:57:35.976] [SEVERE ] updating countdown to 27000
[19:57:36.988] [SEVERE ] updating countdown to 26000
[19:57:37.997] [SEVERE ] updating countdown to 25000
[19:57:39.013] [SEVERE ] updating countdown to 24000
[19:57:40.028] [SEVERE ] updating countdown to 23000
[19:57:41.038] [SEVERE ] updating countdown to 22000
[19:57:42.053] [SEVERE ] updating countdown to 21000
[19:57:43.063] [SEVERE ] updating countdown to 20000
[19:57:44.075] [SEVERE ] updating countdown to 19000
