[20:16:22.702] [INFO   ] thread main starting.
[20:16:22.711] [SEVERE ] cannot read configuration file config.properties trying from resources.
[20:16:22.713] [SEVERE ] configuration file was loaded from resources directory.
[20:16:23.346] [INFO   ] thread dealer starting.
[20:16:23.347] [INFO   ] thread player 0 starting.
[20:16:23.349] [INFO   ] thread player 1 starting.
[20:16:23.350] [INFO   ] thread dealer starting.
[20:16:23.355] [INFO   ] thread player 0 starting.
[20:16:23.355] [INFO   ] thread player 1 starting.
[20:16:23.473] [SEVERE ] placing card 74 in slot 0
[20:16:23.581] [SEVERE ] placing card 67 in slot 1
[20:16:23.689] [SEVERE ] placing card 2 in slot 2
[20:16:23.801] [SEVERE ] placing card 59 in slot 3
[20:16:23.910] [SEVERE ] placing card 78 in slot 4
[20:16:24.019] [SEVERE ] placing card 30 in slot 5
[20:16:24.127] [SEVERE ] placing card 33 in slot 6
[20:16:24.238] [SEVERE ] placing card 69 in slot 7
[20:16:24.348] [SEVERE ] placing card 27 in slot 8
[20:16:24.455] [SEVERE ] placing card 60 in slot 9
[20:16:24.565] [SEVERE ] placing card 3 in slot 10
[20:16:24.675] [SEVERE ] placing card 6 in slot 11
[20:16:25.688] [SEVERE ] updating countdown to 59000
[20:16:26.698] [SEVERE ] updating countdown to 58000
[20:16:27.713] [SEVERE ] updating countdown to 57000
[20:16:28.723] [SEVERE ] updating countdown to 56000
[20:16:29.739] [SEVERE ] updating countdown to 55000
[20:16:30.083] [SEVERE ] key 88 was pressed by player 1
[20:16:30.084] [SEVERE ] player 1 placing token on slot 9
[20:16:30.383] [SEVERE ] key 44 was pressed by player 2
[20:16:30.383] [SEVERE ] player 2 placing token on slot 9
[20:16:30.752] [SEVERE ] updating countdown to 54000
[20:16:31.765] [SEVERE ] updating countdown to 53000
[20:16:32.773] [SEVERE ] updating countdown to 52000
[20:16:33.785] [SEVERE ] updating countdown to 51000
[20:16:34.797] [SEVERE ] updating countdown to 50000
[20:16:35.417] [SEVERE ] key 73 was pressed by player 2
[20:16:35.417] [SEVERE ] player 2 placing token on slot 1
[20:16:35.721] [SEVERE ] key 87 was pressed by player 1
[20:16:35.722] [SEVERE ] player 1 placing token on slot 1
[20:16:35.806] [SEVERE ] updating countdown to 49000
[20:16:36.818] [SEVERE ] updating countdown to 48000
[20:16:37.053] [SEVERE ] key 85 was pressed by player 2
[20:16:37.053] [SEVERE ] player 2 placing token on slot 0
[20:16:37.055] [SEVERE ] setting player 2 score to 1
[20:16:37.057] [SEVERE ] setting player 2 freeze to 1000
[20:16:37.271] [SEVERE ] key 81 was pressed by player 1
[20:16:37.271] [SEVERE ] player 1 placing token on slot 0
[20:16:37.835] [SEVERE ] updating countdown to 47000
[20:16:38.063] [SEVERE ] setting player 2 freeze to 0
[20:16:38.064] [SEVERE ] setting player 1 score to 1
[20:16:38.065] [SEVERE ] setting player 1 freeze to 1000
[20:16:38.842] [SEVERE ] updating countdown to 46000
[20:16:39.070] [SEVERE ] setting player 1 freeze to 0
[20:16:39.851] [SEVERE ] updating countdown to 45000
[20:16:40.861] [SEVERE ] updating countdown to 44000
