[23:50:51.472] [INFO   ] thread main starting.
[23:50:51.472] [SEVERE ] cannot read configuration file config.properties trying from resources.
[23:50:51.472] [SEVERE ] configuration file was loaded from resources directory.
[23:50:52.084] [INFO   ] thread dealer starting.
[23:50:52.084] [INFO   ] thread player 0 starting.
[23:50:52.087] [INFO   ] thread player 1 starting.
[23:50:52.087] [INFO   ] thread player 0 starting.
[23:50:52.088] [INFO   ] thread dealer starting.
[23:50:52.098] [INFO   ] thread player 1 starting.
[23:50:52.221] [SEVERE ] placing card 2 in slot 0
[23:50:52.331] [SEVERE ] placing card 42 in slot 1
[23:50:52.441] [SEVERE ] placing card 57 in slot 2
[23:50:52.551] [SEVERE ] placing card 46 in slot 3
[23:50:52.661] [SEVERE ] placing card 59 in slot 4
[23:50:52.771] [SEVERE ] placing card 25 in slot 5
[23:50:52.881] [SEVERE ] placing card 39 in slot 6
[23:50:52.991] [SEVERE ] placing card 38 in slot 7
[23:50:53.101] [SEVERE ] placing card 60 in slot 8
[23:50:53.211] [SEVERE ] placing card 73 in slot 9
[23:50:53.321] [SEVERE ] placing card 0 in slot 10
[23:50:53.431] [SEVERE ] placing card 44 in slot 11
[23:50:54.438] [SEVERE ] updating countdown to 59000
[23:50:55.445] [SEVERE ] updating countdown to 58000
[23:50:56.454] [SEVERE ] updating countdown to 57000
[23:50:57.467] [SEVERE ] updating countdown to 56000
[23:50:58.469] [SEVERE ] updating countdown to 55000
[23:50:59.481] [SEVERE ] updating countdown to 54000
[23:51:00.484] [SEVERE ] updating countdown to 53000
[23:51:01.487] [SEVERE ] updating countdown to 52000
[23:51:02.499] [SEVERE ] updating countdown to 51000
[23:51:03.500] [SEVERE ] updating countdown to 50000
[23:51:04.514] [SEVERE ] updating countdown to 49000
[23:51:05.519] [SEVERE ] updating countdown to 48000
[23:51:06.532] [SEVERE ] updating countdown to 47000
[23:51:07.537] [SEVERE ] updating countdown to 46000
[23:51:08.549] [SEVERE ] updating countdown to 45000
[23:51:09.557] [SEVERE ] updating countdown to 44000
[23:51:10.565] [SEVERE ] updating countdown to 43000
[23:51:11.570] [SEVERE ] updating countdown to 42000
[23:51:12.584] [SEVERE ] updating countdown to 41000
[23:51:13.597] [SEVERE ] updating countdown to 40000
[23:51:14.599] [SEVERE ] updating countdown to 39000
[23:51:15.600] [SEVERE ] updating countdown to 38000
[23:51:15.670] [SEVERE ] key 81 was pressed by player 1
[23:51:15.670] [SEVERE ] player 1 placing token on slot 0
[23:51:15.751] [SEVERE ] key 80 was pressed by player 2
[23:51:15.751] [SEVERE ] player 2 placing token on slot 3
[23:51:15.814] [SEVERE ] key 79 was pressed by player 2
[23:51:15.814] [SEVERE ] player 2 placing token on slot 2
[23:51:15.925] [SEVERE ] key 87 was pressed by player 1
[23:51:15.925] [SEVERE ] player 1 placing token on slot 1
[23:51:16.191] [SEVERE ] key 83 was pressed by player 1
[23:51:16.191] [SEVERE ] player 1 placing token on slot 5
[23:51:16.191] [SEVERE ] setting player 1 freeze to 3000
[23:51:16.295] [SEVERE ] key 76 was pressed by player 2
[23:51:16.295] [SEVERE ] player 2 placing token on slot 6
[23:51:16.601] [SEVERE ] updating countdown to 37000
[23:51:16.601] [SEVERE ] key 65 was pressed by player 1
[23:51:16.845] [SEVERE ] key 59 was pressed by player 2
[23:51:17.206] [SEVERE ] setting player 1 freeze to 2000
[23:51:17.551] [SEVERE ] key 76 was pressed by player 2
[23:51:17.614] [SEVERE ] updating countdown to 36000
[23:51:18.208] [SEVERE ] setting player 1 freeze to 1000
[23:51:18.349] [SEVERE ] key 83 was pressed by player 1
[23:51:18.616] [SEVERE ] updating countdown to 35000
[23:51:18.674] [SEVERE ] key 81 was pressed by player 1
[23:51:19.222] [SEVERE ] setting player 1 freeze to 0
[23:51:19.222] [SEVERE ] setting player 2 freeze to 3000
[23:51:19.617] [SEVERE ] updating countdown to 34000
[23:51:20.223] [SEVERE ] setting player 2 freeze to 2000
[23:51:20.631] [SEVERE ] updating countdown to 33000
[23:51:21.233] [SEVERE ] setting player 2 freeze to 1000
[23:51:21.642] [SEVERE ] updating countdown to 32000
[23:51:22.234] [SEVERE ] setting player 2 freeze to 0
[23:51:22.658] [SEVERE ] updating countdown to 31000
