[19:34:10.926] [INFO   ] thread main starting.
[19:34:10.934] [SEVERE ] cannot read configuration file config.properties trying from resources.
[19:34:10.938] [SEVERE ] configuration file was loaded from resources directory.
[19:34:11.601] [INFO   ] thread dealer starting.
[19:34:11.602] [INFO   ] thread player 0 starting.
[19:34:11.604] [INFO   ] thread player 1 starting.
[19:34:11.604] [INFO   ] thread dealer starting.
[19:34:11.616] [INFO   ] thread player 0 starting.
[19:34:11.616] [INFO   ] thread player 1 starting.
[19:34:11.739] [SEVERE ] placing card 65 in slot 0
[19:34:11.848] [SEVERE ] placing card 1 in slot 1
[19:34:11.957] [SEVERE ] placing card 48 in slot 2
[19:34:12.067] [SEVERE ] placing card 41 in slot 3
[19:34:12.177] [SEVERE ] placing card 6 in slot 4
[19:34:12.286] [SEVERE ] placing card 45 in slot 5
[19:34:12.394] [SEVERE ] placing card 8 in slot 6
[19:34:12.503] [SEVERE ] placing card 58 in slot 7
[19:34:12.612] [SEVERE ] placing card 42 in slot 8
[19:34:12.721] [SEVERE ] placing card 32 in slot 9
[19:34:12.831] [SEVERE ] placing card 30 in slot 10
[19:34:12.939] [SEVERE ] placing card 67 in slot 11
[19:34:13.961] [SEVERE ] updating countdown to 59000
[19:34:14.981] [SEVERE ] updating countdown to 58000
[19:34:15.994] [SEVERE ] updating countdown to 57000
[19:34:17.010] [SEVERE ] updating countdown to 56000
[19:34:17.670] [SEVERE ] key 87 was pressed by player 1
[19:34:17.670] [SEVERE ] player 1 placing token on slot 1
[19:34:18.025] [SEVERE ] updating countdown to 55000
[19:34:18.228] [SEVERE ] key 73 was pressed by player 2
[19:34:18.228] [SEVERE ] player 2 placing token on slot 1
[19:34:19.039] [SEVERE ] updating countdown to 54000
[19:34:19.732] [SEVERE ] key 83 was pressed by player 1
[19:34:19.734] [SEVERE ] player 1 placing token on slot 5
[19:34:20.021] [SEVERE ] key 75 was pressed by player 2
[19:34:20.022] [SEVERE ] player 2 placing token on slot 5
[19:34:20.047] [SEVERE ] updating countdown to 53000
[19:34:21.059] [SEVERE ] updating countdown to 52000
[19:34:21.731] [SEVERE ] key 85 was pressed by player 2
[19:34:21.732] [SEVERE ] player 2 placing token on slot 0
[19:34:21.733] [SEVERE ] setting player 2 score to 1
[19:34:21.734] [SEVERE ] setting player 2 freeze to 1000
[19:34:21.895] [SEVERE ] key 81 was pressed by player 1
[19:34:21.895] [SEVERE ] player 1 placing token on slot 0
[19:34:22.072] [SEVERE ] updating countdown to 51000
[19:34:22.738] [SEVERE ] setting player 2 freeze to 0
[19:34:22.739] [SEVERE ] setting player 1 score to 1
[19:34:22.740] [SEVERE ] setting player 1 freeze to 1000
[19:34:23.749] [SEVERE ] setting player 1 freeze to 0
[19:34:23.749] [SEVERE ] removing player 1 token from slot 1
[19:34:23.751] [SEVERE ] removing player 2 token from slot 1
[19:34:23.751] [SEVERE ] removing card from slot 1
[19:34:23.752] [SEVERE ] removing player 1 token from slot 5
[19:34:23.752] [SEVERE ] removing player 2 token from slot 5
[19:34:23.753] [SEVERE ] removing card from slot 5
[19:34:23.871] [SEVERE ] removing player 1 token from slot 0
[19:34:23.871] [SEVERE ] removing player 2 token from slot 0
[19:34:23.872] [SEVERE ] removing card from slot 0
[19:34:24.090] [SEVERE ] placing card 63 in slot 0
[19:34:24.200] [SEVERE ] placing card 55 in slot 1
[19:34:24.309] [SEVERE ] placing card 17 in slot 5
[19:34:24.310] [SEVERE ] updating countdown to 60000
[19:34:25.323] [SEVERE ] updating countdown to 59000
