[10:29:26.574] [INFO   ] thread main starting.
[10:29:26.574] [SEVERE ] cannot read configuration file config.properties trying from resources.
[10:29:26.587] [SEVERE ] configuration file was loaded from resources directory.
[10:29:27.282] [INFO   ] thread dealer starting.
[10:29:27.325] [INFO   ] thread player 0 starting.
[10:29:27.325] [INFO   ] thread player 1 starting.
[10:29:27.327] [INFO   ] thread dealer starting.
[10:29:27.328] [INFO   ] thread player 0 starting.
[10:29:27.328] [INFO   ] thread player 1 starting.
[10:29:27.433] [SEVERE ] placing card 33 in slot 0
[10:29:27.545] [SEVERE ] placing card 1 in slot 1
[10:29:27.648] [SEVERE ] placing card 67 in slot 2
[10:29:27.696] [SEVERE ] key 83 was pressed by player 1
[10:29:27.760] [SEVERE ] placing card 50 in slot 3
[10:29:27.836] [SEVERE ] key 76 was pressed by player 2
[10:29:27.867] [SEVERE ] placing card 18 in slot 4
[10:29:27.980] [SEVERE ] placing card 5 in slot 5
[10:29:28.092] [SEVERE ] placing card 77 in slot 6
[10:29:28.108] [SEVERE ] key 81 was pressed by player 1
[10:29:28.195] [SEVERE ] placing card 76 in slot 7
[10:29:28.293] [SEVERE ] key 80 was pressed by player 2
[10:29:28.309] [SEVERE ] placing card 69 in slot 8
[10:29:28.389] [SEVERE ] key 79 was pressed by player 2
[10:29:28.420] [SEVERE ] placing card 24 in slot 9
[10:29:28.524] [SEVERE ] placing card 21 in slot 10
[10:29:28.555] [SEVERE ] key 87 was pressed by player 1
[10:29:28.634] [SEVERE ] placing card 26 in slot 11
[10:29:28.864] [SEVERE ] key 81 was pressed by player 1
[10:29:29.042] [SEVERE ] key 80 was pressed by player 2
[10:29:29.653] [SEVERE ] updating countdown to 59000
[10:29:29.825] [SEVERE ] key 76 was pressed by player 2
[10:29:29.830] [SEVERE ] player 2 placing token on slot 6
[10:29:30.654] [SEVERE ] updating countdown to 58000
[10:29:31.662] [SEVERE ] updating countdown to 57000
[10:29:32.453] [SEVERE ] key 75 was pressed by player 2
[10:29:32.453] [SEVERE ] player 2 placing token on slot 5
[10:29:32.692] [SEVERE ] updating countdown to 56000
[10:29:33.700] [SEVERE ] updating countdown to 55000
[10:29:33.827] [SEVERE ] key 75 was pressed by player 2
[10:29:33.827] [SEVERE ] removing player 2 token from slot 5
[10:29:34.233] [SEVERE ] key 76 was pressed by player 2
[10:29:34.233] [SEVERE ] removing player 2 token from slot 6
[10:29:34.712] [SEVERE ] updating countdown to 54000
[10:29:34.758] [SEVERE ] key 75 was pressed by player 2
[10:29:34.758] [SEVERE ] player 2 placing token on slot 5
[10:29:35.030] [SEVERE ] key 76 was pressed by player 2
[10:29:35.030] [SEVERE ] player 2 placing token on slot 6
[10:29:35.321] [SEVERE ] key 75 was pressed by player 2
[10:29:35.321] [SEVERE ] removing player 2 token from slot 5
[10:29:35.582] [SEVERE ] key 76 was pressed by player 2
[10:29:35.582] [SEVERE ] removing player 2 token from slot 6
[10:29:35.727] [SEVERE ] updating countdown to 53000
[10:29:35.947] [SEVERE ] key 81 was pressed by player 1
[10:29:35.947] [SEVERE ] player 1 placing token on slot 0
[10:29:36.174] [SEVERE ] key 87 was pressed by player 1
[10:29:36.174] [SEVERE ] player 1 placing token on slot 1
[10:29:36.731] [SEVERE ] updating countdown to 52000
[10:29:36.837] [SEVERE ] key 81 was pressed by player 1
[10:29:36.837] [SEVERE ] removing player 1 token from slot 0
[10:29:37.497] [SEVERE ] key 87 was pressed by player 1
[10:29:37.499] [SEVERE ] removing player 1 token from slot 1
[10:29:37.748] [SEVERE ] updating countdown to 51000
[10:29:38.760] [SEVERE ] updating countdown to 50000
[10:29:39.135] [SEVERE ] key 73 was pressed by player 2
[10:29:39.136] [SEVERE ] player 2 placing token on slot 1
[10:29:39.569] [SEVERE ] key 73 was pressed by player 2
[10:29:39.569] [SEVERE ] removing player 2 token from slot 1
[10:29:39.768] [SEVERE ] updating countdown to 49000
[10:29:40.589] [SEVERE ] key 81 was pressed by player 1
[10:29:40.593] [SEVERE ] player 1 placing token on slot 0
[10:29:40.620] [SEVERE ] key 85 was pressed by player 2
[10:29:40.620] [SEVERE ] player 2 placing token on slot 0
[10:29:40.781] [SEVERE ] updating countdown to 48000
[10:29:41.510] [SEVERE ] key 81 was pressed by player 1
[10:29:41.510] [SEVERE ] removing player 1 token from slot 0
[10:29:41.590] [SEVERE ] key 85 was pressed by player 2
[10:29:41.590] [SEVERE ] removing player 2 token from slot 0
[10:29:41.794] [SEVERE ] updating countdown to 47000
[10:29:41.984] [SEVERE ] key 85 was pressed by player 2
[10:29:41.984] [SEVERE ] player 2 placing token on slot 0
[10:29:42.058] [SEVERE ] key 81 was pressed by player 1
[10:29:42.058] [SEVERE ] player 1 placing token on slot 0
[10:29:42.584] [SEVERE ] key 85 was pressed by player 2
[10:29:42.584] [SEVERE ] removing player 2 token from slot 0
[10:29:42.684] [SEVERE ] key 81 was pressed by player 1
[10:29:42.688] [SEVERE ] removing player 1 token from slot 0
[10:29:42.812] [SEVERE ] updating countdown to 46000
[10:29:43.101] [SEVERE ] key 85 was pressed by player 2
[10:29:43.101] [SEVERE ] player 2 placing token on slot 0
[10:29:43.338] [SEVERE ] key 81 was pressed by player 1
[10:29:43.338] [SEVERE ] player 1 placing token on slot 0
[10:29:43.788] [SEVERE ] key 73 was pressed by player 2
[10:29:43.797] [SEVERE ] player 2 placing token on slot 1
[10:29:43.823] [SEVERE ] updating countdown to 45000
[10:29:43.839] [SEVERE ] key 87 was pressed by player 1
[10:29:43.839] [SEVERE ] player 1 placing token on slot 1
[10:29:44.826] [SEVERE ] updating countdown to 44000
[10:29:44.831] [SEVERE ] key 69 was pressed by player 1
[10:29:44.831] [SEVERE ] player 1 placing token on slot 2
[10:29:44.831] [SEVERE ] setting player 1 freeze to 3000
[10:29:44.888] [SEVERE ] key 79 was pressed by player 2
[10:29:44.888] [SEVERE ] player 2 placing token on slot 2
[10:29:44.888] [SEVERE ] setting player 2 freeze to 3000
[10:29:45.833] [SEVERE ] setting player 1 freeze to 2000
[10:29:45.833] [SEVERE ] updating countdown to 43000
[10:29:45.899] [SEVERE ] setting player 2 freeze to 2000
[10:29:46.839] [SEVERE ] setting player 1 freeze to 1000
[10:29:46.841] [SEVERE ] updating countdown to 42000
[10:29:46.901] [SEVERE ] setting player 2 freeze to 1000
[10:29:47.847] [SEVERE ] setting player 1 freeze to 0
[10:29:47.852] [SEVERE ] updating countdown to 41000
[10:29:47.904] [SEVERE ] setting player 2 freeze to 0
[10:29:48.853] [SEVERE ] updating countdown to 40000
[10:29:49.869] [SEVERE ] updating countdown to 39000
[10:29:49.961] [SEVERE ] key 81 was pressed by player 1
[10:29:49.961] [SEVERE ] removing player 1 token from slot 0
[10:29:50.463] [SEVERE ] key 87 was pressed by player 1
[10:29:50.463] [SEVERE ] removing player 1 token from slot 1
[10:29:50.804] [SEVERE ] key 73 was pressed by player 2
[10:29:50.807] [SEVERE ] removing player 2 token from slot 1
[10:29:50.870] [SEVERE ] updating countdown to 38000
[10:29:51.183] [SEVERE ] key 79 was pressed by player 2
[10:29:51.183] [SEVERE ] removing player 2 token from slot 2
[10:29:51.888] [SEVERE ] updating countdown to 37000
[10:29:51.924] [SEVERE ] key 81 was pressed by player 1
[10:29:51.924] [SEVERE ] player 1 placing token on slot 0
[10:29:52.304] [SEVERE ] key 81 was pressed by player 1
[10:29:52.304] [SEVERE ] removing player 1 token from slot 0
[10:29:52.694] [SEVERE ] key 87 was pressed by player 1
[10:29:52.694] [SEVERE ] player 1 placing token on slot 1
[10:29:52.889] [SEVERE ] updating countdown to 36000
[10:29:53.242] [SEVERE ] key 87 was pressed by player 1
[10:29:53.242] [SEVERE ] removing player 1 token from slot 1
[10:29:53.600] [SEVERE ] key 87 was pressed by player 1
[10:29:53.600] [SEVERE ] player 1 placing token on slot 1
[10:29:53.910] [SEVERE ] updating countdown to 35000
[10:29:54.919] [SEVERE ] updating countdown to 34000
[10:29:55.936] [SEVERE ] updating countdown to 33000
[10:29:56.938] [SEVERE ] updating countdown to 32000
[10:29:57.953] [SEVERE ] updating countdown to 31000
[10:29:58.967] [SEVERE ] updating countdown to 30000
[10:29:59.978] [SEVERE ] updating countdown to 29000
[10:30:00.993] [SEVERE ] updating countdown to 28000
[10:30:01.999] [SEVERE ] updating countdown to 27000
[10:30:03.018] [SEVERE ] updating countdown to 26000
[10:30:04.032] [SEVERE ] updating countdown to 25000
[10:30:05.052] [SEVERE ] updating countdown to 24000
[10:30:06.057] [SEVERE ] updating countdown to 23000
[10:30:07.072] [SEVERE ] updating countdown to 22000
[10:30:08.090] [SEVERE ] updating countdown to 21000
[10:30:09.110] [SEVERE ] updating countdown to 20000
[10:30:10.117] [SEVERE ] updating countdown to 19000
[10:30:11.131] [SEVERE ] updating countdown to 18000
[10:30:12.132] [SEVERE ] updating countdown to 17000
[10:30:13.154] [SEVERE ] updating countdown to 16000
[10:30:14.171] [SEVERE ] updating countdown to 15000
[10:30:15.188] [SEVERE ] updating countdown to 14000
[10:30:16.205] [SEVERE ] updating countdown to 13000
[10:30:17.218] [SEVERE ] updating countdown to 12000
[10:30:18.238] [SEVERE ] updating countdown to 11000
[10:30:19.243] [SEVERE ] updating countdown to 10000
[10:30:20.258] [SEVERE ] updating countdown to 9000
[10:30:21.261] [SEVERE ] updating countdown to 8000
[10:30:22.268] [SEVERE ] updating countdown to 7000
[10:30:23.284] [SEVERE ] updating countdown to 6000
[10:30:24.293] [SEVERE ] updating countdown to 5000
[10:30:25.309] [SEVERE ] updating countdown to 4000
[10:30:26.312] [SEVERE ] updating countdown to 3000
[10:30:27.329] [SEVERE ] updating countdown to 2000
[10:30:28.338] [SEVERE ] updating countdown to 1000
[10:30:29.357] [SEVERE ] updating countdown to 0
[10:30:30.357] [SEVERE ] removing player 1 token from slot 2
[10:30:30.361] [SEVERE ] removing player 1 token from slot 1
[10:30:30.361] [SEVERE ] removing player 2 token from slot 0
[10:30:30.468] [SEVERE ] removing card from slot 0
[10:30:30.573] [SEVERE ] removing card from slot 1
[10:30:30.677] [SEVERE ] removing card from slot 2
[10:30:30.779] [SEVERE ] removing card from slot 3
[10:30:30.889] [SEVERE ] removing card from slot 4
[10:30:30.993] [SEVERE ] removing card from slot 5
[10:30:31.097] [SEVERE ] removing card from slot 6
[10:30:31.201] [SEVERE ] removing card from slot 7
[10:30:31.312] [SEVERE ] removing card from slot 8
[10:30:31.415] [SEVERE ] removing card from slot 9
[10:30:31.526] [SEVERE ] removing card from slot 10
[10:30:31.632] [SEVERE ] removing card from slot 11
[10:30:31.747] [SEVERE ] placing card 58 in slot 0
[10:30:31.859] [SEVERE ] placing card 52 in slot 1
[10:30:31.962] [SEVERE ] placing card 48 in slot 2
[10:30:32.074] [SEVERE ] placing card 3 in slot 3
[10:30:32.180] [SEVERE ] placing card 61 in slot 4
[10:30:32.291] [SEVERE ] placing card 51 in slot 5
[10:30:32.395] [SEVERE ] placing card 49 in slot 6
[10:30:32.498] [SEVERE ] placing card 6 in slot 7
[10:30:32.605] [SEVERE ] placing card 55 in slot 8
[10:30:32.712] [SEVERE ] placing card 45 in slot 9
[10:30:32.824] [SEVERE ] placing card 44 in slot 10
[10:30:32.936] [SEVERE ] placing card 4 in slot 11
[10:30:32.936] [SEVERE ] updating countdown to 60000
[10:30:33.947] [SEVERE ] updating countdown to 59000
[10:30:34.963] [SEVERE ] updating countdown to 58000
