[11:15:51.927] [INFO   ] thread main starting.
[11:15:51.932] [SEVERE ] cannot read configuration file config.properties trying from resources.
[11:15:51.941] [SEVERE ] configuration file was loaded from resources directory.
[11:15:52.791] [INFO   ] thread dealer starting.
[11:15:52.792] [INFO   ] thread player 0 starting.
[11:15:52.794] [INFO   ] thread player 1 starting.
[11:15:52.802] [INFO   ] thread player 0 starting.
[11:15:52.804] [INFO   ] thread player 1 starting.
[11:15:52.804] [INFO   ] thread dealer starting.
[11:15:52.925] [SEVERE ] placing card 3 in slot 0
[11:15:53.037] [SEVERE ] placing card 30 in slot 1
[11:15:53.148] [SEVERE ] placing card 50 in slot 2
[11:15:53.260] [SEVERE ] placing card 62 in slot 3
[11:15:53.372] [SEVERE ] placing card 58 in slot 4
[11:15:53.484] [SEVERE ] placing card 51 in slot 5
[11:15:53.594] [SEVERE ] placing card 20 in slot 6
[11:15:53.706] [SEVERE ] placing card 4 in slot 7
[11:15:53.818] [SEVERE ] placing card 21 in slot 8
[11:15:53.930] [SEVERE ] placing card 74 in slot 9
[11:15:53.972] [SEVERE ] key 83 was pressed by player 1
[11:15:54.042] [SEVERE ] placing card 69 in slot 10
[11:15:54.154] [SEVERE ] placing card 13 in slot 11
[11:15:54.173] [SEVERE ] key 76 was pressed by player 2
[11:15:54.333] [SEVERE ] key 81 was pressed by player 1
[11:15:54.482] [SEVERE ] key 87 was pressed by player 1
