[23:41:52.394] [INFO   ] thread main starting.
[23:41:52.410] [SEVERE ] cannot read configuration file config.properties trying from resources.
[23:41:52.410] [SEVERE ] configuration file was loaded from resources directory.
[23:41:53.092] [INFO   ] thread dealer starting.
[23:41:53.093] [INFO   ] thread player 0 starting.
[23:41:53.094] [INFO   ] thread player 1 starting.
[23:41:53.094] [INFO   ] thread player 0 starting.
[23:41:53.095] [INFO   ] thread dealer starting.
[23:41:53.095] [INFO   ] thread player 1 starting.
[23:41:53.208] [SEVERE ] placing card 55 in slot 0
[23:41:53.325] [SEVERE ] placing card 80 in slot 1
[23:41:53.426] [SEVERE ] placing card 27 in slot 2
[23:41:53.541] [SEVERE ] placing card 24 in slot 3
[23:41:53.658] [SEVERE ] placing card 68 in slot 4
[23:41:53.775] [SEVERE ] placing card 79 in slot 5
[23:41:53.876] [SEVERE ] placing card 3 in slot 6
[23:41:53.989] [SEVERE ] placing card 67 in slot 7
[23:41:54.100] [SEVERE ] placing card 54 in slot 8
[23:41:54.210] [SEVERE ] placing card 13 in slot 9
[23:41:54.319] [SEVERE ] placing card 7 in slot 10
[23:41:54.429] [SEVERE ] placing card 32 in slot 11
[23:41:55.440] [SEVERE ] updating countdown to 59000
[23:41:56.454] [SEVERE ] updating countdown to 58000
[23:41:57.456] [SEVERE ] updating countdown to 57000
[23:41:58.472] [SEVERE ] updating countdown to 56000
[23:41:59.488] [SEVERE ] updating countdown to 55000
[23:41:59.543] [SEVERE ] key 65 was pressed by player 1
[23:41:59.543] [SEVERE ] player 1 placing token on slot 4
[23:41:59.844] [SEVERE ] key 83 was pressed by player 1
[23:41:59.844] [SEVERE ] player 1 placing token on slot 5
[23:42:00.315] [SEVERE ] key 90 was pressed by player 1
[23:42:00.315] [SEVERE ] player 1 placing token on slot 8
[23:42:00.489] [SEVERE ] updating countdown to 54000
[23:42:05.726] [SEVERE ] removing player 1 token from slot 4
[23:42:05.727] [SEVERE ] removing card from slot 4
[23:42:05.845] [SEVERE ] removing player 1 token from slot 5
[23:42:05.846] [SEVERE ] removing card from slot 5
[23:42:05.955] [SEVERE ] removing player 1 token from slot 8
[23:42:05.956] [SEVERE ] removing card from slot 8
[23:42:06.185] [SEVERE ] placing card 77 in slot 4
[23:42:06.296] [SEVERE ] placing card 41 in slot 5
[23:42:06.405] [SEVERE ] placing card 37 in slot 8
[23:42:15.493] [SEVERE ] setting player 1 score to 1
[23:42:15.504] [SEVERE ] setting player 1 freeze to 1000
[23:42:16.520] [SEVERE ] setting player 1 freeze to 0
