[19:47:33.457] [INFO   ] thread main starting.
[19:47:33.469] [SEVERE ] cannot read configuration file config.properties trying from resources.
[19:47:33.471] [SEVERE ] configuration file was loaded from resources directory.
[19:47:34.183] [INFO   ] thread dealer starting.
[19:47:34.184] [INFO   ] thread player 0 starting.
[19:47:34.186] [INFO   ] thread player 1 starting.
[19:47:34.187] [INFO   ] thread dealer starting.
[19:47:34.189] [INFO   ] thread player 1 starting.
[19:47:34.191] [INFO   ] thread player 0 starting.
[19:47:34.310] [SEVERE ] placing card 46 in slot 0
[19:47:34.419] [SEVERE ] placing card 19 in slot 1
[19:47:34.528] [SEVERE ] placing card 78 in slot 2
[19:47:34.638] [SEVERE ] placing card 21 in slot 3
[19:47:34.748] [SEVERE ] placing card 27 in slot 4
[19:47:34.857] [SEVERE ] placing card 80 in slot 5
[19:47:34.965] [SEVERE ] placing card 22 in slot 6
[19:47:35.075] [SEVERE ] placing card 73 in slot 7
[19:47:35.184] [SEVERE ] placing card 15 in slot 8
[19:47:35.292] [SEVERE ] placing card 28 in slot 9
[19:47:35.402] [SEVERE ] placing card 41 in slot 10
[19:47:35.509] [SEVERE ] placing card 7 in slot 11
[19:47:36.519] [SEVERE ] updating countdown to 59000
[19:47:36.882] [SEVERE ] key 81 was pressed by player 1
[19:47:36.882] [SEVERE ] player 1 placing token on slot 0
[19:47:36.900] [SEVERE ] key 80 was pressed by player 2
[19:47:36.901] [SEVERE ] player 2 placing token on slot 3
[19:47:36.986] [SEVERE ] key 79 was pressed by player 2
[19:47:36.987] [SEVERE ] player 2 placing token on slot 2
[19:47:37.047] [SEVERE ] key 87 was pressed by player 1
[19:47:37.049] [SEVERE ] player 1 placing token on slot 1
[19:47:37.197] [SEVERE ] key 83 was pressed by player 1
[19:47:37.197] [SEVERE ] player 1 placing token on slot 5
[19:47:37.198] [SEVERE ] setting player 1 freeze to 3000
[19:47:37.331] [SEVERE ] key 76 was pressed by player 2
[19:47:37.331] [SEVERE ] player 2 placing token on slot 6
[19:47:37.332] [SEVERE ] setting player 2 freeze to 3000
[19:47:37.525] [SEVERE ] updating countdown to 58000
[19:47:38.206] [SEVERE ] setting player 1 freeze to 2000
[19:47:38.345] [SEVERE ] setting player 2 freeze to 2000
[19:47:38.357] [SEVERE ] key 83 was pressed by player 1
[19:47:38.517] [SEVERE ] key 76 was pressed by player 2
[19:47:38.533] [SEVERE ] updating countdown to 57000
[19:47:38.659] [SEVERE ] key 87 was pressed by player 1
[19:47:39.219] [SEVERE ] setting player 1 freeze to 1000
[19:47:39.345] [SEVERE ] setting player 2 freeze to 1000
[19:47:39.548] [SEVERE ] updating countdown to 56000
[19:47:40.230] [SEVERE ] setting player 1 freeze to 0
[19:47:40.356] [SEVERE ] setting player 2 freeze to 0
[19:47:40.562] [SEVERE ] updating countdown to 55000
[19:47:40.823] [SEVERE ] key 81 was pressed by player 1
[19:47:40.823] [SEVERE ] removing player 1 token from slot 0
[19:47:40.860] [SEVERE ] key 80 was pressed by player 2
[19:47:40.860] [SEVERE ] removing player 2 token from slot 3
[19:47:40.930] [SEVERE ] key 79 was pressed by player 2
[19:47:40.930] [SEVERE ] removing player 2 token from slot 2
[19:47:41.019] [SEVERE ] key 87 was pressed by player 1
[19:47:41.019] [SEVERE ] removing player 1 token from slot 1
[19:47:41.172] [SEVERE ] key 83 was pressed by player 1
[19:47:41.173] [SEVERE ] removing player 1 token from slot 5
[19:47:41.289] [SEVERE ] key 76 was pressed by player 2
[19:47:41.289] [SEVERE ] removing player 2 token from slot 6
[19:47:41.574] [SEVERE ] updating countdown to 54000
[19:47:42.589] [SEVERE ] updating countdown to 53000
[19:47:43.601] [SEVERE ] updating countdown to 52000
[19:47:44.615] [SEVERE ] updating countdown to 51000
[19:47:44.821] [SEVERE ] key 69 was pressed by player 1
[19:47:44.821] [SEVERE ] player 1 placing token on slot 2
[19:47:45.241] [SEVERE ] key 69 was pressed by player 1
[19:47:45.242] [SEVERE ] removing player 1 token from slot 2
[19:47:45.456] [SEVERE ] key 82 was pressed by player 1
[19:47:45.457] [SEVERE ] player 1 placing token on slot 3
[19:47:45.628] [SEVERE ] updating countdown to 50000
[19:47:46.192] [SEVERE ] key 80 was pressed by player 2
[19:47:46.193] [SEVERE ] player 2 placing token on slot 3
[19:47:46.637] [SEVERE ] updating countdown to 49000
[19:47:47.645] [SEVERE ] updating countdown to 48000
[19:47:47.750] [SEVERE ] key 83 was pressed by player 1
[19:47:47.750] [SEVERE ] player 1 placing token on slot 5
[19:47:48.064] [SEVERE ] key 76 was pressed by player 2
[19:47:48.065] [SEVERE ] player 2 placing token on slot 6
[19:47:48.433] [SEVERE ] key 76 was pressed by player 2
[19:47:48.433] [SEVERE ] removing player 2 token from slot 6
[19:47:48.638] [SEVERE ] key 75 was pressed by player 2
[19:47:48.638] [SEVERE ] player 2 placing token on slot 5
[19:47:48.657] [SEVERE ] updating countdown to 47000
[19:47:49.635] [SEVERE ] key 85 was pressed by player 2
[19:47:49.636] [SEVERE ] player 2 placing token on slot 0
[19:47:49.636] [SEVERE ] setting player 2 score to 1
[19:47:49.637] [SEVERE ] setting player 2 freeze to 1000
[19:47:49.666] [SEVERE ] updating countdown to 46000
[19:47:49.856] [SEVERE ] key 81 was pressed by player 1
[19:47:49.856] [SEVERE ] player 1 placing token on slot 0
[19:47:50.647] [SEVERE ] setting player 2 freeze to 0
[19:47:50.648] [SEVERE ] setting player 1 score to 1
[19:47:50.649] [SEVERE ] setting player 1 freeze to 1000
[19:47:51.658] [SEVERE ] setting player 1 freeze to 0
[19:47:51.658] [SEVERE ] removing player 1 token from slot 3
[19:47:51.659] [SEVERE ] removing player 2 token from slot 3
[19:47:51.659] [SEVERE ] removing card from slot 3
[19:47:51.660] [SEVERE ] removing player 1 token from slot 5
[19:47:51.660] [SEVERE ] removing player 2 token from slot 5
[19:47:51.661] [SEVERE ] removing card from slot 5
[19:47:51.766] [SEVERE ] removing player 1 token from slot 0
[19:47:51.766] [SEVERE ] removing player 2 token from slot 0
[19:47:51.767] [SEVERE ] removing card from slot 0
[19:47:51.985] [SEVERE ] placing card 55 in slot 0
[19:47:52.096] [SEVERE ] placing card 49 in slot 3
[19:47:52.203] [SEVERE ] placing card 16 in slot 5
[19:47:52.205] [INFO   ] thread dealer terminated.
