[12:42:43.033] [INFO   ] thread main starting.
[12:42:43.048] [SEVERE ] cannot read configuration file config.properties trying from resources.
[12:42:43.050] [SEVERE ] configuration file was loaded from resources directory.
[12:42:44.022] [INFO   ] thread dealer starting.
[12:42:44.049] [INFO   ] thread player 0 starting.
[12:42:44.052] [INFO   ] thread player 1 starting.
[12:42:44.052] [INFO   ] thread player 0 starting.
[12:42:44.052] [INFO   ] thread dealer starting.
[12:42:44.054] [INFO   ] thread player 1 starting.
[12:42:44.174] [SEVERE ] placing card 6 in slot 0
[12:42:44.282] [SEVERE ] placing card 3 in slot 1
[12:42:44.391] [SEVERE ] placing card 39 in slot 2
[12:42:44.500] [SEVERE ] placing card 32 in slot 3
[12:42:44.610] [SEVERE ] placing card 20 in slot 4
[12:42:44.718] [SEVERE ] placing card 13 in slot 5
[12:42:44.827] [SEVERE ] placing card 78 in slot 6
[12:42:44.936] [SEVERE ] placing card 79 in slot 7
[12:42:45.046] [SEVERE ] placing card 77 in slot 8
[12:42:45.155] [SEVERE ] placing card 4 in slot 9
[12:42:45.264] [SEVERE ] placing card 59 in slot 10
[12:42:45.375] [SEVERE ] placing card 15 in slot 11
[12:42:46.402] [SEVERE ] updating countdown to 59000
[12:42:47.426] [SEVERE ] updating countdown to 58000
[12:42:47.867] [SEVERE ] key 81 was pressed by player 1
[12:42:47.869] [SEVERE ] player 1 placing token on slot 0
[12:42:48.436] [SEVERE ] updating countdown to 57000
[12:42:49.411] [SEVERE ] key 65 was pressed by player 1
[12:42:49.412] [SEVERE ] player 1 placing token on slot 4
[12:42:49.452] [SEVERE ] updating countdown to 56000
[12:42:49.583] [SEVERE ] key 83 was pressed by player 1
[12:42:49.584] [SEVERE ] player 1 placing token on slot 5
[12:42:50.465] [SEVERE ] updating countdown to 55000
[12:42:51.475] [SEVERE ] updating countdown to 54000
[12:42:52.485] [SEVERE ] updating countdown to 53000
[12:42:53.501] [SEVERE ] updating countdown to 52000
[12:42:54.507] [SEVERE ] updating countdown to 51000
[12:42:55.516] [SEVERE ] updating countdown to 50000
[12:42:56.529] [SEVERE ] updating countdown to 49000
[12:42:57.541] [SEVERE ] updating countdown to 48000
[12:42:58.556] [SEVERE ] updating countdown to 47000
[12:42:59.562] [SEVERE ] updating countdown to 46000
[12:43:00.569] [SEVERE ] updating countdown to 45000
[12:43:01.612] [SEVERE ] updating countdown to 44000
[12:43:02.629] [SEVERE ] updating countdown to 43000
[12:43:03.640] [SEVERE ] updating countdown to 42000
[12:43:04.650] [SEVERE ] updating countdown to 41000
[12:43:05.660] [SEVERE ] updating countdown to 40000
[12:43:06.671] [SEVERE ] updating countdown to 39000
[12:43:07.683] [SEVERE ] updating countdown to 38000
[12:43:08.692] [SEVERE ] updating countdown to 37000
[12:43:09.704] [SEVERE ] updating countdown to 36000
[12:43:10.712] [SEVERE ] updating countdown to 35000
[12:43:11.727] [SEVERE ] updating countdown to 34000
[12:43:12.737] [SEVERE ] updating countdown to 33000
[12:43:13.745] [SEVERE ] updating countdown to 32000
[12:43:14.752] [SEVERE ] updating countdown to 31000
[12:43:15.763] [SEVERE ] updating countdown to 30000
[12:43:16.780] [SEVERE ] updating countdown to 29000
[12:43:17.796] [SEVERE ] updating countdown to 28000
[12:43:18.807] [SEVERE ] updating countdown to 27000
[12:43:19.817] [SEVERE ] updating countdown to 26000
[12:43:20.837] [SEVERE ] updating countdown to 25000
[12:43:21.841] [SEVERE ] updating countdown to 24000
[12:43:22.854] [SEVERE ] updating countdown to 23000
[12:43:23.863] [SEVERE ] updating countdown to 22000
[12:43:24.874] [SEVERE ] updating countdown to 21000
[12:43:25.886] [SEVERE ] updating countdown to 20000
[12:43:26.901] [SEVERE ] updating countdown to 19000
[12:43:27.909] [SEVERE ] updating countdown to 18000
[12:43:28.927] [SEVERE ] updating countdown to 17000
[12:43:29.937] [SEVERE ] updating countdown to 16000
[12:43:30.950] [SEVERE ] updating countdown to 15000
[12:43:31.957] [SEVERE ] updating countdown to 14000
[12:43:32.971] [SEVERE ] updating countdown to 13000
[12:43:33.982] [SEVERE ] updating countdown to 12000
[12:43:34.986] [SEVERE ] updating countdown to 11000
[12:43:35.999] [SEVERE ] updating countdown to 10000
[12:43:37.014] [SEVERE ] updating countdown to 9000
[12:43:38.021] [SEVERE ] updating countdown to 8000
[12:43:39.030] [SEVERE ] updating countdown to 7000
