[18:59:58.668] [INFO   ] thread main starting.
[18:59:58.678] [SEVERE ] cannot read configuration file config.properties trying from resources.
[18:59:58.680] [SEVERE ] configuration file was loaded from resources directory.
[18:59:59.347] [INFO   ] thread dealer starting.
[18:59:59.347] [INFO   ] thread player 0 starting.
[18:59:59.348] [INFO   ] thread player 1 starting.
[18:59:59.348] [INFO   ] thread player 0 starting.
[18:59:59.348] [INFO   ] thread dealer starting.
[18:59:59.366] [INFO   ] thread player 1 starting.
[18:59:59.477] [SEVERE ] placing card 76 in slot 0
[18:59:59.586] [SEVERE ] placing card 20 in slot 1
[18:59:59.694] [SEVERE ] placing card 45 in slot 2
[18:59:59.801] [SEVERE ] placing card 78 in slot 3
[18:59:59.910] [SEVERE ] placing card 66 in slot 4
[19:00:00.018] [SEVERE ] placing card 58 in slot 5
[19:00:00.127] [SEVERE ] placing card 23 in slot 6
[19:00:00.236] [SEVERE ] placing card 77 in slot 7
[19:00:00.346] [SEVERE ] placing card 21 in slot 8
[19:00:00.454] [SEVERE ] placing card 8 in slot 9
[19:00:00.563] [SEVERE ] placing card 56 in slot 10
[19:00:00.673] [SEVERE ] placing card 46 in slot 11
[19:00:01.688] [SEVERE ] updating countdown to 59000
[19:00:02.708] [SEVERE ] updating countdown to 58000
[19:00:03.719] [SEVERE ] updating countdown to 57000
[19:00:03.970] [SEVERE ] key 80 was pressed by player 2
[19:00:03.971] [SEVERE ] player 2 placing token on slot 3
[19:00:04.087] [SEVERE ] key 79 was pressed by player 2
[19:00:04.088] [SEVERE ] player 2 placing token on slot 2
[19:00:04.184] [SEVERE ] key 81 was pressed by player 1
[19:00:04.184] [SEVERE ] player 1 placing token on slot 0
[19:00:04.379] [SEVERE ] key 87 was pressed by player 1
[19:00:04.379] [SEVERE ] player 1 placing token on slot 1
[19:00:04.626] [SEVERE ] key 75 was pressed by player 2
[19:00:04.626] [SEVERE ] player 2 placing token on slot 5
[19:00:04.628] [SEVERE ] setting player 2 freeze to 3000
[19:00:04.733] [SEVERE ] updating countdown to 56000
[19:00:04.783] [SEVERE ] key 83 was pressed by player 1
[19:00:04.783] [SEVERE ] player 1 placing token on slot 5
[19:00:04.784] [SEVERE ] setting player 1 freeze to 3000
[19:00:05.630] [SEVERE ] setting player 2 freeze to 2000
[19:00:05.742] [SEVERE ] updating countdown to 55000
[19:00:05.786] [SEVERE ] setting player 1 freeze to 2000
[19:00:06.644] [SEVERE ] setting player 2 freeze to 1000
[19:00:06.757] [SEVERE ] updating countdown to 54000
[19:00:06.801] [SEVERE ] setting player 1 freeze to 1000
[19:00:06.804] [SEVERE ] key 83 was pressed by player 1
[19:00:07.655] [SEVERE ] setting player 2 freeze to 0
[19:00:07.767] [SEVERE ] updating countdown to 53000
[19:00:07.811] [SEVERE ] setting player 1 freeze to 0
[19:00:07.925] [SEVERE ] key 83 was pressed by player 1
[19:00:07.925] [SEVERE ] removing player 1 token from slot 5
[19:00:08.465] [SEVERE ] key 87 was pressed by player 1
[19:00:08.465] [SEVERE ] removing player 1 token from slot 1
[19:00:08.778] [SEVERE ] key 79 was pressed by player 2
[19:00:08.779] [SEVERE ] removing player 2 token from slot 2
[19:00:08.781] [SEVERE ] updating countdown to 52000
[19:00:09.076] [SEVERE ] key 81 was pressed by player 1
[19:00:09.077] [SEVERE ] removing player 1 token from slot 0
[19:00:09.290] [SEVERE ] key 80 was pressed by player 2
[19:00:09.291] [SEVERE ] removing player 2 token from slot 3
[19:00:09.619] [SEVERE ] key 83 was pressed by player 1
[19:00:09.620] [SEVERE ] player 1 placing token on slot 5
[19:00:09.787] [SEVERE ] updating countdown to 51000
[19:00:10.164] [SEVERE ] key 83 was pressed by player 1
[19:00:10.164] [SEVERE ] removing player 1 token from slot 5
[19:00:10.795] [SEVERE ] updating countdown to 50000
[19:00:11.660] [SEVERE ] key 74 was pressed by player 2
[19:00:11.661] [SEVERE ] player 2 placing token on slot 4
[19:00:11.804] [SEVERE ] updating countdown to 49000
[19:00:12.067] [SEVERE ] key 74 was pressed by player 2
[19:00:12.068] [SEVERE ] removing player 2 token from slot 4
[19:00:12.297] [SEVERE ] key 75 was pressed by player 2
[19:00:12.297] [SEVERE ] removing player 2 token from slot 5
[19:00:12.816] [SEVERE ] updating countdown to 48000
[19:00:13.825] [SEVERE ] updating countdown to 47000
[19:00:14.841] [SEVERE ] updating countdown to 46000
[19:00:15.846] [SEVERE ] updating countdown to 45000
[19:00:16.521] [SEVERE ] key 65 was pressed by player 1
[19:00:16.521] [SEVERE ] player 1 placing token on slot 4
[19:00:16.785] [SEVERE ] key 74 was pressed by player 2
[19:00:16.787] [SEVERE ] player 2 placing token on slot 4
[19:00:16.858] [SEVERE ] updating countdown to 44000
[19:00:17.379] [SEVERE ] key 65 was pressed by player 1
[19:00:17.380] [SEVERE ] removing player 1 token from slot 4
[19:00:17.622] [SEVERE ] key 74 was pressed by player 2
[19:00:17.623] [SEVERE ] removing player 2 token from slot 4
[19:00:17.868] [SEVERE ] updating countdown to 43000
[19:00:18.375] [SEVERE ] key 83 was pressed by player 1
[19:00:18.375] [SEVERE ] player 1 placing token on slot 5
[19:00:18.887] [SEVERE ] updating countdown to 42000
[19:00:19.347] [SEVERE ] key 75 was pressed by player 2
[19:00:19.347] [SEVERE ] player 2 placing token on slot 5
[19:00:19.904] [SEVERE ] updating countdown to 41000
[19:00:20.913] [SEVERE ] updating countdown to 40000
[19:00:21.920] [SEVERE ] updating countdown to 39000
[19:00:22.203] [SEVERE ] key 59 was pressed by player 2
[19:00:22.204] [SEVERE ] player 2 placing token on slot 7
[19:00:22.938] [SEVERE ] updating countdown to 38000
[19:00:23.818] [SEVERE ] key 70 was pressed by player 1
[19:00:23.818] [SEVERE ] player 1 placing token on slot 7
[19:00:23.950] [SEVERE ] updating countdown to 37000
[19:00:24.959] [SEVERE ] updating countdown to 36000
[19:00:25.767] [SEVERE ] key 74 was pressed by player 2
[19:00:25.767] [SEVERE ] player 2 placing token on slot 4
[19:00:25.768] [SEVERE ] setting player 2 score to 1
[19:00:25.771] [SEVERE ] setting player 2 freeze to 1000
[19:00:25.970] [SEVERE ] updating countdown to 35000
[19:00:26.029] [SEVERE ] key 65 was pressed by player 1
[19:00:26.029] [SEVERE ] player 1 placing token on slot 4
[19:00:26.776] [SEVERE ] setting player 2 freeze to 0
[19:00:26.777] [SEVERE ] setting player 1 score to 1
[19:00:26.778] [SEVERE ] setting player 1 freeze to 1000
[19:00:27.781] [SEVERE ] setting player 1 freeze to 0
[19:00:27.783] [SEVERE ] removing player 1 token from slot 5
[19:00:27.783] [SEVERE ] removing player 2 token from slot 5
[19:00:27.784] [SEVERE ] removing card from slot 5
[19:00:27.784] [SEVERE ] removing player 1 token from slot 7
[19:00:27.784] [SEVERE ] removing player 2 token from slot 7
[19:00:27.785] [SEVERE ] removing card from slot 7
[19:00:27.889] [SEVERE ] removing player 1 token from slot 4
[19:00:27.889] [SEVERE ] removing player 2 token from slot 4
[19:00:27.889] [SEVERE ] removing card from slot 4
[19:00:28.106] [SEVERE ] placing card 10 in slot 4
[19:00:28.217] [SEVERE ] placing card 24 in slot 5
[19:00:28.325] [SEVERE ] placing card 50 in slot 7
[19:00:28.328] [SEVERE ] updating countdown to 60000
