[21:14:10.032] [INFO   ] thread main starting.
[21:14:10.044] [SEVERE ] cannot read configuration file config.properties trying from resources.
[21:14:10.049] [SEVERE ] configuration file was loaded from resources directory.
[21:14:10.652] [INFO   ] thread dealer starting.
[21:14:10.659] [INFO   ] thread player 0 starting.
[21:14:10.662] [INFO   ] thread player 1 starting.
[21:14:10.663] [INFO   ] thread player 0 starting.
[21:14:10.665] [INFO   ] thread dealer starting.
[21:14:10.666] [INFO   ] thread player 1 starting.
[21:14:10.787] [SEVERE ] placing card 46 in slot 0
[21:14:10.891] [SEVERE ] placing card 68 in slot 1
[21:14:11.004] [SEVERE ] placing card 80 in slot 2
[21:14:11.108] [SEVERE ] placing card 23 in slot 3
[21:14:11.215] [SEVERE ] placing card 11 in slot 4
[21:14:11.328] [SEVERE ] placing card 7 in slot 5
[21:14:11.429] [SEVERE ] placing card 64 in slot 6
[21:14:11.541] [SEVERE ] placing card 61 in slot 7
[21:14:11.643] [SEVERE ] placing card 73 in slot 8
[21:14:11.746] [SEVERE ] placing card 3 in slot 9
[21:14:11.859] [SEVERE ] placing card 65 in slot 10
[21:14:11.959] [SEVERE ] placing card 75 in slot 11
[21:14:12.972] [SEVERE ] updating countdown to 59000
[21:14:13.987] [SEVERE ] updating countdown to 58000
[21:14:14.992] [SEVERE ] updating countdown to 57000
[21:14:15.599] [SEVERE ] key 69 was pressed by player 1
[21:14:15.599] [SEVERE ] player 1 placing token on slot 2
[21:14:15.882] [SEVERE ] key 73 was pressed by player 2
[21:14:15.882] [SEVERE ] player 2 placing token on slot 1
[21:14:15.997] [SEVERE ] updating countdown to 56000
[21:14:16.252] [SEVERE ] key 73 was pressed by player 2
[21:14:16.252] [SEVERE ] removing player 2 token from slot 1
[21:14:16.492] [SEVERE ] key 79 was pressed by player 2
[21:14:16.492] [SEVERE ] player 2 placing token on slot 2
[21:14:16.954] [SEVERE ] key 69 was pressed by player 1
[21:14:16.954] [SEVERE ] removing player 1 token from slot 2
[21:14:17.002] [SEVERE ] updating countdown to 55000
[21:14:17.219] [SEVERE ] key 79 was pressed by player 2
[21:14:17.219] [SEVERE ] removing player 2 token from slot 2
[21:14:17.542] [SEVERE ] key 69 was pressed by player 1
[21:14:17.542] [SEVERE ] player 1 placing token on slot 2
[21:14:17.842] [SEVERE ] key 79 was pressed by player 2
[21:14:17.842] [SEVERE ] player 2 placing token on slot 2
[21:14:18.015] [SEVERE ] updating countdown to 54000
[21:14:18.162] [SEVERE ] key 69 was pressed by player 1
[21:14:18.172] [SEVERE ] removing player 1 token from slot 2
[21:14:18.506] [SEVERE ] key 79 was pressed by player 2
[21:14:18.506] [SEVERE ] removing player 2 token from slot 2
[21:14:19.018] [SEVERE ] updating countdown to 53000
[21:14:19.432] [SEVERE ] key 69 was pressed by player 1
[21:14:19.437] [SEVERE ] player 1 placing token on slot 2
[21:14:19.731] [SEVERE ] key 79 was pressed by player 2
[21:14:19.731] [SEVERE ] player 2 placing token on slot 2
[21:14:20.034] [SEVERE ] updating countdown to 52000
[21:14:20.112] [SEVERE ] key 69 was pressed by player 1
[21:14:20.115] [SEVERE ] removing player 1 token from slot 2
[21:14:20.342] [SEVERE ] key 79 was pressed by player 2
[21:14:20.342] [SEVERE ] removing player 2 token from slot 2
[21:14:21.037] [SEVERE ] updating countdown to 51000
[21:14:21.042] [SEVERE ] key 70 was pressed by player 1
[21:14:21.042] [SEVERE ] player 1 placing token on slot 7
[21:14:21.352] [SEVERE ] key 59 was pressed by player 2
[21:14:21.352] [SEVERE ] player 2 placing token on slot 7
[21:14:22.052] [SEVERE ] updating countdown to 50000
[21:14:22.367] [SEVERE ] key 70 was pressed by player 1
[21:14:22.367] [SEVERE ] removing player 1 token from slot 7
[21:14:22.493] [SEVERE ] key 59 was pressed by player 2
[21:14:22.493] [SEVERE ] removing player 2 token from slot 7
[21:14:23.066] [SEVERE ] updating countdown to 49000
[21:14:23.803] [SEVERE ] key 90 was pressed by player 1
[21:14:23.803] [SEVERE ] player 1 placing token on slot 8
[21:14:24.066] [SEVERE ] updating countdown to 48000
[21:14:24.533] [SEVERE ] key 77 was pressed by player 2
[21:14:24.533] [SEVERE ] player 2 placing token on slot 8
[21:14:25.082] [SEVERE ] updating countdown to 47000
[21:14:25.370] [SEVERE ] key 88 was pressed by player 1
[21:14:25.370] [SEVERE ] player 1 placing token on slot 9
[21:14:25.686] [SEVERE ] key 44 was pressed by player 2
[21:14:25.686] [SEVERE ] player 2 placing token on slot 9
[21:14:26.085] [SEVERE ] updating countdown to 46000
[21:14:27.102] [SEVERE ] updating countdown to 45000
[21:14:27.392] [SEVERE ] key 79 was pressed by player 2
[21:14:27.392] [SEVERE ] player 2 placing token on slot 2
[21:14:27.504] [SEVERE ] key 69 was pressed by player 1
[21:14:27.504] [SEVERE ] player 1 placing token on slot 2
[21:14:28.104] [SEVERE ] updating countdown to 44000
[21:14:29.108] [SEVERE ] updating countdown to 43000
[21:14:30.118] [SEVERE ] updating countdown to 42000
[21:14:31.132] [SEVERE ] updating countdown to 41000
[21:14:32.134] [SEVERE ] updating countdown to 40000
[21:14:33.143] [SEVERE ] updating countdown to 39000
[21:14:34.147] [SEVERE ] updating countdown to 38000
[21:14:35.160] [SEVERE ] updating countdown to 37000
[21:14:36.170] [SEVERE ] updating countdown to 36000
[21:14:37.185] [SEVERE ] updating countdown to 35000
[21:14:38.202] [SEVERE ] updating countdown to 34000
[21:14:39.204] [SEVERE ] updating countdown to 33000
[21:14:40.222] [SEVERE ] updating countdown to 32000
[21:14:41.229] [SEVERE ] updating countdown to 31000
