[20:19:32.264] [INFO   ] thread main starting.
[20:19:32.276] [SEVERE ] cannot read configuration file config.properties trying from resources.
[20:19:32.278] [SEVERE ] configuration file was loaded from resources directory.
[20:19:32.870] [INFO   ] thread dealer starting.
[20:19:32.871] [INFO   ] thread player 0 starting.
[20:19:32.872] [INFO   ] thread player 1 starting.
[20:19:32.873] [INFO   ] thread dealer starting.
[20:19:32.879] [INFO   ] thread player 0 starting.
[20:19:32.879] [INFO   ] thread player 1 starting.
[20:19:32.989] [SEVERE ] placing card 51 in slot 0
[20:19:33.097] [SEVERE ] placing card 58 in slot 1
[20:19:33.208] [SEVERE ] placing card 17 in slot 2
[20:19:33.316] [SEVERE ] placing card 6 in slot 3
[20:19:33.425] [SEVERE ] placing card 43 in slot 4
[20:19:33.535] [SEVERE ] placing card 24 in slot 5
[20:19:33.645] [SEVERE ] placing card 56 in slot 6
[20:19:33.754] [SEVERE ] placing card 0 in slot 7
[20:19:33.863] [SEVERE ] placing card 63 in slot 8
[20:19:33.972] [SEVERE ] placing card 75 in slot 9
[20:19:34.081] [SEVERE ] placing card 21 in slot 10
[20:19:34.191] [SEVERE ] placing card 67 in slot 11
[20:19:35.210] [SEVERE ] updating countdown to 59000
[20:19:35.567] [SEVERE ] key 81 was pressed by player 1
[20:19:35.568] [SEVERE ] player 1 placing token on slot 0
[20:19:35.587] [SEVERE ] key 80 was pressed by player 2
[20:19:35.587] [SEVERE ] player 2 placing token on slot 3
[20:19:35.673] [SEVERE ] key 79 was pressed by player 2
[20:19:35.674] [SEVERE ] player 2 placing token on slot 2
[20:19:35.750] [SEVERE ] key 87 was pressed by player 1
[20:19:35.751] [SEVERE ] player 1 placing token on slot 1
[20:19:35.896] [SEVERE ] key 83 was pressed by player 1
[20:19:35.896] [SEVERE ] player 1 placing token on slot 5
[20:19:35.897] [SEVERE ] setting player 1 freeze to 3000
[20:19:35.994] [SEVERE ] key 76 was pressed by player 2
[20:19:35.994] [SEVERE ] player 2 placing token on slot 6
[20:19:35.997] [SEVERE ] setting player 2 freeze to 3000
[20:19:36.214] [SEVERE ] updating countdown to 58000
[20:19:36.913] [SEVERE ] setting player 1 freeze to 2000
[20:19:37.008] [SEVERE ] setting player 2 freeze to 2000
[20:19:37.227] [SEVERE ] updating countdown to 57000
[20:19:37.926] [SEVERE ] setting player 1 freeze to 1000
[20:19:38.022] [SEVERE ] setting player 2 freeze to 1000
[20:19:38.241] [SEVERE ] updating countdown to 56000
[20:19:38.930] [SEVERE ] setting player 1 freeze to 0
[20:19:39.023] [SEVERE ] setting player 2 freeze to 0
[20:19:39.128] [SEVERE ] key 83 was pressed by player 1
[20:19:39.128] [SEVERE ] removing player 1 token from slot 5
[20:19:39.247] [SEVERE ] key 76 was pressed by player 2
[20:19:39.247] [SEVERE ] removing player 2 token from slot 6
[20:19:39.258] [SEVERE ] updating countdown to 55000
[20:19:39.424] [SEVERE ] key 87 was pressed by player 1
[20:19:39.424] [SEVERE ] removing player 1 token from slot 1
[20:19:39.951] [SEVERE ] key 80 was pressed by player 2
[20:19:39.953] [SEVERE ] removing player 2 token from slot 3
[20:19:40.270] [SEVERE ] updating countdown to 54000
[20:19:40.313] [SEVERE ] key 81 was pressed by player 1
[20:19:40.314] [SEVERE ] removing player 1 token from slot 0
[20:19:40.558] [SEVERE ] key 79 was pressed by player 2
[20:19:40.558] [SEVERE ] removing player 2 token from slot 2
[20:19:41.283] [SEVERE ] updating countdown to 53000
[20:19:42.293] [SEVERE ] updating countdown to 52000
[20:19:43.310] [SEVERE ] updating countdown to 51000
[20:19:44.324] [SEVERE ] updating countdown to 50000
[20:19:44.883] [SEVERE ] key 65 was pressed by player 1
[20:19:44.884] [SEVERE ] player 1 placing token on slot 4
[20:19:45.007] [SEVERE ] key 74 was pressed by player 2
[20:19:45.007] [SEVERE ] player 2 placing token on slot 4
[20:19:45.338] [SEVERE ] updating countdown to 49000
[20:19:45.641] [SEVERE ] key 65 was pressed by player 1
[20:19:45.641] [SEVERE ] removing player 1 token from slot 4
[20:19:45.893] [SEVERE ] key 74 was pressed by player 2
[20:19:45.893] [SEVERE ] removing player 2 token from slot 4
[20:19:46.348] [SEVERE ] updating countdown to 48000
[20:19:46.408] [SEVERE ] key 68 was pressed by player 1
[20:19:46.409] [SEVERE ] player 1 placing token on slot 6
[20:19:46.680] [SEVERE ] key 75 was pressed by player 2
[20:19:46.681] [SEVERE ] player 2 placing token on slot 5
[20:19:47.046] [SEVERE ] key 75 was pressed by player 2
[20:19:47.047] [SEVERE ] removing player 2 token from slot 5
[20:19:47.235] [SEVERE ] key 76 was pressed by player 2
[20:19:47.235] [SEVERE ] player 2 placing token on slot 6
[20:19:47.358] [SEVERE ] updating countdown to 47000
[20:19:48.368] [SEVERE ] updating countdown to 46000
[20:19:48.664] [SEVERE ] key 67 was pressed by player 1
[20:19:48.664] [SEVERE ] player 1 placing token on slot 10
[20:19:48.975] [SEVERE ] key 77 was pressed by player 2
[20:19:48.976] [SEVERE ] player 2 placing token on slot 8
[20:19:49.379] [SEVERE ] updating countdown to 45000
[20:19:49.389] [SEVERE ] key 77 was pressed by player 2
[20:19:49.389] [SEVERE ] removing player 2 token from slot 8
[20:19:49.587] [SEVERE ] key 44 was pressed by player 2
[20:19:49.587] [SEVERE ] player 2 placing token on slot 9
[20:19:49.980] [SEVERE ] key 77 was pressed by player 2
[20:19:49.980] [SEVERE ] player 2 placing token on slot 8
[20:19:49.981] [SEVERE ] setting player 2 freeze to 3000
[20:19:50.392] [SEVERE ] updating countdown to 44000
[20:19:50.982] [SEVERE ] setting player 2 freeze to 2000
[20:19:51.401] [SEVERE ] updating countdown to 43000
[20:19:51.993] [SEVERE ] setting player 2 freeze to 1000
[20:19:52.412] [SEVERE ] updating countdown to 42000
[20:19:53.005] [SEVERE ] setting player 2 freeze to 0
[20:19:53.428] [SEVERE ] updating countdown to 41000
[20:19:53.831] [SEVERE ] key 77 was pressed by player 2
[20:19:53.832] [SEVERE ] removing player 2 token from slot 8
[20:19:54.205] [SEVERE ] key 44 was pressed by player 2
[20:19:54.205] [SEVERE ] removing player 2 token from slot 9
[20:19:54.442] [SEVERE ] updating countdown to 40000
[20:19:54.882] [SEVERE ] key 46 was pressed by player 2
[20:19:54.882] [SEVERE ] player 2 placing token on slot 10
[20:19:55.452] [SEVERE ] updating countdown to 39000
[20:19:56.464] [SEVERE ] updating countdown to 38000
[20:19:56.489] [SEVERE ] key 74 was pressed by player 2
[20:19:56.490] [SEVERE ] player 2 placing token on slot 4
[20:19:56.490] [SEVERE ] setting player 2 score to 1
[20:19:56.491] [SEVERE ] setting player 2 freeze to 1000
[20:19:56.783] [SEVERE ] key 65 was pressed by player 1
[20:19:56.783] [SEVERE ] player 1 placing token on slot 4
[20:19:57.477] [SEVERE ] updating countdown to 37000
[20:19:57.506] [SEVERE ] setting player 2 freeze to 0
[20:19:57.507] [SEVERE ] setting player 1 score to 1
[20:19:57.508] [SEVERE ] setting player 1 freeze to 1000
[20:19:58.519] [SEVERE ] setting player 1 freeze to 0
[20:19:58.521] [SEVERE ] removing player 1 token from slot 6
[20:19:58.522] [SEVERE ] removing player 2 token from slot 6
[20:19:58.522] [SEVERE ] removing card from slot 6
[20:19:58.523] [SEVERE ] removing player 1 token from slot 10
[20:19:58.523] [SEVERE ] removing player 2 token from slot 10
[20:19:58.523] [SEVERE ] removing card from slot 10
[20:19:58.630] [SEVERE ] removing player 1 token from slot 4
[20:19:58.630] [SEVERE ] removing player 2 token from slot 4
[20:19:58.631] [SEVERE ] removing card from slot 4
[20:19:58.848] [SEVERE ] placing card 61 in slot 4
[20:19:58.957] [SEVERE ] placing card 52 in slot 6
[20:19:59.068] [SEVERE ] placing card 49 in slot 10
[20:19:59.070] [SEVERE ] updating countdown to 60000
[20:20:00.079] [SEVERE ] updating countdown to 59000
