[19:06:38.196] [INFO   ] thread main starting.
[19:06:38.207] [SEVERE ] cannot read configuration file config.properties trying from resources.
[19:06:38.209] [SEVERE ] configuration file was loaded from resources directory.
[19:06:38.776] [INFO   ] thread dealer starting.
[19:06:38.776] [INFO   ] thread player 0 starting.
[19:06:38.777] [INFO   ] thread player 1 starting.
[19:06:38.777] [INFO   ] thread player 0 starting.
[19:06:38.777] [INFO   ] thread dealer starting.
[19:06:38.786] [INFO   ] thread player 1 starting.
[19:06:38.895] [SEVERE ] placing card 37 in slot 0
[19:06:39.003] [SEVERE ] placing card 50 in slot 1
[19:06:39.112] [SEVERE ] placing card 79 in slot 2
[19:06:39.220] [SEVERE ] placing card 71 in slot 3
[19:06:39.327] [SEVERE ] placing card 21 in slot 4
[19:06:39.435] [SEVERE ] placing card 13 in slot 5
[19:06:39.545] [SEVERE ] placing card 17 in slot 6
[19:06:39.654] [SEVERE ] placing card 61 in slot 7
[19:06:39.763] [SEVERE ] placing card 24 in slot 8
[19:06:39.872] [SEVERE ] placing card 69 in slot 9
[19:06:39.981] [SEVERE ] placing card 65 in slot 10
[19:06:40.088] [SEVERE ] placing card 23 in slot 11
[19:06:41.099] [SEVERE ] updating countdown to 59000
[19:06:41.747] [SEVERE ] key 80 was pressed by player 2
[19:06:41.747] [SEVERE ] player 2 placing token on slot 3
[19:06:41.893] [SEVERE ] key 79 was pressed by player 2
[19:06:41.893] [SEVERE ] player 2 placing token on slot 2
[19:06:42.034] [SEVERE ] key 81 was pressed by player 1
[19:06:42.034] [SEVERE ] player 1 placing token on slot 0
[19:06:42.115] [SEVERE ] updating countdown to 58000
[19:06:42.329] [SEVERE ] key 87 was pressed by player 1
[19:06:42.330] [SEVERE ] player 1 placing token on slot 1
[19:06:42.624] [SEVERE ] key 75 was pressed by player 2
[19:06:42.625] [SEVERE ] player 2 placing token on slot 5
[19:06:42.626] [SEVERE ] setting player 2 freeze to 3000
[19:06:42.984] [SEVERE ] key 83 was pressed by player 1
[19:06:42.985] [SEVERE ] player 1 placing token on slot 5
[19:06:42.986] [SEVERE ] setting player 1 freeze to 3000
[19:06:43.129] [SEVERE ] updating countdown to 57000
[19:06:43.628] [SEVERE ] setting player 2 freeze to 2000
[19:06:44.002] [SEVERE ] setting player 1 freeze to 2000
[19:06:44.141] [SEVERE ] updating countdown to 56000
[19:06:44.640] [SEVERE ] setting player 2 freeze to 1000
[19:06:45.014] [SEVERE ] setting player 1 freeze to 1000
[19:06:45.156] [SEVERE ] updating countdown to 55000
[19:06:45.648] [SEVERE ] setting player 2 freeze to 0
[19:06:46.024] [SEVERE ] setting player 1 freeze to 0
[19:06:46.164] [SEVERE ] updating countdown to 54000
[19:06:46.438] [SEVERE ] key 83 was pressed by player 1
[19:06:46.439] [SEVERE ] removing player 1 token from slot 5
[19:06:46.676] [SEVERE ] key 75 was pressed by player 2
[19:06:46.676] [SEVERE ] removing player 2 token from slot 5
[19:06:46.966] [SEVERE ] key 87 was pressed by player 1
[19:06:46.966] [SEVERE ] removing player 1 token from slot 1
[19:06:47.174] [SEVERE ] updating countdown to 53000
[19:06:47.286] [SEVERE ] key 79 was pressed by player 2
[19:06:47.286] [SEVERE ] removing player 2 token from slot 2
[19:06:47.570] [SEVERE ] key 81 was pressed by player 1
[19:06:47.570] [SEVERE ] removing player 1 token from slot 0
[19:06:47.725] [SEVERE ] key 80 was pressed by player 2
[19:06:47.725] [SEVERE ] removing player 2 token from slot 3
[19:06:48.183] [SEVERE ] updating countdown to 52000
[19:06:49.194] [SEVERE ] updating countdown to 51000
[19:06:50.205] [SEVERE ] updating countdown to 50000
[19:06:51.215] [SEVERE ] updating countdown to 49000
[19:06:52.229] [SEVERE ] updating countdown to 48000
[19:06:53.243] [SEVERE ] updating countdown to 47000
[19:06:54.254] [SEVERE ] updating countdown to 46000
[19:06:55.266] [SEVERE ] updating countdown to 45000
