[11:20:37.765] [INFO   ] thread main starting.
[11:20:37.772] [SEVERE ] cannot read configuration file config.properties trying from resources.
[11:20:37.772] [SEVERE ] configuration file was loaded from resources directory.
[11:20:38.564] [INFO   ] thread dealer starting.
[11:20:38.564] [INFO   ] thread player 0 starting.
[11:20:38.564] [INFO   ] thread player 1 starting.
[11:20:38.564] [INFO   ] thread player 0 starting.
[11:20:38.564] [INFO   ] thread dealer starting.
[11:20:38.564] [INFO   ] thread player 1 starting.
[11:20:38.685] [SEVERE ] placing card 72 in slot 0
[11:20:38.797] [SEVERE ] placing card 26 in slot 1
[11:20:38.908] [SEVERE ] placing card 23 in slot 2
[11:20:39.022] [SEVERE ] placing card 67 in slot 3
[11:20:39.137] [SEVERE ] placing card 53 in slot 4
[11:20:39.247] [SEVERE ] placing card 24 in slot 5
[11:20:39.359] [SEVERE ] placing card 16 in slot 6
[11:20:39.470] [SEVERE ] placing card 38 in slot 7
[11:20:39.582] [SEVERE ] placing card 1 in slot 8
[11:20:39.693] [SEVERE ] placing card 66 in slot 9
[11:20:39.806] [SEVERE ] placing card 52 in slot 10
[11:20:39.918] [SEVERE ] placing card 54 in slot 11
[11:20:40.936] [SEVERE ] updating countdown to 59000
[11:20:41.958] [SEVERE ] updating countdown to 58000
[11:20:42.961] [SEVERE ] updating countdown to 57000
[11:20:43.977] [SEVERE ] updating countdown to 56000
[11:20:44.985] [SEVERE ] updating countdown to 55000
[11:20:45.832] [SEVERE ] key 81 was pressed by player 1
[11:20:45.832] [SEVERE ] player 1 placing token on slot 0
[11:20:46.012] [SEVERE ] updating countdown to 54000
[11:20:47.035] [SEVERE ] updating countdown to 53000
[11:20:47.785] [SEVERE ] key 70 was pressed by player 1
[11:20:47.786] [SEVERE ] player 1 placing token on slot 7
[11:20:48.041] [SEVERE ] updating countdown to 52000
[11:20:48.792] [SEVERE ] key 90 was pressed by player 1
[11:20:48.792] [SEVERE ] player 1 placing token on slot 8
[11:20:48.796] [SEVERE ] setting player 1 score to 1
[11:20:48.799] [SEVERE ] setting player 1 freeze to 1000
[11:20:49.051] [SEVERE ] updating countdown to 51000
[11:20:49.056] [SEVERE ] removing player 1 token from slot 0
[11:20:49.162] [SEVERE ] removing card from slot 0
[11:20:49.162] [SEVERE ] removing player 1 token from slot 7
[11:20:49.267] [SEVERE ] removing card from slot 7
[11:20:49.267] [SEVERE ] removing player 1 token from slot 8
[11:20:49.382] [SEVERE ] removing card from slot 8
[11:20:49.495] [SEVERE ] placing card 68 in slot 0
[11:20:49.607] [SEVERE ] placing card 78 in slot 7
[11:20:49.718] [SEVERE ] placing card 44 in slot 8
[11:20:49.813] [SEVERE ] setting player 1 freeze to 0
[11:20:49.813] [SEVERE ] updating countdown to 60000
[11:20:50.824] [SEVERE ] updating countdown to 59000
[11:20:51.839] [SEVERE ] updating countdown to 58000
[11:20:52.853] [SEVERE ] updating countdown to 57000
[11:20:53.864] [SEVERE ] updating countdown to 56000
[11:20:54.876] [SEVERE ] updating countdown to 55000
[11:20:55.891] [SEVERE ] updating countdown to 54000
[11:20:56.905] [SEVERE ] updating countdown to 53000
[11:20:57.921] [SEVERE ] updating countdown to 52000
[11:20:58.933] [SEVERE ] updating countdown to 51000
[11:20:59.952] [SEVERE ] updating countdown to 50000
[11:21:00.112] [SEVERE ] key 81 was pressed by player 1
[11:21:00.112] [SEVERE ] player 1 placing token on slot 0
[11:21:00.783] [SEVERE ] key 82 was pressed by player 1
[11:21:00.783] [SEVERE ] player 1 placing token on slot 3
[11:21:00.961] [SEVERE ] updating countdown to 49000
[11:21:01.972] [SEVERE ] updating countdown to 48000
[11:21:02.252] [SEVERE ] key 88 was pressed by player 1
[11:21:02.262] [SEVERE ] player 1 placing token on slot 9
[11:21:02.262] [SEVERE ] setting player 1 score to 2
[11:21:02.262] [SEVERE ] setting player 1 freeze to 1000
[11:21:02.977] [SEVERE ] updating countdown to 47000
[11:21:02.982] [SEVERE ] removing player 1 token from slot 0
[11:21:03.094] [SEVERE ] removing card from slot 0
[11:21:03.094] [SEVERE ] removing player 1 token from slot 3
[11:21:03.200] [SEVERE ] removing card from slot 3
[11:21:03.200] [SEVERE ] removing player 1 token from slot 9
[11:21:03.269] [SEVERE ] setting player 1 freeze to 0
[11:21:03.374] [SEVERE ] placing card 49 in slot 0
[11:21:03.484] [SEVERE ] placing card 47 in slot 3
[11:21:04.486] [SEVERE ] updating countdown to 60000
[11:21:05.490] [SEVERE ] updating countdown to 59000
[11:21:06.497] [SEVERE ] updating countdown to 58000
