[19:17:22.961] [INFO   ] thread main starting.
[19:17:22.975] [SEVERE ] cannot read configuration file config.properties trying from resources.
[19:17:22.975] [SEVERE ] configuration file was loaded from resources directory.
[19:17:23.693] [INFO   ] thread dealer starting.
[19:17:23.693] [INFO   ] thread player 0 starting.
[19:17:23.697] [INFO   ] thread player 1 starting.
[19:17:23.697] [INFO   ] thread player 0 starting.
[19:17:23.697] [INFO   ] thread dealer starting.
[19:17:23.714] [INFO   ] thread player 1 starting.
[19:17:23.830] [SEVERE ] placing card 53 in slot 0
[19:17:23.942] [SEVERE ] placing card 50 in slot 1
[19:17:24.053] [SEVERE ] placing card 75 in slot 2
[19:17:24.164] [SEVERE ] placing card 0 in slot 3
[19:17:24.274] [SEVERE ] placing card 25 in slot 4
[19:17:24.385] [SEVERE ] placing card 18 in slot 5
[19:17:24.496] [SEVERE ] placing card 80 in slot 6
[19:17:24.606] [SEVERE ] placing card 26 in slot 7
[19:17:24.717] [SEVERE ] placing card 67 in slot 8
[19:17:24.828] [SEVERE ] placing card 59 in slot 9
[19:17:24.938] [SEVERE ] placing card 68 in slot 10
[19:17:25.048] [SEVERE ] placing card 56 in slot 11
[19:17:26.073] [SEVERE ] updating countdown to 60000
[19:17:27.077] [SEVERE ] updating countdown to 59000
[19:17:28.089] [SEVERE ] updating countdown to 58000
[19:17:29.097] [SEVERE ] updating countdown to 57000
[19:17:29.166] [SEVERE ] key 81 was pressed by player 1
[19:17:29.166] [SEVERE ] player 1 placing token on slot 0
[19:17:29.288] [SEVERE ] key 85 was pressed by player 2
[19:17:29.288] [SEVERE ] player 2 placing token on slot 0
[19:17:29.652] [SEVERE ] key 81 was pressed by player 1
[19:17:29.652] [SEVERE ] removing player 1 token from slot 0
[19:17:29.810] [SEVERE ] key 85 was pressed by player 2
[19:17:29.822] [SEVERE ] removing player 2 token from slot 0
[19:17:30.118] [SEVERE ] updating countdown to 56000
[19:17:31.128] [SEVERE ] updating countdown to 55000
[19:17:32.145] [SEVERE ] updating countdown to 54000
[19:17:33.159] [SEVERE ] updating countdown to 53000
[19:17:34.164] [SEVERE ] updating countdown to 52000
[19:17:35.176] [SEVERE ] updating countdown to 51000
[19:17:35.179] [SEVERE ] key 81 was pressed by player 1
[19:17:35.179] [SEVERE ] player 1 placing token on slot 0
[19:17:35.391] [SEVERE ] key 85 was pressed by player 2
[19:17:35.392] [SEVERE ] player 2 placing token on slot 0
[19:17:36.185] [SEVERE ] updating countdown to 50000
[19:17:36.513] [SEVERE ] key 82 was pressed by player 1
[19:17:36.513] [SEVERE ] player 1 placing token on slot 3
[19:17:36.796] [SEVERE ] key 80 was pressed by player 2
[19:17:36.796] [SEVERE ] player 2 placing token on slot 3
[19:17:37.192] [SEVERE ] updating countdown to 49000
[19:17:38.197] [SEVERE ] updating countdown to 48000
[19:17:38.867] [SEVERE ] key 82 was pressed by player 1
[19:17:38.873] [SEVERE ] removing player 1 token from slot 3
[19:17:38.962] [SEVERE ] key 80 was pressed by player 2
[19:17:38.962] [SEVERE ] removing player 2 token from slot 3
[19:17:39.200] [SEVERE ] updating countdown to 47000
[19:17:40.205] [SEVERE ] updating countdown to 46000
[19:17:41.222] [SEVERE ] updating countdown to 45000
[19:17:42.231] [SEVERE ] updating countdown to 44000
[19:17:43.243] [SEVERE ] updating countdown to 43000
[19:17:44.261] [SEVERE ] updating countdown to 42000
[19:17:44.520] [SEVERE ] key 68 was pressed by player 1
[19:17:44.520] [SEVERE ] player 1 placing token on slot 6
[19:17:45.262] [SEVERE ] updating countdown to 41000
[19:17:46.278] [SEVERE ] updating countdown to 40000
[19:17:46.617] [SEVERE ] key 80 was pressed by player 2
[19:17:46.617] [SEVERE ] player 2 placing token on slot 3
[19:17:47.298] [SEVERE ] updating countdown to 39000
[19:17:48.306] [SEVERE ] updating countdown to 38000
[19:17:49.322] [SEVERE ] updating countdown to 37000
[19:17:49.739] [SEVERE ] key 77 was pressed by player 2
[19:17:49.740] [SEVERE ] player 2 placing token on slot 8
[19:17:49.959] [SEVERE ] key 70 was pressed by player 1
[19:17:49.959] [SEVERE ] player 1 placing token on slot 7
[19:17:50.325] [SEVERE ] updating countdown to 36000
[19:17:50.333] [SEVERE ] removing player 1 token from slot 0
[19:17:50.335] [SEVERE ] removing player 2 token from slot 0
[19:17:50.335] [SEVERE ] removing card from slot 0
[19:17:50.436] [SEVERE ] removing player 2 token from slot 3
[19:17:50.436] [SEVERE ] removing card from slot 3
[19:17:50.538] [SEVERE ] removing player 2 token from slot 8
[19:17:50.538] [SEVERE ] removing card from slot 8
[19:17:50.759] [SEVERE ] placing card 40 in slot 0
[19:17:50.869] [SEVERE ] placing card 5 in slot 3
[19:17:50.979] [SEVERE ] placing card 69 in slot 8
[19:17:50.979] [SEVERE ] setting player 2 score to 1
[19:17:50.984] [SEVERE ] setting player 2 freeze to 1000
[19:17:50.994] [SEVERE ] updating countdown to 61000
[19:17:51.995] [SEVERE ] setting player 2 freeze to 0
[19:17:51.995] [SEVERE ] updating countdown to 60000
[19:17:53.002] [SEVERE ] updating countdown to 59000
[19:17:54.011] [SEVERE ] updating countdown to 58000
[19:17:55.029] [SEVERE ] updating countdown to 57000
[19:17:56.037] [SEVERE ] updating countdown to 56000
[19:17:57.039] [SEVERE ] updating countdown to 55000
[19:17:58.056] [SEVERE ] updating countdown to 54000
[19:17:59.068] [SEVERE ] updating countdown to 53000
[19:18:00.086] [SEVERE ] updating countdown to 52000
[19:18:01.091] [SEVERE ] updating countdown to 51000
[19:18:02.108] [SEVERE ] updating countdown to 50000
[19:18:03.122] [SEVERE ] updating countdown to 49000
[19:18:04.138] [SEVERE ] updating countdown to 48000
[19:18:05.144] [SEVERE ] updating countdown to 47000
[19:18:06.158] [SEVERE ] updating countdown to 46000
[19:18:07.163] [SEVERE ] updating countdown to 45000
[19:18:08.169] [SEVERE ] updating countdown to 44000
[19:18:09.181] [SEVERE ] updating countdown to 43000
[19:18:10.189] [SEVERE ] updating countdown to 42000
[19:18:11.191] [SEVERE ] updating countdown to 41000
[19:18:12.203] [SEVERE ] updating countdown to 40000
[19:18:13.222] [SEVERE ] updating countdown to 39000
[19:18:14.228] [SEVERE ] updating countdown to 38000
[19:18:15.229] [SEVERE ] updating countdown to 37000
[19:18:16.238] [SEVERE ] updating countdown to 36000
[19:18:17.239] [SEVERE ] updating countdown to 35000
[19:18:18.256] [SEVERE ] updating countdown to 34000
[19:18:19.268] [SEVERE ] updating countdown to 33000
[19:18:20.272] [SEVERE ] updating countdown to 32000
[19:18:21.287] [SEVERE ] updating countdown to 31000
[19:18:22.292] [SEVERE ] updating countdown to 30000
[19:18:23.149] [SEVERE ] key 81 was pressed by player 1
[19:18:23.149] [SEVERE ] player 1 placing token on slot 0
[19:18:23.307] [SEVERE ] setting player 1 freeze to 3000
[19:18:23.314] [SEVERE ] updating countdown to 29000
[19:18:23.333] [SEVERE ] key 85 was pressed by player 2
[19:18:23.333] [SEVERE ] player 2 placing token on slot 0
[19:18:24.323] [SEVERE ] setting player 1 freeze to 2000
[19:18:24.326] [SEVERE ] updating countdown to 28000
[19:18:25.338] [SEVERE ] setting player 1 freeze to 1000
[19:18:25.338] [SEVERE ] updating countdown to 27000
[19:18:26.338] [SEVERE ] setting player 1 freeze to 0
[19:18:26.354] [SEVERE ] updating countdown to 26000
[19:18:26.551] [SEVERE ] key 81 was pressed by player 1
[19:18:26.551] [SEVERE ] removing player 1 token from slot 0
[19:18:27.370] [SEVERE ] updating countdown to 25000
[19:18:28.387] [SEVERE ] updating countdown to 24000
[19:18:28.420] [SEVERE ] key 75 was pressed by player 2
[19:18:28.420] [SEVERE ] player 2 placing token on slot 5
[19:18:28.983] [SEVERE ] key 74 was pressed by player 2
[19:18:28.995] [SEVERE ] player 2 placing token on slot 4
[19:18:29.394] [SEVERE ] setting player 2 freeze to 3000
[19:18:29.397] [SEVERE ] updating countdown to 23000
[19:18:30.139] [SEVERE ] key 80 was pressed by player 2
[19:18:30.406] [SEVERE ] setting player 2 freeze to 2000
[19:18:30.406] [SEVERE ] updating countdown to 22000
[19:18:30.677] [SEVERE ] key 81 was pressed by player 1
[19:18:30.677] [SEVERE ] player 1 placing token on slot 0
[19:18:31.418] [SEVERE ] setting player 2 freeze to 1000
[19:18:31.420] [SEVERE ] setting player 1 freeze to 3000
[19:18:31.420] [SEVERE ] updating countdown to 21000
[19:18:32.426] [SEVERE ] setting player 2 freeze to 0
[19:18:32.426] [SEVERE ] setting player 1 freeze to 2000
[19:18:32.429] [SEVERE ] updating countdown to 20000
[19:18:32.884] [SEVERE ] key 81 was pressed by player 1
[19:18:33.441] [SEVERE ] setting player 1 freeze to 1000
[19:18:33.442] [SEVERE ] updating countdown to 19000
[19:18:34.456] [SEVERE ] setting player 1 freeze to 0
[19:18:34.458] [SEVERE ] updating countdown to 18000
[19:18:35.466] [SEVERE ] updating countdown to 17000
[19:18:35.493] [SEVERE ] key 65 was pressed by player 1
[19:18:36.472] [SEVERE ] updating countdown to 16000
[19:18:37.487] [SEVERE ] key 75 was pressed by player 2
[19:18:37.487] [SEVERE ] removing player 2 token from slot 5
[19:18:37.489] [SEVERE ] updating countdown to 15000
[19:18:38.505] [SEVERE ] updating countdown to 14000
[19:18:38.833] [SEVERE ] key 74 was pressed by player 2
[19:18:38.833] [SEVERE ] removing player 2 token from slot 4
[19:18:39.512] [SEVERE ] updating countdown to 13000
[19:18:40.141] [SEVERE ] key 70 was pressed by player 1
[19:18:40.141] [SEVERE ] removing player 1 token from slot 7
[19:18:40.520] [SEVERE ] updating countdown to 12000
[19:18:41.537] [SEVERE ] updating countdown to 11000
[19:18:42.097] [SEVERE ] key 68 was pressed by player 1
[19:18:42.097] [SEVERE ] removing player 1 token from slot 6
[19:18:42.545] [SEVERE ] updating countdown to 10000
[19:18:43.558] [SEVERE ] updating countdown to 9000
[19:18:44.560] [SEVERE ] updating countdown to 8000
[19:18:45.570] [SEVERE ] updating countdown to 7000
[19:18:45.656] [SEVERE ] key 79 was pressed by player 2
[19:18:45.656] [SEVERE ] player 2 placing token on slot 2
[19:18:46.581] [SEVERE ] updating countdown to 6000
[19:18:47.398] [SEVERE ] key 82 was pressed by player 1
[19:18:47.405] [SEVERE ] player 1 placing token on slot 3
[19:18:48.254] [SEVERE ] updating countdown to 4000
[19:18:49.945] [SEVERE ] updating countdown to 3000
[19:18:50.215] [SEVERE ] key 79 was pressed by player 2
[19:18:50.224] [SEVERE ] removing player 2 token from slot 2
[19:18:50.448] [SEVERE ] key 69 was pressed by player 1
[19:18:50.448] [SEVERE ] player 1 placing token on slot 2
[19:18:50.459] [SEVERE ] removing player 1 token from slot 0
[19:18:50.459] [SEVERE ] removing player 2 token from slot 0
[19:18:50.459] [SEVERE ] removing card from slot 0
[19:18:50.561] [SEVERE ] removing player 1 token from slot 3
[19:18:50.561] [SEVERE ] removing card from slot 3
[19:18:50.665] [SEVERE ] removing player 1 token from slot 2
[19:18:50.665] [SEVERE ] removing card from slot 2
[19:18:50.791] [SEVERE ] key 80 was pressed by player 2
[19:18:50.886] [SEVERE ] placing card 16 in slot 0
[19:18:50.997] [SEVERE ] placing card 49 in slot 2
[19:18:51.107] [SEVERE ] placing card 3 in slot 3
[19:18:51.108] [SEVERE ] setting player 1 score to 1
[19:18:51.110] [SEVERE ] setting player 1 freeze to 1000
[19:18:51.110] [SEVERE ] updating countdown to 60010
[19:18:52.121] [SEVERE ] setting player 1 freeze to 0
[19:18:52.124] [SEVERE ] updating countdown to 59010
[19:18:53.138] [SEVERE ] updating countdown to 58010
[19:18:54.147] [SEVERE ] updating countdown to 57010
[19:18:55.157] [SEVERE ] updating countdown to 56010
[19:18:56.165] [SEVERE ] updating countdown to 55010
[19:18:57.168] [SEVERE ] updating countdown to 54010
[19:18:58.183] [SEVERE ] updating countdown to 53010
[19:18:59.188] [SEVERE ] updating countdown to 52010
[19:19:00.199] [SEVERE ] updating countdown to 51010
[19:19:01.203] [SEVERE ] updating countdown to 50010
[19:19:02.220] [SEVERE ] updating countdown to 49010
[19:19:03.225] [SEVERE ] updating countdown to 48010
[19:19:04.229] [SEVERE ] updating countdown to 47010
