[11:42:21.094] [INFO   ] thread main starting.
[11:42:21.105] [SEVERE ] cannot read configuration file config.properties trying from resources.
[11:42:21.109] [SEVERE ] configuration file was loaded from resources directory.
[11:42:21.904] [INFO   ] thread dealer starting.
[11:42:21.904] [INFO   ] thread player 0 starting.
[11:42:21.905] [INFO   ] thread player 1 starting.
[11:42:21.906] [INFO   ] thread dealer starting.
[11:42:21.915] [INFO   ] thread player 0 starting.
[11:42:21.915] [INFO   ] thread player 1 starting.
[11:42:21.932] [INFO   ] thread computer-1 starting.
[11:42:22.025] [SEVERE ] placing card 19 in slot 0
[11:42:22.131] [SEVERE ] placing card 55 in slot 1
[11:42:22.240] [SEVERE ] placing card 36 in slot 2
[11:42:22.348] [SEVERE ] placing card 64 in slot 3
[11:42:22.458] [SEVERE ] placing card 70 in slot 4
[11:42:22.567] [SEVERE ] placing card 2 in slot 5
[11:42:22.677] [SEVERE ] placing card 35 in slot 6
[11:42:22.788] [SEVERE ] placing card 31 in slot 7
[11:42:22.897] [SEVERE ] placing card 46 in slot 8
[11:42:23.008] [SEVERE ] placing card 23 in slot 9
[11:42:23.118] [SEVERE ] placing card 71 in slot 10
[11:42:23.228] [SEVERE ] placing card 15 in slot 11
[11:42:24.244] [SEVERE ] updating countdown to 59000
[11:42:25.249] [SEVERE ] updating countdown to 58000
