[10:48:19.885] [INFO   ] thread main starting.
[10:48:19.895] [SEVERE ] cannot read configuration file config.properties trying from resources.
[10:48:19.898] [SEVERE ] configuration file was loaded from resources directory.
[10:48:20.497] [INFO   ] thread dealer starting.
[10:48:20.499] [INFO   ] thread player 0 starting.
[10:48:20.501] [INFO   ] thread player 1 starting.
[10:48:20.501] [INFO   ] thread dealer starting.
[10:48:20.523] [INFO   ] thread player 1 starting.
[10:48:20.523] [INFO   ] thread player 0 starting.
[10:48:20.630] [SEVERE ] placing card 49 in slot 0
[10:48:20.740] [SEVERE ] placing card 39 in slot 1
[10:48:20.850] [SEVERE ] placing card 70 in slot 2
[10:48:20.960] [SEVERE ] placing card 74 in slot 3
[10:48:21.069] [SEVERE ] placing card 21 in slot 4
[10:48:21.179] [SEVERE ] placing card 15 in slot 5
[10:48:21.289] [SEVERE ] placing card 16 in slot 6
[10:48:21.398] [SEVERE ] placing card 64 in slot 7
[10:48:21.508] [SEVERE ] placing card 56 in slot 8
[10:48:21.618] [SEVERE ] placing card 62 in slot 9
[10:48:21.726] [SEVERE ] placing card 53 in slot 10
[10:48:21.836] [SEVERE ] placing card 28 in slot 11
[10:48:22.853] [SEVERE ] updating countdown to 59000
[10:48:23.451] [SEVERE ] key 81 was pressed by player 1
[10:48:23.451] [SEVERE ] player 1 placing token on slot 0
[10:48:23.670] [SEVERE ] key 87 was pressed by player 1
[10:48:23.671] [SEVERE ] player 1 placing token on slot 1
[10:48:23.869] [SEVERE ] updating countdown to 58000
[10:48:23.985] [SEVERE ] key 83 was pressed by player 1
[10:48:23.986] [SEVERE ] player 1 placing token on slot 5
[10:48:24.879] [SEVERE ] setting player 1 freeze to 3000
[10:48:24.882] [SEVERE ] updating countdown to 57000
[10:48:25.894] [SEVERE ] setting player 1 freeze to 2000
[10:48:25.896] [SEVERE ] updating countdown to 56000
[10:48:26.908] [SEVERE ] setting player 1 freeze to 1000
[10:48:26.910] [SEVERE ] updating countdown to 55000
[10:48:27.918] [SEVERE ] setting player 1 freeze to 0
[10:48:27.919] [SEVERE ] updating countdown to 54000
[10:48:28.714] [SEVERE ] key 83 was pressed by player 1
[10:48:28.715] [SEVERE ] removing player 1 token from slot 5
[10:48:28.931] [SEVERE ] updating countdown to 53000
[10:48:28.939] [SEVERE ] key 87 was pressed by player 1
[10:48:28.939] [SEVERE ] removing player 1 token from slot 1
[10:48:29.184] [SEVERE ] key 81 was pressed by player 1
[10:48:29.184] [SEVERE ] removing player 1 token from slot 0
[10:48:29.777] [SEVERE ] key 81 was pressed by player 1
[10:48:29.777] [SEVERE ] player 1 placing token on slot 0
[10:48:29.890] [SEVERE ] key 80 was pressed by player 2
[10:48:29.892] [SEVERE ] player 2 placing token on slot 3
[10:48:29.944] [SEVERE ] updating countdown to 52000
[10:48:30.006] [SEVERE ] key 79 was pressed by player 2
[10:48:30.007] [SEVERE ] player 2 placing token on slot 2
[10:48:30.075] [SEVERE ] key 87 was pressed by player 1
[10:48:30.075] [SEVERE ] player 1 placing token on slot 1
[10:48:30.258] [SEVERE ] key 83 was pressed by player 1
[10:48:30.259] [SEVERE ] player 1 placing token on slot 5
[10:48:30.368] [SEVERE ] key 75 was pressed by player 2
[10:48:30.368] [SEVERE ] player 2 placing token on slot 5
[10:48:30.469] [SEVERE ] key 76 was pressed by player 2
[10:48:30.958] [SEVERE ] setting player 2 freeze to 3000
[10:48:30.958] [SEVERE ] setting player 1 freeze to 3000
[10:48:30.960] [SEVERE ] updating countdown to 51000
[10:48:31.971] [SEVERE ] setting player 2 freeze to 2000
[10:48:31.971] [SEVERE ] setting player 1 freeze to 2000
[10:48:31.972] [SEVERE ] updating countdown to 50000
[10:48:32.984] [SEVERE ] setting player 2 freeze to 1000
[10:48:32.984] [SEVERE ] setting player 1 freeze to 1000
[10:48:32.986] [SEVERE ] updating countdown to 49000
[10:48:33.988] [SEVERE ] setting player 1 freeze to 0
[10:48:33.988] [SEVERE ] setting player 2 freeze to 0
[10:48:33.989] [SEVERE ] updating countdown to 48000
[10:48:34.441] [SEVERE ] key 83 was pressed by player 1
[10:48:34.441] [SEVERE ] removing player 1 token from slot 5
[10:48:34.659] [SEVERE ] key 76 was pressed by player 2
[10:48:35.003] [SEVERE ] updating countdown to 47000
[10:48:36.019] [SEVERE ] updating countdown to 46000
[10:48:36.530] [SEVERE ] key 81 was pressed by player 1
[10:48:36.530] [SEVERE ] removing player 1 token from slot 0
[10:48:36.982] [SEVERE ] key 87 was pressed by player 1
[10:48:36.983] [SEVERE ] removing player 1 token from slot 1
[10:48:37.033] [SEVERE ] updating countdown to 45000
[10:48:37.313] [SEVERE ] key 80 was pressed by player 2
[10:48:37.313] [SEVERE ] removing player 2 token from slot 3
[10:48:37.471] [SEVERE ] key 79 was pressed by player 2
[10:48:37.471] [SEVERE ] removing player 2 token from slot 2
[10:48:38.050] [SEVERE ] updating countdown to 44000
[10:48:38.292] [SEVERE ] key 83 was pressed by player 1
[10:48:38.293] [SEVERE ] player 1 placing token on slot 5
[10:48:38.667] [SEVERE ] key 83 was pressed by player 1
[10:48:38.667] [SEVERE ] removing player 1 token from slot 5
[10:48:38.927] [SEVERE ] key 75 was pressed by player 2
[10:48:38.927] [SEVERE ] removing player 2 token from slot 5
[10:48:39.053] [SEVERE ] updating countdown to 43000
[10:48:40.069] [SEVERE ] updating countdown to 42000
[10:48:41.082] [SEVERE ] updating countdown to 41000
[10:48:42.097] [SEVERE ] updating countdown to 40000
[10:48:43.013] [SEVERE ] key 83 was pressed by player 1
[10:48:43.013] [SEVERE ] player 1 placing token on slot 5
[10:48:43.109] [SEVERE ] updating countdown to 39000
[10:48:43.359] [SEVERE ] key 74 was pressed by player 2
[10:48:43.359] [SEVERE ] player 2 placing token on slot 4
[10:48:43.701] [SEVERE ] key 74 was pressed by player 2
[10:48:43.701] [SEVERE ] removing player 2 token from slot 4
[10:48:43.904] [SEVERE ] key 75 was pressed by player 2
[10:48:43.904] [SEVERE ] player 2 placing token on slot 5
[10:48:44.119] [SEVERE ] updating countdown to 38000
[10:48:45.131] [SEVERE ] updating countdown to 37000
[10:48:45.211] [SEVERE ] key 90 was pressed by player 1
[10:48:45.212] [SEVERE ] player 1 placing token on slot 8
[10:48:45.917] [SEVERE ] key 77 was pressed by player 2
[10:48:45.917] [SEVERE ] player 2 placing token on slot 8
[10:48:46.135] [SEVERE ] updating countdown to 36000
[10:48:47.150] [SEVERE ] updating countdown to 35000
[10:48:47.350] [SEVERE ] key 85 was pressed by player 2
[10:48:47.350] [SEVERE ] player 2 placing token on slot 0
[10:48:47.350] [SEVERE ] setting player 2 score to 1
[10:48:47.351] [SEVERE ] setting player 2 freeze to 1000
[10:48:47.352] [SEVERE ] removing player 1 token from slot 5
[10:48:47.352] [SEVERE ] removing player 2 token from slot 5
[10:48:47.353] [SEVERE ] removing card from slot 5
[10:48:47.462] [SEVERE ] removing player 1 token from slot 8
[10:48:47.462] [SEVERE ] removing player 2 token from slot 8
[10:48:47.463] [SEVERE ] removing card from slot 8
[10:48:47.570] [SEVERE ] removing player 2 token from slot 0
[10:48:47.570] [SEVERE ] removing card from slot 0
[10:48:47.599] [SEVERE ] key 81 was pressed by player 1
[10:48:47.792] [SEVERE ] placing card 26 in slot 0
[10:48:47.902] [SEVERE ] placing card 59 in slot 5
[10:48:48.010] [SEVERE ] placing card 13 in slot 8
[10:48:48.012] [SEVERE ] updating countdown to 60000
[10:48:48.356] [SEVERE ] setting player 2 freeze to 0
[10:48:49.028] [SEVERE ] updating countdown to 59000
[10:48:50.042] [SEVERE ] updating countdown to 58000
[10:48:51.045] [SEVERE ] updating countdown to 57000
[10:48:52.056] [SEVERE ] updating countdown to 56000
[10:48:53.071] [SEVERE ] updating countdown to 55000
