[16:32:51.133] [INFO   ] thread main starting.
[16:32:51.141] [SEVERE ] cannot read configuration file config.properties trying from resources.
[16:32:51.141] [SEVERE ] configuration file was loaded from resources directory.
[16:32:51.888] [INFO   ] thread dealer starting.
[16:32:51.892] [INFO   ] thread player 0 starting.
[16:32:51.892] [INFO   ] thread player 1 starting.
[16:32:51.900] [INFO   ] thread player 0 starting.
[16:32:51.900] [INFO   ] thread player 1 starting.
[16:32:51.900] [INFO   ] thread dealer starting.
[16:32:52.021] [SEVERE ] placing card 68 in slot 0
[16:32:52.123] [SEVERE ] placing card 4 in slot 1
[16:32:52.232] [SEVERE ] placing card 45 in slot 2
[16:32:52.337] [SEVERE ] placing card 61 in slot 3
[16:32:52.441] [SEVERE ] placing card 69 in slot 4
[16:32:52.545] [SEVERE ] placing card 70 in slot 5
[16:32:52.655] [SEVERE ] placing card 19 in slot 6
[16:32:52.765] [SEVERE ] placing card 32 in slot 7
[16:32:52.875] [SEVERE ] placing card 48 in slot 8
[16:32:52.985] [SEVERE ] placing card 56 in slot 9
[16:32:53.096] [SEVERE ] placing card 30 in slot 10
[16:32:53.206] [SEVERE ] placing card 16 in slot 11
[16:32:54.210] [SEVERE ] updating countdown to 59000
[16:32:55.212] [SEVERE ] updating countdown to 58000
[16:32:56.228] [SEVERE ] updating countdown to 57000
[16:32:57.244] [SEVERE ] updating countdown to 56000
[16:32:58.260] [SEVERE ] updating countdown to 55000
[16:32:58.577] [SEVERE ] key 81 was pressed by player 1
[16:32:58.581] [SEVERE ] player 1 placing token on slot 0
[16:32:59.273] [SEVERE ] updating countdown to 54000
[16:33:00.279] [SEVERE ] updating countdown to 53000
[16:33:01.296] [SEVERE ] updating countdown to 52000
[16:33:02.300] [SEVERE ] updating countdown to 51000
[16:33:02.605] [SEVERE ] key 90 was pressed by player 1
[16:33:02.605] [SEVERE ] player 1 placing token on slot 8
[16:33:03.313] [SEVERE ] updating countdown to 50000
[16:33:04.321] [SEVERE ] updating countdown to 49000
[16:33:05.323] [SEVERE ] updating countdown to 48000
[16:33:06.330] [SEVERE ] updating countdown to 47000
[16:33:07.349] [SEVERE ] updating countdown to 46000
[16:33:08.359] [SEVERE ] updating countdown to 45000
[16:33:08.863] [SEVERE ] key 75 was pressed by player 2
[16:33:08.863] [SEVERE ] player 2 placing token on slot 5
[16:33:09.372] [SEVERE ] updating countdown to 44000
[16:33:09.392] [SEVERE ] key 75 was pressed by player 2
[16:33:09.392] [SEVERE ] removing player 2 token from slot 5
[16:33:09.965] [SEVERE ] key 76 was pressed by player 2
[16:33:09.965] [SEVERE ] player 2 placing token on slot 6
[16:33:10.377] [SEVERE ] updating countdown to 43000
[16:33:10.950] [SEVERE ] key 46 was pressed by player 2
[16:33:10.950] [SEVERE ] player 2 placing token on slot 10
[16:33:11.393] [SEVERE ] updating countdown to 42000
[16:33:11.844] [SEVERE ] key 46 was pressed by player 2
[16:33:11.844] [SEVERE ] removing player 2 token from slot 10
[16:33:12.044] [SEVERE ] key 47 was pressed by player 2
[16:33:12.044] [SEVERE ] player 2 placing token on slot 11
[16:33:12.407] [SEVERE ] updating countdown to 41000
[16:33:13.418] [SEVERE ] updating countdown to 40000
[16:33:14.437] [SEVERE ] updating countdown to 39000
[16:33:15.446] [SEVERE ] updating countdown to 38000
[16:33:16.329] [SEVERE ] key 73 was pressed by player 2
[16:33:16.329] [SEVERE ] player 2 placing token on slot 1
[16:33:16.452] [SEVERE ] updating countdown to 37000
[16:33:16.452] [SEVERE ] removing player 2 token from slot 6
[16:33:16.452] [SEVERE ] removing card from slot 6
[16:33:16.526] [SEVERE ] key 87 was pressed by player 1
[16:33:16.526] [SEVERE ] player 1 placing token on slot 1
[16:33:16.558] [SEVERE ] removing player 2 token from slot 11
[16:33:16.558] [SEVERE ] removing card from slot 11
[16:33:16.673] [SEVERE ] removing player 1 token from slot 1
[16:33:16.673] [SEVERE ] removing player 2 token from slot 1
[16:33:16.673] [SEVERE ] removing card from slot 1
[16:33:16.894] [SEVERE ] placing card 31 in slot 1
[16:33:17.005] [SEVERE ] placing card 15 in slot 6
[16:33:17.116] [SEVERE ] placing card 18 in slot 11
[16:33:17.116] [SEVERE ] setting player 2 score to 1
[16:33:17.116] [SEVERE ] setting player 2 freeze to 1000
[16:33:17.116] [SEVERE ] updating countdown to 60000
[16:33:18.122] [SEVERE ] setting player 2 freeze to 0
[16:33:19.125] [SEVERE ] updating countdown to 59000
[16:33:20.136] [SEVERE ] updating countdown to 58000
