[11:43:36.190] [INFO   ] thread main starting.
[11:43:36.200] [SEVERE ] cannot read configuration file config.properties trying from resources.
[11:43:36.202] [SEVERE ] configuration file was loaded from resources directory.
[11:43:36.842] [INFO   ] thread dealer starting.
[11:43:36.844] [INFO   ] thread player 0 starting.
[11:43:36.845] [INFO   ] thread player 1 starting.
[11:43:36.847] [INFO   ] thread dealer starting.
[11:43:36.864] [INFO   ] thread player 0 starting.
[11:43:36.864] [INFO   ] thread player 1 starting.
[11:43:36.867] [INFO   ] thread computer-1 starting.
[11:43:36.974] [SEVERE ] placing card 53 in slot 0
[11:43:37.083] [SEVERE ] placing card 4 in slot 1
[11:43:37.192] [SEVERE ] placing card 41 in slot 2
[11:43:37.299] [SEVERE ] placing card 8 in slot 3
[11:43:37.408] [SEVERE ] placing card 33 in slot 4
[11:43:37.517] [SEVERE ] placing card 44 in slot 5
[11:43:37.626] [SEVERE ] placing card 54 in slot 6
[11:43:37.734] [SEVERE ] placing card 57 in slot 7
[11:43:37.843] [SEVERE ] placing card 17 in slot 8
[11:43:37.954] [SEVERE ] placing card 74 in slot 9
[11:43:38.065] [SEVERE ] placing card 60 in slot 10
[11:43:38.172] [SEVERE ] placing card 71 in slot 11
[11:43:39.192] [SEVERE ] updating countdown to 59000
[11:43:40.199] [SEVERE ] updating countdown to 58000
