[23:37:27.637] [INFO   ] thread main starting.
[23:37:27.646] [SEVERE ] cannot read configuration file config.properties trying from resources.
[23:37:27.655] [SEVERE ] configuration file was loaded from resources directory.
[23:37:28.226] [INFO   ] thread dealer starting.
[23:37:28.226] [INFO   ] thread player 0 starting.
[23:37:28.226] [INFO   ] thread player 1 starting.
[23:37:28.226] [INFO   ] thread player 2 starting.
[23:37:28.226] [INFO   ] thread player 3 starting.
[23:37:28.226] [INFO   ] thread dealer starting.
[23:37:28.248] [INFO   ] thread player 1 starting.
[23:37:28.248] [INFO   ] thread player 2 starting.
[23:37:28.248] [INFO   ] thread player 0 starting.
[23:37:28.248] [INFO   ] thread player 3 starting.
[23:37:28.264] [INFO   ] thread computer-0 starting.
[23:37:28.264] [INFO   ] thread computer-2 starting.
[23:37:28.249] [INFO   ] thread computer-1 starting.
[23:37:28.265] [INFO   ] thread computer-3 starting.
[23:37:28.385] [SEVERE ] placing card 10 in slot 0
[23:37:28.494] [SEVERE ] placing card 55 in slot 1
[23:37:28.604] [SEVERE ] placing card 33 in slot 2
[23:37:28.715] [SEVERE ] placing card 29 in slot 3
[23:37:28.815] [SEVERE ] placing card 63 in slot 4
[23:37:28.928] [SEVERE ] placing card 32 in slot 5
[23:37:29.040] [SEVERE ] placing card 48 in slot 6
[23:37:29.145] [SEVERE ] placing card 36 in slot 7
[23:37:29.252] [SEVERE ] placing card 20 in slot 8
[23:37:29.362] [SEVERE ] placing card 0 in slot 9
[23:37:29.472] [SEVERE ] placing card 43 in slot 10
[23:37:29.583] [SEVERE ] placing card 74 in slot 11
[23:37:30.597] [SEVERE ] updating countdown to 59000
[23:37:30.599] [SEVERE ] player 2 placing token on slot 10
[23:37:30.599] [SEVERE ] player 3 placing token on slot 4
[23:37:30.599] [SEVERE ] player 4 placing token on slot 3
[23:37:30.599] [SEVERE ] player 1 placing token on slot 9
[23:37:30.600] [SEVERE ] player 4 placing token on slot 11
[23:37:30.600] [SEVERE ] player 3 placing token on slot 1
[23:37:30.600] [SEVERE ] player 2 placing token on slot 2
[23:37:30.601] [SEVERE ] player 1 placing token on slot 1
[23:37:30.601] [SEVERE ] player 3 placing token on slot 9
[23:37:30.601] [SEVERE ] player 4 placing token on slot 4
[23:37:30.602] [SEVERE ] removing player 1 token from slot 9
[23:37:30.603] [SEVERE ] player 1 placing token on slot 4
[23:37:30.602] [SEVERE ] player 2 placing token on slot 7
[23:37:30.603] [SEVERE ] removing player 1 token from slot 1
[23:37:30.603] [SEVERE ] player 1 placing token on slot 0
[23:37:30.604] [SEVERE ] removing player 1 token from slot 4
[23:37:30.604] [SEVERE ] player 1 placing token on slot 11
[23:37:30.604] [SEVERE ] player 1 placing token on slot 9
[23:37:31.614] [SEVERE ] updating countdown to 58000
[23:37:31.616] [SEVERE ] setting player 3 freeze to 0
[23:37:31.623] [SEVERE ] removing player 3 token from slot 4
[23:37:31.623] [SEVERE ] player 3 placing token on slot 7
[23:37:32.622] [SEVERE ] updating countdown to 57000
[23:37:32.623] [SEVERE ] setting player 1 freeze to 0
[23:37:32.625] [SEVERE ] removing player 1 token from slot 9
[23:37:32.626] [SEVERE ] player 1 placing token on slot 10
[23:37:33.632] [SEVERE ] updating countdown to 56000
[23:37:33.635] [SEVERE ] setting player 2 freeze to 0
[23:37:33.636] [SEVERE ] removing player 2 token from slot 2
[23:37:33.640] [SEVERE ] player 2 placing token on slot 2
