[18:37:00.165] [INFO   ] thread main starting.
[18:37:00.185] [SEVERE ] cannot read configuration file config.properties trying from resources.
[18:37:00.189] [SEVERE ] configuration file was loaded from resources directory.
[18:37:00.952] [INFO   ] thread dealer starting.
[18:37:00.955] [INFO   ] thread player 0 starting.
[18:37:00.957] [INFO   ] thread player 1 starting.
[18:37:00.957] [INFO   ] thread player 0 starting.
[18:37:00.957] [INFO   ] thread player 1 starting.
[18:37:00.957] [INFO   ] thread dealer starting.
[18:37:01.074] [SEVERE ] placing card 11 in slot 0
[18:37:01.183] [SEVERE ] placing card 3 in slot 1
[18:37:01.291] [SEVERE ] placing card 74 in slot 2
[18:37:01.395] [SEVERE ] placing card 36 in slot 3
[18:37:01.508] [SEVERE ] placing card 61 in slot 4
[18:37:01.617] [SEVERE ] placing card 65 in slot 5
[18:37:01.724] [SEVERE ] placing card 58 in slot 6
[18:37:01.825] [SEVERE ] placing card 23 in slot 7
[18:37:01.938] [SEVERE ] placing card 52 in slot 8
[18:37:02.045] [SEVERE ] placing card 50 in slot 9
[18:37:02.154] [SEVERE ] placing card 34 in slot 10
[18:37:02.265] [SEVERE ] placing card 46 in slot 11
[18:37:03.286] [SEVERE ] updating countdown to 109000
[18:37:04.305] [SEVERE ] updating countdown to 108000
[18:37:05.316] [SEVERE ] updating countdown to 107000
