[10:12:59.341] [INFO   ] thread main starting.
[10:12:59.352] [SEVERE ] cannot read configuration file config.properties trying from resources.
[10:12:59.354] [SEVERE ] configuration file was loaded from resources directory.
[10:13:00.070] [INFO   ] thread dealer starting.
[10:13:00.090] [INFO   ] thread player 0 starting.
[10:13:00.095] [INFO   ] thread player 1 starting.
[10:13:00.097] [INFO   ] thread dealer starting.
[10:13:00.101] [INFO   ] thread player 0 starting.
[10:13:00.101] [INFO   ] thread player 1 starting.
[10:13:00.213] [SEVERE ] placing card 68 in slot 0
[10:13:00.323] [SEVERE ] placing card 62 in slot 1
[10:13:00.433] [SEVERE ] placing card 57 in slot 2
[10:13:00.543] [SEVERE ] placing card 50 in slot 3
[10:13:00.652] [SEVERE ] placing card 10 in slot 4
[10:13:00.762] [SEVERE ] placing card 63 in slot 5
[10:13:00.873] [SEVERE ] placing card 32 in slot 6
[10:13:00.982] [SEVERE ] placing card 71 in slot 7
[10:13:01.091] [SEVERE ] placing card 52 in slot 8
[10:13:01.199] [SEVERE ] placing card 30 in slot 9
[10:13:01.308] [SEVERE ] placing card 44 in slot 10
[10:13:01.418] [SEVERE ] placing card 40 in slot 11
[10:13:02.431] [SEVERE ] updating countdown to 59000
[10:13:03.446] [SEVERE ] updating countdown to 58000
[10:13:04.046] [SEVERE ] key 69 was pressed by player 1
[10:13:04.046] [SEVERE ] player 1 placing token on slot 2
[10:13:04.434] [SEVERE ] key 69 was pressed by player 1
[10:13:04.436] [SEVERE ] removing player 1 token from slot 2
[10:13:04.449] [SEVERE ] updating countdown to 57000
[10:13:04.596] [SEVERE ] key 82 was pressed by player 1
[10:13:04.597] [SEVERE ] player 1 placing token on slot 3
[10:13:05.459] [SEVERE ] updating countdown to 56000
[10:13:05.999] [SEVERE ] key 88 was pressed by player 1
[10:13:06.000] [SEVERE ] player 1 placing token on slot 9
[10:13:06.464] [SEVERE ] updating countdown to 55000
[10:13:06.932] [SEVERE ] key 86 was pressed by player 1
[10:13:06.933] [SEVERE ] player 1 placing token on slot 11
[10:13:07.471] [SEVERE ] updating countdown to 54000
[10:13:07.472] [SEVERE ] removing player 1 token from slot 3
[10:13:07.472] [SEVERE ] removing card from slot 3
[10:13:07.578] [SEVERE ] removing player 1 token from slot 9
[10:13:07.578] [SEVERE ] removing card from slot 9
[10:13:07.688] [SEVERE ] removing player 1 token from slot 11
[10:13:07.689] [SEVERE ] removing card from slot 11
[10:13:07.905] [SEVERE ] placing card 80 in slot 3
[10:13:08.017] [SEVERE ] placing card 24 in slot 9
[10:13:08.126] [SEVERE ] placing card 29 in slot 11
[10:13:08.128] [SEVERE ] setting player 1 score to 1
[10:13:08.129] [SEVERE ] setting player 1 freeze to 1000
[10:13:08.129] [SEVERE ] updating countdown to 60000
[10:13:09.132] [SEVERE ] setting player 1 freeze to 0
[10:13:09.712] [SEVERE ] key 86 was pressed by player 1
[10:13:09.712] [SEVERE ] player 1 placing token on slot 11
[10:13:10.144] [SEVERE ] updating countdown to 59000
[10:13:10.783] [SEVERE ] key 67 was pressed by player 1
[10:13:10.783] [SEVERE ] player 1 placing token on slot 10
[10:13:11.153] [SEVERE ] updating countdown to 58000
[10:13:12.166] [SEVERE ] updating countdown to 57000
[10:13:12.216] [SEVERE ] key 67 was pressed by player 1
[10:13:12.216] [SEVERE ] removing player 1 token from slot 10
[10:13:12.564] [SEVERE ] key 86 was pressed by player 1
[10:13:12.564] [SEVERE ] removing player 1 token from slot 11
[10:13:13.008] [SEVERE ] key 86 was pressed by player 1
[10:13:13.008] [SEVERE ] player 1 placing token on slot 11
[10:13:13.175] [SEVERE ] updating countdown to 56000
[10:13:13.249] [SEVERE ] key 67 was pressed by player 1
[10:13:13.250] [SEVERE ] player 1 placing token on slot 10
[10:13:14.187] [SEVERE ] updating countdown to 55000
[10:13:15.199] [SEVERE ] updating countdown to 54000
