[11:54:45.457] [INFO   ] thread main starting.
[11:54:45.469] [SEVERE ] cannot read configuration file config.properties trying from resources.
[11:54:45.472] [SEVERE ] configuration file was loaded from resources directory.
[11:54:46.100] [INFO   ] thread dealer starting.
[11:54:46.101] [INFO   ] thread player 0 starting.
[11:54:46.103] [INFO   ] thread player 1 starting.
[11:54:46.103] [INFO   ] thread player 0 starting.
[11:54:46.103] [INFO   ] thread dealer starting.
[11:54:46.105] [INFO   ] thread player 1 starting.
[11:54:46.122] [INFO   ] thread computer-1 starting.
[11:54:46.232] [SEVERE ] placing card 13 in slot 0
[11:54:46.342] [SEVERE ] placing card 1 in slot 1
[11:54:46.450] [SEVERE ] placing card 12 in slot 2
[11:54:46.559] [SEVERE ] placing card 56 in slot 3
[11:54:46.669] [SEVERE ] placing card 23 in slot 4
[11:54:46.777] [SEVERE ] placing card 50 in slot 5
[11:54:46.887] [SEVERE ] placing card 21 in slot 6
[11:54:46.994] [SEVERE ] placing card 4 in slot 7
[11:54:47.103] [SEVERE ] placing card 28 in slot 8
[11:54:47.211] [SEVERE ] placing card 46 in slot 9
[11:54:47.320] [SEVERE ] placing card 49 in slot 10
[11:54:47.429] [SEVERE ] placing card 17 in slot 11
[11:54:48.443] [SEVERE ] updating countdown to 59000
[11:54:49.452] [SEVERE ] updating countdown to 58000
[11:54:50.457] [SEVERE ] updating countdown to 57000
[11:54:51.473] [SEVERE ] updating countdown to 56000
[11:54:52.477] [SEVERE ] updating countdown to 55000
[11:54:53.487] [SEVERE ] updating countdown to 54000
[11:54:54.495] [SEVERE ] updating countdown to 53000
