[00:20:35.883] [INFO   ] thread main starting.
[00:20:35.892] [SEVERE ] cannot read configuration file config.properties trying from resources.
[00:20:35.895] [SEVERE ] configuration file was loaded from resources directory.
[00:20:36.664] [INFO   ] thread dealer starting.
[00:20:36.672] [INFO   ] thread player 0 starting.
[00:20:36.673] [INFO   ] thread player 1 starting.
[00:20:36.680] [INFO   ] thread dealer starting.
[00:20:36.680] [INFO   ] thread player 0 starting.
[00:20:36.681] [INFO   ] thread player 1 starting.
[00:20:36.802] [SEVERE ] placing card 3 in slot 0
[00:20:36.912] [SEVERE ] placing card 9 in slot 1
[00:20:37.021] [SEVERE ] placing card 72 in slot 2
[00:20:37.130] [SEVERE ] placing card 69 in slot 3
[00:20:37.239] [SEVERE ] placing card 51 in slot 4
[00:20:37.349] [SEVERE ] placing card 77 in slot 5
[00:20:37.462] [SEVERE ] placing card 58 in slot 6
[00:20:37.571] [SEVERE ] placing card 11 in slot 7
[00:20:37.681] [SEVERE ] placing card 63 in slot 8
[00:20:37.790] [SEVERE ] placing card 42 in slot 9
[00:20:37.898] [SEVERE ] placing card 6 in slot 10
[00:20:38.007] [SEVERE ] placing card 45 in slot 11
[00:20:39.018] [SEVERE ] updating countdown to 59000
[00:20:39.444] [SEVERE ] key 81 was pressed by player 1
[00:20:39.446] [SEVERE ] player 1 placing token on slot 0
[00:20:39.615] [SEVERE ] key 87 was pressed by player 1
[00:20:39.616] [SEVERE ] player 1 placing token on slot 1
[00:20:39.821] [SEVERE ] key 83 was pressed by player 1
[00:20:39.822] [SEVERE ] player 1 placing token on slot 5
[00:20:40.045] [SEVERE ] setting player 1 freeze to 3000
[00:20:40.046] [SEVERE ] updating countdown to 58000
[00:20:41.051] [SEVERE ] setting player 1 freeze to 2000
[00:20:42.060] [SEVERE ] setting player 1 freeze to 1000
[00:20:43.064] [SEVERE ] setting player 1 freeze to 0
[00:20:43.493] [SEVERE ] key 83 was pressed by player 1
[00:20:44.087] [SEVERE ] updating countdown to 57000
[00:20:44.391] [SEVERE ] key 83 was pressed by player 1
[00:20:44.844] [SEVERE ] key 83 was pressed by player 1
[00:20:45.100] [SEVERE ] updating countdown to 56000
[00:20:46.110] [SEVERE ] updating countdown to 55000
[00:20:46.786] [SEVERE ] key 80 was pressed by player 2
[00:20:46.787] [SEVERE ] player 2 placing token on slot 3
[00:20:47.122] [SEVERE ] updating countdown to 54000
[00:20:47.129] [SEVERE ] key 79 was pressed by player 2
[00:20:47.129] [SEVERE ] player 2 placing token on slot 2
[00:20:47.575] [SEVERE ] key 76 was pressed by player 2
[00:20:47.576] [SEVERE ] player 2 placing token on slot 6
[00:20:48.132] [SEVERE ] setting player 2 freeze to 3000
[00:20:48.137] [SEVERE ] updating countdown to 53000
[00:20:48.716] [SEVERE ] key 76 was pressed by player 2
[00:20:49.064] [SEVERE ] key 76 was pressed by player 2
[00:20:49.148] [SEVERE ] setting player 2 freeze to 2000
[00:20:50.153] [SEVERE ] setting player 2 freeze to 1000
[00:20:51.162] [SEVERE ] setting player 2 freeze to 0
