[00:10:29.203] [INFO   ] thread main starting.
[00:10:29.206] [SEVERE ] cannot read configuration file config.properties trying from resources.
[00:10:29.218] [SEVERE ] configuration file was loaded from resources directory.
[00:10:29.802] [INFO   ] thread dealer starting.
[00:10:29.802] [INFO   ] thread player 0 starting.
[00:10:29.804] [INFO   ] thread player 1 starting.
[00:10:29.805] [INFO   ] thread player 0 starting.
[00:10:29.805] [INFO   ] thread player 1 starting.
[00:10:29.805] [INFO   ] thread dealer starting.
[00:10:29.918] [SEVERE ] placing card 13 in slot 0
[00:10:30.020] [SEVERE ] placing card 59 in slot 1
[00:10:30.131] [SEVERE ] placing card 25 in slot 2
[00:10:30.241] [SEVERE ] placing card 6 in slot 3
[00:10:30.351] [SEVERE ] placing card 53 in slot 4
[00:10:30.460] [SEVERE ] placing card 54 in slot 5
[00:10:30.570] [SEVERE ] placing card 42 in slot 6
[00:10:30.680] [SEVERE ] placing card 36 in slot 7
[00:10:30.791] [SEVERE ] placing card 46 in slot 8
[00:10:30.901] [SEVERE ] placing card 37 in slot 9
[00:10:31.011] [SEVERE ] placing card 39 in slot 10
[00:10:31.121] [SEVERE ] placing card 47 in slot 11
[00:10:32.145] [SEVERE ] updating countdown to 59000
[00:10:33.157] [SEVERE ] updating countdown to 58000
[00:10:34.170] [SEVERE ] updating countdown to 57000
[00:10:34.170] [SEVERE ] key 81 was pressed by player 1
[00:10:34.170] [SEVERE ] player 1 placing token on slot 0
[00:10:34.339] [SEVERE ] key 85 was pressed by player 2
[00:10:34.339] [SEVERE ] player 2 placing token on slot 0
[00:10:34.842] [SEVERE ] key 81 was pressed by player 1
[00:10:34.842] [SEVERE ] removing player 1 token from slot 0
[00:10:35.176] [SEVERE ] key 85 was pressed by player 2
[00:10:35.176] [SEVERE ] removing player 2 token from slot 0
[00:10:35.182] [SEVERE ] updating countdown to 56000
[00:10:36.136] [SEVERE ] key 65 was pressed by player 1
[00:10:36.136] [SEVERE ] player 1 placing token on slot 4
[00:10:36.188] [SEVERE ] updating countdown to 55000
[00:10:36.505] [SEVERE ] key 74 was pressed by player 2
[00:10:36.505] [SEVERE ] player 2 placing token on slot 4
[00:10:37.142] [SEVERE ] key 83 was pressed by player 1
[00:10:37.142] [SEVERE ] player 1 placing token on slot 5
[00:10:37.210] [SEVERE ] updating countdown to 54000
[00:10:37.444] [SEVERE ] key 75 was pressed by player 2
[00:10:37.444] [SEVERE ] player 2 placing token on slot 5
[00:10:38.218] [SEVERE ] updating countdown to 53000
[00:10:39.233] [SEVERE ] updating countdown to 52000
[00:10:39.828] [SEVERE ] key 85 was pressed by player 2
[00:10:39.828] [SEVERE ] player 2 placing token on slot 0
[00:10:39.978] [SEVERE ] key 81 was pressed by player 1
[00:10:39.979] [SEVERE ] player 1 placing token on slot 0
[00:10:40.244] [SEVERE ] updating countdown to 51000
[00:10:40.252] [SEVERE ] removing player 1 token from slot 4
[00:10:40.254] [SEVERE ] removing player 2 token from slot 4
[00:10:40.256] [SEVERE ] removing card from slot 4
[00:10:40.366] [SEVERE ] removing player 1 token from slot 5
[00:10:40.366] [SEVERE ] removing player 2 token from slot 5
[00:10:40.366] [SEVERE ] removing card from slot 5
[00:10:40.482] [SEVERE ] removing player 1 token from slot 0
[00:10:40.482] [SEVERE ] removing player 2 token from slot 0
[00:10:40.482] [SEVERE ] removing card from slot 0
[00:10:40.686] [SEVERE ] placing card 43 in slot 0
[00:10:40.796] [SEVERE ] placing card 5 in slot 4
[00:10:40.907] [SEVERE ] placing card 10 in slot 5
[00:10:40.907] [SEVERE ] setting player 1 score to 1
[00:10:40.907] [SEVERE ] setting player 1 freeze to 1000
[00:10:40.916] [SEVERE ] updating countdown to 60000
[00:10:41.923] [SEVERE ] setting player 1 freeze to 0
[00:10:42.934] [SEVERE ] setting player 2 score to 1
[00:10:42.934] [SEVERE ] setting player 2 freeze to 1000
[00:10:42.936] [SEVERE ] updating countdown to 59000
[00:10:43.940] [SEVERE ] setting player 2 freeze to 0
[00:10:44.947] [SEVERE ] updating countdown to 58000
