[19:20:30.052] [INFO   ] thread main starting.
[19:20:30.069] [SEVERE ] cannot read configuration file config.properties trying from resources.
[19:20:30.077] [SEVERE ] configuration file was loaded from resources directory.
[19:20:30.772] [INFO   ] thread dealer starting.
[19:20:30.776] [INFO   ] thread player 0 starting.
[19:20:30.776] [INFO   ] thread player 1 starting.
[19:20:30.776] [INFO   ] thread player 0 starting.
[19:20:30.776] [INFO   ] thread player 1 starting.
[19:20:30.776] [INFO   ] thread dealer starting.
[19:20:30.884] [SEVERE ] placing card 4 in slot 0
[19:20:30.984] [SEVERE ] placing card 18 in slot 1
[19:20:31.089] [SEVERE ] placing card 39 in slot 2
[19:20:31.199] [SEVERE ] placing card 58 in slot 3
[19:20:31.309] [SEVERE ] placing card 33 in slot 4
[19:20:31.413] [SEVERE ] placing card 61 in slot 5
[19:20:31.517] [SEVERE ] placing card 5 in slot 6
[19:20:31.630] [SEVERE ] placing card 56 in slot 7
[19:20:31.732] [SEVERE ] placing card 16 in slot 8
[19:20:31.834] [SEVERE ] placing card 53 in slot 9
[19:20:31.946] [SEVERE ] placing card 55 in slot 10
[19:20:32.055] [SEVERE ] placing card 49 in slot 11
[19:20:33.086] [SEVERE ] updating countdown to 60000
[19:20:34.091] [SEVERE ] updating countdown to 59000
[19:20:35.106] [SEVERE ] updating countdown to 58000
[19:20:36.107] [SEVERE ] updating countdown to 57000
[19:20:36.852] [SEVERE ] key 81 was pressed by player 1
[19:20:36.852] [SEVERE ] player 1 placing token on slot 0
[19:20:37.119] [SEVERE ] updating countdown to 56000
[19:20:38.129] [SEVERE ] updating countdown to 55000
[19:20:39.008] [SEVERE ] key 82 was pressed by player 1
[19:20:39.008] [SEVERE ] player 1 placing token on slot 3
[19:20:39.155] [SEVERE ] updating countdown to 54000
[19:20:39.470] [SEVERE ] key 82 was pressed by player 1
[19:20:39.470] [SEVERE ] removing player 1 token from slot 3
[19:20:39.754] [SEVERE ] key 65 was pressed by player 1
[19:20:39.754] [SEVERE ] player 1 placing token on slot 4
[19:20:40.169] [SEVERE ] updating countdown to 53000
[19:20:41.189] [SEVERE ] updating countdown to 52000
[19:20:42.199] [SEVERE ] updating countdown to 51000
[19:20:42.977] [SEVERE ] key 70 was pressed by player 1
[19:20:42.977] [SEVERE ] player 1 placing token on slot 7
[19:20:43.213] [SEVERE ] updating countdown to 50000
[19:20:43.213] [SEVERE ] removing player 1 token from slot 0
[19:20:43.213] [SEVERE ] removing card from slot 0
[19:20:43.333] [SEVERE ] removing player 1 token from slot 4
[19:20:43.333] [SEVERE ] removing card from slot 4
[19:20:43.443] [SEVERE ] removing player 1 token from slot 7
[19:20:43.443] [SEVERE ] removing card from slot 7
[19:20:43.666] [SEVERE ] placing card 66 in slot 0
[19:20:43.777] [SEVERE ] placing card 1 in slot 4
[19:20:43.889] [SEVERE ] placing card 52 in slot 7
[19:20:43.890] [SEVERE ] setting player 1 score to 1
[19:20:43.890] [SEVERE ] setting player 1 freeze to 1000
[19:20:43.897] [SEVERE ] updating countdown to 61000
[19:20:44.898] [SEVERE ] setting player 1 freeze to 0
[19:20:44.921] [SEVERE ] updating countdown to 60000
[19:20:45.926] [SEVERE ] updating countdown to 59000
[19:20:46.931] [SEVERE ] updating countdown to 58000
[19:20:47.936] [SEVERE ] updating countdown to 57000
[19:20:48.945] [SEVERE ] updating countdown to 56000
[19:20:49.958] [SEVERE ] updating countdown to 55000
[19:20:50.976] [SEVERE ] updating countdown to 54000
[19:20:51.987] [SEVERE ] updating countdown to 53000
[19:20:53.016] [SEVERE ] updating countdown to 52000
[19:20:54.023] [SEVERE ] updating countdown to 51000
[19:20:55.036] [SEVERE ] updating countdown to 50000
[19:20:56.048] [SEVERE ] updating countdown to 49000
[19:20:56.813] [SEVERE ] key 80 was pressed by player 2
[19:20:56.813] [SEVERE ] player 2 placing token on slot 3
[19:20:57.049] [SEVERE ] updating countdown to 48000
[19:20:58.060] [SEVERE ] updating countdown to 47000
[19:20:58.579] [SEVERE ] key 75 was pressed by player 2
[19:20:58.579] [SEVERE ] player 2 placing token on slot 5
[19:20:59.067] [SEVERE ] updating countdown to 46000
[19:21:00.069] [SEVERE ] updating countdown to 45000
[19:21:01.073] [SEVERE ] updating countdown to 44000
[19:21:02.093] [SEVERE ] updating countdown to 43000
[19:21:03.107] [SEVERE ] updating countdown to 42000
[19:21:04.117] [SEVERE ] updating countdown to 41000
[19:21:05.121] [SEVERE ] updating countdown to 40000
[19:21:06.135] [SEVERE ] updating countdown to 39000
[19:21:07.156] [SEVERE ] updating countdown to 38000
[19:21:08.166] [SEVERE ] updating countdown to 37000
[19:21:09.174] [SEVERE ] updating countdown to 36000
[19:21:10.188] [SEVERE ] updating countdown to 35000
[19:21:11.192] [SEVERE ] updating countdown to 34000
[19:21:11.980] [SEVERE ] key 68 was pressed by player 1
[19:21:11.980] [SEVERE ] player 1 placing token on slot 6
[19:21:12.202] [SEVERE ] updating countdown to 33000
[19:21:13.205] [SEVERE ] updating countdown to 32000
[19:21:14.218] [SEVERE ] updating countdown to 31000
[19:21:15.236] [SEVERE ] updating countdown to 30000
[19:21:15.615] [SEVERE ] key 68 was pressed by player 1
[19:21:15.616] [SEVERE ] removing player 1 token from slot 6
[19:21:16.133] [SEVERE ] key 83 was pressed by player 1
[19:21:16.133] [SEVERE ] player 1 placing token on slot 5
[19:21:16.252] [SEVERE ] updating countdown to 29000
[19:21:17.264] [SEVERE ] updating countdown to 28000
[19:21:18.089] [SEVERE ] key 70 was pressed by player 1
[19:21:18.089] [SEVERE ] player 1 placing token on slot 7
[19:21:18.284] [SEVERE ] updating countdown to 27000
[19:21:19.292] [SEVERE ] updating countdown to 26000
[19:21:20.302] [SEVERE ] updating countdown to 25000
[19:21:20.463] [SEVERE ] key 90 was pressed by player 1
[19:21:20.463] [SEVERE ] player 1 placing token on slot 8
[19:21:20.588] [SEVERE ] key 46 was pressed by player 2
[19:21:20.588] [SEVERE ] player 2 placing token on slot 10
[19:21:21.310] [SEVERE ] updating countdown to 24000
[19:21:21.310] [SEVERE ] removing player 1 token from slot 5
[19:21:21.310] [SEVERE ] removing player 2 token from slot 5
[19:21:21.310] [SEVERE ] removing card from slot 5
[19:21:21.426] [SEVERE ] removing player 1 token from slot 7
[19:21:21.426] [SEVERE ] removing card from slot 7
[19:21:21.528] [SEVERE ] removing player 1 token from slot 8
[19:21:21.528] [SEVERE ] removing card from slot 8
[19:21:21.749] [SEVERE ] placing card 35 in slot 5
[19:21:21.859] [SEVERE ] placing card 19 in slot 7
[19:21:21.968] [SEVERE ] placing card 80 in slot 8
[19:21:21.968] [SEVERE ] setting player 1 score to 2
[19:21:21.968] [SEVERE ] setting player 1 freeze to 1000
[19:21:21.968] [SEVERE ] updating countdown to 61000
[19:21:22.982] [SEVERE ] setting player 1 freeze to 0
[19:21:22.988] [SEVERE ] updating countdown to 60000
[19:21:24.001] [SEVERE ] updating countdown to 59000
[19:21:25.011] [SEVERE ] updating countdown to 58000
[19:21:26.020] [SEVERE ] updating countdown to 57000
[19:21:27.030] [SEVERE ] updating countdown to 56000
[19:21:28.037] [SEVERE ] updating countdown to 55000
[19:21:29.049] [SEVERE ] updating countdown to 54000
[19:21:30.057] [SEVERE ] updating countdown to 53000
[19:21:31.065] [SEVERE ] updating countdown to 52000
[19:21:32.075] [SEVERE ] updating countdown to 51000
[19:21:33.084] [SEVERE ] updating countdown to 50000
[19:21:34.095] [SEVERE ] updating countdown to 49000
[19:21:35.107] [SEVERE ] updating countdown to 48000
[19:21:36.119] [SEVERE ] updating countdown to 47000
[19:21:37.135] [SEVERE ] updating countdown to 46000
[19:21:38.143] [SEVERE ] updating countdown to 45000
[19:21:39.153] [SEVERE ] updating countdown to 44000
[19:21:40.178] [SEVERE ] updating countdown to 43000
[19:21:41.187] [SEVERE ] updating countdown to 42000
[19:21:42.205] [SEVERE ] updating countdown to 41000
[19:21:43.210] [SEVERE ] updating countdown to 40000
[19:21:44.218] [SEVERE ] updating countdown to 39000
[19:21:45.226] [SEVERE ] updating countdown to 38000
[19:21:46.234] [SEVERE ] updating countdown to 37000
[19:21:47.237] [SEVERE ] updating countdown to 36000
[19:21:48.250] [SEVERE ] updating countdown to 35000
[19:21:49.259] [SEVERE ] updating countdown to 34000
[19:21:50.276] [SEVERE ] updating countdown to 33000
[19:21:51.282] [SEVERE ] updating countdown to 32000
[19:21:52.296] [SEVERE ] updating countdown to 31000
[19:21:53.308] [SEVERE ] updating countdown to 30000
[19:21:54.324] [SEVERE ] updating countdown to 29000
[19:21:55.332] [SEVERE ] updating countdown to 28000
[19:21:56.343] [SEVERE ] updating countdown to 27000
[19:21:57.344] [SEVERE ] updating countdown to 26000
[19:21:57.702] [SEVERE ] key 81 was pressed by player 1
[19:21:57.716] [SEVERE ] player 1 placing token on slot 0
[19:21:57.765] [SEVERE ] key 80 was pressed by player 2
[19:21:57.776] [SEVERE ] removing player 2 token from slot 3
[19:21:57.875] [SEVERE ] key 79 was pressed by player 2
[19:21:57.875] [SEVERE ] player 2 placing token on slot 2
[19:21:57.922] [SEVERE ] key 87 was pressed by player 1
[19:21:57.929] [SEVERE ] player 1 placing token on slot 1
[19:21:58.103] [SEVERE ] key 83 was pressed by player 1
[19:21:58.103] [SEVERE ] player 1 placing token on slot 5
[19:21:58.254] [SEVERE ] key 75 was pressed by player 2
[19:21:58.254] [SEVERE ] player 2 placing token on slot 5
[19:21:58.351] [SEVERE ] setting player 1 freeze to 3000
[19:21:58.353] [SEVERE ] setting player 2 freeze to 3000
[19:21:58.357] [SEVERE ] updating countdown to 25000
[19:21:58.404] [SEVERE ] key 76 was pressed by player 2
[19:21:58.682] [SEVERE ] key 65 was pressed by player 1
[19:21:58.761] [SEVERE ] key 80 was pressed by player 2
[19:21:59.360] [SEVERE ] setting player 2 freeze to 2000
[19:21:59.360] [SEVERE ] setting player 1 freeze to 2000
[19:21:59.362] [SEVERE ] updating countdown to 24000
[19:22:00.363] [SEVERE ] setting player 1 freeze to 1000
[19:22:00.363] [SEVERE ] setting player 2 freeze to 1000
[19:22:00.363] [SEVERE ] updating countdown to 23000
[19:22:01.366] [SEVERE ] setting player 1 freeze to 0
[19:22:01.366] [SEVERE ] setting player 2 freeze to 0
[19:22:01.366] [SEVERE ] updating countdown to 22000
[19:22:02.374] [SEVERE ] updating countdown to 21000
[19:22:03.375] [SEVERE ] updating countdown to 20000
[19:22:04.384] [SEVERE ] updating countdown to 19000
[19:22:05.388] [SEVERE ] updating countdown to 18000
[19:22:06.396] [SEVERE ] updating countdown to 17000
[19:22:07.413] [SEVERE ] updating countdown to 16000
[19:22:08.417] [SEVERE ] updating countdown to 15000
[19:22:09.428] [SEVERE ] updating countdown to 14000
[19:22:10.441] [SEVERE ] updating countdown to 13000
[19:22:11.000] [SEVERE ] key 87 was pressed by player 1
[19:22:11.000] [SEVERE ] removing player 1 token from slot 1
[19:22:11.459] [SEVERE ] updating countdown to 12000
[19:22:11.890] [SEVERE ] key 80 was pressed by player 2
[19:22:12.283] [SEVERE ] key 79 was pressed by player 2
[19:22:12.283] [SEVERE ] removing player 2 token from slot 2
[19:22:12.472] [SEVERE ] updating countdown to 11000
[19:22:13.475] [SEVERE ] updating countdown to 10000
[19:22:14.479] [SEVERE ] updating countdown to 9000
[19:22:15.486] [SEVERE ] updating countdown to 8000
[19:22:15.609] [SEVERE ] key 70 was pressed by player 1
[19:22:15.609] [SEVERE ] player 1 placing token on slot 7
[19:22:16.499] [SEVERE ] updating countdown to 7000
[19:22:16.499] [SEVERE ] removing player 1 token from slot 0
[19:22:16.499] [SEVERE ] removing card from slot 0
[19:22:16.603] [SEVERE ] removing player 1 token from slot 5
[19:22:16.603] [SEVERE ] removing player 2 token from slot 5
[19:22:16.603] [SEVERE ] removing card from slot 5
[19:22:16.704] [SEVERE ] removing player 1 token from slot 7
[19:22:16.704] [SEVERE ] removing card from slot 7
[19:22:16.925] [SEVERE ] placing card 50 in slot 0
[19:22:17.035] [SEVERE ] placing card 40 in slot 5
[19:22:17.146] [SEVERE ] placing card 7 in slot 7
[19:22:17.146] [SEVERE ] setting player 1 score to 3
[19:22:17.146] [SEVERE ] setting player 1 freeze to 1000
[19:22:17.146] [SEVERE ] updating countdown to 61000
[19:22:18.162] [SEVERE ] setting player 1 freeze to 0
[19:22:18.163] [SEVERE ] updating countdown to 60000
[19:22:19.177] [SEVERE ] updating countdown to 59000
[19:22:20.186] [SEVERE ] updating countdown to 58000
[19:22:21.188] [SEVERE ] updating countdown to 57000
[19:22:22.203] [SEVERE ] updating countdown to 56000
[19:22:23.204] [SEVERE ] updating countdown to 55000
[19:22:24.210] [SEVERE ] updating countdown to 54000
[19:22:25.212] [SEVERE ] updating countdown to 53000
[19:22:26.227] [SEVERE ] updating countdown to 52000
[19:22:26.939] [SEVERE ] key 87 was pressed by player 1
[19:22:26.939] [SEVERE ] player 1 placing token on slot 1
[19:22:27.238] [SEVERE ] updating countdown to 51000
[19:22:28.250] [SEVERE ] updating countdown to 50000
[19:22:28.812] [SEVERE ] key 77 was pressed by player 2
[19:22:28.812] [SEVERE ] player 2 placing token on slot 8
[19:22:29.171] [SEVERE ] key 77 was pressed by player 2
[19:22:29.171] [SEVERE ] removing player 2 token from slot 8
[19:22:29.265] [SEVERE ] updating countdown to 49000
[19:22:29.449] [SEVERE ] key 44 was pressed by player 2
[19:22:29.449] [SEVERE ] player 2 placing token on slot 9
[19:22:30.192] [SEVERE ] key 44 was pressed by player 2
[19:22:30.195] [SEVERE ] removing player 2 token from slot 9
[19:22:30.271] [SEVERE ] updating countdown to 48000
[19:22:30.622] [SEVERE ] key 46 was pressed by player 2
[19:22:30.625] [SEVERE ] removing player 2 token from slot 10
[19:22:31.274] [SEVERE ] updating countdown to 47000
[19:22:32.216] [SEVERE ] key 90 was pressed by player 1
[19:22:32.216] [SEVERE ] player 1 placing token on slot 8
[19:22:32.283] [SEVERE ] updating countdown to 46000
[19:22:33.283] [SEVERE ] updating countdown to 45000
[19:22:34.296] [SEVERE ] updating countdown to 44000
[19:22:35.309] [SEVERE ] updating countdown to 43000
[19:22:36.312] [SEVERE ] updating countdown to 42000
[19:22:37.326] [SEVERE ] updating countdown to 41000
[19:22:37.782] [SEVERE ] key 73 was pressed by player 2
[19:22:37.783] [SEVERE ] player 2 placing token on slot 1
[19:22:38.341] [SEVERE ] updating countdown to 40000
[19:22:38.342] [SEVERE ] key 73 was pressed by player 2
[19:22:38.342] [SEVERE ] removing player 2 token from slot 1
[19:22:38.537] [SEVERE ] key 79 was pressed by player 2
[19:22:38.537] [SEVERE ] player 2 placing token on slot 2
[19:22:39.358] [SEVERE ] updating countdown to 39000
[19:22:40.369] [SEVERE ] updating countdown to 38000
[19:22:41.371] [SEVERE ] updating countdown to 37000
[19:22:41.697] [SEVERE ] key 74 was pressed by player 2
[19:22:41.697] [SEVERE ] player 2 placing token on slot 4
[19:22:42.382] [SEVERE ] updating countdown to 36000
[19:22:43.385] [SEVERE ] updating countdown to 35000
[19:22:44.400] [SEVERE ] updating countdown to 34000
[19:22:45.414] [SEVERE ] updating countdown to 33000
[19:22:46.423] [SEVERE ] updating countdown to 32000
[19:22:46.967] [SEVERE ] key 86 was pressed by player 1
[19:22:46.968] [SEVERE ] player 1 placing token on slot 11
[19:22:47.093] [SEVERE ] key 77 was pressed by player 2
[19:22:47.093] [SEVERE ] player 2 placing token on slot 8
[19:22:47.441] [SEVERE ] updating countdown to 31000
[19:22:47.443] [SEVERE ] removing player 1 token from slot 1
[19:22:47.443] [SEVERE ] removing card from slot 1
[19:22:47.558] [SEVERE ] removing player 1 token from slot 8
[19:22:47.558] [SEVERE ] removing player 2 token from slot 8
[19:22:47.558] [SEVERE ] removing card from slot 8
[19:22:47.670] [SEVERE ] removing player 1 token from slot 11
[19:22:47.670] [SEVERE ] removing card from slot 11
[19:22:47.894] [SEVERE ] placing card 14 in slot 1
[19:22:48.004] [SEVERE ] placing card 64 in slot 8
[19:22:48.115] [SEVERE ] placing card 51 in slot 11
[19:22:48.115] [SEVERE ] setting player 1 score to 4
[19:22:48.115] [SEVERE ] setting player 1 freeze to 1000
[19:22:48.118] [SEVERE ] updating countdown to 61000
[19:22:49.130] [SEVERE ] setting player 1 freeze to 0
[19:22:49.132] [SEVERE ] updating countdown to 60000
[19:22:50.140] [SEVERE ] updating countdown to 59000
[19:22:51.150] [SEVERE ] updating countdown to 58000
[19:22:52.152] [SEVERE ] updating countdown to 57000
[19:22:53.163] [SEVERE ] updating countdown to 56000
[19:22:54.166] [SEVERE ] updating countdown to 55000
[19:22:55.173] [SEVERE ] updating countdown to 54000
[19:22:56.173] [SEVERE ] updating countdown to 53000
[19:22:57.181] [SEVERE ] updating countdown to 52000
[19:22:58.187] [SEVERE ] updating countdown to 51000
[19:22:59.202] [SEVERE ] updating countdown to 50000
[19:22:59.491] [SEVERE ] key 68 was pressed by player 1
[19:22:59.491] [SEVERE ] player 1 placing token on slot 6
[19:23:00.217] [SEVERE ] updating countdown to 49000
[19:23:01.096] [SEVERE ] key 80 was pressed by player 2
[19:23:01.096] [SEVERE ] player 2 placing token on slot 3
[19:23:01.228] [SEVERE ] updating countdown to 48000
[19:23:01.228] [SEVERE ] setting player 2 freeze to 3000
[19:23:02.232] [SEVERE ] setting player 2 freeze to 2000
[19:23:02.234] [SEVERE ] updating countdown to 47000
[19:23:03.242] [SEVERE ] setting player 2 freeze to 1000
[19:23:03.244] [SEVERE ] updating countdown to 46000
[19:23:03.745] [SEVERE ] key 80 was pressed by player 2
[19:23:04.235] [SEVERE ] key 79 was pressed by player 2
[19:23:04.250] [SEVERE ] setting player 2 freeze to 0
[19:23:04.252] [SEVERE ] updating countdown to 45000
[19:23:04.860] [SEVERE ] key 79 was pressed by player 2
[19:23:04.860] [SEVERE ] removing player 2 token from slot 2
[19:23:05.263] [SEVERE ] updating countdown to 44000
[19:23:05.366] [SEVERE ] key 80 was pressed by player 2
[19:23:05.366] [SEVERE ] removing player 2 token from slot 3
[19:23:06.130] [SEVERE ] key 65 was pressed by player 1
[19:23:06.130] [SEVERE ] player 1 placing token on slot 4
[19:23:06.263] [SEVERE ] updating countdown to 43000
[19:23:07.100] [SEVERE ] key 65 was pressed by player 1
[19:23:07.100] [SEVERE ] removing player 1 token from slot 4
[19:23:07.276] [SEVERE ] updating countdown to 42000
[19:23:07.441] [SEVERE ] key 75 was pressed by player 2
[19:23:07.453] [SEVERE ] player 2 placing token on slot 5
[19:23:08.290] [SEVERE ] updating countdown to 41000
[19:23:08.292] [SEVERE ] key 75 was pressed by player 2
[19:23:08.292] [SEVERE ] removing player 2 token from slot 5
[19:23:09.304] [SEVERE ] updating countdown to 40000
[19:23:09.623] [SEVERE ] key 74 was pressed by player 2
[19:23:09.623] [SEVERE ] removing player 2 token from slot 4
[19:23:10.322] [SEVERE ] updating countdown to 39000
[19:23:11.326] [SEVERE ] updating countdown to 38000
[19:23:12.333] [SEVERE ] updating countdown to 37000
[19:23:13.339] [SEVERE ] updating countdown to 36000
[19:23:14.352] [SEVERE ] updating countdown to 35000
[19:23:15.353] [SEVERE ] updating countdown to 34000
[19:23:16.364] [SEVERE ] updating countdown to 33000
[19:23:17.145] [SEVERE ] key 90 was pressed by player 1
[19:23:17.145] [SEVERE ] player 1 placing token on slot 8
[19:23:17.365] [SEVERE ] updating countdown to 32000
[19:23:18.371] [SEVERE ] updating countdown to 31000
[19:23:19.386] [SEVERE ] updating countdown to 30000
[19:23:19.402] [SEVERE ] key 85 was pressed by player 2
[19:23:19.402] [SEVERE ] player 2 placing token on slot 0
[19:23:20.134] [SEVERE ] key 85 was pressed by player 2
[19:23:20.137] [SEVERE ] removing player 2 token from slot 0
[19:23:20.308] [SEVERE ] key 73 was pressed by player 2
[19:23:20.308] [SEVERE ] player 2 placing token on slot 1
[19:23:20.402] [SEVERE ] updating countdown to 29000
[19:23:21.411] [SEVERE ] updating countdown to 28000
[19:23:22.415] [SEVERE ] updating countdown to 27000
[19:23:22.995] [SEVERE ] key 47 was pressed by player 2
[19:23:22.995] [SEVERE ] player 2 placing token on slot 11
[19:23:23.430] [SEVERE ] updating countdown to 26000
[19:23:24.441] [SEVERE ] updating countdown to 25000
[19:23:25.444] [SEVERE ] updating countdown to 24000
[19:23:25.595] [SEVERE ] key 46 was pressed by player 2
[19:23:25.607] [SEVERE ] player 2 placing token on slot 10
[19:23:25.783] [SEVERE ] key 86 was pressed by player 1
[19:23:25.790] [SEVERE ] player 1 placing token on slot 11
[19:23:26.461] [SEVERE ] updating countdown to 23000
[19:23:26.464] [SEVERE ] removing player 2 token from slot 1
[19:23:26.466] [SEVERE ] removing card from slot 1
[19:23:26.582] [SEVERE ] removing player 1 token from slot 11
[19:23:26.582] [SEVERE ] removing player 2 token from slot 11
[19:23:26.582] [SEVERE ] removing card from slot 11
[19:23:26.691] [SEVERE ] removing player 2 token from slot 10
[19:23:26.691] [SEVERE ] removing card from slot 10
[19:23:26.911] [SEVERE ] placing card 38 in slot 1
[19:23:27.021] [SEVERE ] placing card 34 in slot 10
[19:23:27.131] [SEVERE ] placing card 65 in slot 11
[19:23:27.133] [SEVERE ] setting player 2 score to 1
[19:23:27.133] [SEVERE ] setting player 2 freeze to 1000
[19:23:27.135] [SEVERE ] updating countdown to 61000
[19:23:28.146] [SEVERE ] setting player 2 freeze to 0
[19:23:28.146] [SEVERE ] updating countdown to 60000
[19:23:29.162] [SEVERE ] updating countdown to 59000
[19:23:30.169] [SEVERE ] updating countdown to 58000
[19:23:31.187] [SEVERE ] updating countdown to 57000
[19:23:32.202] [SEVERE ] updating countdown to 56000
[19:23:33.218] [SEVERE ] updating countdown to 55000
[19:23:34.230] [SEVERE ] updating countdown to 54000
[19:23:35.231] [SEVERE ] updating countdown to 53000
[19:23:36.247] [SEVERE ] updating countdown to 52000
[19:23:37.252] [SEVERE ] updating countdown to 51000
[19:23:38.270] [SEVERE ] updating countdown to 50000
[19:23:38.351] [SEVERE ] key 90 was pressed by player 1
[19:23:38.351] [SEVERE ] removing player 1 token from slot 8
[19:23:39.271] [SEVERE ] updating countdown to 49000
[19:23:39.688] [SEVERE ] key 75 was pressed by player 2
[19:23:39.688] [SEVERE ] player 2 placing token on slot 5
[19:23:40.206] [SEVERE ] key 75 was pressed by player 2
[19:23:40.206] [SEVERE ] removing player 2 token from slot 5
[19:23:40.284] [SEVERE ] updating countdown to 48000
[19:23:40.392] [SEVERE ] key 76 was pressed by player 2
[19:23:40.393] [SEVERE ] player 2 placing token on slot 6
[19:23:41.244] [SEVERE ] key 76 was pressed by player 2
[19:23:41.257] [SEVERE ] removing player 2 token from slot 6
[19:23:41.292] [SEVERE ] updating countdown to 47000
[19:23:41.889] [SEVERE ] key 70 was pressed by player 1
[19:23:41.889] [SEVERE ] player 1 placing token on slot 7
[19:23:42.299] [SEVERE ] updating countdown to 46000
[19:23:42.376] [SEVERE ] key 70 was pressed by player 1
[19:23:42.376] [SEVERE ] removing player 1 token from slot 7
[19:23:42.653] [SEVERE ] key 68 was pressed by player 1
[19:23:42.653] [SEVERE ] removing player 1 token from slot 6
[19:23:43.315] [SEVERE ] updating countdown to 45000
[19:23:44.326] [SEVERE ] updating countdown to 44000
[19:23:45.339] [SEVERE ] updating countdown to 43000
[19:23:46.351] [SEVERE ] updating countdown to 42000
[19:23:47.360] [SEVERE ] updating countdown to 41000
[19:23:48.376] [SEVERE ] updating countdown to 40000
[19:23:48.484] [SEVERE ] key 82 was pressed by player 1
[19:23:48.484] [SEVERE ] player 1 placing token on slot 3
[19:23:48.748] [SEVERE ] key 80 was pressed by player 2
[19:23:48.748] [SEVERE ] player 2 placing token on slot 3
[19:23:49.377] [SEVERE ] updating countdown to 39000
[19:23:49.969] [SEVERE ] key 65 was pressed by player 1
[19:23:49.969] [SEVERE ] player 1 placing token on slot 4
[19:23:50.205] [SEVERE ] key 74 was pressed by player 2
[19:23:50.205] [SEVERE ] player 2 placing token on slot 4
[19:23:50.378] [SEVERE ] updating countdown to 38000
[19:23:51.395] [SEVERE ] updating countdown to 37000
[19:23:52.413] [SEVERE ] updating countdown to 36000
[19:23:53.217] [SEVERE ] key 44 was pressed by player 2
[19:23:53.217] [SEVERE ] player 2 placing token on slot 9
[19:23:53.217] [SEVERE ] key 67 was pressed by player 1
[19:23:53.217] [SEVERE ] player 1 placing token on slot 10
[19:23:53.422] [SEVERE ] setting player 2 freeze to 3000
[19:23:53.425] [SEVERE ] updating countdown to 35000
[19:23:54.439] [SEVERE ] setting player 2 freeze to 2000
[19:23:54.439] [SEVERE ] updating countdown to 34000
[19:23:54.439] [SEVERE ] removing player 1 token from slot 3
[19:23:54.439] [SEVERE ] removing player 2 token from slot 3
[19:23:54.439] [SEVERE ] removing card from slot 3
[19:23:54.547] [SEVERE ] removing player 1 token from slot 4
[19:23:54.547] [SEVERE ] removing player 2 token from slot 4
[19:23:54.547] [SEVERE ] removing card from slot 4
[19:23:54.658] [SEVERE ] removing player 1 token from slot 10
[19:23:54.658] [SEVERE ] removing card from slot 10
[19:23:54.879] [SEVERE ] placing card 36 in slot 3
[19:23:54.989] [SEVERE ] placing card 15 in slot 4
[19:23:55.099] [SEVERE ] placing card 22 in slot 10
[19:23:55.099] [SEVERE ] setting player 1 score to 5
[19:23:55.099] [SEVERE ] setting player 1 freeze to 1000
[19:23:55.099] [SEVERE ] updating countdown to 61000
[19:23:55.451] [SEVERE ] setting player 2 freeze to 1000
[19:23:56.109] [SEVERE ] setting player 1 freeze to 0
[19:23:56.109] [SEVERE ] updating countdown to 60000
[19:23:56.452] [SEVERE ] setting player 2 freeze to 0
[19:23:57.113] [SEVERE ] updating countdown to 59000
[19:23:57.209] [SEVERE ] key 67 was pressed by player 1
[19:23:57.209] [SEVERE ] player 1 placing token on slot 10
[19:23:57.720] [SEVERE ] key 67 was pressed by player 1
[19:23:57.720] [SEVERE ] removing player 1 token from slot 10
[19:23:57.897] [SEVERE ] key 44 was pressed by player 2
[19:23:57.897] [SEVERE ] removing player 2 token from slot 9
[19:23:58.125] [SEVERE ] updating countdown to 58000
[19:23:59.131] [SEVERE ] updating countdown to 57000
[19:24:00.147] [SEVERE ] updating countdown to 56000
[19:24:01.164] [SEVERE ] updating countdown to 55000
[19:24:02.174] [SEVERE ] updating countdown to 54000
[19:24:02.496] [SEVERE ] key 68 was pressed by player 1
[19:24:02.496] [SEVERE ] player 1 placing token on slot 6
[19:24:02.875] [SEVERE ] key 68 was pressed by player 1
[19:24:02.887] [SEVERE ] removing player 1 token from slot 6
[19:24:03.175] [SEVERE ] updating countdown to 53000
[19:24:03.811] [SEVERE ] key 68 was pressed by player 1
[19:24:03.821] [SEVERE ] player 1 placing token on slot 6
[19:24:04.143] [SEVERE ] key 75 was pressed by player 2
[19:24:04.159] [SEVERE ] player 2 placing token on slot 5
[19:24:04.190] [SEVERE ] updating countdown to 52000
[19:24:04.514] [SEVERE ] key 75 was pressed by player 2
[19:24:04.514] [SEVERE ] removing player 2 token from slot 5
[19:24:04.789] [SEVERE ] key 76 was pressed by player 2
[19:24:04.789] [SEVERE ] player 2 placing token on slot 6
[19:24:05.204] [SEVERE ] updating countdown to 51000
[19:24:06.207] [SEVERE ] updating countdown to 50000
[19:24:06.450] [SEVERE ] key 88 was pressed by player 1
[19:24:06.450] [SEVERE ] player 1 placing token on slot 9
[19:24:06.739] [SEVERE ] key 77 was pressed by player 2
[19:24:06.750] [SEVERE ] player 2 placing token on slot 8
[19:24:07.159] [SEVERE ] key 77 was pressed by player 2
[19:24:07.170] [SEVERE ] removing player 2 token from slot 8
[19:24:07.224] [SEVERE ] updating countdown to 49000
[19:24:07.467] [SEVERE ] key 44 was pressed by player 2
[19:24:07.478] [SEVERE ] player 2 placing token on slot 9
[19:24:08.228] [SEVERE ] updating countdown to 48000
[19:24:09.234] [SEVERE ] updating countdown to 47000
[19:24:10.145] [SEVERE ] key 86 was pressed by player 1
[19:24:10.145] [SEVERE ] player 1 placing token on slot 11
[19:24:10.242] [SEVERE ] key 47 was pressed by player 2
[19:24:10.242] [SEVERE ] player 2 placing token on slot 11
[19:24:10.242] [SEVERE ] updating countdown to 46000
[19:24:10.242] [SEVERE ] removing player 1 token from slot 6
[19:24:10.242] [SEVERE ] removing player 2 token from slot 6
[19:24:10.242] [SEVERE ] removing card from slot 6
[19:24:10.346] [SEVERE ] removing player 1 token from slot 9
[19:24:10.346] [SEVERE ] removing player 2 token from slot 9
[19:24:10.346] [SEVERE ] removing card from slot 9
[19:24:10.458] [SEVERE ] removing player 1 token from slot 11
[19:24:10.458] [SEVERE ] removing player 2 token from slot 11
[19:24:10.458] [SEVERE ] removing card from slot 11
[19:24:10.679] [SEVERE ] placing card 44 in slot 6
[19:24:10.789] [SEVERE ] placing card 67 in slot 9
[19:24:10.899] [SEVERE ] placing card 59 in slot 11
[19:24:10.899] [SEVERE ] setting player 1 score to 6
[19:24:10.899] [SEVERE ] setting player 1 freeze to 1000
[19:24:10.899] [SEVERE ] updating countdown to 61000
[19:24:11.900] [SEVERE ] setting player 1 freeze to 0
[19:24:11.902] [SEVERE ] setting player 2 score to 2
[19:24:11.902] [SEVERE ] setting player 2 freeze to 1000
[19:24:11.903] [SEVERE ] updating countdown to 60000
[19:24:12.911] [SEVERE ] setting player 2 freeze to 0
[19:24:12.914] [SEVERE ] updating countdown to 59000
[19:24:13.925] [SEVERE ] updating countdown to 58000
