[17:39:00.136] [INFO   ] thread main starting.
[17:39:00.140] [SEVERE ] cannot read configuration file config.properties trying from resources.
[17:39:00.152] [SEVERE ] configuration file was loaded from resources directory.
[17:39:00.752] [INFO   ] thread dealer starting.
[17:39:00.752] [INFO   ] thread player 0 starting.
[17:39:00.753] [INFO   ] thread player 1 starting.
[17:39:00.754] [INFO   ] thread dealer starting.
[17:39:00.768] [INFO   ] thread player 0 starting.
[17:39:00.768] [INFO   ] thread player 1 starting.
[17:39:00.885] [SEVERE ] placing card 60 in slot 0
[17:39:00.998] [SEVERE ] placing card 5 in slot 1
[17:39:01.103] [SEVERE ] placing card 45 in slot 2
[17:39:01.216] [SEVERE ] placing card 73 in slot 3
[17:39:01.320] [SEVERE ] placing card 36 in slot 4
[17:39:01.432] [SEVERE ] placing card 35 in slot 5
[17:39:01.536] [SEVERE ] placing card 78 in slot 6
[17:39:01.638] [SEVERE ] placing card 26 in slot 7
[17:39:01.750] [SEVERE ] placing card 39 in slot 8
[17:39:01.862] [SEVERE ] placing card 9 in slot 9
[17:39:01.974] [SEVERE ] placing card 19 in slot 10
[17:39:02.086] [SEVERE ] placing card 14 in slot 11
[17:39:03.101] [SEVERE ] updating countdown to 59000
[17:39:04.120] [SEVERE ] updating countdown to 58000
[17:39:05.126] [SEVERE ] updating countdown to 57000
