[15:23:25.798] [INFO   ] thread main starting.
[15:23:25.813] [SEVERE ] cannot read configuration file config.properties trying from resources.
[15:23:25.817] [SEVERE ] configuration file was loaded from resources directory.
[15:23:26.649] [INFO   ] thread dealer starting.
[15:23:26.650] [INFO   ] thread player 0 starting.
[15:23:26.651] [INFO   ] thread player 1 starting.
[15:23:26.652] [INFO   ] thread dealer starting.
[15:23:26.668] [INFO   ] thread player 1 starting.
[15:23:26.670] [INFO   ] thread player 0 starting.
[15:23:26.776] [SEVERE ] placing card 61 in slot 0
[15:23:26.886] [SEVERE ] placing card 51 in slot 1
[15:23:26.996] [SEVERE ] placing card 78 in slot 2
[15:23:27.106] [SEVERE ] placing card 35 in slot 3
[15:23:27.214] [SEVERE ] placing card 65 in slot 4
[15:23:27.323] [SEVERE ] placing card 2 in slot 5
[15:23:27.432] [SEVERE ] placing card 62 in slot 6
[15:23:27.541] [SEVERE ] placing card 49 in slot 7
[15:23:27.650] [SEVERE ] placing card 37 in slot 8
[15:23:27.762] [SEVERE ] placing card 30 in slot 9
[15:23:27.871] [SEVERE ] placing card 40 in slot 10
[15:23:27.981] [SEVERE ] placing card 5 in slot 11
[15:23:29.000] [SEVERE ] updating countdown to 59000
[15:23:29.572] [SEVERE ] key 87 was pressed by player 1
[15:23:29.573] [SEVERE ] player 1 placing token on slot 1
[15:23:29.587] [SEVERE ] key 80 was pressed by player 2
[15:23:29.589] [SEVERE ] player 2 placing token on slot 3
[15:23:29.676] [SEVERE ] key 79 was pressed by player 2
[15:23:29.677] [SEVERE ] player 2 placing token on slot 2
[15:23:29.728] [SEVERE ] key 69 was pressed by player 1
[15:23:29.730] [SEVERE ] player 1 placing token on slot 2
[15:23:29.883] [SEVERE ] key 68 was pressed by player 1
[15:23:29.885] [SEVERE ] player 1 placing token on slot 6
[15:23:30.012] [SEVERE ] setting player 1 freeze to 3000
[15:23:30.022] [SEVERE ] updating countdown to 58000
[15:23:30.162] [SEVERE ] key 75 was pressed by player 2
[15:23:30.164] [SEVERE ] player 2 placing token on slot 5
[15:23:30.233] [SEVERE ] key 76 was pressed by player 2
[15:23:30.315] [SEVERE ] key 83 was pressed by player 1
[15:23:30.714] [SEVERE ] key 76 was pressed by player 2
[15:23:30.987] [SEVERE ] key 75 was pressed by player 2
[15:23:31.030] [SEVERE ] setting player 1 freeze to 2000
[15:23:31.030] [SEVERE ] setting player 2 freeze to 3000
[15:23:31.036] [SEVERE ] updating countdown to 57000
[15:23:31.221] [SEVERE ] key 44 was pressed by player 2
[15:23:32.031] [SEVERE ] setting player 1 freeze to 1000
[15:23:32.031] [SEVERE ] setting player 2 freeze to 2000
[15:23:32.053] [SEVERE ] updating countdown to 56000
[15:23:33.047] [SEVERE ] setting player 2 freeze to 1000
[15:23:33.047] [SEVERE ] setting player 1 freeze to 0
[15:23:33.068] [SEVERE ] updating countdown to 55000
[15:23:34.056] [SEVERE ] setting player 2 freeze to 0
[15:23:34.077] [SEVERE ] updating countdown to 54000
[15:23:35.087] [SEVERE ] updating countdown to 53000
[15:23:35.505] [SEVERE ] exit button pressed
[15:23:36.102] [SEVERE ] updating countdown to 52000
[15:23:36.103] [SEVERE ] removing player 1 token from slot 1
[15:23:36.104] [SEVERE ] removing player 1 token from slot 2
[15:23:36.104] [SEVERE ] removing player 1 token from slot 6
[15:23:36.105] [SEVERE ] removing player 2 token from slot 3
[15:23:36.106] [SEVERE ] removing player 2 token from slot 2
[15:23:36.107] [SEVERE ] removing player 2 token from slot 5
[15:23:36.108] [SEVERE ] removing card from slot 0
[15:23:36.223] [SEVERE ] removing card from slot 1
[15:23:36.333] [SEVERE ] removing card from slot 2
[15:23:36.441] [SEVERE ] removing card from slot 3
[15:23:36.551] [SEVERE ] removing card from slot 4
[15:23:36.660] [SEVERE ] removing card from slot 5
[15:23:36.770] [SEVERE ] removing card from slot 6
[15:23:36.879] [SEVERE ] removing card from slot 7
[15:23:36.988] [SEVERE ] removing card from slot 8
[15:23:37.096] [SEVERE ] removing card from slot 9
[15:23:37.205] [SEVERE ] removing card from slot 10
[15:23:37.315] [SEVERE ] removing card from slot 11
[15:23:37.425] [SEVERE ] announcing winner(s): player 1, player 2
[15:23:37.428] [INFO   ] thread dealer terminated.
[15:23:37.429] [INFO   ] thread dealer terminated.
[15:23:37.430] [SEVERE ] thanks for playing... it was fun!
[15:23:37.431] [INFO   ] thread main terminated.
