[12:04:40.493] [INFO   ] thread main starting.
[12:04:40.505] [SEVERE ] cannot read configuration file config.properties trying from resources.
[12:04:40.509] [SEVERE ] configuration file was loaded from resources directory.
[12:04:41.113] [INFO   ] thread dealer starting.
[12:04:41.126] [INFO   ] thread player 0 starting.
[12:04:41.128] [INFO   ] thread player 1 starting.
[12:04:41.129] [INFO   ] thread dealer starting.
[12:04:41.153] [INFO   ] thread player 0 starting.
[12:04:41.153] [INFO   ] thread player 1 starting.
[12:04:41.161] [INFO   ] thread computer-1 starting.
[12:04:41.261] [SEVERE ] placing card 45 in slot 0
[12:04:41.369] [SEVERE ] placing card 43 in slot 1
[12:04:41.478] [SEVERE ] placing card 27 in slot 2
[12:04:41.586] [SEVERE ] placing card 33 in slot 3
[12:04:41.696] [SEVERE ] placing card 63 in slot 4
[12:04:41.806] [SEVERE ] placing card 55 in slot 5
[12:04:41.914] [SEVERE ] placing card 66 in slot 6
[12:04:42.023] [SEVERE ] placing card 31 in slot 7
[12:04:42.132] [SEVERE ] placing card 54 in slot 8
[12:04:42.242] [SEVERE ] placing card 29 in slot 9
[12:04:42.350] [SEVERE ] placing card 0 in slot 10
[12:04:42.458] [SEVERE ] placing card 51 in slot 11
[12:04:43.474] [SEVERE ] updating countdown to 59000
[12:04:44.484] [SEVERE ] updating countdown to 58000
[12:04:45.500] [SEVERE ] updating countdown to 57000
[12:04:45.806] [SEVERE ] key 80 was pressed by player 2
[12:04:45.807] [SEVERE ] player 2 placing token on slot 3
[12:04:46.030] [SEVERE ] key 79 was pressed by player 2
[12:04:46.508] [SEVERE ] updating countdown to 56000
[12:04:46.816] [SEVERE ] player 2 placing token on slot 2
[12:04:47.517] [SEVERE ] updating countdown to 55000
[12:04:47.825] [SEVERE ] removing player 2 token from slot 2
[12:04:48.526] [SEVERE ] updating countdown to 54000
