[17:48:56.112] [INFO   ] thread main starting.
[17:48:56.119] [SEVERE ] cannot read configuration file config.properties trying from resources.
[17:48:56.128] [SEVERE ] configuration file was loaded from resources directory.
[17:48:56.765] [INFO   ] thread dealer starting.
[17:48:56.766] [INFO   ] thread player 0 starting.
[17:48:56.766] [INFO   ] thread player 1 starting.
[17:48:56.766] [INFO   ] thread dealer starting.
[17:48:56.775] [INFO   ] thread player 0 starting.
[17:48:56.775] [INFO   ] thread player 1 starting.
[17:48:56.889] [SEVERE ] placing card 27 in slot 0
[17:48:56.989] [SEVERE ] placing card 72 in slot 1
[17:48:57.093] [SEVERE ] placing card 31 in slot 2
[17:48:57.197] [SEVERE ] placing card 73 in slot 3
[17:48:57.307] [SEVERE ] placing card 37 in slot 4
[17:48:57.411] [SEVERE ] placing card 60 in slot 5
[17:48:57.516] [SEVERE ] placing card 8 in slot 6
[17:48:57.617] [SEVERE ] placing card 68 in slot 7
[17:48:57.724] [SEVERE ] placing card 78 in slot 8
[17:48:57.835] [SEVERE ] placing card 32 in slot 9
[17:48:57.947] [SEVERE ] placing card 51 in slot 10
[17:48:58.058] [SEVERE ] placing card 38 in slot 11
[17:48:59.069] [SEVERE ] updating countdown to 59000
[17:48:59.639] [SEVERE ] key 81 was pressed by player 1
[17:48:59.639] [SEVERE ] player 1 placing token on slot 0
[17:48:59.709] [SEVERE ] key 80 was pressed by player 2
[17:48:59.709] [SEVERE ] player 2 placing token on slot 3
[17:48:59.789] [SEVERE ] key 79 was pressed by player 2
[17:48:59.789] [SEVERE ] player 2 placing token on slot 2
[17:48:59.879] [SEVERE ] key 87 was pressed by player 1
[17:48:59.879] [SEVERE ] player 1 placing token on slot 1
[17:49:00.081] [SEVERE ] key 83 was pressed by player 1
[17:49:00.081] [SEVERE ] player 1 placing token on slot 5
[17:49:00.088] [SEVERE ] updating countdown to 58000
[17:49:00.089] [SEVERE ] setting player 1 freeze to 3000
[17:49:00.229] [SEVERE ] key 75 was pressed by player 2
[17:49:00.229] [SEVERE ] player 2 placing token on slot 5
[17:49:00.399] [SEVERE ] key 76 was pressed by player 2
[17:49:01.102] [SEVERE ] setting player 1 freeze to 2000
[17:49:01.102] [SEVERE ] setting player 2 freeze to 3000
[17:49:01.102] [SEVERE ] updating countdown to 57000
[17:49:02.105] [SEVERE ] setting player 2 freeze to 2000
[17:49:02.105] [SEVERE ] setting player 1 freeze to 1000
[17:49:02.109] [SEVERE ] updating countdown to 56000
[17:49:03.107] [SEVERE ] setting player 1 freeze to 0
[17:49:03.107] [SEVERE ] setting player 2 freeze to 1000
[17:49:03.126] [SEVERE ] updating countdown to 55000
[17:49:04.019] [SEVERE ] key 81 was pressed by player 1
[17:49:04.019] [SEVERE ] removing player 1 token from slot 0
[17:49:04.119] [SEVERE ] setting player 2 freeze to 0
[17:49:04.135] [SEVERE ] updating countdown to 54000
[17:49:04.449] [SEVERE ] key 87 was pressed by player 1
[17:49:04.451] [SEVERE ] removing player 1 token from slot 1
[17:49:04.799] [SEVERE ] key 83 was pressed by player 1
[17:49:04.799] [SEVERE ] removing player 1 token from slot 5
[17:49:05.149] [SEVERE ] updating countdown to 53000
[17:49:05.179] [SEVERE ] key 76 was pressed by player 2
[17:49:05.579] [SEVERE ] key 80 was pressed by player 2
[17:49:05.579] [SEVERE ] removing player 2 token from slot 3
[17:49:05.756] [SEVERE ] key 79 was pressed by player 2
[17:49:05.756] [SEVERE ] removing player 2 token from slot 2
[17:49:06.158] [SEVERE ] updating countdown to 52000
[17:49:06.176] [SEVERE ] key 75 was pressed by player 2
[17:49:06.178] [SEVERE ] removing player 2 token from slot 5
[17:49:07.178] [SEVERE ] updating countdown to 51000
[17:49:08.197] [SEVERE ] updating countdown to 50000
[17:49:09.209] [SEVERE ] updating countdown to 49000
[17:49:10.221] [SEVERE ] updating countdown to 48000
[17:49:11.234] [SEVERE ] updating countdown to 47000
[17:49:12.172] [SEVERE ] key 67 was pressed by player 1
[17:49:12.173] [SEVERE ] player 1 placing token on slot 10
[17:49:12.235] [SEVERE ] updating countdown to 46000
[17:49:12.575] [SEVERE ] key 86 was pressed by player 1
[17:49:12.575] [SEVERE ] player 1 placing token on slot 11
[17:49:13.245] [SEVERE ] updating countdown to 45000
[17:49:14.259] [SEVERE ] updating countdown to 44000
[17:49:15.278] [SEVERE ] updating countdown to 43000
[17:49:16.290] [SEVERE ] updating countdown to 42000
[17:49:17.106] [SEVERE ] key 80 was pressed by player 2
[17:49:17.106] [SEVERE ] player 2 placing token on slot 3
[17:49:17.305] [SEVERE ] updating countdown to 41000
[17:49:18.322] [SEVERE ] updating countdown to 40000
[17:49:18.799] [SEVERE ] key 75 was pressed by player 2
[17:49:18.799] [SEVERE ] player 2 placing token on slot 5
[17:49:19.338] [SEVERE ] updating countdown to 39000
[17:49:20.352] [SEVERE ] updating countdown to 38000
[17:49:21.363] [SEVERE ] updating countdown to 37000
[17:49:22.381] [SEVERE ] updating countdown to 36000
[17:49:22.590] [SEVERE ] key 59 was pressed by player 2
[17:49:22.590] [SEVERE ] player 2 placing token on slot 7
[17:49:22.879] [SEVERE ] key 69 was pressed by player 1
[17:49:22.879] [SEVERE ] player 1 placing token on slot 2
[17:49:23.385] [SEVERE ] setting player 2 score to 1
[17:49:23.385] [SEVERE ] setting player 2 freeze to 1000
[17:49:23.389] [SEVERE ] updating countdown to 35000
[17:49:24.386] [SEVERE ] setting player 2 freeze to 0
[17:49:24.389] [SEVERE ] removing player 1 token from slot 10
[17:49:24.389] [SEVERE ] removing card from slot 10
[17:49:24.505] [SEVERE ] removing player 1 token from slot 11
[17:49:24.505] [SEVERE ] removing card from slot 11
[17:49:24.610] [SEVERE ] removing player 1 token from slot 2
[17:49:24.610] [SEVERE ] removing card from slot 2
[17:49:24.832] [SEVERE ] placing card 13 in slot 2
[17:49:24.944] [SEVERE ] placing card 63 in slot 10
[17:49:25.054] [SEVERE ] placing card 3 in slot 11
[17:49:25.054] [SEVERE ] removing player 2 token from slot 3
[17:49:25.054] [SEVERE ] removing card from slot 3
[17:49:25.166] [SEVERE ] removing player 2 token from slot 5
[17:49:25.166] [SEVERE ] removing card from slot 5
[17:49:25.278] [SEVERE ] removing player 2 token from slot 7
[17:49:25.278] [SEVERE ] removing card from slot 7
[17:49:25.501] [SEVERE ] placing card 50 in slot 3
[17:49:25.613] [SEVERE ] placing card 36 in slot 5
[17:49:25.725] [SEVERE ] placing card 71 in slot 7
[17:49:25.729] [SEVERE ] updating countdown to 60000
[17:49:26.741] [SEVERE ] updating countdown to 59000
[17:49:27.746] [SEVERE ] updating countdown to 58000
