[19:38:58.185] [INFO   ] thread main starting.
[19:38:58.191] [SEVERE ] cannot read configuration file config.properties trying from resources.
[19:38:58.201] [SEVERE ] configuration file was loaded from resources directory.
[19:38:58.829] [INFO   ] thread dealer starting.
[19:38:58.835] [INFO   ] thread player 0 starting.
[19:38:58.843] [INFO   ] thread player 1 starting.
[19:38:58.843] [INFO   ] thread dealer starting.
[19:38:58.857] [INFO   ] thread player 1 starting.
[19:38:58.857] [INFO   ] thread player 0 starting.
[19:38:58.963] [SEVERE ] placing card 29 in slot 0
[19:38:59.073] [SEVERE ] placing card 24 in slot 1
[19:38:59.183] [SEVERE ] placing card 18 in slot 2
[19:38:59.294] [SEVERE ] placing card 0 in slot 3
[19:38:59.404] [SEVERE ] placing card 28 in slot 4
[19:38:59.514] [SEVERE ] placing card 80 in slot 5
[19:38:59.624] [SEVERE ] placing card 74 in slot 6
[19:38:59.734] [SEVERE ] placing card 54 in slot 7
[19:38:59.843] [SEVERE ] placing card 27 in slot 8
[19:38:59.953] [SEVERE ] placing card 34 in slot 9
[19:39:00.064] [SEVERE ] placing card 47 in slot 10
[19:39:00.173] [SEVERE ] placing card 73 in slot 11
[19:39:01.181] [SEVERE ] updating countdown to 60000
[19:39:02.191] [SEVERE ] updating countdown to 59000
[19:39:03.206] [SEVERE ] updating countdown to 58000
[19:39:04.210] [SEVERE ] updating countdown to 57000
[19:39:05.216] [SEVERE ] updating countdown to 56000
[19:39:05.247] [SEVERE ] key 81 was pressed by player 1
[19:39:05.247] [SEVERE ] player 1 placing token on slot 0
[19:39:06.219] [SEVERE ] updating countdown to 55000
[19:39:06.566] [SEVERE ] key 65 was pressed by player 1
[19:39:06.566] [SEVERE ] player 1 placing token on slot 4
[19:39:07.230] [SEVERE ] updating countdown to 54000
[19:39:08.245] [SEVERE ] updating countdown to 53000
[19:39:09.249] [SEVERE ] updating countdown to 52000
[19:39:10.259] [SEVERE ] updating countdown to 51000
[19:39:11.262] [SEVERE ] updating countdown to 50000
[19:39:12.273] [SEVERE ] updating countdown to 49000
[19:39:13.277] [SEVERE ] updating countdown to 48000
[19:39:14.068] [SEVERE ] key 79 was pressed by player 2
[19:39:14.068] [SEVERE ] player 2 placing token on slot 2
[19:39:14.296] [SEVERE ] updating countdown to 47000
[19:39:15.308] [SEVERE ] updating countdown to 46000
[19:39:16.316] [SEVERE ] updating countdown to 45000
[19:39:16.518] [SEVERE ] key 44 was pressed by player 2
[19:39:16.518] [SEVERE ] player 2 placing token on slot 9
[19:39:17.103] [SEVERE ] key 44 was pressed by player 2
[19:39:17.103] [SEVERE ] removing player 2 token from slot 9
[19:39:17.323] [SEVERE ] updating countdown to 44000
[19:39:17.323] [SEVERE ] key 46 was pressed by player 2
[19:39:17.323] [SEVERE ] player 2 placing token on slot 10
[19:39:18.340] [SEVERE ] updating countdown to 43000
[19:39:19.355] [SEVERE ] updating countdown to 42000
[19:39:20.361] [SEVERE ] updating countdown to 41000
[19:39:20.395] [SEVERE ] key 90 was pressed by player 1
[19:39:20.395] [SEVERE ] player 1 placing token on slot 8
[19:39:20.619] [SEVERE ] key 47 was pressed by player 2
[19:39:20.619] [SEVERE ] player 2 placing token on slot 11
[19:39:21.361] [SEVERE ] updating countdown to 40000
[19:39:21.361] [SEVERE ] removing player 1 token from slot 0
[19:39:21.361] [SEVERE ] removing card from slot 0
[19:39:21.472] [SEVERE ] removing player 1 token from slot 4
[19:39:21.473] [SEVERE ] removing card from slot 4
[19:39:21.581] [SEVERE ] removing player 1 token from slot 8
[19:39:21.581] [SEVERE ] removing card from slot 8
[19:39:21.802] [SEVERE ] placing card 57 in slot 0
[19:39:21.912] [SEVERE ] placing card 65 in slot 4
[19:39:22.023] [SEVERE ] placing card 75 in slot 8
[19:39:22.023] [SEVERE ] setting player 1 score to 1
[19:39:22.023] [SEVERE ] setting player 1 freeze to 1000
[19:39:22.027] [SEVERE ] updating countdown to 61000
[19:39:23.035] [SEVERE ] setting player 1 freeze to 0
[19:39:23.035] [SEVERE ] updating countdown to 60000
[19:39:23.035] [SEVERE ] removing player 2 token from slot 2
[19:39:23.035] [SEVERE ] removing card from slot 2
[19:39:23.155] [SEVERE ] removing player 2 token from slot 10
[19:39:23.156] [SEVERE ] removing card from slot 10
[19:39:23.266] [SEVERE ] removing player 2 token from slot 11
[19:39:23.266] [SEVERE ] removing card from slot 11
[19:39:23.487] [SEVERE ] placing card 41 in slot 2
[19:39:23.599] [SEVERE ] placing card 48 in slot 10
[19:39:23.710] [SEVERE ] placing card 58 in slot 11
[19:39:23.710] [SEVERE ] updating countdown to 61000
[19:39:24.720] [SEVERE ] setting player 2 score to 1
[19:39:24.720] [SEVERE ] setting player 2 freeze to 1000
[19:39:24.720] [SEVERE ] updating countdown to 60000
[19:39:25.727] [SEVERE ] setting player 2 freeze to 0
[19:39:25.727] [SEVERE ] updating countdown to 59000
[19:39:26.736] [SEVERE ] updating countdown to 58000
[19:39:27.744] [SEVERE ] updating countdown to 57000
[19:39:28.750] [SEVERE ] updating countdown to 56000
[19:39:29.753] [SEVERE ] updating countdown to 55000
[19:39:30.769] [SEVERE ] updating countdown to 54000
