[23:41:38.287] [INFO   ] thread main starting.
[23:41:38.300] [SEVERE ] cannot read configuration file config.properties trying from resources.
[23:41:38.306] [SEVERE ] configuration file was loaded from resources directory.
[23:41:39.149] [INFO   ] thread dealer starting.
[23:41:39.149] [INFO   ] thread player 0 starting.
[23:41:39.156] [INFO   ] thread player 1 starting.
[23:41:39.156] [INFO   ] thread dealer starting.
[23:41:39.169] [INFO   ] thread player 1 starting.
[23:41:39.169] [INFO   ] thread player 0 starting.
[23:41:39.281] [SEVERE ] placing card 4 in slot 0
[23:41:39.384] [SEVERE ] placing card 13 in slot 1
[23:41:39.501] [SEVERE ] placing card 40 in slot 2
[23:41:39.613] [SEVERE ] placing card 76 in slot 3
[23:41:39.716] [SEVERE ] placing card 50 in slot 4
[23:41:39.819] [SEVERE ] placing card 75 in slot 5
[23:41:39.930] [SEVERE ] placing card 72 in slot 6
[23:41:40.035] [SEVERE ] placing card 15 in slot 7
[23:41:40.144] [SEVERE ] placing card 80 in slot 8
[23:41:40.247] [SEVERE ] placing card 38 in slot 9
[23:41:40.353] [SEVERE ] placing card 19 in slot 10
[23:41:40.464] [SEVERE ] placing card 10 in slot 11
[23:41:41.479] [SEVERE ] updating countdown to 59000
[23:41:42.479] [SEVERE ] updating countdown to 58000
