[18:29:51.206] [INFO   ] thread main starting.
[18:29:51.216] [SEVERE ] cannot read configuration file config.properties trying from resources.
[18:29:51.222] [SEVERE ] configuration file was loaded from resources directory.
[18:29:51.861] [INFO   ] thread dealer starting.
[18:29:51.868] [INFO   ] thread player 0 starting.
[18:29:51.870] [INFO   ] thread player 1 starting.
[18:29:51.873] [INFO   ] thread player 0 starting.
[18:29:51.873] [INFO   ] thread dealer starting.
[18:29:51.873] [INFO   ] thread player 1 starting.
[18:29:51.994] [SEVERE ] placing card 52 in slot 0
[18:29:52.110] [SEVERE ] placing card 16 in slot 1
[18:29:52.215] [SEVERE ] placing card 14 in slot 2
[18:29:52.321] [SEVERE ] placing card 63 in slot 3
[18:29:52.426] [SEVERE ] placing card 13 in slot 4
[18:29:52.529] [SEVERE ] placing card 1 in slot 5
[18:29:52.633] [SEVERE ] placing card 53 in slot 6
[18:29:52.742] [SEVERE ] placing card 20 in slot 7
[18:29:52.856] [SEVERE ] placing card 62 in slot 8
[18:29:52.967] [SEVERE ] placing card 30 in slot 9
[18:29:53.075] [SEVERE ] placing card 35 in slot 10
[18:29:53.184] [SEVERE ] placing card 0 in slot 11
[18:30:09.861] [SEVERE ] updating countdown to 5000
[18:30:36.710] [SEVERE ] updating countdown to 5000
