[00:25:28.112] [INFO   ] thread main starting.
[00:25:28.112] [SEVERE ] cannot read configuration file config.properties trying from resources.
[00:25:28.127] [SEVERE ] configuration file was loaded from resources directory.
[00:25:28.864] [INFO   ] thread dealer starting.
[00:25:28.864] [INFO   ] thread player 0 starting.
[00:25:28.864] [INFO   ] thread player 1 starting.
[00:25:28.869] [INFO   ] thread player 0 starting.
[00:25:28.869] [INFO   ] thread dealer starting.
[00:25:28.869] [INFO   ] thread player 1 starting.
[00:25:28.982] [SEVERE ] placing card 74 in slot 0
[00:25:29.083] [SEVERE ] placing card 79 in slot 1
[00:25:29.193] [SEVERE ] placing card 43 in slot 2
[00:25:29.302] [SEVERE ] placing card 40 in slot 3
[00:25:29.413] [SEVERE ] placing card 22 in slot 4
[00:25:29.523] [SEVERE ] placing card 72 in slot 5
[00:25:29.634] [SEVERE ] placing card 14 in slot 6
[00:25:29.738] [SEVERE ] placing card 65 in slot 7
[00:25:29.848] [SEVERE ] placing card 54 in slot 8
[00:25:29.959] [SEVERE ] placing card 25 in slot 9
[00:25:30.069] [SEVERE ] placing card 66 in slot 10
[00:25:30.179] [SEVERE ] placing card 16 in slot 11
[00:25:31.202] [SEVERE ] updating countdown to 59000
[00:25:31.974] [SEVERE ] key 80 was pressed by player 2
[00:25:31.974] [SEVERE ] player 2 placing token on slot 3
[00:25:32.054] [SEVERE ] key 87 was pressed by player 1
[00:25:32.054] [SEVERE ] player 1 placing token on slot 1
[00:25:32.085] [SEVERE ] key 79 was pressed by player 2
[00:25:32.085] [SEVERE ] player 2 placing token on slot 2
[00:25:32.211] [SEVERE ] updating countdown to 58000
[00:25:32.416] [SEVERE ] key 68 was pressed by player 1
[00:25:32.416] [SEVERE ] player 1 placing token on slot 6
[00:25:32.463] [SEVERE ] key 75 was pressed by player 2
[00:25:32.463] [SEVERE ] player 2 placing token on slot 5
[00:25:32.463] [SEVERE ] setting player 2 freeze to 3000
[00:25:32.559] [SEVERE ] key 76 was pressed by player 2
[00:25:32.827] [SEVERE ] key 87 was pressed by player 1
[00:25:32.827] [SEVERE ] removing player 1 token from slot 1
[00:25:33.095] [SEVERE ] key 80 was pressed by player 2
[00:25:33.225] [SEVERE ] updating countdown to 57000
[00:25:33.482] [SEVERE ] setting player 2 freeze to 2000
[00:25:33.482] [SEVERE ] key 83 was pressed by player 1
[00:25:33.482] [SEVERE ] player 1 placing token on slot 5
[00:25:33.687] [SEVERE ] key 68 was pressed by player 1
[00:25:33.687] [SEVERE ] removing player 1 token from slot 6
[00:25:34.066] [SEVERE ] key 81 was pressed by player 1
[00:25:34.071] [SEVERE ] player 1 placing token on slot 0
[00:25:34.240] [SEVERE ] updating countdown to 56000
[00:25:34.354] [SEVERE ] key 69 was pressed by player 1
[00:25:34.354] [SEVERE ] player 1 placing token on slot 2
[00:25:34.354] [SEVERE ] setting player 1 freeze to 3000
[00:25:34.495] [SEVERE ] setting player 2 freeze to 1000
[00:25:34.668] [SEVERE ] key 87 was pressed by player 1
[00:25:35.252] [SEVERE ] updating countdown to 55000
[00:25:35.359] [SEVERE ] setting player 1 freeze to 2000
[00:25:35.501] [SEVERE ] setting player 2 freeze to 0
[00:25:36.256] [SEVERE ] updating countdown to 54000
[00:25:36.368] [SEVERE ] setting player 1 freeze to 1000
[00:25:37.259] [SEVERE ] updating countdown to 53000
[00:25:37.384] [SEVERE ] setting player 1 freeze to 0
[00:25:38.267] [SEVERE ] updating countdown to 52000
[00:25:39.272] [SEVERE ] updating countdown to 51000
[00:25:39.803] [SEVERE ] key 80 was pressed by player 2
[00:25:39.817] [SEVERE ] removing player 2 token from slot 3
[00:25:40.275] [SEVERE ] updating countdown to 50000
[00:25:40.553] [SEVERE ] key 79 was pressed by player 2
[00:25:40.553] [SEVERE ] removing player 2 token from slot 2
[00:25:40.947] [SEVERE ] key 81 was pressed by player 1
[00:25:40.948] [SEVERE ] removing player 1 token from slot 0
[00:25:41.278] [SEVERE ] updating countdown to 49000
[00:25:41.373] [SEVERE ] key 87 was pressed by player 1
[00:25:41.373] [SEVERE ] player 1 placing token on slot 1
[00:25:41.373] [SEVERE ] setting player 1 freeze to 3000
[00:25:41.710] [SEVERE ] key 83 was pressed by player 1
[00:25:42.084] [SEVERE ] key 76 was pressed by player 2
[00:25:42.084] [SEVERE ] player 2 placing token on slot 6
[00:25:42.288] [SEVERE ] updating countdown to 48000
[00:25:42.383] [SEVERE ] setting player 1 freeze to 2000
[00:25:42.518] [SEVERE ] key 80 was pressed by player 2
[00:25:42.518] [SEVERE ] player 2 placing token on slot 3
[00:25:42.518] [SEVERE ] setting player 2 freeze to 3000
[00:25:42.912] [SEVERE ] key 87 was pressed by player 1
[00:25:43.147] [SEVERE ] key 80 was pressed by player 2
[00:25:43.289] [SEVERE ] updating countdown to 47000
[00:25:43.308] [SEVERE ] key 81 was pressed by player 1
[00:25:43.388] [SEVERE ] setting player 1 freeze to 1000
[00:25:43.530] [SEVERE ] setting player 2 freeze to 2000
[00:25:43.593] [SEVERE ] key 76 was pressed by player 2
[00:25:44.303] [SEVERE ] updating countdown to 46000
[00:25:44.399] [SEVERE ] setting player 1 freeze to 0
[00:25:44.535] [SEVERE ] setting player 2 freeze to 1000
[00:25:44.803] [SEVERE ] key 80 was pressed by player 2
[00:25:45.183] [SEVERE ] key 81 was pressed by player 1
[00:25:45.310] [SEVERE ] updating countdown to 45000
[00:25:45.485] [SEVERE ] key 81 was pressed by player 1
[00:25:45.549] [SEVERE ] setting player 2 freeze to 0
[00:25:45.739] [SEVERE ] key 87 was pressed by player 1
[00:25:45.739] [SEVERE ] removing player 1 token from slot 1
[00:25:46.329] [SEVERE ] updating countdown to 44000
[00:25:46.883] [SEVERE ] key 79 was pressed by player 2
[00:25:47.335] [SEVERE ] updating countdown to 43000
[00:25:47.383] [SEVERE ] key 87 was pressed by player 1
[00:25:47.383] [SEVERE ] player 1 placing token on slot 1
[00:25:47.383] [SEVERE ] setting player 1 freeze to 3000
[00:25:48.339] [SEVERE ] updating countdown to 42000
[00:25:48.387] [SEVERE ] setting player 1 freeze to 2000
[00:25:48.705] [SEVERE ] key 80 was pressed by player 2
[00:25:48.705] [SEVERE ] removing player 2 token from slot 3
[00:25:49.131] [SEVERE ] key 79 was pressed by player 2
[00:25:49.132] [SEVERE ] player 2 placing token on slot 2
[00:25:49.132] [SEVERE ] setting player 2 freeze to 3000
[00:25:49.352] [SEVERE ] updating countdown to 41000
[00:25:49.400] [SEVERE ] setting player 1 freeze to 1000
[00:25:49.758] [SEVERE ] key 76 was pressed by player 2
[00:25:50.142] [SEVERE ] setting player 2 freeze to 2000
[00:25:50.364] [SEVERE ] updating countdown to 40000
[00:25:50.402] [SEVERE ] setting player 1 freeze to 0
[00:25:51.146] [SEVERE ] setting player 2 freeze to 1000
[00:25:51.375] [SEVERE ] updating countdown to 39000
[00:25:52.116] [SEVERE ] key 87 was pressed by player 1
[00:25:52.116] [SEVERE ] removing player 1 token from slot 1
[00:25:52.153] [SEVERE ] setting player 2 freeze to 0
[00:25:52.390] [SEVERE ] updating countdown to 38000
[00:25:52.601] [SEVERE ] key 79 was pressed by player 2
[00:25:52.617] [SEVERE ] removing player 2 token from slot 2
[00:25:53.357] [SEVERE ] key 83 was pressed by player 1
[00:25:53.357] [SEVERE ] removing player 1 token from slot 5
[00:25:53.405] [SEVERE ] updating countdown to 37000
[00:25:53.575] [SEVERE ] key 76 was pressed by player 2
[00:25:53.575] [SEVERE ] removing player 2 token from slot 6
[00:25:53.972] [SEVERE ] key 79 was pressed by player 2
[00:25:53.972] [SEVERE ] player 2 placing token on slot 2
[00:25:54.414] [SEVERE ] updating countdown to 36000
[00:25:54.467] [SEVERE ] key 76 was pressed by player 2
[00:25:54.467] [SEVERE ] player 2 placing token on slot 6
[00:25:54.467] [SEVERE ] setting player 2 freeze to 3000
[00:25:55.421] [SEVERE ] updating countdown to 35000
[00:25:55.482] [SEVERE ] setting player 2 freeze to 2000
[00:25:56.439] [SEVERE ] updating countdown to 34000
[00:25:56.497] [SEVERE ] setting player 2 freeze to 1000
[00:25:57.450] [SEVERE ] updating countdown to 33000
[00:25:57.500] [SEVERE ] setting player 2 freeze to 0
