[12:14:47.596] [INFO   ] thread main starting.
[12:14:47.596] [SEVERE ] cannot read configuration file config.properties trying from resources.
[12:14:47.596] [SEVERE ] configuration file was loaded from resources directory.
[12:14:48.094] [INFO   ] thread dealer starting.
[12:14:48.095] [INFO   ] thread player 0 starting.
[12:14:48.095] [INFO   ] thread player 1 starting.
[12:14:48.096] [INFO   ] thread dealer starting.
[12:14:48.097] [INFO   ] thread player 0 starting.
[12:14:48.098] [INFO   ] thread player 1 starting.
[12:14:48.106] [INFO   ] thread computer-1 starting.
[12:14:48.216] [SEVERE ] placing card 61 in slot 0
[12:14:48.328] [SEVERE ] placing card 24 in slot 1
[12:14:48.429] [SEVERE ] placing card 56 in slot 2
[12:14:48.540] [SEVERE ] placing card 48 in slot 3
[12:14:48.649] [SEVERE ] placing card 35 in slot 4
[12:14:48.759] [SEVERE ] placing card 79 in slot 5
[12:14:48.869] [SEVERE ] placing card 70 in slot 6
[12:14:48.976] [SEVERE ] placing card 23 in slot 7
[12:14:49.089] [SEVERE ] placing card 67 in slot 8
[12:14:49.199] [SEVERE ] placing card 19 in slot 9
[12:14:49.309] [SEVERE ] placing card 22 in slot 10
[12:14:49.419] [SEVERE ] placing card 65 in slot 11
[12:14:50.424] [SEVERE ] updating countdown to 59000
[12:14:51.455] [SEVERE ] updating countdown to 58000
[12:14:52.458] [SEVERE ] updating countdown to 57000
[12:14:53.471] [SEVERE ] updating countdown to 56000
