[00:02:12.202] [INFO   ] thread main starting.
[00:02:12.211] [SEVERE ] cannot read configuration file config.properties trying from resources.
[00:02:12.213] [SEVERE ] configuration file was loaded from resources directory.
[00:02:12.739] [INFO   ] thread dealer starting.
[00:02:12.743] [INFO   ] thread player 0 starting.
[00:02:12.745] [INFO   ] thread player 1 starting.
[00:02:12.757] [INFO   ] thread player 0 starting.
[00:02:12.757] [INFO   ] thread dealer starting.
[00:02:12.758] [INFO   ] thread player 1 starting.
[00:02:12.866] [SEVERE ] placing card 73 in slot 0
[00:02:12.976] [SEVERE ] placing card 77 in slot 1
[00:02:13.084] [SEVERE ] placing card 53 in slot 2
[00:02:13.192] [SEVERE ] placing card 79 in slot 3
[00:02:13.300] [SEVERE ] placing card 66 in slot 4
[00:02:13.410] [SEVERE ] placing card 68 in slot 5
[00:02:13.518] [SEVERE ] placing card 36 in slot 6
[00:02:13.627] [SEVERE ] placing card 43 in slot 7
[00:02:13.737] [SEVERE ] placing card 11 in slot 8
[00:02:13.846] [SEVERE ] placing card 3 in slot 9
[00:02:13.956] [SEVERE ] placing card 25 in slot 10
[00:02:14.064] [SEVERE ] placing card 16 in slot 11
[00:02:15.090] [SEVERE ] updating countdown to 59000
[00:02:16.099] [SEVERE ] updating countdown to 58000
[00:02:17.112] [SEVERE ] updating countdown to 57000
[00:02:18.122] [SEVERE ] updating countdown to 56000
[00:02:19.138] [SEVERE ] updating countdown to 55000
[00:02:20.153] [SEVERE ] updating countdown to 54000
[00:02:21.161] [SEVERE ] updating countdown to 53000
[00:02:22.175] [SEVERE ] updating countdown to 52000
[00:02:23.193] [SEVERE ] updating countdown to 51000
[00:02:24.206] [SEVERE ] updating countdown to 50000
[00:02:25.222] [SEVERE ] updating countdown to 49000
[00:02:26.236] [SEVERE ] updating countdown to 48000
[00:02:27.251] [SEVERE ] updating countdown to 47000
[00:02:28.254] [SEVERE ] updating countdown to 46000
[00:02:29.267] [SEVERE ] updating countdown to 45000
[00:02:30.288] [SEVERE ] updating countdown to 44000
[00:02:31.305] [SEVERE ] updating countdown to 43000
[00:02:32.321] [SEVERE ] updating countdown to 42000
[00:02:33.337] [SEVERE ] updating countdown to 41000
[00:02:34.354] [SEVERE ] updating countdown to 40000
[00:02:35.362] [SEVERE ] updating countdown to 39000
[00:02:36.367] [SEVERE ] updating countdown to 38000
[00:02:37.368] [SEVERE ] updating countdown to 37000
[00:02:38.381] [SEVERE ] updating countdown to 36000
[00:02:39.382] [SEVERE ] updating countdown to 35000
[00:02:40.399] [SEVERE ] updating countdown to 34000
[00:02:41.411] [SEVERE ] updating countdown to 33000
[00:02:42.428] [SEVERE ] updating countdown to 32000
[00:02:43.442] [SEVERE ] updating countdown to 31000
[00:02:44.450] [SEVERE ] updating countdown to 30000
[00:02:45.465] [SEVERE ] updating countdown to 29000
[00:02:46.478] [SEVERE ] updating countdown to 28000
[00:02:47.483] [SEVERE ] updating countdown to 27000
[00:02:48.498] [SEVERE ] updating countdown to 26000
[00:02:49.508] [SEVERE ] updating countdown to 25000
[00:02:50.513] [SEVERE ] updating countdown to 24000
[00:02:51.514] [SEVERE ] updating countdown to 23000
[00:02:52.530] [SEVERE ] updating countdown to 22000
[00:02:53.534] [SEVERE ] updating countdown to 21000
[00:02:54.559] [SEVERE ] updating countdown to 20000
[00:02:55.565] [SEVERE ] updating countdown to 19000
[00:02:56.576] [SEVERE ] updating countdown to 18000
[00:02:57.580] [SEVERE ] updating countdown to 17000
[00:02:58.583] [SEVERE ] updating countdown to 16000
[00:02:59.587] [SEVERE ] updating countdown to 15000
[00:03:00.602] [SEVERE ] updating countdown to 14000
[00:03:01.617] [SEVERE ] updating countdown to 13000
[00:03:02.617] [SEVERE ] updating countdown to 12000
[00:03:03.633] [SEVERE ] updating countdown to 11000
[00:03:04.639] [SEVERE ] updating countdown to 10000
[00:03:05.652] [SEVERE ] updating countdown to 9000
[00:03:06.663] [SEVERE ] updating countdown to 8000
[00:03:07.679] [SEVERE ] updating countdown to 7000
[00:03:08.698] [SEVERE ] updating countdown to 6000
[00:03:09.701] [SEVERE ] updating countdown to 5000
[00:03:10.712] [SEVERE ] updating countdown to 4000
[00:03:11.725] [SEVERE ] updating countdown to 3000
[00:03:12.737] [SEVERE ] updating countdown to 2000
[00:03:13.745] [SEVERE ] updating countdown to 1000
[00:03:14.748] [SEVERE ] updating countdown to 0
[00:03:15.751] [SEVERE ] removing card from slot 0
[00:03:15.864] [SEVERE ] removing card from slot 1
[00:03:15.970] [SEVERE ] removing card from slot 2
[00:03:16.076] [SEVERE ] removing card from slot 3
[00:03:16.180] [SEVERE ] removing card from slot 4
[00:03:16.298] [SEVERE ] removing card from slot 5
[00:03:16.412] [SEVERE ] removing card from slot 6
[00:03:16.524] [SEVERE ] removing card from slot 7
[00:03:16.624] [SEVERE ] removing card from slot 8
[00:03:16.736] [SEVERE ] removing card from slot 9
[00:03:16.849] [SEVERE ] removing card from slot 10
[00:03:16.961] [SEVERE ] removing card from slot 11
[00:03:17.173] [SEVERE ] placing card 55 in slot 0
[00:03:17.283] [SEVERE ] placing card 57 in slot 1
[00:03:17.395] [SEVERE ] placing card 59 in slot 2
[00:03:17.506] [SEVERE ] placing card 49 in slot 3
[00:03:17.616] [SEVERE ] placing card 80 in slot 4
[00:03:17.726] [SEVERE ] placing card 52 in slot 5
[00:03:17.836] [SEVERE ] placing card 76 in slot 6
[00:03:17.950] [SEVERE ] placing card 20 in slot 7
[00:03:18.061] [SEVERE ] placing card 71 in slot 8
[00:03:18.171] [SEVERE ] placing card 5 in slot 9
[00:03:18.281] [SEVERE ] placing card 62 in slot 10
[00:03:18.392] [SEVERE ] placing card 68 in slot 11
[00:03:18.392] [SEVERE ] updating countdown to 60000
[00:03:19.402] [SEVERE ] updating countdown to 59000
[00:03:20.413] [SEVERE ] updating countdown to 58000
[00:03:21.418] [SEVERE ] updating countdown to 57000
[00:03:22.431] [SEVERE ] updating countdown to 56000
[00:03:23.443] [SEVERE ] updating countdown to 55000
[00:03:24.449] [SEVERE ] updating countdown to 54000
[00:03:25.461] [SEVERE ] updating countdown to 53000
[00:03:26.466] [SEVERE ] updating countdown to 52000
[00:03:27.472] [SEVERE ] updating countdown to 51000
[00:03:28.476] [SEVERE ] updating countdown to 50000
[00:03:28.994] [SEVERE ] key 47 was pressed by player 2
[00:03:28.994] [SEVERE ] player 2 placing token on slot 11
[00:03:29.491] [SEVERE ] updating countdown to 49000
[00:03:29.893] [SEVERE ] key 86 was pressed by player 1
[00:03:29.893] [SEVERE ] player 1 placing token on slot 11
[00:03:30.496] [SEVERE ] updating countdown to 48000
[00:03:31.511] [SEVERE ] updating countdown to 47000
[00:03:32.528] [SEVERE ] updating countdown to 46000
[00:03:33.544] [SEVERE ] updating countdown to 45000
[00:03:34.546] [SEVERE ] updating countdown to 44000
[00:03:35.558] [SEVERE ] updating countdown to 43000
[00:03:36.562] [SEVERE ] updating countdown to 42000
[00:03:37.573] [SEVERE ] updating countdown to 41000
[00:03:38.580] [SEVERE ] updating countdown to 40000
[00:03:39.586] [SEVERE ] updating countdown to 39000
[00:03:40.588] [SEVERE ] updating countdown to 38000
[00:03:41.591] [SEVERE ] updating countdown to 37000
[00:03:42.599] [SEVERE ] updating countdown to 36000
[00:03:43.602] [SEVERE ] updating countdown to 35000
[00:03:44.611] [SEVERE ] updating countdown to 34000
[00:03:44.721] [SEVERE ] key 47 was pressed by player 2
[00:03:44.721] [SEVERE ] removing player 2 token from slot 11
[00:03:45.158] [SEVERE ] key 46 was pressed by player 2
[00:03:45.158] [SEVERE ] player 2 placing token on slot 10
[00:03:45.627] [SEVERE ] updating countdown to 33000
[00:03:46.640] [SEVERE ] updating countdown to 32000
[00:03:47.644] [SEVERE ] updating countdown to 31000
[00:03:48.655] [SEVERE ] updating countdown to 30000
[00:03:49.664] [SEVERE ] updating countdown to 29000
[00:03:50.603] [SEVERE ] key 73 was pressed by player 2
[00:03:50.603] [SEVERE ] player 2 placing token on slot 1
[00:03:50.666] [SEVERE ] updating countdown to 28000
[00:03:51.673] [SEVERE ] updating countdown to 27000
[00:03:52.675] [SEVERE ] updating countdown to 26000
[00:03:53.690] [SEVERE ] updating countdown to 25000
[00:03:54.691] [SEVERE ] updating countdown to 24000
[00:03:55.701] [SEVERE ] key 68 was pressed by player 1
[00:03:55.701] [SEVERE ] player 1 placing token on slot 6
[00:03:55.706] [SEVERE ] updating countdown to 23000
[00:03:56.708] [SEVERE ] updating countdown to 22000
[00:03:57.722] [SEVERE ] updating countdown to 21000
[00:03:58.724] [SEVERE ] updating countdown to 20000
[00:03:59.724] [SEVERE ] updating countdown to 19000
[00:04:00.729] [SEVERE ] updating countdown to 18000
[00:04:01.730] [SEVERE ] updating countdown to 17000
[00:04:02.743] [SEVERE ] updating countdown to 16000
[00:04:03.749] [SEVERE ] updating countdown to 15000
[00:04:04.753] [SEVERE ] updating countdown to 14000
[00:04:05.760] [SEVERE ] updating countdown to 13000
[00:04:06.772] [SEVERE ] updating countdown to 12000
[00:04:07.777] [SEVERE ] updating countdown to 11000
[00:04:08.782] [SEVERE ] updating countdown to 10000
[00:04:09.792] [SEVERE ] updating countdown to 9000
[00:04:10.444] [SEVERE ] key 87 was pressed by player 1
[00:04:10.451] [SEVERE ] player 1 placing token on slot 1
[00:04:10.665] [SEVERE ] key 85 was pressed by player 2
[00:04:10.665] [SEVERE ] player 2 placing token on slot 0
[00:04:10.807] [SEVERE ] updating countdown to 8000
[00:04:10.807] [SEVERE ] removing player 1 token from slot 11
[00:04:10.807] [SEVERE ] removing card from slot 11
[00:04:10.909] [SEVERE ] removing player 1 token from slot 6
[00:04:10.909] [SEVERE ] removing card from slot 6
[00:04:11.023] [SEVERE ] removing player 1 token from slot 1
[00:04:11.023] [SEVERE ] removing player 2 token from slot 1
[00:04:11.023] [SEVERE ] removing card from slot 1
[00:04:11.247] [SEVERE ] placing card 54 in slot 1
[00:04:11.357] [SEVERE ] placing card 27 in slot 6
[00:04:11.467] [SEVERE ] placing card 26 in slot 11
[00:04:11.467] [SEVERE ] updating countdown to 60000
[00:04:12.477] [SEVERE ] updating countdown to 59000
[00:04:13.200] [SEVERE ] key 87 was pressed by player 1
[00:04:13.421] [SEVERE ] key 73 was pressed by player 2
[00:04:13.484] [SEVERE ] updating countdown to 58000
[00:04:13.538] [SEVERE ] key 79 was pressed by player 2
[00:04:13.798] [SEVERE ] key 69 was pressed by player 1
[00:04:13.935] [SEVERE ] key 80 was pressed by player 2
[00:04:14.109] [SEVERE ] key 73 was pressed by player 2
[00:04:14.403] [SEVERE ] key 83 was pressed by player 1
[00:04:14.497] [SEVERE ] updating countdown to 57000
[00:04:14.945] [SEVERE ] key 83 was pressed by player 1
[00:04:15.502] [SEVERE ] updating countdown to 56000
[00:04:16.516] [SEVERE ] updating countdown to 55000
[00:04:17.518] [SEVERE ] updating countdown to 54000
