[11:55:41.700] [INFO   ] thread main starting.
[11:55:41.710] [SEVERE ] cannot read configuration file config.properties trying from resources.
[11:55:41.713] [SEVERE ] configuration file was loaded from resources directory.
[11:55:42.407] [INFO   ] thread dealer starting.
[11:55:42.450] [INFO   ] thread player 0 starting.
[11:55:42.451] [INFO   ] thread player 1 starting.
[11:55:42.451] [INFO   ] thread dealer starting.
[11:55:42.466] [INFO   ] thread player 1 starting.
[11:55:42.466] [INFO   ] thread player 0 starting.
[11:55:42.471] [INFO   ] thread computer-1 starting.
[11:55:42.590] [SEVERE ] placing card 5 in slot 0
[11:55:42.700] [SEVERE ] placing card 14 in slot 1
[11:55:42.809] [SEVERE ] placing card 25 in slot 2
[11:55:42.919] [SEVERE ] placing card 32 in slot 3
[11:55:43.027] [SEVERE ] placing card 78 in slot 4
[11:55:43.137] [SEVERE ] placing card 39 in slot 5
[11:55:43.247] [SEVERE ] placing card 31 in slot 6
[11:55:43.356] [SEVERE ] placing card 27 in slot 7
[11:55:43.464] [SEVERE ] placing card 74 in slot 8
[11:55:43.573] [SEVERE ] placing card 29 in slot 9
[11:55:43.682] [SEVERE ] placing card 56 in slot 10
[11:55:43.791] [SEVERE ] placing card 68 in slot 11
[11:55:44.805] [SEVERE ] updating countdown to 59000
[11:55:45.825] [SEVERE ] updating countdown to 58000
[11:55:46.835] [SEVERE ] updating countdown to 57000
