[00:16:53.702] [INFO   ] thread main starting.
[00:16:53.712] [SEVERE ] cannot read configuration file config.properties trying from resources.
[00:16:53.715] [SEVERE ] configuration file was loaded from resources directory.
[00:16:54.441] [INFO   ] thread dealer starting.
[00:16:54.443] [INFO   ] thread player 0 starting.
[00:16:54.444] [INFO   ] thread player 1 starting.
[00:16:54.445] [INFO   ] thread dealer starting.
[00:16:54.459] [INFO   ] thread player 0 starting.
[00:16:54.459] [INFO   ] thread player 1 starting.
[00:16:54.568] [SEVERE ] placing card 7 in slot 0
[00:16:54.678] [SEVERE ] placing card 17 in slot 1
[00:16:54.786] [SEVERE ] placing card 64 in slot 2
[00:16:54.895] [SEVERE ] placing card 58 in slot 3
[00:16:55.004] [SEVERE ] placing card 76 in slot 4
[00:16:55.113] [SEVERE ] placing card 49 in slot 5
[00:16:55.223] [SEVERE ] placing card 69 in slot 6
[00:16:55.332] [SEVERE ] placing card 21 in slot 7
[00:16:55.443] [SEVERE ] placing card 66 in slot 8
[00:16:55.552] [SEVERE ] placing card 60 in slot 9
[00:16:55.660] [SEVERE ] placing card 40 in slot 10
[00:16:55.767] [SEVERE ] placing card 43 in slot 11
[00:16:56.786] [SEVERE ] updating countdown to 59000
[00:16:57.803] [SEVERE ] updating countdown to 58000
[00:16:58.814] [SEVERE ] updating countdown to 57000
[00:16:59.723] [SEVERE ] key 81 was pressed by player 1
[00:16:59.724] [SEVERE ] player 1 placing token on slot 0
[00:16:59.837] [SEVERE ] updating countdown to 56000
[00:17:00.169] [SEVERE ] key 69 was pressed by player 1
[00:17:00.169] [SEVERE ] player 1 placing token on slot 2
[00:17:00.849] [SEVERE ] updating countdown to 55000
[00:17:01.861] [SEVERE ] updating countdown to 54000
[00:17:02.875] [SEVERE ] updating countdown to 53000
[00:17:02.930] [SEVERE ] key 83 was pressed by player 1
[00:17:02.931] [SEVERE ] player 1 placing token on slot 5
[00:17:03.890] [SEVERE ] updating countdown to 52000
[00:17:03.891] [SEVERE ] removing player 1 token from slot 0
[00:17:03.892] [SEVERE ] removing card from slot 0
[00:17:03.996] [SEVERE ] removing player 1 token from slot 2
[00:17:03.997] [SEVERE ] removing card from slot 2
[00:17:04.104] [SEVERE ] removing player 1 token from slot 5
[00:17:04.106] [SEVERE ] removing card from slot 5
[00:17:04.322] [SEVERE ] placing card 20 in slot 0
[00:17:04.432] [SEVERE ] placing card 18 in slot 2
[00:17:04.540] [SEVERE ] placing card 22 in slot 5
[00:17:04.542] [SEVERE ] setting player 1 score to 1
[00:17:04.546] [SEVERE ] setting player 1 freeze to 1000
[00:17:04.549] [SEVERE ] updating countdown to 60000
[00:17:05.551] [SEVERE ] setting player 1 freeze to 0
[00:17:06.565] [SEVERE ] updating countdown to 59000
[00:17:07.576] [SEVERE ] updating countdown to 58000
[00:17:08.587] [SEVERE ] updating countdown to 57000
[00:17:09.603] [SEVERE ] updating countdown to 56000
[00:17:10.618] [SEVERE ] updating countdown to 55000
[00:17:11.632] [SEVERE ] updating countdown to 54000
[00:17:12.647] [SEVERE ] updating countdown to 53000
[00:17:13.268] [SEVERE ] key 77 was pressed by player 2
[00:17:13.270] [SEVERE ] player 2 placing token on slot 8
[00:17:13.650] [SEVERE ] updating countdown to 52000
[00:17:13.769] [SEVERE ] key 77 was pressed by player 2
[00:17:13.770] [SEVERE ] removing player 2 token from slot 8
[00:17:14.662] [SEVERE ] updating countdown to 51000
[00:17:15.678] [SEVERE ] updating countdown to 50000
[00:17:16.688] [SEVERE ] updating countdown to 49000
[00:17:17.351] [SEVERE ] key 77 was pressed by player 2
[00:17:17.352] [SEVERE ] player 2 placing token on slot 8
[00:17:17.697] [SEVERE ] updating countdown to 48000
[00:17:18.099] [SEVERE ] key 77 was pressed by player 2
[00:17:18.100] [SEVERE ] removing player 2 token from slot 8
[00:17:18.711] [SEVERE ] updating countdown to 47000
[00:17:19.484] [SEVERE ] key 46 was pressed by player 2
[00:17:19.485] [SEVERE ] player 2 placing token on slot 10
[00:17:19.727] [SEVERE ] updating countdown to 46000
[00:17:20.233] [SEVERE ] key 44 was pressed by player 2
[00:17:20.234] [SEVERE ] player 2 placing token on slot 9
[00:17:20.734] [SEVERE ] updating countdown to 45000
[00:17:21.748] [SEVERE ] updating countdown to 44000
[00:17:21.900] [SEVERE ] key 67 was pressed by player 1
[00:17:21.901] [SEVERE ] player 1 placing token on slot 10
[00:17:22.421] [SEVERE ] key 86 was pressed by player 1
[00:17:22.421] [SEVERE ] player 1 placing token on slot 11
[00:17:22.767] [SEVERE ] updating countdown to 43000
[00:17:23.036] [SEVERE ] key 86 was pressed by player 1
[00:17:23.038] [SEVERE ] removing player 1 token from slot 11
[00:17:23.477] [SEVERE ] key 88 was pressed by player 1
[00:17:23.477] [SEVERE ] player 1 placing token on slot 9
[00:17:23.780] [SEVERE ] updating countdown to 42000
[00:17:24.792] [SEVERE ] updating countdown to 41000
[00:17:25.801] [SEVERE ] updating countdown to 40000
[00:17:26.128] [SEVERE ] key 85 was pressed by player 2
[00:17:26.129] [SEVERE ] player 2 placing token on slot 0
[00:17:26.402] [SEVERE ] key 81 was pressed by player 1
[00:17:26.403] [SEVERE ] player 1 placing token on slot 0
[00:17:26.814] [SEVERE ] updating countdown to 39000
[00:17:26.818] [SEVERE ] removing player 1 token from slot 10
[00:17:26.819] [SEVERE ] removing player 2 token from slot 10
[00:17:26.824] [SEVERE ] removing card from slot 10
[00:17:26.934] [SEVERE ] removing player 1 token from slot 9
[00:17:26.934] [SEVERE ] removing player 2 token from slot 9
[00:17:26.935] [SEVERE ] removing card from slot 9
[00:17:27.044] [SEVERE ] removing player 1 token from slot 0
[00:17:27.044] [SEVERE ] removing player 2 token from slot 0
[00:17:27.045] [SEVERE ] removing card from slot 0
[00:17:27.261] [SEVERE ] placing card 35 in slot 0
[00:17:27.371] [SEVERE ] placing card 57 in slot 9
[00:17:27.480] [SEVERE ] placing card 1 in slot 10
[00:17:27.482] [SEVERE ] setting player 1 score to 2
[00:17:27.483] [SEVERE ] setting player 1 freeze to 1000
[00:17:27.491] [SEVERE ] updating countdown to 60000
[00:17:28.491] [SEVERE ] setting player 1 freeze to 0
[00:17:29.492] [SEVERE ] setting player 2 score to 1
[00:17:29.493] [SEVERE ] setting player 2 freeze to 1000
[00:17:29.500] [SEVERE ] updating countdown to 59000
[00:17:30.507] [SEVERE ] setting player 2 freeze to 0
[00:17:31.526] [SEVERE ] updating countdown to 58000
[00:17:32.535] [SEVERE ] updating countdown to 57000
