[11:57:21.184] [INFO   ] thread main starting.
[11:57:21.199] [SEVERE ] cannot read configuration file config.properties trying from resources.
[11:57:21.202] [SEVERE ] configuration file was loaded from resources directory.
[11:57:21.814] [INFO   ] thread dealer starting.
[11:57:21.840] [INFO   ] thread player 0 starting.
[11:57:21.842] [INFO   ] thread player 1 starting.
[11:57:21.889] [INFO   ] thread player 0 starting.
[11:57:21.889] [INFO   ] thread dealer starting.
[11:57:21.895] [INFO   ] thread player 1 starting.
[11:57:21.904] [INFO   ] thread computer-1 starting.
[11:57:22.013] [SEVERE ] placing card 80 in slot 0
[11:57:22.122] [SEVERE ] placing card 40 in slot 1
[11:57:22.230] [SEVERE ] placing card 16 in slot 2
[11:57:22.336] [SEVERE ] placing card 33 in slot 3
[11:57:22.445] [SEVERE ] placing card 64 in slot 4
[11:57:22.555] [SEVERE ] placing card 61 in slot 5
[11:57:22.664] [SEVERE ] placing card 24 in slot 6
[11:57:22.773] [SEVERE ] placing card 17 in slot 7
[11:57:22.880] [SEVERE ] placing card 28 in slot 8
[11:57:22.991] [SEVERE ] placing card 9 in slot 9
[11:57:23.099] [SEVERE ] placing card 26 in slot 10
[11:57:23.208] [SEVERE ] placing card 3 in slot 11
[11:57:24.228] [SEVERE ] updating countdown to 59000
[11:57:25.244] [SEVERE ] updating countdown to 58000
[11:57:26.252] [SEVERE ] updating countdown to 57000
[11:57:27.267] [SEVERE ] updating countdown to 56000
[11:57:28.280] [SEVERE ] updating countdown to 55000
[11:57:29.292] [SEVERE ] updating countdown to 54000
[11:57:30.297] [SEVERE ] updating countdown to 53000
[11:57:31.302] [SEVERE ] updating countdown to 52000
[11:57:32.319] [SEVERE ] updating countdown to 51000
