[11:37:20.626] [INFO   ] thread main starting.
[11:37:20.636] [SEVERE ] cannot read configuration file config.properties trying from resources.
[11:37:20.639] [SEVERE ] configuration file was loaded from resources directory.
[11:37:21.305] [INFO   ] thread dealer starting.
[11:37:21.319] [INFO   ] thread player 0 starting.
[11:37:21.320] [INFO   ] thread player 1 starting.
[11:37:21.335] [INFO   ] thread player 0 starting.
[11:37:21.335] [INFO   ] thread dealer starting.
[11:37:21.350] [INFO   ] thread player 1 starting.
[11:37:21.353] [INFO   ] thread computer-1 starting.
[11:37:21.460] [SEVERE ] placing card 41 in slot 0
[11:37:21.570] [SEVERE ] placing card 73 in slot 1
[11:37:21.680] [SEVERE ] placing card 66 in slot 2
[11:37:21.790] [SEVERE ] placing card 54 in slot 3
[11:37:21.899] [SEVERE ] placing card 21 in slot 4
[11:37:22.006] [SEVERE ] placing card 22 in slot 5
[11:37:22.115] [SEVERE ] placing card 71 in slot 6
[11:37:22.224] [SEVERE ] placing card 79 in slot 7
[11:37:22.334] [SEVERE ] placing card 77 in slot 8
[11:37:22.442] [SEVERE ] placing card 52 in slot 9
[11:37:22.552] [SEVERE ] placing card 62 in slot 10
[11:37:22.660] [SEVERE ] placing card 24 in slot 11
[11:37:23.680] [SEVERE ] updating countdown to 59000
[11:37:24.695] [SEVERE ] updating countdown to 58000
[11:37:25.700] [SEVERE ] updating countdown to 57000
[11:37:26.709] [SEVERE ] updating countdown to 56000
[11:37:27.718] [SEVERE ] updating countdown to 55000
[11:37:28.729] [SEVERE ] updating countdown to 54000
[11:37:29.737] [SEVERE ] updating countdown to 53000
