[19:15:09.224] [INFO   ] thread main starting.
[19:15:09.240] [SEVERE ] cannot read configuration file config.properties trying from resources.
[19:15:09.256] [SEVERE ] configuration file was loaded from resources directory.
[19:15:09.932] [INFO   ] thread dealer starting.
[19:15:09.940] [INFO   ] thread player 0 starting.
[19:15:09.941] [INFO   ] thread player 1 starting.
[19:15:09.941] [INFO   ] thread dealer starting.
[19:15:09.957] [INFO   ] thread player 0 starting.
[19:15:09.957] [INFO   ] thread player 1 starting.
[19:15:10.075] [SEVERE ] placing card 62 in slot 0
[19:15:10.180] [SEVERE ] placing card 66 in slot 1
[19:15:10.290] [SEVERE ] placing card 80 in slot 2
[19:15:10.402] [SEVERE ] placing card 7 in slot 3
[19:15:10.513] [SEVERE ] placing card 64 in slot 4
[19:15:10.624] [SEVERE ] placing card 56 in slot 5
[19:15:10.735] [SEVERE ] placing card 60 in slot 6
[19:15:10.845] [SEVERE ] placing card 11 in slot 7
[19:15:10.955] [SEVERE ] placing card 27 in slot 8
[19:15:11.065] [SEVERE ] placing card 54 in slot 9
[19:15:11.175] [SEVERE ] placing card 58 in slot 10
[19:15:11.285] [SEVERE ] placing card 2 in slot 11
[19:15:12.305] [SEVERE ] updating countdown to 60000
[19:15:13.306] [SEVERE ] updating countdown to 59000
[19:15:14.315] [SEVERE ] updating countdown to 58000
[19:15:15.174] [SEVERE ] key 81 was pressed by player 1
[19:15:15.174] [SEVERE ] player 1 placing token on slot 0
[19:15:15.236] [SEVERE ] key 85 was pressed by player 2
[19:15:15.237] [SEVERE ] player 2 placing token on slot 0
[19:15:15.315] [SEVERE ] updating countdown to 57000
[19:15:16.331] [SEVERE ] updating countdown to 56000
[19:15:17.332] [SEVERE ] updating countdown to 55000
[19:15:18.355] [SEVERE ] updating countdown to 54000
[19:15:19.359] [SEVERE ] updating countdown to 53000
[19:15:20.115] [SEVERE ] key 88 was pressed by player 1
[19:15:20.115] [SEVERE ] player 1 placing token on slot 9
[19:15:20.377] [SEVERE ] updating countdown to 52000
[19:15:20.427] [SEVERE ] key 77 was pressed by player 2
[19:15:20.428] [SEVERE ] player 2 placing token on slot 8
[19:15:20.860] [SEVERE ] key 77 was pressed by player 2
[19:15:20.860] [SEVERE ] removing player 2 token from slot 8
[19:15:21.128] [SEVERE ] key 44 was pressed by player 2
[19:15:21.128] [SEVERE ] player 2 placing token on slot 9
[19:15:21.382] [SEVERE ] updating countdown to 51000
[19:15:22.396] [SEVERE ] updating countdown to 50000
[19:15:23.400] [SEVERE ] updating countdown to 49000
[19:15:24.405] [SEVERE ] updating countdown to 48000
[19:15:25.349] [SEVERE ] key 46 was pressed by player 2
[19:15:25.349] [SEVERE ] player 2 placing token on slot 10
[19:15:25.412] [SEVERE ] updating countdown to 47000
[19:15:25.417] [SEVERE ] removing player 1 token from slot 0
[19:15:25.417] [SEVERE ] removing player 2 token from slot 0
[19:15:25.417] [SEVERE ] removing card from slot 0
[19:15:25.432] [SEVERE ] key 67 was pressed by player 1
[19:15:25.432] [SEVERE ] player 1 placing token on slot 10
[19:15:25.538] [SEVERE ] removing player 1 token from slot 9
[19:15:25.538] [SEVERE ] removing player 2 token from slot 9
[19:15:25.540] [SEVERE ] removing card from slot 9
[19:15:25.649] [SEVERE ] removing player 1 token from slot 10
[19:15:25.649] [SEVERE ] removing player 2 token from slot 10
[19:15:25.649] [SEVERE ] removing card from slot 10
[19:15:25.869] [SEVERE ] placing card 65 in slot 0
[19:15:25.979] [SEVERE ] placing card 57 in slot 9
[19:15:26.091] [SEVERE ] placing card 9 in slot 10
[19:15:26.091] [SEVERE ] setting player 2 score to 1
[19:15:26.091] [SEVERE ] setting player 2 freeze to 1000
[19:15:26.091] [SEVERE ] updating countdown to 61000
[19:15:27.103] [SEVERE ] setting player 2 freeze to 0
[19:15:27.106] [SEVERE ] updating countdown to 60000
[19:15:28.118] [SEVERE ] updating countdown to 59000
[19:15:29.126] [SEVERE ] updating countdown to 58000
[19:15:30.141] [SEVERE ] updating countdown to 57000
[19:15:31.150] [SEVERE ] updating countdown to 56000
[19:15:32.155] [SEVERE ] updating countdown to 55000
