[23:18:23.927] [INFO   ] thread main starting.
[23:18:23.951] [SEVERE ] cannot read configuration file config.properties trying from resources.
[23:18:23.957] [SEVERE ] configuration file was loaded from resources directory.
[23:18:24.888] [INFO   ] thread dealer starting.
[23:18:24.889] [INFO   ] thread player 0 starting.
[23:18:24.896] [INFO   ] thread player 1 starting.
[23:18:24.896] [INFO   ] thread player 0 starting.
[23:18:24.896] [INFO   ] thread player 2 starting.
[23:18:24.902] [INFO   ] thread player 3 starting.
[23:18:24.903] [INFO   ] thread player 1 starting.
[23:18:24.905] [INFO   ] thread player 2 starting.
[23:18:24.904] [INFO   ] thread dealer starting.
[23:18:24.904] [INFO   ] thread computer-0 starting.
[23:18:24.904] [INFO   ] thread player 3 starting.
[23:18:24.909] [INFO   ] thread computer-2 starting.
[23:18:24.905] [INFO   ] thread computer-1 starting.
[23:18:24.911] [INFO   ] thread computer-3 starting.
[23:18:25.023] [SEVERE ] placing card 32 in slot 0
[23:18:25.125] [SEVERE ] placing card 65 in slot 1
[23:18:25.225] [SEVERE ] placing card 9 in slot 2
[23:18:25.326] [SEVERE ] placing card 74 in slot 3
[23:18:25.427] [SEVERE ] placing card 66 in slot 4
[23:18:25.528] [SEVERE ] placing card 80 in slot 5
[23:18:25.630] [SEVERE ] placing card 53 in slot 6
[23:18:25.730] [SEVERE ] placing card 48 in slot 7
[23:18:25.831] [SEVERE ] placing card 24 in slot 8
[23:18:25.932] [SEVERE ] placing card 64 in slot 9
[23:18:26.032] [SEVERE ] placing card 71 in slot 10
[23:18:26.132] [SEVERE ] placing card 30 in slot 11
[23:18:26.151] [SEVERE ] player 4 placing token on slot 7
[23:18:26.151] [SEVERE ] player 2 placing token on slot 9
[23:18:26.151] [SEVERE ] player 3 placing token on slot 11
[23:18:26.151] [SEVERE ] player 1 placing token on slot 5
[23:18:26.154] [SEVERE ] player 3 placing token on slot 7
[23:18:26.153] [SEVERE ] player 4 placing token on slot 6
[23:18:26.156] [SEVERE ] player 1 placing token on slot 1
[23:18:26.157] [SEVERE ] player 4 placing token on slot 9
[23:18:26.159] [SEVERE ] player 3 placing token on slot 1
[23:18:26.157] [SEVERE ] player 2 placing token on slot 6
[23:18:26.159] [SEVERE ] player 1 placing token on slot 9
[23:18:26.160] [SEVERE ] player 2 placing token on slot 4
[23:18:26.164] [SEVERE ] setting player 4 freeze to 0
[23:18:26.165] [SEVERE ] removing player 4 token from slot 6
[23:18:26.166] [SEVERE ] removing player 4 token from slot 9
[23:18:26.166] [SEVERE ] player 4 placing token on slot 5
[23:18:26.167] [SEVERE ] player 4 placing token on slot 10
[23:18:26.175] [SEVERE ] setting player 2 freeze to 0
[23:18:26.176] [SEVERE ] removing player 2 token from slot 9
[23:18:26.176] [SEVERE ] player 2 placing token on slot 11
[23:18:26.191] [SEVERE ] setting player 1 freeze to 0
[23:18:26.192] [SEVERE ] removing player 1 token from slot 5
[23:18:26.193] [SEVERE ] player 1 placing token on slot 5
[23:18:26.207] [SEVERE ] setting player 3 freeze to 0
[23:18:26.208] [SEVERE ] removing player 3 token from slot 1
[23:18:26.208] [SEVERE ] removing player 3 token from slot 7
[23:18:26.208] [SEVERE ] player 3 placing token on slot 4
[23:18:26.209] [SEVERE ] player 3 placing token on slot 10
[23:18:26.223] [SEVERE ] setting player 1 freeze to 0
[23:18:26.223] [SEVERE ] removing player 1 token from slot 5
[23:18:26.224] [SEVERE ] player 1 placing token on slot 10
[23:18:26.237] [SEVERE ] updating countdown to 0
[23:18:26.238] [SEVERE ] updating countdown to -930
[23:18:26.238] [SEVERE ] removing player 2 token from slot 6
[23:18:26.239] [SEVERE ] player 2 placing token on slot 1
[23:18:26.239] [SEVERE ] removing player 1 token from slot 1
[23:18:26.240] [SEVERE ] removing player 1 token from slot 9
[23:18:26.240] [SEVERE ] removing player 4 token from slot 7
[23:18:26.240] [SEVERE ] removing player 1 token from slot 10
[23:18:26.240] [SEVERE ] player 4 placing token on slot 6
[23:18:26.241] [SEVERE ] removing player 2 token from slot 4
[23:18:26.241] [SEVERE ] removing player 2 token from slot 11
[23:18:26.241] [SEVERE ] removing player 2 token from slot 1
[23:18:26.241] [SEVERE ] removing player 3 token from slot 11
[23:18:26.241] [SEVERE ] player 1 placing token on slot 10
[23:18:26.242] [SEVERE ] player 2 placing token on slot 6
[23:18:26.242] [SEVERE ] removing player 3 token from slot 4
[23:18:26.242] [SEVERE ] player 1 placing token on slot 5
[23:18:26.242] [SEVERE ] removing player 3 token from slot 10
[23:18:26.243] [SEVERE ] player 1 placing token on slot 3
[23:18:26.243] [SEVERE ] removing player 4 token from slot 5
[23:18:26.245] [SEVERE ] player 2 placing token on slot 8
[23:18:26.245] [SEVERE ] player 3 placing token on slot 7
[23:18:26.245] [SEVERE ] removing player 4 token from slot 10
[23:18:26.246] [SEVERE ] player 2 placing token on slot 0
[23:18:26.246] [SEVERE ] player 3 placing token on slot 9
[23:18:26.246] [SEVERE ] removing player 1 token from slot 10
[23:18:26.246] [SEVERE ] removing player 4 token from slot 6
[23:18:26.246] [SEVERE ] player 4 placing token on slot 0
[23:18:26.246] [SEVERE ] player 3 placing token on slot 6
[23:18:26.247] [SEVERE ] player 4 placing token on slot 5
[23:18:26.247] [SEVERE ] removing card from slot 0
[23:18:26.247] [SEVERE ] player 1 placing token on slot 10
[23:18:26.248] [SEVERE ] removing player 2 token from slot 8
[23:18:26.248] [SEVERE ] player 4 placing token on slot 10
[23:18:26.250] [SEVERE ] player 2 placing token on slot 8
[23:18:26.251] [SEVERE ] removing player 1 token from slot 3
[23:18:26.253] [SEVERE ] player 1 placing token on slot 8
[23:18:26.257] [SEVERE ] removing player 2 token from slot 8
[23:18:26.259] [SEVERE ] player 2 placing token on slot 11
[23:18:26.261] [SEVERE ] removing player 1 token from slot 8
[23:18:26.263] [SEVERE ] player 1 placing token on slot 9
[23:18:26.267] [SEVERE ] removing player 3 token from slot 9
[23:18:26.270] [SEVERE ] player 3 placing token on slot 3
[23:18:26.271] [SEVERE ] removing player 4 token from slot 10
[23:18:26.271] [SEVERE ] removing player 2 token from slot 11
[23:18:26.273] [SEVERE ] player 2 placing token on slot 3
[23:18:26.273] [SEVERE ] removing player 1 token from slot 10
[23:18:26.275] [SEVERE ] player 1 placing token on slot 11
[23:18:26.275] [SEVERE ] player 4 placing token on slot 6
[23:18:26.277] [SEVERE ] removing player 2 token from slot 3
[23:18:26.279] [SEVERE ] player 2 placing token on slot 9
[23:18:26.280] [SEVERE ] removing player 3 token from slot 6
[23:18:26.281] [SEVERE ] player 3 placing token on slot 8
[23:18:26.283] [SEVERE ] removing player 1 token from slot 5
[23:18:26.284] [SEVERE ] removing player 3 token from slot 7
[23:18:26.284] [SEVERE ] removing player 1 token from slot 9
[23:18:26.284] [SEVERE ] removing player 2 token from slot 6
[23:18:26.285] [SEVERE ] player 1 placing token on slot 9
[23:18:26.285] [SEVERE ] player 2 placing token on slot 2
[23:18:26.285] [SEVERE ] player 3 placing token on slot 2
[23:18:26.286] [SEVERE ] player 1 placing token on slot 2
[23:18:26.286] [SEVERE ] removing player 2 token from slot 9
[23:18:26.289] [SEVERE ] player 2 placing token on slot 4
[23:18:26.290] [SEVERE ] removing player 1 token from slot 11
[23:18:26.291] [SEVERE ] removing player 3 token from slot 2
[23:18:26.291] [SEVERE ] removing player 1 token from slot 2
[23:18:26.292] [SEVERE ] player 1 placing token on slot 5
[23:18:26.293] [SEVERE ] player 3 placing token on slot 1
[23:18:26.293] [SEVERE ] player 1 placing token on slot 1
[23:18:26.297] [SEVERE ] removing player 1 token from slot 1
[23:18:26.298] [SEVERE ] removing player 2 token from slot 2
[23:18:26.298] [SEVERE ] player 1 placing token on slot 11
[23:18:26.299] [SEVERE ] player 2 placing token on slot 11
[23:18:26.304] [SEVERE ] removing player 2 token from slot 11
[23:18:26.304] [SEVERE ] removing player 4 token from slot 6
[23:18:26.305] [SEVERE ] player 4 placing token on slot 4
[23:18:26.305] [SEVERE ] player 2 placing token on slot 7
[23:18:26.306] [SEVERE ] removing player 4 token from slot 4
[23:18:26.307] [SEVERE ] removing player 4 token from slot 5
[23:18:26.307] [SEVERE ] removing player 3 token from slot 8
[23:18:26.307] [SEVERE ] removing player 2 token from slot 4
[23:18:26.308] [SEVERE ] player 4 placing token on slot 4
[23:18:26.308] [SEVERE ] player 2 placing token on slot 10
[23:18:26.308] [SEVERE ] player 3 placing token on slot 11
[23:18:26.309] [SEVERE ] player 4 placing token on slot 2
[23:18:26.313] [SEVERE ] removing player 3 token from slot 1
[23:18:26.314] [SEVERE ] removing player 3 token from slot 11
[23:18:26.314] [SEVERE ] removing player 1 token from slot 11
[23:18:26.315] [SEVERE ] player 1 placing token on slot 1
[23:18:26.315] [SEVERE ] player 3 placing token on slot 6
[23:18:26.316] [SEVERE ] player 3 placing token on slot 8
[23:18:26.318] [SEVERE ] removing player 4 token from slot 4
[23:18:26.318] [SEVERE ] removing player 1 token from slot 1
[23:18:26.319] [SEVERE ] removing player 2 token from slot 7
[23:18:26.319] [SEVERE ] removing player 3 token from slot 8
[23:18:26.319] [SEVERE ] player 4 placing token on slot 5
[23:18:26.319] [SEVERE ] player 1 placing token on slot 4
[23:18:26.320] [SEVERE ] player 2 placing token on slot 8
[23:18:26.321] [SEVERE ] player 3 placing token on slot 2
[23:18:26.324] [SEVERE ] removing player 4 token from slot 2
[23:18:26.325] [SEVERE ] player 4 placing token on slot 10
[23:18:26.328] [SEVERE ] removing player 3 token from slot 3
[23:18:26.329] [SEVERE ] player 3 placing token on slot 4
[23:18:26.330] [SEVERE ] removing player 1 token from slot 9
[23:18:26.331] [SEVERE ] removing player 4 token from slot 5
[23:18:26.331] [SEVERE ] removing player 1 token from slot 5
[23:18:26.332] [SEVERE ] player 4 placing token on slot 9
[23:18:26.332] [SEVERE ] player 1 placing token on slot 3
[23:18:26.333] [SEVERE ] removing player 3 token from slot 6
[23:18:26.333] [SEVERE ] player 1 placing token on slot 11
[23:18:26.336] [SEVERE ] player 3 placing token on slot 1
[23:18:26.337] [SEVERE ] removing player 2 token from slot 10
[23:18:26.338] [SEVERE ] removing player 3 token from slot 2
[23:18:26.338] [SEVERE ] removing player 1 token from slot 4
[23:18:26.338] [SEVERE ] removing player 4 token from slot 9
[23:18:26.339] [SEVERE ] player 2 placing token on slot 4
[23:18:26.339] [SEVERE ] player 4 placing token on slot 8
[23:18:26.339] [SEVERE ] player 3 placing token on slot 10
[23:18:26.339] [SEVERE ] player 1 placing token on slot 8
[23:18:26.340] [SEVERE ] removing player 2 token from slot 4
[23:18:26.342] [SEVERE ] player 2 placing token on slot 10
[23:18:26.342] [SEVERE ] removing player 3 token from slot 10
[23:18:26.345] [SEVERE ] player 3 placing token on slot 8
[23:18:26.348] [SEVERE ] removing player 1 token from slot 3
[23:18:26.348] [SEVERE ] removing player 3 token from slot 1
[23:18:26.349] [SEVERE ] player 1 placing token on slot 4
[23:18:26.349] [SEVERE ] player 3 placing token on slot 5
[23:18:26.351] [SEVERE ] removing card from slot 1
[23:18:26.351] [SEVERE ] removing player 4 token from slot 8
[23:18:26.352] [SEVERE ] removing player 1 token from slot 11
[23:18:26.352] [SEVERE ] player 4 placing token on slot 2
[23:18:26.353] [SEVERE ] removing player 3 token from slot 8
[23:18:26.355] [SEVERE ] player 1 placing token on slot 2
[23:18:26.355] [SEVERE ] player 3 placing token on slot 3
[23:18:26.357] [SEVERE ] removing player 2 token from slot 10
[23:18:26.357] [SEVERE ] removing player 3 token from slot 3
[23:18:26.358] [SEVERE ] player 2 placing token on slot 9
[23:18:26.358] [SEVERE ] removing player 3 token from slot 5
[23:18:26.359] [SEVERE ] removing player 1 token from slot 8
[23:18:26.359] [SEVERE ] player 3 placing token on slot 8
[23:18:26.361] [SEVERE ] removing player 2 token from slot 8
[23:18:26.361] [SEVERE ] player 3 placing token on slot 5
[23:18:26.361] [SEVERE ] player 1 placing token on slot 6
[23:18:26.363] [SEVERE ] removing player 3 token from slot 8
[23:18:26.363] [SEVERE ] player 2 placing token on slot 10
[23:18:26.364] [SEVERE ] removing player 2 token from slot 10
[23:18:26.364] [SEVERE ] removing player 1 token from slot 4
[23:18:26.364] [SEVERE ] removing player 3 token from slot 4
[23:18:26.365] [SEVERE ] removing player 3 token from slot 5
[23:18:26.365] [SEVERE ] player 2 placing token on slot 7
[23:18:26.365] [SEVERE ] player 1 placing token on slot 11
[23:18:26.366] [SEVERE ] player 3 placing token on slot 11
[23:18:26.369] [SEVERE ] player 3 placing token on slot 9
[23:18:26.369] [SEVERE ] removing player 1 token from slot 2
[23:18:26.370] [SEVERE ] removing player 2 token from slot 7
[23:18:26.370] [SEVERE ] player 3 placing token on slot 7
[23:18:26.370] [SEVERE ] player 1 placing token on slot 9
[23:18:26.370] [SEVERE ] removing player 4 token from slot 2
[23:18:26.371] [SEVERE ] player 4 placing token on slot 4
[23:18:26.371] [SEVERE ] player 2 placing token on slot 6
[23:18:26.372] [SEVERE ] removing player 1 token from slot 6
[23:18:26.373] [SEVERE ] player 1 placing token on slot 4
[23:18:26.373] [SEVERE ] removing player 4 token from slot 4
[23:18:26.373] [SEVERE ] removing player 3 token from slot 11
[23:18:26.375] [SEVERE ] player 3 placing token on slot 4
[23:18:26.377] [SEVERE ] player 4 placing token on slot 8
[23:18:26.377] [SEVERE ] removing player 1 token from slot 9
[23:18:26.377] [SEVERE ] removing player 3 token from slot 4
[23:18:26.379] [SEVERE ] player 1 placing token on slot 5
[23:18:26.381] [SEVERE ] player 3 placing token on slot 11
[23:18:26.384] [SEVERE ] removing player 1 token from slot 5
[23:18:26.385] [SEVERE ] player 1 placing token on slot 3
[23:18:26.388] [SEVERE ] removing player 3 token from slot 9
[23:18:26.389] [SEVERE ] player 3 placing token on slot 2
[23:18:26.389] [SEVERE ] removing player 4 token from slot 10
[23:18:26.393] [SEVERE ] removing player 3 token from slot 2
[23:18:26.394] [SEVERE ] removing player 3 token from slot 7
[23:18:26.394] [SEVERE ] removing player 2 token from slot 9
[23:18:26.394] [SEVERE ] player 4 placing token on slot 9
[23:18:26.395] [SEVERE ] removing player 3 token from slot 11
[23:18:26.395] [SEVERE ] player 2 placing token on slot 5
[23:18:26.396] [SEVERE ] removing player 2 token from slot 6
[23:18:26.396] [SEVERE ] player 3 placing token on slot 3
[23:18:26.396] [SEVERE ] removing player 4 token from slot 8
[23:18:26.397] [SEVERE ] player 3 placing token on slot 9
[23:18:26.397] [SEVERE ] player 4 placing token on slot 10
[23:18:26.398] [SEVERE ] player 3 placing token on slot 5
[23:18:26.400] [SEVERE ] player 2 placing token on slot 7
[23:18:26.400] [SEVERE ] removing player 1 token from slot 11
[23:18:26.401] [SEVERE ] removing player 1 token from slot 3
[23:18:26.402] [SEVERE ] removing player 1 token from slot 4
[23:18:26.405] [SEVERE ] player 1 placing token on slot 11
[23:18:26.407] [SEVERE ] player 1 placing token on slot 6
[23:18:26.408] [SEVERE ] player 1 placing token on slot 2
[23:18:26.408] [SEVERE ] removing player 3 token from slot 9
[23:18:26.409] [SEVERE ] player 3 placing token on slot 7
[23:18:26.411] [SEVERE ] removing player 2 token from slot 7
[23:18:26.411] [SEVERE ] removing player 3 token from slot 3
[23:18:26.412] [SEVERE ] removing player 1 token from slot 6
[23:18:26.412] [SEVERE ] player 2 placing token on slot 8
[23:18:26.412] [SEVERE ] player 3 placing token on slot 8
[23:18:26.413] [SEVERE ] player 1 placing token on slot 4
[23:18:26.415] [SEVERE ] removing player 1 token from slot 11
[23:18:26.417] [SEVERE ] removing player 1 token from slot 2
[23:18:26.418] [SEVERE ] player 1 placing token on slot 9
[23:18:26.419] [SEVERE ] player 1 placing token on slot 6
[23:18:26.422] [SEVERE ] removing player 4 token from slot 9
[23:18:26.422] [SEVERE ] removing player 1 token from slot 9
[23:18:26.423] [SEVERE ] removing player 1 token from slot 6
[23:18:26.423] [SEVERE ] player 4 placing token on slot 2
[23:18:26.424] [SEVERE ] removing player 1 token from slot 4
[23:18:26.424] [SEVERE ] removing player 4 token from slot 2
[23:18:26.425] [SEVERE ] player 1 placing token on slot 3
[23:18:26.425] [SEVERE ] player 4 placing token on slot 11
[23:18:26.427] [SEVERE ] player 1 placing token on slot 2
[23:18:26.428] [SEVERE ] removing player 3 token from slot 5
[23:18:26.428] [SEVERE ] player 1 placing token on slot 9
[23:18:26.430] [SEVERE ] player 3 placing token on slot 2
[23:18:26.432] [SEVERE ] removing player 4 token from slot 10
[23:18:26.432] [SEVERE ] removing player 1 token from slot 9
[23:18:26.434] [SEVERE ] removing player 3 token from slot 8
[23:18:26.434] [SEVERE ] player 4 placing token on slot 7
[23:18:26.437] [SEVERE ] removing player 3 token from slot 2
[23:18:26.437] [SEVERE ] removing player 2 token from slot 8
[23:18:26.437] [SEVERE ] player 1 placing token on slot 8
[23:18:26.439] [SEVERE ] player 3 placing token on slot 4
[23:18:26.440] [SEVERE ] player 2 placing token on slot 4
[23:18:26.440] [SEVERE ] player 3 placing token on slot 3
[23:18:26.444] [SEVERE ] removing player 1 token from slot 8
[23:18:26.444] [SEVERE ] removing player 4 token from slot 7
[23:18:26.445] [SEVERE ] player 1 placing token on slot 5
[23:18:26.445] [SEVERE ] player 4 placing token on slot 5
[23:18:26.446] [SEVERE ] removing player 3 token from slot 4
[23:18:26.446] [SEVERE ] removing player 4 token from slot 5
[23:18:26.447] [SEVERE ] player 3 placing token on slot 8
[23:18:26.447] [SEVERE ] player 4 placing token on slot 6
[23:18:26.449] [SEVERE ] removing player 1 token from slot 3
[23:18:26.450] [SEVERE ] player 1 placing token on slot 7
[23:18:26.450] [SEVERE ] removing player 3 token from slot 7
[23:18:26.452] [SEVERE ] player 3 placing token on slot 7
[23:18:26.453] [SEVERE ] removing card from slot 2
[23:18:26.454] [SEVERE ] removing player 2 token from slot 4
[23:18:26.456] [SEVERE ] removing player 3 token from slot 7
[23:18:26.457] [SEVERE ] player 2 placing token on slot 10
[23:18:26.457] [SEVERE ] player 3 placing token on slot 11
[23:18:26.457] [SEVERE ] removing player 4 token from slot 11
[23:18:26.459] [SEVERE ] player 4 placing token on slot 10
[23:18:26.459] [SEVERE ] removing player 3 token from slot 11
[23:18:26.461] [SEVERE ] player 3 placing token on slot 7
[23:18:26.463] [SEVERE ] removing player 2 token from slot 5
[23:18:26.465] [SEVERE ] removing player 4 token from slot 6
[23:18:26.467] [SEVERE ] removing player 2 token from slot 10
[23:18:26.469] [SEVERE ] removing player 1 token from slot 7
[23:18:26.470] [SEVERE ] player 4 placing token on slot 5
[23:18:26.471] [SEVERE ] removing player 1 token from slot 5
[23:18:26.471] [SEVERE ] removing player 4 token from slot 10
[23:18:26.474] [SEVERE ] removing player 3 token from slot 8
[23:18:26.474] [SEVERE ] player 1 placing token on slot 11
[23:18:26.474] [SEVERE ] player 4 placing token on slot 4
[23:18:26.475] [SEVERE ] player 2 placing token on slot 9
[23:18:26.475] [SEVERE ] player 1 placing token on slot 4
[23:18:26.475] [SEVERE ] player 3 placing token on slot 11
[23:18:26.476] [SEVERE ] player 2 placing token on slot 8
[23:18:26.476] [SEVERE ] removing player 4 token from slot 4
[23:18:26.478] [SEVERE ] player 4 placing token on slot 4
[23:18:26.479] [SEVERE ] removing player 1 token from slot 4
[23:18:26.479] [SEVERE ] removing player 3 token from slot 7
[23:18:26.480] [SEVERE ] player 1 placing token on slot 6
[23:18:26.480] [SEVERE ] removing player 4 token from slot 4
[23:18:26.480] [SEVERE ] player 3 placing token on slot 4
[23:18:26.482] [SEVERE ] player 4 placing token on slot 7
[23:18:26.486] [SEVERE ] removing player 4 token from slot 7
[23:18:26.488] [SEVERE ] removing player 2 token from slot 9
[23:18:26.488] [SEVERE ] player 4 placing token on slot 6
[23:18:26.489] [SEVERE ] player 2 placing token on slot 5
[23:18:26.489] [SEVERE ] removing player 3 token from slot 11
[23:18:26.491] [SEVERE ] removing player 3 token from slot 4
[23:18:26.491] [SEVERE ] removing player 2 token from slot 5
[23:18:26.491] [SEVERE ] removing player 1 token from slot 11
[23:18:26.492] [SEVERE ] player 3 placing token on slot 4
[23:18:26.492] [SEVERE ] player 2 placing token on slot 10
[23:18:26.492] [SEVERE ] player 1 placing token on slot 5
[23:18:26.493] [SEVERE ] player 3 placing token on slot 11
[23:18:26.496] [SEVERE ] removing player 4 token from slot 6
[23:18:26.498] [SEVERE ] removing player 1 token from slot 5
[23:18:26.500] [SEVERE ] removing player 3 token from slot 11
[23:18:26.500] [SEVERE ] player 1 placing token on slot 7
[23:18:26.500] [SEVERE ] player 4 placing token on slot 9
[23:18:26.501] [SEVERE ] player 3 placing token on slot 10
[23:18:26.509] [SEVERE ] removing player 3 token from slot 4
[23:18:26.510] [SEVERE ] player 3 placing token on slot 4
[23:18:26.510] [SEVERE ] removing player 2 token from slot 8
[23:18:26.511] [SEVERE ] player 2 placing token on slot 3
[23:18:26.517] [SEVERE ] removing player 4 token from slot 9
[23:18:26.519] [SEVERE ] removing player 2 token from slot 3
[23:18:26.519] [SEVERE ] player 4 placing token on slot 3
[23:18:26.520] [SEVERE ] removing player 3 token from slot 10
[23:18:26.520] [SEVERE ] player 2 placing token on slot 5
[23:18:26.523] [SEVERE ] removing player 3 token from slot 4
[23:18:26.524] [SEVERE ] player 3 placing token on slot 10
[23:18:26.524] [SEVERE ] removing player 4 token from slot 5
[23:18:26.525] [SEVERE ] player 3 placing token on slot 9
[23:18:26.525] [SEVERE ] player 4 placing token on slot 4
[23:18:26.527] [SEVERE ] removing player 3 token from slot 9
[23:18:26.527] [SEVERE ] removing player 1 token from slot 6
[23:18:26.528] [SEVERE ] player 3 placing token on slot 7
[23:18:26.528] [SEVERE ] player 1 placing token on slot 3
[23:18:26.532] [SEVERE ] removing player 4 token from slot 3
[23:18:26.532] [SEVERE ] removing player 3 token from slot 3
[23:18:26.534] [SEVERE ] player 3 placing token on slot 5
[23:18:26.534] [SEVERE ] removing player 1 token from slot 7
[23:18:26.536] [SEVERE ] player 1 placing token on slot 9
[23:18:26.536] [SEVERE ] player 4 placing token on slot 9
[23:18:26.538] [SEVERE ] removing player 2 token from slot 10
[23:18:26.539] [SEVERE ] player 2 placing token on slot 6
[23:18:26.540] [SEVERE ] removing player 4 token from slot 9
[23:18:26.542] [SEVERE ] removing player 2 token from slot 6
[23:18:26.542] [SEVERE ] player 4 placing token on slot 7
[23:18:26.544] [SEVERE ] player 2 placing token on slot 9
[23:18:26.544] [SEVERE ] removing player 4 token from slot 4
[23:18:26.545] [SEVERE ] removing player 1 token from slot 9
[23:18:26.547] [SEVERE ] player 4 placing token on slot 8
[23:18:26.547] [SEVERE ] removing player 3 token from slot 10
[23:18:26.547] [SEVERE ] removing player 2 token from slot 9
[23:18:26.548] [SEVERE ] player 2 placing token on slot 10
[23:18:26.548] [SEVERE ] player 3 placing token on slot 6
[23:18:26.548] [SEVERE ] player 1 placing token on slot 6
[23:18:26.551] [SEVERE ] removing player 2 token from slot 10
[23:18:26.552] [SEVERE ] removing player 3 token from slot 7
[23:18:26.552] [SEVERE ] player 2 placing token on slot 7
[23:18:26.553] [SEVERE ] removing player 4 token from slot 8
[23:18:26.553] [SEVERE ] player 3 placing token on slot 8
[23:18:26.553] [SEVERE ] removing card from slot 3
[23:18:26.555] [SEVERE ] removing player 2 token from slot 7
[23:18:26.555] [SEVERE ] player 4 placing token on slot 10
[23:18:26.559] [SEVERE ] removing player 3 token from slot 6
[23:18:26.559] [SEVERE ] player 2 placing token on slot 11
[23:18:26.559] [SEVERE ] removing player 4 token from slot 10
[23:18:26.561] [SEVERE ] player 4 placing token on slot 11
[23:18:26.561] [SEVERE ] player 3 placing token on slot 6
[23:18:26.571] [SEVERE ] removing player 3 token from slot 5
[23:18:26.571] [SEVERE ] removing player 4 token from slot 7
[23:18:26.573] [SEVERE ] player 4 placing token on slot 6
[23:18:26.573] [SEVERE ] removing player 2 token from slot 11
[23:18:26.576] [SEVERE ] removing player 3 token from slot 8
[23:18:26.578] [SEVERE ] player 3 placing token on slot 8
[23:18:26.578] [SEVERE ] player 2 placing token on slot 7
[23:18:26.579] [SEVERE ] removing player 2 token from slot 5
[23:18:26.579] [SEVERE ] player 3 placing token on slot 11
[23:18:26.582] [SEVERE ] removing player 3 token from slot 11
[23:18:26.582] [SEVERE ] removing player 4 token from slot 6
[23:18:26.582] [SEVERE ] player 2 placing token on slot 11
[23:18:26.583] [SEVERE ] player 3 placing token on slot 7
[23:18:26.584] [SEVERE ] player 4 placing token on slot 7
[23:18:26.586] [SEVERE ] removing player 3 token from slot 7
[23:18:26.586] [SEVERE ] removing player 1 token from slot 6
[23:18:26.587] [SEVERE ] player 1 placing token on slot 11
[23:18:26.587] [SEVERE ] player 3 placing token on slot 5
[23:18:26.587] [SEVERE ] removing player 2 token from slot 7
[23:18:26.588] [SEVERE ] removing player 4 token from slot 7
[23:18:26.589] [SEVERE ] player 4 placing token on slot 4
[23:18:26.589] [SEVERE ] removing player 3 token from slot 6
[23:18:26.589] [SEVERE ] player 2 placing token on slot 7
[23:18:26.590] [SEVERE ] removing player 1 token from slot 11
[23:18:26.591] [SEVERE ] player 3 placing token on slot 11
[23:18:26.591] [SEVERE ] removing player 4 token from slot 11
[23:18:26.591] [SEVERE ] player 1 placing token on slot 11
[23:18:26.593] [SEVERE ] player 4 placing token on slot 8
[23:18:26.593] [SEVERE ] removing player 3 token from slot 8
[23:18:26.595] [SEVERE ] removing player 4 token from slot 8
[23:18:26.597] [SEVERE ] removing player 1 token from slot 11
[23:18:26.597] [SEVERE ] player 3 placing token on slot 8
[23:18:26.599] [SEVERE ] removing player 2 token from slot 11
[23:18:26.599] [SEVERE ] player 4 placing token on slot 10
[23:18:26.601] [SEVERE ] removing player 4 token from slot 4
[23:18:26.601] [SEVERE ] removing player 2 token from slot 7
[23:18:26.603] [SEVERE ] player 2 placing token on slot 5
[23:18:26.606] [SEVERE ] player 1 placing token on slot 6
[23:18:26.607] [SEVERE ] player 2 placing token on slot 4
[23:18:26.608] [SEVERE ] removing player 2 token from slot 4
[23:18:26.609] [SEVERE ] removing player 2 token from slot 5
[23:18:26.609] [SEVERE ] player 4 placing token on slot 9
[23:18:26.610] [SEVERE ] player 2 placing token on slot 10
[23:18:26.610] [SEVERE ] removing player 3 token from slot 5
[23:18:26.611] [SEVERE ] player 2 placing token on slot 11
[23:18:26.615] [SEVERE ] player 3 placing token on slot 4
[23:18:26.616] [SEVERE ] removing player 3 token from slot 4
[23:18:26.616] [SEVERE ] removing player 4 token from slot 9
[23:18:26.619] [SEVERE ] player 3 placing token on slot 7
[23:18:26.619] [SEVERE ] removing player 2 token from slot 10
[23:18:26.619] [SEVERE ] player 4 placing token on slot 6
[23:18:26.619] [SEVERE ] removing player 1 token from slot 6
[23:18:26.620] [SEVERE ] player 1 placing token on slot 6
[23:18:26.623] [SEVERE ] player 2 placing token on slot 6
[23:18:26.624] [SEVERE ] removing player 3 token from slot 8
[23:18:26.624] [SEVERE ] removing player 1 token from slot 6
[23:18:26.626] [SEVERE ] removing player 3 token from slot 11
[23:18:26.630] [SEVERE ] player 1 placing token on slot 4
[23:18:26.630] [SEVERE ] removing player 4 token from slot 6
[23:18:26.634] [SEVERE ] player 3 placing token on slot 11
[23:18:26.635] [SEVERE ] player 4 placing token on slot 4
[23:18:26.639] [SEVERE ] removing player 3 token from slot 7
[23:18:26.640] [SEVERE ] player 3 placing token on slot 7
[23:18:26.642] [SEVERE ] player 3 placing token on slot 4
[23:18:26.643] [SEVERE ] removing player 3 token from slot 11
[23:18:26.645] [SEVERE ] removing player 4 token from slot 4
[23:18:26.646] [SEVERE ] player 3 placing token on slot 9
[23:18:26.646] [SEVERE ] removing player 4 token from slot 10
[23:18:26.647] [SEVERE ] player 4 placing token on slot 5
[23:18:26.649] [SEVERE ] removing player 4 token from slot 5
[23:18:26.652] [SEVERE ] player 4 placing token on slot 8
[23:18:26.653] [SEVERE ] player 4 placing token on slot 4
[23:18:26.654] [SEVERE ] removing card from slot 4
[23:18:26.656] [SEVERE ] removing player 3 token from slot 9
[23:18:26.656] [SEVERE ] removing player 4 token from slot 8
[23:18:26.657] [SEVERE ] player 4 placing token on slot 5
[23:18:26.658] [SEVERE ] player 3 placing token on slot 8
[23:18:26.661] [SEVERE ] removing player 4 token from slot 5
[23:18:26.663] [SEVERE ] player 4 placing token on slot 6
[23:18:26.666] [SEVERE ] removing player 2 token from slot 6
[23:18:26.668] [SEVERE ] removing player 3 token from slot 7
[23:18:26.674] [SEVERE ] removing player 4 token from slot 6
[23:18:26.674] [SEVERE ] player 3 placing token on slot 11
[23:18:26.674] [SEVERE ] player 2 placing token on slot 5
[23:18:26.676] [SEVERE ] player 4 placing token on slot 5
[23:18:26.676] [SEVERE ] removing player 2 token from slot 11
[23:18:26.678] [SEVERE ] removing player 3 token from slot 8
[23:18:26.680] [SEVERE ] player 2 placing token on slot 8
[23:18:26.682] [SEVERE ] removing player 2 token from slot 5
[23:18:26.682] [SEVERE ] player 3 placing token on slot 7
[23:18:26.685] [SEVERE ] player 2 placing token on slot 6
[23:18:26.688] [SEVERE ] removing player 3 token from slot 7
[23:18:26.690] [SEVERE ] removing player 2 token from slot 8
[23:18:26.690] [SEVERE ] player 3 placing token on slot 5
[23:18:26.692] [SEVERE ] removing player 3 token from slot 5
[23:18:26.692] [SEVERE ] player 2 placing token on slot 8
[23:18:26.693] [SEVERE ] player 3 placing token on slot 10
[23:18:26.694] [SEVERE ] removing player 3 token from slot 10
[23:18:26.695] [SEVERE ] player 3 placing token on slot 8
[23:18:26.703] [SEVERE ] removing player 2 token from slot 6
[23:18:26.705] [SEVERE ] player 2 placing token on slot 9
[23:18:26.706] [SEVERE ] removing player 2 token from slot 9
[23:18:26.708] [SEVERE ] player 2 placing token on slot 7
[23:18:26.709] [SEVERE ] removing player 3 token from slot 11
[23:18:26.712] [SEVERE ] player 3 placing token on slot 6
[23:18:26.715] [SEVERE ] removing player 4 token from slot 5
[23:18:26.716] [SEVERE ] player 4 placing token on slot 9
[23:18:26.716] [SEVERE ] removing player 2 token from slot 8
[23:18:26.718] [SEVERE ] removing player 2 token from slot 7
[23:18:26.718] [SEVERE ] removing player 3 token from slot 8
[23:18:26.720] [SEVERE ] removing player 3 token from slot 6
[23:18:26.720] [SEVERE ] player 2 placing token on slot 5
[23:18:26.722] [SEVERE ] removing player 2 token from slot 5
[23:18:26.723] [SEVERE ] player 3 placing token on slot 6
[23:18:26.723] [SEVERE ] player 2 placing token on slot 8
[23:18:26.724] [SEVERE ] player 3 placing token on slot 10
[23:18:26.725] [SEVERE ] removing player 3 token from slot 10
[23:18:26.726] [SEVERE ] player 2 placing token on slot 9
[23:18:26.726] [SEVERE ] player 3 placing token on slot 11
[23:18:26.729] [SEVERE ] removing player 3 token from slot 11
[23:18:26.732] [SEVERE ] removing player 2 token from slot 8
[23:18:26.732] [SEVERE ] player 3 placing token on slot 9
[23:18:26.733] [SEVERE ] removing player 2 token from slot 9
[23:18:26.734] [SEVERE ] player 2 placing token on slot 10
[23:18:26.735] [SEVERE ] player 2 placing token on slot 11
[23:18:26.738] [SEVERE ] removing player 3 token from slot 9
[23:18:26.738] [SEVERE ] removing player 2 token from slot 10
[23:18:26.739] [SEVERE ] player 3 placing token on slot 8
[23:18:26.739] [SEVERE ] player 2 placing token on slot 7
[23:18:26.743] [SEVERE ] removing player 2 token from slot 7
[23:18:26.743] [SEVERE ] removing player 3 token from slot 8
[23:18:26.744] [SEVERE ] removing player 3 token from slot 6
[23:18:26.744] [SEVERE ] player 2 placing token on slot 10
[23:18:26.746] [SEVERE ] removing player 2 token from slot 10
[23:18:26.746] [SEVERE ] player 3 placing token on slot 7
[23:18:26.747] [SEVERE ] player 3 placing token on slot 10
[23:18:26.747] [SEVERE ] player 2 placing token on slot 8
[23:18:26.755] [SEVERE ] removing card from slot 5
[23:18:26.762] [SEVERE ] removing player 2 token from slot 11
[23:18:26.763] [SEVERE ] removing player 2 token from slot 8
[23:18:26.764] [SEVERE ] removing player 3 token from slot 10
[23:18:26.766] [SEVERE ] player 2 placing token on slot 8
[23:18:26.768] [SEVERE ] player 2 placing token on slot 6
[23:18:26.771] [SEVERE ] removing player 4 token from slot 9
[23:18:26.771] [SEVERE ] player 3 placing token on slot 9
[23:18:26.775] [SEVERE ] player 4 placing token on slot 8
[23:18:26.777] [SEVERE ] removing player 3 token from slot 9
[23:18:26.782] [SEVERE ] removing player 2 token from slot 6
[23:18:26.783] [SEVERE ] player 2 placing token on slot 7
[23:18:26.785] [SEVERE ] player 3 placing token on slot 11
[23:18:26.788] [SEVERE ] removing player 4 token from slot 8
[23:18:26.789] [SEVERE ] player 4 placing token on slot 10
[23:18:26.790] [SEVERE ] removing player 2 token from slot 7
[23:18:26.792] [SEVERE ] player 2 placing token on slot 9
[23:18:26.793] [SEVERE ] removing player 3 token from slot 11
[23:18:26.796] [SEVERE ] player 3 placing token on slot 8
[23:18:26.797] [SEVERE ] removing player 2 token from slot 8
[23:18:26.798] [SEVERE ] removing player 4 token from slot 10
[23:18:26.799] [SEVERE ] player 4 placing token on slot 7
[23:18:26.803] [SEVERE ] removing player 3 token from slot 8
[23:18:26.804] [SEVERE ] player 2 placing token on slot 11
[23:18:26.804] [SEVERE ] player 3 placing token on slot 11
[23:18:26.812] [SEVERE ] removing player 3 token from slot 11
[23:18:26.813] [SEVERE ] player 3 placing token on slot 11
[23:18:26.815] [SEVERE ] removing player 2 token from slot 11
[23:18:26.816] [SEVERE ] player 2 placing token on slot 11
[23:18:26.821] [SEVERE ] removing player 4 token from slot 7
[23:18:26.823] [SEVERE ] removing player 3 token from slot 7
[23:18:26.825] [SEVERE ] player 3 placing token on slot 8
[23:18:26.827] [SEVERE ] player 4 placing token on slot 7
[23:18:26.835] [SEVERE ] removing player 2 token from slot 11
[23:18:26.837] [SEVERE ] player 2 placing token on slot 6
[23:18:26.841] [SEVERE ] removing player 2 token from slot 6
[23:18:26.845] [SEVERE ] player 2 placing token on slot 6
[23:18:26.845] [SEVERE ] removing player 4 token from slot 7
[23:18:26.851] [SEVERE ] player 4 placing token on slot 8
[23:18:26.853] [SEVERE ] removing player 3 token from slot 8
[23:18:26.856] [SEVERE ] removing card from slot 6
[23:18:26.857] [SEVERE ] player 3 placing token on slot 7
[23:18:26.867] [SEVERE ] removing player 3 token from slot 7
[23:18:26.871] [SEVERE ] player 3 placing token on slot 7
[23:18:26.872] [SEVERE ] removing player 3 token from slot 11
[23:18:26.875] [SEVERE ] player 3 placing token on slot 8
[23:18:26.876] [SEVERE ] removing player 3 token from slot 7
[23:18:26.877] [SEVERE ] removing player 4 token from slot 8
[23:18:26.878] [SEVERE ] player 3 placing token on slot 9
[23:18:26.885] [SEVERE ] player 4 placing token on slot 9
[23:18:26.889] [SEVERE ] removing player 2 token from slot 9
[23:18:26.889] [SEVERE ] removing player 3 token from slot 9
[23:18:26.891] [SEVERE ] player 2 placing token on slot 7
[23:18:26.891] [SEVERE ] removing player 3 token from slot 8
[23:18:26.893] [SEVERE ] player 3 placing token on slot 11
[23:18:26.894] [SEVERE ] player 3 placing token on slot 7
[23:18:26.897] [SEVERE ] removing player 4 token from slot 9
[23:18:26.898] [SEVERE ] player 4 placing token on slot 11
[23:18:26.899] [SEVERE ] removing player 4 token from slot 11
[23:18:26.901] [SEVERE ] removing player 3 token from slot 11
[23:18:26.902] [SEVERE ] player 3 placing token on slot 9
[23:18:26.903] [SEVERE ] player 4 placing token on slot 8
[23:18:26.906] [SEVERE ] removing player 3 token from slot 9
[23:18:26.906] [SEVERE ] removing player 4 token from slot 8
[23:18:26.907] [SEVERE ] player 4 placing token on slot 7
[23:18:26.907] [SEVERE ] player 3 placing token on slot 9
[23:18:26.909] [SEVERE ] removing player 3 token from slot 9
[23:18:26.914] [SEVERE ] player 3 placing token on slot 9
[23:18:26.917] [SEVERE ] removing player 3 token from slot 9
[23:18:26.918] [SEVERE ] removing player 2 token from slot 7
[23:18:26.918] [SEVERE ] player 3 placing token on slot 11
[23:18:26.924] [SEVERE ] removing player 3 token from slot 7
[23:18:26.925] [SEVERE ] player 2 placing token on slot 11
[23:18:26.927] [SEVERE ] removing player 4 token from slot 7
[23:18:26.929] [SEVERE ] removing player 2 token from slot 11
[23:18:26.932] [SEVERE ] player 3 placing token on slot 7
[23:18:26.932] [SEVERE ] player 2 placing token on slot 8
[23:18:26.934] [SEVERE ] player 4 placing token on slot 7
[23:18:26.940] [SEVERE ] removing player 4 token from slot 7
[23:18:26.941] [SEVERE ] player 4 placing token on slot 7
[23:18:26.941] [SEVERE ] removing player 3 token from slot 11
[23:18:26.942] [SEVERE ] removing player 2 token from slot 8
[23:18:26.943] [SEVERE ] player 3 placing token on slot 10
[23:18:26.945] [SEVERE ] player 2 placing token on slot 11
[23:18:26.948] [SEVERE ] removing player 2 token from slot 11
[23:18:26.949] [SEVERE ] player 2 placing token on slot 8
[23:18:26.956] [SEVERE ] removing card from slot 7
[23:18:26.968] [SEVERE ] removing player 2 token from slot 8
[23:18:26.973] [SEVERE ] player 2 placing token on slot 10
[23:18:26.985] [SEVERE ] removing player 3 token from slot 10
[23:18:26.988] [SEVERE ] player 3 placing token on slot 10
[23:18:26.990] [SEVERE ] removing player 2 token from slot 10
[23:18:26.993] [SEVERE ] player 2 placing token on slot 10
[23:18:26.993] [SEVERE ] removing player 3 token from slot 10
[23:18:26.994] [SEVERE ] removing player 2 token from slot 10
[23:18:26.997] [SEVERE ] player 3 placing token on slot 8
[23:18:27.000] [SEVERE ] player 2 placing token on slot 10
[23:18:27.006] [SEVERE ] removing player 3 token from slot 8
[23:18:27.007] [SEVERE ] player 3 placing token on slot 8
[23:18:27.010] [SEVERE ] removing player 3 token from slot 8
[23:18:27.013] [SEVERE ] player 3 placing token on slot 10
[23:18:27.018] [SEVERE ] removing player 3 token from slot 10
[23:18:27.025] [SEVERE ] player 3 placing token on slot 8
[23:18:27.028] [SEVERE ] removing player 3 token from slot 8
[23:18:27.029] [SEVERE ] player 3 placing token on slot 11
[23:18:27.032] [SEVERE ] removing player 3 token from slot 11
[23:18:27.034] [SEVERE ] player 3 placing token on slot 8
[23:18:27.043] [SEVERE ] removing player 3 token from slot 8
[23:18:27.046] [SEVERE ] player 3 placing token on slot 8
[23:18:27.049] [SEVERE ] removing player 2 token from slot 10
[23:18:27.050] [SEVERE ] player 2 placing token on slot 11
[23:18:27.057] [SEVERE ] removing card from slot 8
[23:18:27.058] [SEVERE ] removing player 2 token from slot 11
[23:18:27.059] [SEVERE ] player 2 placing token on slot 10
[23:18:27.069] [SEVERE ] removing player 2 token from slot 10
[23:18:27.082] [SEVERE ] player 2 placing token on slot 10
[23:18:27.104] [SEVERE ] removing player 2 token from slot 10
[23:18:27.120] [SEVERE ] player 2 placing token on slot 10
[23:18:27.152] [SEVERE ] removing player 2 token from slot 10
[23:18:27.153] [SEVERE ] player 2 placing token on slot 10
[23:18:27.158] [SEVERE ] removing card from slot 9
[23:18:27.188] [SEVERE ] removing player 2 token from slot 10
[23:18:27.189] [SEVERE ] player 2 placing token on slot 11
[23:18:27.191] [SEVERE ] removing player 2 token from slot 11
[23:18:27.192] [SEVERE ] player 2 placing token on slot 11
[23:18:27.211] [SEVERE ] removing player 2 token from slot 11
[23:18:27.213] [SEVERE ] player 2 placing token on slot 10
[23:18:27.249] [SEVERE ] removing player 2 token from slot 10
[23:18:27.251] [SEVERE ] player 2 placing token on slot 11
[23:18:27.258] [SEVERE ] removing card from slot 10
[23:18:27.270] [SEVERE ] removing player 2 token from slot 11
[23:18:27.271] [SEVERE ] player 2 placing token on slot 11
[23:18:27.278] [SEVERE ] removing player 2 token from slot 11
[23:18:27.290] [SEVERE ] player 2 placing token on slot 11
[23:18:27.309] [SEVERE ] removing player 2 token from slot 11
[23:18:27.321] [SEVERE ] player 2 placing token on slot 11
[23:18:27.324] [SEVERE ] removing player 2 token from slot 11
[23:18:27.325] [SEVERE ] player 2 placing token on slot 11
[23:18:27.333] [SEVERE ] removing player 2 token from slot 11
[23:18:27.358] [SEVERE ] player 2 placing token on slot 11
[23:18:27.358] [SEVERE ] removing card from slot 11
[23:18:27.569] [SEVERE ] placing card 58 in slot 0
[23:18:27.669] [SEVERE ] placing card 54 in slot 1
[23:18:27.770] [SEVERE ] placing card 47 in slot 2
[23:18:27.870] [SEVERE ] placing card 71 in slot 3
[23:18:27.971] [SEVERE ] placing card 35 in slot 4
[23:18:28.072] [SEVERE ] placing card 70 in slot 5
[23:18:28.173] [SEVERE ] placing card 66 in slot 6
[23:18:28.273] [SEVERE ] placing card 75 in slot 7
[23:18:28.373] [SEVERE ] placing card 79 in slot 8
[23:18:28.474] [SEVERE ] placing card 73 in slot 9
[23:18:28.575] [SEVERE ] placing card 13 in slot 10
[23:18:28.675] [SEVERE ] placing card 63 in slot 11
[23:18:28.675] [SEVERE ] updating countdown to -930
[23:18:28.675] [SEVERE ] removing player 1 token from slot 2
[23:18:28.675] [SEVERE ] removing player 1 token from slot 3
[23:18:28.675] [SEVERE ] removing player 1 token from slot 4
[23:18:28.675] [SEVERE ] removing player 2 token from slot 0
[23:18:28.675] [SEVERE ] removing player 2 token from slot 6
[23:18:28.675] [SEVERE ] removing player 2 token from slot 11
[23:18:28.675] [SEVERE ] removing player 3 token from slot 4
[23:18:28.675] [SEVERE ] removing player 3 token from slot 7
[23:18:28.675] [SEVERE ] removing player 3 token from slot 8
[23:18:28.676] [SEVERE ] removing player 4 token from slot 0
[23:18:28.676] [SEVERE ] removing player 4 token from slot 4
[23:18:28.676] [SEVERE ] player 2 placing token on slot 3
[23:18:28.676] [SEVERE ] player 3 placing token on slot 0
[23:18:28.676] [SEVERE ] player 1 placing token on slot 7
[23:18:28.676] [SEVERE ] player 4 placing token on slot 10
[23:18:28.676] [SEVERE ] removing player 4 token from slot 7
[23:18:28.676] [SEVERE ] removing card from slot 0
[23:18:28.677] [SEVERE ] player 2 placing token on slot 11
[23:18:28.677] [SEVERE ] removing player 1 token from slot 7
[23:18:28.677] [SEVERE ] player 4 placing token on slot 4
[23:18:28.677] [SEVERE ] player 3 placing token on slot 10
[23:18:28.679] [SEVERE ] player 4 placing token on slot 6
[23:18:28.679] [SEVERE ] player 1 placing token on slot 7
[23:18:28.680] [SEVERE ] removing player 2 token from slot 11
[23:18:28.680] [SEVERE ] player 3 placing token on slot 5
[23:18:28.680] [SEVERE ] player 1 placing token on slot 8
[23:18:28.682] [SEVERE ] player 2 placing token on slot 11
[23:18:28.682] [SEVERE ] player 1 placing token on slot 10
[23:18:28.683] [SEVERE ] removing player 2 token from slot 3
[23:18:28.685] [SEVERE ] player 2 placing token on slot 10
[23:18:28.687] [SEVERE ] player 2 placing token on slot 1
[23:18:28.694] [SEVERE ] removing player 2 token from slot 10
[23:18:28.694] [SEVERE ] removing player 4 token from slot 10
[23:18:28.695] [SEVERE ] player 4 placing token on slot 1
[23:18:28.695] [SEVERE ] player 2 placing token on slot 6
[23:18:28.697] [SEVERE ] removing player 4 token from slot 4
[23:18:28.698] [SEVERE ] player 4 placing token on slot 3
[23:18:28.701] [SEVERE ] removing player 4 token from slot 3
[23:18:28.702] [SEVERE ] player 4 placing token on slot 2
[23:18:28.705] [SEVERE ] removing player 4 token from slot 1
[23:18:28.706] [SEVERE ] player 4 placing token on slot 5
[23:18:28.711] [SEVERE ] removing player 4 token from slot 2
[23:18:28.713] [SEVERE ] player 4 placing token on slot 3
[23:18:28.720] [SEVERE ] removing player 3 token from slot 10
[23:18:28.723] [SEVERE ] removing player 3 token from slot 5
[23:18:28.723] [SEVERE ] removing player 2 token from slot 1
[23:18:28.724] [SEVERE ] player 2 placing token on slot 2
[23:18:28.724] [SEVERE ] player 3 placing token on slot 7
[23:18:28.725] [SEVERE ] player 3 placing token on slot 3
[23:18:28.726] [SEVERE ] removing player 3 token from slot 7
[23:18:28.726] [SEVERE ] removing player 4 token from slot 5
[23:18:28.727] [SEVERE ] player 3 placing token on slot 10
[23:18:28.729] [SEVERE ] player 4 placing token on slot 5
[23:18:28.729] [SEVERE ] removing player 1 token from slot 8
[23:18:28.731] [SEVERE ] player 1 placing token on slot 1
[23:18:28.731] [SEVERE ] removing player 3 token from slot 10
[23:18:28.733] [SEVERE ] player 3 placing token on slot 8
[23:18:28.735] [SEVERE ] removing player 1 token from slot 10
[23:18:28.737] [SEVERE ] removing player 4 token from slot 3
[23:18:28.737] [SEVERE ] removing player 2 token from slot 11
[23:18:28.737] [SEVERE ] player 1 placing token on slot 4
[23:18:28.739] [SEVERE ] player 4 placing token on slot 9
[23:18:28.741] [SEVERE ] player 2 placing token on slot 10
[23:18:28.743] [SEVERE ] removing player 1 token from slot 7
[23:18:28.745] [SEVERE ] player 1 placing token on slot 2
[23:18:28.751] [SEVERE ] removing player 2 token from slot 2
[23:18:28.752] [SEVERE ] player 2 placing token on slot 8
[23:18:28.754] [SEVERE ] removing player 2 token from slot 8
[23:18:28.754] [SEVERE ] removing player 1 token from slot 2
[23:18:28.755] [SEVERE ] player 2 placing token on slot 5
[23:18:28.755] [SEVERE ] player 1 placing token on slot 8
[23:18:28.756] [SEVERE ] removing player 4 token from slot 5
[23:18:28.756] [SEVERE ] removing player 2 token from slot 6
[23:18:28.757] [SEVERE ] player 4 placing token on slot 2
[23:18:28.757] [SEVERE ] player 2 placing token on slot 9
[23:18:28.759] [SEVERE ] removing player 4 token from slot 9
[23:18:28.760] [SEVERE ] removing player 2 token from slot 10
[23:18:28.760] [SEVERE ] player 4 placing token on slot 10
[23:18:28.762] [SEVERE ] removing player 1 token from slot 8
[23:18:28.762] [SEVERE ] player 2 placing token on slot 10
[23:18:28.763] [SEVERE ] removing player 2 token from slot 10
[23:18:28.763] [SEVERE ] removing player 4 token from slot 10
[23:18:28.764] [SEVERE ] player 1 placing token on slot 8
[23:18:28.764] [SEVERE ] player 4 placing token on slot 3
[23:18:28.764] [SEVERE ] player 2 placing token on slot 8
[23:18:28.766] [SEVERE ] removing player 2 token from slot 5
[23:18:28.768] [SEVERE ] player 2 placing token on slot 7
[23:18:28.768] [SEVERE ] removing player 3 token from slot 3
[23:18:28.770] [SEVERE ] player 3 placing token on slot 7
[23:18:28.770] [SEVERE ] removing player 2 token from slot 8
[23:18:28.772] [SEVERE ] player 2 placing token on slot 11
[23:18:28.772] [SEVERE ] removing player 1 token from slot 8
[23:18:28.772] [SEVERE ] removing player 3 token from slot 7
[23:18:28.773] [SEVERE ] player 3 placing token on slot 4
[23:18:28.773] [SEVERE ] player 1 placing token on slot 11
[23:18:28.773] [SEVERE ] removing player 2 token from slot 7
[23:18:28.774] [SEVERE ] player 2 placing token on slot 3
[23:18:28.775] [SEVERE ] removing player 4 token from slot 2
[23:18:28.776] [SEVERE ] player 4 placing token on slot 11
[23:18:28.779] [SEVERE ] removing player 4 token from slot 3
[23:18:28.780] [SEVERE ] player 4 placing token on slot 2
[23:18:28.782] [SEVERE ] removing player 4 token from slot 2
[23:18:28.782] [SEVERE ] removing card from slot 1
[23:18:28.782] [SEVERE ] removing player 3 token from slot 4
[23:18:28.784] [SEVERE ] player 3 placing token on slot 11
[23:18:28.784] [SEVERE ] player 4 placing token on slot 8
[23:18:28.787] [SEVERE ] removing player 2 token from slot 3
[23:18:28.788] [SEVERE ] removing player 2 token from slot 11
[23:18:28.788] [SEVERE ] removing player 4 token from slot 6
[23:18:28.788] [SEVERE ] removing player 3 token from slot 8
[23:18:28.789] [SEVERE ] player 4 placing token on slot 5
[23:18:28.789] [SEVERE ] player 2 placing token on slot 4
[23:18:28.790] [SEVERE ] removing player 4 token from slot 5
[23:18:28.790] [SEVERE ] player 3 placing token on slot 8
[23:18:28.790] [SEVERE ] player 2 placing token on slot 5
[23:18:28.792] [SEVERE ] removing player 1 token from slot 11
[23:18:28.792] [SEVERE ] removing player 4 token from slot 11
[23:18:28.794] [SEVERE ] removing player 4 token from slot 8
[23:18:28.794] [SEVERE ] player 1 placing token on slot 2
[23:18:28.795] [SEVERE ] player 4 placing token on slot 8
[23:18:28.796] [SEVERE ] removing player 3 token from slot 8
[23:18:28.796] [SEVERE ] removing player 4 token from slot 8
[23:18:28.796] [SEVERE ] removing player 1 token from slot 2
[23:18:28.798] [SEVERE ] removing player 1 token from slot 4
[23:18:28.798] [SEVERE ] player 3 placing token on slot 8
[23:18:28.798] [SEVERE ] removing player 2 token from slot 5
[23:18:28.798] [SEVERE ] player 4 placing token on slot 3
[23:18:28.799] [SEVERE ] player 4 placing token on slot 8
[23:18:28.799] [SEVERE ] player 1 placing token on slot 4
[23:18:28.800] [SEVERE ] player 4 placing token on slot 4
[23:18:28.800] [SEVERE ] player 1 placing token on slot 11
[23:18:28.800] [SEVERE ] removing player 2 token from slot 4
[23:18:28.801] [SEVERE ] player 2 placing token on slot 7
[23:18:28.802] [SEVERE ] player 2 placing token on slot 2
[23:18:28.806] [SEVERE ] removing player 4 token from slot 3
[23:18:28.808] [SEVERE ] player 4 placing token on slot 7
[23:18:28.810] [SEVERE ] removing player 2 token from slot 2
[23:18:28.812] [SEVERE ] removing player 4 token from slot 4
[23:18:28.812] [SEVERE ] removing player 2 token from slot 9
[23:18:28.814] [SEVERE ] player 4 placing token on slot 4
[23:18:28.814] [SEVERE ] removing player 3 token from slot 8
[23:18:28.814] [SEVERE ] player 2 placing token on slot 10
[23:18:28.815] [SEVERE ] player 2 placing token on slot 2
[23:18:28.815] [SEVERE ] player 3 placing token on slot 5
[23:18:28.817] [SEVERE ] removing player 2 token from slot 10
[23:18:28.819] [SEVERE ] player 2 placing token on slot 5
[23:18:28.826] [SEVERE ] removing player 1 token from slot 11
[23:18:28.828] [SEVERE ] removing player 4 token from slot 8
[23:18:28.828] [SEVERE ] player 1 placing token on slot 9
[23:18:28.828] [SEVERE ] removing player 3 token from slot 11
[23:18:28.829] [SEVERE ] player 3 placing token on slot 9
[23:18:28.829] [SEVERE ] player 4 placing token on slot 10
[23:18:28.831] [SEVERE ] removing player 3 token from slot 5
[23:18:28.831] [SEVERE ] removing player 1 token from slot 9
[23:18:28.833] [SEVERE ] player 3 placing token on slot 3
[23:18:28.833] [SEVERE ] removing player 2 token from slot 7
[23:18:28.835] [SEVERE ] player 1 placing token on slot 11
[23:18:28.835] [SEVERE ] player 2 placing token on slot 11
[23:18:28.837] [SEVERE ] removing player 4 token from slot 7
[23:18:28.837] [SEVERE ] removing player 1 token from slot 11
[23:18:28.839] [SEVERE ] player 1 placing token on slot 3
[23:18:28.839] [SEVERE ] player 4 placing token on slot 3
[23:18:28.842] [SEVERE ] removing player 2 token from slot 5
[23:18:28.843] [SEVERE ] removing player 1 token from slot 3
[23:18:28.845] [SEVERE ] player 2 placing token on slot 8
[23:18:28.845] [SEVERE ] player 1 placing token on slot 2
[23:18:28.847] [SEVERE ] removing player 3 token from slot 3
[23:18:28.847] [SEVERE ] removing player 2 token from slot 11
[23:18:28.848] [SEVERE ] player 3 placing token on slot 3
[23:18:28.848] [SEVERE ] removing player 2 token from slot 2
[23:18:28.849] [SEVERE ] player 2 placing token on slot 5
[23:18:28.851] [SEVERE ] player 2 placing token on slot 10
[23:18:28.853] [SEVERE ] removing player 2 token from slot 8
[23:18:28.855] [SEVERE ] removing player 1 token from slot 4
[23:18:28.855] [SEVERE ] removing player 4 token from slot 4
[23:18:28.855] [SEVERE ] player 2 placing token on slot 2
[23:18:28.856] [SEVERE ] removing player 3 token from slot 9
[23:18:28.856] [SEVERE ] player 1 placing token on slot 3
[23:18:28.856] [SEVERE ] player 4 placing token on slot 9
[23:18:28.860] [SEVERE ] removing player 2 token from slot 5
[23:18:28.861] [SEVERE ] player 2 placing token on slot 3
[23:18:28.861] [SEVERE ] player 3 placing token on slot 6
[23:18:28.863] [SEVERE ] removing player 3 token from slot 6
[23:18:28.865] [SEVERE ] player 3 placing token on slot 2
[23:18:28.865] [SEVERE ] removing player 1 token from slot 3
[23:18:28.865] [SEVERE ] removing player 4 token from slot 9
[23:18:28.866] [SEVERE ] removing player 2 token from slot 10
[23:18:28.866] [SEVERE ] player 1 placing token on slot 4
[23:18:28.866] [SEVERE ] removing player 4 token from slot 3
[23:18:28.867] [SEVERE ] player 4 placing token on slot 3
[23:18:28.867] [SEVERE ] removing player 3 token from slot 2
[23:18:28.868] [SEVERE ] removing player 1 token from slot 4
[23:18:28.868] [SEVERE ] player 2 placing token on slot 6
[23:18:28.868] [SEVERE ] player 4 placing token on slot 4
[23:18:28.870] [SEVERE ] player 1 placing token on slot 7
[23:18:28.870] [SEVERE ] removing player 4 token from slot 4
[23:18:28.870] [SEVERE ] removing player 3 token from slot 3
[23:18:28.872] [SEVERE ] player 3 placing token on slot 11
[23:18:28.874] [SEVERE ] removing player 4 token from slot 3
[23:18:28.874] [SEVERE ] player 3 placing token on slot 9
[23:18:28.874] [SEVERE ] removing player 1 token from slot 7
[23:18:28.876] [SEVERE ] player 1 placing token on slot 11
[23:18:28.876] [SEVERE ] removing player 3 token from slot 11
[23:18:28.876] [SEVERE ] player 4 placing token on slot 5
[23:18:28.877] [SEVERE ] player 4 placing token on slot 11
[23:18:28.877] [SEVERE ] player 3 placing token on slot 6
[23:18:28.879] [SEVERE ] removing player 3 token from slot 6
[23:18:28.879] [SEVERE ] removing player 4 token from slot 5
[23:18:28.879] [SEVERE ] removing player 1 token from slot 2
[23:18:28.881] [SEVERE ] player 4 placing token on slot 7
[23:18:28.881] [SEVERE ] player 3 placing token on slot 6
[23:18:28.881] [SEVERE ] player 1 placing token on slot 5
[23:18:28.883] [SEVERE ] removing player 2 token from slot 2
[23:18:28.883] [SEVERE ] removing player 1 token from slot 5
[23:18:28.884] [SEVERE ] removing card from slot 2
[23:18:28.885] [SEVERE ] removing player 4 token from slot 7
[23:18:28.885] [SEVERE ] removing player 2 token from slot 3
[23:18:28.885] [SEVERE ] player 1 placing token on slot 8
[23:18:28.887] [SEVERE ] player 4 placing token on slot 7
[23:18:28.887] [SEVERE ] player 2 placing token on slot 8
[23:18:28.889] [SEVERE ] player 2 placing token on slot 4
[23:18:28.895] [SEVERE ] removing player 3 token from slot 9
[23:18:28.895] [SEVERE ] removing player 4 token from slot 11
[23:18:28.897] [SEVERE ] player 3 placing token on slot 7
[23:18:28.899] [SEVERE ] player 4 placing token on slot 8
[23:18:28.901] [SEVERE ] removing player 2 token from slot 4
[23:18:28.901] [SEVERE ] removing player 4 token from slot 8
[23:18:28.902] [SEVERE ] player 4 placing token on slot 6
[23:18:28.904] [SEVERE ] removing player 4 token from slot 6
[23:18:28.904] [SEVERE ] removing player 2 token from slot 6
[23:18:28.906] [SEVERE ] player 2 placing token on slot 7
[23:18:28.906] [SEVERE ] player 4 placing token on slot 6
[23:18:28.908] [SEVERE ] removing player 4 token from slot 10
[23:18:28.908] [SEVERE ] player 2 placing token on slot 3
[23:18:28.908] [SEVERE ] removing player 1 token from slot 8
[23:18:28.910] [SEVERE ] removing player 3 token from slot 6
[23:18:28.910] [SEVERE ] player 4 placing token on slot 3
[23:18:28.912] [SEVERE ] removing player 4 token from slot 6
[23:18:28.912] [SEVERE ] player 3 placing token on slot 6
[23:18:28.912] [SEVERE ] player 1 placing token on slot 5
[23:18:28.914] [SEVERE ] player 4 placing token on slot 6
[23:18:28.918] [SEVERE ] removing player 2 token from slot 3
[23:18:28.919] [SEVERE ] player 2 placing token on slot 3
[23:18:28.919] [SEVERE ] removing player 4 token from slot 7
[23:18:28.920] [SEVERE ] player 4 placing token on slot 8
[23:18:28.920] [SEVERE ] removing player 3 token from slot 7
[23:18:28.922] [SEVERE ] removing player 2 token from slot 8
[23:18:28.922] [SEVERE ] player 3 placing token on slot 11
[23:18:28.923] [SEVERE ] removing player 2 token from slot 7
[23:18:28.924] [SEVERE ] removing player 4 token from slot 3
[23:18:28.927] [SEVERE ] removing player 1 token from slot 5
[23:18:28.927] [SEVERE ] player 4 placing token on slot 4
[23:18:28.927] [SEVERE ] player 2 placing token on slot 9
[23:18:28.927] [SEVERE ] removing player 3 token from slot 11
[23:18:28.928] [SEVERE ] removing player 3 token from slot 6
[23:18:28.928] [SEVERE ] player 2 placing token on slot 4
[23:18:28.928] [SEVERE ] player 1 placing token on slot 6
[23:18:28.928] [SEVERE ] removing player 4 token from slot 4
[23:18:28.930] [SEVERE ] player 4 placing token on slot 11
[23:18:28.930] [SEVERE ] player 3 placing token on slot 9
[23:18:28.931] [SEVERE ] player 3 placing token on slot 11
[23:18:28.932] [SEVERE ] removing player 3 token from slot 11
[23:18:28.933] [SEVERE ] removing player 2 token from slot 3
[23:18:28.933] [SEVERE ] player 3 placing token on slot 11
[23:18:28.934] [SEVERE ] removing player 4 token from slot 6
[23:18:28.934] [SEVERE ] player 2 placing token on slot 5
[23:18:28.936] [SEVERE ] player 4 placing token on slot 6
[23:18:28.940] [SEVERE ] removing player 1 token from slot 6
[23:18:28.941] [SEVERE ] removing player 1 token from slot 11
[23:18:28.942] [SEVERE ] removing player 4 token from slot 11
[23:18:28.943] [SEVERE ] player 4 placing token on slot 5
[23:18:28.944] [SEVERE ] player 1 placing token on slot 10
[23:18:28.945] [SEVERE ] removing player 2 token from slot 5
[23:18:28.945] [SEVERE ] removing player 4 token from slot 6
[23:18:28.945] [SEVERE ] player 1 placing token on slot 5
[23:18:28.946] [SEVERE ] removing player 3 token from slot 9
[23:18:28.946] [SEVERE ] player 2 placing token on slot 10
[23:18:28.946] [SEVERE ] player 4 placing token on slot 6
[23:18:28.947] [SEVERE ] removing player 4 token from slot 8
[23:18:28.947] [SEVERE ] removing player 2 token from slot 9
[23:18:28.947] [SEVERE ] player 3 placing token on slot 10
[23:18:28.948] [SEVERE ] removing player 2 token from slot 10
[23:18:28.948] [SEVERE ] removing player 4 token from slot 5
[23:18:28.949] [SEVERE ] player 2 placing token on slot 7
[23:18:28.949] [SEVERE ] player 4 placing token on slot 8
[23:18:28.949] [SEVERE ] removing player 3 token from slot 10
[23:18:28.952] [SEVERE ] removing player 3 token from slot 11
[23:18:28.952] [SEVERE ] removing player 4 token from slot 6
[23:18:28.953] [SEVERE ] player 4 placing token on slot 10
[23:18:28.953] [SEVERE ] player 3 placing token on slot 6
[23:18:28.953] [SEVERE ] player 2 placing token on slot 10
[23:18:28.954] [SEVERE ] removing player 2 token from slot 4
[23:18:28.954] [SEVERE ] player 3 placing token on slot 5
[23:18:28.955] [SEVERE ] player 2 placing token on slot 5
[23:18:28.955] [SEVERE ] removing player 1 token from slot 10
[23:18:28.955] [SEVERE ] player 4 placing token on slot 6
[23:18:28.956] [SEVERE ] removing player 2 token from slot 5
[23:18:28.956] [SEVERE ] player 1 placing token on slot 7
[23:18:28.957] [SEVERE ] removing player 4 token from slot 10
[23:18:28.958] [SEVERE ] player 2 placing token on slot 5
[23:18:28.958] [SEVERE ] removing player 4 token from slot 6
[23:18:28.959] [SEVERE ] player 4 placing token on slot 9
[23:18:28.961] [SEVERE ] removing player 1 token from slot 5
[23:18:28.963] [SEVERE ] player 4 placing token on slot 3
[23:18:28.963] [SEVERE ] player 1 placing token on slot 3
[23:18:28.965] [SEVERE ] removing player 4 token from slot 8
[23:18:28.967] [SEVERE ] player 4 placing token on slot 11
[23:18:28.967] [SEVERE ] removing player 3 token from slot 5
[23:18:28.969] [SEVERE ] player 3 placing token on slot 8
[23:18:28.971] [SEVERE ] removing player 4 token from slot 3
[23:18:28.973] [SEVERE ] player 4 placing token on slot 10
[23:18:28.975] [SEVERE ] removing player 1 token from slot 3
[23:18:28.976] [SEVERE ] player 1 placing token on slot 4
[23:18:28.978] [SEVERE ] removing player 4 token from slot 11
[23:18:28.980] [SEVERE ] removing player 3 token from slot 6
[23:18:28.980] [SEVERE ] player 4 placing token on slot 11
[23:18:28.981] [SEVERE ] player 3 placing token on slot 4
[23:18:28.981] [SEVERE ] removing player 4 token from slot 10
[23:18:28.981] [SEVERE ] removing player 1 token from slot 7
[23:18:28.983] [SEVERE ] player 4 placing token on slot 8
[23:18:28.984] [SEVERE ] removing player 4 token from slot 9
[23:18:28.984] [SEVERE ] player 1 placing token on slot 8
[23:18:28.985] [SEVERE ] removing card from slot 3
[23:18:28.985] [SEVERE ] player 4 placing token on slot 10
[23:18:28.985] [SEVERE ] removing player 2 token from slot 5
[23:18:28.986] [SEVERE ] player 2 placing token on slot 4
[23:18:28.987] [SEVERE ] removing player 4 token from slot 11
[23:18:28.989] [SEVERE ] removing player 4 token from slot 10
[23:18:28.989] [SEVERE ] removing player 3 token from slot 4
[23:18:28.989] [SEVERE ] removing player 2 token from slot 7
[23:18:28.991] [SEVERE ] player 2 placing token on slot 9
[23:18:28.991] [SEVERE ] removing player 1 token from slot 8
[23:18:28.991] [SEVERE ] player 3 placing token on slot 10
[23:18:28.992] [SEVERE ] removing player 3 token from slot 8
[23:18:28.992] [SEVERE ] player 1 placing token on slot 11
[23:18:28.994] [SEVERE ] player 3 placing token on slot 5
[23:18:28.994] [SEVERE ] player 4 placing token on slot 6
[23:18:28.995] [SEVERE ] player 4 placing token on slot 9
[23:18:28.996] [SEVERE ] removing player 2 token from slot 4
[23:18:28.996] [SEVERE ] removing player 4 token from slot 6
[23:18:28.997] [SEVERE ] removing player 2 token from slot 9
[23:18:28.997] [SEVERE ] player 4 placing token on slot 4
[23:18:28.998] [SEVERE ] removing player 1 token from slot 11
[23:18:28.999] [SEVERE ] player 1 placing token on slot 7
[23:18:29.001] [SEVERE ] player 2 placing token on slot 5
[23:18:29.003] [SEVERE ] removing player 2 token from slot 5
[23:18:29.004] [SEVERE ] player 2 placing token on slot 6
[23:18:29.004] [SEVERE ] removing player 4 token from slot 8
[23:18:29.005] [SEVERE ] player 2 placing token on slot 11
[23:18:29.006] [SEVERE ] player 4 placing token on slot 6
[23:18:29.007] [SEVERE ] removing player 4 token from slot 9
[23:18:29.010] [SEVERE ] removing player 3 token from slot 10
[23:18:29.010] [SEVERE ] player 4 placing token on slot 11
[23:18:29.011] [SEVERE ] player 3 placing token on slot 8
[23:18:29.015] [SEVERE ] removing player 1 token from slot 4
[23:18:29.017] [SEVERE ] removing player 2 token from slot 10
[23:18:29.019] [SEVERE ] player 2 placing token on slot 5
[23:18:29.019] [SEVERE ] removing player 1 token from slot 7
[23:18:29.021] [SEVERE ] removing player 4 token from slot 4
[23:18:29.023] [SEVERE ] player 1 placing token on slot 6
[23:18:29.023] [SEVERE ] player 4 placing token on slot 4
[23:18:29.025] [SEVERE ] removing player 3 token from slot 5
[23:18:29.025] [SEVERE ] player 1 placing token on slot 9
[23:18:29.027] [SEVERE ] player 3 placing token on slot 10
[23:18:29.029] [SEVERE ] removing player 2 token from slot 11
[23:18:29.029] [SEVERE ] removing player 4 token from slot 11
[23:18:29.031] [SEVERE ] removing player 2 token from slot 6
[23:18:29.033] [SEVERE ] removing player 2 token from slot 5
[23:18:29.035] [SEVERE ] player 4 placing token on slot 5
[23:18:29.035] [SEVERE ] player 2 placing token on slot 5
[23:18:29.037] [SEVERE ] player 2 placing token on slot 7
[23:18:29.038] [SEVERE ] removing player 1 token from slot 9
[23:18:29.038] [SEVERE ] player 2 placing token on slot 6
[23:18:29.039] [SEVERE ] removing player 3 token from slot 8
[23:18:29.040] [SEVERE ] player 3 placing token on slot 4
[23:18:29.040] [SEVERE ] removing player 4 token from slot 5
[23:18:29.041] [SEVERE ] removing player 3 token from slot 10
[23:18:29.041] [SEVERE ] removing player 4 token from slot 4
[23:18:29.041] [SEVERE ] player 1 placing token on slot 10
[23:18:29.043] [SEVERE ] player 3 placing token on slot 9
[23:18:29.043] [SEVERE ] removing player 2 token from slot 7
[23:18:29.044] [SEVERE ] player 4 placing token on slot 7
[23:18:29.045] [SEVERE ] player 4 placing token on slot 5
[23:18:29.045] [SEVERE ] player 2 placing token on slot 8
[23:18:29.046] [SEVERE ] removing player 2 token from slot 5
[23:18:29.046] [SEVERE ] removing player 4 token from slot 6
[23:18:29.047] [SEVERE ] removing player 2 token from slot 8
[23:18:29.049] [SEVERE ] removing player 4 token from slot 7
[23:18:29.051] [SEVERE ] player 4 placing token on slot 6
[23:18:29.051] [SEVERE ] removing player 2 token from slot 6
[23:18:29.052] [SEVERE ] player 2 placing token on slot 11
[23:18:29.055] [SEVERE ] player 2 placing token on slot 5
[23:18:29.055] [SEVERE ] removing player 1 token from slot 10
[23:18:29.056] [SEVERE ] removing player 4 token from slot 5
[23:18:29.056] [SEVERE ] player 1 placing token on slot 11
[23:18:29.058] [SEVERE ] player 4 placing token on slot 11
[23:18:29.059] [SEVERE ] player 4 placing token on slot 7
[23:18:29.060] [SEVERE ] player 2 placing token on slot 7
[23:18:29.061] [SEVERE ] removing player 2 token from slot 11
[23:18:29.062] [SEVERE ] player 2 placing token on slot 11
[23:18:29.065] [SEVERE ] removing player 2 token from slot 5
[23:18:29.065] [SEVERE ] removing player 4 token from slot 7
[23:18:29.066] [SEVERE ] removing player 2 token from slot 11
[23:18:29.066] [SEVERE ] player 4 placing token on slot 5
[23:18:29.068] [SEVERE ] removing player 4 token from slot 6
[23:18:29.068] [SEVERE ] removing player 1 token from slot 6
[23:18:29.068] [SEVERE ] player 2 placing token on slot 4
[23:18:29.069] [SEVERE ] player 1 placing token on slot 9
[23:18:29.069] [SEVERE ] player 4 placing token on slot 6
[23:18:29.070] [SEVERE ] removing player 1 token from slot 11
[23:18:29.070] [SEVERE ] removing player 4 token from slot 5
[23:18:29.070] [SEVERE ] player 2 placing token on slot 10
[23:18:29.071] [SEVERE ] player 1 placing token on slot 4
[23:18:29.071] [SEVERE ] removing player 4 token from slot 11
[23:18:29.073] [SEVERE ] removing player 1 token from slot 4
[23:18:29.073] [SEVERE ] player 4 placing token on slot 7
[23:18:29.074] [SEVERE ] player 1 placing token on slot 6
[23:18:29.074] [SEVERE ] player 4 placing token on slot 8
[23:18:29.077] [SEVERE ] removing player 2 token from slot 4
[23:18:29.077] [SEVERE ] removing player 1 token from slot 6
[23:18:29.079] [SEVERE ] removing player 3 token from slot 4
[23:18:29.079] [SEVERE ] player 1 placing token on slot 5
[23:18:29.080] [SEVERE ] player 2 placing token on slot 8
[23:18:29.081] [SEVERE ] player 3 placing token on slot 10
[23:18:29.083] [SEVERE ] removing player 1 token from slot 9
[23:18:29.083] [SEVERE ] removing player 2 token from slot 8
[23:18:29.084] [SEVERE ] player 2 placing token on slot 5
[23:18:29.086] [SEVERE ] removing card from slot 4
[23:18:29.086] [SEVERE ] removing player 2 token from slot 5
[23:18:29.088] [SEVERE ] player 2 placing token on slot 8
[23:18:29.088] [SEVERE ] player 1 placing token on slot 8
[23:18:29.094] [SEVERE ] removing player 2 token from slot 8
[23:18:29.096] [SEVERE ] removing player 4 token from slot 6
[23:18:29.097] [SEVERE ] player 2 placing token on slot 5
[23:18:29.098] [SEVERE ] removing player 3 token from slot 10
[23:18:29.098] [SEVERE ] player 4 placing token on slot 6
[23:18:29.105] [SEVERE ] player 3 placing token on slot 10
[23:18:29.107] [SEVERE ] removing player 4 token from slot 7
[23:18:29.107] [SEVERE ] removing player 2 token from slot 7
[23:18:29.109] [SEVERE ] removing player 4 token from slot 8
[23:18:29.109] [SEVERE ] removing player 1 token from slot 8
[23:18:29.109] [SEVERE ] removing player 3 token from slot 10
[23:18:29.109] [SEVERE ] player 2 placing token on slot 7
[23:18:29.110] [SEVERE ] player 1 placing token on slot 9
[23:18:29.111] [SEVERE ] player 3 placing token on slot 11
[23:18:29.112] [SEVERE ] player 4 placing token on slot 8
[23:18:29.113] [SEVERE ] removing player 3 token from slot 11
[23:18:29.113] [SEVERE ] removing player 1 token from slot 5
[23:18:29.114] [SEVERE ] player 3 placing token on slot 7
[23:18:29.114] [SEVERE ] player 1 placing token on slot 6
[23:18:29.114] [SEVERE ] player 4 placing token on slot 5
[23:18:29.116] [SEVERE ] removing player 4 token from slot 8
[23:18:29.117] [SEVERE ] removing player 4 token from slot 5
[23:18:29.118] [SEVERE ] removing player 4 token from slot 6
[23:18:29.119] [SEVERE ] removing player 2 token from slot 7
[23:18:29.121] [SEVERE ] player 4 placing token on slot 6
[23:18:29.121] [SEVERE ] player 2 placing token on slot 7
[23:18:29.123] [SEVERE ] player 4 placing token on slot 7
[23:18:29.123] [SEVERE ] removing player 1 token from slot 6
[23:18:29.124] [SEVERE ] player 4 placing token on slot 9
[23:18:29.124] [SEVERE ] player 1 placing token on slot 5
[23:18:29.124] [SEVERE ] removing player 2 token from slot 10
[23:18:29.125] [SEVERE ] player 2 placing token on slot 10
[23:18:29.126] [SEVERE ] removing player 3 token from slot 9
[23:18:29.127] [SEVERE ] removing player 3 token from slot 7
[23:18:29.127] [SEVERE ] removing player 4 token from slot 7
[23:18:29.128] [SEVERE ] removing player 4 token from slot 9
[23:18:29.128] [SEVERE ] player 3 placing token on slot 7
[23:18:29.131] [SEVERE ] player 4 placing token on slot 10
[23:18:29.132] [SEVERE ] removing player 1 token from slot 9
[23:18:29.132] [SEVERE ] player 4 placing token on slot 7
[23:18:29.132] [SEVERE ] player 3 placing token on slot 8
[23:18:29.133] [SEVERE ] player 1 placing token on slot 6
[23:18:29.133] [SEVERE ] removing player 2 token from slot 7
[23:18:29.134] [SEVERE ] player 2 placing token on slot 6
[23:18:29.134] [SEVERE ] removing player 4 token from slot 6
[23:18:29.136] [SEVERE ] removing player 2 token from slot 5
[23:18:29.138] [SEVERE ] removing player 2 token from slot 6
[23:18:29.138] [SEVERE ] player 4 placing token on slot 5
[23:18:29.139] [SEVERE ] removing player 3 token from slot 7
[23:18:29.140] [SEVERE ] player 2 placing token on slot 7
[23:18:29.142] [SEVERE ] player 3 placing token on slot 5
[23:18:29.142] [SEVERE ] removing player 1 token from slot 5
[23:18:29.142] [SEVERE ] player 2 placing token on slot 5
[23:18:29.142] [SEVERE ] removing player 4 token from slot 7
[23:18:29.143] [SEVERE ] removing player 3 token from slot 5
[23:18:29.144] [SEVERE ] player 3 placing token on slot 10
[23:18:29.145] [SEVERE ] player 1 placing token on slot 9
[23:18:29.146] [SEVERE ] removing player 3 token from slot 8
[23:18:29.146] [SEVERE ] player 4 placing token on slot 6
[23:18:29.147] [SEVERE ] player 3 placing token on slot 8
[23:18:29.149] [SEVERE ] removing player 2 token from slot 10
[23:18:29.150] [SEVERE ] player 2 placing token on slot 10
[23:18:29.150] [SEVERE ] removing player 4 token from slot 6
[23:18:29.151] [SEVERE ] removing player 3 token from slot 10
[23:18:29.153] [SEVERE ] player 4 placing token on slot 7
[23:18:29.153] [SEVERE ] removing player 1 token from slot 9
[23:18:29.154] [SEVERE ] player 1 placing token on slot 7
[23:18:29.154] [SEVERE ] player 3 placing token on slot 6
[23:18:29.154] [SEVERE ] removing player 4 token from slot 10
[23:18:29.155] [SEVERE ] removing player 2 token from slot 5
[23:18:29.155] [SEVERE ] player 4 placing token on slot 11
[23:18:29.157] [SEVERE ] removing player 4 token from slot 5
[23:18:29.159] [SEVERE ] player 4 placing token on slot 9
[23:18:29.159] [SEVERE ] player 2 placing token on slot 5
[23:18:29.160] [SEVERE ] removing player 2 token from slot 10
[23:18:29.161] [SEVERE ] removing player 3 token from slot 8
[23:18:29.163] [SEVERE ] player 3 placing token on slot 10
[23:18:29.163] [SEVERE ] removing player 1 token from slot 7
[23:18:29.164] [SEVERE ] player 2 placing token on slot 8
[23:18:29.165] [SEVERE ] removing player 2 token from slot 5
[23:18:29.165] [SEVERE ] player 1 placing token on slot 9
[23:18:29.165] [SEVERE ] removing player 4 token from slot 7
[23:18:29.166] [SEVERE ] removing player 4 token from slot 9
[23:18:29.166] [SEVERE ] player 2 placing token on slot 5
[23:18:29.166] [SEVERE ] removing player 3 token from slot 6
[23:18:29.168] [SEVERE ] player 4 placing token on slot 6
[23:18:29.168] [SEVERE ] removing player 1 token from slot 6
[23:18:29.169] [SEVERE ] removing player 4 token from slot 11
[23:18:29.169] [SEVERE ] player 3 placing token on slot 9
[23:18:29.170] [SEVERE ] player 4 placing token on slot 7
[23:18:29.170] [SEVERE ] player 1 placing token on slot 6
[23:18:29.171] [SEVERE ] player 4 placing token on slot 10
[23:18:29.171] [SEVERE ] removing player 2 token from slot 8
[23:18:29.171] [SEVERE ] removing player 3 token from slot 9
[23:18:29.173] [SEVERE ] removing player 4 token from slot 7
[23:18:29.173] [SEVERE ] removing player 3 token from slot 10
[23:18:29.175] [SEVERE ] player 2 placing token on slot 6
[23:18:29.175] [SEVERE ] player 3 placing token on slot 11
[23:18:29.176] [SEVERE ] player 3 placing token on slot 9
[23:18:29.178] [SEVERE ] player 4 placing token on slot 9
[23:18:29.180] [SEVERE ] removing player 1 token from slot 9
[23:18:29.183] [SEVERE ] removing player 2 token from slot 5
[23:18:29.183] [SEVERE ] removing player 3 token from slot 11
[23:18:29.184] [SEVERE ] player 1 placing token on slot 11
[23:18:29.185] [SEVERE ] player 3 placing token on slot 7
[23:18:29.186] [SEVERE ] removing player 4 token from slot 9
[23:18:29.186] [SEVERE ] removing card from slot 5
[23:18:29.186] [SEVERE ] removing player 2 token from slot 7
[23:18:29.187] [SEVERE ] player 2 placing token on slot 11
[23:18:29.187] [SEVERE ] removing player 4 token from slot 6
[23:18:29.188] [SEVERE ] player 4 placing token on slot 11
[23:18:29.188] [SEVERE ] removing player 2 token from slot 6
[23:18:29.191] [SEVERE ] player 2 placing token on slot 10
[23:18:29.192] [SEVERE ] removing player 4 token from slot 11
[23:18:29.192] [SEVERE ] removing player 2 token from slot 11
[23:18:29.193] [SEVERE ] removing player 1 token from slot 11
[23:18:29.195] [SEVERE ] player 2 placing token on slot 8
[23:18:29.195] [SEVERE ] player 4 placing token on slot 11
[23:18:29.195] [SEVERE ] player 1 placing token on slot 10
[23:18:29.196] [SEVERE ] player 4 placing token on slot 7
[23:18:29.196] [SEVERE ] removing player 1 token from slot 10
[23:18:29.197] [SEVERE ] removing player 2 token from slot 10
[23:18:29.198] [SEVERE ] player 1 placing token on slot 10
[23:18:29.198] [SEVERE ] player 2 placing token on slot 6
[23:18:29.199] [SEVERE ] removing player 4 token from slot 10
[23:18:29.200] [SEVERE ] player 2 placing token on slot 11
[23:18:29.200] [SEVERE ] removing player 4 token from slot 11
[23:18:29.201] [SEVERE ] removing player 1 token from slot 6
[23:18:29.203] [SEVERE ] removing player 2 token from slot 6
[23:18:29.203] [SEVERE ] player 1 placing token on slot 6
[23:18:29.205] [SEVERE ] player 2 placing token on slot 10
[23:18:29.205] [SEVERE ] player 4 placing token on slot 11
[23:18:29.206] [SEVERE ] player 4 placing token on slot 9
[23:18:29.207] [SEVERE ] removing player 4 token from slot 9
[23:18:29.210] [SEVERE ] removing player 2 token from slot 8
[23:18:29.211] [SEVERE ] player 4 placing token on slot 10
[23:18:29.212] [SEVERE ] player 2 placing token on slot 8
[23:18:29.213] [SEVERE ] removing player 4 token from slot 7
[23:18:29.214] [SEVERE ] removing player 2 token from slot 8
[23:18:29.214] [SEVERE ] removing player 3 token from slot 9
[23:18:29.215] [SEVERE ] removing player 2 token from slot 10
[23:18:29.218] [SEVERE ] removing player 1 token from slot 6
[23:18:29.218] [SEVERE ] player 3 placing token on slot 11
[23:18:29.218] [SEVERE ] player 4 placing token on slot 8
[23:18:29.220] [SEVERE ] player 1 placing token on slot 7
[23:18:29.221] [SEVERE ] player 2 placing token on slot 8
[23:18:29.221] [SEVERE ] removing player 4 token from slot 11
[23:18:29.223] [SEVERE ] removing player 2 token from slot 8
[23:18:29.224] [SEVERE ] removing player 1 token from slot 10
[23:18:29.225] [SEVERE ] player 4 placing token on slot 6
[23:18:29.225] [SEVERE ] player 1 placing token on slot 9
[23:18:29.225] [SEVERE ] player 2 placing token on slot 7
[23:18:29.225] [SEVERE ] removing player 3 token from slot 11
[23:18:29.226] [SEVERE ] player 3 placing token on slot 8
[23:18:29.226] [SEVERE ] removing player 1 token from slot 9
[23:18:29.227] [SEVERE ] removing player 3 token from slot 7
[23:18:29.227] [SEVERE ] player 2 placing token on slot 9
[23:18:29.228] [SEVERE ] removing player 2 token from slot 11
[23:18:29.228] [SEVERE ] player 3 placing token on slot 7
[23:18:29.233] [SEVERE ] player 2 placing token on slot 8
[23:18:29.234] [SEVERE ] player 1 placing token on slot 11
[23:18:29.234] [SEVERE ] removing player 3 token from slot 7
[23:18:29.238] [SEVERE ] removing player 1 token from slot 7
[23:18:29.239] [SEVERE ] removing player 1 token from slot 11
[23:18:29.240] [SEVERE ] player 3 placing token on slot 6
[23:18:29.240] [SEVERE ] removing player 4 token from slot 8
[23:18:29.241] [SEVERE ] removing player 3 token from slot 6
[23:18:29.241] [SEVERE ] removing player 4 token from slot 10
[23:18:29.243] [SEVERE ] removing player 2 token from slot 9
[23:18:29.243] [SEVERE ] player 4 placing token on slot 7
[23:18:29.243] [SEVERE ] player 3 placing token on slot 7
[23:18:29.244] [SEVERE ] player 4 placing token on slot 8
[23:18:29.244] [SEVERE ] player 1 placing token on slot 10
[23:18:29.244] [SEVERE ] player 2 placing token on slot 9
[23:18:29.246] [SEVERE ] removing player 4 token from slot 7
[23:18:29.246] [SEVERE ] removing player 3 token from slot 7
[23:18:29.247] [SEVERE ] removing player 2 token from slot 8
[23:18:29.247] [SEVERE ] player 1 placing token on slot 11
[23:18:29.248] [SEVERE ] player 4 placing token on slot 7
[23:18:29.248] [SEVERE ] removing player 3 token from slot 8
[23:18:29.248] [SEVERE ] player 2 placing token on slot 11
[23:18:29.250] [SEVERE ] removing player 4 token from slot 6
[23:18:29.250] [SEVERE ] removing player 2 token from slot 9
[23:18:29.251] [SEVERE ] removing player 4 token from slot 8
[23:18:29.252] [SEVERE ] player 2 placing token on slot 10
[23:18:29.252] [SEVERE ] player 3 placing token on slot 6
[23:18:29.252] [SEVERE ] removing player 1 token from slot 11
[23:18:29.252] [SEVERE ] player 4 placing token on slot 10
[23:18:29.254] [SEVERE ] player 1 placing token on slot 7
[23:18:29.254] [SEVERE ] removing player 2 token from slot 11
[23:18:29.254] [SEVERE ] player 4 placing token on slot 9
[23:18:29.256] [SEVERE ] player 3 placing token on slot 11
[23:18:29.258] [SEVERE ] player 2 placing token on slot 11
[23:18:29.262] [SEVERE ] removing player 1 token from slot 7
[23:18:29.266] [SEVERE ] removing player 3 token from slot 6
[23:18:29.267] [SEVERE ] player 1 placing token on slot 7
[23:18:29.267] [SEVERE ] player 3 placing token on slot 7
[23:18:29.271] [SEVERE ] removing player 4 token from slot 9
[23:18:29.273] [SEVERE ] removing player 4 token from slot 10
[23:18:29.273] [SEVERE ] removing player 2 token from slot 11
[23:18:29.275] [SEVERE ] removing player 1 token from slot 10
[23:18:29.275] [SEVERE ] player 2 placing token on slot 11
[23:18:29.275] [SEVERE ] player 4 placing token on slot 10
[23:18:29.276] [SEVERE ] player 4 placing token on slot 9
[23:18:29.276] [SEVERE ] removing player 1 token from slot 7
[23:18:29.278] [SEVERE ] removing player 4 token from slot 9
[23:18:29.278] [SEVERE ] player 1 placing token on slot 9
[23:18:29.279] [SEVERE ] player 4 placing token on slot 6
[23:18:29.279] [SEVERE ] removing player 2 token from slot 7
[23:18:29.280] [SEVERE ] removing player 3 token from slot 7
[23:18:29.281] [SEVERE ] player 2 placing token on slot 6
[23:18:29.281] [SEVERE ] removing player 4 token from slot 6
[23:18:29.282] [SEVERE ] player 1 placing token on slot 6
[23:18:29.282] [SEVERE ] removing player 2 token from slot 11
[23:18:29.282] [SEVERE ] player 4 placing token on slot 11
[23:18:29.283] [SEVERE ] removing player 1 token from slot 9
[23:18:29.283] [SEVERE ] player 3 placing token on slot 9
[23:18:29.284] [SEVERE ] player 2 placing token on slot 11
[23:18:29.286] [SEVERE ] removing player 2 token from slot 10
[23:18:29.286] [SEVERE ] player 1 placing token on slot 9
[23:18:29.287] [SEVERE ] removing player 2 token from slot 11
[23:18:29.287] [SEVERE ] removing card from slot 6
[23:18:29.288] [SEVERE ] removing player 3 token from slot 9
[23:18:29.289] [SEVERE ] removing player 4 token from slot 7
[23:18:29.290] [SEVERE ] player 2 placing token on slot 10
[23:18:29.290] [SEVERE ] player 3 placing token on slot 8
[23:18:29.292] [SEVERE ] player 2 placing token on slot 9
[23:18:29.293] [SEVERE ] removing player 4 token from slot 11
[23:18:29.294] [SEVERE ] removing player 3 token from slot 8
[23:18:29.295] [SEVERE ] removing player 1 token from slot 9
[23:18:29.296] [SEVERE ] player 1 placing token on slot 10
[23:18:29.297] [SEVERE ] player 3 placing token on slot 8
[23:18:29.300] [SEVERE ] player 4 placing token on slot 8
[23:18:29.300] [SEVERE ] removing player 2 token from slot 10
[23:18:29.301] [SEVERE ] player 4 placing token on slot 7
[23:18:29.302] [SEVERE ] player 2 placing token on slot 10
[23:18:29.303] [SEVERE ] removing player 3 token from slot 11
[23:18:29.303] [SEVERE ] removing player 4 token from slot 10
[23:18:29.305] [SEVERE ] player 3 placing token on slot 11
[23:18:29.307] [SEVERE ] removing player 4 token from slot 7
[23:18:29.311] [SEVERE ] removing player 2 token from slot 9
[23:18:29.314] [SEVERE ] player 2 placing token on slot 8
[23:18:29.316] [SEVERE ] removing player 3 token from slot 8
[23:18:29.320] [SEVERE ] removing player 2 token from slot 8
[23:18:29.321] [SEVERE ] removing player 2 token from slot 10
[23:18:29.321] [SEVERE ] player 4 placing token on slot 7
[23:18:29.321] [SEVERE ] player 3 placing token on slot 10
[23:18:29.325] [SEVERE ] player 4 placing token on slot 9
[23:18:29.325] [SEVERE ] player 2 placing token on slot 7
[23:18:29.328] [SEVERE ] removing player 2 token from slot 7
[23:18:29.329] [SEVERE ] removing player 3 token from slot 11
[23:18:29.329] [SEVERE ] player 2 placing token on slot 7
[23:18:29.331] [SEVERE ] removing player 4 token from slot 9
[23:18:29.336] [SEVERE ] removing player 4 token from slot 7
[23:18:29.336] [SEVERE ] removing player 3 token from slot 10
[23:18:29.336] [SEVERE ] removing player 1 token from slot 10
[23:18:29.337] [SEVERE ] removing player 2 token from slot 7
[23:18:29.337] [SEVERE ] player 4 placing token on slot 9
[23:18:29.337] [SEVERE ] player 3 placing token on slot 8
[23:18:29.338] [SEVERE ] player 2 placing token on slot 10
[23:18:29.338] [SEVERE ] player 3 placing token on slot 9
[23:18:29.338] [SEVERE ] player 4 placing token on slot 11
[23:18:29.339] [SEVERE ] removing player 4 token from slot 9
[23:18:29.341] [SEVERE ] removing player 2 token from slot 10
[23:18:29.341] [SEVERE ] player 1 placing token on slot 10
[23:18:29.341] [SEVERE ] player 4 placing token on slot 10
[23:18:29.346] [SEVERE ] player 2 placing token on slot 10
[23:18:29.346] [SEVERE ] removing player 4 token from slot 10
[23:18:29.348] [SEVERE ] player 2 placing token on slot 9
[23:18:29.348] [SEVERE ] player 4 placing token on slot 9
[23:18:29.349] [SEVERE ] removing player 2 token from slot 9
[23:18:29.352] [SEVERE ] removing player 3 token from slot 9
[23:18:29.353] [SEVERE ] player 3 placing token on slot 7
[23:18:29.355] [SEVERE ] player 2 placing token on slot 9
[23:18:29.356] [SEVERE ] removing player 2 token from slot 10
[23:18:29.357] [SEVERE ] player 2 placing token on slot 8
[23:18:29.358] [SEVERE ] removing player 4 token from slot 9
[23:18:29.359] [SEVERE ] player 4 placing token on slot 9
[23:18:29.361] [SEVERE ] removing player 4 token from slot 11
[23:18:29.362] [SEVERE ] player 4 placing token on slot 11
[23:18:29.363] [SEVERE ] removing player 3 token from slot 7
[23:18:29.364] [SEVERE ] removing player 2 token from slot 9
[23:18:29.364] [SEVERE ] removing player 4 token from slot 9
[23:18:29.366] [SEVERE ] player 4 placing token on slot 7
[23:18:29.368] [SEVERE ] removing player 4 token from slot 7
[23:18:29.369] [SEVERE ] removing player 4 token from slot 11
[23:18:29.370] [SEVERE ] player 3 placing token on slot 10
[23:18:29.372] [SEVERE ] player 2 placing token on slot 10
[23:18:29.373] [SEVERE ] removing player 3 token from slot 8
[23:18:29.374] [SEVERE ] player 4 placing token on slot 7
[23:18:29.377] [SEVERE ] player 3 placing token on slot 11
[23:18:29.379] [SEVERE ] player 4 placing token on slot 10
[23:18:29.379] [SEVERE ] removing player 3 token from slot 10
[23:18:29.379] [SEVERE ] removing player 2 token from slot 10
[23:18:29.380] [SEVERE ] player 2 placing token on slot 9
[23:18:29.380] [SEVERE ] player 3 placing token on slot 9
[23:18:29.381] [SEVERE ] removing player 2 token from slot 8
[23:18:29.381] [SEVERE ] removing player 4 token from slot 10
[23:18:29.385] [SEVERE ] removing player 4 token from slot 7
[23:18:29.385] [SEVERE ] player 2 placing token on slot 8
[23:18:29.385] [SEVERE ] removing player 3 token from slot 11
[23:18:29.386] [SEVERE ] removing player 2 token from slot 9
[23:18:29.387] [SEVERE ] removing card from slot 7
[23:18:29.387] [SEVERE ] player 4 placing token on slot 11
[23:18:29.389] [SEVERE ] player 3 placing token on slot 11
[23:18:29.394] [SEVERE ] removing player 4 token from slot 11
[23:18:29.397] [SEVERE ] removing player 2 token from slot 8
[23:18:29.399] [SEVERE ] removing player 1 token from slot 10
[23:18:29.400] [SEVERE ] player 2 placing token on slot 10
[23:18:29.400] [SEVERE ] player 4 placing token on slot 10
[23:18:29.401] [SEVERE ] removing player 4 token from slot 10
[23:18:29.402] [SEVERE ] player 1 placing token on slot 9
[23:18:29.402] [SEVERE ] removing player 4 token from slot 8
[23:18:29.402] [SEVERE ] removing player 3 token from slot 9
[23:18:29.403] [SEVERE ] player 2 placing token on slot 11
[23:18:29.403] [SEVERE ] player 3 placing token on slot 9
[23:18:29.405] [SEVERE ] player 4 placing token on slot 9
[23:18:29.408] [SEVERE ] player 4 placing token on slot 10
[23:18:29.409] [SEVERE ] player 4 placing token on slot 8
[23:18:29.411] [SEVERE ] removing player 4 token from slot 10
[23:18:29.412] [SEVERE ] removing player 3 token from slot 11
[23:18:29.413] [SEVERE ] removing player 2 token from slot 10
[23:18:29.413] [SEVERE ] removing player 4 token from slot 8
[23:18:29.415] [SEVERE ] removing player 3 token from slot 9
[23:18:29.416] [SEVERE ] player 4 placing token on slot 8
[23:18:29.418] [SEVERE ] removing player 4 token from slot 8
[23:18:29.418] [SEVERE ] player 3 placing token on slot 11
[23:18:29.419] [SEVERE ] player 4 placing token on slot 11
[23:18:29.419] [SEVERE ] player 3 placing token on slot 10
[23:18:29.419] [SEVERE ] removing player 1 token from slot 9
[23:18:29.420] [SEVERE ] player 2 placing token on slot 8
[23:18:29.420] [SEVERE ] player 1 placing token on slot 11
[23:18:29.421] [SEVERE ] removing player 4 token from slot 9
[23:18:29.424] [SEVERE ] removing player 1 token from slot 11
[23:18:29.425] [SEVERE ] removing player 2 token from slot 11
[23:18:29.426] [SEVERE ] player 2 placing token on slot 9
[23:18:29.426] [SEVERE ] player 4 placing token on slot 9
[23:18:29.427] [SEVERE ] player 1 placing token on slot 11
[23:18:29.428] [SEVERE ] removing player 1 token from slot 11
[23:18:29.432] [SEVERE ] player 4 placing token on slot 8
[23:18:29.433] [SEVERE ] removing player 3 token from slot 10
[23:18:29.436] [SEVERE ] removing player 2 token from slot 8
[23:18:29.438] [SEVERE ] player 1 placing token on slot 9
[23:18:29.438] [SEVERE ] player 2 placing token on slot 8
[23:18:29.440] [SEVERE ] removing player 3 token from slot 11
[23:18:29.444] [SEVERE ] player 3 placing token on slot 8
[23:18:29.448] [SEVERE ] player 3 placing token on slot 11
[23:18:29.449] [SEVERE ] removing player 2 token from slot 9
[23:18:29.450] [SEVERE ] removing player 3 token from slot 11
[23:18:29.451] [SEVERE ] player 3 placing token on slot 10
[23:18:29.454] [SEVERE ] removing player 4 token from slot 8
[23:18:29.455] [SEVERE ] removing player 1 token from slot 9
[23:18:29.456] [SEVERE ] player 1 placing token on slot 10
[23:18:29.456] [SEVERE ] player 4 placing token on slot 8
[23:18:29.457] [SEVERE ] removing player 3 token from slot 10
[23:18:29.458] [SEVERE ] removing player 1 token from slot 10
[23:18:29.459] [SEVERE ] removing player 3 token from slot 8
[23:18:29.459] [SEVERE ] removing player 4 token from slot 11
[23:18:29.461] [SEVERE ] player 4 placing token on slot 11
[23:18:29.461] [SEVERE ] player 3 placing token on slot 8
[23:18:29.462] [SEVERE ] player 3 placing token on slot 9
[23:18:29.463] [SEVERE ] player 1 placing token on slot 11
[23:18:29.464] [SEVERE ] removing player 4 token from slot 8
[23:18:29.465] [SEVERE ] player 2 placing token on slot 10
[23:18:29.466] [SEVERE ] removing player 4 token from slot 11
[23:18:29.469] [SEVERE ] removing player 3 token from slot 8
[23:18:29.470] [SEVERE ] player 4 placing token on slot 8
[23:18:29.470] [SEVERE ] removing player 2 token from slot 8
[23:18:29.471] [SEVERE ] player 3 placing token on slot 11
[23:18:29.473] [SEVERE ] removing player 4 token from slot 9
[23:18:29.476] [SEVERE ] player 4 placing token on slot 10
[23:18:29.478] [SEVERE ] removing player 4 token from slot 10
[23:18:29.479] [SEVERE ] removing player 4 token from slot 8
[23:18:29.479] [SEVERE ] player 2 placing token on slot 8
[23:18:29.479] [SEVERE ] removing player 3 token from slot 11
[23:18:29.481] [SEVERE ] removing player 3 token from slot 9
[23:18:29.481] [SEVERE ] removing player 1 token from slot 11
[23:18:29.482] [SEVERE ] player 1 placing token on slot 9
[23:18:29.483] [SEVERE ] removing player 1 token from slot 9
[23:18:29.485] [SEVERE ] player 4 placing token on slot 11
[23:18:29.486] [SEVERE ] player 3 placing token on slot 9
[23:18:29.487] [SEVERE ] player 1 placing token on slot 10
[23:18:29.488] [SEVERE ] removing card from slot 8
[23:18:29.489] [SEVERE ] removing player 2 token from slot 10
[23:18:29.490] [SEVERE ] player 2 placing token on slot 10
[23:18:29.492] [SEVERE ] removing player 1 token from slot 10
[23:18:29.492] [SEVERE ] player 4 placing token on slot 9
[23:18:29.495] [SEVERE ] player 3 placing token on slot 11
[23:18:29.495] [SEVERE ] player 1 placing token on slot 10
[23:18:29.500] [SEVERE ] removing player 4 token from slot 11
[23:18:29.506] [SEVERE ] player 4 placing token on slot 10
[23:18:29.506] [SEVERE ] removing player 2 token from slot 10
[23:18:29.508] [SEVERE ] removing player 4 token from slot 10
[23:18:29.509] [SEVERE ] removing player 1 token from slot 10
[23:18:29.512] [SEVERE ] removing player 3 token from slot 9
[23:18:29.513] [SEVERE ] player 2 placing token on slot 9
[23:18:29.517] [SEVERE ] player 3 placing token on slot 9
[23:18:29.518] [SEVERE ] player 1 placing token on slot 11
[23:18:29.518] [SEVERE ] player 4 placing token on slot 11
[23:18:29.522] [SEVERE ] removing player 3 token from slot 11
[23:18:29.523] [SEVERE ] player 3 placing token on slot 10
[23:18:29.525] [SEVERE ] removing player 2 token from slot 9
[23:18:29.528] [SEVERE ] player 2 placing token on slot 11
[23:18:29.531] [SEVERE ] removing player 4 token from slot 11
[23:18:29.532] [SEVERE ] removing player 2 token from slot 11
[23:18:29.532] [SEVERE ] removing player 4 token from slot 9
[23:18:29.536] [SEVERE ] removing player 3 token from slot 9
[23:18:29.539] [SEVERE ] player 2 placing token on slot 10
[23:18:29.539] [SEVERE ] removing player 3 token from slot 10
[23:18:29.545] [SEVERE ] player 3 placing token on slot 11
[23:18:29.548] [SEVERE ] removing player 1 token from slot 11
[23:18:29.549] [SEVERE ] player 4 placing token on slot 11
[23:18:29.550] [SEVERE ] player 4 placing token on slot 10
[23:18:29.550] [SEVERE ] player 3 placing token on slot 10
[23:18:29.555] [SEVERE ] removing player 3 token from slot 10
[23:18:29.557] [SEVERE ] player 1 placing token on slot 10
[23:18:29.557] [SEVERE ] player 3 placing token on slot 9
[23:18:29.560] [SEVERE ] removing player 4 token from slot 10
[23:18:29.563] [SEVERE ] removing player 2 token from slot 10
[23:18:29.563] [SEVERE ] player 4 placing token on slot 9
[23:18:29.564] [SEVERE ] removing player 4 token from slot 9
[23:18:29.565] [SEVERE ] removing player 3 token from slot 11
[23:18:29.566] [SEVERE ] player 2 placing token on slot 10
[23:18:29.566] [SEVERE ] removing player 4 token from slot 11
[23:18:29.569] [SEVERE ] player 4 placing token on slot 9
[23:18:29.571] [SEVERE ] removing player 3 token from slot 9
[23:18:29.571] [SEVERE ] player 4 placing token on slot 10
[23:18:29.572] [SEVERE ] player 3 placing token on slot 9
[23:18:29.576] [SEVERE ] player 3 placing token on slot 10
[23:18:29.577] [SEVERE ] removing player 2 token from slot 10
[23:18:29.578] [SEVERE ] player 2 placing token on slot 9
[23:18:29.578] [SEVERE ] removing player 4 token from slot 9
[23:18:29.581] [SEVERE ] player 4 placing token on slot 9
[23:18:29.581] [SEVERE ] removing player 1 token from slot 10
[23:18:29.581] [SEVERE ] removing player 3 token from slot 10
[23:18:29.582] [SEVERE ] removing player 4 token from slot 9
[23:18:29.583] [SEVERE ] removing player 2 token from slot 9
[23:18:29.585] [SEVERE ] player 3 placing token on slot 10
[23:18:29.587] [SEVERE ] removing player 4 token from slot 10
[23:18:29.588] [SEVERE ] removing card from slot 9
[23:18:29.590] [SEVERE ] player 4 placing token on slot 11
[23:18:29.591] [SEVERE ] player 1 placing token on slot 11
[23:18:29.594] [SEVERE ] removing player 1 token from slot 11
[23:18:29.596] [SEVERE ] player 1 placing token on slot 11
[23:18:29.599] [SEVERE ] removing player 1 token from slot 11
[23:18:29.600] [SEVERE ] player 2 placing token on slot 11
[23:18:29.601] [SEVERE ] removing player 4 token from slot 11
[23:18:29.604] [SEVERE ] player 4 placing token on slot 11
[23:18:29.606] [SEVERE ] removing player 2 token from slot 11
[23:18:29.608] [SEVERE ] player 1 placing token on slot 11
[23:18:29.612] [SEVERE ] removing player 3 token from slot 10
[23:18:29.616] [SEVERE ] player 2 placing token on slot 11
[23:18:29.631] [SEVERE ] removing player 1 token from slot 11
[23:18:29.632] [SEVERE ] player 3 placing token on slot 11
[23:18:29.633] [SEVERE ] player 1 placing token on slot 10
[23:18:29.633] [SEVERE ] removing player 4 token from slot 11
[23:18:29.638] [SEVERE ] removing player 3 token from slot 11
[23:18:29.638] [SEVERE ] player 4 placing token on slot 10
[23:18:29.639] [SEVERE ] player 3 placing token on slot 11
[23:18:29.641] [SEVERE ] removing player 2 token from slot 11
[23:18:29.641] [SEVERE ] removing player 3 token from slot 11
[23:18:29.642] [SEVERE ] removing player 1 token from slot 10
[23:18:29.645] [SEVERE ] player 1 placing token on slot 10
[23:18:29.649] [SEVERE ] player 3 placing token on slot 11
[23:18:29.651] [SEVERE ] player 2 placing token on slot 10
[23:18:29.658] [SEVERE ] removing player 3 token from slot 11
[23:18:29.666] [SEVERE ] removing player 2 token from slot 10
[23:18:29.666] [SEVERE ] removing player 4 token from slot 10
[23:18:29.669] [SEVERE ] player 2 placing token on slot 11
[23:18:29.671] [SEVERE ] player 4 placing token on slot 10
[23:18:29.672] [SEVERE ] player 4 placing token on slot 11
[23:18:29.688] [SEVERE ] removing player 4 token from slot 11
[23:18:29.689] [SEVERE ] removing card from slot 10
[23:18:29.690] [SEVERE ] player 4 placing token on slot 11
[23:18:29.690] [SEVERE ] removing player 2 token from slot 11
[23:18:29.691] [SEVERE ] player 2 placing token on slot 11
[23:18:29.696] [SEVERE ] removing player 2 token from slot 11
[23:18:29.698] [SEVERE ] player 3 placing token on slot 11
[23:18:29.701] [SEVERE ] removing player 4 token from slot 11
[23:18:29.707] [SEVERE ] player 4 placing token on slot 11
[23:18:29.717] [SEVERE ] player 2 placing token on slot 11
[23:18:29.725] [SEVERE ] removing player 3 token from slot 11
[23:18:29.733] [SEVERE ] removing player 2 token from slot 11
[23:18:29.740] [SEVERE ] removing player 4 token from slot 11
[23:18:29.748] [SEVERE ] player 3 placing token on slot 11
[23:18:29.755] [SEVERE ] player 4 placing token on slot 11
[23:18:29.756] [SEVERE ] removing player 4 token from slot 11
[23:18:29.771] [SEVERE ] player 2 placing token on slot 11
[23:18:29.773] [SEVERE ] removing player 2 token from slot 11
[23:18:29.785] [SEVERE ] player 2 placing token on slot 11
[23:18:29.789] [SEVERE ] removing card from slot 11
[23:18:29.990] [SEVERE ] placing card 69 in slot 0
[23:18:30.091] [SEVERE ] placing card 3 in slot 1
[23:18:30.192] [SEVERE ] placing card 18 in slot 2
[23:18:30.293] [SEVERE ] placing card 11 in slot 3
[23:18:30.394] [SEVERE ] placing card 79 in slot 4
[23:18:30.494] [SEVERE ] placing card 40 in slot 5
[23:18:30.595] [SEVERE ] placing card 41 in slot 6
[23:18:30.696] [SEVERE ] placing card 44 in slot 7
