[22:27:24.997] [INFO   ] thread main starting.
[22:27:25.005] [SEVERE ] cannot read configuration file config.properties trying from resources.
[22:27:25.005] [SEVERE ] configuration file was loaded from resources directory.
[22:27:25.612] [INFO   ] thread dealer starting.
[22:27:25.613] [INFO   ] thread player 0 starting.
[22:27:25.613] [INFO   ] thread player 1 starting.
[22:27:25.615] [INFO   ] thread player 2 starting.
[22:27:25.615] [INFO   ] thread player 3 starting.
[22:27:25.616] [INFO   ] thread player 2 starting.
[22:27:25.615] [INFO   ] thread player 1 starting.
[22:27:25.615] [INFO   ] thread player 0 starting.
[22:27:25.626] [INFO   ] thread computer-2 starting.
[22:27:25.626] [INFO   ] thread computer-1 starting.
[22:27:25.625] [INFO   ] thread player 3 starting.
[22:27:25.617] [INFO   ] thread dealer starting.
[22:27:25.635] [INFO   ] thread computer-3 starting.
[22:27:25.635] [INFO   ] thread computer-0 starting.
[22:27:25.744] [SEVERE ] placing card 48 in slot 0
[22:27:25.846] [SEVERE ] placing card 44 in slot 1
[22:27:25.946] [SEVERE ] placing card 41 in slot 2
[22:27:26.046] [SEVERE ] placing card 10 in slot 3
[22:27:26.147] [SEVERE ] placing card 47 in slot 4
[22:27:26.249] [SEVERE ] placing card 14 in slot 5
[22:27:26.349] [SEVERE ] placing card 24 in slot 6
[22:27:26.449] [SEVERE ] placing card 19 in slot 7
[22:27:26.549] [SEVERE ] placing card 55 in slot 8
[22:27:26.650] [SEVERE ] placing card 23 in slot 9
[22:27:26.750] [SEVERE ] placing card 45 in slot 10
[22:27:26.850] [SEVERE ] placing card 70 in slot 11
[22:27:26.852] [SEVERE ] player 3 placing token on slot 9
[22:27:26.852] [SEVERE ] player 4 placing token on slot 7
[22:27:26.852] [SEVERE ] player 2 placing token on slot 1
[22:27:26.852] [SEVERE ] player 1 placing token on slot 3
[22:27:26.854] [SEVERE ] removing player 4 token from slot 7
[22:27:26.855] [SEVERE ] player 2 placing token on slot 4
[22:27:26.855] [SEVERE ] player 3 placing token on slot 2
[22:27:26.856] [SEVERE ] player 4 placing token on slot 8
[22:27:26.856] [SEVERE ] player 1 placing token on slot 5
[22:27:26.859] [SEVERE ] player 4 placing token on slot 7
[22:27:26.858] [SEVERE ] player 2 placing token on slot 2
[22:27:26.858] [SEVERE ] player 3 placing token on slot 11
[22:27:26.860] [SEVERE ] player 4 placing token on slot 5
[22:27:26.859] [SEVERE ] removing player 1 token from slot 3
[22:27:26.861] [SEVERE ] player 1 placing token on slot 3
[22:27:26.861] [SEVERE ] player 1 placing token on slot 7
[22:27:27.852] [SEVERE ] updating countdown to 59000
[22:27:27.859] [SEVERE ] setting player 2 freeze to 0
[22:27:27.862] [SEVERE ] removing player 2 token from slot 4
[22:27:27.863] [SEVERE ] player 2 placing token on slot 8
[22:27:28.871] [SEVERE ] updating countdown to 58000
[22:27:28.871] [SEVERE ] setting player 1 freeze to 0
[22:27:28.878] [SEVERE ] removing player 1 token from slot 5
[22:27:28.878] [SEVERE ] player 1 placing token on slot 8
[22:27:28.879] [SEVERE ] setting player 4 freeze to 0
[22:27:28.882] [SEVERE ] removing player 4 token from slot 5
[22:27:28.884] [SEVERE ] removing player 4 token from slot 8
[22:27:28.886] [SEVERE ] player 4 placing token on slot 1
[22:27:28.889] [SEVERE ] player 4 placing token on slot 3
[22:27:29.651] [SEVERE ] exit button pressed
[22:27:29.887] [SEVERE ] updating countdown to 57000
[22:27:29.887] [SEVERE ] removing player 1 token from slot 3
[22:27:29.887] [SEVERE ] removing player 1 token from slot 7
[22:27:29.887] [SEVERE ] removing player 1 token from slot 8
[22:27:29.887] [SEVERE ] setting player 3 freeze to 0
[22:27:29.887] [SEVERE ] removing player 2 token from slot 1
[22:27:29.887] [SEVERE ] removing player 3 token from slot 9
[22:27:29.890] [SEVERE ] removing player 2 token from slot 2
[22:27:29.890] [SEVERE ] player 3 placing token on slot 1
[22:27:29.890] [SEVERE ] removing player 2 token from slot 8
[22:27:29.890] [SEVERE ] setting player 4 freeze to 0
[22:27:29.891] [INFO   ] thread computer-2 terminated.
[22:27:29.891] [SEVERE ] removing player 3 token from slot 2
[22:27:29.891] [SEVERE ] removing player 4 token from slot 1
[22:27:29.891] [SEVERE ] player 1 placing token on slot 11
[22:27:29.892] [SEVERE ] removing player 3 token from slot 11
[22:27:29.892] [SEVERE ] player 1 placing token on slot 10
[22:27:29.892] [SEVERE ] player 2 placing token on slot 11
[22:27:29.892] [SEVERE ] player 4 placing token on slot 1
[22:27:29.893] [SEVERE ] player 2 placing token on slot 9
[22:27:29.893] [INFO   ] thread computer-3 terminated.
[22:27:29.893] [INFO   ] thread computer-0 terminated.
[22:27:29.892] [SEVERE ] player 1 placing token on slot 5
[22:27:29.892] [SEVERE ] removing player 3 token from slot 1
[22:27:29.894] [INFO   ] thread computer-1 terminated.
[22:27:29.893] [SEVERE ] player 2 placing token on slot 10
[22:27:29.894] [SEVERE ] player 3 placing token on slot 5
[22:27:29.894] [SEVERE ] removing player 4 token from slot 7
[22:27:29.895] [SEVERE ] removing player 3 token from slot 5
[22:27:29.895] [SEVERE ] setting player 4 freeze to 0
[22:27:29.895] [SEVERE ] removing player 4 token from slot 3
[22:27:29.895] [SEVERE ] removing player 4 token from slot 1
[22:27:29.896] [SEVERE ] setting player 1 freeze to 0
[22:27:29.896] [SEVERE ] player 4 placing token on slot 10
[22:27:29.896] [SEVERE ] removing card from slot 0
[22:27:29.896] [SEVERE ] player 4 placing token on slot 1
[22:27:29.896] [SEVERE ] setting player 2 freeze to 0
[22:27:30.009] [SEVERE ] removing card from slot 1
[22:27:30.123] [SEVERE ] removing card from slot 2
[22:27:30.227] [SEVERE ] removing card from slot 3
[22:27:30.338] [SEVERE ] removing card from slot 4
[22:27:30.448] [SEVERE ] removing card from slot 5
[22:27:30.558] [SEVERE ] removing card from slot 6
[22:27:30.668] [SEVERE ] removing card from slot 7
[22:27:30.778] [SEVERE ] removing card from slot 8
[22:27:30.888] [SEVERE ] removing card from slot 9
[22:27:30.999] [SEVERE ] removing card from slot 10
[22:27:31.109] [SEVERE ] removing card from slot 11
[22:27:31.219] [SEVERE ] announcing winner(s): player 1, player 2, player 3, player 4
[22:27:31.219] [INFO   ] thread dealer terminated.
[22:27:31.219] [INFO   ] thread dealer terminated.
[22:27:31.219] [SEVERE ] thanks for playing... it was fun!
[22:27:31.219] [INFO   ] thread main terminated.
