[10:47:34.664] [INFO   ] thread main starting.
[10:47:34.676] [SEVERE ] cannot read configuration file config.properties trying from resources.
[10:47:34.679] [SEVERE ] configuration file was loaded from resources directory.
[10:47:35.467] [INFO   ] thread dealer starting.
[10:47:35.467] [INFO   ] thread player 0 starting.
[10:47:35.468] [INFO   ] thread player 1 starting.
[10:47:35.468] [INFO   ] thread player 0 starting.
[10:47:35.468] [INFO   ] thread dealer starting.
[10:47:35.469] [INFO   ] thread player 1 starting.
[10:47:35.589] [SEVERE ] placing card 33 in slot 0
[10:47:35.700] [SEVERE ] placing card 5 in slot 1
[10:47:35.810] [SEVERE ] placing card 19 in slot 2
[10:47:35.918] [SEVERE ] placing card 50 in slot 3
[10:47:36.028] [SEVERE ] placing card 45 in slot 4
[10:47:36.139] [SEVERE ] placing card 1 in slot 5
[10:47:36.248] [SEVERE ] placing card 41 in slot 6
[10:47:36.359] [SEVERE ] placing card 73 in slot 7
[10:47:36.468] [SEVERE ] placing card 11 in slot 8
[10:47:36.578] [SEVERE ] placing card 67 in slot 9
[10:47:36.688] [SEVERE ] placing card 6 in slot 10
[10:47:36.796] [SEVERE ] placing card 2 in slot 11
[10:47:37.812] [SEVERE ] updating countdown to 59000
[10:47:38.558] [SEVERE ] key 81 was pressed by player 1
[10:47:38.558] [SEVERE ] player 1 placing token on slot 0
[10:47:38.801] [SEVERE ] key 87 was pressed by player 1
[10:47:38.802] [SEVERE ] player 1 placing token on slot 1
[10:47:38.822] [SEVERE ] updating countdown to 58000
[10:47:39.790] [SEVERE ] key 83 was pressed by player 1
[10:47:39.790] [SEVERE ] player 1 placing token on slot 5
[10:47:39.838] [SEVERE ] updating countdown to 57000
[10:47:40.854] [SEVERE ] updating countdown to 56000
[10:47:41.867] [SEVERE ] updating countdown to 55000
