[19:01:03.745] [INFO   ] thread main starting.
[19:01:03.758] [SEVERE ] cannot read configuration file config.properties trying from resources.
[19:01:03.758] [SEVERE ] configuration file was loaded from resources directory.
[19:01:04.454] [INFO   ] thread dealer starting.
[19:01:04.454] [INFO   ] thread player 0 starting.
[19:01:04.457] [INFO   ] thread player 1 starting.
[19:01:04.457] [INFO   ] thread player 0 starting.
[19:01:04.457] [INFO   ] thread player 2 starting.
[19:01:04.457] [INFO   ] thread player 1 starting.
[19:01:04.459] [INFO   ] thread player 3 starting.
[19:01:04.461] [INFO   ] thread player 2 starting.
[19:01:04.464] [INFO   ] thread player 3 starting.
[19:01:04.462] [INFO   ] thread dealer starting.
[19:01:04.583] [SEVERE ] placing card 4 in slot 0
[19:01:04.687] [SEVERE ] placing card 24 in slot 1
[19:01:04.797] [SEVERE ] placing card 69 in slot 2
[19:01:04.908] [SEVERE ] placing card 40 in slot 3
[19:01:05.018] [SEVERE ] placing card 26 in slot 4
[19:01:05.130] [SEVERE ] placing card 46 in slot 5
[19:01:05.240] [SEVERE ] placing card 1 in slot 6
[19:01:05.350] [SEVERE ] placing card 38 in slot 7
[19:01:05.462] [SEVERE ] placing card 47 in slot 8
[19:01:05.573] [SEVERE ] placing card 28 in slot 9
[19:01:05.683] [SEVERE ] placing card 29 in slot 10
[19:01:05.793] [SEVERE ] placing card 21 in slot 11
[19:01:06.812] [SEVERE ] updating countdown to 60000
[19:01:07.817] [SEVERE ] updating countdown to 59000
[19:01:08.831] [SEVERE ] updating countdown to 58000
[19:01:09.839] [SEVERE ] updating countdown to 57000
[19:01:10.844] [SEVERE ] updating countdown to 56000
