[21:21:53.589] [INFO   ] thread main starting.
[21:21:53.606] [SEVERE ] cannot read configuration file config.properties trying from resources.
[21:21:53.606] [SEVERE ] configuration file was loaded from resources directory.
[21:21:54.203] [INFO   ] thread dealer starting.
[21:21:54.204] [INFO   ] thread player 0 starting.
[21:21:54.204] [INFO   ] thread player 1 starting.
[21:21:54.204] [INFO   ] thread player 0 starting.
[21:21:54.204] [INFO   ] thread player 2 starting.
[21:21:54.205] [INFO   ] thread player 3 starting.
[21:21:54.206] [INFO   ] thread dealer starting.
[21:21:54.215] [INFO   ] thread player 3 starting.
[21:21:54.215] [INFO   ] thread player 1 starting.
[21:21:54.215] [INFO   ] thread computer-0 starting.
[21:21:54.215] [INFO   ] thread player 2 starting.
[21:21:54.223] [INFO   ] thread computer-1 starting.
[21:21:54.222] [INFO   ] thread computer-3 starting.
[21:21:54.225] [INFO   ] thread computer-2 starting.
[21:21:54.338] [SEVERE ] placing card 5 in slot 0
[21:21:54.455] [SEVERE ] placing card 6 in slot 1
[21:21:54.571] [SEVERE ] placing card 68 in slot 2
[21:21:54.687] [SEVERE ] placing card 38 in slot 3
[21:21:54.788] [SEVERE ] placing card 18 in slot 4
[21:21:54.905] [SEVERE ] placing card 63 in slot 5
[21:21:55.021] [SEVERE ] placing card 31 in slot 6
[21:21:55.134] [SEVERE ] placing card 58 in slot 7
[21:21:55.244] [SEVERE ] placing card 29 in slot 8
[21:21:55.354] [SEVERE ] placing card 10 in slot 9
[21:21:55.464] [SEVERE ] placing card 66 in slot 10
[21:21:55.573] [SEVERE ] placing card 54 in slot 11
[21:21:56.579] [SEVERE ] updating countdown to 60000
[21:21:56.595] [SEVERE ] player 2 placing token on slot 1
[21:21:56.595] [SEVERE ] player 3 placing token on slot 11
[21:21:56.595] [SEVERE ] player 4 placing token on slot 7
[21:21:56.595] [SEVERE ] player 1 placing token on slot 1
[21:21:56.609] [SEVERE ] player 1 placing token on slot 7
[21:21:56.609] [SEVERE ] player 4 placing token on slot 8
[21:21:56.609] [SEVERE ] player 2 placing token on slot 11
[21:21:56.609] [SEVERE ] player 3 placing token on slot 1
[21:21:56.623] [SEVERE ] player 2 placing token on slot 5
[21:21:56.623] [SEVERE ] player 3 placing token on slot 7
[21:21:56.623] [SEVERE ] player 1 placing token on slot 11
[21:21:56.623] [SEVERE ] player 4 placing token on slot 0
[21:21:57.583] [SEVERE ] setting player 2 freeze to 0
[21:21:57.583] [SEVERE ] setting player 4 freeze to 0
[21:21:57.588] [SEVERE ] removing player 4 token from slot 7
[21:21:57.589] [SEVERE ] player 4 placing token on slot 2
[21:21:57.589] [SEVERE ] setting player 1 freeze to 0
[21:21:57.589] [SEVERE ] updating countdown to 59000
[21:21:57.590] [SEVERE ] removing player 1 token from slot 11
[21:21:57.590] [SEVERE ] setting player 3 freeze to 0
[21:21:57.591] [SEVERE ] removing player 3 token from slot 11
[21:21:57.604] [SEVERE ] removing player 2 token from slot 11
[21:21:57.604] [SEVERE ] player 3 placing token on slot 10
[21:21:57.604] [SEVERE ] player 1 placing token on slot 0
[21:21:57.622] [SEVERE ] player 2 placing token on slot 9
[21:21:58.600] [SEVERE ] setting player 4 freeze to 0
[21:21:58.600] [SEVERE ] setting player 2 freeze to 0
[21:21:58.600] [SEVERE ] updating countdown to 58000
[21:21:58.600] [SEVERE ] setting player 1 freeze to 0
[21:21:58.600] [SEVERE ] removing player 1 token from slot 7
[21:21:58.622] [SEVERE ] player 1 placing token on slot 8
[21:21:58.622] [SEVERE ] removing player 4 token from slot 8
[21:21:58.640] [SEVERE ] player 4 placing token on slot 7
[21:21:58.673] [SEVERE ] removing player 2 token from slot 5
[21:21:58.687] [SEVERE ] removing player 2 token from slot 9
[21:21:58.702] [SEVERE ] player 2 placing token on slot 5
[21:21:58.718] [SEVERE ] player 2 placing token on slot 9
[21:21:59.608] [SEVERE ] setting player 3 freeze to 0
[21:21:59.608] [SEVERE ] setting player 2 freeze to 0
[21:21:59.608] [SEVERE ] removing player 2 token from slot 1
[21:21:59.615] [SEVERE ] player 2 placing token on slot 8
[21:21:59.615] [SEVERE ] updating countdown to 57000
[21:21:59.617] [SEVERE ] setting player 4 freeze to 0
[21:21:59.617] [SEVERE ] removing player 4 token from slot 0
[21:21:59.617] [SEVERE ] player 4 placing token on slot 11
[21:21:59.671] [SEVERE ] removing player 3 token from slot 1
[21:21:59.689] [SEVERE ] player 3 placing token on slot 2
