[18:59:56.544] [INFO   ] thread main starting.
[18:59:56.561] [SEVERE ] cannot read configuration file config.properties trying from resources.
[18:59:56.561] [SEVERE ] configuration file was loaded from resources directory.
[18:59:57.415] [INFO   ] thread dealer starting.
[18:59:57.416] [INFO   ] thread player 0 starting.
[18:59:57.417] [INFO   ] thread player 1 starting.
[18:59:57.417] [INFO   ] thread player 0 starting.
[18:59:57.418] [INFO   ] thread player 2 starting.
[18:59:57.418] [INFO   ] thread player 3 starting.
[18:59:57.419] [INFO   ] thread dealer starting.
[18:59:57.419] [INFO   ] thread player 2 starting.
[18:59:57.419] [INFO   ] thread player 3 starting.
[18:59:57.419] [INFO   ] thread player 1 starting.
[18:59:57.545] [SEVERE ] placing card 31 in slot 0
[18:59:57.656] [SEVERE ] placing card 52 in slot 1
[18:59:57.766] [SEVERE ] placing card 46 in slot 2
[18:59:57.876] [SEVERE ] placing card 60 in slot 3
[18:59:57.987] [SEVERE ] placing card 20 in slot 4
[18:59:58.096] [SEVERE ] placing card 21 in slot 5
[18:59:58.207] [SEVERE ] placing card 26 in slot 6
[18:59:58.318] [SEVERE ] placing card 11 in slot 7
[18:59:58.428] [SEVERE ] placing card 67 in slot 8
[18:59:58.538] [SEVERE ] placing card 78 in slot 9
[18:59:58.647] [SEVERE ] placing card 3 in slot 10
[18:59:58.757] [SEVERE ] placing card 56 in slot 11
[18:59:59.783] [SEVERE ] updating countdown to 60000
[19:00:00.796] [SEVERE ] updating countdown to 59000
[19:00:01.799] [SEVERE ] updating countdown to 58000
[19:00:02.800] [SEVERE ] updating countdown to 57000
[19:00:03.815] [SEVERE ] updating countdown to 56000
[19:00:04.830] [SEVERE ] updating countdown to 55000
[19:00:05.835] [SEVERE ] updating countdown to 54000
[19:00:06.847] [SEVERE ] updating countdown to 53000
[19:00:07.868] [SEVERE ] updating countdown to 52000
[19:00:08.878] [SEVERE ] updating countdown to 51000
[19:00:09.881] [SEVERE ] updating countdown to 50000
[19:00:10.891] [SEVERE ] updating countdown to 49000
