[16:25:00.453] [INFO   ] thread main starting.
[16:25:00.453] [SEVERE ] cannot read configuration file config.properties trying from resources.
[16:25:00.453] [SEVERE ] configuration file was loaded from resources directory.
[16:25:01.059] [INFO   ] thread dealer starting.
[16:25:01.074] [INFO   ] thread player 0 starting.
[16:25:01.075] [INFO   ] thread player 1 starting.
[16:25:01.077] [INFO   ] thread dealer starting.
[16:25:01.077] [INFO   ] thread player 1 starting.
[16:25:01.077] [INFO   ] thread player 0 starting.
[16:25:01.199] [SEVERE ] placing card 10 in slot 0
[16:25:01.303] [SEVERE ] placing card 4 in slot 1
[16:25:01.414] [SEVERE ] placing card 59 in slot 2
[16:25:01.524] [SEVERE ] placing card 63 in slot 3
[16:25:01.634] [SEVERE ] placing card 40 in slot 4
[16:25:01.745] [SEVERE ] placing card 79 in slot 5
[16:25:01.854] [SEVERE ] placing card 5 in slot 6
[16:25:01.965] [SEVERE ] placing card 36 in slot 7
[16:25:02.076] [SEVERE ] placing card 30 in slot 8
[16:25:02.186] [SEVERE ] placing card 70 in slot 9
[16:25:02.295] [SEVERE ] placing card 48 in slot 10
[16:25:02.405] [SEVERE ] placing card 38 in slot 11
[16:25:02.423] [SEVERE ] updating countdown to 59000
[16:25:02.431] [SEVERE ] updating countdown to 59000
[16:25:02.443] [SEVERE ] updating countdown to 58000
[16:25:02.443] [SEVERE ] updating countdown to 58000
[16:25:02.448] [SEVERE ] updating countdown to 57000
[16:25:02.448] [SEVERE ] updating countdown to 57000
[16:25:02.452] [SEVERE ] updating countdown to 56000
[16:25:02.455] [SEVERE ] updating countdown to 56000
[16:25:02.459] [SEVERE ] updating countdown to 55000
[16:25:02.459] [SEVERE ] updating countdown to 55000
[16:25:02.463] [SEVERE ] updating countdown to 54000
[16:25:02.463] [SEVERE ] updating countdown to 54000
[16:25:02.466] [SEVERE ] updating countdown to 53000
[16:25:02.467] [SEVERE ] updating countdown to 53000
[16:25:02.468] [SEVERE ] updating countdown to 52000
[16:25:02.468] [SEVERE ] updating countdown to 52000
[16:25:02.471] [SEVERE ] updating countdown to 51000
[16:25:02.474] [SEVERE ] updating countdown to 51000
[16:25:02.477] [SEVERE ] updating countdown to 50000
[16:25:02.477] [SEVERE ] updating countdown to 50000
[16:25:02.479] [SEVERE ] updating countdown to 49000
[16:25:02.480] [SEVERE ] updating countdown to 49000
[16:25:02.480] [SEVERE ] updating countdown to 48000
[16:25:02.480] [SEVERE ] updating countdown to 48000
[16:25:02.485] [SEVERE ] updating countdown to 47000
[16:25:02.485] [SEVERE ] updating countdown to 47000
[16:25:02.488] [SEVERE ] updating countdown to 46000
[16:25:02.488] [SEVERE ] updating countdown to 46000
[16:25:02.490] [SEVERE ] updating countdown to 45000
[16:25:02.490] [SEVERE ] updating countdown to 45000
[16:25:02.494] [SEVERE ] updating countdown to 44000
[16:25:02.495] [SEVERE ] updating countdown to 44000
[16:25:02.495] [SEVERE ] updating countdown to 43000
[16:25:02.495] [SEVERE ] updating countdown to 43000
[16:25:02.500] [SEVERE ] updating countdown to 42000
[16:25:02.500] [SEVERE ] updating countdown to 42000
[16:25:02.502] [SEVERE ] updating countdown to 41000
[16:25:02.502] [SEVERE ] updating countdown to 41000
[16:25:02.505] [SEVERE ] updating countdown to 40000
[16:25:02.505] [SEVERE ] updating countdown to 40000
[16:25:02.505] [SEVERE ] updating countdown to 39000
[16:25:02.505] [SEVERE ] updating countdown to 39000
[16:25:02.510] [SEVERE ] updating countdown to 38000
[16:25:02.510] [SEVERE ] updating countdown to 38000
[16:25:02.510] [SEVERE ] updating countdown to 37000
[16:25:02.510] [SEVERE ] updating countdown to 37000
[16:25:02.510] [SEVERE ] updating countdown to 36000
[16:25:02.510] [SEVERE ] updating countdown to 36000
[16:25:02.516] [SEVERE ] updating countdown to 35000
[16:25:02.516] [SEVERE ] updating countdown to 35000
[16:25:02.518] [SEVERE ] updating countdown to 34000
[16:25:02.518] [SEVERE ] updating countdown to 34000
[16:25:02.522] [SEVERE ] updating countdown to 33000
[16:25:02.522] [SEVERE ] updating countdown to 33000
[16:25:02.526] [SEVERE ] updating countdown to 32000
[16:25:02.526] [SEVERE ] updating countdown to 32000
[16:25:02.526] [SEVERE ] updating countdown to 31000
[16:25:02.526] [SEVERE ] updating countdown to 31000
[16:25:02.530] [SEVERE ] updating countdown to 30000
[16:25:02.530] [SEVERE ] updating countdown to 30000
[16:25:02.530] [SEVERE ] updating countdown to 29000
[16:25:02.530] [SEVERE ] updating countdown to 29000
[16:25:02.535] [SEVERE ] updating countdown to 28000
[16:25:02.535] [SEVERE ] updating countdown to 28000
[16:25:02.538] [SEVERE ] updating countdown to 27000
[16:25:02.538] [SEVERE ] updating countdown to 27000
[16:25:02.543] [SEVERE ] updating countdown to 26000
[16:25:02.543] [SEVERE ] updating countdown to 26000
[16:25:02.546] [SEVERE ] updating countdown to 25000
[16:25:02.547] [SEVERE ] updating countdown to 25000
[16:25:02.547] [SEVERE ] updating countdown to 24000
[16:25:02.547] [SEVERE ] updating countdown to 24000
[16:25:02.552] [SEVERE ] updating countdown to 23000
[16:25:02.552] [SEVERE ] updating countdown to 23000
[16:25:02.555] [SEVERE ] updating countdown to 22000
[16:25:02.555] [SEVERE ] updating countdown to 22000
[16:25:02.555] [SEVERE ] updating countdown to 21000
[16:25:02.558] [SEVERE ] updating countdown to 21000
[16:25:02.560] [SEVERE ] updating countdown to 20000
[16:25:02.560] [SEVERE ] updating countdown to 20000
[16:25:02.562] [SEVERE ] updating countdown to 19000
[16:25:02.562] [SEVERE ] updating countdown to 19000
[16:25:02.562] [SEVERE ] updating countdown to 18000
[16:25:02.562] [SEVERE ] updating countdown to 18000
[16:25:02.568] [SEVERE ] updating countdown to 17000
[16:25:02.568] [SEVERE ] updating countdown to 17000
[16:25:02.568] [SEVERE ] updating countdown to 16000
[16:25:02.572] [SEVERE ] updating countdown to 16000
[16:25:02.574] [SEVERE ] updating countdown to 15000
[16:25:02.574] [SEVERE ] updating countdown to 15000
[16:25:02.574] [SEVERE ] updating countdown to 14000
[16:25:02.574] [SEVERE ] updating countdown to 14000
[16:25:02.574] [SEVERE ] updating countdown to 13000
[16:25:02.574] [SEVERE ] updating countdown to 13000
[16:25:02.579] [SEVERE ] updating countdown to 12000
[16:25:02.579] [SEVERE ] updating countdown to 12000
[16:25:02.579] [SEVERE ] updating countdown to 11000
[16:25:02.579] [SEVERE ] updating countdown to 11000
[16:25:02.583] [SEVERE ] updating countdown to 10000
[16:25:02.583] [SEVERE ] updating countdown to 10000
[16:25:02.585] [SEVERE ] updating countdown to 9000
[16:25:02.585] [SEVERE ] updating countdown to 9000
[16:25:02.587] [SEVERE ] updating countdown to 8000
[16:25:02.587] [SEVERE ] updating countdown to 8000
[16:25:02.587] [SEVERE ] updating countdown to 7000
[16:25:02.589] [SEVERE ] updating countdown to 7000
[16:25:02.589] [SEVERE ] updating countdown to 6000
[16:25:02.589] [SEVERE ] updating countdown to 6000
[16:25:02.589] [SEVERE ] updating countdown to 5000
[16:25:02.589] [SEVERE ] updating countdown to 5000
[16:25:02.589] [SEVERE ] updating countdown to 4000
[16:25:02.594] [SEVERE ] updating countdown to 4000
[16:25:02.594] [SEVERE ] updating countdown to 3000
[16:25:02.594] [SEVERE ] updating countdown to 3000
[16:25:02.594] [SEVERE ] updating countdown to 2000
[16:25:02.594] [SEVERE ] updating countdown to 2000
[16:25:02.594] [SEVERE ] updating countdown to 1000
[16:25:02.594] [SEVERE ] updating countdown to 1000
[16:25:02.594] [SEVERE ] updating countdown to 0
[16:25:02.594] [SEVERE ] updating countdown to 0
[16:25:02.600] [SEVERE ] updating countdown to -1000
[16:25:02.600] [SEVERE ] removing card from slot 0
[16:25:02.701] [SEVERE ] removing card from slot 1
[16:25:02.805] [SEVERE ] removing card from slot 2
[16:25:02.915] [SEVERE ] removing card from slot 3
[16:25:03.025] [SEVERE ] removing card from slot 4
[16:25:03.136] [SEVERE ] removing card from slot 5
[16:25:03.246] [SEVERE ] removing card from slot 6
[16:25:03.356] [SEVERE ] removing card from slot 7
[16:25:03.466] [SEVERE ] removing card from slot 8
[16:25:03.577] [SEVERE ] removing card from slot 9
[16:25:03.687] [SEVERE ] removing card from slot 10
[16:25:03.797] [SEVERE ] removing card from slot 11
[16:25:04.020] [SEVERE ] placing card 5 in slot 0
[16:25:04.129] [SEVERE ] placing card 36 in slot 1
[16:25:04.239] [SEVERE ] placing card 9 in slot 2
[16:25:04.349] [SEVERE ] placing card 61 in slot 3
[16:25:04.459] [SEVERE ] placing card 18 in slot 4
[16:25:04.569] [SEVERE ] placing card 19 in slot 5
[16:25:04.679] [SEVERE ] placing card 67 in slot 6
[16:25:04.790] [SEVERE ] placing card 33 in slot 7
[16:25:04.901] [SEVERE ] placing card 68 in slot 8
[16:25:05.010] [SEVERE ] placing card 24 in slot 9
[16:25:05.120] [SEVERE ] placing card 17 in slot 10
[16:25:05.230] [SEVERE ] placing card 72 in slot 11
[16:25:05.230] [SEVERE ] updating countdown to 60000
[16:25:05.234] [SEVERE ] updating countdown to 59000
[16:25:05.235] [SEVERE ] updating countdown to 59000
[16:25:05.235] [SEVERE ] updating countdown to 58000
[16:25:05.238] [SEVERE ] updating countdown to 58000
[16:25:05.241] [SEVERE ] updating countdown to 57000
[16:25:05.241] [SEVERE ] updating countdown to 57000
[16:25:05.243] [SEVERE ] updating countdown to 56000
[16:25:05.243] [SEVERE ] updating countdown to 56000
[16:25:05.243] [SEVERE ] updating countdown to 55000
[16:25:05.243] [SEVERE ] updating countdown to 55000
[16:25:05.243] [SEVERE ] updating countdown to 54000
[16:25:05.243] [SEVERE ] updating countdown to 54000
[16:25:05.243] [SEVERE ] updating countdown to 53000
[16:25:05.243] [SEVERE ] updating countdown to 53000
[16:25:05.251] [SEVERE ] updating countdown to 52000
[16:25:05.251] [SEVERE ] updating countdown to 52000
[16:25:05.251] [SEVERE ] updating countdown to 51000
[16:25:05.251] [SEVERE ] updating countdown to 51000
[16:25:05.257] [SEVERE ] updating countdown to 50000
[16:25:05.257] [SEVERE ] updating countdown to 50000
[16:25:05.262] [SEVERE ] updating countdown to 49000
[16:25:05.262] [SEVERE ] updating countdown to 49000
[16:25:05.262] [SEVERE ] updating countdown to 48000
[16:25:05.266] [SEVERE ] updating countdown to 48000
[16:25:05.268] [SEVERE ] updating countdown to 47000
[16:25:05.269] [SEVERE ] updating countdown to 47000
[16:25:05.272] [SEVERE ] updating countdown to 46000
[16:25:05.273] [SEVERE ] updating countdown to 46000
[16:25:05.274] [SEVERE ] updating countdown to 45000
[16:25:05.274] [SEVERE ] updating countdown to 45000
[16:25:05.277] [SEVERE ] updating countdown to 44000
[16:25:05.277] [SEVERE ] updating countdown to 44000
[16:25:05.277] [SEVERE ] updating countdown to 43000
[16:25:05.277] [SEVERE ] updating countdown to 43000
[16:25:05.277] [SEVERE ] updating countdown to 42000
[16:25:05.277] [SEVERE ] updating countdown to 42000
[16:25:05.283] [SEVERE ] updating countdown to 41000
[16:25:05.284] [SEVERE ] updating countdown to 41000
[16:25:05.284] [SEVERE ] updating countdown to 40000
[16:25:05.284] [SEVERE ] updating countdown to 40000
[16:25:05.284] [SEVERE ] updating countdown to 39000
[16:25:05.284] [SEVERE ] updating countdown to 39000
[16:25:05.289] [SEVERE ] updating countdown to 38000
[16:25:05.289] [SEVERE ] updating countdown to 38000
[16:25:05.289] [SEVERE ] updating countdown to 37000
[16:25:05.289] [SEVERE ] updating countdown to 37000
[16:25:05.289] [SEVERE ] updating countdown to 36000
[16:25:05.289] [SEVERE ] updating countdown to 36000
[16:25:05.294] [SEVERE ] updating countdown to 35000
[16:25:05.294] [SEVERE ] updating countdown to 35000
[16:25:05.295] [SEVERE ] updating countdown to 34000
[16:25:05.295] [SEVERE ] updating countdown to 34000
[16:25:05.295] [SEVERE ] updating countdown to 33000
[16:25:05.298] [SEVERE ] updating countdown to 33000
[16:25:05.298] [SEVERE ] updating countdown to 32000
[16:25:05.298] [SEVERE ] updating countdown to 32000
[16:25:05.301] [SEVERE ] updating countdown to 31000
[16:25:05.301] [SEVERE ] updating countdown to 31000
[16:25:05.301] [SEVERE ] updating countdown to 30000
[16:25:05.304] [SEVERE ] updating countdown to 30000
[16:25:05.305] [SEVERE ] updating countdown to 29000
[16:25:05.305] [SEVERE ] updating countdown to 29000
[16:25:05.305] [SEVERE ] updating countdown to 28000
[16:25:05.308] [SEVERE ] updating countdown to 28000
[16:25:05.309] [SEVERE ] updating countdown to 27000
[16:25:05.309] [SEVERE ] updating countdown to 27000
[16:25:05.309] [SEVERE ] updating countdown to 26000
[16:25:05.309] [SEVERE ] updating countdown to 26000
[16:25:05.309] [SEVERE ] updating countdown to 25000
[16:25:05.309] [SEVERE ] updating countdown to 25000
[16:25:05.309] [SEVERE ] updating countdown to 24000
[16:25:05.309] [SEVERE ] updating countdown to 24000
[16:25:05.314] [SEVERE ] updating countdown to 23000
[16:25:05.314] [SEVERE ] updating countdown to 23000
[16:25:05.314] [SEVERE ] updating countdown to 22000
[16:25:05.314] [SEVERE ] updating countdown to 22000
[16:25:05.314] [SEVERE ] updating countdown to 21000
[16:25:05.314] [SEVERE ] updating countdown to 21000
[16:25:05.314] [SEVERE ] updating countdown to 20000
[16:25:05.314] [SEVERE ] updating countdown to 20000
[16:25:05.320] [SEVERE ] updating countdown to 19000
[16:25:05.320] [SEVERE ] updating countdown to 19000
[16:25:05.320] [SEVERE ] updating countdown to 18000
[16:25:05.320] [SEVERE ] updating countdown to 18000
[16:25:05.320] [SEVERE ] updating countdown to 17000
[16:25:05.326] [SEVERE ] updating countdown to 17000
[16:25:05.326] [SEVERE ] updating countdown to 16000
[16:25:05.326] [SEVERE ] updating countdown to 16000
[16:25:05.326] [SEVERE ] updating countdown to 15000
[16:25:05.326] [SEVERE ] updating countdown to 15000
[16:25:05.330] [SEVERE ] updating countdown to 14000
[16:25:05.330] [SEVERE ] updating countdown to 14000
[16:25:05.330] [SEVERE ] updating countdown to 13000
[16:25:05.330] [SEVERE ] updating countdown to 13000
[16:25:05.330] [SEVERE ] updating countdown to 12000
[16:25:05.330] [SEVERE ] updating countdown to 12000
[16:25:05.335] [SEVERE ] updating countdown to 11000
[16:25:05.335] [SEVERE ] updating countdown to 11000
[16:25:05.339] [SEVERE ] updating countdown to 10000
[16:25:05.340] [SEVERE ] updating countdown to 10000
[16:25:05.341] [SEVERE ] updating countdown to 9000
[16:25:05.342] [SEVERE ] updating countdown to 9000
[16:25:05.342] [SEVERE ] updating countdown to 8000
[16:25:05.342] [SEVERE ] updating countdown to 8000
[16:25:05.342] [SEVERE ] updating countdown to 7000
[16:25:05.342] [SEVERE ] updating countdown to 7000
[16:25:05.342] [SEVERE ] updating countdown to 6000
[16:25:05.348] [SEVERE ] updating countdown to 6000
[16:25:05.348] [SEVERE ] updating countdown to 5000
[16:25:05.348] [SEVERE ] updating countdown to 5000
[16:25:05.348] [SEVERE ] updating countdown to 4000
[16:25:05.348] [SEVERE ] updating countdown to 4000
[16:25:05.352] [SEVERE ] updating countdown to 3000
[16:25:05.352] [SEVERE ] updating countdown to 3000
[16:25:05.355] [SEVERE ] updating countdown to 2000
[16:25:05.355] [SEVERE ] updating countdown to 2000
[16:25:05.355] [SEVERE ] updating countdown to 1000
[16:25:05.355] [SEVERE ] updating countdown to 1000
[16:25:05.359] [SEVERE ] updating countdown to 0
[16:25:05.359] [SEVERE ] updating countdown to 0
[16:25:05.359] [SEVERE ] updating countdown to -1000
[16:25:05.359] [SEVERE ] removing card from slot 0
[16:25:05.468] [SEVERE ] removing card from slot 1
[16:25:05.578] [SEVERE ] removing card from slot 2
[16:25:05.689] [SEVERE ] removing card from slot 3
[16:25:05.800] [SEVERE ] removing card from slot 4
[16:25:05.910] [SEVERE ] removing card from slot 5
[16:25:06.019] [SEVERE ] removing card from slot 6
[16:25:06.131] [SEVERE ] removing card from slot 7
[16:25:06.242] [SEVERE ] removing card from slot 8
[16:25:06.352] [SEVERE ] removing card from slot 9
[16:25:06.462] [SEVERE ] removing card from slot 10
[16:25:06.572] [SEVERE ] removing card from slot 11
[16:25:06.793] [SEVERE ] placing card 72 in slot 0
[16:25:06.903] [SEVERE ] placing card 35 in slot 1
[16:25:07.013] [SEVERE ] placing card 33 in slot 2
[16:25:07.123] [SEVERE ] placing card 61 in slot 3
[16:25:07.233] [SEVERE ] placing card 75 in slot 4
[16:25:07.343] [SEVERE ] placing card 26 in slot 5
[16:25:07.455] [SEVERE ] placing card 36 in slot 6
[16:25:07.564] [SEVERE ] placing card 23 in slot 7
[16:25:07.674] [SEVERE ] placing card 29 in slot 8
[16:25:07.784] [SEVERE ] placing card 64 in slot 9
[16:25:07.895] [SEVERE ] placing card 50 in slot 10
[16:25:08.006] [SEVERE ] placing card 9 in slot 11
[16:25:08.006] [SEVERE ] updating countdown to 60000
[16:25:08.006] [SEVERE ] updating countdown to 59000
[16:25:08.006] [SEVERE ] updating countdown to 59000
[16:25:08.006] [SEVERE ] updating countdown to 58000
[16:25:08.006] [SEVERE ] updating countdown to 58000
[16:25:08.006] [SEVERE ] updating countdown to 57000
[16:25:08.006] [SEVERE ] updating countdown to 57000
[16:25:08.006] [SEVERE ] updating countdown to 56000
[16:25:08.006] [SEVERE ] updating countdown to 56000
[16:25:08.006] [SEVERE ] updating countdown to 55000
[16:25:08.006] [SEVERE ] updating countdown to 55000
[16:25:08.024] [SEVERE ] updating countdown to 54000
[16:25:08.025] [SEVERE ] updating countdown to 54000
[16:25:08.028] [SEVERE ] updating countdown to 53000
[16:25:08.028] [SEVERE ] updating countdown to 53000
[16:25:08.031] [SEVERE ] updating countdown to 52000
[16:25:08.032] [SEVERE ] updating countdown to 52000
[16:25:08.035] [SEVERE ] updating countdown to 51000
[16:25:08.037] [SEVERE ] updating countdown to 51000
[16:25:08.040] [SEVERE ] updating countdown to 50000
[16:25:08.041] [SEVERE ] updating countdown to 50000
[16:25:08.042] [SEVERE ] updating countdown to 49000
[16:25:08.042] [SEVERE ] updating countdown to 49000
[16:25:08.046] [SEVERE ] updating countdown to 48000
[16:25:08.049] [SEVERE ] updating countdown to 48000
[16:25:08.049] [SEVERE ] updating countdown to 47000
[16:25:08.052] [SEVERE ] updating countdown to 47000
[16:25:08.055] [SEVERE ] updating countdown to 46000
[16:25:08.056] [SEVERE ] updating countdown to 46000
[16:25:08.056] [SEVERE ] updating countdown to 45000
[16:25:08.056] [SEVERE ] updating countdown to 45000
[16:25:08.060] [SEVERE ] updating countdown to 44000
[16:25:08.060] [SEVERE ] updating countdown to 44000
[16:25:08.060] [SEVERE ] updating countdown to 43000
[16:25:08.060] [SEVERE ] updating countdown to 43000
[16:25:08.060] [SEVERE ] updating countdown to 42000
[16:25:08.060] [SEVERE ] updating countdown to 42000
[16:25:08.066] [SEVERE ] updating countdown to 41000
[16:25:08.066] [SEVERE ] updating countdown to 41000
[16:25:08.068] [SEVERE ] updating countdown to 40000
[16:25:08.068] [SEVERE ] updating countdown to 40000
[16:25:08.072] [SEVERE ] updating countdown to 39000
[16:25:08.073] [SEVERE ] updating countdown to 39000
[16:25:08.074] [SEVERE ] updating countdown to 38000
[16:25:08.074] [SEVERE ] updating countdown to 38000
[16:25:08.076] [SEVERE ] updating countdown to 37000
[16:25:08.076] [SEVERE ] updating countdown to 37000
[16:25:08.076] [SEVERE ] updating countdown to 36000
[16:25:08.076] [SEVERE ] updating countdown to 36000
[16:25:08.076] [SEVERE ] updating countdown to 35000
[16:25:08.076] [SEVERE ] updating countdown to 35000
[16:25:08.083] [SEVERE ] updating countdown to 34000
[16:25:08.083] [SEVERE ] updating countdown to 34000
[16:25:08.083] [SEVERE ] updating countdown to 33000
[16:25:08.083] [SEVERE ] updating countdown to 33000
[16:25:08.087] [SEVERE ] updating countdown to 32000
[16:25:08.087] [SEVERE ] updating countdown to 32000
[16:25:08.087] [SEVERE ] updating countdown to 31000
[16:25:08.087] [SEVERE ] updating countdown to 31000
[16:25:08.093] [SEVERE ] updating countdown to 30000
[16:25:08.093] [SEVERE ] updating countdown to 30000
[16:25:08.093] [SEVERE ] updating countdown to 29000
[16:25:08.093] [SEVERE ] updating countdown to 29000
[16:25:08.098] [SEVERE ] updating countdown to 28000
[16:25:08.098] [SEVERE ] updating countdown to 28000
[16:25:08.098] [SEVERE ] updating countdown to 27000
[16:25:08.101] [SEVERE ] updating countdown to 27000
[16:25:08.101] [SEVERE ] updating countdown to 26000
[16:25:08.101] [SEVERE ] updating countdown to 26000
[16:25:08.101] [SEVERE ] updating countdown to 25000
[16:25:08.105] [SEVERE ] updating countdown to 25000
[16:25:08.107] [SEVERE ] updating countdown to 24000
[16:25:08.107] [SEVERE ] updating countdown to 24000
[16:25:08.109] [SEVERE ] updating countdown to 23000
[16:25:08.109] [SEVERE ] updating countdown to 23000
[16:25:08.109] [SEVERE ] updating countdown to 22000
[16:25:08.109] [SEVERE ] updating countdown to 22000
[16:25:08.113] [SEVERE ] updating countdown to 21000
[16:25:08.113] [SEVERE ] updating countdown to 21000
[16:25:08.113] [SEVERE ] updating countdown to 20000
[16:25:08.113] [SEVERE ] updating countdown to 20000
[16:25:08.118] [SEVERE ] updating countdown to 19000
[16:25:08.118] [SEVERE ] updating countdown to 19000
[16:25:08.118] [SEVERE ] updating countdown to 18000
[16:25:08.118] [SEVERE ] updating countdown to 18000
[16:25:08.121] [SEVERE ] updating countdown to 17000
[16:25:08.121] [SEVERE ] updating countdown to 17000
[16:25:08.124] [SEVERE ] updating countdown to 16000
[16:25:08.124] [SEVERE ] updating countdown to 16000
[16:25:08.124] [SEVERE ] updating countdown to 15000
[16:25:08.124] [SEVERE ] updating countdown to 15000
[16:25:08.124] [SEVERE ] updating countdown to 14000
[16:25:08.124] [SEVERE ] updating countdown to 14000
[16:25:08.130] [SEVERE ] updating countdown to 13000
[16:25:08.130] [SEVERE ] updating countdown to 13000
[16:25:08.130] [SEVERE ] updating countdown to 12000
[16:25:08.130] [SEVERE ] updating countdown to 12000
[16:25:08.130] [SEVERE ] updating countdown to 11000
[16:25:08.134] [SEVERE ] updating countdown to 11000
[16:25:08.134] [SEVERE ] updating countdown to 10000
[16:25:08.134] [SEVERE ] updating countdown to 10000
[16:25:08.138] [SEVERE ] updating countdown to 9000
[16:25:08.138] [SEVERE ] updating countdown to 9000
[16:25:08.138] [SEVERE ] updating countdown to 8000
[16:25:08.138] [SEVERE ] updating countdown to 8000
[16:25:08.138] [SEVERE ] updating countdown to 7000
[16:25:08.138] [SEVERE ] updating countdown to 7000
[16:25:08.138] [SEVERE ] updating countdown to 6000
[16:25:08.138] [SEVERE ] updating countdown to 6000
[16:25:08.147] [SEVERE ] updating countdown to 5000
[16:25:08.147] [SEVERE ] updating countdown to 5000
[16:25:08.147] [SEVERE ] updating countdown to 4000
[16:25:08.147] [SEVERE ] updating countdown to 4000
[16:25:08.147] [SEVERE ] updating countdown to 3000
[16:25:08.147] [SEVERE ] updating countdown to 3000
[16:25:08.153] [SEVERE ] updating countdown to 2000
[16:25:08.153] [SEVERE ] updating countdown to 2000
[16:25:08.154] [SEVERE ] updating countdown to 1000
[16:25:08.154] [SEVERE ] updating countdown to 1000
[16:25:08.154] [SEVERE ] updating countdown to 0
[16:25:08.154] [SEVERE ] updating countdown to 0
[16:25:08.154] [SEVERE ] updating countdown to -1000
[16:25:08.154] [SEVERE ] removing card from slot 0
[16:25:08.269] [SEVERE ] removing card from slot 1
[16:25:08.378] [SEVERE ] removing card from slot 2
[16:25:08.489] [SEVERE ] removing card from slot 3
[16:25:08.599] [SEVERE ] removing card from slot 4
[16:25:08.709] [SEVERE ] removing card from slot 5
[16:25:08.819] [SEVERE ] removing card from slot 6
[16:25:08.930] [SEVERE ] removing card from slot 7
[16:25:09.039] [SEVERE ] removing card from slot 8
[16:25:09.150] [SEVERE ] removing card from slot 9
[16:25:09.260] [SEVERE ] removing card from slot 10
[16:25:09.371] [SEVERE ] removing card from slot 11
[16:25:09.592] [SEVERE ] placing card 36 in slot 0
[16:25:09.702] [SEVERE ] placing card 58 in slot 1
[16:25:09.812] [SEVERE ] placing card 62 in slot 2
[16:25:09.922] [SEVERE ] placing card 26 in slot 3
[16:25:10.032] [SEVERE ] placing card 34 in slot 4
[16:25:10.142] [SEVERE ] placing card 27 in slot 5
[16:25:10.254] [SEVERE ] placing card 54 in slot 6
[16:25:10.363] [SEVERE ] placing card 76 in slot 7
[16:25:10.473] [SEVERE ] placing card 59 in slot 8
[16:25:10.584] [SEVERE ] placing card 25 in slot 9
[16:25:10.694] [SEVERE ] placing card 67 in slot 10
[16:25:10.804] [SEVERE ] placing card 20 in slot 11
[16:25:10.804] [SEVERE ] updating countdown to 60000
[16:25:10.804] [SEVERE ] updating countdown to 59000
[16:25:10.804] [SEVERE ] updating countdown to 59000
[16:25:10.804] [SEVERE ] updating countdown to 58000
[16:25:10.804] [SEVERE ] updating countdown to 58000
[16:25:10.804] [SEVERE ] updating countdown to 57000
[16:25:10.804] [SEVERE ] updating countdown to 57000
[16:25:10.817] [SEVERE ] updating countdown to 56000
[16:25:10.817] [SEVERE ] updating countdown to 56000
[16:25:10.820] [SEVERE ] updating countdown to 55000
[16:25:10.821] [SEVERE ] updating countdown to 55000
[16:25:10.823] [SEVERE ] updating countdown to 54000
[16:25:10.823] [SEVERE ] updating countdown to 54000
[16:25:10.826] [SEVERE ] updating countdown to 53000
[16:25:10.826] [SEVERE ] updating countdown to 53000
[16:25:10.831] [SEVERE ] updating countdown to 52000
[16:25:10.831] [SEVERE ] updating countdown to 52000
[16:25:10.835] [SEVERE ] updating countdown to 51000
[16:25:10.835] [SEVERE ] updating countdown to 51000
[16:25:10.839] [SEVERE ] updating countdown to 50000
[16:25:10.839] [SEVERE ] updating countdown to 50000
[16:25:10.844] [SEVERE ] updating countdown to 49000
[16:25:10.844] [SEVERE ] updating countdown to 49000
[16:25:10.848] [SEVERE ] updating countdown to 48000
[16:25:10.848] [SEVERE ] updating countdown to 48000
[16:25:10.852] [SEVERE ] updating countdown to 47000
[16:25:10.852] [SEVERE ] updating countdown to 47000
[16:25:10.856] [SEVERE ] updating countdown to 46000
[16:25:10.858] [SEVERE ] updating countdown to 46000
[16:25:10.860] [SEVERE ] updating countdown to 45000
[16:25:10.860] [SEVERE ] updating countdown to 45000
[16:25:10.864] [SEVERE ] updating countdown to 44000
[16:25:10.864] [SEVERE ] updating countdown to 44000
[16:25:10.868] [SEVERE ] updating countdown to 43000
[16:25:10.868] [SEVERE ] updating countdown to 43000
[16:25:10.872] [SEVERE ] updating countdown to 42000
[16:25:10.872] [SEVERE ] updating countdown to 42000
[16:25:10.875] [SEVERE ] updating countdown to 41000
[16:25:10.875] [SEVERE ] updating countdown to 41000
[16:25:10.880] [SEVERE ] updating countdown to 40000
[16:25:10.880] [SEVERE ] updating countdown to 40000
[16:25:10.880] [SEVERE ] updating countdown to 39000
[16:25:10.884] [SEVERE ] updating countdown to 39000
[16:25:10.884] [SEVERE ] updating countdown to 38000
[16:25:10.884] [SEVERE ] updating countdown to 38000
[16:25:10.890] [SEVERE ] updating countdown to 37000
[16:25:10.891] [SEVERE ] updating countdown to 37000
[16:25:10.893] [SEVERE ] updating countdown to 36000
[16:25:10.893] [SEVERE ] updating countdown to 36000
[16:25:10.896] [SEVERE ] updating countdown to 35000
[16:25:10.896] [SEVERE ] updating countdown to 35000
[16:25:10.901] [SEVERE ] updating countdown to 34000
[16:25:10.901] [SEVERE ] updating countdown to 34000
[16:25:10.904] [SEVERE ] updating countdown to 33000
[16:25:10.905] [SEVERE ] updating countdown to 33000
[16:25:10.905] [SEVERE ] updating countdown to 32000
[16:25:10.905] [SEVERE ] updating countdown to 32000
[16:25:10.909] [SEVERE ] updating countdown to 31000
[16:25:10.909] [SEVERE ] updating countdown to 31000
[16:25:10.913] [SEVERE ] updating countdown to 30000
[16:25:10.913] [SEVERE ] updating countdown to 30000
[16:25:10.913] [SEVERE ] updating countdown to 29000
[16:25:10.913] [SEVERE ] updating countdown to 29000
[16:25:10.917] [SEVERE ] updating countdown to 28000
[16:25:10.917] [SEVERE ] updating countdown to 28000
[16:25:10.921] [SEVERE ] updating countdown to 27000
[16:25:10.922] [SEVERE ] updating countdown to 27000
[16:25:10.925] [SEVERE ] updating countdown to 26000
[16:25:10.925] [SEVERE ] updating countdown to 26000
[16:25:10.925] [SEVERE ] updating countdown to 25000
[16:25:10.925] [SEVERE ] updating countdown to 25000
[16:25:10.929] [SEVERE ] updating countdown to 24000
[16:25:10.929] [SEVERE ] updating countdown to 24000
[16:25:10.929] [SEVERE ] updating countdown to 23000
[16:25:10.934] [SEVERE ] updating countdown to 23000
[16:25:10.934] [SEVERE ] updating countdown to 22000
[16:25:10.934] [SEVERE ] updating countdown to 22000
[16:25:10.940] [SEVERE ] updating countdown to 21000
[16:25:10.941] [SEVERE ] updating countdown to 21000
[16:25:10.942] [SEVERE ] updating countdown to 20000
[16:25:10.942] [SEVERE ] updating countdown to 20000
[16:25:10.947] [SEVERE ] updating countdown to 19000
[16:25:10.947] [SEVERE ] updating countdown to 19000
[16:25:10.947] [SEVERE ] updating countdown to 18000
[16:25:10.947] [SEVERE ] updating countdown to 18000
[16:25:10.951] [SEVERE ] updating countdown to 17000
[16:25:10.951] [SEVERE ] updating countdown to 17000
[16:25:10.956] [SEVERE ] updating countdown to 16000
[16:25:10.957] [SEVERE ] updating countdown to 16000
[16:25:10.959] [SEVERE ] updating countdown to 15000
[16:25:10.959] [SEVERE ] updating countdown to 15000
[16:25:10.966] [SEVERE ] updating countdown to 14000
[16:25:10.967] [SEVERE ] updating countdown to 14000
[16:25:10.967] [SEVERE ] updating countdown to 13000
[16:25:10.967] [SEVERE ] updating countdown to 13000
[16:25:10.974] [SEVERE ] updating countdown to 12000
[16:25:10.974] [SEVERE ] updating countdown to 12000
[16:25:10.976] [SEVERE ] updating countdown to 11000
[16:25:10.977] [SEVERE ] updating countdown to 11000
[16:25:10.977] [SEVERE ] updating countdown to 10000
[16:25:10.977] [SEVERE ] updating countdown to 10000
[16:25:10.977] [SEVERE ] updating countdown to 9000
[16:25:10.983] [SEVERE ] updating countdown to 9000
[16:25:10.984] [SEVERE ] updating countdown to 8000
[16:25:10.984] [SEVERE ] updating countdown to 8000
[16:25:10.989] [SEVERE ] updating countdown to 7000
[16:25:10.990] [SEVERE ] updating countdown to 7000
[16:25:10.992] [SEVERE ] updating countdown to 6000
[16:25:10.992] [SEVERE ] updating countdown to 6000
[16:25:10.994] [SEVERE ] updating countdown to 5000
[16:25:10.994] [SEVERE ] updating countdown to 5000
[16:25:10.994] [SEVERE ] updating countdown to 4000
[16:25:10.994] [SEVERE ] updating countdown to 4000
[16:25:11.000] [SEVERE ] updating countdown to 3000
[16:25:11.000] [SEVERE ] updating countdown to 3000
[16:25:11.000] [SEVERE ] updating countdown to 2000
[16:25:11.000] [SEVERE ] updating countdown to 2000
[16:25:11.005] [SEVERE ] updating countdown to 1000
[16:25:11.007] [SEVERE ] updating countdown to 1000
[16:25:11.009] [SEVERE ] updating countdown to 0
[16:25:11.009] [SEVERE ] updating countdown to 0
[16:25:11.011] [SEVERE ] updating countdown to -1000
[16:25:11.011] [SEVERE ] removing card from slot 0
[16:25:11.123] [SEVERE ] removing card from slot 1
[16:25:11.234] [SEVERE ] removing card from slot 2
[16:25:11.345] [SEVERE ] removing card from slot 3
[16:25:11.456] [SEVERE ] removing card from slot 4
[16:25:11.566] [SEVERE ] removing card from slot 5
[16:25:11.676] [SEVERE ] removing card from slot 6
[16:25:11.787] [SEVERE ] removing card from slot 7
[16:25:11.898] [SEVERE ] removing card from slot 8
[16:25:12.009] [SEVERE ] removing card from slot 9
[16:25:12.118] [SEVERE ] removing card from slot 10
[16:25:12.229] [SEVERE ] removing card from slot 11
[16:25:12.449] [SEVERE ] placing card 12 in slot 0
[16:25:12.558] [SEVERE ] placing card 15 in slot 1
[16:25:12.669] [SEVERE ] placing card 27 in slot 2
[16:25:12.779] [SEVERE ] placing card 76 in slot 3
[16:25:12.889] [SEVERE ] placing card 25 in slot 4
[16:25:12.999] [SEVERE ] placing card 34 in slot 5
[16:25:13.109] [SEVERE ] placing card 79 in slot 6
[16:25:13.219] [SEVERE ] placing card 8 in slot 7
[16:25:13.329] [SEVERE ] placing card 77 in slot 8
[16:25:13.441] [SEVERE ] placing card 60 in slot 9
[16:25:13.551] [SEVERE ] placing card 75 in slot 10
[16:25:13.662] [SEVERE ] placing card 67 in slot 11
[16:25:13.662] [SEVERE ] updating countdown to 60000
[16:25:13.662] [SEVERE ] updating countdown to 59000
[16:25:13.662] [SEVERE ] updating countdown to 59000
[16:25:13.662] [SEVERE ] updating countdown to 58000
[16:25:13.667] [SEVERE ] updating countdown to 58000
[16:25:13.667] [SEVERE ] updating countdown to 57000
[16:25:13.667] [SEVERE ] updating countdown to 57000
[16:25:13.672] [SEVERE ] updating countdown to 56000
[16:25:13.672] [SEVERE ] updating countdown to 56000
[16:25:13.676] [SEVERE ] updating countdown to 55000
[16:25:13.676] [SEVERE ] updating countdown to 55000
[16:25:13.679] [SEVERE ] updating countdown to 54000
[16:25:13.679] [SEVERE ] updating countdown to 54000
[16:25:13.683] [SEVERE ] updating countdown to 53000
[16:25:13.683] [SEVERE ] updating countdown to 53000
[16:25:13.685] [SEVERE ] updating countdown to 52000
[16:25:13.686] [SEVERE ] updating countdown to 52000
[16:25:13.688] [SEVERE ] updating countdown to 51000
[16:25:13.688] [SEVERE ] updating countdown to 51000
[16:25:13.689] [SEVERE ] updating countdown to 50000
[16:25:13.689] [SEVERE ] updating countdown to 50000
[16:25:13.693] [SEVERE ] updating countdown to 49000
[16:25:13.693] [SEVERE ] updating countdown to 49000
[16:25:13.694] [SEVERE ] updating countdown to 48000
[16:25:13.694] [SEVERE ] updating countdown to 48000
[16:25:13.699] [SEVERE ] updating countdown to 47000
[16:25:13.700] [SEVERE ] updating countdown to 47000
[16:25:13.700] [SEVERE ] updating countdown to 46000
[16:25:13.700] [SEVERE ] updating countdown to 46000
[16:25:13.705] [SEVERE ] updating countdown to 45000
[16:25:13.708] [SEVERE ] updating countdown to 45000
[16:25:13.710] [SEVERE ] updating countdown to 44000
[16:25:13.710] [SEVERE ] updating countdown to 44000
[16:25:13.710] [SEVERE ] updating countdown to 43000
[16:25:13.710] [SEVERE ] updating countdown to 43000
[16:25:13.715] [SEVERE ] updating countdown to 42000
[16:25:13.715] [SEVERE ] updating countdown to 42000
[16:25:13.715] [SEVERE ] updating countdown to 41000
[16:25:13.715] [SEVERE ] updating countdown to 41000
[16:25:13.715] [SEVERE ] updating countdown to 40000
[16:25:13.720] [SEVERE ] updating countdown to 40000
[16:25:13.721] [SEVERE ] updating countdown to 39000
[16:25:13.721] [SEVERE ] updating countdown to 39000
[16:25:13.722] [SEVERE ] updating countdown to 38000
[16:25:13.722] [SEVERE ] updating countdown to 38000
[16:25:13.726] [SEVERE ] updating countdown to 37000
[16:25:13.726] [SEVERE ] updating countdown to 37000
[16:25:13.726] [SEVERE ] updating countdown to 36000
[16:25:13.726] [SEVERE ] updating countdown to 36000
[16:25:13.726] [SEVERE ] updating countdown to 35000
[16:25:13.726] [SEVERE ] updating countdown to 35000
[16:25:13.733] [SEVERE ] updating countdown to 34000
[16:25:13.733] [SEVERE ] updating countdown to 34000
[16:25:13.733] [SEVERE ] updating countdown to 33000
[16:25:13.733] [SEVERE ] updating countdown to 33000
[16:25:13.733] [SEVERE ] updating countdown to 32000
[16:25:13.733] [SEVERE ] updating countdown to 32000
[16:25:13.738] [SEVERE ] updating countdown to 31000
[16:25:13.738] [SEVERE ] updating countdown to 31000
[16:25:13.738] [SEVERE ] updating countdown to 30000
[16:25:13.738] [SEVERE ] updating countdown to 30000
[16:25:13.738] [SEVERE ] updating countdown to 29000
[16:25:13.738] [SEVERE ] updating countdown to 29000
[16:25:13.742] [SEVERE ] updating countdown to 28000
[16:25:13.742] [SEVERE ] updating countdown to 28000
[16:25:13.742] [SEVERE ] updating countdown to 27000
[16:25:13.742] [SEVERE ] updating countdown to 27000
[16:25:13.747] [SEVERE ] updating countdown to 26000
[16:25:13.747] [SEVERE ] updating countdown to 26000
[16:25:13.750] [SEVERE ] updating countdown to 25000
[16:25:13.750] [SEVERE ] updating countdown to 25000
[16:25:13.750] [SEVERE ] updating countdown to 24000
[16:25:13.750] [SEVERE ] updating countdown to 24000
[16:25:13.750] [SEVERE ] updating countdown to 23000
[16:25:13.750] [SEVERE ] updating countdown to 23000
[16:25:13.756] [SEVERE ] updating countdown to 22000
[16:25:13.756] [SEVERE ] updating countdown to 22000
[16:25:13.758] [SEVERE ] updating countdown to 21000
[16:25:13.758] [SEVERE ] updating countdown to 21000
[16:25:13.758] [SEVERE ] updating countdown to 20000
[16:25:13.758] [SEVERE ] updating countdown to 20000
[16:25:13.762] [SEVERE ] updating countdown to 19000
[16:25:13.762] [SEVERE ] updating countdown to 19000
[16:25:13.762] [SEVERE ] updating countdown to 18000
[16:25:13.762] [SEVERE ] updating countdown to 18000
[16:25:13.767] [SEVERE ] updating countdown to 17000
[16:25:13.767] [SEVERE ] updating countdown to 17000
[16:25:13.770] [SEVERE ] updating countdown to 16000
[16:25:13.770] [SEVERE ] updating countdown to 16000
[16:25:13.771] [SEVERE ] updating countdown to 15000
[16:25:13.771] [SEVERE ] updating countdown to 15000
[16:25:13.776] [SEVERE ] updating countdown to 14000
[16:25:13.776] [SEVERE ] updating countdown to 14000
[16:25:13.778] [SEVERE ] updating countdown to 13000
[16:25:13.778] [SEVERE ] updating countdown to 13000
[16:25:13.778] [SEVERE ] updating countdown to 12000
[16:25:13.778] [SEVERE ] updating countdown to 12000
[16:25:13.782] [SEVERE ] updating countdown to 11000
[16:25:13.782] [SEVERE ] updating countdown to 11000
[16:25:13.784] [SEVERE ] updating countdown to 10000
[16:25:13.784] [SEVERE ] updating countdown to 10000
[16:25:13.789] [SEVERE ] updating countdown to 9000
[16:25:13.790] [SEVERE ] updating countdown to 9000
[16:25:13.790] [SEVERE ] updating countdown to 8000
[16:25:13.790] [SEVERE ] updating countdown to 8000
[16:25:13.790] [SEVERE ] updating countdown to 7000
[16:25:13.794] [SEVERE ] updating countdown to 7000
[16:25:13.794] [SEVERE ] updating countdown to 6000
[16:25:13.794] [SEVERE ] updating countdown to 6000
[16:25:13.794] [SEVERE ] updating countdown to 5000
[16:25:13.799] [SEVERE ] updating countdown to 5000
[16:25:13.800] [SEVERE ] updating countdown to 4000
[16:25:13.800] [SEVERE ] updating countdown to 4000
[16:25:13.800] [SEVERE ] updating countdown to 3000
[16:25:13.805] [SEVERE ] updating countdown to 3000
[16:25:13.805] [SEVERE ] updating countdown to 2000
[16:25:13.805] [SEVERE ] updating countdown to 2000
[16:25:13.805] [SEVERE ] updating countdown to 1000
[16:25:13.805] [SEVERE ] updating countdown to 1000
[16:25:13.810] [SEVERE ] updating countdown to 0
[16:25:13.810] [SEVERE ] updating countdown to 0
[16:25:13.810] [SEVERE ] updating countdown to -1000
[16:25:13.810] [SEVERE ] removing card from slot 0
[16:25:13.915] [SEVERE ] removing card from slot 1
[16:25:14.019] [SEVERE ] removing card from slot 2
[16:25:14.129] [SEVERE ] removing card from slot 3
[16:25:14.240] [SEVERE ] removing card from slot 4
[16:25:14.350] [SEVERE ] removing card from slot 5
[16:25:14.460] [SEVERE ] removing card from slot 6
[16:25:14.571] [SEVERE ] removing card from slot 7
[16:25:14.681] [SEVERE ] removing card from slot 8
[16:25:14.791] [SEVERE ] removing card from slot 9
[16:25:14.902] [SEVERE ] removing card from slot 10
[16:25:15.013] [SEVERE ] removing card from slot 11
[16:25:15.235] [SEVERE ] placing card 8 in slot 0
[16:25:15.346] [SEVERE ] placing card 56 in slot 1
[16:25:15.456] [SEVERE ] placing card 79 in slot 2
[16:25:15.565] [SEVERE ] placing card 27 in slot 3
[16:25:15.675] [SEVERE ] placing card 33 in slot 4
[16:25:15.786] [SEVERE ] placing card 46 in slot 5
[16:25:15.895] [SEVERE ] placing card 61 in slot 6
[16:25:16.005] [SEVERE ] placing card 44 in slot 7
[16:25:16.116] [SEVERE ] placing card 80 in slot 8
[16:25:16.227] [SEVERE ] placing card 30 in slot 9
[16:25:16.337] [SEVERE ] placing card 78 in slot 10
[16:25:16.447] [SEVERE ] placing card 74 in slot 11
[16:25:16.447] [SEVERE ] updating countdown to 60000
[16:25:16.447] [SEVERE ] updating countdown to 59000
[16:25:16.447] [SEVERE ] updating countdown to 59000
[16:25:16.447] [SEVERE ] updating countdown to 58000
[16:25:16.447] [SEVERE ] updating countdown to 58000
[16:25:16.447] [SEVERE ] updating countdown to 57000
[16:25:16.447] [SEVERE ] updating countdown to 57000
[16:25:16.462] [SEVERE ] updating countdown to 56000
[16:25:16.462] [SEVERE ] updating countdown to 56000
[16:25:16.465] [SEVERE ] updating countdown to 55000
[16:25:16.465] [SEVERE ] updating countdown to 55000
[16:25:16.468] [SEVERE ] updating countdown to 54000
[16:25:16.468] [SEVERE ] updating countdown to 54000
[16:25:16.472] [SEVERE ] updating countdown to 53000
[16:25:16.473] [SEVERE ] updating countdown to 53000
[16:25:16.475] [SEVERE ] updating countdown to 52000
[16:25:16.476] [SEVERE ] updating countdown to 52000
[16:25:16.478] [SEVERE ] updating countdown to 51000
[16:25:16.479] [SEVERE ] updating countdown to 51000
[16:25:16.479] [SEVERE ] updating countdown to 50000
[16:25:16.483] [SEVERE ] updating countdown to 50000
[16:25:16.486] [SEVERE ] updating countdown to 49000
[16:25:16.486] [SEVERE ] updating countdown to 49000
[16:25:16.490] [SEVERE ] updating countdown to 48000
[16:25:16.490] [SEVERE ] updating countdown to 48000
[16:25:16.490] [SEVERE ] updating countdown to 47000
[16:25:16.490] [SEVERE ] updating countdown to 47000
[16:25:16.495] [SEVERE ] updating countdown to 46000
[16:25:16.495] [SEVERE ] updating countdown to 46000
[16:25:16.495] [SEVERE ] updating countdown to 45000
[16:25:16.495] [SEVERE ] updating countdown to 45000
[16:25:16.502] [SEVERE ] updating countdown to 44000
[16:25:16.503] [SEVERE ] updating countdown to 44000
[16:25:16.504] [SEVERE ] updating countdown to 43000
[16:25:16.504] [SEVERE ] updating countdown to 43000
[16:25:16.508] [SEVERE ] updating countdown to 42000
[16:25:16.508] [SEVERE ] updating countdown to 42000
[16:25:16.508] [SEVERE ] updating countdown to 41000
[16:25:16.508] [SEVERE ] updating countdown to 41000
[16:25:16.512] [SEVERE ] updating countdown to 40000
[16:25:16.512] [SEVERE ] updating countdown to 40000
[16:25:16.512] [SEVERE ] updating countdown to 39000
[16:25:16.512] [SEVERE ] updating countdown to 39000
[16:25:16.517] [SEVERE ] updating countdown to 38000
[16:25:16.517] [SEVERE ] updating countdown to 38000
[16:25:16.520] [SEVERE ] updating countdown to 37000
[16:25:16.520] [SEVERE ] updating countdown to 37000
[16:25:16.523] [SEVERE ] updating countdown to 36000
[16:25:16.523] [SEVERE ] updating countdown to 36000
[16:25:16.523] [SEVERE ] updating countdown to 35000
[16:25:16.523] [SEVERE ] updating countdown to 35000
[16:25:16.527] [SEVERE ] updating countdown to 34000
[16:25:16.527] [SEVERE ] updating countdown to 34000
[16:25:16.527] [SEVERE ] updating countdown to 33000
[16:25:16.527] [SEVERE ] updating countdown to 33000
[16:25:16.535] [SEVERE ] updating countdown to 32000
[16:25:16.536] [SEVERE ] updating countdown to 32000
[16:25:16.538] [SEVERE ] updating countdown to 31000
[16:25:16.538] [SEVERE ] updating countdown to 31000
[16:25:16.538] [SEVERE ] updating countdown to 30000
[16:25:16.538] [SEVERE ] updating countdown to 30000
[16:25:16.544] [SEVERE ] updating countdown to 29000
[16:25:16.544] [SEVERE ] updating countdown to 29000
[16:25:16.544] [SEVERE ] updating countdown to 28000
[16:25:16.544] [SEVERE ] updating countdown to 28000
[16:25:16.551] [SEVERE ] updating countdown to 27000
[16:25:16.551] [SEVERE ] updating countdown to 27000
[16:25:16.553] [SEVERE ] updating countdown to 26000
[16:25:16.554] [SEVERE ] updating countdown to 26000
[16:25:16.555] [SEVERE ] updating countdown to 25000
[16:25:16.555] [SEVERE ] updating countdown to 25000
[16:25:16.559] [SEVERE ] updating countdown to 24000
[16:25:16.559] [SEVERE ] updating countdown to 24000
[16:25:16.559] [SEVERE ] updating countdown to 23000
[16:25:16.559] [SEVERE ] updating countdown to 23000
[16:25:16.559] [SEVERE ] updating countdown to 22000
[16:25:16.559] [SEVERE ] updating countdown to 22000
[16:25:16.567] [SEVERE ] updating countdown to 21000
[16:25:16.567] [SEVERE ] updating countdown to 21000
[16:25:16.570] [SEVERE ] updating countdown to 20000
[16:25:16.571] [SEVERE ] updating countdown to 20000
[16:25:16.572] [SEVERE ] updating countdown to 19000
[16:25:16.572] [SEVERE ] updating countdown to 19000
[16:25:16.572] [SEVERE ] updating countdown to 18000
[16:25:16.576] [SEVERE ] updating countdown to 18000
[16:25:16.576] [SEVERE ] updating countdown to 17000
[16:25:16.576] [SEVERE ] updating countdown to 17000
[16:25:16.580] [SEVERE ] updating countdown to 16000
[16:25:16.580] [SEVERE ] updating countdown to 16000
[16:25:16.584] [SEVERE ] updating countdown to 15000
[16:25:16.584] [SEVERE ] updating countdown to 15000
[16:25:16.586] [SEVERE ] updating countdown to 14000
[16:25:16.587] [SEVERE ] updating countdown to 14000
[16:25:16.588] [SEVERE ] updating countdown to 13000
[16:25:16.588] [SEVERE ] updating countdown to 13000
[16:25:16.591] [SEVERE ] updating countdown to 12000
[16:25:16.591] [SEVERE ] updating countdown to 12000
[16:25:16.592] [SEVERE ] updating countdown to 11000
[16:25:16.592] [SEVERE ] updating countdown to 11000
[16:25:16.592] [SEVERE ] updating countdown to 10000
[16:25:16.592] [SEVERE ] updating countdown to 10000
[16:25:16.596] [SEVERE ] updating countdown to 9000
[16:25:16.596] [SEVERE ] updating countdown to 9000
[16:25:16.601] [SEVERE ] updating countdown to 8000
[16:25:16.602] [SEVERE ] updating countdown to 8000
[16:25:16.604] [SEVERE ] updating countdown to 7000
[16:25:16.605] [SEVERE ] updating countdown to 7000
[16:25:16.605] [SEVERE ] updating countdown to 6000
[16:25:16.605] [SEVERE ] updating countdown to 6000
[16:25:16.608] [SEVERE ] updating countdown to 5000
[16:25:16.608] [SEVERE ] updating countdown to 5000
[16:25:16.608] [SEVERE ] updating countdown to 4000
[16:25:16.608] [SEVERE ] updating countdown to 4000
[16:25:16.608] [SEVERE ] updating countdown to 3000
[16:25:16.608] [SEVERE ] updating countdown to 3000
[16:25:16.614] [SEVERE ] updating countdown to 2000
[16:25:16.614] [SEVERE ] updating countdown to 2000
[16:25:16.618] [SEVERE ] updating countdown to 1000
[16:25:16.618] [SEVERE ] updating countdown to 1000
[16:25:16.619] [SEVERE ] updating countdown to 0
[16:25:16.619] [SEVERE ] updating countdown to 0
[16:25:16.619] [SEVERE ] updating countdown to -1000
[16:25:16.619] [SEVERE ] removing card from slot 0
[16:25:16.727] [SEVERE ] removing card from slot 1
[16:25:16.829] [SEVERE ] removing card from slot 2
[16:25:16.940] [SEVERE ] removing card from slot 3
[16:25:17.051] [SEVERE ] removing card from slot 4
[16:25:17.161] [SEVERE ] removing card from slot 5
[16:25:17.271] [SEVERE ] removing card from slot 6
[16:25:17.381] [SEVERE ] removing card from slot 7
[16:25:17.496] [SEVERE ] removing card from slot 8
[16:25:17.607] [SEVERE ] removing card from slot 9
[16:25:17.717] [SEVERE ] removing card from slot 10
[16:25:17.827] [SEVERE ] removing card from slot 11
[16:25:18.047] [SEVERE ] placing card 51 in slot 0
[16:25:18.157] [SEVERE ] placing card 24 in slot 1
[16:25:18.267] [SEVERE ] placing card 77 in slot 2
[16:25:18.377] [SEVERE ] placing card 1 in slot 3
[16:25:18.486] [SEVERE ] placing card 48 in slot 4
[16:25:18.597] [SEVERE ] placing card 2 in slot 5
[16:25:18.708] [SEVERE ] placing card 80 in slot 6
[16:25:18.820] [SEVERE ] placing card 14 in slot 7
[16:25:18.930] [SEVERE ] placing card 71 in slot 8
[16:25:19.044] [SEVERE ] placing card 49 in slot 9
[16:25:19.149] [SEVERE ] placing card 0 in slot 10
[16:25:19.266] [SEVERE ] placing card 68 in slot 11
[16:25:19.266] [SEVERE ] updating countdown to 60000
[16:25:19.266] [SEVERE ] updating countdown to 59000
[16:25:19.266] [SEVERE ] updating countdown to 59000
[16:25:19.271] [SEVERE ] updating countdown to 58000
[16:25:19.271] [SEVERE ] updating countdown to 58000
[16:25:19.276] [SEVERE ] updating countdown to 57000
[16:25:19.277] [SEVERE ] updating countdown to 57000
[16:25:19.279] [SEVERE ] updating countdown to 56000
[16:25:19.279] [SEVERE ] updating countdown to 56000
[16:25:19.280] [SEVERE ] updating countdown to 55000
[16:25:19.280] [SEVERE ] updating countdown to 55000
[16:25:19.285] [SEVERE ] updating countdown to 54000
[16:25:19.286] [SEVERE ] updating countdown to 54000
[16:25:19.289] [SEVERE ] updating countdown to 53000
[16:25:19.289] [SEVERE ] updating countdown to 53000
[16:25:19.290] [SEVERE ] updating countdown to 52000
[16:25:19.293] [SEVERE ] updating countdown to 52000
[16:25:19.293] [SEVERE ] updating countdown to 51000
[16:25:19.297] [SEVERE ] updating countdown to 51000
[16:25:19.300] [SEVERE ] updating countdown to 50000
[16:25:19.300] [SEVERE ] updating countdown to 50000
[16:25:19.304] [SEVERE ] updating countdown to 49000
[16:25:19.304] [SEVERE ] updating countdown to 49000
[16:25:19.307] [SEVERE ] updating countdown to 48000
[16:25:19.307] [SEVERE ] updating countdown to 48000
[16:25:19.310] [SEVERE ] updating countdown to 47000
[16:25:19.310] [SEVERE ] updating countdown to 47000
[16:25:19.314] [SEVERE ] updating countdown to 46000
[16:25:19.314] [SEVERE ] updating countdown to 46000
[16:25:19.314] [SEVERE ] updating countdown to 45000
[16:25:19.314] [SEVERE ] updating countdown to 45000
[16:25:19.318] [SEVERE ] updating countdown to 44000
[16:25:19.318] [SEVERE ] updating countdown to 44000
[16:25:19.322] [SEVERE ] updating countdown to 43000
[16:25:19.323] [SEVERE ] updating countdown to 43000
[16:25:19.326] [SEVERE ] updating countdown to 42000
[16:25:19.326] [SEVERE ] updating countdown to 42000
[16:25:19.326] [SEVERE ] updating countdown to 41000
[16:25:19.326] [SEVERE ] updating countdown to 41000
[16:25:19.333] [SEVERE ] updating countdown to 40000
[16:25:19.333] [SEVERE ] updating countdown to 40000
[16:25:19.336] [SEVERE ] updating countdown to 39000
[16:25:19.336] [SEVERE ] updating countdown to 39000
[16:25:19.339] [SEVERE ] updating countdown to 38000
[16:25:19.339] [SEVERE ] updating countdown to 38000
[16:25:19.342] [SEVERE ] updating countdown to 37000
[16:25:19.343] [SEVERE ] updating countdown to 37000
[16:25:19.343] [SEVERE ] updating countdown to 36000
[16:25:19.343] [SEVERE ] updating countdown to 36000
[16:25:19.347] [SEVERE ] updating countdown to 35000
[16:25:19.347] [SEVERE ] updating countdown to 35000
[16:25:19.351] [SEVERE ] updating countdown to 34000
[16:25:19.351] [SEVERE ] updating countdown to 34000
[16:25:19.356] [SEVERE ] updating countdown to 33000
[16:25:19.356] [SEVERE ] updating countdown to 33000
[16:25:19.359] [SEVERE ] updating countdown to 32000
[16:25:19.359] [SEVERE ] updating countdown to 32000
[16:25:19.362] [SEVERE ] updating countdown to 31000
[16:25:19.362] [SEVERE ] updating countdown to 31000
[16:25:19.362] [SEVERE ] updating countdown to 30000
[16:25:19.362] [SEVERE ] updating countdown to 30000
[16:25:19.369] [SEVERE ] updating countdown to 29000
[16:25:19.369] [SEVERE ] updating countdown to 29000
[16:25:19.372] [SEVERE ] updating countdown to 28000
[16:25:19.372] [SEVERE ] updating countdown to 28000
[16:25:19.372] [SEVERE ] updating countdown to 27000
[16:25:19.372] [SEVERE ] updating countdown to 27000
[16:25:19.372] [SEVERE ] updating countdown to 26000
[16:25:19.372] [SEVERE ] updating countdown to 26000
[16:25:19.379] [SEVERE ] updating countdown to 25000
[16:25:19.379] [SEVERE ] updating countdown to 25000
[16:25:19.379] [SEVERE ] updating countdown to 24000
[16:25:19.379] [SEVERE ] updating countdown to 24000
[16:25:19.383] [SEVERE ] updating countdown to 23000
[16:25:19.383] [SEVERE ] updating countdown to 23000
[16:25:19.385] [SEVERE ] updating countdown to 22000
[16:25:19.385] [SEVERE ] updating countdown to 22000
[16:25:19.388] [SEVERE ] updating countdown to 21000
[16:25:19.388] [SEVERE ] updating countdown to 21000
[16:25:19.389] [SEVERE ] updating countdown to 20000
[16:25:19.389] [SEVERE ] updating countdown to 20000
[16:25:19.389] [SEVERE ] updating countdown to 19000
[16:25:19.389] [SEVERE ] updating countdown to 19000
[16:25:19.392] [SEVERE ] updating countdown to 18000
[16:25:19.392] [SEVERE ] updating countdown to 18000
[16:25:19.392] [SEVERE ] updating countdown to 17000
[16:25:19.392] [SEVERE ] updating countdown to 17000
[16:25:19.392] [SEVERE ] updating countdown to 16000
[16:25:19.392] [SEVERE ] updating countdown to 16000
[16:25:19.392] [SEVERE ] updating countdown to 15000
[16:25:19.392] [SEVERE ] updating countdown to 15000
[16:25:19.398] [SEVERE ] updating countdown to 14000
[16:25:19.398] [SEVERE ] updating countdown to 14000
[16:25:19.398] [SEVERE ] updating countdown to 13000
[16:25:19.398] [SEVERE ] updating countdown to 13000
[16:25:19.402] [SEVERE ] updating countdown to 12000
[16:25:19.403] [SEVERE ] updating countdown to 12000
[16:25:19.404] [SEVERE ] updating countdown to 11000
[16:25:19.404] [SEVERE ] updating countdown to 11000
[16:25:19.404] [SEVERE ] updating countdown to 10000
[16:25:19.406] [SEVERE ] updating countdown to 10000
[16:25:19.406] [SEVERE ] updating countdown to 9000
[16:25:19.408] [SEVERE ] updating countdown to 9000
[16:25:19.408] [SEVERE ] updating countdown to 8000
[16:25:19.408] [SEVERE ] updating countdown to 8000
[16:25:19.408] [SEVERE ] updating countdown to 7000
[16:25:19.408] [SEVERE ] updating countdown to 7000
[16:25:19.408] [SEVERE ] updating countdown to 6000
[16:25:19.408] [SEVERE ] updating countdown to 6000
[16:25:19.412] [SEVERE ] updating countdown to 5000
[16:25:19.412] [SEVERE ] updating countdown to 5000
[16:25:19.412] [SEVERE ] updating countdown to 4000
[16:25:19.412] [SEVERE ] updating countdown to 4000
[16:25:19.412] [SEVERE ] updating countdown to 3000
[16:25:19.412] [SEVERE ] updating countdown to 3000
[16:25:19.412] [SEVERE ] updating countdown to 2000
[16:25:19.412] [SEVERE ] updating countdown to 2000
[16:25:19.412] [SEVERE ] updating countdown to 1000
[16:25:19.412] [SEVERE ] updating countdown to 1000
[16:25:19.420] [SEVERE ] updating countdown to 0
[16:25:19.420] [SEVERE ] updating countdown to 0
[16:25:19.420] [SEVERE ] updating countdown to -1000
[16:25:19.422] [SEVERE ] removing card from slot 0
[16:25:19.526] [SEVERE ] removing card from slot 1
[16:25:19.551] [SEVERE ] exit button pressed
[16:25:19.630] [SEVERE ] removing card from slot 2
[16:25:19.740] [SEVERE ] removing card from slot 3
[16:25:19.850] [SEVERE ] removing card from slot 4
[16:25:19.960] [SEVERE ] removing card from slot 5
[16:25:20.071] [SEVERE ] removing card from slot 6
[16:25:20.180] [SEVERE ] removing card from slot 7
[16:25:20.290] [SEVERE ] removing card from slot 8
[16:25:20.400] [SEVERE ] removing card from slot 9
[16:25:20.511] [SEVERE ] removing card from slot 10
[16:25:20.622] [SEVERE ] removing card from slot 11
[16:25:20.842] [SEVERE ] placing card 0 in slot 0
[16:25:20.952] [SEVERE ] placing card 13 in slot 1
[16:25:21.062] [SEVERE ] placing card 52 in slot 2
[16:25:21.173] [SEVERE ] placing card 37 in slot 3
[16:25:21.284] [SEVERE ] placing card 78 in slot 4
[16:25:21.395] [SEVERE ] placing card 55 in slot 5
[16:25:21.506] [SEVERE ] placing card 22 in slot 6
[16:25:21.616] [SEVERE ] placing card 79 in slot 7
[16:25:21.727] [SEVERE ] placing card 25 in slot 8
[16:25:21.837] [SEVERE ] placing card 31 in slot 9
[16:25:21.947] [SEVERE ] placing card 24 in slot 10
[16:25:22.057] [SEVERE ] placing card 30 in slot 11
[16:25:22.057] [SEVERE ] updating countdown to 60000
[16:25:22.057] [SEVERE ] removing card from slot 0
[16:25:22.166] [SEVERE ] removing card from slot 1
[16:25:22.276] [SEVERE ] removing card from slot 2
[16:25:22.386] [SEVERE ] removing card from slot 3
[16:25:22.496] [SEVERE ] removing card from slot 4
[16:25:22.606] [SEVERE ] removing card from slot 5
[16:25:22.716] [SEVERE ] removing card from slot 6
[16:25:22.828] [SEVERE ] removing card from slot 7
[16:25:22.939] [SEVERE ] removing card from slot 8
[16:25:23.050] [SEVERE ] removing card from slot 9
[16:25:23.160] [SEVERE ] removing card from slot 10
[16:25:23.272] [SEVERE ] removing card from slot 11
[16:25:23.382] [SEVERE ] announcing winner(s): player 1, player 2
[16:25:23.386] [INFO   ] thread dealer terminated.
[16:25:23.388] [INFO   ] thread dealer terminated.
[16:25:23.388] [SEVERE ] thanks for playing... it was fun!
[16:25:23.388] [INFO   ] thread main terminated.
