[17:32:47.922] [INFO   ] thread main starting.
[17:32:47.922] [SEVERE ] cannot read configuration file config.properties trying from resources.
[17:32:47.937] [SEVERE ] configuration file was loaded from resources directory.
[17:32:48.623] [INFO   ] thread dealer starting.
[17:32:48.629] [INFO   ] thread player 0 starting.
[17:32:48.629] [INFO   ] thread player 1 starting.
[17:32:48.629] [INFO   ] thread player 0 starting.
[17:32:48.631] [INFO   ] thread dealer starting.
[17:32:48.631] [INFO   ] thread player 1 starting.
[17:32:48.749] [SEVERE ] placing card 42 in slot 0
[17:32:48.850] [SEVERE ] placing card 53 in slot 1
[17:32:48.967] [SEVERE ] placing card 32 in slot 2
[17:32:49.067] [SEVERE ] placing card 7 in slot 3
[17:32:49.175] [SEVERE ] placing card 43 in slot 4
[17:32:49.282] [SEVERE ] placing card 67 in slot 5
[17:32:49.384] [SEVERE ] placing card 2 in slot 6
[17:32:49.485] [SEVERE ] placing card 22 in slot 7
[17:32:49.598] [SEVERE ] placing card 77 in slot 8
[17:32:49.708] [SEVERE ] placing card 19 in slot 9
[17:32:49.818] [SEVERE ] placing card 51 in slot 10
[17:32:49.929] [SEVERE ] placing card 5 in slot 11
[17:32:50.954] [SEVERE ] updating countdown to 59000
[17:32:51.957] [SEVERE ] updating countdown to 58000
[17:32:52.959] [SEVERE ] updating countdown to 57000
[17:32:53.962] [SEVERE ] updating countdown to 56000
[17:32:54.984] [SEVERE ] updating countdown to 55000
[17:32:55.612] [SEVERE ] key 83 was pressed by player 1
[17:32:55.612] [SEVERE ] player 1 placing token on slot 5
[17:32:55.989] [SEVERE ] updating countdown to 54000
[17:32:56.275] [SEVERE ] key 68 was pressed by player 1
[17:32:56.275] [SEVERE ] player 1 placing token on slot 6
[17:32:57.005] [SEVERE ] updating countdown to 53000
[17:32:58.011] [SEVERE ] updating countdown to 52000
[17:32:59.020] [SEVERE ] updating countdown to 51000
[17:32:59.241] [SEVERE ] key 77 was pressed by player 2
[17:32:59.241] [SEVERE ] player 2 placing token on slot 8
[17:32:59.988] [SEVERE ] key 77 was pressed by player 2
[17:32:59.988] [SEVERE ] removing player 2 token from slot 8
[17:33:00.047] [SEVERE ] updating countdown to 50000
[17:33:00.639] [SEVERE ] key 77 was pressed by player 2
[17:33:00.639] [SEVERE ] player 2 placing token on slot 8
[17:33:01.058] [SEVERE ] key 44 was pressed by player 2
[17:33:01.058] [SEVERE ] updating countdown to 49000
[17:33:01.060] [SEVERE ] player 2 placing token on slot 9
[17:33:02.067] [SEVERE ] updating countdown to 48000
[17:33:03.067] [SEVERE ] updating countdown to 47000
[17:33:04.076] [SEVERE ] updating countdown to 46000
[17:33:04.905] [SEVERE ] key 46 was pressed by player 2
[17:33:04.905] [SEVERE ] player 2 placing token on slot 10
[17:33:05.062] [SEVERE ] key 67 was pressed by player 1
[17:33:05.062] [SEVERE ] player 1 placing token on slot 10
[17:33:05.078] [SEVERE ] setting player 1 score to 1
[17:33:05.078] [SEVERE ] setting player 1 freeze to 1000
[17:33:05.082] [SEVERE ] updating countdown to 45000
[17:33:06.084] [SEVERE ] setting player 1 freeze to 0
[17:33:06.087] [SEVERE ] setting player 2 score to 1
[17:33:06.088] [SEVERE ] setting player 2 freeze to 1000
[17:33:07.100] [SEVERE ] setting player 2 freeze to 0
[17:33:07.100] [SEVERE ] removing player 1 token from slot 5
[17:33:07.100] [SEVERE ] removing card from slot 5
[17:33:07.212] [SEVERE ] removing player 1 token from slot 6
[17:33:07.212] [SEVERE ] removing card from slot 6
[17:33:07.312] [SEVERE ] removing player 1 token from slot 10
[17:33:07.312] [SEVERE ] removing player 2 token from slot 10
[17:33:07.316] [SEVERE ] removing card from slot 10
[17:33:07.527] [SEVERE ] placing card 70 in slot 5
[17:33:07.632] [SEVERE ] placing card 29 in slot 6
[17:33:07.745] [SEVERE ] placing card 0 in slot 10
[17:33:07.745] [SEVERE ] updating countdown to 60000
[17:33:08.751] [SEVERE ] updating countdown to 59000
[17:33:09.768] [SEVERE ] updating countdown to 58000
[17:33:10.779] [SEVERE ] updating countdown to 57000
