[17:39:12.795] [INFO   ] thread main starting.
[17:39:12.800] [SEVERE ] cannot read configuration file config.properties trying from resources.
[17:39:12.810] [SEVERE ] configuration file was loaded from resources directory.
[17:39:13.461] [INFO   ] thread dealer starting.
[17:39:13.461] [INFO   ] thread player 0 starting.
[17:39:13.461] [INFO   ] thread player 1 starting.
[17:39:13.467] [INFO   ] thread dealer starting.
[17:39:13.480] [INFO   ] thread player 0 starting.
[17:39:13.480] [INFO   ] thread player 1 starting.
[17:39:13.600] [SEVERE ] placing card 53 in slot 0
[17:39:13.716] [SEVERE ] placing card 58 in slot 1
[17:39:13.818] [SEVERE ] placing card 56 in slot 2
[17:39:13.929] [SEVERE ] placing card 4 in slot 3
[17:39:14.031] [SEVERE ] placing card 51 in slot 4
[17:39:14.135] [SEVERE ] placing card 3 in slot 5
[17:39:14.248] [SEVERE ] placing card 79 in slot 6
[17:39:14.363] [SEVERE ] placing card 39 in slot 7
[17:39:14.475] [SEVERE ] placing card 32 in slot 8
[17:39:14.587] [SEVERE ] placing card 63 in slot 9
[17:39:14.698] [SEVERE ] placing card 55 in slot 10
[17:39:14.809] [SEVERE ] placing card 26 in slot 11
[17:39:15.825] [SEVERE ] updating countdown to 59000
[17:39:16.832] [SEVERE ] updating countdown to 58000
[17:39:17.855] [SEVERE ] updating countdown to 57000
[17:39:18.865] [SEVERE ] updating countdown to 56000
[17:39:19.880] [SEVERE ] updating countdown to 55000
[17:39:20.895] [SEVERE ] updating countdown to 54000
[17:39:21.900] [SEVERE ] updating countdown to 53000
[17:39:22.540] [SEVERE ] key 87 was pressed by player 1
[17:39:22.544] [SEVERE ] player 1 placing token on slot 1
[17:39:22.912] [SEVERE ] updating countdown to 52000
[17:39:22.990] [SEVERE ] key 65 was pressed by player 1
[17:39:22.990] [SEVERE ] player 1 placing token on slot 4
[17:39:23.925] [SEVERE ] updating countdown to 51000
[17:39:24.928] [SEVERE ] updating countdown to 50000
[17:39:25.934] [SEVERE ] updating countdown to 49000
[17:39:26.944] [SEVERE ] key 65 was pressed by player 1
[17:39:26.944] [SEVERE ] removing player 1 token from slot 4
[17:39:26.951] [SEVERE ] updating countdown to 48000
[17:39:27.969] [SEVERE ] updating countdown to 47000
[17:39:28.980] [SEVERE ] updating countdown to 46000
[17:39:29.993] [SEVERE ] updating countdown to 45000
[17:39:31.005] [SEVERE ] updating countdown to 44000
[17:39:31.690] [SEVERE ] key 90 was pressed by player 1
[17:39:31.700] [SEVERE ] player 1 placing token on slot 8
[17:39:32.010] [SEVERE ] updating countdown to 43000
[17:39:33.016] [SEVERE ] updating countdown to 42000
[17:39:34.020] [SEVERE ] updating countdown to 41000
[17:39:35.027] [SEVERE ] updating countdown to 40000
[17:39:36.031] [SEVERE ] updating countdown to 39000
[17:39:37.032] [SEVERE ] updating countdown to 38000
[17:39:38.043] [SEVERE ] updating countdown to 37000
[17:39:38.920] [SEVERE ] key 74 was pressed by player 2
[17:39:38.920] [SEVERE ] player 2 placing token on slot 4
[17:39:39.052] [SEVERE ] updating countdown to 36000
[17:39:40.066] [SEVERE ] updating countdown to 35000
[17:39:41.085] [SEVERE ] updating countdown to 34000
[17:39:41.956] [SEVERE ] key 44 was pressed by player 2
[17:39:41.956] [SEVERE ] player 2 placing token on slot 9
[17:39:42.103] [SEVERE ] updating countdown to 33000
[17:39:43.115] [SEVERE ] updating countdown to 32000
[17:39:44.128] [SEVERE ] updating countdown to 31000
[17:39:45.134] [SEVERE ] updating countdown to 30000
[17:39:45.715] [SEVERE ] key 75 was pressed by player 2
[17:39:45.715] [SEVERE ] player 2 placing token on slot 5
[17:39:45.978] [SEVERE ] key 83 was pressed by player 1
[17:39:45.979] [SEVERE ] player 1 placing token on slot 5
[17:39:46.140] [SEVERE ] setting player 2 score to 1
[17:39:46.140] [SEVERE ] setting player 2 freeze to 1000
[17:39:46.155] [SEVERE ] updating countdown to 29000
[17:39:47.152] [SEVERE ] setting player 2 freeze to 0
[17:39:47.155] [SEVERE ] removing player 1 token from slot 1
[17:39:47.155] [SEVERE ] removing card from slot 1
[17:39:47.264] [SEVERE ] removing player 1 token from slot 8
[17:39:47.265] [SEVERE ] removing card from slot 8
[17:39:47.369] [SEVERE ] removing player 1 token from slot 5
[17:39:47.370] [SEVERE ] removing player 2 token from slot 5
[17:39:47.370] [SEVERE ] removing card from slot 5
[17:39:47.593] [SEVERE ] placing card 5 in slot 1
[17:39:47.704] [SEVERE ] placing card 14 in slot 5
[17:39:47.816] [SEVERE ] placing card 68 in slot 8
[17:39:47.821] [SEVERE ] updating countdown to 60000
[17:39:48.830] [SEVERE ] updating countdown to 59000
[17:39:49.847] [SEVERE ] updating countdown to 58000
