[18:32:09.020] [INFO   ] thread main starting.
[18:32:09.046] [SEVERE ] cannot read configuration file config.properties trying from resources.
[18:32:09.051] [SEVERE ] configuration file was loaded from resources directory.
[18:32:09.859] [INFO   ] thread dealer starting.
[18:32:09.869] [INFO   ] thread player 0 starting.
[18:32:09.871] [INFO   ] thread player 1 starting.
[18:32:09.875] [INFO   ] thread player 0 starting.
[18:32:09.875] [INFO   ] thread dealer starting.
[18:32:09.881] [INFO   ] thread player 1 starting.
[18:32:09.988] [SEVERE ] placing card 57 in slot 0
[18:32:10.092] [SEVERE ] placing card 46 in slot 1
[18:32:10.199] [SEVERE ] placing card 35 in slot 2
[18:32:10.309] [SEVERE ] placing card 32 in slot 3
[18:32:10.416] [SEVERE ] placing card 64 in slot 4
[18:32:10.524] [SEVERE ] placing card 2 in slot 5
[18:32:10.632] [SEVERE ] placing card 20 in slot 6
[18:32:10.742] [SEVERE ] placing card 24 in slot 7
[18:32:10.849] [SEVERE ] placing card 36 in slot 8
[18:32:10.959] [SEVERE ] placing card 13 in slot 9
[18:32:11.067] [SEVERE ] placing card 62 in slot 10
[18:32:11.174] [SEVERE ] placing card 30 in slot 11
[18:32:12.203] [SEVERE ] updating countdown to 5000
[18:32:12.210] [SEVERE ] updating countdown to 5000
[18:32:12.221] [SEVERE ] updating countdown to 4000
[18:32:12.222] [SEVERE ] updating countdown to 4000
[18:32:12.231] [SEVERE ] updating countdown to 3000
[18:32:12.231] [SEVERE ] updating countdown to 3000
[18:32:12.236] [SEVERE ] updating countdown to 2000
[18:32:12.236] [SEVERE ] updating countdown to 2000
[18:32:12.240] [SEVERE ] updating countdown to 1000
[18:32:12.241] [SEVERE ] updating countdown to 1000
[18:32:12.241] [SEVERE ] updating countdown to 0
[18:32:12.246] [SEVERE ] updating countdown to 0
[18:32:12.249] [SEVERE ] updating countdown to -1000
[18:32:12.249] [SEVERE ] removing card from slot 0
[18:32:12.358] [SEVERE ] removing card from slot 1
[18:32:12.474] [SEVERE ] removing card from slot 2
[18:32:12.583] [SEVERE ] removing card from slot 3
[18:32:12.691] [SEVERE ] removing card from slot 4
[18:32:12.794] [SEVERE ] removing card from slot 5
[18:32:12.905] [SEVERE ] removing card from slot 6
[18:32:13.008] [SEVERE ] removing card from slot 7
[18:32:13.116] [SEVERE ] removing card from slot 8
[18:32:13.224] [SEVERE ] removing card from slot 9
[18:32:13.339] [SEVERE ] removing card from slot 10
[18:32:13.441] [SEVERE ] removing card from slot 11
[18:32:13.654] [SEVERE ] placing card 21 in slot 0
[18:32:13.766] [SEVERE ] placing card 10 in slot 1
[18:32:13.881] [SEVERE ] placing card 75 in slot 2
[18:32:13.995] [SEVERE ] placing card 67 in slot 3
[18:32:14.111] [SEVERE ] placing card 46 in slot 4
[18:32:14.225] [SEVERE ] placing card 24 in slot 5
[18:32:14.332] [SEVERE ] placing card 79 in slot 6
[18:32:14.448] [SEVERE ] placing card 76 in slot 7
[18:32:14.554] [SEVERE ] placing card 58 in slot 8
[18:32:14.661] [SEVERE ] placing card 39 in slot 9
[18:32:14.775] [SEVERE ] placing card 52 in slot 10
[18:32:14.883] [SEVERE ] placing card 66 in slot 11
[18:32:14.883] [SEVERE ] updating countdown to 6000
[18:32:15.895] [SEVERE ] updating countdown to 5000
[18:32:15.896] [SEVERE ] updating countdown to 5000
[18:32:15.896] [SEVERE ] updating countdown to 4000
[18:32:15.900] [SEVERE ] updating countdown to 4000
[18:32:15.902] [SEVERE ] updating countdown to 3000
[18:32:15.904] [SEVERE ] updating countdown to 3000
[18:32:15.905] [SEVERE ] updating countdown to 2000
[18:32:15.909] [SEVERE ] updating countdown to 2000
[18:32:15.909] [SEVERE ] updating countdown to 1000
[18:32:15.909] [SEVERE ] updating countdown to 1000
[18:32:15.916] [SEVERE ] updating countdown to 0
[18:32:15.916] [SEVERE ] updating countdown to 0
[18:32:15.920] [SEVERE ] updating countdown to -1000
[18:32:15.920] [SEVERE ] removing card from slot 0
[18:32:16.024] [SEVERE ] removing card from slot 1
[18:32:16.133] [SEVERE ] removing card from slot 2
[18:32:16.241] [SEVERE ] removing card from slot 3
[18:32:16.350] [SEVERE ] removing card from slot 4
[18:32:16.463] [SEVERE ] removing card from slot 5
[18:32:16.574] [SEVERE ] removing card from slot 6
[18:32:16.674] [SEVERE ] removing card from slot 7
[18:32:16.782] [SEVERE ] removing card from slot 8
[18:32:16.890] [SEVERE ] removing card from slot 9
[18:32:17.005] [SEVERE ] removing card from slot 10
