[16:29:49.165] [INFO   ] thread main starting.
[16:29:49.179] [SEVERE ] cannot read configuration file config.properties trying from resources.
[16:29:49.192] [SEVERE ] configuration file was loaded from resources directory.
[16:29:49.792] [INFO   ] thread dealer starting.
[16:29:49.792] [INFO   ] thread player 0 starting.
[16:29:49.792] [INFO   ] thread player 1 starting.
[16:29:49.796] [INFO   ] thread player 0 starting.
[16:29:49.796] [INFO   ] thread dealer starting.
[16:29:49.796] [INFO   ] thread player 1 starting.
[16:29:49.928] [SEVERE ] placing card 28 in slot 0
[16:29:50.032] [SEVERE ] placing card 14 in slot 1
[16:29:50.143] [SEVERE ] placing card 40 in slot 2
[16:29:50.255] [SEVERE ] placing card 77 in slot 3
[16:29:50.365] [SEVERE ] placing card 60 in slot 4
[16:29:50.475] [SEVERE ] placing card 29 in slot 5
[16:29:50.585] [SEVERE ] placing card 15 in slot 6
[16:29:50.694] [SEVERE ] placing card 69 in slot 7
[16:29:50.804] [SEVERE ] placing card 22 in slot 8
[16:29:50.914] [SEVERE ] placing card 23 in slot 9
[16:29:51.024] [SEVERE ] placing card 20 in slot 10
[16:29:51.134] [SEVERE ] placing card 3 in slot 11
[16:29:52.157] [SEVERE ] updating countdown to 59000
[16:29:53.172] [SEVERE ] updating countdown to 58000
[16:29:54.187] [SEVERE ] updating countdown to 57000
[16:29:55.201] [SEVERE ] updating countdown to 56000
[16:29:56.206] [SEVERE ] updating countdown to 55000
[16:29:57.169] [SEVERE ] key 82 was pressed by player 1
[16:29:57.174] [SEVERE ] player 1 placing token on slot 3
[16:29:57.216] [SEVERE ] updating countdown to 54000
[16:29:58.226] [SEVERE ] updating countdown to 53000
[16:29:59.244] [SEVERE ] updating countdown to 52000
[16:30:00.006] [SEVERE ] key 83 was pressed by player 1
[16:30:00.017] [SEVERE ] player 1 placing token on slot 5
[16:30:00.262] [SEVERE ] updating countdown to 51000
[16:30:01.275] [SEVERE ] updating countdown to 50000
[16:30:01.302] [SEVERE ] key 83 was pressed by player 1
[16:30:01.303] [SEVERE ] removing player 1 token from slot 5
[16:30:01.558] [SEVERE ] key 68 was pressed by player 1
[16:30:01.558] [SEVERE ] player 1 placing token on slot 6
[16:30:02.289] [SEVERE ] updating countdown to 49000
[16:30:03.304] [SEVERE ] updating countdown to 48000
[16:30:04.313] [SEVERE ] updating countdown to 47000
[16:30:05.319] [SEVERE ] updating countdown to 46000
[16:30:06.328] [SEVERE ] updating countdown to 45000
[16:30:07.330] [SEVERE ] updating countdown to 44000
[16:30:08.344] [SEVERE ] updating countdown to 43000
[16:30:09.360] [SEVERE ] updating countdown to 42000
[16:30:10.367] [SEVERE ] updating countdown to 41000
[16:30:11.390] [SEVERE ] updating countdown to 40000
[16:30:12.399] [SEVERE ] updating countdown to 39000
[16:30:13.417] [SEVERE ] updating countdown to 38000
[16:30:14.422] [SEVERE ] updating countdown to 37000
[16:30:15.126] [SEVERE ] key 59 was pressed by player 2
[16:30:15.126] [SEVERE ] player 2 placing token on slot 7
[16:30:15.435] [SEVERE ] updating countdown to 36000
[16:30:16.456] [SEVERE ] updating countdown to 35000
[16:30:17.073] [SEVERE ] key 77 was pressed by player 2
[16:30:17.084] [SEVERE ] player 2 placing token on slot 8
[16:30:17.466] [SEVERE ] updating countdown to 34000
[16:30:18.477] [SEVERE ] updating countdown to 33000
[16:30:19.491] [SEVERE ] updating countdown to 32000
[16:30:20.114] [SEVERE ] key 85 was pressed by player 2
[16:30:20.114] [SEVERE ] player 2 placing token on slot 0
[16:30:20.116] [SEVERE ] setting player 2 freeze to 3000
[16:30:20.234] [SEVERE ] key 81 was pressed by player 1
[16:30:20.234] [SEVERE ] player 1 placing token on slot 0
[16:30:20.513] [SEVERE ] updating countdown to 31000
[16:30:20.514] [SEVERE ] removing player 1 token from slot 3
[16:30:20.514] [SEVERE ] removing card from slot 3
[16:30:20.619] [SEVERE ] removing player 1 token from slot 6
[16:30:20.619] [SEVERE ] removing card from slot 6
[16:30:20.729] [SEVERE ] removing player 1 token from slot 0
[16:30:20.729] [SEVERE ] removing player 2 token from slot 0
[16:30:20.729] [SEVERE ] removing card from slot 0
[16:30:20.949] [SEVERE ] placing card 31 in slot 0
[16:30:21.059] [SEVERE ] placing card 16 in slot 3
[16:30:21.122] [SEVERE ] setting player 2 freeze to 2000
[16:30:21.169] [SEVERE ] placing card 41 in slot 6
[16:30:21.169] [SEVERE ] setting player 1 score to 1
[16:30:21.178] [SEVERE ] setting player 1 freeze to 1000
[16:30:21.182] [SEVERE ] updating countdown to 60000
[16:30:22.129] [SEVERE ] setting player 2 freeze to 1000
[16:30:22.192] [SEVERE ] setting player 1 freeze to 0
[16:30:23.132] [SEVERE ] setting player 2 freeze to 0
[16:30:23.199] [SEVERE ] updating countdown to 59000
[16:30:24.213] [SEVERE ] updating countdown to 58000
