[19:08:21.889] [INFO   ] thread main starting.
[19:08:21.905] [SEVERE ] cannot read configuration file config.properties trying from resources.
[19:08:21.905] [SEVERE ] configuration file was loaded from resources directory.
[19:08:22.681] [INFO   ] thread dealer starting.
[19:08:22.700] [INFO   ] thread player 0 starting.
[19:08:22.702] [INFO   ] thread player 1 starting.
[19:08:22.702] [INFO   ] thread dealer starting.
[19:08:22.705] [INFO   ] thread player 1 starting.
[19:08:22.705] [INFO   ] thread player 0 starting.
[19:08:22.817] [SEVERE ] placing card 28 in slot 0
[19:08:22.928] [SEVERE ] placing card 51 in slot 1
[19:08:23.038] [SEVERE ] placing card 61 in slot 2
[19:08:23.149] [SEVERE ] placing card 0 in slot 3
[19:08:23.259] [SEVERE ] placing card 68 in slot 4
[19:08:23.370] [SEVERE ] placing card 16 in slot 5
[19:08:23.482] [SEVERE ] placing card 35 in slot 6
[19:08:23.592] [SEVERE ] placing card 50 in slot 7
[19:08:23.702] [SEVERE ] placing card 13 in slot 8
[19:08:23.812] [SEVERE ] placing card 32 in slot 9
[19:08:23.922] [SEVERE ] placing card 62 in slot 10
[19:08:24.034] [SEVERE ] placing card 24 in slot 11
[19:08:25.052] [SEVERE ] updating countdown to 60000
[19:08:26.062] [SEVERE ] updating countdown to 59000
[19:08:27.070] [SEVERE ] updating countdown to 58000
[19:08:27.609] [SEVERE ] key 81 was pressed by player 1
[19:08:27.624] [SEVERE ] player 1 placing token on slot 0
[19:08:27.876] [SEVERE ] key 65 was pressed by player 1
[19:08:27.876] [SEVERE ] player 1 placing token on slot 4
[19:08:28.086] [SEVERE ] updating countdown to 57000
[19:08:28.933] [SEVERE ] key 86 was pressed by player 1
[19:08:28.933] [SEVERE ] player 1 placing token on slot 11
[19:08:29.098] [SEVERE ] updating countdown to 56000
[19:08:29.105] [SEVERE ] removing player 1 token from slot 0
[19:08:29.105] [SEVERE ] removing card from slot 0
[19:08:29.210] [SEVERE ] removing player 1 token from slot 4
[19:08:29.210] [SEVERE ] removing card from slot 4
[19:08:29.313] [SEVERE ] removing player 1 token from slot 11
[19:08:29.313] [SEVERE ] removing card from slot 11
[19:08:29.533] [SEVERE ] placing card 21 in slot 0
[19:08:29.644] [SEVERE ] placing card 19 in slot 4
[19:08:29.754] [SEVERE ] placing card 37 in slot 11
[19:08:29.758] [SEVERE ] setting player 1 score to 1
[19:08:29.763] [SEVERE ] setting player 1 freeze to 1000
[19:08:29.763] [SEVERE ] updating countdown to 61000
[19:08:30.767] [SEVERE ] setting player 1 freeze to 0
[19:08:30.788] [SEVERE ] updating countdown to 60000
[19:08:31.798] [SEVERE ] updating countdown to 59000
[19:08:32.801] [SEVERE ] updating countdown to 58000
[19:08:33.812] [SEVERE ] updating countdown to 57000
[19:08:34.164] [SEVERE ] key 85 was pressed by player 2
[19:08:34.164] [SEVERE ] player 2 placing token on slot 0
[19:08:34.814] [SEVERE ] updating countdown to 56000
[19:08:35.684] [SEVERE ] key 46 was pressed by player 2
[19:08:35.684] [SEVERE ] player 2 placing token on slot 10
[19:08:35.827] [SEVERE ] updating countdown to 55000
[19:08:36.169] [SEVERE ] key 46 was pressed by player 2
[19:08:36.184] [SEVERE ] removing player 2 token from slot 10
[19:08:36.848] [SEVERE ] updating countdown to 54000
[19:08:37.858] [SEVERE ] updating countdown to 53000
[19:08:37.875] [SEVERE ] key 46 was pressed by player 2
[19:08:37.875] [SEVERE ] player 2 placing token on slot 10
[19:08:38.863] [SEVERE ] updating countdown to 52000
[19:08:39.325] [SEVERE ] key 67 was pressed by player 1
[19:08:39.325] [SEVERE ] player 1 placing token on slot 10
[19:08:39.879] [SEVERE ] updating countdown to 51000
[19:08:40.894] [SEVERE ] updating countdown to 50000
[19:08:41.172] [SEVERE ] key 47 was pressed by player 2
[19:08:41.172] [SEVERE ] player 2 placing token on slot 11
[19:08:41.910] [SEVERE ] updating countdown to 49000
[19:08:41.916] [SEVERE ] removing player 2 token from slot 0
[19:08:41.916] [SEVERE ] removing card from slot 0
[19:08:42.025] [SEVERE ] removing player 1 token from slot 10
[19:08:42.025] [SEVERE ] removing player 2 token from slot 10
[19:08:42.025] [SEVERE ] removing card from slot 10
[19:08:42.127] [SEVERE ] removing player 2 token from slot 11
[19:08:42.127] [SEVERE ] removing card from slot 11
[19:08:42.301] [SEVERE ] key 86 was pressed by player 1
[19:08:42.348] [SEVERE ] placing card 78 in slot 0
[19:08:42.458] [SEVERE ] placing card 58 in slot 10
[19:08:42.568] [SEVERE ] placing card 63 in slot 11
[19:08:42.568] [SEVERE ] setting player 2 score to 1
[19:08:42.568] [SEVERE ] setting player 2 freeze to 1000
[19:08:42.568] [SEVERE ] updating countdown to 61000
[19:08:43.576] [SEVERE ] setting player 2 freeze to 0
[19:08:43.576] [SEVERE ] updating countdown to 60000
[19:08:44.589] [SEVERE ] updating countdown to 59000
[19:08:45.600] [SEVERE ] updating countdown to 58000
[19:08:46.619] [SEVERE ] updating countdown to 57000
[19:08:47.624] [SEVERE ] updating countdown to 56000
[19:08:48.637] [SEVERE ] updating countdown to 55000
[19:08:49.661] [SEVERE ] updating countdown to 54000
[19:08:50.671] [SEVERE ] updating countdown to 53000
[19:08:51.681] [SEVERE ] updating countdown to 52000
[19:08:52.688] [SEVERE ] updating countdown to 51000
[19:08:53.704] [SEVERE ] updating countdown to 50000
[19:08:54.712] [SEVERE ] updating countdown to 49000
[19:08:55.729] [SEVERE ] updating countdown to 48000
[19:08:56.734] [SEVERE ] updating countdown to 47000
[19:08:57.223] [SEVERE ] key 65 was pressed by player 1
[19:08:57.223] [SEVERE ] player 1 placing token on slot 4
[19:08:57.741] [SEVERE ] updating countdown to 46000
[19:08:58.280] [SEVERE ] key 70 was pressed by player 1
[19:08:58.282] [SEVERE ] player 1 placing token on slot 7
[19:08:58.747] [SEVERE ] updating countdown to 45000
[19:08:59.666] [SEVERE ] key 74 was pressed by player 2
[19:08:59.666] [SEVERE ] player 2 placing token on slot 4
[19:08:59.748] [SEVERE ] updating countdown to 44000
[19:09:00.302] [SEVERE ] key 74 was pressed by player 2
[19:09:00.302] [SEVERE ] removing player 2 token from slot 4
[19:09:00.664] [SEVERE ] key 75 was pressed by player 2
[19:09:00.664] [SEVERE ] player 2 placing token on slot 5
[19:09:00.761] [SEVERE ] updating countdown to 43000
[19:09:01.030] [SEVERE ] key 76 was pressed by player 2
[19:09:01.030] [SEVERE ] player 2 placing token on slot 6
[19:09:01.774] [SEVERE ] updating countdown to 42000
[19:09:02.756] [SEVERE ] key 85 was pressed by player 2
[19:09:02.756] [SEVERE ] player 2 placing token on slot 0
[19:09:02.791] [SEVERE ] updating countdown to 41000
[19:09:02.791] [SEVERE ] removing player 2 token from slot 5
[19:09:02.791] [SEVERE ] removing card from slot 5
[19:09:02.903] [SEVERE ] removing player 2 token from slot 6
[19:09:02.903] [SEVERE ] removing card from slot 6
[19:09:02.959] [SEVERE ] key 81 was pressed by player 1
[19:09:02.959] [SEVERE ] player 1 placing token on slot 0
[19:09:03.006] [SEVERE ] removing player 1 token from slot 0
[19:09:03.006] [SEVERE ] removing player 2 token from slot 0
[19:09:03.006] [SEVERE ] removing card from slot 0
[19:09:03.227] [SEVERE ] placing card 34 in slot 0
[19:09:03.337] [SEVERE ] placing card 43 in slot 5
[19:09:03.447] [SEVERE ] placing card 23 in slot 6
[19:09:03.449] [SEVERE ] setting player 2 score to 2
[19:09:03.449] [SEVERE ] setting player 2 freeze to 1000
[19:09:03.449] [SEVERE ] updating countdown to 61000
[19:09:04.461] [SEVERE ] setting player 2 freeze to 0
[19:09:04.463] [SEVERE ] updating countdown to 60000
[19:09:05.477] [SEVERE ] updating countdown to 59000
[19:09:06.480] [SEVERE ] updating countdown to 58000
[19:09:07.495] [SEVERE ] updating countdown to 57000
[19:09:08.507] [SEVERE ] updating countdown to 56000
[19:09:09.518] [SEVERE ] updating countdown to 55000
[19:09:10.528] [SEVERE ] updating countdown to 54000
[19:09:11.543] [SEVERE ] updating countdown to 53000
[19:09:11.828] [SEVERE ] key 81 was pressed by player 1
[19:09:11.828] [SEVERE ] player 1 placing token on slot 0
[19:09:12.025] [SEVERE ] key 85 was pressed by player 2
[19:09:12.025] [SEVERE ] player 2 placing token on slot 0
[19:09:12.551] [SEVERE ] setting player 1 freeze to 3000
[19:09:12.551] [SEVERE ] updating countdown to 52000
[19:09:13.564] [SEVERE ] setting player 1 freeze to 2000
[19:09:13.564] [SEVERE ] updating countdown to 51000
[19:09:13.564] [SEVERE ] key 76 was pressed by player 2
[19:09:13.564] [SEVERE ] player 2 placing token on slot 6
[19:09:14.536] [SEVERE ] key 80 was pressed by player 2
[19:09:14.538] [SEVERE ] player 2 placing token on slot 3
[19:09:14.567] [SEVERE ] setting player 1 freeze to 1000
[19:09:14.568] [SEVERE ] setting player 2 freeze to 3000
[19:09:14.570] [SEVERE ] updating countdown to 50000
[19:09:15.579] [SEVERE ] setting player 2 freeze to 2000
[19:09:15.579] [SEVERE ] setting player 1 freeze to 0
[19:09:15.584] [SEVERE ] updating countdown to 49000
[19:09:15.790] [SEVERE ] key 81 was pressed by player 1
[19:09:15.790] [SEVERE ] removing player 1 token from slot 0
[19:09:16.594] [SEVERE ] setting player 2 freeze to 1000
[19:09:16.594] [SEVERE ] updating countdown to 48000
[19:09:17.608] [SEVERE ] setting player 2 freeze to 0
[19:09:17.610] [SEVERE ] updating countdown to 47000
[19:09:17.838] [SEVERE ] key 81 was pressed by player 1
[19:09:17.838] [SEVERE ] player 1 placing token on slot 0
[19:09:18.614] [SEVERE ] setting player 1 freeze to 3000
[19:09:18.616] [SEVERE ] updating countdown to 46000
[19:09:19.626] [SEVERE ] setting player 1 freeze to 2000
[19:09:19.626] [SEVERE ] updating countdown to 45000
[19:09:20.178] [SEVERE ] key 80 was pressed by player 2
[19:09:20.178] [SEVERE ] removing player 2 token from slot 3
[19:09:20.628] [SEVERE ] setting player 1 freeze to 1000
[19:09:20.630] [SEVERE ] updating countdown to 44000
[19:09:21.638] [SEVERE ] setting player 1 freeze to 0
[19:09:21.640] [SEVERE ] updating countdown to 43000
[19:09:22.646] [SEVERE ] updating countdown to 42000
[19:09:23.140] [SEVERE ] key 65 was pressed by player 1
[19:09:23.140] [SEVERE ] removing player 1 token from slot 4
[19:09:23.663] [SEVERE ] updating countdown to 41000
[19:09:24.673] [SEVERE ] updating countdown to 40000
[19:09:24.981] [SEVERE ] key 68 was pressed by player 1
[19:09:24.981] [SEVERE ] player 1 placing token on slot 6
[19:09:25.678] [SEVERE ] setting player 1 freeze to 3000
[19:09:25.682] [SEVERE ] updating countdown to 39000
[19:09:26.675] [SEVERE ] key 59 was pressed by player 2
[19:09:26.675] [SEVERE ] player 2 placing token on slot 7
[19:09:26.691] [SEVERE ] setting player 1 freeze to 2000
[19:09:26.693] [SEVERE ] setting player 2 freeze to 3000
[19:09:26.694] [SEVERE ] updating countdown to 38000
[19:09:27.693] [SEVERE ] setting player 1 freeze to 1000
[19:09:27.693] [SEVERE ] setting player 2 freeze to 2000
[19:09:27.712] [SEVERE ] updating countdown to 37000
[19:09:28.704] [SEVERE ] setting player 1 freeze to 0
[19:09:28.704] [SEVERE ] setting player 2 freeze to 1000
[19:09:28.722] [SEVERE ] updating countdown to 36000
[19:09:29.718] [SEVERE ] setting player 2 freeze to 0
[19:09:29.736] [SEVERE ] updating countdown to 35000
[19:09:30.002] [SEVERE ] key 59 was pressed by player 2
[19:09:30.002] [SEVERE ] removing player 2 token from slot 7
[19:09:30.745] [SEVERE ] updating countdown to 34000
[19:09:31.649] [SEVERE ] key 70 was pressed by player 1
[19:09:31.649] [SEVERE ] removing player 1 token from slot 7
[19:09:31.754] [SEVERE ] updating countdown to 33000
[19:09:32.756] [SEVERE ] updating countdown to 32000
[19:09:33.761] [SEVERE ] updating countdown to 31000
[19:09:34.779] [SEVERE ] updating countdown to 30000
[19:09:34.998] [SEVERE ] key 86 was pressed by player 1
[19:09:34.998] [SEVERE ] player 1 placing token on slot 11
[19:09:35.213] [SEVERE ] key 47 was pressed by player 2
[19:09:35.213] [SEVERE ] player 2 placing token on slot 11
[19:09:35.785] [SEVERE ] updating countdown to 29000
[19:09:35.785] [SEVERE ] removing player 1 token from slot 0
[19:09:35.788] [SEVERE ] removing player 2 token from slot 0
[19:09:35.788] [SEVERE ] removing card from slot 0
[19:09:35.897] [SEVERE ] removing player 1 token from slot 6
[19:09:35.897] [SEVERE ] removing player 2 token from slot 6
[19:09:35.897] [SEVERE ] removing card from slot 6
[19:09:36.001] [SEVERE ] removing player 1 token from slot 11
[19:09:36.001] [SEVERE ] removing player 2 token from slot 11
[19:09:36.001] [SEVERE ] removing card from slot 11
[19:09:36.221] [SEVERE ] placing card 26 in slot 0
[19:09:36.331] [SEVERE ] placing card 72 in slot 6
[19:09:36.441] [SEVERE ] placing card 64 in slot 11
[19:09:36.445] [SEVERE ] setting player 1 score to 2
[19:09:36.445] [SEVERE ] setting player 1 freeze to 1000
[19:09:36.447] [SEVERE ] updating countdown to 61000
[19:09:37.450] [SEVERE ] setting player 1 freeze to 0
[19:09:37.454] [SEVERE ] setting player 2 score to 3
[19:09:37.454] [SEVERE ] setting player 2 freeze to 1000
[19:09:37.457] [SEVERE ] updating countdown to 60000
[19:09:37.494] [SEVERE ] key 46 was pressed by player 2
[19:09:38.459] [SEVERE ] setting player 2 freeze to 0
[19:09:38.461] [SEVERE ] updating countdown to 59000
[19:09:39.476] [SEVERE ] updating countdown to 58000
[19:09:40.489] [SEVERE ] updating countdown to 57000
[19:09:41.507] [SEVERE ] updating countdown to 56000
[19:09:42.517] [SEVERE ] updating countdown to 55000
[19:09:43.521] [SEVERE ] updating countdown to 54000
[19:09:44.536] [SEVERE ] updating countdown to 53000
[19:09:45.545] [SEVERE ] updating countdown to 52000
[19:09:46.559] [SEVERE ] updating countdown to 51000
[19:09:47.575] [SEVERE ] updating countdown to 50000
[19:09:48.577] [SEVERE ] updating countdown to 49000
[19:09:48.809] [SEVERE ] key 81 was pressed by player 1
[19:09:48.809] [SEVERE ] player 1 placing token on slot 0
[19:09:49.585] [SEVERE ] updating countdown to 48000
[19:09:49.656] [SEVERE ] key 85 was pressed by player 2
[19:09:49.656] [SEVERE ] player 2 placing token on slot 0
[19:09:50.602] [SEVERE ] updating countdown to 47000
[19:09:51.165] [SEVERE ] key 82 was pressed by player 1
[19:09:51.165] [SEVERE ] player 1 placing token on slot 3
[19:09:51.414] [SEVERE ] key 80 was pressed by player 2
[19:09:51.414] [SEVERE ] player 2 placing token on slot 3
[19:09:51.613] [SEVERE ] updating countdown to 46000
[19:09:52.616] [SEVERE ] updating countdown to 45000
[19:09:53.626] [SEVERE ] updating countdown to 44000
[19:09:54.635] [SEVERE ] updating countdown to 43000
[19:09:55.647] [SEVERE ] updating countdown to 42000
[19:09:56.659] [SEVERE ] updating countdown to 41000
[19:09:57.675] [SEVERE ] updating countdown to 40000
[19:09:58.239] [SEVERE ] key 90 was pressed by player 1
[19:09:58.239] [SEVERE ] player 1 placing token on slot 8
[19:09:58.681] [SEVERE ] updating countdown to 39000
[19:09:58.681] [SEVERE ] removing player 1 token from slot 0
[19:09:58.681] [SEVERE ] removing player 2 token from slot 0
[19:09:58.681] [SEVERE ] removing card from slot 0
[19:09:58.804] [SEVERE ] removing player 1 token from slot 3
[19:09:58.804] [SEVERE ] removing player 2 token from slot 3
[19:09:58.804] [SEVERE ] removing card from slot 3
[19:09:58.913] [SEVERE ] removing player 1 token from slot 8
[19:09:58.913] [SEVERE ] removing card from slot 8
[19:09:59.133] [SEVERE ] placing card 59 in slot 0
[19:09:59.243] [SEVERE ] placing card 69 in slot 3
[19:09:59.353] [SEVERE ] placing card 6 in slot 8
[19:09:59.353] [SEVERE ] setting player 1 score to 3
[19:09:59.353] [SEVERE ] setting player 1 freeze to 1000
[19:09:59.353] [SEVERE ] updating countdown to 61000
[19:10:00.368] [SEVERE ] setting player 1 freeze to 0
[19:10:00.372] [SEVERE ] updating countdown to 60000
[19:10:01.388] [SEVERE ] updating countdown to 59000
[19:10:02.391] [SEVERE ] updating countdown to 58000
[19:10:03.397] [SEVERE ] updating countdown to 57000
[19:10:04.400] [SEVERE ] updating countdown to 56000
[19:10:05.403] [SEVERE ] updating countdown to 55000
[19:10:06.419] [SEVERE ] updating countdown to 54000
[19:10:06.976] [SEVERE ] key 65 was pressed by player 1
[19:10:06.976] [SEVERE ] player 1 placing token on slot 4
[19:10:07.421] [SEVERE ] updating countdown to 53000
[19:10:07.443] [SEVERE ] key 83 was pressed by player 1
[19:10:07.443] [SEVERE ] player 1 placing token on slot 5
[19:10:08.433] [SEVERE ] updating countdown to 52000
[19:10:09.031] [SEVERE ] key 74 was pressed by player 2
[19:10:09.031] [SEVERE ] player 2 placing token on slot 4
[19:10:09.374] [SEVERE ] key 75 was pressed by player 2
[19:10:09.374] [SEVERE ] player 2 placing token on slot 5
[19:10:09.437] [SEVERE ] updating countdown to 51000
[19:10:10.440] [SEVERE ] updating countdown to 50000
[19:10:11.453] [SEVERE ] updating countdown to 49000
[19:10:12.468] [SEVERE ] updating countdown to 48000
[19:10:13.481] [SEVERE ] updating countdown to 47000
[19:10:13.916] [SEVERE ] key 46 was pressed by player 2
[19:10:13.916] [SEVERE ] player 2 placing token on slot 10
[19:10:14.088] [SEVERE ] key 67 was pressed by player 1
[19:10:14.088] [SEVERE ] player 1 placing token on slot 10
[19:10:14.482] [SEVERE ] updating countdown to 46000
[19:10:14.485] [SEVERE ] removing player 1 token from slot 4
[19:10:14.486] [SEVERE ] removing player 2 token from slot 4
[19:10:14.486] [SEVERE ] removing card from slot 4
[19:10:14.587] [SEVERE ] removing player 1 token from slot 5
[19:10:14.587] [SEVERE ] removing player 2 token from slot 5
[19:10:14.587] [SEVERE ] removing card from slot 5
[19:10:14.698] [SEVERE ] removing player 1 token from slot 10
[19:10:14.698] [SEVERE ] removing player 2 token from slot 10
[19:10:14.698] [SEVERE ] removing card from slot 10
[19:10:14.918] [SEVERE ] placing card 9 in slot 4
[19:10:15.028] [SEVERE ] placing card 48 in slot 5
[19:10:15.137] [SEVERE ] placing card 11 in slot 10
[19:10:15.137] [SEVERE ] setting player 2 score to 4
[19:10:15.137] [SEVERE ] setting player 2 freeze to 1000
[19:10:15.137] [SEVERE ] updating countdown to 61000
[19:10:16.153] [SEVERE ] setting player 2 freeze to 0
[19:10:16.156] [SEVERE ] setting player 1 score to 4
[19:10:16.157] [SEVERE ] setting player 1 freeze to 1000
[19:10:16.158] [SEVERE ] updating countdown to 60000
[19:10:17.169] [SEVERE ] setting player 1 freeze to 0
[19:10:17.171] [SEVERE ] updating countdown to 59000
[19:10:18.179] [SEVERE ] updating countdown to 58000
