[12:18:25.399] [INFO   ] thread main starting.
[12:18:25.404] [SEVERE ] cannot read configuration file config.properties trying from resources.
[12:18:25.404] [SEVERE ] configuration file was loaded from resources directory.
[12:18:25.967] [INFO   ] thread dealer starting.
[12:18:25.967] [INFO   ] thread player 0 starting.
[12:18:25.967] [INFO   ] thread player 1 starting.
[12:18:25.967] [INFO   ] thread player 0 starting.
[12:18:25.967] [INFO   ] thread player 1 starting.
[12:18:25.967] [INFO   ] thread dealer starting.
[12:18:25.967] [INFO   ] thread computer-1 starting.
[12:18:26.099] [SEVERE ] placing card 15 in slot 0
[12:18:26.202] [SEVERE ] placing card 70 in slot 1
[12:18:26.306] [SEVERE ] placing card 49 in slot 2
[12:18:26.413] [SEVERE ] placing card 58 in slot 3
[12:18:26.518] [SEVERE ] placing card 80 in slot 4
[12:18:26.627] [SEVERE ] placing card 29 in slot 5
[12:18:26.732] [SEVERE ] placing card 64 in slot 6
[12:18:26.843] [SEVERE ] placing card 40 in slot 7
[12:18:26.953] [SEVERE ] placing card 32 in slot 8
[12:18:27.063] [SEVERE ] placing card 44 in slot 9
[12:18:27.173] [SEVERE ] placing card 25 in slot 10
[12:18:27.282] [SEVERE ] placing card 30 in slot 11
[12:18:28.304] [SEVERE ] updating countdown to 59000
[12:18:29.307] [SEVERE ] updating countdown to 58000
[12:18:30.314] [SEVERE ] updating countdown to 57000
[12:18:30.985] [SEVERE ] player 2 placing token on slot 3
[12:18:31.327] [SEVERE ] updating countdown to 56000
[12:18:32.333] [SEVERE ] updating countdown to 55000
[12:18:33.344] [SEVERE ] updating countdown to 54000
[12:18:34.356] [SEVERE ] updating countdown to 53000
[12:18:35.358] [SEVERE ] updating countdown to 52000
[12:18:35.992] [SEVERE ] player 2 placing token on slot 5
[12:18:36.369] [SEVERE ] updating countdown to 51000
[12:18:37.374] [SEVERE ] updating countdown to 50000
[12:18:38.375] [SEVERE ] updating countdown to 49000
[12:18:39.380] [SEVERE ] updating countdown to 48000
