[00:32:10.104] [INFO   ] thread main starting.
[00:32:10.116] [SEVERE ] cannot read configuration file config.properties trying from resources.
[00:32:10.120] [SEVERE ] configuration file was loaded from resources directory.
[00:32:10.838] [INFO   ] thread dealer starting.
[00:32:10.840] [INFO   ] thread player 0 starting.
[00:32:10.842] [INFO   ] thread player 1 starting.
[00:32:10.858] [INFO   ] thread dealer starting.
[00:32:10.858] [INFO   ] thread player 0 starting.
[00:32:10.858] [INFO   ] thread player 1 starting.
[00:32:10.968] [SEVERE ] placing card 55 in slot 0
[00:32:11.076] [SEVERE ] placing card 80 in slot 1
[00:32:11.185] [SEVERE ] placing card 66 in slot 2
[00:32:11.293] [SEVERE ] placing card 71 in slot 3
[00:32:11.402] [SEVERE ] placing card 28 in slot 4
[00:32:11.511] [SEVERE ] placing card 70 in slot 5
[00:32:11.620] [SEVERE ] placing card 18 in slot 6
[00:32:11.728] [SEVERE ] placing card 73 in slot 7
[00:32:11.836] [SEVERE ] placing card 48 in slot 8
[00:32:11.945] [SEVERE ] placing card 24 in slot 9
[00:32:12.054] [SEVERE ] placing card 41 in slot 10
[00:32:12.164] [SEVERE ] placing card 74 in slot 11
[00:32:13.194] [SEVERE ] updating countdown to 59000
[00:32:14.214] [SEVERE ] updating countdown to 58000
[00:32:15.221] [SEVERE ] updating countdown to 57000
[00:32:16.240] [SEVERE ] updating countdown to 56000
[00:32:17.252] [SEVERE ] updating countdown to 55000
[00:32:18.262] [SEVERE ] updating countdown to 54000
[00:32:19.272] [SEVERE ] updating countdown to 53000
[00:32:20.287] [SEVERE ] updating countdown to 52000
[00:32:21.301] [SEVERE ] updating countdown to 51000
[00:32:21.618] [SEVERE ] key 79 was pressed by player 2
[00:32:21.619] [SEVERE ] player 2 placing token on slot 2
[00:32:21.926] [SEVERE ] key 73 was pressed by player 2
[00:32:21.927] [SEVERE ] player 2 placing token on slot 1
[00:32:22.314] [SEVERE ] updating countdown to 50000
[00:32:23.328] [SEVERE ] updating countdown to 49000
[00:32:23.674] [SEVERE ] key 69 was pressed by player 1
[00:32:23.676] [SEVERE ] player 1 placing token on slot 2
[00:32:24.214] [SEVERE ] key 87 was pressed by player 1
[00:32:24.216] [SEVERE ] player 1 placing token on slot 1
[00:32:24.340] [SEVERE ] updating countdown to 48000
[00:32:25.355] [SEVERE ] updating countdown to 47000
[00:32:25.806] [SEVERE ] key 85 was pressed by player 2
[00:32:25.807] [SEVERE ] player 2 placing token on slot 0
[00:32:26.028] [SEVERE ] key 81 was pressed by player 1
[00:32:26.029] [SEVERE ] player 1 placing token on slot 0
[00:32:26.374] [SEVERE ] updating countdown to 46000
[00:32:27.391] [SEVERE ] updating countdown to 45000
[00:32:28.401] [SEVERE ] updating countdown to 44000
[00:32:29.410] [SEVERE ] updating countdown to 43000
[00:32:30.423] [SEVERE ] updating countdown to 42000
[00:32:31.433] [SEVERE ] updating countdown to 41000
[00:32:31.953] [SEVERE ] key 81 was pressed by player 1
[00:32:32.445] [SEVERE ] updating countdown to 40000
[00:32:33.467] [SEVERE ] updating countdown to 39000
[00:32:34.471] [SEVERE ] updating countdown to 38000
[00:32:35.476] [SEVERE ] updating countdown to 37000
