[18:33:43.295] [INFO   ] thread main starting.
[18:33:43.306] [SEVERE ] cannot read configuration file config.properties trying from resources.
[18:33:43.310] [SEVERE ] configuration file was loaded from resources directory.
[18:33:43.953] [INFO   ] thread dealer starting.
[18:33:43.953] [INFO   ] thread player 0 starting.
[18:33:43.955] [INFO   ] thread player 1 starting.
[18:33:43.955] [INFO   ] thread dealer starting.
[18:33:43.963] [INFO   ] thread player 0 starting.
[18:33:43.963] [INFO   ] thread player 1 starting.
[18:33:44.072] [SEVERE ] placing card 66 in slot 0
[18:33:44.181] [SEVERE ] placing card 14 in slot 1
[18:33:44.291] [SEVERE ] placing card 28 in slot 2
[18:33:44.399] [SEVERE ] placing card 64 in slot 3
[18:33:44.509] [SEVERE ] placing card 15 in slot 4
[18:33:44.618] [SEVERE ] placing card 37 in slot 5
[18:33:44.726] [SEVERE ] placing card 10 in slot 6
[18:33:44.836] [SEVERE ] placing card 41 in slot 7
[18:33:44.945] [SEVERE ] placing card 47 in slot 8
[18:33:45.054] [SEVERE ] placing card 60 in slot 9
[18:33:45.164] [SEVERE ] placing card 73 in slot 10
[18:33:45.271] [SEVERE ] placing card 42 in slot 11
[18:33:46.300] [SEVERE ] updating countdown to 5000
[18:33:46.319] [SEVERE ] updating countdown to 4000
[18:33:46.328] [SEVERE ] updating countdown to 3000
[18:33:46.332] [SEVERE ] updating countdown to 2000
[18:33:46.337] [SEVERE ] updating countdown to 1000
[18:33:46.341] [SEVERE ] updating countdown to 0
[18:33:46.346] [SEVERE ] removing card from slot 0
[18:33:46.454] [SEVERE ] removing card from slot 1
[18:33:46.564] [SEVERE ] removing card from slot 2
[18:33:46.674] [SEVERE ] removing card from slot 3
[18:33:46.784] [SEVERE ] removing card from slot 4
[18:33:46.893] [SEVERE ] removing card from slot 5
[18:33:47.006] [SEVERE ] removing card from slot 6
[18:33:47.115] [SEVERE ] removing card from slot 7
[18:33:47.224] [SEVERE ] removing card from slot 8
[18:33:47.333] [SEVERE ] removing card from slot 9
[18:33:47.443] [SEVERE ] removing card from slot 10
[18:33:47.552] [SEVERE ] removing card from slot 11
[18:33:47.769] [SEVERE ] placing card 59 in slot 0
[18:33:47.879] [SEVERE ] placing card 47 in slot 1
[18:33:47.987] [SEVERE ] placing card 36 in slot 2
[18:33:48.095] [SEVERE ] placing card 64 in slot 3
[18:33:48.205] [SEVERE ] placing card 26 in slot 4
[18:33:48.315] [SEVERE ] placing card 15 in slot 5
[18:33:48.423] [SEVERE ] placing card 2 in slot 6
[18:33:48.532] [SEVERE ] placing card 61 in slot 7
[18:33:48.639] [SEVERE ] placing card 76 in slot 8
[18:33:48.748] [SEVERE ] placing card 8 in slot 9
[18:33:48.859] [SEVERE ] placing card 35 in slot 10
[18:33:48.969] [SEVERE ] placing card 5 in slot 11
[18:33:48.969] [SEVERE ] updating countdown to 6000
[18:33:48.970] [SEVERE ] updating countdown to 6000
[18:33:49.986] [SEVERE ] updating countdown to 5000
[18:33:49.988] [SEVERE ] updating countdown to 4000
[18:33:49.991] [SEVERE ] updating countdown to 3000
[18:33:49.993] [SEVERE ] updating countdown to 2000
[18:33:49.997] [SEVERE ] updating countdown to 1000
[18:33:50.000] [SEVERE ] updating countdown to 0
[18:33:50.003] [SEVERE ] removing card from slot 0
[18:33:50.109] [SEVERE ] removing card from slot 1
[18:33:50.218] [SEVERE ] removing card from slot 2
[18:33:50.327] [SEVERE ] removing card from slot 3
[18:33:50.436] [SEVERE ] removing card from slot 4
[18:33:50.545] [SEVERE ] removing card from slot 5
[18:33:50.654] [SEVERE ] removing card from slot 6
[18:33:50.762] [SEVERE ] removing card from slot 7
[18:33:50.872] [SEVERE ] removing card from slot 8
[18:33:50.981] [SEVERE ] removing card from slot 9
[18:33:51.090] [SEVERE ] removing card from slot 10
