[16:43:02.079] [INFO   ] thread main starting.
[16:43:02.079] [SEVERE ] cannot read configuration file config.properties trying from resources.
[16:43:02.096] [SEVERE ] configuration file was loaded from resources directory.
[16:43:02.747] [INFO   ] thread dealer starting.
[16:43:02.752] [INFO   ] thread player 0 starting.
[16:43:02.753] [INFO   ] thread player 1 starting.
[16:43:02.753] [INFO   ] thread dealer starting.
[16:43:02.779] [INFO   ] thread player 0 starting.
[16:43:02.779] [INFO   ] thread player 1 starting.
[16:43:02.890] [SEVERE ] placing card 12 in slot 0
[16:43:02.993] [SEVERE ] placing card 72 in slot 1
[16:43:03.104] [SEVERE ] placing card 48 in slot 2
[16:43:03.208] [SEVERE ] placing card 32 in slot 3
[16:43:03.311] [SEVERE ] placing card 58 in slot 4
[16:43:03.425] [SEVERE ] placing card 16 in slot 5
[16:43:03.528] [SEVERE ] placing card 19 in slot 6
[16:43:03.638] [SEVERE ] placing card 4 in slot 7
[16:43:03.748] [SEVERE ] placing card 31 in slot 8
[16:43:03.858] [SEVERE ] placing card 13 in slot 9
[16:43:03.968] [SEVERE ] placing card 80 in slot 10
[16:43:04.078] [SEVERE ] placing card 2 in slot 11
[16:43:05.102] [SEVERE ] updating countdown to 59000
[16:43:06.111] [SEVERE ] updating countdown to 58000
[16:43:07.117] [SEVERE ] updating countdown to 57000
[16:43:08.123] [SEVERE ] updating countdown to 56000
[16:43:09.146] [SEVERE ] updating countdown to 55000
[16:43:10.158] [SEVERE ] updating countdown to 54000
[16:43:11.180] [SEVERE ] updating countdown to 53000
[16:43:12.198] [SEVERE ] updating countdown to 52000
[16:43:13.202] [SEVERE ] updating countdown to 51000
[16:43:14.204] [SEVERE ] updating countdown to 50000
[16:43:15.216] [SEVERE ] updating countdown to 49000
[16:43:16.222] [SEVERE ] updating countdown to 48000
[16:43:16.421] [SEVERE ] key 65 was pressed by player 1
[16:43:16.421] [SEVERE ] player 1 placing token on slot 4
[16:43:17.227] [SEVERE ] updating countdown to 47000
[16:43:18.237] [SEVERE ] updating countdown to 46000
[16:43:19.244] [SEVERE ] updating countdown to 45000
[16:43:20.249] [SEVERE ] updating countdown to 44000
[16:43:20.463] [SEVERE ] key 90 was pressed by player 1
[16:43:20.463] [SEVERE ] player 1 placing token on slot 8
[16:43:21.264] [SEVERE ] updating countdown to 43000
[16:43:22.269] [SEVERE ] updating countdown to 42000
[16:43:23.277] [SEVERE ] updating countdown to 41000
[16:43:23.768] [SEVERE ] key 74 was pressed by player 2
[16:43:23.768] [SEVERE ] player 2 placing token on slot 4
[16:43:24.285] [SEVERE ] updating countdown to 40000
[16:43:24.715] [SEVERE ] key 74 was pressed by player 2
[16:43:24.715] [SEVERE ] removing player 2 token from slot 4
[16:43:25.233] [SEVERE ] key 75 was pressed by player 2
[16:43:25.233] [SEVERE ] player 2 placing token on slot 5
[16:43:25.298] [SEVERE ] updating countdown to 39000
[16:43:26.167] [SEVERE ] key 76 was pressed by player 2
[16:43:26.167] [SEVERE ] player 2 placing token on slot 6
[16:43:26.318] [SEVERE ] updating countdown to 38000
[16:43:27.329] [SEVERE ] updating countdown to 37000
[16:43:28.345] [SEVERE ] updating countdown to 36000
[16:43:29.360] [SEVERE ] updating countdown to 35000
[16:43:30.378] [SEVERE ] updating countdown to 34000
[16:43:31.391] [SEVERE ] updating countdown to 33000
[16:43:32.162] [SEVERE ] key 59 was pressed by player 2
[16:43:32.162] [SEVERE ] player 2 placing token on slot 7
[16:43:32.320] [SEVERE ] key 70 was pressed by player 1
[16:43:32.320] [SEVERE ] player 1 placing token on slot 7
[16:43:32.399] [SEVERE ] updating countdown to 32000
[16:43:32.399] [SEVERE ] removing player 1 token from slot 4
[16:43:32.399] [SEVERE ] removing card from slot 4
[16:43:32.515] [SEVERE ] removing player 1 token from slot 8
[16:43:32.515] [SEVERE ] removing card from slot 8
[16:43:32.625] [SEVERE ] removing player 1 token from slot 7
[16:43:32.625] [SEVERE ] removing player 2 token from slot 7
[16:43:32.625] [SEVERE ] removing card from slot 7
[16:43:32.847] [SEVERE ] placing card 11 in slot 4
[16:43:32.957] [SEVERE ] placing card 57 in slot 7
[16:43:33.067] [SEVERE ] placing card 39 in slot 8
[16:43:33.067] [SEVERE ] updating countdown to 60000
[16:43:34.087] [SEVERE ] updating countdown to 59000
[16:43:35.094] [SEVERE ] updating countdown to 58000
[16:43:36.105] [SEVERE ] updating countdown to 57000
[16:43:37.120] [SEVERE ] updating countdown to 56000
