[00:23:48.235] [INFO   ] thread main starting.
[00:23:48.250] [SEVERE ] cannot read configuration file config.properties trying from resources.
[00:23:48.250] [SEVERE ] configuration file was loaded from resources directory.
[00:23:49.195] [INFO   ] thread dealer starting.
[00:23:49.206] [INFO   ] thread player 0 starting.
[00:23:49.207] [INFO   ] thread player 1 starting.
[00:23:49.207] [INFO   ] thread player 0 starting.
[00:23:49.207] [INFO   ] thread dealer starting.
[00:23:49.208] [INFO   ] thread player 1 starting.
[00:23:49.328] [SEVERE ] placing card 56 in slot 0
[00:23:49.430] [SEVERE ] placing card 62 in slot 1
[00:23:49.541] [SEVERE ] placing card 9 in slot 2
[00:23:49.645] [SEVERE ] placing card 51 in slot 3
[00:23:49.748] [SEVERE ] placing card 46 in slot 4
[00:23:49.860] [SEVERE ] placing card 10 in slot 5
[00:23:49.963] [SEVERE ] placing card 76 in slot 6
[00:23:50.081] [SEVERE ] placing card 75 in slot 7
[00:23:50.192] [SEVERE ] placing card 32 in slot 8
[00:23:50.298] [SEVERE ] placing card 6 in slot 9
[00:23:50.409] [SEVERE ] placing card 49 in slot 10
[00:23:50.519] [SEVERE ] placing card 13 in slot 11
[00:23:51.545] [SEVERE ] updating countdown to 59000
[00:23:51.920] [SEVERE ] key 87 was pressed by player 1
[00:23:51.920] [SEVERE ] player 1 placing token on slot 1
[00:23:52.563] [SEVERE ] updating countdown to 58000
[00:23:52.735] [SEVERE ] key 87 was pressed by player 1
[00:23:52.735] [SEVERE ] removing player 1 token from slot 1
[00:23:53.018] [SEVERE ] key 80 was pressed by player 2
[00:23:53.018] [SEVERE ] player 2 placing token on slot 3
[00:23:53.406] [SEVERE ] key 79 was pressed by player 2
[00:23:53.406] [SEVERE ] player 2 placing token on slot 2
[00:23:53.579] [SEVERE ] updating countdown to 57000
[00:23:53.810] [SEVERE ] key 69 was pressed by player 1
[00:23:53.810] [SEVERE ] player 1 placing token on slot 2
[00:23:53.882] [SEVERE ] key 79 was pressed by player 2
[00:23:53.882] [SEVERE ] removing player 2 token from slot 2
[00:23:53.977] [SEVERE ] key 80 was pressed by player 2
[00:23:53.984] [SEVERE ] removing player 2 token from slot 3
[00:23:53.993] [SEVERE ] key 87 was pressed by player 1
[00:23:54.000] [SEVERE ] player 1 placing token on slot 1
[00:23:54.337] [SEVERE ] key 75 was pressed by player 2
[00:23:54.337] [SEVERE ] player 2 placing token on slot 5
[00:23:54.377] [SEVERE ] key 70 was pressed by player 1
[00:23:54.377] [SEVERE ] player 1 placing token on slot 7
[00:23:54.425] [SEVERE ] key 69 was pressed by player 1
[00:23:54.578] [SEVERE ] key 80 was pressed by player 2
[00:23:54.578] [SEVERE ] player 2 placing token on slot 3
[00:23:54.594] [SEVERE ] setting player 1 freeze to 3000
[00:23:54.602] [SEVERE ] updating countdown to 56000
[00:23:54.800] [SEVERE ] key 79 was pressed by player 2
[00:23:54.800] [SEVERE ] player 2 placing token on slot 2
[00:23:55.003] [SEVERE ] key 80 was pressed by player 2
[00:23:55.145] [SEVERE ] key 79 was pressed by player 2
[00:23:55.255] [SEVERE ] key 80 was pressed by player 2
[00:23:55.365] [SEVERE ] key 81 was pressed by player 1
[00:23:55.570] [SEVERE ] key 79 was pressed by player 2
[00:23:55.601] [SEVERE ] setting player 1 freeze to 2000
[00:23:55.711] [SEVERE ] key 80 was pressed by player 2
[00:23:56.087] [SEVERE ] key 69 was pressed by player 1
[00:23:56.528] [SEVERE ] key 76 was pressed by player 2
[00:23:56.606] [SEVERE ] setting player 1 freeze to 1000
[00:23:57.614] [SEVERE ] setting player 1 freeze to 0
[00:23:57.617] [SEVERE ] setting player 2 freeze to 3000
[00:23:58.627] [SEVERE ] setting player 2 freeze to 2000
[00:23:59.631] [SEVERE ] setting player 2 freeze to 1000
[00:24:00.641] [SEVERE ] setting player 2 freeze to 0
[00:24:01.650] [SEVERE ] updating countdown to 55000
[00:24:02.666] [SEVERE ] updating countdown to 54000
