[00:43:59.186] [INFO   ] thread main starting.
[00:43:59.196] [SEVERE ] cannot read configuration file config.properties trying from resources.
[00:43:59.196] [SEVERE ] configuration file was loaded from resources directory.
[00:43:59.978] [INFO   ] thread dealer starting.
[00:43:59.986] [INFO   ] thread player 0 starting.
[00:43:59.987] [INFO   ] thread player 1 starting.
[00:43:59.988] [INFO   ] thread player 0 starting.
[00:43:59.988] [INFO   ] thread dealer starting.
[00:43:59.990] [INFO   ] thread player 1 starting.
[00:44:00.106] [SEVERE ] placing card 53 in slot 0
[00:44:00.209] [SEVERE ] placing card 37 in slot 1
[00:44:00.319] [SEVERE ] placing card 48 in slot 2
[00:44:00.424] [SEVERE ] placing card 16 in slot 3
[00:44:00.536] [SEVERE ] placing card 4 in slot 4
[00:44:00.640] [SEVERE ] placing card 65 in slot 5
[00:44:00.743] [SEVERE ] placing card 14 in slot 6
[00:44:00.856] [SEVERE ] placing card 30 in slot 7
[00:44:00.961] [SEVERE ] placing card 25 in slot 8
[00:44:01.073] [SEVERE ] placing card 55 in slot 9
[00:44:01.183] [SEVERE ] placing card 11 in slot 10
[00:44:01.295] [SEVERE ] placing card 34 in slot 11
[00:44:02.306] [SEVERE ] updating countdown to 59000
[00:44:03.326] [SEVERE ] updating countdown to 58000
[00:44:04.336] [SEVERE ] updating countdown to 57000
[00:44:04.628] [SEVERE ] key 81 was pressed by player 1
[00:44:04.629] [SEVERE ] player 1 placing token on slot 0
[00:44:04.962] [SEVERE ] key 87 was pressed by player 1
[00:44:04.962] [SEVERE ] player 1 placing token on slot 1
[00:44:05.346] [SEVERE ] updating countdown to 56000
[00:44:05.836] [SEVERE ] key 70 was pressed by player 1
[00:44:05.836] [SEVERE ] player 1 placing token on slot 7
[00:44:06.354] [SEVERE ] setting player 1 score to 1
[00:44:06.356] [SEVERE ] setting player 1 freeze to 1000
[00:44:06.366] [SEVERE ] updating countdown to 55000
[00:44:07.375] [SEVERE ] setting player 1 freeze to 0
[00:44:07.376] [SEVERE ] setting player 1 freeze to 3000
[00:44:07.376] [SEVERE ] removing player 1 token from slot 0
[00:44:07.376] [SEVERE ] removing card from slot 0
[00:44:07.482] [SEVERE ] removing player 1 token from slot 1
[00:44:07.482] [SEVERE ] removing card from slot 1
[00:44:07.591] [SEVERE ] removing player 1 token from slot 7
[00:44:07.591] [SEVERE ] removing card from slot 7
[00:44:07.809] [SEVERE ] placing card 36 in slot 0
[00:44:07.921] [SEVERE ] placing card 28 in slot 1
[00:44:08.032] [SEVERE ] placing card 67 in slot 7
[00:44:08.036] [SEVERE ] updating countdown to 60000
[00:44:08.384] [SEVERE ] setting player 1 freeze to 2000
[00:44:09.046] [SEVERE ] updating countdown to 59000
[00:44:09.390] [SEVERE ] setting player 1 freeze to 1000
[00:44:10.056] [SEVERE ] updating countdown to 58000
