[16:26:53.353] [INFO   ] thread main starting.
[16:26:53.365] [SEVERE ] cannot read configuration file config.properties trying from resources.
[16:26:53.367] [SEVERE ] configuration file was loaded from resources directory.
[16:26:54.061] [INFO   ] thread dealer starting.
[16:26:54.069] [INFO   ] thread player 0 starting.
[16:26:54.072] [INFO   ] thread player 1 starting.
[16:26:54.091] [INFO   ] thread player 1 starting.
[16:26:54.092] [INFO   ] thread player 0 starting.
[16:26:54.093] [INFO   ] thread dealer starting.
[16:26:54.215] [SEVERE ] placing card 70 in slot 0
[16:26:54.324] [SEVERE ] placing card 51 in slot 1
[16:26:54.432] [SEVERE ] placing card 34 in slot 2
[16:26:54.540] [SEVERE ] placing card 69 in slot 3
[16:26:54.649] [SEVERE ] placing card 33 in slot 4
[16:26:54.761] [SEVERE ] placing card 6 in slot 5
[16:26:54.869] [SEVERE ] placing card 5 in slot 6
[16:26:54.977] [SEVERE ] placing card 1 in slot 7
[16:26:55.087] [SEVERE ] placing card 12 in slot 8
[16:26:55.197] [SEVERE ] placing card 56 in slot 9
[16:26:55.307] [SEVERE ] placing card 48 in slot 10
[16:26:55.417] [SEVERE ] placing card 60 in slot 11
