[10:46:55.067] [INFO   ] thread main starting.
[10:46:55.078] [SEVERE ] cannot read configuration file config.properties trying from resources.
[10:46:55.080] [SEVERE ] configuration file was loaded from resources directory.
[10:46:55.642] [INFO   ] thread dealer starting.
[10:46:55.643] [INFO   ] thread player 0 starting.
[10:46:55.645] [INFO   ] thread player 1 starting.
[10:46:55.645] [INFO   ] thread dealer starting.
[10:46:55.656] [INFO   ] thread player 0 starting.
[10:46:55.656] [INFO   ] thread player 1 starting.
[10:46:55.765] [SEVERE ] placing card 20 in slot 0
[10:46:55.873] [SEVERE ] placing card 53 in slot 1
[10:46:55.982] [SEVERE ] placing card 39 in slot 2
[10:46:56.092] [SEVERE ] placing card 60 in slot 3
[10:46:56.200] [SEVERE ] placing card 28 in slot 4
[10:46:56.308] [SEVERE ] placing card 12 in slot 5
[10:46:56.417] [SEVERE ] placing card 37 in slot 6
[10:46:56.525] [SEVERE ] placing card 3 in slot 7
[10:46:56.634] [SEVERE ] placing card 25 in slot 8
[10:46:56.743] [SEVERE ] placing card 19 in slot 9
[10:46:56.852] [SEVERE ] placing card 0 in slot 10
[10:46:56.962] [SEVERE ] placing card 17 in slot 11
[10:46:57.985] [SEVERE ] updating countdown to 59000
[10:46:58.472] [SEVERE ] key 81 was pressed by player 1
[10:46:58.472] [SEVERE ] player 1 placing token on slot 0
[10:46:58.679] [SEVERE ] key 87 was pressed by player 1
[10:46:58.679] [SEVERE ] player 1 placing token on slot 1
[10:46:58.995] [SEVERE ] updating countdown to 58000
[10:46:59.478] [SEVERE ] key 80 was pressed by player 2
[10:46:59.478] [SEVERE ] player 2 placing token on slot 3
[10:46:59.626] [SEVERE ] key 79 was pressed by player 2
[10:46:59.627] [SEVERE ] player 2 placing token on slot 2
[10:46:59.999] [SEVERE ] key 76 was pressed by player 2
[10:46:59.999] [SEVERE ] player 2 placing token on slot 6
[10:47:00.007] [SEVERE ] updating countdown to 57000
[10:47:00.205] [SEVERE ] key 83 was pressed by player 1
[10:47:00.206] [SEVERE ] player 1 placing token on slot 5
[10:47:01.022] [SEVERE ] updating countdown to 56000
[10:47:02.037] [SEVERE ] updating countdown to 55000
[10:47:03.052] [SEVERE ] updating countdown to 54000
[10:47:03.716] [SEVERE ] key 83 was pressed by player 1
[10:47:04.068] [SEVERE ] updating countdown to 53000
[10:47:04.526] [SEVERE ] key 83 was pressed by player 1
[10:47:05.083] [SEVERE ] updating countdown to 52000
[10:47:05.137] [SEVERE ] key 75 was pressed by player 2
[10:47:06.100] [SEVERE ] updating countdown to 51000
[10:47:06.261] [SEVERE ] key 83 was pressed by player 1
[10:47:07.111] [SEVERE ] updating countdown to 50000
[10:47:07.323] [SEVERE ] key 83 was pressed by player 1
[10:47:08.126] [SEVERE ] updating countdown to 49000
