[00:22:02.447] [INFO   ] thread main starting.
[00:22:02.457] [SEVERE ] cannot read configuration file config.properties trying from resources.
[00:22:02.463] [SEVERE ] configuration file was loaded from resources directory.
[00:22:03.317] [INFO   ] thread dealer starting.
[00:22:03.317] [INFO   ] thread player 0 starting.
[00:22:03.317] [INFO   ] thread player 1 starting.
[00:22:03.317] [INFO   ] thread player 0 starting.
[00:22:03.317] [INFO   ] thread dealer starting.
[00:22:03.317] [INFO   ] thread player 1 starting.
[00:22:03.445] [SEVERE ] placing card 79 in slot 0
[00:22:03.548] [SEVERE ] placing card 71 in slot 1
[00:22:03.658] [SEVERE ] placing card 48 in slot 2
[00:22:03.768] [SEVERE ] placing card 11 in slot 3
[00:22:03.878] [SEVERE ] placing card 37 in slot 4
[00:22:03.989] [SEVERE ] placing card 24 in slot 5
[00:22:04.098] [SEVERE ] placing card 63 in slot 6
[00:22:04.208] [SEVERE ] placing card 38 in slot 7
[00:22:04.319] [SEVERE ] placing card 72 in slot 8
[00:22:04.429] [SEVERE ] placing card 42 in slot 9
[00:22:04.539] [SEVERE ] placing card 69 in slot 10
[00:22:04.650] [SEVERE ] placing card 12 in slot 11
[00:22:05.673] [SEVERE ] updating countdown to 59000
[00:22:06.081] [SEVERE ] key 81 was pressed by player 1
[00:22:06.081] [SEVERE ] player 1 placing token on slot 0
[00:22:06.269] [SEVERE ] key 87 was pressed by player 1
[00:22:06.269] [SEVERE ] player 1 placing token on slot 1
[00:22:06.492] [SEVERE ] key 83 was pressed by player 1
[00:22:06.492] [SEVERE ] player 1 placing token on slot 5
[00:22:06.677] [SEVERE ] setting player 1 freeze to 3000
[00:22:06.677] [SEVERE ] updating countdown to 58000
[00:22:07.685] [SEVERE ] setting player 1 freeze to 2000
[00:22:08.697] [SEVERE ] setting player 1 freeze to 1000
[00:22:09.122] [SEVERE ] key 79 was pressed by player 2
[00:22:09.122] [SEVERE ] player 2 placing token on slot 2
[00:22:09.704] [SEVERE ] setting player 1 freeze to 0
[00:22:10.194] [SEVERE ] key 83 was pressed by player 1
[00:22:10.194] [SEVERE ] removing player 1 token from slot 5
[00:22:10.725] [SEVERE ] updating countdown to 57000
[00:22:11.212] [SEVERE ] key 83 was pressed by player 1
[00:22:11.212] [SEVERE ] player 1 placing token on slot 5
[00:22:11.731] [SEVERE ] setting player 1 freeze to 3000
[00:22:11.740] [SEVERE ] key 79 was pressed by player 2
[00:22:11.741] [SEVERE ] updating countdown to 56000
[00:22:11.741] [SEVERE ] removing player 2 token from slot 2
[00:22:12.743] [SEVERE ] setting player 1 freeze to 2000
[00:22:13.035] [SEVERE ] key 83 was pressed by player 1
[00:22:13.282] [SEVERE ] key 80 was pressed by player 2
[00:22:13.282] [SEVERE ] player 2 placing token on slot 3
[00:22:13.455] [SEVERE ] key 79 was pressed by player 2
[00:22:13.455] [SEVERE ] player 2 placing token on slot 2
[00:22:13.718] [SEVERE ] key 76 was pressed by player 2
[00:22:13.718] [SEVERE ] player 2 placing token on slot 6
[00:22:13.754] [SEVERE ] setting player 1 freeze to 1000
[00:22:14.763] [SEVERE ] setting player 1 freeze to 0
[00:22:14.766] [SEVERE ] setting player 2 freeze to 3000
[00:22:15.769] [SEVERE ] setting player 2 freeze to 2000
[00:22:16.777] [SEVERE ] setting player 2 freeze to 1000
[00:22:17.792] [SEVERE ] setting player 2 freeze to 0
[00:22:18.131] [SEVERE ] key 75 was pressed by player 2
[00:22:18.800] [SEVERE ] updating countdown to 55000
[00:22:18.977] [SEVERE ] key 80 was pressed by player 2
[00:22:18.977] [SEVERE ] removing player 2 token from slot 3
[00:22:19.373] [SEVERE ] key 79 was pressed by player 2
[00:22:19.389] [SEVERE ] removing player 2 token from slot 2
[00:22:19.819] [SEVERE ] updating countdown to 54000
[00:22:20.112] [SEVERE ] key 75 was pressed by player 2
[00:22:20.112] [SEVERE ] player 2 placing token on slot 5
[00:22:20.824] [SEVERE ] updating countdown to 53000
[00:22:21.092] [SEVERE ] key 76 was pressed by player 2
[00:22:21.092] [SEVERE ] removing player 2 token from slot 6
[00:22:21.787] [SEVERE ] key 81 was pressed by player 1
[00:22:21.803] [SEVERE ] removing player 1 token from slot 0
[00:22:21.838] [SEVERE ] updating countdown to 52000
[00:22:22.029] [SEVERE ] key 87 was pressed by player 1
[00:22:22.029] [SEVERE ] removing player 1 token from slot 1
[00:22:22.282] [SEVERE ] key 83 was pressed by player 1
[00:22:22.282] [SEVERE ] removing player 1 token from slot 5
[00:22:22.850] [SEVERE ] updating countdown to 51000
[00:22:23.571] [SEVERE ] key 87 was pressed by player 1
[00:22:23.571] [SEVERE ] player 1 placing token on slot 1
[00:22:23.592] [SEVERE ] key 79 was pressed by player 2
[00:22:23.592] [SEVERE ] player 2 placing token on slot 2
[00:22:23.639] [SEVERE ] key 69 was pressed by player 1
[00:22:23.639] [SEVERE ] player 1 placing token on slot 2
[00:22:23.666] [SEVERE ] key 80 was pressed by player 2
[00:22:23.666] [SEVERE ] player 2 placing token on slot 3
[00:22:23.797] [SEVERE ] key 79 was pressed by player 2
[00:22:23.834] [SEVERE ] key 82 was pressed by player 1
[00:22:23.834] [SEVERE ] player 1 placing token on slot 3
[00:22:23.864] [SEVERE ] setting player 1 freeze to 3000
[00:22:23.866] [SEVERE ] updating countdown to 50000
[00:22:23.960] [SEVERE ] key 76 was pressed by player 2
[00:22:23.968] [SEVERE ] key 69 was pressed by player 1
[00:22:24.000] [SEVERE ] key 70 was pressed by player 1
[00:22:24.047] [SEVERE ] key 75 was pressed by player 2
[00:22:24.205] [SEVERE ] key 76 was pressed by player 2
[00:22:24.869] [SEVERE ] setting player 1 freeze to 2000
[00:22:25.879] [SEVERE ] setting player 1 freeze to 1000
[00:22:26.887] [SEVERE ] setting player 1 freeze to 0
[00:22:26.887] [SEVERE ] setting player 2 freeze to 3000
[00:22:27.896] [SEVERE ] setting player 2 freeze to 2000
[00:22:28.908] [SEVERE ] setting player 2 freeze to 1000
