[00:35:42.353] [INFO   ] thread main starting.
[00:35:42.369] [SEVERE ] cannot read configuration file config.properties trying from resources.
[00:35:42.369] [SEVERE ] configuration file was loaded from resources directory.
[00:35:43.139] [INFO   ] thread dealer starting.
[00:35:43.141] [INFO   ] thread player 0 starting.
[00:35:43.141] [INFO   ] thread player 1 starting.
[00:35:43.141] [INFO   ] thread player 0 starting.
[00:35:43.141] [INFO   ] thread dealer starting.
[00:35:43.141] [INFO   ] thread player 1 starting.
[00:35:43.264] [SEVERE ] placing card 56 in slot 0
[00:35:43.374] [SEVERE ] placing card 71 in slot 1
[00:35:43.485] [SEVERE ] placing card 19 in slot 2
[00:35:43.596] [SEVERE ] placing card 11 in slot 3
[00:35:43.706] [SEVERE ] placing card 0 in slot 4
[00:35:43.818] [SEVERE ] placing card 10 in slot 5
[00:35:43.929] [SEVERE ] placing card 8 in slot 6
[00:35:44.039] [SEVERE ] placing card 28 in slot 7
[00:35:44.149] [SEVERE ] placing card 65 in slot 8
[00:35:44.259] [SEVERE ] placing card 38 in slot 9
[00:35:44.370] [SEVERE ] placing card 44 in slot 10
[00:35:44.480] [SEVERE ] placing card 36 in slot 11
[00:35:45.512] [SEVERE ] updating countdown to 59000
[00:35:46.515] [SEVERE ] updating countdown to 58000
[00:35:47.538] [SEVERE ] updating countdown to 57000
[00:35:48.548] [SEVERE ] updating countdown to 56000
[00:35:49.260] [SEVERE ] key 69 was pressed by player 1
[00:35:49.260] [SEVERE ] player 1 placing token on slot 2
[00:35:49.551] [SEVERE ] key 79 was pressed by player 2
[00:35:49.551] [SEVERE ] player 2 placing token on slot 2
[00:35:49.558] [SEVERE ] updating countdown to 55000
[00:35:50.568] [SEVERE ] updating countdown to 54000
[00:35:51.584] [SEVERE ] updating countdown to 53000
[00:35:52.593] [SEVERE ] updating countdown to 52000
[00:35:52.853] [SEVERE ] key 86 was pressed by player 1
[00:35:52.853] [SEVERE ] player 1 placing token on slot 11
[00:35:53.220] [SEVERE ] key 47 was pressed by player 2
[00:35:53.220] [SEVERE ] player 2 placing token on slot 11
[00:35:53.595] [SEVERE ] updating countdown to 51000
[00:35:54.600] [SEVERE ] updating countdown to 50000
[00:35:55.609] [SEVERE ] updating countdown to 49000
[00:35:56.275] [SEVERE ] key 85 was pressed by player 2
[00:35:56.275] [SEVERE ] player 2 placing token on slot 0
[00:35:56.437] [SEVERE ] key 81 was pressed by player 1
[00:35:56.437] [SEVERE ] player 1 placing token on slot 0
[00:35:56.623] [SEVERE ] setting player 1 score to 1
[00:35:56.623] [SEVERE ] setting player 1 freeze to 1000
[00:35:56.627] [SEVERE ] updating countdown to 48000
[00:35:57.638] [SEVERE ] setting player 1 freeze to 0
[00:35:57.638] [SEVERE ] setting player 1 freeze to 3000
[00:35:57.638] [SEVERE ] setting player 2 score to 1
[00:35:57.642] [SEVERE ] setting player 2 freeze to 1000
[00:35:58.641] [SEVERE ] setting player 1 freeze to 2000
[00:35:58.656] [SEVERE ] setting player 2 freeze to 0
[00:35:58.656] [SEVERE ] setting player 2 freeze to 3000
[00:35:58.656] [SEVERE ] removing player 1 token from slot 2
[00:35:58.656] [SEVERE ] removing player 2 token from slot 2
[00:35:58.656] [SEVERE ] removing card from slot 2
[00:35:58.770] [SEVERE ] removing player 1 token from slot 11
[00:35:58.770] [SEVERE ] removing player 2 token from slot 11
[00:35:58.770] [SEVERE ] removing card from slot 11
[00:35:58.879] [SEVERE ] removing player 1 token from slot 0
[00:35:58.879] [SEVERE ] removing player 2 token from slot 0
[00:35:58.879] [SEVERE ] removing card from slot 0
[00:35:59.118] [SEVERE ] placing card 14 in slot 0
[00:35:59.221] [SEVERE ] placing card 57 in slot 2
[00:35:59.333] [SEVERE ] placing card 18 in slot 11
[00:35:59.340] [SEVERE ] updating countdown to 60000
[00:35:59.646] [SEVERE ] setting player 1 freeze to 1000
[00:35:59.670] [SEVERE ] setting player 2 freeze to 2000
