[09:55:01.037] [INFO   ] thread main starting.
[09:55:01.049] [SEVERE ] cannot read configuration file config.properties trying from resources.
[09:55:01.051] [SEVERE ] configuration file was loaded from resources directory.
[09:55:01.627] [INFO   ] thread dealer starting.
[09:55:01.628] [INFO   ] thread player 0 starting.
[09:55:01.629] [INFO   ] thread player 1 starting.
[09:55:01.630] [INFO   ] thread dealer starting.
[09:55:01.630] [INFO   ] thread player 0 starting.
[09:55:01.637] [INFO   ] thread player 1 starting.
[09:55:01.746] [SEVERE ] placing card 21 in slot 0
[09:55:01.854] [SEVERE ] placing card 68 in slot 1
[09:55:01.964] [SEVERE ] placing card 13 in slot 2
[09:55:02.071] [SEVERE ] placing card 5 in slot 3
[09:55:02.178] [SEVERE ] placing card 43 in slot 4
[09:55:02.287] [SEVERE ] placing card 41 in slot 5
[09:55:02.394] [SEVERE ] placing card 14 in slot 6
[09:55:02.504] [SEVERE ] placing card 53 in slot 7
[09:55:02.613] [SEVERE ] placing card 6 in slot 8
[09:55:02.723] [SEVERE ] placing card 15 in slot 9
[09:55:02.833] [SEVERE ] placing card 73 in slot 10
[09:55:02.942] [SEVERE ] placing card 48 in slot 11
[09:55:03.956] [SEVERE ] updating countdown to 59000
[09:55:04.962] [SEVERE ] updating countdown to 58000
[09:55:05.969] [SEVERE ] updating countdown to 57000
[09:55:06.766] [SEVERE ] key 69 was pressed by player 1
[09:55:06.767] [SEVERE ] player 1 placing token on slot 2
[09:55:06.979] [SEVERE ] updating countdown to 56000
[09:55:07.111] [SEVERE ] key 79 was pressed by player 2
[09:55:07.112] [SEVERE ] player 2 placing token on slot 2
[09:55:07.986] [SEVERE ] updating countdown to 55000
