[11:35:13.391] [INFO   ] thread main starting.
[11:35:13.399] [SEVERE ] cannot read configuration file config.properties trying from resources.
[11:35:13.402] [SEVERE ] configuration file was loaded from resources directory.
[11:35:14.031] [INFO   ] thread dealer starting.
[11:35:14.033] [INFO   ] thread player 0 starting.
[11:35:14.036] [INFO   ] thread player 1 starting.
[11:35:14.042] [INFO   ] thread player 0 starting.
[11:35:14.043] [INFO   ] thread dealer starting.
[11:35:14.043] [INFO   ] thread player 1 starting.
[11:35:14.045] [INFO   ] thread computer-1 starting.
[11:35:14.165] [SEVERE ] placing card 70 in slot 0
[11:35:14.273] [SEVERE ] placing card 54 in slot 1
[11:35:14.383] [SEVERE ] placing card 61 in slot 2
[11:35:14.491] [SEVERE ] placing card 21 in slot 3
[11:35:14.602] [SEVERE ] placing card 57 in slot 4
[11:35:14.713] [SEVERE ] placing card 43 in slot 5
[11:35:14.822] [SEVERE ] placing card 69 in slot 6
[11:35:14.931] [SEVERE ] placing card 14 in slot 7
[11:35:15.040] [SEVERE ] placing card 34 in slot 8
[11:35:15.148] [SEVERE ] placing card 26 in slot 9
[11:35:15.256] [SEVERE ] placing card 4 in slot 10
[11:35:15.363] [SEVERE ] placing card 9 in slot 11
[11:35:16.384] [SEVERE ] updating countdown to 59000
[11:35:17.405] [SEVERE ] updating countdown to 58000
[11:35:18.412] [SEVERE ] updating countdown to 57000
[11:35:19.006] [SEVERE ] key 81 was pressed by player 1
[11:35:19.007] [SEVERE ] player 1 placing token on slot 0
[11:35:19.419] [SEVERE ] updating countdown to 56000
[11:35:20.082] [SEVERE ] key 81 was pressed by player 1
[11:35:20.083] [SEVERE ] removing player 1 token from slot 0
[11:35:20.430] [SEVERE ] updating countdown to 55000
[11:35:20.472] [SEVERE ] key 81 was pressed by player 1
[11:35:20.472] [SEVERE ] player 1 placing token on slot 0
[11:35:20.803] [SEVERE ] key 65 was pressed by player 1
[11:35:20.803] [SEVERE ] player 1 placing token on slot 4
[11:35:21.024] [SEVERE ] key 83 was pressed by player 1
[11:35:21.024] [SEVERE ] player 1 placing token on slot 5
[11:35:21.435] [SEVERE ] setting player 1 freeze to 3000
[11:35:21.436] [SEVERE ] updating countdown to 54000
[11:35:22.448] [SEVERE ] setting player 1 freeze to 2000
[11:35:22.450] [SEVERE ] updating countdown to 53000
[11:35:23.458] [SEVERE ] setting player 1 freeze to 1000
[11:35:23.460] [SEVERE ] updating countdown to 52000
[11:35:24.466] [SEVERE ] setting player 1 freeze to 0
[11:35:24.468] [SEVERE ] updating countdown to 51000
[11:35:24.653] [SEVERE ] key 83 was pressed by player 1
[11:35:24.653] [SEVERE ] removing player 1 token from slot 5
[11:35:24.936] [SEVERE ] key 65 was pressed by player 1
[11:35:24.936] [SEVERE ] removing player 1 token from slot 4
[11:35:25.197] [SEVERE ] key 81 was pressed by player 1
[11:35:25.198] [SEVERE ] removing player 1 token from slot 0
[11:35:25.480] [SEVERE ] updating countdown to 50000
[11:35:26.091] [SEVERE ] key 80 was pressed by player 2
[11:35:26.091] [SEVERE ] player 2 placing token on slot 3
[11:35:26.189] [SEVERE ] key 79 was pressed by player 2
[11:35:26.206] [SEVERE ] player 2 placing token on slot 2
[11:35:26.315] [SEVERE ] player 2 placing token on slot 0
[11:35:26.446] [SEVERE ] key 73 was pressed by player 2
[11:35:26.486] [SEVERE ] setting player 2 freeze to 3000
[11:35:26.487] [SEVERE ] updating countdown to 49000
[11:35:27.495] [SEVERE ] setting player 2 freeze to 2000
[11:35:27.497] [SEVERE ] updating countdown to 48000
[11:35:28.509] [SEVERE ] setting player 2 freeze to 1000
[11:35:28.510] [SEVERE ] updating countdown to 47000
[11:35:29.518] [SEVERE ] setting player 2 freeze to 0
[11:35:29.519] [SEVERE ] updating countdown to 46000
[11:35:29.628] [SEVERE ] removing player 2 token from slot 2
[11:35:29.736] [SEVERE ] removing player 2 token from slot 0
[11:35:29.846] [SEVERE ] player 2 placing token on slot 0
[11:35:29.955] [SEVERE ] removing player 2 token from slot 0
[11:35:30.063] [SEVERE ] player 2 placing token on slot 9
[11:35:30.170] [SEVERE ] player 2 placing token on slot 6
[11:35:30.525] [SEVERE ] setting player 2 freeze to 3000
[11:35:30.526] [SEVERE ] updating countdown to 45000
[11:35:31.060] [SEVERE ] exit button pressed
[11:35:31.538] [SEVERE ] setting player 2 freeze to 2000
[11:35:31.541] [SEVERE ] updating countdown to 44000
[11:35:31.541] [SEVERE ] removing player 2 token from slot 3
[11:35:31.542] [SEVERE ] removing player 2 token from slot 9
[11:35:31.542] [SEVERE ] removing player 2 token from slot 6
[11:35:31.542] [SEVERE ] removing card from slot 0
[11:35:31.646] [SEVERE ] removing card from slot 1
[11:35:31.755] [SEVERE ] removing card from slot 2
[11:35:31.864] [SEVERE ] removing card from slot 3
[11:35:31.972] [SEVERE ] removing card from slot 4
[11:35:32.083] [SEVERE ] removing card from slot 5
[11:35:32.191] [SEVERE ] removing card from slot 6
[11:35:32.300] [SEVERE ] removing card from slot 7
[11:35:32.410] [SEVERE ] removing card from slot 8
[11:35:32.519] [SEVERE ] removing card from slot 9
[11:35:32.550] [SEVERE ] setting player 2 freeze to 1000
[11:35:32.626] [SEVERE ] removing card from slot 10
[11:35:32.735] [SEVERE ] removing card from slot 11
[11:35:32.845] [SEVERE ] announcing winner(s): player 1, player 2
[11:35:32.846] [INFO   ] thread dealer terminated.
[11:35:32.848] [INFO   ] thread dealer terminated.
[11:35:32.848] [SEVERE ] thanks for playing... it was fun!
[11:35:32.848] [INFO   ] thread main terminated.
