[12:16:18.568] [INFO   ] thread main starting.
[12:16:18.584] [SEVERE ] cannot read configuration file config.properties trying from resources.
[12:16:18.586] [SEVERE ] configuration file was loaded from resources directory.
[12:16:19.153] [INFO   ] thread dealer starting.
[12:16:19.157] [INFO   ] thread player 0 starting.
[12:16:19.161] [INFO   ] thread player 1 starting.
[12:16:19.162] [INFO   ] thread dealer starting.
[12:16:19.170] [INFO   ] thread player 0 starting.
[12:16:19.170] [INFO   ] thread player 1 starting.
[12:16:19.181] [INFO   ] thread computer-1 starting.
[12:16:19.287] [SEVERE ] placing card 36 in slot 0
[12:16:19.396] [SEVERE ] placing card 29 in slot 1
[12:16:19.507] [SEVERE ] placing card 66 in slot 2
[12:16:19.618] [SEVERE ] placing card 0 in slot 3
[12:16:19.730] [SEVERE ] placing card 55 in slot 4
[12:16:19.840] [SEVERE ] placing card 23 in slot 5
[12:16:19.950] [SEVERE ] placing card 6 in slot 6
[12:16:20.060] [SEVERE ] placing card 48 in slot 7
[12:16:20.170] [SEVERE ] placing card 3 in slot 8
[12:16:20.281] [SEVERE ] placing card 17 in slot 9
[12:16:20.388] [SEVERE ] placing card 7 in slot 10
[12:16:20.488] [SEVERE ] placing card 71 in slot 11
[12:16:21.500] [SEVERE ] updating countdown to 59000
[12:16:22.508] [SEVERE ] updating countdown to 58000
[12:16:23.517] [SEVERE ] updating countdown to 57000
[12:16:24.561] [SEVERE ] updating countdown to 56000
[12:16:25.577] [SEVERE ] updating countdown to 55000
[12:16:26.580] [SEVERE ] updating countdown to 54000
[12:16:27.584] [SEVERE ] updating countdown to 53000
[12:16:28.374] [SEVERE ] player 2 placing token on slot 8
[12:16:28.594] [SEVERE ] updating countdown to 52000
[12:16:29.598] [SEVERE ] updating countdown to 51000
[12:16:30.609] [SEVERE ] updating countdown to 50000
[12:16:31.620] [SEVERE ] updating countdown to 49000
[12:16:32.635] [SEVERE ] updating countdown to 48000
[12:16:33.645] [SEVERE ] updating countdown to 47000
[12:16:34.649] [SEVERE ] updating countdown to 46000
[12:16:35.657] [SEVERE ] updating countdown to 45000
[12:16:36.663] [SEVERE ] updating countdown to 44000
[12:16:37.674] [SEVERE ] updating countdown to 43000
[12:16:38.682] [SEVERE ] updating countdown to 42000
[12:16:39.695] [SEVERE ] updating countdown to 41000
[12:16:40.706] [SEVERE ] updating countdown to 40000
[12:16:41.723] [SEVERE ] updating countdown to 39000
[12:16:42.731] [SEVERE ] updating countdown to 38000
[12:16:43.746] [SEVERE ] updating countdown to 37000
[12:16:44.758] [SEVERE ] updating countdown to 36000
[12:16:45.771] [SEVERE ] updating countdown to 35000
[12:16:46.785] [SEVERE ] updating countdown to 34000
[12:16:47.800] [SEVERE ] updating countdown to 33000
[12:16:48.197] [SEVERE ] player 2 placing token on slot 3
[12:16:48.815] [SEVERE ] updating countdown to 32000
[12:16:49.826] [SEVERE ] updating countdown to 31000
[12:16:50.843] [SEVERE ] updating countdown to 30000
[12:16:51.860] [SEVERE ] updating countdown to 29000
