[00:33:55.655] [INFO   ] thread main starting.
[00:33:55.669] [SEVERE ] cannot read configuration file config.properties trying from resources.
[00:33:55.669] [SEVERE ] configuration file was loaded from resources directory.
[00:33:56.381] [INFO   ] thread dealer starting.
[00:33:56.382] [INFO   ] thread player 0 starting.
[00:33:56.387] [INFO   ] thread player 1 starting.
[00:33:56.388] [INFO   ] thread player 0 starting.
[00:33:56.397] [INFO   ] thread player 1 starting.
[00:33:56.397] [INFO   ] thread dealer starting.
[00:33:56.508] [SEVERE ] placing card 71 in slot 0
[00:33:56.618] [SEVERE ] placing card 27 in slot 1
[00:33:56.728] [SEVERE ] placing card 47 in slot 2
[00:33:56.838] [SEVERE ] placing card 56 in slot 3
[00:33:56.948] [SEVERE ] placing card 16 in slot 4
[00:33:57.058] [SEVERE ] placing card 44 in slot 5
[00:33:57.168] [SEVERE ] placing card 8 in slot 6
[00:33:57.273] [SEVERE ] placing card 62 in slot 7
[00:33:57.382] [SEVERE ] placing card 68 in slot 8
[00:33:57.492] [SEVERE ] placing card 38 in slot 9
[00:33:57.602] [SEVERE ] placing card 28 in slot 10
[00:33:57.712] [SEVERE ] placing card 70 in slot 11
[00:33:58.740] [SEVERE ] updating countdown to 59000
[00:33:59.752] [SEVERE ] updating countdown to 58000
[00:34:00.763] [SEVERE ] updating countdown to 57000
[00:34:01.774] [SEVERE ] updating countdown to 56000
[00:34:02.098] [SEVERE ] key 69 was pressed by player 1
[00:34:02.098] [SEVERE ] player 1 placing token on slot 2
[00:34:02.381] [SEVERE ] key 79 was pressed by player 2
[00:34:02.392] [SEVERE ] player 2 placing token on slot 2
[00:34:02.776] [SEVERE ] updating countdown to 55000
[00:34:03.062] [SEVERE ] key 69 was pressed by player 1
[00:34:03.062] [SEVERE ] removing player 1 token from slot 2
[00:34:03.599] [SEVERE ] key 79 was pressed by player 2
[00:34:03.599] [SEVERE ] removing player 2 token from slot 2
[00:34:03.789] [SEVERE ] updating countdown to 54000
[00:34:03.853] [SEVERE ] key 69 was pressed by player 1
[00:34:03.856] [SEVERE ] player 1 placing token on slot 2
[00:34:04.186] [SEVERE ] key 79 was pressed by player 2
[00:34:04.186] [SEVERE ] player 2 placing token on slot 2
[00:34:04.541] [SEVERE ] key 69 was pressed by player 1
[00:34:04.541] [SEVERE ] removing player 1 token from slot 2
[00:34:04.794] [SEVERE ] updating countdown to 53000
[00:34:05.041] [SEVERE ] key 79 was pressed by player 2
[00:34:05.041] [SEVERE ] removing player 2 token from slot 2
[00:34:05.794] [SEVERE ] updating countdown to 52000
[00:34:06.802] [SEVERE ] updating countdown to 51000
[00:34:07.020] [SEVERE ] key 90 was pressed by player 1
[00:34:07.020] [SEVERE ] player 1 placing token on slot 8
[00:34:07.809] [SEVERE ] updating countdown to 50000
[00:34:07.826] [SEVERE ] key 77 was pressed by player 2
[00:34:07.827] [SEVERE ] player 2 placing token on slot 8
[00:34:08.817] [SEVERE ] updating countdown to 49000
[00:34:09.076] [SEVERE ] key 68 was pressed by player 1
[00:34:09.076] [SEVERE ] player 1 placing token on slot 6
[00:34:09.385] [SEVERE ] key 75 was pressed by player 2
[00:34:09.385] [SEVERE ] player 2 placing token on slot 5
[00:34:09.820] [SEVERE ] key 75 was pressed by player 2
[00:34:09.820] [SEVERE ] removing player 2 token from slot 5
[00:34:09.827] [SEVERE ] updating countdown to 48000
[00:34:10.181] [SEVERE ] key 76 was pressed by player 2
[00:34:10.181] [SEVERE ] player 2 placing token on slot 6
[00:34:10.846] [SEVERE ] updating countdown to 47000
[00:34:11.853] [SEVERE ] updating countdown to 46000
[00:34:11.870] [SEVERE ] key 79 was pressed by player 2
[00:34:11.871] [SEVERE ] player 2 placing token on slot 2
[00:34:12.032] [SEVERE ] key 69 was pressed by player 1
[00:34:12.032] [SEVERE ] player 1 placing token on slot 2
[00:34:12.857] [SEVERE ] setting player 1 score to 1
[00:34:12.857] [SEVERE ] updating countdown to 45000
[00:34:12.857] [SEVERE ] setting player 1 freeze to 1000
[00:34:13.875] [SEVERE ] setting player 1 freeze to 0
[00:34:13.876] [SEVERE ] setting player 1 freeze to 3000
[00:34:13.878] [SEVERE ] setting player 2 score to 1
[00:34:13.879] [SEVERE ] setting player 2 freeze to 1000
[00:34:14.884] [SEVERE ] setting player 1 freeze to 2000
[00:34:14.884] [SEVERE ] setting player 2 freeze to 0
[00:34:14.884] [SEVERE ] setting player 2 freeze to 3000
[00:34:14.887] [SEVERE ] removing player 1 token from slot 8
[00:34:14.887] [SEVERE ] removing player 2 token from slot 8
[00:34:14.887] [SEVERE ] removing card from slot 8
[00:34:14.992] [SEVERE ] removing player 1 token from slot 6
[00:34:14.992] [SEVERE ] removing player 2 token from slot 6
[00:34:14.992] [SEVERE ] removing card from slot 6
[00:34:15.097] [SEVERE ] removing player 1 token from slot 2
[00:34:15.097] [SEVERE ] removing player 2 token from slot 2
[00:34:15.097] [SEVERE ] removing card from slot 2
[00:34:15.303] [SEVERE ] placing card 46 in slot 2
[00:34:15.413] [SEVERE ] placing card 58 in slot 6
[00:34:15.523] [SEVERE ] placing card 50 in slot 8
[00:34:15.528] [SEVERE ] updating countdown to 60000
[00:34:15.886] [SEVERE ] setting player 2 freeze to 2000
[00:34:15.886] [SEVERE ] setting player 1 freeze to 1000
[00:34:16.530] [SEVERE ] updating countdown to 59000
[00:34:16.893] [SEVERE ] setting player 2 freeze to 1000
[00:34:16.893] [SEVERE ] setting player 1 freeze to 0
[00:34:17.544] [SEVERE ] updating countdown to 58000
[00:34:17.905] [SEVERE ] setting player 2 freeze to 0
[00:34:18.555] [SEVERE ] updating countdown to 57000
[00:34:18.968] [SEVERE ] key 69 was pressed by player 1
[00:34:18.968] [SEVERE ] player 1 placing token on slot 2
[00:34:19.299] [SEVERE ] key 79 was pressed by player 2
[00:34:19.299] [SEVERE ] player 2 placing token on slot 2
[00:34:19.566] [SEVERE ] updating countdown to 56000
[00:34:20.572] [SEVERE ] updating countdown to 55000
