[19:38:08.098] [INFO   ] thread main starting.
[19:38:08.117] [SEVERE ] cannot read configuration file config.properties trying from resources.
[19:38:08.117] [SEVERE ] configuration file was loaded from resources directory.
[19:38:08.800] [INFO   ] thread dealer starting.
[19:38:08.800] [INFO   ] thread player 0 starting.
[19:38:08.800] [INFO   ] thread player 1 starting.
[19:38:08.800] [INFO   ] thread dealer starting.
[19:38:08.800] [INFO   ] thread player 0 starting.
[19:38:08.800] [INFO   ] thread player 1 starting.
[19:38:08.927] [SEVERE ] placing card 71 in slot 0
[19:38:09.031] [SEVERE ] placing card 57 in slot 1
[19:38:09.135] [SEVERE ] placing card 52 in slot 2
[19:38:09.240] [SEVERE ] placing card 66 in slot 3
[19:38:09.347] [SEVERE ] placing card 55 in slot 4
[19:38:09.460] [SEVERE ] placing card 22 in slot 5
[19:38:09.575] [SEVERE ] placing card 67 in slot 6
[19:38:09.677] [SEVERE ] placing card 47 in slot 7
[19:38:09.787] [SEVERE ] placing card 70 in slot 8
[19:38:09.894] [SEVERE ] placing card 25 in slot 9
[19:38:10.006] [SEVERE ] placing card 53 in slot 10
[19:38:10.109] [SEVERE ] placing card 16 in slot 11
[19:38:11.121] [SEVERE ] updating countdown to 60000
[19:38:12.130] [SEVERE ] updating countdown to 59000
[19:38:13.136] [SEVERE ] updating countdown to 58000
