[11:16:10.006] [INFO   ] thread main starting.
[11:16:10.015] [SEVERE ] cannot read configuration file config.properties trying from resources.
[11:16:10.017] [SEVERE ] configuration file was loaded from resources directory.
[11:16:10.676] [INFO   ] thread dealer starting.
[11:16:10.677] [INFO   ] thread player 0 starting.
[11:16:10.678] [INFO   ] thread player 1 starting.
[11:16:10.679] [INFO   ] thread dealer starting.
[11:16:10.684] [INFO   ] thread player 1 starting.
[11:16:10.684] [INFO   ] thread player 0 starting.
[11:16:10.806] [SEVERE ] placing card 76 in slot 0
[11:16:10.915] [SEVERE ] placing card 9 in slot 1
[11:16:11.023] [SEVERE ] placing card 56 in slot 2
[11:16:11.132] [SEVERE ] placing card 2 in slot 3
[11:16:11.242] [SEVERE ] placing card 60 in slot 4
[11:16:11.350] [SEVERE ] placing card 70 in slot 5
[11:16:11.461] [SEVERE ] placing card 80 in slot 6
[11:16:11.570] [SEVERE ] placing card 0 in slot 7
[11:16:11.679] [SEVERE ] placing card 29 in slot 8
[11:16:11.786] [SEVERE ] placing card 49 in slot 9
[11:16:11.894] [SEVERE ] placing card 75 in slot 10
[11:16:12.003] [SEVERE ] placing card 69 in slot 11
[11:16:13.027] [SEVERE ] updating countdown to 59000
[11:16:14.032] [SEVERE ] updating countdown to 58000
[11:16:15.037] [SEVERE ] updating countdown to 57000
[11:16:16.051] [SEVERE ] updating countdown to 56000
[11:16:17.061] [SEVERE ] updating countdown to 55000
[11:16:17.201] [SEVERE ] key 81 was pressed by player 1
[11:16:17.202] [SEVERE ] player 1 placing token on slot 0
[11:16:17.392] [SEVERE ] key 87 was pressed by player 1
[11:16:17.392] [SEVERE ] player 1 placing token on slot 1
[11:16:17.657] [SEVERE ] key 69 was pressed by player 1
[11:16:17.657] [SEVERE ] player 1 placing token on slot 2
[11:16:18.072] [SEVERE ] setting player 1 freeze to 3000
[11:16:18.075] [SEVERE ] updating countdown to 54000
[11:16:18.491] [SEVERE ] key 81 was pressed by player 1
[11:16:18.994] [SEVERE ] key 87 was pressed by player 1
[11:16:19.086] [SEVERE ] setting player 1 freeze to 2000
[11:16:19.088] [SEVERE ] updating countdown to 53000
[11:16:19.197] [SEVERE ] key 69 was pressed by player 1
[11:16:20.101] [SEVERE ] setting player 1 freeze to 1000
[11:16:20.104] [SEVERE ] updating countdown to 52000
[11:16:21.108] [SEVERE ] setting player 1 freeze to 0
[11:16:21.108] [SEVERE ] removing player 1 token from slot 0
[11:16:21.109] [SEVERE ] removing player 1 token from slot 1
[11:16:21.109] [SEVERE ] removing player 1 token from slot 2
[11:16:21.111] [SEVERE ] updating countdown to 51000
[11:16:22.122] [SEVERE ] updating countdown to 50000
[11:16:23.133] [SEVERE ] updating countdown to 49000
[11:16:24.139] [SEVERE ] updating countdown to 48000
[11:16:25.146] [SEVERE ] updating countdown to 47000
