[11:37:46.053] [INFO   ] thread main starting.
[11:37:46.067] [SEVERE ] cannot read configuration file config.properties trying from resources.
[11:37:46.071] [SEVERE ] configuration file was loaded from resources directory.
[11:37:46.784] [INFO   ] thread dealer starting.
[11:37:46.792] [INFO   ] thread player 0 starting.
[11:37:46.794] [INFO   ] thread player 1 starting.
[11:37:46.808] [INFO   ] thread player 0 starting.
[11:37:46.808] [INFO   ] thread dealer starting.
[11:37:46.809] [INFO   ] thread player 1 starting.
[11:37:46.812] [INFO   ] thread computer-1 starting.
[11:37:46.918] [SEVERE ] placing card 26 in slot 0
[11:37:47.028] [SEVERE ] placing card 49 in slot 1
[11:37:47.136] [SEVERE ] placing card 38 in slot 2
[11:37:47.246] [SEVERE ] placing card 21 in slot 3
[11:37:47.356] [SEVERE ] placing card 44 in slot 4
[11:37:47.465] [SEVERE ] placing card 68 in slot 5
[11:37:47.573] [SEVERE ] placing card 33 in slot 6
[11:37:47.683] [SEVERE ] placing card 20 in slot 7
[11:37:47.792] [SEVERE ] placing card 43 in slot 8
[11:37:47.900] [SEVERE ] placing card 73 in slot 9
[11:37:48.006] [SEVERE ] placing card 62 in slot 10
[11:37:48.114] [SEVERE ] placing card 7 in slot 11
[11:37:49.135] [SEVERE ] updating countdown to 59000
[11:37:50.156] [SEVERE ] updating countdown to 58000
[11:37:51.162] [SEVERE ] updating countdown to 57000
[11:37:52.171] [SEVERE ] updating countdown to 56000
[11:37:53.180] [SEVERE ] updating countdown to 55000
[11:37:54.191] [SEVERE ] updating countdown to 54000
[11:37:55.200] [SEVERE ] updating countdown to 53000
