[00:49:09.177] [INFO   ] thread main starting.
[00:49:09.187] [SEVERE ] cannot read configuration file config.properties trying from resources.
[00:49:09.191] [SEVERE ] configuration file was loaded from resources directory.
[00:49:09.892] [INFO   ] thread dealer starting.
[00:49:09.893] [INFO   ] thread player 0 starting.
[00:49:09.894] [INFO   ] thread player 1 starting.
[00:49:09.895] [INFO   ] thread dealer starting.
[00:49:09.895] [INFO   ] thread player 1 starting.
[00:49:09.895] [INFO   ] thread player 0 starting.
[00:49:10.014] [SEVERE ] placing card 77 in slot 0
[00:49:10.123] [SEVERE ] placing card 0 in slot 1
[00:49:10.233] [SEVERE ] placing card 46 in slot 2
[00:49:10.342] [SEVERE ] placing card 17 in slot 3
[00:49:10.453] [SEVERE ] placing card 54 in slot 4
[00:49:10.562] [SEVERE ] placing card 59 in slot 5
[00:49:10.672] [SEVERE ] placing card 68 in slot 6
[00:49:10.780] [SEVERE ] placing card 11 in slot 7
[00:49:10.889] [SEVERE ] placing card 22 in slot 8
[00:49:10.999] [SEVERE ] placing card 34 in slot 9
[00:49:11.110] [SEVERE ] placing card 66 in slot 10
[00:49:11.221] [SEVERE ] placing card 27 in slot 11
[00:49:12.242] [SEVERE ] updating countdown to 59000
[00:49:13.266] [SEVERE ] updating countdown to 58000
[00:49:14.280] [SEVERE ] updating countdown to 57000
[00:49:15.299] [SEVERE ] updating countdown to 56000
[00:49:16.314] [SEVERE ] updating countdown to 55000
[00:49:17.131] [SEVERE ] key 81 was pressed by player 1
[00:49:17.133] [SEVERE ] player 1 placing token on slot 0
[00:49:17.328] [SEVERE ] key 65 was pressed by player 1
[00:49:17.329] [SEVERE ] player 1 placing token on slot 4
[00:49:17.333] [SEVERE ] updating countdown to 54000
[00:49:17.945] [SEVERE ] key 86 was pressed by player 1
[00:49:17.945] [SEVERE ] player 1 placing token on slot 11
[00:49:17.948] [SEVERE ] setting player 1 freeze to 3000
[00:49:18.342] [SEVERE ] updating countdown to 53000
[00:49:18.960] [SEVERE ] setting player 1 freeze to 2000
[00:49:19.359] [SEVERE ] updating countdown to 52000
[00:49:19.972] [SEVERE ] setting player 1 freeze to 1000
[00:49:20.374] [SEVERE ] updating countdown to 51000
[00:49:20.987] [SEVERE ] setting player 1 freeze to 0
[00:49:21.379] [SEVERE ] updating countdown to 50000
[00:49:22.393] [SEVERE ] updating countdown to 49000
[00:49:23.409] [SEVERE ] updating countdown to 48000
[00:49:24.419] [SEVERE ] updating countdown to 47000
[00:49:24.975] [SEVERE ] key 81 was pressed by player 1
[00:49:24.975] [SEVERE ] removing player 1 token from slot 0
[00:49:25.236] [SEVERE ] key 87 was pressed by player 1
[00:49:25.236] [SEVERE ] player 1 placing token on slot 1
[00:49:25.432] [SEVERE ] updating countdown to 46000
[00:49:25.434] [SEVERE ] removing player 1 token from slot 4
[00:49:25.436] [SEVERE ] removing card from slot 4
[00:49:25.544] [SEVERE ] removing player 1 token from slot 11
[00:49:25.545] [SEVERE ] removing card from slot 11
[00:49:25.661] [SEVERE ] removing player 1 token from slot 1
[00:49:25.661] [SEVERE ] removing card from slot 1
[00:49:25.878] [SEVERE ] placing card 18 in slot 1
[00:49:25.989] [SEVERE ] placing card 55 in slot 4
[00:49:26.101] [SEVERE ] placing card 26 in slot 11
[00:49:26.103] [SEVERE ] setting player 1 score to 1
[00:49:26.107] [SEVERE ] setting player 1 freeze to 1000
[00:49:26.107] [SEVERE ] updating countdown to 60000
[00:49:27.114] [SEVERE ] setting player 1 freeze to 0
[00:49:28.124] [SEVERE ] updating countdown to 59000
[00:49:29.135] [SEVERE ] updating countdown to 58000
[00:49:30.144] [SEVERE ] updating countdown to 57000
[00:49:31.148] [SEVERE ] updating countdown to 56000
[00:49:31.250] [SEVERE ] key 83 was pressed by player 1
[00:49:31.250] [SEVERE ] player 1 placing token on slot 5
[00:49:31.520] [SEVERE ] key 68 was pressed by player 1
[00:49:31.520] [SEVERE ] player 1 placing token on slot 6
[00:49:32.155] [SEVERE ] updating countdown to 55000
[00:49:32.272] [SEVERE ] key 74 was pressed by player 2
[00:49:32.275] [SEVERE ] player 2 placing token on slot 4
[00:49:32.687] [SEVERE ] key 74 was pressed by player 2
[00:49:32.687] [SEVERE ] removing player 2 token from slot 4
[00:49:32.958] [SEVERE ] key 75 was pressed by player 2
[00:49:32.958] [SEVERE ] player 2 placing token on slot 5
[00:49:33.156] [SEVERE ] key 76 was pressed by player 2
[00:49:33.156] [SEVERE ] player 2 placing token on slot 6
[00:49:33.165] [SEVERE ] updating countdown to 54000
[00:49:34.181] [SEVERE ] updating countdown to 53000
[00:49:35.203] [SEVERE ] updating countdown to 52000
[00:49:35.935] [SEVERE ] key 81 was pressed by player 1
[00:49:35.941] [SEVERE ] player 1 placing token on slot 0
[00:49:36.076] [SEVERE ] key 85 was pressed by player 2
[00:49:36.076] [SEVERE ] player 2 placing token on slot 0
[00:49:36.215] [SEVERE ] updating countdown to 51000
[00:49:36.221] [SEVERE ] removing player 1 token from slot 5
[00:49:36.221] [SEVERE ] removing player 2 token from slot 5
[00:49:36.224] [SEVERE ] removing card from slot 5
[00:49:36.326] [SEVERE ] removing player 1 token from slot 6
[00:49:36.326] [SEVERE ] removing player 2 token from slot 6
[00:49:36.326] [SEVERE ] removing card from slot 6
[00:49:36.435] [SEVERE ] removing player 1 token from slot 0
[00:49:36.436] [SEVERE ] removing player 2 token from slot 0
[00:49:36.436] [SEVERE ] removing card from slot 0
[00:49:36.653] [SEVERE ] placing card 64 in slot 0
[00:49:36.765] [SEVERE ] placing card 50 in slot 5
[00:49:36.875] [SEVERE ] placing card 44 in slot 6
[00:49:36.877] [SEVERE ] setting player 2 score to 1
[00:49:36.877] [SEVERE ] setting player 2 freeze to 1000
[00:49:36.880] [SEVERE ] updating countdown to 60000
[00:49:37.889] [SEVERE ] setting player 2 freeze to 0
[00:49:38.893] [SEVERE ] setting player 1 score to 2
[00:49:38.895] [SEVERE ] setting player 1 freeze to 1000
[00:49:38.895] [SEVERE ] updating countdown to 59000
[00:49:39.899] [SEVERE ] setting player 1 freeze to 0
[00:49:40.902] [SEVERE ] updating countdown to 58000
[00:49:41.916] [SEVERE ] updating countdown to 57000
[00:49:42.929] [SEVERE ] updating countdown to 56000
[00:49:43.935] [SEVERE ] updating countdown to 55000
[00:49:44.945] [SEVERE ] updating countdown to 54000
