[18:35:58.446] [INFO   ] thread main starting.
[18:35:58.461] [SEVERE ] cannot read configuration file config.properties trying from resources.
[18:35:58.468] [SEVERE ] configuration file was loaded from resources directory.
[18:35:59.195] [INFO   ] thread dealer starting.
[18:35:59.195] [INFO   ] thread player 0 starting.
[18:35:59.195] [INFO   ] thread player 1 starting.
[18:35:59.195] [INFO   ] thread dealer starting.
[18:35:59.215] [INFO   ] thread player 1 starting.
[18:35:59.215] [INFO   ] thread player 0 starting.
[18:35:59.322] [SEVERE ] placing card 1 in slot 0
[18:35:59.436] [SEVERE ] placing card 4 in slot 1
[18:35:59.543] [SEVERE ] placing card 24 in slot 2
[18:35:59.644] [SEVERE ] placing card 75 in slot 3
[18:35:59.752] [SEVERE ] placing card 69 in slot 4
[18:35:59.862] [SEVERE ] placing card 49 in slot 5
[18:35:59.975] [SEVERE ] placing card 70 in slot 6
[18:36:00.078] [SEVERE ] placing card 30 in slot 7
[18:36:00.185] [SEVERE ] placing card 57 in slot 8
[18:36:00.295] [SEVERE ] placing card 72 in slot 9
[18:36:00.398] [SEVERE ] placing card 71 in slot 10
[18:36:00.512] [SEVERE ] placing card 31 in slot 11
[18:36:01.537] [SEVERE ] updating countdown to 9000
[18:36:02.554] [SEVERE ] updating countdown to 8000
[18:36:03.564] [SEVERE ] updating countdown to 7000
[18:36:04.575] [SEVERE ] updating countdown to 6000
[18:36:05.595] [SEVERE ] updating countdown to 5000
[18:36:05.620] [SEVERE ] updating countdown to 4000
[18:36:05.635] [SEVERE ] updating countdown to 3000
[18:36:05.655] [SEVERE ] updating countdown to 2000
[18:36:05.682] [SEVERE ] updating countdown to 1000
[18:36:05.696] [SEVERE ] updating countdown to 0
[18:36:05.710] [SEVERE ] removing card from slot 0
[18:36:05.825] [SEVERE ] removing card from slot 1
[18:36:05.943] [SEVERE ] removing card from slot 2
[18:36:06.043] [SEVERE ] removing card from slot 3
[18:36:06.154] [SEVERE ] removing card from slot 4
[18:36:06.268] [SEVERE ] removing card from slot 5
[18:36:06.369] [SEVERE ] removing card from slot 6
[18:36:06.484] [SEVERE ] removing card from slot 7
[18:36:06.584] [SEVERE ] removing card from slot 8
[18:36:06.693] [SEVERE ] removing card from slot 9
[18:36:06.795] [SEVERE ] removing card from slot 10
[18:36:06.909] [SEVERE ] removing card from slot 11
[18:36:07.140] [SEVERE ] placing card 28 in slot 0
[18:36:07.247] [SEVERE ] placing card 59 in slot 1
[18:36:07.353] [SEVERE ] placing card 57 in slot 2
[18:36:07.460] [SEVERE ] placing card 12 in slot 3
[18:36:07.561] [SEVERE ] placing card 24 in slot 4
[18:36:07.675] [SEVERE ] placing card 40 in slot 5
