[20:59:54.463] [INFO   ] thread main starting.
[20:59:54.475] [SEVERE ] cannot read configuration file config.properties trying from resources.
[20:59:54.476] [SEVERE ] configuration file was loaded from resources directory.
[20:59:55.006] [INFO   ] thread dealer starting.
[20:59:55.008] [INFO   ] thread player 0 starting.
[20:59:55.014] [INFO   ] thread player 1 starting.
[20:59:55.015] [INFO   ] thread player 2 starting.
[20:59:55.015] [INFO   ] thread player 1 starting.
[20:59:55.016] [INFO   ] thread player 2 starting.
[20:59:55.016] [INFO   ] thread player 0 starting.
[20:59:55.015] [INFO   ] thread player 3 starting.
[20:59:55.018] [INFO   ] thread computer-0 starting.
[20:59:55.018] [INFO   ] thread computer-2 starting.
[20:59:55.021] [INFO   ] thread player 3 starting.
[20:59:55.018] [INFO   ] thread computer-1 starting.
[20:59:55.021] [INFO   ] thread dealer starting.
[20:59:55.021] [INFO   ] thread computer-3 starting.
[20:59:55.139] [SEVERE ] placing card 65 in slot 0
[20:59:55.251] [SEVERE ] placing card 18 in slot 1
[20:59:55.361] [SEVERE ] placing card 73 in slot 2
[20:59:55.471] [SEVERE ] placing card 25 in slot 3
[20:59:55.582] [SEVERE ] placing card 70 in slot 4
[20:59:55.692] [SEVERE ] placing card 10 in slot 5
[20:59:55.793] [SEVERE ] placing card 53 in slot 6
[20:59:55.906] [SEVERE ] placing card 12 in slot 7
[20:59:56.017] [SEVERE ] placing card 74 in slot 8
[20:59:56.127] [SEVERE ] placing card 78 in slot 9
[20:59:56.236] [SEVERE ] placing card 11 in slot 10
[20:59:56.347] [SEVERE ] placing card 49 in slot 11
[20:59:57.352] [SEVERE ] updating countdown to 60000
[20:59:58.039] [SEVERE ] player 4 placing token on slot 4
[20:59:58.039] [SEVERE ] player 3 placing token on slot 7
[20:59:58.039] [SEVERE ] player 2 placing token on slot 11
[20:59:58.039] [SEVERE ] player 1 placing token on slot 9
[20:59:58.354] [SEVERE ] updating countdown to 59000
[20:59:59.043] [SEVERE ] player 2 placing token on slot 4
[20:59:59.043] [SEVERE ] player 3 placing token on slot 8
[20:59:59.043] [SEVERE ] removing player 1 token from slot 9
[20:59:59.043] [SEVERE ] player 4 placing token on slot 7
[20:59:59.358] [SEVERE ] updating countdown to 58000
[21:00:00.045] [SEVERE ] player 4 placing token on slot 10
[21:00:00.045] [SEVERE ] player 1 placing token on slot 0
[21:00:00.045] [SEVERE ] player 3 placing token on slot 4
[21:00:00.045] [SEVERE ] player 2 placing token on slot 7
[21:00:00.359] [SEVERE ] setting player 4 freeze to 3000
[21:00:00.362] [SEVERE ] updating countdown to 57000
[21:00:00.362] [SEVERE ] setting player 2 freeze to 3000
[21:00:01.059] [SEVERE ] player 1 placing token on slot 4
[21:00:01.374] [SEVERE ] setting player 2 freeze to 2000
[21:00:01.374] [SEVERE ] setting player 4 freeze to 2000
[21:00:01.374] [SEVERE ] setting player 3 freeze to 3000
[21:00:01.374] [SEVERE ] updating countdown to 56000
[21:00:02.061] [SEVERE ] player 1 placing token on slot 7
[21:00:02.375] [SEVERE ] setting player 3 freeze to 2000
[21:00:02.375] [SEVERE ] setting player 4 freeze to 1000
[21:00:02.375] [SEVERE ] setting player 2 freeze to 1000
[21:00:02.375] [SEVERE ] setting player 1 freeze to 3000
[21:00:02.375] [SEVERE ] updating countdown to 55000
[21:00:03.377] [SEVERE ] setting player 3 freeze to 1000
[21:00:03.377] [SEVERE ] setting player 1 freeze to 2000
[21:00:03.377] [SEVERE ] setting player 4 freeze to 0
[21:00:03.377] [SEVERE ] setting player 2 freeze to 0
[21:00:03.377] [SEVERE ] updating countdown to 54000
[21:00:04.390] [SEVERE ] setting player 1 freeze to 1000
[21:00:04.390] [SEVERE ] setting player 3 freeze to 0
[21:00:04.390] [SEVERE ] updating countdown to 53000
[21:00:05.089] [SEVERE ] removing player 4 token from slot 10
[21:00:05.089] [SEVERE ] removing player 3 token from slot 4
[21:00:05.393] [SEVERE ] setting player 1 freeze to 0
[21:00:05.394] [SEVERE ] updating countdown to 52000
[21:00:06.089] [SEVERE ] player 3 placing token on slot 9
[21:00:06.089] [SEVERE ] player 4 placing token on slot 2
