[00:23:26.164] [INFO   ] thread main starting.
[00:23:26.190] [SEVERE ] cannot read configuration file config.properties trying from resources.
[00:23:26.190] [SEVERE ] configuration file was loaded from resources directory.
[00:23:26.893] [INFO   ] thread dealer starting.
[00:23:26.895] [INFO   ] thread player 0 starting.
[00:23:26.897] [INFO   ] thread player 1 starting.
[00:23:26.897] [INFO   ] thread player 0 starting.
[00:23:26.897] [INFO   ] thread dealer starting.
[00:23:26.897] [INFO   ] thread player 1 starting.
[00:23:27.016] [SEVERE ] placing card 14 in slot 0
[00:23:27.117] [SEVERE ] placing card 26 in slot 1
[00:23:27.227] [SEVERE ] placing card 80 in slot 2
[00:23:27.337] [SEVERE ] placing card 62 in slot 3
[00:23:27.448] [SEVERE ] placing card 72 in slot 4
[00:23:27.559] [SEVERE ] placing card 24 in slot 5
[00:23:27.665] [SEVERE ] placing card 74 in slot 6
[00:23:27.774] [SEVERE ] placing card 35 in slot 7
[00:23:27.881] [SEVERE ] placing card 50 in slot 8
[00:23:27.986] [SEVERE ] placing card 44 in slot 9
[00:23:28.096] [SEVERE ] placing card 20 in slot 10
[00:23:28.210] [SEVERE ] placing card 34 in slot 11
[00:23:29.217] [SEVERE ] updating countdown to 59000
[00:23:30.218] [SEVERE ] updating countdown to 58000
[00:23:31.222] [SEVERE ] updating countdown to 57000
[00:23:32.237] [SEVERE ] updating countdown to 56000
[00:23:33.244] [SEVERE ] updating countdown to 55000
[00:23:34.256] [SEVERE ] updating countdown to 54000
[00:23:35.272] [SEVERE ] updating countdown to 53000
