[12:19:33.391] [INFO   ] thread main starting.
[12:19:33.408] [SEVERE ] cannot read configuration file config.properties trying from resources.
[12:19:33.408] [SEVERE ] configuration file was loaded from resources directory.
[12:19:33.996] [INFO   ] thread dealer starting.
[12:19:33.997] [INFO   ] thread player 0 starting.
[12:19:33.998] [INFO   ] thread player 1 starting.
[12:19:33.998] [INFO   ] thread player 0 starting.
[12:19:33.998] [INFO   ] thread dealer starting.
[12:19:34.005] [INFO   ] thread player 1 starting.
[12:19:34.017] [INFO   ] thread computer-1 starting.
[12:19:34.123] [SEVERE ] placing card 72 in slot 0
[12:19:34.239] [SEVERE ] placing card 57 in slot 1
[12:19:34.355] [SEVERE ] placing card 66 in slot 2
[12:19:34.457] [SEVERE ] placing card 27 in slot 3
[12:19:34.557] [SEVERE ] placing card 63 in slot 4
[12:19:34.673] [SEVERE ] placing card 70 in slot 5
[12:19:34.774] [SEVERE ] placing card 1 in slot 6
[12:19:34.876] [SEVERE ] placing card 74 in slot 7
[12:19:34.984] [SEVERE ] placing card 59 in slot 8
[12:19:35.094] [SEVERE ] placing card 51 in slot 9
[12:19:35.204] [SEVERE ] placing card 50 in slot 10
[12:19:35.314] [SEVERE ] placing card 61 in slot 11
[12:19:36.036] [SEVERE ] player 2 placing token on slot 9
[12:19:36.329] [SEVERE ] updating countdown to 59000
[12:19:37.039] [SEVERE ] player 2 placing token on slot 3
[12:19:37.331] [SEVERE ] updating countdown to 58000
[12:19:38.048] [SEVERE ] player 2 placing token on slot 2
[12:19:38.346] [SEVERE ] setting player 2 freeze to 3000
[12:19:38.346] [SEVERE ] updating countdown to 57000
[12:19:39.353] [SEVERE ] setting player 2 freeze to 2000
[12:19:39.355] [SEVERE ] updating countdown to 56000
[12:19:40.356] [SEVERE ] setting player 2 freeze to 1000
[12:19:40.356] [SEVERE ] updating countdown to 55000
[12:19:41.370] [SEVERE ] setting player 2 freeze to 0
[12:19:41.370] [SEVERE ] updating countdown to 54000
[12:19:42.376] [SEVERE ] updating countdown to 53000
