[00:40:42.656] [INFO   ] thread main starting.
[00:40:42.671] [SEVERE ] cannot read configuration file config.properties trying from resources.
[00:40:42.671] [SEVERE ] configuration file was loaded from resources directory.
[00:40:43.370] [INFO   ] thread dealer starting.
[00:40:43.370] [INFO   ] thread player 0 starting.
[00:40:43.370] [INFO   ] thread player 1 starting.
[00:40:43.370] [INFO   ] thread dealer starting.
[00:40:43.379] [INFO   ] thread player 0 starting.
[00:40:43.379] [INFO   ] thread player 1 starting.
[00:40:43.498] [SEVERE ] placing card 71 in slot 0
[00:40:43.600] [SEVERE ] placing card 17 in slot 1
[00:40:43.709] [SEVERE ] placing card 31 in slot 2
[00:40:43.816] [SEVERE ] placing card 16 in slot 3
[00:40:43.918] [SEVERE ] placing card 37 in slot 4
[00:40:44.019] [SEVERE ] placing card 54 in slot 5
[00:40:44.130] [SEVERE ] placing card 41 in slot 6
[00:40:44.234] [SEVERE ] placing card 76 in slot 7
[00:40:44.345] [SEVERE ] placing card 44 in slot 8
[00:40:44.456] [SEVERE ] placing card 8 in slot 9
[00:40:44.566] [SEVERE ] placing card 19 in slot 10
[00:40:44.676] [SEVERE ] placing card 38 in slot 11
[00:40:45.693] [SEVERE ] updating countdown to 59000
[00:40:46.511] [SEVERE ] key 80 was pressed by player 2
[00:40:46.511] [SEVERE ] player 2 placing token on slot 3
[00:40:46.596] [SEVERE ] key 79 was pressed by player 2
[00:40:46.596] [SEVERE ] player 2 placing token on slot 2
[00:40:46.705] [SEVERE ] updating countdown to 58000
[00:40:46.747] [SEVERE ] key 87 was pressed by player 1
[00:40:46.747] [SEVERE ] player 1 placing token on slot 1
[00:40:46.915] [SEVERE ] key 69 was pressed by player 1
[00:40:46.915] [SEVERE ] player 1 placing token on slot 2
[00:40:47.088] [SEVERE ] key 68 was pressed by player 1
[00:40:47.088] [SEVERE ] player 1 placing token on slot 6
[00:40:47.222] [SEVERE ] key 75 was pressed by player 2
[00:40:47.222] [SEVERE ] player 2 placing token on slot 5
[00:40:47.308] [SEVERE ] key 76 was pressed by player 2
[00:40:47.465] [SEVERE ] key 83 was pressed by player 1
[00:40:47.703] [SEVERE ] key 59 was pressed by player 2
[00:40:47.718] [SEVERE ] setting player 2 freeze to 3000
[00:40:47.720] [SEVERE ] updating countdown to 57000
[00:40:48.075] [SEVERE ] key 81 was pressed by player 1
[00:40:48.723] [SEVERE ] setting player 2 freeze to 2000
[00:40:49.731] [SEVERE ] setting player 2 freeze to 1000
[00:40:50.735] [SEVERE ] setting player 2 freeze to 0
[00:40:50.735] [SEVERE ] setting player 1 freeze to 3000
[00:40:51.745] [SEVERE ] setting player 1 freeze to 2000
[00:40:52.749] [SEVERE ] setting player 1 freeze to 1000
