[23:28:38.606] [INFO   ] thread main starting.
[23:28:38.633] [SEVERE ] cannot read configuration file config.properties trying from resources.
[23:28:38.638] [SEVERE ] configuration file was loaded from resources directory.
[23:28:39.607] [INFO   ] thread dealer starting.
[23:28:39.608] [INFO   ] thread player 0 starting.
[23:28:39.609] [INFO   ] thread player 1 starting.
[23:28:39.609] [INFO   ] thread player 2 starting.
[23:28:39.609] [INFO   ] thread player 3 starting.
[23:28:39.609] [INFO   ] thread dealer starting.
[23:28:39.620] [INFO   ] thread player 3 starting.
[23:28:39.621] [INFO   ] thread player 0 starting.
[23:28:39.621] [INFO   ] thread player 1 starting.
[23:28:39.621] [INFO   ] thread player 2 starting.
[23:28:39.625] [INFO   ] thread computer-1 starting.
[23:28:39.625] [INFO   ] thread computer-0 starting.
[23:28:39.621] [INFO   ] thread computer-3 starting.
[23:28:39.626] [INFO   ] thread computer-2 starting.
[23:28:39.794] [SEVERE ] placing card 18 in slot 0
[23:28:39.904] [SEVERE ] placing card 15 in slot 1
[23:28:40.015] [SEVERE ] placing card 31 in slot 2
[23:28:40.115] [SEVERE ] placing card 42 in slot 3
[23:28:40.285] [SEVERE ] placing card 29 in slot 4
[23:28:40.390] [SEVERE ] placing card 62 in slot 5
[23:28:40.494] [SEVERE ] placing card 68 in slot 6
[23:28:40.601] [SEVERE ] placing card 47 in slot 7
[23:28:40.705] [SEVERE ] placing card 73 in slot 8
[23:28:40.815] [SEVERE ] placing card 54 in slot 9
[23:28:40.915] [SEVERE ] placing card 59 in slot 10
[23:28:41.029] [SEVERE ] placing card 25 in slot 11
[23:28:41.056] [SEVERE ] player 1 placing token on slot 5
[23:28:41.056] [SEVERE ] player 4 placing token on slot 0
[23:28:41.056] [SEVERE ] player 3 placing token on slot 10
[23:28:41.056] [SEVERE ] player 2 placing token on slot 9
[23:28:41.057] [SEVERE ] player 4 placing token on slot 4
[23:28:41.057] [SEVERE ] player 1 placing token on slot 2
[23:28:41.058] [SEVERE ] player 4 placing token on slot 1
[23:28:41.058] [SEVERE ] player 2 placing token on slot 7
[23:28:41.058] [SEVERE ] player 3 placing token on slot 2
[23:28:41.058] [SEVERE ] player 1 placing token on slot 4
[23:28:41.060] [SEVERE ] player 3 placing token on slot 7
[23:28:41.060] [SEVERE ] removing player 2 token from slot 7
[23:28:41.060] [SEVERE ] player 2 placing token on slot 3
[23:28:41.060] [SEVERE ] player 2 placing token on slot 6
[23:28:41.070] [SEVERE ] setting player 4 freeze to 0
[23:28:41.071] [SEVERE ] removing player 4 token from slot 0
[23:28:41.071] [SEVERE ] player 4 placing token on slot 9
[23:28:41.086] [SEVERE ] setting player 2 freeze to 0
[23:28:41.086] [SEVERE ] removing player 2 token from slot 3
[23:28:41.086] [SEVERE ] player 2 placing token on slot 5
[23:28:41.105] [SEVERE ] setting player 3 freeze to 0
[23:28:41.105] [SEVERE ] removing player 3 token from slot 7
[23:28:41.106] [SEVERE ] player 3 placing token on slot 3
[23:28:41.122] [SEVERE ] setting player 1 freeze to 0
[23:28:41.123] [SEVERE ] removing player 1 token from slot 5
[23:28:41.123] [SEVERE ] player 1 placing token on slot 9
[23:28:41.138] [SEVERE ] setting player 3 freeze to 0
[23:28:41.138] [SEVERE ] removing player 3 token from slot 3
[23:28:41.138] [SEVERE ] removing player 3 token from slot 2
[23:28:41.141] [SEVERE ] player 3 placing token on slot 1
[23:28:41.141] [SEVERE ] player 3 placing token on slot 11
[23:28:41.153] [SEVERE ] updating countdown to 0
[23:28:41.153] [SEVERE ] updating countdown to -930
[23:28:41.155] [SEVERE ] removing player 2 token from slot 6
[23:28:41.156] [SEVERE ] player 2 placing token on slot 1
[23:28:41.156] [SEVERE ] removing player 1 token from slot 2
[23:28:41.156] [SEVERE ] removing player 1 token from slot 4
[23:28:41.157] [SEVERE ] removing player 1 token from slot 9
[23:28:41.157] [SEVERE ] removing player 2 token from slot 9
[23:28:41.157] [SEVERE ] removing player 2 token from slot 5
[23:28:41.159] [SEVERE ] removing player 2 token from slot 1
[23:28:41.160] [SEVERE ] removing player 3 token from slot 10
[23:28:41.160] [SEVERE ] removing player 3 token from slot 1
[23:28:41.160] [SEVERE ] removing player 3 token from slot 11
[23:28:41.161] [SEVERE ] removing player 4 token from slot 4
[23:28:41.161] [SEVERE ] removing player 4 token from slot 1
[23:28:41.161] [SEVERE ] removing player 4 token from slot 9
[23:28:41.161] [SEVERE ] removing card from slot 0
[23:28:41.275] [SEVERE ] removing card from slot 1
[23:28:41.385] [SEVERE ] removing card from slot 2
[23:28:41.497] [SEVERE ] removing card from slot 3
[23:28:41.608] [SEVERE ] removing card from slot 4
[23:28:41.720] [SEVERE ] removing card from slot 5
[23:28:41.832] [SEVERE ] removing card from slot 6
[23:28:41.943] [SEVERE ] removing card from slot 7
[23:28:42.055] [SEVERE ] removing card from slot 8
[23:28:42.167] [SEVERE ] removing card from slot 9
[23:28:42.279] [SEVERE ] removing card from slot 10
[23:28:42.390] [SEVERE ] removing card from slot 11
[23:28:42.610] [SEVERE ] placing card 65 in slot 0
[23:28:42.721] [SEVERE ] placing card 0 in slot 1
[23:28:42.833] [SEVERE ] placing card 76 in slot 2
[23:28:42.944] [SEVERE ] placing card 45 in slot 3
[23:28:43.056] [SEVERE ] placing card 21 in slot 4
[23:28:43.167] [SEVERE ] placing card 1 in slot 5
[23:28:43.279] [SEVERE ] placing card 44 in slot 6
[23:28:43.391] [SEVERE ] placing card 4 in slot 7
[23:28:43.503] [SEVERE ] placing card 12 in slot 8
[23:28:43.615] [SEVERE ] placing card 33 in slot 9
[23:28:43.727] [SEVERE ] placing card 6 in slot 10
[23:28:43.838] [SEVERE ] placing card 68 in slot 11
[23:28:43.838] [SEVERE ] updating countdown to -930
[23:28:43.838] [SEVERE ] removing card from slot 0
[23:28:43.949] [SEVERE ] removing card from slot 1
[23:28:44.061] [SEVERE ] removing card from slot 2
[23:28:44.173] [SEVERE ] removing card from slot 3
[23:28:44.284] [SEVERE ] removing card from slot 4
[23:28:44.395] [SEVERE ] removing card from slot 5
[23:28:44.507] [SEVERE ] removing card from slot 6
[23:28:44.619] [SEVERE ] removing card from slot 7
[23:28:44.725] [SEVERE ] removing card from slot 8
[23:28:44.825] [SEVERE ] removing card from slot 9
[23:28:44.935] [SEVERE ] removing card from slot 10
[23:28:45.037] [SEVERE ] removing card from slot 11
[23:28:45.536] [SEVERE ] placing card 6 in slot 0
[23:28:45.656] [SEVERE ] placing card 41 in slot 1
[23:28:45.765] [SEVERE ] placing card 37 in slot 2
[23:28:45.877] [SEVERE ] placing card 42 in slot 3
[23:28:45.981] [SEVERE ] placing card 43 in slot 4
[23:28:46.085] [SEVERE ] placing card 59 in slot 5
[23:28:46.203] [SEVERE ] placing card 23 in slot 6
[23:28:46.318] [SEVERE ] placing card 8 in slot 7
[23:28:46.422] [SEVERE ] placing card 22 in slot 8
[23:28:46.533] [SEVERE ] placing card 68 in slot 9
[23:28:46.644] [SEVERE ] placing card 34 in slot 10
[23:28:46.805] [SEVERE ] placing card 13 in slot 11
[23:28:46.805] [SEVERE ] updating countdown to -930
[23:28:46.805] [SEVERE ] removing card from slot 0
[23:28:46.916] [SEVERE ] removing card from slot 1
[23:28:47.027] [SEVERE ] removing card from slot 2
[23:28:47.138] [SEVERE ] removing card from slot 3
[23:28:47.250] [SEVERE ] removing card from slot 4
[23:28:47.362] [SEVERE ] removing card from slot 5
[23:28:47.473] [SEVERE ] removing card from slot 6
[23:28:47.585] [SEVERE ] removing card from slot 7
[23:28:47.697] [SEVERE ] removing card from slot 8
[23:28:47.808] [SEVERE ] removing card from slot 9
[23:28:47.919] [SEVERE ] removing card from slot 10
[23:28:48.031] [SEVERE ] removing card from slot 11
[23:28:48.274] [SEVERE ] placing card 32 in slot 0
[23:28:48.379] [SEVERE ] placing card 72 in slot 1
[23:28:48.483] [SEVERE ] placing card 74 in slot 2
[23:28:48.590] [SEVERE ] placing card 10 in slot 3
[23:28:48.695] [SEVERE ] placing card 14 in slot 4
[23:28:48.800] [SEVERE ] placing card 25 in slot 5
[23:28:48.936] [SEVERE ] placing card 8 in slot 6
[23:28:49.067] [SEVERE ] placing card 61 in slot 7
