[22:42:59.250] [INFO   ] thread main starting.
[22:42:59.284] [SEVERE ] cannot read configuration file config.properties trying from resources.
[22:42:59.293] [SEVERE ] configuration file was loaded from resources directory.
[22:42:59.968] [INFO   ] thread dealer starting.
[22:42:59.968] [INFO   ] thread player 0 starting.
[22:42:59.968] [INFO   ] thread player 1 starting.
[22:42:59.968] [INFO   ] thread player 0 starting.
[22:42:59.968] [INFO   ] thread player 2 starting.
[22:42:59.968] [INFO   ] thread player 1 starting.
[22:42:59.968] [INFO   ] thread player 3 starting.
[22:42:59.973] [INFO   ] thread dealer starting.
[22:42:59.985] [INFO   ] thread player 3 starting.
[22:42:59.985] [INFO   ] thread player 2 starting.
[22:42:59.985] [INFO   ] thread computer-1 starting.
[22:42:59.985] [INFO   ] thread computer-0 starting.
[22:42:59.986] [INFO   ] thread computer-2 starting.
[22:42:59.986] [INFO   ] thread computer-3 starting.
[22:43:00.096] [SEVERE ] placing card 35 in slot 0
[22:43:00.197] [SEVERE ] placing card 34 in slot 1
[22:43:00.298] [SEVERE ] placing card 59 in slot 2
[22:43:00.398] [SEVERE ] placing card 46 in slot 3
[22:43:00.499] [SEVERE ] placing card 11 in slot 4
[22:43:00.600] [SEVERE ] placing card 5 in slot 5
[22:43:00.701] [SEVERE ] placing card 25 in slot 6
[22:43:00.801] [SEVERE ] placing card 27 in slot 7
[22:43:00.902] [SEVERE ] placing card 55 in slot 8
[22:43:01.002] [SEVERE ] placing card 18 in slot 9
[22:43:01.103] [SEVERE ] placing card 7 in slot 10
[22:43:01.204] [SEVERE ] placing card 51 in slot 11
[22:43:02.207] [SEVERE ] updating countdown to 60000
[22:43:02.212] [SEVERE ] player 4 placing token on slot 8
[22:43:02.212] [SEVERE ] player 1 placing token on slot 3
[22:43:02.212] [SEVERE ] player 2 placing token on slot 2
[22:43:02.213] [SEVERE ] player 1 placing token on slot 8
[22:43:02.213] [SEVERE ] player 3 placing token on slot 3
[22:43:02.213] [SEVERE ] player 4 placing token on slot 1
[22:43:02.217] [SEVERE ] player 3 placing token on slot 10
[22:43:02.216] [SEVERE ] player 1 placing token on slot 6
[22:43:02.216] [SEVERE ] removing player 2 token from slot 2
[22:43:02.218] [SEVERE ] removing player 3 token from slot 3
[22:43:02.217] [SEVERE ] player 4 placing token on slot 11
[22:43:02.219] [SEVERE ] player 2 placing token on slot 2
[22:43:02.220] [SEVERE ] player 3 placing token on slot 11
[22:43:02.220] [SEVERE ] player 2 placing token on slot 9
[22:43:02.221] [SEVERE ] removing player 3 token from slot 10
[22:43:02.222] [SEVERE ] player 2 placing token on slot 4
[22:43:02.222] [SEVERE ] player 3 placing token on slot 7
[22:43:02.223] [SEVERE ] removing player 3 token from slot 11
[22:43:02.223] [SEVERE ] player 3 placing token on slot 3
[22:43:02.224] [SEVERE ] player 3 placing token on slot 8
[22:43:03.214] [SEVERE ] updating countdown to 59000
[22:43:03.218] [SEVERE ] setting player 1 freeze to 0
[22:43:03.220] [SEVERE ] removing player 1 token from slot 6
[22:43:03.221] [SEVERE ] player 1 placing token on slot 1
[22:43:03.222] [SEVERE ] setting player 3 freeze to 0
[22:43:03.223] [SEVERE ] removing player 3 token from slot 3
[22:43:03.223] [SEVERE ] player 3 placing token on slot 4
[22:43:04.228] [SEVERE ] updating countdown to 58000
[22:43:04.230] [SEVERE ] setting player 2 freeze to 0
[22:43:04.231] [SEVERE ] removing player 2 token from slot 2
[22:43:04.231] [SEVERE ] player 2 placing token on slot 0
[22:43:04.232] [SEVERE ] setting player 4 freeze to 0
[22:43:04.241] [SEVERE ] removing player 4 token from slot 1
[22:43:04.244] [SEVERE ] player 4 placing token on slot 0
[22:43:05.232] [SEVERE ] updating countdown to 57000
[22:43:05.235] [SEVERE ] setting player 2 freeze to 0
[22:43:05.235] [SEVERE ] removing player 2 token from slot 9
[22:43:05.236] [SEVERE ] player 2 placing token on slot 2
[22:43:05.238] [SEVERE ] setting player 3 freeze to 0
[22:43:05.239] [SEVERE ] removing player 3 token from slot 7
[22:43:05.239] [SEVERE ] player 3 placing token on slot 7
[22:43:06.241] [SEVERE ] updating countdown to 56000
[22:43:06.243] [SEVERE ] setting player 1 freeze to 0
[22:43:06.245] [SEVERE ] removing player 1 token from slot 3
[22:43:06.245] [SEVERE ] player 1 placing token on slot 7
[22:43:06.247] [SEVERE ] setting player 3 freeze to 0
[22:43:06.248] [SEVERE ] removing player 3 token from slot 7
[22:43:06.248] [SEVERE ] player 3 placing token on slot 0
[22:43:07.250] [SEVERE ] updating countdown to 55000
[22:43:07.253] [SEVERE ] setting player 2 freeze to 0
[22:43:07.253] [SEVERE ] removing player 2 token from slot 4
[22:43:07.255] [SEVERE ] player 2 placing token on slot 11
[22:43:08.257] [SEVERE ] updating countdown to 54000
[22:43:08.261] [SEVERE ] setting player 4 freeze to 0
[22:43:08.261] [SEVERE ] removing player 4 token from slot 0
[22:43:08.264] [SEVERE ] player 4 placing token on slot 9
[22:43:08.265] [SEVERE ] setting player 2 freeze to 0
[22:43:08.266] [SEVERE ] removing player 2 token from slot 11
[22:43:08.266] [SEVERE ] player 2 placing token on slot 3
[22:43:09.272] [SEVERE ] updating countdown to 53000
[22:43:09.274] [SEVERE ] setting player 3 freeze to 0
[22:43:09.276] [SEVERE ] removing player 3 token from slot 4
[22:43:09.277] [SEVERE ] player 3 placing token on slot 10
[22:43:09.278] [SEVERE ] setting player 1 freeze to 0
[22:43:09.278] [SEVERE ] removing player 1 token from slot 7
[22:43:09.278] [SEVERE ] removing player 1 token from slot 1
[22:43:09.279] [SEVERE ] player 1 placing token on slot 6
[22:43:09.279] [SEVERE ] player 1 placing token on slot 11
[22:43:10.278] [SEVERE ] updating countdown to 52000
[22:43:10.282] [SEVERE ] setting player 3 freeze to 0
[22:43:10.282] [SEVERE ] removing player 3 token from slot 10
[22:43:10.283] [SEVERE ] player 3 placing token on slot 3
[22:43:10.285] [SEVERE ] setting player 2 freeze to 0
[22:43:10.286] [SEVERE ] removing player 2 token from slot 2
[22:43:10.286] [SEVERE ] player 2 placing token on slot 5
[22:43:11.290] [SEVERE ] updating countdown to 51000
[22:43:11.292] [SEVERE ] setting player 4 freeze to 0
[22:43:11.298] [SEVERE ] setting player 2 freeze to 0
[22:43:11.303] [SEVERE ] removing player 4 token from slot 9
[22:43:11.305] [SEVERE ] removing player 4 token from slot 11
[22:43:11.307] [SEVERE ] player 4 placing token on slot 4
[22:43:11.308] [SEVERE ] removing player 4 token from slot 4
[22:43:11.310] [SEVERE ] player 4 placing token on slot 7
[22:43:11.311] [SEVERE ] player 4 placing token on slot 1
[22:43:11.313] [SEVERE ] removing player 2 token from slot 0
[22:43:11.314] [SEVERE ] player 2 placing token on slot 4
[22:43:12.301] [SEVERE ] updating countdown to 50000
[22:43:12.303] [SEVERE ] setting player 3 freeze to 0
[22:43:12.309] [SEVERE ] removing player 3 token from slot 0
[22:43:12.311] [SEVERE ] player 3 placing token on slot 10
[22:43:13.310] [SEVERE ] updating countdown to 49000
[22:43:13.312] [SEVERE ] setting player 1 freeze to 0
[22:43:13.321] [SEVERE ] removing player 1 token from slot 11
[22:43:13.321] [SEVERE ] setting player 3 freeze to 0
[22:43:13.323] [SEVERE ] removing player 1 token from slot 8
[22:43:13.326] [SEVERE ] player 1 placing token on slot 3
[22:43:13.328] [SEVERE ] player 1 placing token on slot 1
[22:43:13.330] [SEVERE ] removing player 3 token from slot 3
[22:43:13.331] [SEVERE ] player 3 placing token on slot 7
[22:43:14.325] [SEVERE ] updating countdown to 48000
[22:43:14.325] [SEVERE ] setting player 2 freeze to 0
[22:43:14.329] [SEVERE ] removing player 2 token from slot 4
[22:43:14.329] [SEVERE ] player 2 placing token on slot 7
[22:43:15.336] [SEVERE ] updating countdown to 47000
[22:43:15.336] [SEVERE ] setting player 4 freeze to 0
[22:43:15.346] [SEVERE ] setting player 2 freeze to 0
[22:43:15.347] [SEVERE ] removing player 2 token from slot 3
[22:43:15.347] [SEVERE ] removing player 2 token from slot 7
[22:43:15.348] [SEVERE ] player 2 placing token on slot 4
[22:43:15.349] [SEVERE ] removing player 4 token from slot 1
[22:43:15.349] [SEVERE ] removing player 2 token from slot 4
[22:43:15.351] [SEVERE ] player 2 placing token on slot 6
[22:43:15.351] [SEVERE ] player 4 placing token on slot 9
[22:43:15.352] [SEVERE ] player 2 placing token on slot 11
[22:43:16.351] [SEVERE ] updating countdown to 46000
[22:43:16.356] [SEVERE ] setting player 3 freeze to 0
[22:43:16.358] [SEVERE ] removing player 3 token from slot 10
[22:43:16.359] [SEVERE ] removing player 3 token from slot 8
[22:43:16.359] [SEVERE ] player 3 placing token on slot 11
[22:43:16.360] [SEVERE ] player 3 placing token on slot 9
[22:43:16.360] [SEVERE ] setting player 1 freeze to 0
[22:43:16.361] [SEVERE ] removing player 1 token from slot 6
[22:43:16.361] [SEVERE ] player 1 placing token on slot 8
[22:43:17.372] [SEVERE ] updating countdown to 45000
[22:43:17.372] [SEVERE ] setting player 2 freeze to 0
[22:43:17.379] [SEVERE ] removing player 2 token from slot 6
[22:43:17.380] [SEVERE ] player 2 placing token on slot 6
[22:43:18.383] [SEVERE ] updating countdown to 44000
[22:43:18.385] [SEVERE ] setting player 4 freeze to 0
[22:43:18.385] [SEVERE ] removing player 4 token from slot 9
[22:43:18.388] [SEVERE ] player 4 placing token on slot 4
[22:43:19.397] [SEVERE ] updating countdown to 43000
[22:43:19.397] [SEVERE ] setting player 2 freeze to 0
[22:43:19.397] [SEVERE ] removing player 2 token from slot 5
[22:43:19.401] [SEVERE ] player 2 placing token on slot 1
[22:43:20.412] [SEVERE ] updating countdown to 42000
[22:43:20.422] [SEVERE ] setting player 1 freeze to 0
[22:43:20.429] [SEVERE ] removing player 1 token from slot 1
[22:43:20.433] [SEVERE ] player 1 placing token on slot 6
[22:43:20.434] [SEVERE ] setting player 3 freeze to 0
[22:43:20.444] [SEVERE ] removing player 3 token from slot 9
[22:43:20.446] [SEVERE ] removing player 3 token from slot 11
[22:43:20.447] [SEVERE ] player 3 placing token on slot 6
[22:43:20.450] [SEVERE ] player 3 placing token on slot 9
[22:43:21.441] [SEVERE ] updating countdown to 41000
[22:43:21.441] [SEVERE ] setting player 2 freeze to 0
[22:43:21.448] [SEVERE ] removing player 2 token from slot 6
[22:43:21.448] [SEVERE ] removing player 2 token from slot 1
[22:43:21.449] [SEVERE ] player 2 placing token on slot 4
[22:43:21.451] [SEVERE ] player 2 placing token on slot 2
[22:43:21.453] [SEVERE ] setting player 4 freeze to 0
[22:43:21.453] [SEVERE ] removing player 4 token from slot 7
[22:43:21.454] [SEVERE ] removing player 4 token from slot 8
[22:43:21.454] [SEVERE ] player 4 placing token on slot 7
[22:43:21.454] [SEVERE ] player 4 placing token on slot 9
[22:43:22.454] [SEVERE ] updating countdown to 40000
[22:43:22.460] [SEVERE ] setting player 2 freeze to 0
[22:43:22.460] [SEVERE ] removing player 2 token from slot 4
[22:43:22.461] [SEVERE ] player 2 placing token on slot 10
[22:43:22.465] [SEVERE ] setting player 3 freeze to 0
[22:43:22.466] [SEVERE ] removing player 3 token from slot 9
[22:43:22.467] [SEVERE ] removing player 3 token from slot 7
[22:43:22.468] [SEVERE ] player 3 placing token on slot 11
[22:43:22.470] [SEVERE ] player 3 placing token on slot 10
[22:43:23.473] [SEVERE ] updating countdown to 39000
[22:43:23.482] [SEVERE ] setting player 1 freeze to 0
[22:43:23.482] [SEVERE ] removing player 1 token from slot 3
[22:43:23.484] [SEVERE ] player 1 placing token on slot 4
[22:43:23.493] [SEVERE ] setting player 3 freeze to 0
[22:43:23.501] [SEVERE ] removing player 3 token from slot 10
[22:43:23.503] [SEVERE ] player 3 placing token on slot 1
[22:43:24.506] [SEVERE ] updating countdown to 38000
[22:43:24.506] [SEVERE ] setting player 2 freeze to 0
[22:43:24.516] [SEVERE ] removing player 2 token from slot 11
[22:43:24.518] [SEVERE ] removing player 2 token from slot 2
[22:43:24.519] [SEVERE ] player 2 placing token on slot 6
[22:43:24.520] [SEVERE ] player 2 placing token on slot 3
[22:43:25.523] [SEVERE ] updating countdown to 37000
[22:43:25.525] [SEVERE ] setting player 4 freeze to 0
[22:43:25.528] [SEVERE ] removing player 4 token from slot 4
[22:43:25.529] [SEVERE ] player 4 placing token on slot 6
[22:43:25.532] [SEVERE ] setting player 2 freeze to 0
[22:43:25.534] [SEVERE ] removing player 2 token from slot 10
[22:43:25.536] [SEVERE ] player 2 placing token on slot 8
[22:43:26.532] [SEVERE ] updating countdown to 36000
[22:43:26.533] [SEVERE ] setting player 3 freeze to 0
[22:43:26.540] [SEVERE ] setting player 1 freeze to 0
[22:43:26.540] [SEVERE ] removing player 3 token from slot 6
[22:43:26.542] [SEVERE ] player 3 placing token on slot 4
[22:43:26.546] [SEVERE ] removing player 1 token from slot 8
[22:43:26.548] [SEVERE ] player 1 placing token on slot 1
[22:43:27.539] [SEVERE ] updating countdown to 35000
[22:43:27.539] [SEVERE ] setting player 2 freeze to 0
[22:43:27.541] [SEVERE ] removing player 2 token from slot 8
[22:43:27.541] [SEVERE ] player 2 placing token on slot 0
[22:43:27.542] [SEVERE ] setting player 4 freeze to 0
[22:43:27.542] [SEVERE ] removing player 4 token from slot 6
[22:43:27.543] [SEVERE ] player 4 placing token on slot 0
[22:43:28.542] [SEVERE ] updating countdown to 34000
[22:43:28.545] [SEVERE ] setting player 2 freeze to 0
[22:43:28.546] [SEVERE ] removing player 2 token from slot 3
[22:43:28.546] [SEVERE ] setting player 1 freeze to 0
[22:43:28.547] [SEVERE ] removing player 1 token from slot 1
[22:43:28.547] [SEVERE ] player 2 placing token on slot 4
[22:43:28.548] [SEVERE ] player 1 placing token on slot 9
[22:43:28.551] [SEVERE ] setting player 3 freeze to 0
[22:43:28.552] [SEVERE ] removing player 3 token from slot 4
[22:43:28.552] [SEVERE ] player 3 placing token on slot 9
[22:43:29.551] [SEVERE ] updating countdown to 33000
[22:43:29.555] [SEVERE ] setting player 1 freeze to 0
[22:43:29.558] [SEVERE ] setting player 2 freeze to 0
[22:43:29.558] [SEVERE ] removing player 2 token from slot 4
[22:43:29.558] [SEVERE ] player 2 placing token on slot 3
[22:43:29.572] [SEVERE ] removing player 1 token from slot 4
[22:43:29.575] [SEVERE ] player 1 placing token on slot 2
[22:43:30.557] [SEVERE ] updating countdown to 32000
[22:43:30.557] [SEVERE ] setting player 4 freeze to 0
[22:43:30.557] [SEVERE ] removing player 4 token from slot 9
[22:43:30.561] [SEVERE ] player 4 placing token on slot 8
[22:43:31.566] [SEVERE ] updating countdown to 31000
[22:43:31.568] [SEVERE ] setting player 1 freeze to 0
[22:43:31.571] [SEVERE ] removing player 1 token from slot 6
[22:43:31.571] [SEVERE ] player 1 placing token on slot 8
[22:43:31.573] [SEVERE ] setting player 2 freeze to 0
[22:43:31.575] [SEVERE ] setting player 3 freeze to 0
[22:43:31.576] [SEVERE ] removing player 3 token from slot 11
[22:43:31.577] [SEVERE ] removing player 2 token from slot 0
[22:43:31.578] [SEVERE ] player 3 placing token on slot 4
[22:43:31.579] [SEVERE ] player 2 placing token on slot 10
[22:43:31.579] [SEVERE ] setting player 1 freeze to 0
[22:43:31.601] [SEVERE ] removing player 1 token from slot 2
[22:43:31.603] [SEVERE ] player 1 placing token on slot 6
[22:43:32.591] [SEVERE ] updating countdown to 30000
[22:43:32.591] [SEVERE ] setting player 4 freeze to 0
[22:43:32.591] [SEVERE ] removing player 4 token from slot 8
[22:43:32.591] [SEVERE ] player 4 placing token on slot 8
[22:43:32.591] [SEVERE ] setting player 1 freeze to 0
[22:43:32.591] [SEVERE ] removing player 1 token from slot 6
[22:43:32.591] [SEVERE ] player 1 placing token on slot 2
[22:43:33.600] [SEVERE ] updating countdown to 29000
[22:43:33.600] [SEVERE ] setting player 2 freeze to 0
[22:43:33.600] [SEVERE ] removing player 2 token from slot 6
[22:43:33.605] [SEVERE ] player 2 placing token on slot 1
[22:43:34.603] [SEVERE ] updating countdown to 28000
[22:43:34.603] [SEVERE ] setting player 3 freeze to 0
[22:43:34.607] [SEVERE ] setting player 2 freeze to 0
[22:43:34.611] [SEVERE ] removing player 2 token from slot 10
[22:43:34.612] [SEVERE ] player 2 placing token on slot 0
[22:43:34.616] [SEVERE ] removing player 3 token from slot 4
[22:43:34.617] [SEVERE ] removing player 3 token from slot 9
[22:43:34.619] [SEVERE ] player 3 placing token on slot 9
[22:43:34.620] [SEVERE ] removing player 3 token from slot 9
[22:43:34.622] [SEVERE ] player 3 placing token on slot 5
[22:43:34.624] [SEVERE ] removing player 3 token from slot 1
[22:43:34.625] [SEVERE ] player 3 placing token on slot 10
[22:43:34.626] [SEVERE ] player 3 placing token on slot 3
[22:43:35.621] [SEVERE ] updating countdown to 27000
[22:43:35.621] [SEVERE ] setting player 1 freeze to 0
[22:43:35.628] [SEVERE ] removing player 1 token from slot 2
[22:43:35.628] [SEVERE ] player 1 placing token on slot 6
[22:43:35.631] [SEVERE ] setting player 4 freeze to 0
[22:43:35.632] [SEVERE ] removing player 4 token from slot 0
[22:43:35.634] [SEVERE ] player 4 placing token on slot 1
[22:43:36.631] [SEVERE ] updating countdown to 26000
[22:43:36.634] [SEVERE ] setting player 1 freeze to 0
[22:43:36.636] [SEVERE ] removing player 1 token from slot 9
[22:43:36.638] [SEVERE ] player 1 placing token on slot 9
[22:43:37.640] [SEVERE ] updating countdown to 25000
[22:43:37.643] [SEVERE ] setting player 3 freeze to 0
[22:43:37.645] [SEVERE ] removing player 3 token from slot 10
[22:43:37.647] [SEVERE ] player 3 placing token on slot 10
[22:43:38.643] [SEVERE ] updating countdown to 24000
[22:43:38.643] [SEVERE ] setting player 2 freeze to 0
[22:43:38.643] [SEVERE ] removing player 2 token from slot 0
[22:43:38.648] [SEVERE ] removing player 2 token from slot 3
[22:43:38.649] [SEVERE ] player 2 placing token on slot 5
[22:43:38.651] [SEVERE ] player 2 placing token on slot 6
[22:43:38.654] [SEVERE ] setting player 3 freeze to 0
[22:43:38.660] [SEVERE ] removing player 3 token from slot 5
[22:43:38.662] [SEVERE ] player 3 placing token on slot 8
[22:43:39.654] [SEVERE ] updating countdown to 23000
[22:43:39.657] [SEVERE ] setting player 1 freeze to 0
[22:43:39.661] [SEVERE ] removing player 1 token from slot 9
[22:43:39.663] [SEVERE ] removing player 1 token from slot 8
[22:43:39.665] [SEVERE ] player 1 placing token on slot 3
[22:43:39.667] [SEVERE ] player 1 placing token on slot 7
[22:43:40.660] [SEVERE ] updating countdown to 22000
[22:43:40.662] [SEVERE ] setting player 4 freeze to 0
[22:43:40.662] [SEVERE ] removing player 4 token from slot 7
[22:43:40.664] [SEVERE ] player 4 placing token on slot 3
[22:43:40.667] [SEVERE ] setting player 1 freeze to 0
[22:43:40.671] [SEVERE ] removing player 1 token from slot 6
[22:43:40.672] [SEVERE ] removing player 1 token from slot 3
[22:43:40.673] [SEVERE ] player 1 placing token on slot 0
[22:43:40.674] [SEVERE ] player 1 placing token on slot 3
[22:43:41.670] [SEVERE ] updating countdown to 21000
[22:43:41.671] [SEVERE ] setting player 3 freeze to 0
[22:43:41.671] [SEVERE ] removing player 3 token from slot 3
[22:43:41.674] [SEVERE ] player 3 placing token on slot 6
[22:43:41.677] [SEVERE ] setting player 2 freeze to 0
[22:43:41.678] [SEVERE ] removing player 2 token from slot 1
[22:43:41.678] [SEVERE ] player 2 placing token on slot 4
[22:43:42.679] [SEVERE ] updating countdown to 20000
[22:43:42.681] [SEVERE ] setting player 3 freeze to 0
[22:43:42.687] [SEVERE ] setting player 1 freeze to 0
[22:43:42.688] [SEVERE ] removing player 1 token from slot 0
[22:43:42.688] [SEVERE ] removing player 3 token from slot 10
[22:43:42.690] [SEVERE ] player 3 placing token on slot 3
[22:43:42.690] [SEVERE ] player 1 placing token on slot 8
[22:43:43.694] [SEVERE ] updating countdown to 19000
[22:43:43.694] [SEVERE ] setting player 4 freeze to 0
[22:43:43.698] [SEVERE ] removing player 4 token from slot 1
[22:43:43.700] [SEVERE ] player 4 placing token on slot 5
[22:43:43.701] [SEVERE ] setting player 1 freeze to 0
[22:43:43.704] [SEVERE ] removing player 1 token from slot 3
[22:43:43.705] [SEVERE ] player 1 placing token on slot 11
[22:43:44.703] [SEVERE ] updating countdown to 18000
[22:43:44.705] [SEVERE ] setting player 3 freeze to 0
[22:43:44.705] [SEVERE ] removing player 3 token from slot 8
[22:43:44.708] [SEVERE ] player 3 placing token on slot 4
[22:43:44.710] [SEVERE ] setting player 2 freeze to 0
[22:43:44.710] [SEVERE ] removing player 2 token from slot 5
[22:43:44.711] [SEVERE ] player 2 placing token on slot 10
[22:43:45.710] [SEVERE ] updating countdown to 17000
[22:43:45.714] [SEVERE ] setting player 3 freeze to 0
[22:43:45.714] [SEVERE ] removing player 3 token from slot 6
[22:43:45.714] [SEVERE ] player 3 placing token on slot 2
[22:43:45.716] [SEVERE ] setting player 1 freeze to 0
[22:43:45.716] [SEVERE ] removing player 1 token from slot 7
[22:43:45.717] [SEVERE ] player 1 placing token on slot 9
[22:43:46.718] [SEVERE ] updating countdown to 16000
[22:43:46.721] [SEVERE ] setting player 4 freeze to 0
[22:43:46.724] [SEVERE ] removing player 4 token from slot 3
[22:43:46.725] [SEVERE ] setting player 1 freeze to 0
[22:43:46.726] [SEVERE ] player 4 placing token on slot 2
[22:43:46.726] [SEVERE ] removing player 1 token from slot 9
[22:43:46.726] [SEVERE ] player 1 placing token on slot 10
[22:43:47.732] [SEVERE ] updating countdown to 15000
[22:43:47.732] [SEVERE ] setting player 3 freeze to 0
[22:43:47.737] [SEVERE ] removing player 3 token from slot 3
[22:43:47.738] [SEVERE ] removing player 3 token from slot 4
[22:43:47.740] [SEVERE ] player 3 placing token on slot 11
[22:43:47.740] [SEVERE ] setting player 2 freeze to 0
[22:43:47.740] [SEVERE ] removing player 2 token from slot 4
[22:43:47.740] [SEVERE ] player 2 placing token on slot 8
[22:43:47.742] [SEVERE ] player 3 placing token on slot 5
[22:43:48.751] [SEVERE ] updating countdown to 14000
[22:43:48.754] [SEVERE ] setting player 1 freeze to 0
[22:43:48.763] [SEVERE ] removing player 1 token from slot 10
[22:43:48.765] [SEVERE ] removing player 1 token from slot 11
[22:43:48.766] [SEVERE ] player 1 placing token on slot 5
[22:43:48.768] [SEVERE ] player 1 placing token on slot 2
[22:43:49.758] [SEVERE ] updating countdown to 13000
[22:43:49.758] [SEVERE ] setting player 4 freeze to 0
[22:43:49.758] [SEVERE ] removing player 4 token from slot 5
[22:43:49.759] [SEVERE ] player 4 placing token on slot 5
[22:43:50.769] [SEVERE ] updating countdown to 12000
[22:43:50.770] [SEVERE ] setting player 1 freeze to 0
[22:43:50.770] [SEVERE ] removing player 1 token from slot 2
[22:43:50.774] [SEVERE ] player 1 placing token on slot 10
[22:43:51.776] [SEVERE ] updating countdown to 11000
[22:43:51.776] [SEVERE ] setting player 3 freeze to 0
[22:43:51.776] [SEVERE ] removing player 3 token from slot 11
[22:43:51.782] [SEVERE ] player 3 placing token on slot 6
[22:43:52.782] [SEVERE ] updating countdown to 10000
[22:43:52.784] [SEVERE ] setting player 2 freeze to 0
[22:43:52.784] [SEVERE ] removing player 2 token from slot 10
[22:43:52.786] [SEVERE ] player 2 placing token on slot 3
[22:43:53.789] [SEVERE ] updating countdown to 9000
[22:43:53.789] [SEVERE ] setting player 3 freeze to 0
[22:43:53.793] [SEVERE ] removing player 3 token from slot 5
[22:43:53.794] [SEVERE ] player 3 placing token on slot 7
[22:43:54.803] [SEVERE ] updating countdown to 8000
[22:43:54.808] [SEVERE ] setting player 1 freeze to 0
[22:43:54.808] [SEVERE ] removing player 1 token from slot 5
[22:43:54.810] [SEVERE ] player 1 placing token on slot 9
[22:43:55.816] [SEVERE ] updating countdown to 7000
[22:43:55.822] [SEVERE ] setting player 4 freeze to 0
[22:43:55.822] [SEVERE ] removing player 4 token from slot 2
[22:43:55.822] [SEVERE ] removing player 4 token from slot 5
[22:43:55.822] [SEVERE ] removing player 4 token from slot 8
[22:43:55.822] [SEVERE ] player 4 placing token on slot 6
[22:43:55.823] [SEVERE ] player 4 placing token on slot 3
[22:43:55.824] [SEVERE ] player 4 placing token on slot 9
[22:43:56.818] [SEVERE ] updating countdown to 6000
[22:43:56.819] [SEVERE ] setting player 1 freeze to 0
[22:43:56.824] [SEVERE ] setting player 3 freeze to 0
[22:43:56.824] [SEVERE ] removing player 3 token from slot 7
[22:43:56.825] [SEVERE ] player 3 placing token on slot 11
[22:43:56.831] [SEVERE ] removing player 1 token from slot 9
[22:43:56.832] [SEVERE ] player 1 placing token on slot 6
[22:43:57.823] [SEVERE ] updating countdown to 5000
[22:43:57.826] [SEVERE ] setting player 2 freeze to 0
[22:43:57.827] [SEVERE ] removing player 2 token from slot 8
[22:43:57.832] [SEVERE ] player 2 placing token on slot 11
[22:43:57.835] [SEVERE ] setting player 1 freeze to 0
[22:43:57.835] [SEVERE ] removing player 1 token from slot 8
[22:43:57.836] [SEVERE ] removing player 1 token from slot 10
[22:43:57.836] [SEVERE ] player 1 placing token on slot 11
[22:43:57.836] [SEVERE ] player 1 placing token on slot 3
[22:43:57.863] [SEVERE ] setting player 3 freeze to 0
[22:43:57.865] [SEVERE ] setting player 4 freeze to 0
[22:43:57.866] [SEVERE ] removing player 4 token from slot 6
[22:43:57.866] [SEVERE ] player 4 placing token on slot 5
[22:43:57.869] [SEVERE ] setting player 1 freeze to 0
[22:43:57.869] [SEVERE ] removing player 1 token from slot 6
[22:43:57.869] [SEVERE ] player 1 placing token on slot 7
[22:43:57.879] [SEVERE ] removing player 3 token from slot 2
[22:43:57.881] [SEVERE ] player 3 placing token on slot 10
[22:43:57.883] [SEVERE ] setting player 2 freeze to 0
[22:43:57.883] [SEVERE ] removing player 2 token from slot 3
[22:43:57.884] [SEVERE ] player 2 placing token on slot 3
[22:43:57.896] [SEVERE ] setting player 3 freeze to 0
[22:43:57.896] [SEVERE ] removing player 3 token from slot 6
[22:43:57.898] [SEVERE ] player 3 placing token on slot 8
[22:43:57.909] [SEVERE ] setting player 1 freeze to 0
[22:43:57.913] [SEVERE ] removing player 1 token from slot 11
[22:43:57.915] [SEVERE ] player 1 placing token on slot 1
[22:43:57.924] [SEVERE ] setting player 4 freeze to 0
[22:43:57.925] [SEVERE ] removing player 4 token from slot 3
[22:43:57.925] [SEVERE ] player 4 placing token on slot 3
[22:43:57.940] [SEVERE ] setting player 1 freeze to 0
[22:43:57.940] [SEVERE ] removing player 1 token from slot 7
[22:43:57.940] [SEVERE ] player 1 placing token on slot 4
[22:43:57.955] [SEVERE ] setting player 3 freeze to 0
[22:43:57.956] [SEVERE ] removing player 3 token from slot 10
[22:43:57.956] [SEVERE ] player 3 placing token on slot 3
[22:43:57.971] [SEVERE ] setting player 2 freeze to 0
[22:43:57.971] [SEVERE ] removing player 2 token from slot 3
[22:43:57.972] [SEVERE ] player 2 placing token on slot 8
[22:43:57.987] [SEVERE ] setting player 3 freeze to 0
[22:43:57.990] [SEVERE ] setting player 1 freeze to 0
[22:43:57.994] [SEVERE ] removing player 3 token from slot 11
[22:43:57.995] [SEVERE ] player 3 placing token on slot 10
[22:43:57.997] [SEVERE ] removing player 1 token from slot 1
[22:43:57.998] [SEVERE ] player 1 placing token on slot 5
[22:43:58.003] [SEVERE ] setting player 4 freeze to 0
[22:43:58.003] [SEVERE ] removing player 4 token from slot 9
[22:43:58.003] [SEVERE ] player 4 placing token on slot 4
[22:43:58.015] [SEVERE ] setting player 1 freeze to 0
[22:43:58.016] [SEVERE ] removing player 1 token from slot 3
[22:43:58.017] [SEVERE ] player 1 placing token on slot 1
[22:43:58.018] [SEVERE ] setting player 3 freeze to 0
[22:43:58.026] [SEVERE ] removing player 3 token from slot 10
[22:43:58.027] [SEVERE ] player 3 placing token on slot 0
[22:43:58.032] [SEVERE ] setting player 2 freeze to 0
[22:43:58.033] [SEVERE ] removing player 2 token from slot 11
[22:43:58.034] [SEVERE ] player 2 placing token on slot 9
[22:43:58.034] [SEVERE ] setting player 3 freeze to 0
[22:43:58.048] [SEVERE ] setting player 1 freeze to 0
[22:43:58.048] [SEVERE ] removing player 1 token from slot 4
[22:43:58.048] [SEVERE ] removing player 1 token from slot 1
[22:43:58.048] [SEVERE ] player 1 placing token on slot 11
[22:43:58.049] [SEVERE ] player 1 placing token on slot 6
[22:43:58.051] [SEVERE ] removing player 3 token from slot 0
[22:43:58.053] [SEVERE ] player 3 placing token on slot 4
[22:43:58.061] [SEVERE ] setting player 4 freeze to 0
[22:43:58.065] [SEVERE ] removing player 4 token from slot 5
[22:43:58.066] [SEVERE ] player 4 placing token on slot 7
[22:43:58.081] [SEVERE ] setting player 3 freeze to 0
[22:43:58.081] [SEVERE ] removing player 3 token from slot 3
[22:43:58.081] [SEVERE ] player 3 placing token on slot 9
[22:43:58.107] [SEVERE ] setting player 1 freeze to 0
[22:43:58.108] [SEVERE ] removing player 1 token from slot 5
[22:43:58.109] [SEVERE ] player 1 placing token on slot 2
[22:43:58.123] [SEVERE ] setting player 2 freeze to 0
[22:43:58.124] [SEVERE ] removing player 2 token from slot 8
[22:43:58.125] [SEVERE ] player 2 placing token on slot 11
[22:43:58.126] [SEVERE ] setting player 1 freeze to 0
[22:43:58.127] [SEVERE ] removing player 1 token from slot 2
[22:43:58.127] [SEVERE ] player 1 placing token on slot 7
[22:43:58.139] [SEVERE ] setting player 3 freeze to 0
[22:43:58.144] [SEVERE ] removing player 3 token from slot 9
[22:43:58.145] [SEVERE ] player 3 placing token on slot 9
[22:43:58.154] [SEVERE ] setting player 4 freeze to 0
[22:43:58.154] [SEVERE ] removing player 4 token from slot 4
[22:43:58.154] [SEVERE ] player 4 placing token on slot 9
[22:43:58.169] [SEVERE ] setting player 3 freeze to 0
[22:43:58.169] [SEVERE ] removing player 3 token from slot 4
[22:43:58.170] [SEVERE ] player 3 placing token on slot 7
[22:43:58.186] [SEVERE ] setting player 1 freeze to 0
[22:43:58.187] [SEVERE ] removing player 1 token from slot 11
[22:43:58.190] [SEVERE ] player 1 placing token on slot 11
[22:43:58.202] [SEVERE ] setting player 2 freeze to 0
[22:43:58.202] [SEVERE ] removing player 2 token from slot 11
[22:43:58.202] [SEVERE ] player 2 placing token on slot 0
[22:43:58.218] [SEVERE ] setting player 1 freeze to 0
[22:43:58.218] [SEVERE ] removing player 1 token from slot 6
[22:43:58.218] [SEVERE ] removing player 1 token from slot 11
[22:43:58.219] [SEVERE ] player 1 placing token on slot 4
[22:43:58.219] [SEVERE ] player 1 placing token on slot 0
[22:43:58.233] [SEVERE ] setting player 3 freeze to 0
[22:43:58.234] [SEVERE ] removing player 3 token from slot 9
[22:43:58.236] [SEVERE ] removing player 3 token from slot 8
[22:43:58.236] [SEVERE ] setting player 4 freeze to 0
[22:43:58.236] [SEVERE ] removing player 4 token from slot 7
[22:43:58.236] [SEVERE ] player 4 placing token on slot 0
[22:43:58.238] [SEVERE ] player 3 placing token on slot 2
[22:43:58.241] [SEVERE ] player 3 placing token on slot 10
[22:43:58.249] [SEVERE ] setting player 1 freeze to 0
[22:43:58.251] [SEVERE ] removing player 1 token from slot 0
[22:43:58.252] [SEVERE ] player 1 placing token on slot 1
[22:43:58.264] [SEVERE ] setting player 2 freeze to 0
[22:43:58.264] [SEVERE ] removing player 2 token from slot 9
[22:43:58.264] [SEVERE ] player 2 placing token on slot 10
[22:43:58.279] [SEVERE ] setting player 1 freeze to 0
[22:43:58.279] [SEVERE ] removing player 1 token from slot 7
[22:43:58.279] [SEVERE ] player 1 placing token on slot 5
[22:43:58.282] [SEVERE ] removing player 3 token from slot 7
[22:43:58.282] [SEVERE ] removing card from slot 7
[22:43:58.386] [SEVERE ] removing player 3 token from slot 2
[22:43:58.386] [SEVERE ] removing card from slot 2
[22:43:58.494] [SEVERE ] removing player 2 token from slot 10
[22:43:58.495] [SEVERE ] removing player 3 token from slot 10
[22:43:58.495] [SEVERE ] removing card from slot 10
[22:43:58.708] [SEVERE ] placing card 65 in slot 2
[22:43:58.819] [SEVERE ] placing card 76 in slot 7
[22:43:58.930] [SEVERE ] placing card 66 in slot 10
[22:43:58.931] [SEVERE ] updating countdown to 60000
[22:43:58.933] [SEVERE ] updating countdown to 59000
[22:43:58.933] [SEVERE ] setting player 3 score to 1
[22:43:58.934] [SEVERE ] setting player 3 freeze to 0
[22:43:58.934] [SEVERE ] setting player 3 freeze to 0
[22:43:58.935] [SEVERE ] player 3 placing token on slot 4
[22:43:58.936] [SEVERE ] player 3 placing token on slot 9
[22:43:58.936] [SEVERE ] removing player 3 token from slot 9
[22:43:58.936] [SEVERE ] player 3 placing token on slot 5
[22:43:58.937] [SEVERE ] removing player 3 token from slot 4
[22:43:58.938] [SEVERE ] player 3 placing token on slot 10
[22:43:58.940] [SEVERE ] player 3 placing token on slot 3
[22:43:59.950] [SEVERE ] updating countdown to 58000
[22:43:59.955] [SEVERE ] setting player 4 freeze to 0
[22:43:59.956] [SEVERE ] removing player 4 token from slot 3
[22:43:59.958] [SEVERE ] removing player 4 token from slot 9
[22:43:59.960] [SEVERE ] player 4 placing token on slot 4
[22:43:59.961] [SEVERE ] removing player 4 token from slot 4
[22:43:59.962] [SEVERE ] player 4 placing token on slot 9
[22:43:59.964] [SEVERE ] player 4 placing token on slot 7
[22:44:00.963] [SEVERE ] updating countdown to 57000
[22:44:00.967] [SEVERE ] setting player 3 freeze to 0
[22:44:00.967] [SEVERE ] removing player 3 token from slot 3
[22:44:00.969] [SEVERE ] player 3 placing token on slot 0
[22:44:01.969] [SEVERE ] updating countdown to 56000
[22:44:01.971] [SEVERE ] setting player 1 freeze to 0
[22:44:01.971] [SEVERE ] removing player 1 token from slot 5
[22:44:01.972] [SEVERE ] player 1 placing token on slot 9
[22:44:01.972] [SEVERE ] player 2 placing token on slot 5
[22:44:01.974] [SEVERE ] setting player 1 freeze to 0
[22:44:01.976] [SEVERE ] removing player 1 token from slot 1
[22:44:01.978] [SEVERE ] player 1 placing token on slot 5
[22:44:02.975] [SEVERE ] updating countdown to 55000
[22:44:02.977] [SEVERE ] setting player 3 freeze to 0
[22:44:02.978] [SEVERE ] removing player 3 token from slot 5
[22:44:02.978] [SEVERE ] player 3 placing token on slot 6
[22:44:02.981] [SEVERE ] setting player 4 freeze to 0
[22:44:02.981] [SEVERE ] removing player 4 token from slot 0
[22:44:02.981] [SEVERE ] player 4 placing token on slot 6
[22:44:03.980] [SEVERE ] updating countdown to 54000
[22:44:03.984] [SEVERE ] setting player 3 freeze to 0
[22:44:03.985] [SEVERE ] removing player 3 token from slot 6
[22:44:03.985] [SEVERE ] player 3 placing token on slot 6
[22:44:04.984] [SEVERE ] updating countdown to 53000
[22:44:04.986] [SEVERE ] setting player 1 freeze to 0
[22:44:04.987] [SEVERE ] removing player 1 token from slot 9
[22:44:04.988] [SEVERE ] removing player 1 token from slot 4
[22:44:04.988] [SEVERE ] player 1 placing token on slot 2
[22:44:04.988] [SEVERE ] player 1 placing token on slot 0
[22:44:04.992] [SEVERE ] setting player 2 freeze to 0
[22:44:04.993] [SEVERE ] removing player 2 token from slot 5
[22:44:04.993] [SEVERE ] player 2 placing token on slot 11
[22:44:05.993] [SEVERE ] updating countdown to 52000
[22:44:05.996] [SEVERE ] setting player 1 freeze to 0
[22:44:05.998] [SEVERE ] removing player 1 token from slot 0
[22:44:05.999] [SEVERE ] player 1 placing token on slot 6
[22:44:06.003] [SEVERE ] setting player 3 freeze to 0
[22:44:06.003] [SEVERE ] removing player 3 token from slot 10
[22:44:06.003] [SEVERE ] player 3 placing token on slot 8
[22:44:07.001] [SEVERE ] updating countdown to 51000
[22:44:07.003] [SEVERE ] setting player 4 freeze to 0
[22:44:07.003] [SEVERE ] removing player 4 token from slot 6
[22:44:07.004] [SEVERE ] removing player 4 token from slot 7
[22:44:07.004] [SEVERE ] player 4 placing token on slot 6
[22:44:07.006] [SEVERE ] player 4 placing token on slot 7
[22:44:07.010] [SEVERE ] setting player 3 freeze to 0
[22:44:07.010] [SEVERE ] removing player 3 token from slot 6
[22:44:07.010] [SEVERE ] player 3 placing token on slot 9
[22:44:07.013] [SEVERE ] setting player 1 freeze to 0
[22:44:07.018] [SEVERE ] removing player 1 token from slot 2
[22:44:07.020] [SEVERE ] player 1 placing token on slot 7
[22:44:08.013] [SEVERE ] updating countdown to 50000
[22:44:08.015] [SEVERE ] setting player 2 freeze to 0
[22:44:08.019] [SEVERE ] setting player 1 freeze to 0
[22:44:08.020] [SEVERE ] removing player 1 token from slot 5
[22:44:08.021] [SEVERE ] player 1 placing token on slot 4
[22:44:08.023] [SEVERE ] removing player 2 token from slot 11
[22:44:08.024] [SEVERE ] player 2 placing token on slot 2
