[18:00:18.458] [INFO   ] thread main starting.
[18:00:18.478] [SEVERE ] cannot read configuration file config.properties trying from resources.
[18:00:18.490] [SEVERE ] configuration file was loaded from resources directory.
[18:00:19.118] [INFO   ] thread dealer starting.
[18:00:19.118] [INFO   ] thread player 0 starting.
[18:00:19.125] [INFO   ] thread player 1 starting.
[18:00:19.125] [INFO   ] thread dealer starting.
[18:00:19.125] [INFO   ] thread player 0 starting.
[18:00:19.125] [INFO   ] thread player 1 starting.
[18:00:19.236] [SEVERE ] placing card 15 in slot 0
[18:00:19.340] [SEVERE ] placing card 72 in slot 1
[18:00:19.452] [SEVERE ] placing card 28 in slot 2
[18:00:19.555] [SEVERE ] placing card 56 in slot 3
[18:00:19.658] [SEVERE ] placing card 70 in slot 4
[18:00:19.771] [SEVERE ] placing card 49 in slot 5
[18:00:19.878] [SEVERE ] placing card 31 in slot 6
[18:00:19.979] [SEVERE ] placing card 64 in slot 7
[18:00:20.086] [SEVERE ] placing card 62 in slot 8
[18:00:20.188] [SEVERE ] placing card 44 in slot 9
[18:00:20.288] [SEVERE ] placing card 42 in slot 10
[18:00:20.389] [SEVERE ] placing card 24 in slot 11
[18:00:21.406] [SEVERE ] updating countdown to 59000
[18:00:22.418] [SEVERE ] updating countdown to 58000
[18:00:23.428] [SEVERE ] updating countdown to 57000
[18:00:24.448] [SEVERE ] updating countdown to 56000
[18:00:25.458] [SEVERE ] updating countdown to 55000
[18:00:26.470] [SEVERE ] updating countdown to 54000
[18:00:27.480] [SEVERE ] updating countdown to 53000
[18:00:28.485] [SEVERE ] updating countdown to 52000
[18:00:29.491] [SEVERE ] updating countdown to 51000
[18:00:30.493] [SEVERE ] updating countdown to 50000
[18:00:31.508] [SEVERE ] updating countdown to 49000
[18:00:32.518] [SEVERE ] updating countdown to 48000
[18:00:33.519] [SEVERE ] updating countdown to 47000
[18:00:33.998] [SEVERE ] key 87 was pressed by player 1
[18:00:33.998] [SEVERE ] player 1 placing token on slot 1
[18:00:34.534] [SEVERE ] updating countdown to 46000
[18:00:35.259] [SEVERE ] key 82 was pressed by player 1
[18:00:35.259] [SEVERE ] player 1 placing token on slot 3
[18:00:35.548] [SEVERE ] updating countdown to 45000
[18:00:36.561] [SEVERE ] updating countdown to 44000
[18:00:37.564] [SEVERE ] updating countdown to 43000
[18:00:38.572] [SEVERE ] updating countdown to 42000
[18:00:38.955] [SEVERE ] key 85 was pressed by player 2
[18:00:38.955] [SEVERE ] player 2 placing token on slot 0
[18:00:39.588] [SEVERE ] updating countdown to 41000
[18:00:40.594] [SEVERE ] updating countdown to 40000
[18:00:40.713] [SEVERE ] key 74 was pressed by player 2
[18:00:40.713] [SEVERE ] player 2 placing token on slot 4
[18:00:41.598] [SEVERE ] updating countdown to 39000
[18:00:42.608] [SEVERE ] updating countdown to 38000
[18:00:43.618] [SEVERE ] updating countdown to 37000
[18:00:44.068] [SEVERE ] key 44 was pressed by player 2
[18:00:44.070] [SEVERE ] player 2 placing token on slot 9
[18:00:44.427] [SEVERE ] key 70 was pressed by player 1
[18:00:44.427] [SEVERE ] player 1 placing token on slot 7
[18:00:44.634] [SEVERE ] setting player 2 score to 1
[18:00:44.634] [SEVERE ] setting player 2 freeze to 1000
[18:00:44.638] [SEVERE ] updating countdown to 36000
[18:00:45.648] [SEVERE ] setting player 2 freeze to 0
[18:00:45.651] [SEVERE ] removing player 1 token from slot 1
[18:00:45.652] [SEVERE ] removing card from slot 1
[18:00:45.760] [SEVERE ] removing player 1 token from slot 3
[18:00:45.760] [SEVERE ] removing card from slot 3
[18:00:45.868] [SEVERE ] removing player 1 token from slot 7
[18:00:45.868] [SEVERE ] removing card from slot 7
[18:00:46.085] [SEVERE ] placing card 10 in slot 1
[18:00:46.196] [SEVERE ] placing card 37 in slot 3
[18:00:46.297] [SEVERE ] placing card 14 in slot 7
[18:00:46.297] [SEVERE ] removing player 2 token from slot 0
[18:00:46.298] [SEVERE ] removing card from slot 0
[18:00:46.417] [SEVERE ] removing player 2 token from slot 4
[18:00:46.417] [SEVERE ] removing card from slot 4
[18:00:46.533] [SEVERE ] removing player 2 token from slot 9
[18:00:46.534] [SEVERE ] removing card from slot 9
[18:00:46.747] [SEVERE ] placing card 79 in slot 0
[18:00:46.848] [SEVERE ] placing card 34 in slot 4
[18:00:46.963] [SEVERE ] placing card 67 in slot 9
[18:00:46.965] [SEVERE ] updating countdown to 60000
[18:00:47.968] [SEVERE ] updating countdown to 59000
[18:00:48.978] [SEVERE ] updating countdown to 58000
