[11:49:34.846] [INFO   ] thread main starting.
[11:49:34.855] [SEVERE ] cannot read configuration file config.properties trying from resources.
[11:49:34.858] [SEVERE ] configuration file was loaded from resources directory.
[11:49:35.576] [INFO   ] thread dealer starting.
[11:49:35.579] [INFO   ] thread player 0 starting.
[11:49:35.583] [INFO   ] thread player 1 starting.
[11:49:35.587] [INFO   ] thread player 0 starting.
[11:49:35.587] [INFO   ] thread dealer starting.
[11:49:35.589] [INFO   ] thread player 1 starting.
[11:49:35.592] [INFO   ] thread computer-1 starting.
[11:49:35.718] [SEVERE ] placing card 31 in slot 0
[11:49:35.828] [SEVERE ] placing card 11 in slot 1
[11:49:35.937] [SEVERE ] placing card 76 in slot 2
[11:49:36.046] [SEVERE ] placing card 55 in slot 3
[11:49:36.154] [SEVERE ] placing card 67 in slot 4
[11:49:36.265] [SEVERE ] placing card 33 in slot 5
[11:49:36.374] [SEVERE ] placing card 30 in slot 6
[11:49:36.484] [SEVERE ] placing card 25 in slot 7
[11:49:36.592] [SEVERE ] placing card 9 in slot 8
[11:49:36.699] [SEVERE ] placing card 63 in slot 9
[11:49:36.806] [SEVERE ] placing card 35 in slot 10
[11:49:36.915] [SEVERE ] placing card 43 in slot 11
[11:49:37.932] [SEVERE ] updating countdown to 59000
[11:49:38.945] [SEVERE ] updating countdown to 58000
