[19:37:51.033] [INFO   ] thread main starting.
[19:37:51.033] [SEVERE ] cannot read configuration file config.properties trying from resources.
[19:37:51.033] [SEVERE ] configuration file was loaded from resources directory.
[19:37:51.904] [INFO   ] thread dealer starting.
[19:37:51.909] [INFO   ] thread player 0 starting.
[19:37:51.910] [INFO   ] thread player 1 starting.
[19:37:51.912] [INFO   ] thread player 0 starting.
[19:37:51.913] [INFO   ] thread dealer starting.
[19:37:51.923] [INFO   ] thread player 1 starting.
[19:37:52.038] [SEVERE ] placing card 37 in slot 0
[19:37:52.148] [SEVERE ] placing card 38 in slot 1
[19:37:52.259] [SEVERE ] placing card 60 in slot 2
[19:37:52.369] [SEVERE ] placing card 34 in slot 3
[19:37:52.480] [SEVERE ] placing card 69 in slot 4
[19:37:52.591] [SEVERE ] placing card 10 in slot 5
[19:37:52.701] [SEVERE ] placing card 43 in slot 6
[19:37:52.812] [SEVERE ] placing card 70 in slot 7
[19:37:52.923] [SEVERE ] placing card 32 in slot 8
[19:37:53.033] [SEVERE ] placing card 28 in slot 9
[19:37:53.142] [SEVERE ] placing card 21 in slot 10
[19:37:53.252] [SEVERE ] placing card 71 in slot 11
[19:37:54.276] [SEVERE ] updating countdown to 60000
[19:37:55.288] [SEVERE ] updating countdown to 59000
[19:37:56.303] [SEVERE ] updating countdown to 58000
[19:37:57.306] [SEVERE ] updating countdown to 57000
[19:37:57.334] [SEVERE ] key 65 was pressed by player 1
[19:37:57.334] [SEVERE ] player 1 placing token on slot 4
[19:37:57.785] [SEVERE ] key 70 was pressed by player 1
[19:37:57.801] [SEVERE ] player 1 placing token on slot 7
[19:37:58.320] [SEVERE ] updating countdown to 56000
[19:37:59.323] [SEVERE ] updating countdown to 55000
[19:38:00.332] [SEVERE ] updating countdown to 54000
[19:38:01.339] [SEVERE ] updating countdown to 53000
[19:38:02.346] [SEVERE ] updating countdown to 52000
