[11:30:07.697] [INFO   ] thread main starting.
[11:30:07.710] [SEVERE ] cannot read configuration file config.properties trying from resources.
[11:30:07.713] [SEVERE ] configuration file was loaded from resources directory.
[11:30:08.375] [INFO   ] thread dealer starting.
[11:30:08.377] [INFO   ] thread player 0 starting.
[11:30:08.378] [INFO   ] thread player 1 starting.
[11:30:08.380] [INFO   ] thread dealer starting.
[11:30:08.381] [INFO   ] thread player 0 starting.
[11:30:08.398] [INFO   ] thread player 1 starting.
[11:30:08.508] [SEVERE ] placing card 29 in slot 0
[11:30:08.617] [SEVERE ] placing card 52 in slot 1
[11:30:08.728] [SEVERE ] placing card 73 in slot 2
[11:30:08.837] [SEVERE ] placing card 6 in slot 3
[11:30:08.945] [SEVERE ] placing card 58 in slot 4
[11:30:09.053] [SEVERE ] placing card 69 in slot 5
[11:30:09.163] [SEVERE ] placing card 77 in slot 6
[11:30:09.271] [SEVERE ] placing card 79 in slot 7
[11:30:09.380] [SEVERE ] placing card 10 in slot 8
[11:30:09.491] [SEVERE ] placing card 1 in slot 9
[11:30:09.599] [SEVERE ] placing card 53 in slot 10
[11:30:09.709] [SEVERE ] placing card 14 in slot 11
[11:30:10.730] [SEVERE ] updating countdown to 59000
[11:30:11.737] [SEVERE ] updating countdown to 58000
[11:30:12.744] [SEVERE ] updating countdown to 57000
[11:30:13.756] [SEVERE ] updating countdown to 56000
[11:30:14.770] [SEVERE ] updating countdown to 55000
[11:30:14.888] [SEVERE ] exit button pressed
[11:30:15.782] [SEVERE ] updating countdown to 54000
[11:30:16.790] [SEVERE ] updating countdown to 53000
[11:30:17.801] [SEVERE ] updating countdown to 52000
[11:30:18.804] [SEVERE ] updating countdown to 51000
[11:30:19.817] [SEVERE ] updating countdown to 50000
