[10:02:49.864] [INFO   ] thread main starting.
[10:02:49.874] [SEVERE ] cannot read configuration file config.properties trying from resources.
[10:02:49.876] [SEVERE ] configuration file was loaded from resources directory.
[10:02:50.548] [INFO   ] thread dealer starting.
[10:02:50.550] [INFO   ] thread player 0 starting.
[10:02:50.556] [INFO   ] thread player 1 starting.
[10:02:50.559] [INFO   ] thread player 0 starting.
[10:02:50.559] [INFO   ] thread dealer starting.
[10:02:50.560] [INFO   ] thread player 1 starting.
[10:02:50.680] [SEVERE ] placing card 14 in slot 0
[10:02:50.788] [SEVERE ] placing card 33 in slot 1
[10:02:50.895] [SEVERE ] placing card 6 in slot 2
[10:02:51.004] [SEVERE ] placing card 43 in slot 3
[10:02:51.114] [SEVERE ] placing card 75 in slot 4
[10:02:51.224] [SEVERE ] placing card 55 in slot 5
[10:02:51.332] [SEVERE ] placing card 42 in slot 6
[10:02:51.443] [SEVERE ] placing card 8 in slot 7
[10:02:51.552] [SEVERE ] placing card 53 in slot 8
[10:02:51.660] [SEVERE ] placing card 69 in slot 9
[10:02:51.768] [SEVERE ] placing card 16 in slot 10
[10:02:51.875] [SEVERE ] placing card 68 in slot 11
[10:02:52.889] [SEVERE ] updating countdown to 59000
[10:02:53.898] [SEVERE ] updating countdown to 58000
[10:02:54.913] [SEVERE ] updating countdown to 57000
[10:02:55.921] [SEVERE ] updating countdown to 56000
[10:02:56.284] [SEVERE ] key 87 was pressed by player 1
[10:02:56.285] [SEVERE ] player 1 placing token on slot 1
[10:02:56.451] [SEVERE ] key 73 was pressed by player 2
[10:02:56.452] [SEVERE ] player 2 placing token on slot 1
[10:02:56.806] [SEVERE ] key 87 was pressed by player 1
[10:02:56.807] [SEVERE ] removing player 1 token from slot 1
[10:02:56.934] [SEVERE ] updating countdown to 55000
[10:02:57.036] [SEVERE ] key 73 was pressed by player 2
[10:02:57.036] [SEVERE ] removing player 2 token from slot 1
[10:02:57.654] [SEVERE ] key 82 was pressed by player 1
[10:02:57.654] [SEVERE ] player 1 placing token on slot 3
[10:02:57.940] [SEVERE ] updating countdown to 54000
[10:02:58.213] [SEVERE ] key 80 was pressed by player 2
[10:02:58.214] [SEVERE ] player 2 placing token on slot 3
[10:02:58.955] [SEVERE ] updating countdown to 53000
[10:02:59.601] [SEVERE ] key 90 was pressed by player 1
[10:02:59.601] [SEVERE ] player 1 placing token on slot 8
[10:02:59.889] [SEVERE ] key 77 was pressed by player 2
[10:02:59.890] [SEVERE ] player 2 placing token on slot 8
[10:02:59.966] [SEVERE ] updating countdown to 52000
[10:03:00.976] [SEVERE ] updating countdown to 51000
[10:03:01.985] [SEVERE ] updating countdown to 50000
[10:03:02.799] [SEVERE ] key 73 was pressed by player 2
[10:03:02.799] [SEVERE ] player 2 placing token on slot 1
[10:03:02.996] [SEVERE ] updating countdown to 49000
[10:03:02.999] [SEVERE ] removing player 1 token from slot 3
[10:03:03.000] [SEVERE ] removing player 2 token from slot 3
[10:03:03.000] [SEVERE ] removing card from slot 3
[10:03:03.042] [SEVERE ] key 87 was pressed by player 1
[10:03:03.043] [SEVERE ] player 1 placing token on slot 1
[10:03:03.106] [SEVERE ] removing player 1 token from slot 8
[10:03:03.106] [SEVERE ] removing player 2 token from slot 8
[10:03:03.107] [SEVERE ] removing card from slot 8
[10:03:03.216] [SEVERE ] removing player 1 token from slot 1
[10:03:03.216] [SEVERE ] removing player 2 token from slot 1
[10:03:03.216] [SEVERE ] removing card from slot 1
[10:03:03.435] [SEVERE ] placing card 39 in slot 1
[10:03:03.544] [SEVERE ] placing card 25 in slot 3
[10:03:03.654] [SEVERE ] placing card 74 in slot 8
[10:03:03.656] [SEVERE ] setting player 2 score to 1
[10:03:03.656] [SEVERE ] updating countdown to 60000
[10:03:03.657] [SEVERE ] setting player 2 freeze to 1000
[10:03:04.666] [SEVERE ] setting player 2 freeze to 0
[10:03:05.673] [SEVERE ] updating countdown to 59000
[10:03:06.674] [SEVERE ] updating countdown to 58000
[10:03:07.684] [SEVERE ] updating countdown to 57000
[10:03:08.690] [SEVERE ] updating countdown to 56000
[10:03:09.692] [SEVERE ] updating countdown to 55000
[10:03:10.704] [SEVERE ] updating countdown to 54000
[10:03:11.718] [SEVERE ] updating countdown to 53000
[10:03:12.727] [SEVERE ] updating countdown to 52000
[10:03:13.737] [SEVERE ] updating countdown to 51000
[10:03:14.068] [SEVERE ] key 81 was pressed by player 1
[10:03:14.068] [SEVERE ] player 1 placing token on slot 0
[10:03:14.327] [SEVERE ] key 80 was pressed by player 2
[10:03:14.327] [SEVERE ] player 2 placing token on slot 3
[10:03:14.421] [SEVERE ] key 79 was pressed by player 2
[10:03:14.422] [SEVERE ] player 2 placing token on slot 2
[10:03:14.714] [SEVERE ] key 87 was pressed by player 1
[10:03:14.714] [SEVERE ] player 1 placing token on slot 1
[10:03:14.749] [SEVERE ] updating countdown to 50000
[10:03:14.923] [SEVERE ] key 83 was pressed by player 1
[10:03:14.923] [SEVERE ] player 1 placing token on slot 5
[10:03:15.052] [SEVERE ] key 76 was pressed by player 2
[10:03:15.052] [SEVERE ] player 2 placing token on slot 6
[10:03:15.751] [SEVERE ] setting player 2 freeze to 3000
[10:03:15.751] [SEVERE ] updating countdown to 49000
[10:03:16.757] [SEVERE ] setting player 2 freeze to 2000
[10:03:17.771] [SEVERE ] setting player 2 freeze to 1000
[10:03:18.776] [SEVERE ] setting player 2 freeze to 0
[10:03:18.777] [SEVERE ] setting player 1 freeze to 3000
[10:03:19.790] [SEVERE ] setting player 1 freeze to 2000
[10:03:20.803] [SEVERE ] setting player 1 freeze to 1000
