[16:41:52.807] [INFO   ] thread main starting.
[16:41:52.819] [SEVERE ] cannot read configuration file config.properties trying from resources.
[16:41:52.825] [SEVERE ] configuration file was loaded from resources directory.
[16:41:53.696] [INFO   ] thread dealer starting.
[16:41:53.697] [INFO   ] thread player 0 starting.
[16:41:53.698] [INFO   ] thread player 1 starting.
[16:41:53.699] [INFO   ] thread dealer starting.
[16:41:53.708] [INFO   ] thread player 1 starting.
[16:41:53.709] [INFO   ] thread player 0 starting.
[16:41:53.825] [SEVERE ] placing card 25 in slot 0
[16:41:53.935] [SEVERE ] placing card 37 in slot 1
[16:41:54.044] [SEVERE ] placing card 79 in slot 2
[16:41:54.154] [SEVERE ] placing card 0 in slot 3
[16:41:54.263] [SEVERE ] placing card 22 in slot 4
[16:41:54.373] [SEVERE ] placing card 72 in slot 5
[16:41:54.482] [SEVERE ] placing card 5 in slot 6
[16:41:54.591] [SEVERE ] placing card 23 in slot 7
[16:41:54.699] [SEVERE ] placing card 47 in slot 8
[16:41:54.809] [SEVERE ] placing card 63 in slot 9
[16:41:54.918] [SEVERE ] placing card 48 in slot 10
[16:41:55.027] [SEVERE ] placing card 39 in slot 11
[16:41:56.050] [SEVERE ] updating countdown to 59000
[16:41:56.558] [SEVERE ] key 81 was pressed by player 1
[16:41:56.559] [SEVERE ] player 1 placing token on slot 0
[16:41:56.787] [SEVERE ] key 80 was pressed by player 2
[16:41:56.789] [SEVERE ] player 2 placing token on slot 3
[16:41:56.870] [SEVERE ] key 79 was pressed by player 2
[16:41:56.870] [SEVERE ] player 2 placing token on slot 2
[16:41:57.022] [SEVERE ] key 87 was pressed by player 1
[16:41:57.023] [SEVERE ] player 1 placing token on slot 1
[16:41:57.064] [SEVERE ] updating countdown to 58000
[16:41:57.337] [SEVERE ] key 83 was pressed by player 1
[16:41:57.337] [SEVERE ] player 1 placing token on slot 5
[16:41:57.452] [SEVERE ] key 76 was pressed by player 2
[16:41:57.453] [SEVERE ] player 2 placing token on slot 6
[16:41:58.074] [SEVERE ] setting player 2 freeze to 3000
[16:41:58.075] [SEVERE ] setting player 1 freeze to 3000
[16:41:58.077] [SEVERE ] updating countdown to 57000
[16:41:59.078] [SEVERE ] setting player 2 freeze to 2000
[16:41:59.078] [SEVERE ] setting player 1 freeze to 2000
[16:41:59.083] [SEVERE ] updating countdown to 56000
[16:42:00.093] [SEVERE ] setting player 1 freeze to 1000
[16:42:00.093] [SEVERE ] setting player 2 freeze to 1000
[16:42:00.094] [SEVERE ] updating countdown to 55000
[16:42:00.600] [SEVERE ] key 76 was pressed by player 2
[16:42:00.712] [SEVERE ] key 83 was pressed by player 1
[16:42:00.811] [SEVERE ] key 80 was pressed by player 2
[16:42:01.107] [SEVERE ] setting player 2 freeze to 0
[16:42:01.107] [SEVERE ] setting player 1 freeze to 0
[16:42:01.109] [SEVERE ] updating countdown to 54000
[16:42:01.958] [SEVERE ] key 83 was pressed by player 1
[16:42:01.959] [SEVERE ] removing player 1 token from slot 5
[16:42:02.122] [SEVERE ] updating countdown to 53000
[16:42:02.165] [SEVERE ] key 76 was pressed by player 2
[16:42:02.167] [SEVERE ] removing player 2 token from slot 6
[16:42:02.568] [SEVERE ] key 81 was pressed by player 1
[16:42:02.569] [SEVERE ] removing player 1 token from slot 0
[16:42:02.716] [SEVERE ] key 80 was pressed by player 2
[16:42:02.716] [SEVERE ] removing player 2 token from slot 3
[16:42:02.868] [SEVERE ] key 79 was pressed by player 2
[16:42:02.869] [SEVERE ] removing player 2 token from slot 2
[16:42:03.055] [SEVERE ] key 87 was pressed by player 1
[16:42:03.056] [SEVERE ] removing player 1 token from slot 1
[16:42:03.134] [SEVERE ] updating countdown to 52000
[16:42:04.143] [SEVERE ] updating countdown to 51000
[16:42:05.155] [SEVERE ] updating countdown to 50000
[16:42:06.165] [SEVERE ] updating countdown to 49000
