[11:41:11.060] [INFO   ] thread main starting.
[11:41:11.070] [SEVERE ] cannot read configuration file config.properties trying from resources.
[11:41:11.073] [SEVERE ] configuration file was loaded from resources directory.
[11:41:11.748] [INFO   ] thread dealer starting.
[11:41:11.749] [INFO   ] thread player 0 starting.
[11:41:11.749] [INFO   ] thread player 1 starting.
[11:41:11.750] [INFO   ] thread dealer starting.
[11:41:11.761] [INFO   ] thread player 1 starting.
[11:41:11.761] [INFO   ] thread player 0 starting.
[11:41:11.763] [INFO   ] thread computer-1 starting.
[11:41:11.870] [SEVERE ] placing card 48 in slot 0
[11:41:11.980] [SEVERE ] placing card 78 in slot 1
[11:41:12.091] [SEVERE ] placing card 26 in slot 2
[11:41:12.200] [SEVERE ] placing card 66 in slot 3
[11:41:12.311] [SEVERE ] placing card 16 in slot 4
[11:41:12.420] [SEVERE ] placing card 32 in slot 5
[11:41:12.527] [SEVERE ] placing card 52 in slot 6
[11:41:12.637] [SEVERE ] placing card 47 in slot 7
[11:41:12.747] [SEVERE ] placing card 5 in slot 8
[11:41:12.857] [SEVERE ] placing card 40 in slot 9
[11:41:12.964] [SEVERE ] placing card 69 in slot 10
[11:41:13.073] [SEVERE ] placing card 62 in slot 11
[11:41:14.093] [SEVERE ] updating countdown to 59000
[11:41:15.104] [SEVERE ] updating countdown to 58000
[11:41:16.116] [SEVERE ] updating countdown to 57000
