[17:55:46.851] [INFO   ] thread main starting.
[17:55:46.878] [SEVERE ] cannot read configuration file config.properties trying from resources.
[17:55:46.883] [SEVERE ] configuration file was loaded from resources directory.
[17:55:47.581] [INFO   ] thread dealer starting.
[17:55:47.581] [INFO   ] thread player 0 starting.
[17:55:47.592] [INFO   ] thread player 1 starting.
[17:55:47.592] [INFO   ] thread player 0 starting.
[17:55:47.592] [INFO   ] thread dealer starting.
[17:55:47.592] [INFO   ] thread player 1 starting.
[17:55:47.703] [SEVERE ] placing card 66 in slot 0
[17:55:47.808] [SEVERE ] placing card 65 in slot 1
[17:55:47.913] [SEVERE ] placing card 68 in slot 2
[17:55:48.024] [SEVERE ] placing card 9 in slot 3
[17:55:48.126] [SEVERE ] placing card 36 in slot 4
[17:55:48.241] [SEVERE ] placing card 26 in slot 5
[17:55:48.356] [SEVERE ] placing card 57 in slot 6
[17:55:48.457] [SEVERE ] placing card 32 in slot 7
[17:55:48.569] [SEVERE ] placing card 54 in slot 8
[17:55:48.679] [SEVERE ] placing card 24 in slot 9
[17:55:48.790] [SEVERE ] placing card 76 in slot 10
[17:55:48.900] [SEVERE ] placing card 12 in slot 11
[17:55:49.917] [SEVERE ] updating countdown to 59000
[17:55:50.929] [SEVERE ] updating countdown to 58000
[17:55:51.941] [SEVERE ] updating countdown to 57000
[17:55:52.948] [SEVERE ] updating countdown to 56000
[17:55:53.904] [SEVERE ] key 87 was pressed by player 1
[17:55:53.904] [SEVERE ] player 1 placing token on slot 1
[17:55:53.954] [SEVERE ] updating countdown to 55000
[17:55:54.959] [SEVERE ] updating countdown to 54000
[17:55:55.968] [SEVERE ] updating countdown to 53000
[17:55:56.439] [SEVERE ] key 83 was pressed by player 1
[17:55:56.439] [SEVERE ] player 1 placing token on slot 5
[17:55:56.969] [SEVERE ] updating countdown to 52000
[17:55:57.990] [SEVERE ] updating countdown to 51000
[17:55:58.999] [SEVERE ] updating countdown to 50000
[17:56:00.009] [SEVERE ] updating countdown to 49000
[17:56:00.107] [SEVERE ] key 79 was pressed by player 2
[17:56:00.107] [SEVERE ] player 2 placing token on slot 2
[17:56:01.013] [SEVERE ] updating countdown to 48000
[17:56:02.029] [SEVERE ] updating countdown to 47000
[17:56:03.034] [SEVERE ] updating countdown to 46000
[17:56:03.572] [SEVERE ] key 76 was pressed by player 2
[17:56:03.572] [SEVERE ] player 2 placing token on slot 6
[17:56:04.049] [SEVERE ] updating countdown to 45000
[17:56:05.059] [SEVERE ] updating countdown to 44000
[17:56:06.068] [SEVERE ] updating countdown to 43000
[17:56:07.082] [SEVERE ] updating countdown to 42000
[17:56:08.098] [SEVERE ] updating countdown to 41000
[17:56:09.113] [SEVERE ] updating countdown to 40000
[17:56:09.759] [SEVERE ] key 46 was pressed by player 2
[17:56:09.759] [SEVERE ] player 2 placing token on slot 10
[17:56:10.115] [SEVERE ] setting player 2 score to 1
[17:56:10.115] [SEVERE ] setting player 2 freeze to 1000
[17:56:10.121] [SEVERE ] updating countdown to 39000
[17:56:10.129] [SEVERE ] key 70 was pressed by player 1
[17:56:10.130] [SEVERE ] player 1 placing token on slot 7
[17:56:11.122] [SEVERE ] setting player 2 freeze to 0
[17:56:11.128] [SEVERE ] removing player 1 token from slot 1
[17:56:11.129] [SEVERE ] removing card from slot 1
[17:56:11.245] [SEVERE ] removing player 1 token from slot 5
[17:56:11.245] [SEVERE ] removing card from slot 5
[17:56:11.354] [SEVERE ] removing player 1 token from slot 7
[17:56:11.354] [SEVERE ] removing card from slot 7
[17:56:11.576] [SEVERE ] placing card 15 in slot 1
[17:56:11.688] [SEVERE ] placing card 56 in slot 5
[17:56:11.799] [SEVERE ] placing card 71 in slot 7
[17:56:11.799] [SEVERE ] removing player 2 token from slot 2
[17:56:11.799] [SEVERE ] removing card from slot 2
[17:56:11.910] [SEVERE ] removing player 2 token from slot 6
[17:56:11.910] [SEVERE ] removing card from slot 6
[17:56:12.023] [SEVERE ] removing player 2 token from slot 10
[17:56:12.023] [SEVERE ] removing card from slot 10
[17:56:12.244] [SEVERE ] placing card 52 in slot 2
[17:56:12.356] [SEVERE ] placing card 34 in slot 6
[17:56:12.467] [SEVERE ] placing card 51 in slot 10
[17:56:12.476] [SEVERE ] updating countdown to 60000
[17:56:13.484] [SEVERE ] updating countdown to 59000
