[19:02:00.558] [INFO   ] thread main starting.
[19:02:00.574] [SEVERE ] cannot read configuration file config.properties trying from resources.
[19:02:00.574] [SEVERE ] configuration file was loaded from resources directory.
[19:02:01.316] [INFO   ] thread dealer starting.
[19:02:01.316] [INFO   ] thread player 0 starting.
[19:02:01.316] [INFO   ] thread player 1 starting.
[19:02:01.316] [INFO   ] thread player 2 starting.
[19:02:01.342] [INFO   ] thread player 1 starting.
[19:02:01.341] [INFO   ] thread player 0 starting.
[19:02:01.343] [INFO   ] thread player 2 starting.
[19:02:01.343] [INFO   ] thread player 3 starting.
[19:02:01.345] [INFO   ] thread computer-0 starting.
[19:02:01.345] [INFO   ] thread computer-2 starting.
[19:02:01.344] [INFO   ] thread computer-1 starting.
[19:02:01.362] [INFO   ] thread player 3 starting.
[19:02:01.347] [INFO   ] thread dealer starting.
[19:02:01.362] [INFO   ] thread computer-3 starting.
[19:02:01.474] [SEVERE ] placing card 55 in slot 0
[19:02:01.586] [SEVERE ] placing card 68 in slot 1
[19:02:01.690] [SEVERE ] placing card 26 in slot 2
[19:02:01.794] [SEVERE ] placing card 5 in slot 3
[19:02:01.905] [SEVERE ] placing card 33 in slot 4
[19:02:02.007] [SEVERE ] placing card 44 in slot 5
[19:02:02.108] [SEVERE ] placing card 74 in slot 6
[19:02:02.209] [SEVERE ] placing card 73 in slot 7
[19:02:02.318] [SEVERE ] placing card 36 in slot 8
[19:02:02.432] [SEVERE ] placing card 40 in slot 9
[19:02:02.543] [SEVERE ] placing card 35 in slot 10
[19:02:02.655] [SEVERE ] placing card 75 in slot 11
[19:02:03.681] [SEVERE ] updating countdown to 60000
[19:02:04.376] [SEVERE ] player 1 placing token on slot 8
[19:02:04.376] [SEVERE ] player 3 placing token on slot 9
[19:02:04.376] [SEVERE ] player 4 placing token on slot 6
[19:02:04.376] [SEVERE ] player 2 placing token on slot 7
[19:02:04.690] [SEVERE ] updating countdown to 59000
[19:02:05.386] [SEVERE ] player 1 placing token on slot 2
[19:02:05.386] [SEVERE ] player 3 placing token on slot 8
[19:02:05.386] [SEVERE ] player 4 placing token on slot 7
[19:02:05.386] [SEVERE ] player 2 placing token on slot 6
[19:02:05.700] [SEVERE ] updating countdown to 58000
[19:02:06.400] [SEVERE ] player 3 placing token on slot 6
[19:02:06.400] [SEVERE ] player 2 placing token on slot 2
[19:02:06.400] [SEVERE ] player 4 placing token on slot 5
[19:02:06.400] [SEVERE ] player 1 placing token on slot 6
[19:02:06.702] [SEVERE ] setting player 3 freeze to 3000
[19:02:06.702] [SEVERE ] setting player 1 freeze to 3000
[19:02:06.702] [SEVERE ] setting player 4 freeze to 3000
[19:02:06.702] [SEVERE ] updating countdown to 57000
[19:02:06.705] [SEVERE ] setting player 2 freeze to 3000
[19:02:07.713] [SEVERE ] setting player 2 freeze to 2000
[19:02:07.713] [SEVERE ] setting player 1 freeze to 2000
[19:02:07.713] [SEVERE ] setting player 4 freeze to 2000
[19:02:07.713] [SEVERE ] setting player 3 freeze to 2000
[19:02:07.715] [SEVERE ] updating countdown to 56000
[19:02:08.715] [SEVERE ] setting player 4 freeze to 1000
[19:02:08.715] [SEVERE ] setting player 2 freeze to 1000
[19:02:08.715] [SEVERE ] setting player 1 freeze to 1000
[19:02:08.715] [SEVERE ] setting player 3 freeze to 1000
[19:02:08.730] [SEVERE ] updating countdown to 55000
[19:02:09.721] [SEVERE ] setting player 4 freeze to 0
[19:02:09.721] [SEVERE ] setting player 1 freeze to 0
[19:02:09.721] [SEVERE ] setting player 3 freeze to 0
[19:02:09.721] [SEVERE ] setting player 2 freeze to 0
[19:02:09.737] [SEVERE ] updating countdown to 54000
