[10:15:09.346] [INFO   ] thread main starting.
[10:15:09.357] [SEVERE ] cannot read configuration file config.properties trying from resources.
[10:15:09.360] [SEVERE ] configuration file was loaded from resources directory.
[10:15:10.020] [INFO   ] thread dealer starting.
[10:15:10.022] [INFO   ] thread player 0 starting.
[10:15:10.026] [INFO   ] thread player 1 starting.
[10:15:10.027] [INFO   ] thread player 0 starting.
[10:15:10.027] [INFO   ] thread dealer starting.
[10:15:10.029] [INFO   ] thread player 1 starting.
[10:15:10.143] [SEVERE ] placing card 6 in slot 0
[10:15:10.254] [SEVERE ] placing card 41 in slot 1
[10:15:10.361] [SEVERE ] placing card 75 in slot 2
[10:15:10.471] [SEVERE ] placing card 23 in slot 3
[10:15:10.579] [SEVERE ] placing card 18 in slot 4
[10:15:10.687] [SEVERE ] placing card 48 in slot 5
[10:15:10.796] [SEVERE ] placing card 61 in slot 6
[10:15:10.904] [SEVERE ] placing card 53 in slot 7
[10:15:11.013] [SEVERE ] placing card 72 in slot 8
[10:15:11.120] [SEVERE ] placing card 57 in slot 9
[10:15:11.230] [SEVERE ] placing card 58 in slot 10
[10:15:11.339] [SEVERE ] placing card 31 in slot 11
[10:15:12.358] [SEVERE ] updating countdown to 59000
[10:15:13.363] [SEVERE ] updating countdown to 58000
[10:15:14.377] [SEVERE ] updating countdown to 57000
[10:15:15.015] [SEVERE ] key 87 was pressed by player 1
[10:15:15.016] [SEVERE ] player 1 placing token on slot 1
[10:15:15.175] [SEVERE ] key 73 was pressed by player 2
[10:15:15.176] [SEVERE ] player 2 placing token on slot 1
[10:15:15.383] [SEVERE ] updating countdown to 56000
[10:15:15.626] [SEVERE ] key 87 was pressed by player 1
[10:15:15.627] [SEVERE ] removing player 1 token from slot 1
[10:15:15.845] [SEVERE ] key 73 was pressed by player 2
[10:15:15.845] [SEVERE ] removing player 2 token from slot 1
[10:15:16.396] [SEVERE ] updating countdown to 55000
[10:15:17.402] [SEVERE ] updating countdown to 54000
[10:15:17.655] [SEVERE ] key 87 was pressed by player 1
[10:15:17.655] [SEVERE ] player 1 placing token on slot 1
[10:15:18.092] [SEVERE ] key 73 was pressed by player 2
[10:15:18.092] [SEVERE ] player 2 placing token on slot 1
[10:15:18.409] [SEVERE ] updating countdown to 53000
[10:15:18.471] [SEVERE ] key 87 was pressed by player 1
[10:15:18.471] [SEVERE ] removing player 1 token from slot 1
[10:15:18.736] [SEVERE ] key 73 was pressed by player 2
[10:15:18.736] [SEVERE ] removing player 2 token from slot 1
[10:15:19.419] [SEVERE ] updating countdown to 52000
[10:15:20.427] [SEVERE ] updating countdown to 51000
[10:15:21.444] [SEVERE ] updating countdown to 50000
[10:15:22.454] [SEVERE ] updating countdown to 49000
[10:15:23.464] [SEVERE ] updating countdown to 48000
[10:15:23.878] [SEVERE ] key 87 was pressed by player 1
[10:15:23.878] [SEVERE ] player 1 placing token on slot 1
[10:15:24.017] [SEVERE ] key 73 was pressed by player 2
[10:15:24.017] [SEVERE ] player 2 placing token on slot 1
[10:15:24.368] [SEVERE ] key 87 was pressed by player 1
[10:15:24.369] [SEVERE ] removing player 1 token from slot 1
[10:15:24.472] [SEVERE ] updating countdown to 47000
[10:15:24.567] [SEVERE ] key 73 was pressed by player 2
[10:15:24.567] [SEVERE ] removing player 2 token from slot 1
[10:15:25.484] [SEVERE ] updating countdown to 46000
[10:15:25.611] [SEVERE ] key 65 was pressed by player 1
[10:15:25.611] [SEVERE ] player 1 placing token on slot 4
[10:15:25.865] [SEVERE ] key 75 was pressed by player 2
[10:15:25.866] [SEVERE ] player 2 placing token on slot 5
[10:15:26.248] [SEVERE ] key 75 was pressed by player 2
[10:15:26.249] [SEVERE ] removing player 2 token from slot 5
[10:15:26.488] [SEVERE ] updating countdown to 45000
[10:15:26.746] [SEVERE ] key 74 was pressed by player 2
[10:15:26.747] [SEVERE ] player 2 placing token on slot 4
[10:15:27.501] [SEVERE ] updating countdown to 44000
[10:15:27.915] [SEVERE ] key 68 was pressed by player 1
[10:15:27.915] [SEVERE ] player 1 placing token on slot 6
[10:15:28.144] [SEVERE ] key 76 was pressed by player 2
[10:15:28.145] [SEVERE ] player 2 placing token on slot 6
[10:15:28.506] [SEVERE ] updating countdown to 43000
[10:15:29.515] [SEVERE ] updating countdown to 42000
[10:15:30.242] [SEVERE ] key 73 was pressed by player 2
[10:15:30.243] [SEVERE ] player 2 placing token on slot 1
[10:15:30.494] [SEVERE ] key 87 was pressed by player 1
[10:15:30.494] [SEVERE ] player 1 placing token on slot 1
[10:15:30.525] [SEVERE ] updating countdown to 41000
[10:15:30.528] [SEVERE ] removing player 1 token from slot 4
[10:15:30.530] [SEVERE ] removing player 2 token from slot 4
[10:15:30.530] [SEVERE ] removing card from slot 4
[10:15:30.633] [SEVERE ] removing player 1 token from slot 6
[10:15:30.633] [SEVERE ] removing player 2 token from slot 6
[10:15:30.633] [SEVERE ] removing card from slot 6
[10:15:30.742] [SEVERE ] removing player 1 token from slot 1
[10:15:30.742] [SEVERE ] removing player 2 token from slot 1
[10:15:30.742] [SEVERE ] removing card from slot 1
[10:15:30.961] [SEVERE ] placing card 36 in slot 1
[10:15:31.068] [SEVERE ] placing card 50 in slot 4
[10:15:31.177] [SEVERE ] placing card 52 in slot 6
[10:15:31.178] [SEVERE ] setting player 1 score to 1
[10:15:31.179] [SEVERE ] setting player 1 freeze to 1000
[10:15:31.180] [SEVERE ] updating countdown to 60000
[10:15:32.191] [SEVERE ] setting player 1 freeze to 0
[10:15:33.197] [SEVERE ] setting player 2 score to 1
[10:15:33.200] [SEVERE ] setting player 2 freeze to 1000
[10:15:33.201] [SEVERE ] updating countdown to 59000
[10:15:34.209] [SEVERE ] setting player 2 freeze to 0
