[16:31:18.187] [INFO   ] thread main starting.
[16:31:18.193] [SEVERE ] cannot read configuration file config.properties trying from resources.
[16:31:18.203] [SEVERE ] configuration file was loaded from resources directory.
[16:31:18.877] [INFO   ] thread dealer starting.
[16:31:18.877] [INFO   ] thread player 0 starting.
[16:31:18.885] [INFO   ] thread player 1 starting.
[16:31:18.885] [INFO   ] thread dealer starting.
[16:31:18.892] [INFO   ] thread player 0 starting.
[16:31:18.892] [INFO   ] thread player 1 starting.
[16:31:19.003] [SEVERE ] placing card 53 in slot 0
[16:31:19.106] [SEVERE ] placing card 13 in slot 1
[16:31:19.218] [SEVERE ] placing card 44 in slot 2
[16:31:19.319] [SEVERE ] placing card 5 in slot 3
[16:31:19.419] [SEVERE ] placing card 67 in slot 4
[16:31:19.535] [SEVERE ] placing card 57 in slot 5
[16:31:19.636] [SEVERE ] placing card 69 in slot 6
[16:31:19.737] [SEVERE ] placing card 28 in slot 7
[16:31:19.841] [SEVERE ] placing card 4 in slot 8
[16:31:19.951] [SEVERE ] placing card 79 in slot 9
[16:31:20.062] [SEVERE ] placing card 34 in slot 10
[16:31:20.172] [SEVERE ] placing card 8 in slot 11
[16:31:21.199] [SEVERE ] updating countdown to 59000
[16:31:22.212] [SEVERE ] updating countdown to 58000
[16:31:23.222] [SEVERE ] updating countdown to 57000
[16:31:24.233] [SEVERE ] updating countdown to 56000
[16:31:24.822] [SEVERE ] key 87 was pressed by player 1
[16:31:24.822] [SEVERE ] player 1 placing token on slot 1
[16:31:25.242] [SEVERE ] updating countdown to 55000
[16:31:26.248] [SEVERE ] updating countdown to 54000
[16:31:27.254] [SEVERE ] updating countdown to 53000
[16:31:27.892] [SEVERE ] key 88 was pressed by player 1
[16:31:27.892] [SEVERE ] player 1 placing token on slot 9
[16:31:28.269] [SEVERE ] updating countdown to 52000
[16:31:29.273] [SEVERE ] updating countdown to 51000
[16:31:30.274] [SEVERE ] updating countdown to 50000
[16:31:31.292] [SEVERE ] updating countdown to 49000
[16:31:32.056] [SEVERE ] key 74 was pressed by player 2
[16:31:32.056] [SEVERE ] player 2 placing token on slot 4
[16:31:32.311] [SEVERE ] updating countdown to 48000
[16:31:32.442] [SEVERE ] key 74 was pressed by player 2
[16:31:32.442] [SEVERE ] removing player 2 token from slot 4
[16:31:32.618] [SEVERE ] key 75 was pressed by player 2
[16:31:32.618] [SEVERE ] player 2 placing token on slot 5
[16:31:33.324] [SEVERE ] updating countdown to 47000
[16:31:33.639] [SEVERE ] key 47 was pressed by player 2
[16:31:33.639] [SEVERE ] player 2 placing token on slot 11
[16:31:34.335] [SEVERE ] updating countdown to 46000
[16:31:35.345] [SEVERE ] updating countdown to 45000
[16:31:36.351] [SEVERE ] updating countdown to 44000
[16:31:37.355] [SEVERE ] updating countdown to 43000
[16:31:38.356] [SEVERE ] updating countdown to 42000
[16:31:39.365] [SEVERE ] updating countdown to 41000
[16:31:40.374] [SEVERE ] updating countdown to 40000
[16:31:40.994] [SEVERE ] key 70 was pressed by player 1
[16:31:40.994] [SEVERE ] player 1 placing token on slot 7
[16:31:41.122] [SEVERE ] key 59 was pressed by player 2
[16:31:41.122] [SEVERE ] player 2 placing token on slot 7
[16:31:41.387] [SEVERE ] updating countdown to 39000
[16:31:41.387] [SEVERE ] removing player 1 token from slot 1
[16:31:41.387] [SEVERE ] removing card from slot 1
[16:31:41.495] [SEVERE ] removing player 1 token from slot 9
[16:31:41.495] [SEVERE ] removing card from slot 9
[16:31:41.598] [SEVERE ] removing player 1 token from slot 7
[16:31:41.598] [SEVERE ] removing player 2 token from slot 7
[16:31:41.598] [SEVERE ] removing card from slot 7
[16:31:41.819] [SEVERE ] placing card 31 in slot 1
[16:31:41.930] [SEVERE ] placing card 78 in slot 7
[16:31:42.040] [SEVERE ] placing card 18 in slot 9
[16:31:42.040] [SEVERE ] setting player 2 score to 1
[16:31:42.040] [SEVERE ] setting player 2 freeze to 1000
[16:31:42.040] [SEVERE ] updating countdown to 60000
[16:31:43.051] [SEVERE ] setting player 2 freeze to 0
[16:31:44.054] [SEVERE ] setting player 1 score to 1
[16:31:44.054] [SEVERE ] setting player 1 freeze to 1000
[16:31:44.058] [SEVERE ] updating countdown to 59000
[16:31:45.066] [SEVERE ] setting player 1 freeze to 0
[16:31:46.076] [SEVERE ] updating countdown to 58000
