[11:33:16.205] [INFO   ] thread main starting.
[11:33:16.214] [SEVERE ] cannot read configuration file config.properties trying from resources.
[11:33:16.216] [SEVERE ] configuration file was loaded from resources directory.
[11:33:16.855] [INFO   ] thread dealer starting.
[11:33:16.857] [INFO   ] thread player 0 starting.
[11:33:16.857] [INFO   ] thread player 1 starting.
[11:33:16.858] [INFO   ] thread dealer starting.
[11:33:16.859] [INFO   ] thread player 0 starting.
[11:33:16.862] [INFO   ] thread player 1 starting.
[11:33:16.986] [SEVERE ] placing card 62 in slot 0
[11:33:17.096] [SEVERE ] placing card 66 in slot 1
[11:33:17.203] [SEVERE ] placing card 30 in slot 2
[11:33:17.312] [SEVERE ] placing card 7 in slot 3
[11:33:17.422] [SEVERE ] placing card 64 in slot 4
[11:33:17.531] [SEVERE ] placing card 21 in slot 5
[11:33:17.639] [SEVERE ] placing card 4 in slot 6
[11:33:17.749] [SEVERE ] placing card 29 in slot 7
[11:33:17.856] [SEVERE ] placing card 76 in slot 8
[11:33:17.963] [SEVERE ] placing card 5 in slot 9
[11:33:18.071] [SEVERE ] placing card 23 in slot 10
[11:33:18.180] [SEVERE ] placing card 80 in slot 11
[11:33:19.199] [SEVERE ] updating countdown to 59000
[11:33:20.205] [SEVERE ] updating countdown to 58000
[11:33:21.211] [SEVERE ] updating countdown to 57000
[11:33:22.218] [SEVERE ] updating countdown to 56000
[11:33:22.379] [SEVERE ] exit button pressed
[11:33:23.229] [SEVERE ] updating countdown to 55000
[11:33:23.230] [SEVERE ] removing card from slot 0
[11:33:23.334] [SEVERE ] removing card from slot 1
[11:33:23.443] [SEVERE ] removing card from slot 2
[11:33:23.552] [SEVERE ] removing card from slot 3
[11:33:23.661] [SEVERE ] removing card from slot 4
[11:33:23.771] [SEVERE ] removing card from slot 5
[11:33:23.881] [SEVERE ] removing card from slot 6
[11:33:23.989] [SEVERE ] removing card from slot 7
[11:33:24.098] [SEVERE ] removing card from slot 8
[11:33:24.208] [SEVERE ] removing card from slot 9
[11:33:24.315] [SEVERE ] removing card from slot 10
[11:33:24.426] [SEVERE ] removing card from slot 11
[11:33:24.536] [SEVERE ] announcing winner(s): player 1, player 2
[11:33:24.539] [INFO   ] thread dealer terminated.
[11:33:24.540] [INFO   ] thread dealer terminated.
[11:33:24.540] [SEVERE ] thanks for playing... it was fun!
[11:33:24.541] [INFO   ] thread main terminated.
