[18:52:09.605] [INFO   ] thread main starting.
[18:52:09.624] [SEVERE ] cannot read configuration file config.properties trying from resources.
[18:52:09.624] [SEVERE ] configuration file was loaded from resources directory.
[18:52:10.393] [INFO   ] thread dealer starting.
[18:52:10.398] [INFO   ] thread player 0 starting.
[18:52:10.400] [INFO   ] thread player 1 starting.
[18:52:10.400] [INFO   ] thread player 0 starting.
[18:52:10.400] [INFO   ] thread dealer starting.
[18:52:10.403] [INFO   ] thread player 1 starting.
[18:52:10.523] [SEVERE ] placing card 56 in slot 0
[18:52:10.636] [SEVERE ] placing card 17 in slot 1
[18:52:10.748] [SEVERE ] placing card 26 in slot 2
[18:52:10.851] [SEVERE ] placing card 43 in slot 3
[18:52:10.954] [SEVERE ] placing card 50 in slot 4
[18:52:11.050] [SEVERE ] key 81 was pressed by player 1
[18:52:11.050] [SEVERE ] player 1 placing token on slot 0
[18:52:11.066] [SEVERE ] placing card 72 in slot 5
[18:52:11.171] [SEVERE ] placing card 18 in slot 6
[18:52:11.206] [SEVERE ] key 87 was pressed by player 1
[18:52:11.206] [SEVERE ] player 1 placing token on slot 1
[18:52:11.278] [SEVERE ] placing card 22 in slot 7
[18:52:11.389] [SEVERE ] placing card 73 in slot 8
[18:52:11.405] [SEVERE ] key 83 was pressed by player 1
[18:52:11.405] [SEVERE ] player 1 placing token on slot 5
[18:52:11.405] [SEVERE ] setting player 1 freeze to 3000
[18:52:11.502] [SEVERE ] placing card 23 in slot 9
[18:52:11.605] [SEVERE ] placing card 59 in slot 10
[18:52:11.715] [SEVERE ] placing card 11 in slot 11
[18:52:12.427] [SEVERE ] setting player 1 freeze to 2000
[18:52:12.744] [SEVERE ] updating countdown to 60000
[18:52:13.433] [SEVERE ] setting player 1 freeze to 1000
[18:52:13.762] [SEVERE ] updating countdown to 59000
