[18:27:01.212] [INFO   ] thread main starting.
[18:27:01.220] [SEVERE ] cannot read configuration file config.properties trying from resources.
[18:27:01.226] [SEVERE ] configuration file was loaded from resources directory.
[18:27:01.860] [INFO   ] thread dealer starting.
[18:27:01.860] [INFO   ] thread player 0 starting.
[18:27:01.862] [INFO   ] thread player 1 starting.
[18:27:01.863] [INFO   ] thread dealer starting.
[18:27:01.872] [INFO   ] thread player 0 starting.
[18:27:01.872] [INFO   ] thread player 1 starting.
[18:27:01.983] [SEVERE ] placing card 60 in slot 0
[18:27:02.091] [SEVERE ] placing card 71 in slot 1
[18:27:02.202] [SEVERE ] placing card 33 in slot 2
[18:27:02.314] [SEVERE ] placing card 38 in slot 3
[18:27:02.416] [SEVERE ] placing card 67 in slot 4
[18:27:02.523] [SEVERE ] placing card 47 in slot 5
[18:27:02.636] [SEVERE ] placing card 65 in slot 6
[18:27:02.741] [SEVERE ] placing card 23 in slot 7
[18:27:02.846] [SEVERE ] placing card 12 in slot 8
[18:27:02.953] [SEVERE ] placing card 7 in slot 9
[18:27:03.066] [SEVERE ] placing card 49 in slot 10
[18:27:03.175] [SEVERE ] placing card 79 in slot 11
[18:27:04.189] [SEVERE ] updating countdown to 59000
[18:27:05.211] [SEVERE ] updating countdown to 58000
[18:27:06.226] [SEVERE ] updating countdown to 57000
[18:27:07.240] [SEVERE ] updating countdown to 56000
[18:27:08.249] [SEVERE ] updating countdown to 55000
[18:27:09.256] [SEVERE ] updating countdown to 54000
[18:27:10.259] [SEVERE ] updating countdown to 53000
[18:27:11.260] [SEVERE ] updating countdown to 52000
[18:27:12.262] [SEVERE ] updating countdown to 51000
[18:27:13.276] [SEVERE ] updating countdown to 50000
[18:27:14.276] [SEVERE ] updating countdown to 49000
[18:27:15.296] [SEVERE ] updating countdown to 48000
[18:27:16.309] [SEVERE ] updating countdown to 47000
[18:27:17.319] [SEVERE ] updating countdown to 46000
[18:27:18.330] [SEVERE ] updating countdown to 45000
[18:27:18.502] [SEVERE ] key 87 was pressed by player 1
[18:27:18.506] [SEVERE ] player 1 placing token on slot 1
[18:27:19.334] [SEVERE ] updating countdown to 44000
[18:27:20.337] [SEVERE ] updating countdown to 43000
[18:27:20.406] [SEVERE ] key 87 was pressed by player 1
[18:27:20.406] [SEVERE ] removing player 1 token from slot 1
[18:27:20.661] [SEVERE ] key 69 was pressed by player 1
[18:27:20.661] [SEVERE ] player 1 placing token on slot 2
[18:27:20.996] [SEVERE ] key 82 was pressed by player 1
[18:27:21.002] [SEVERE ] player 1 placing token on slot 3
[18:27:21.341] [SEVERE ] updating countdown to 42000
[18:27:22.356] [SEVERE ] updating countdown to 41000
[18:27:23.362] [SEVERE ] updating countdown to 40000
[18:27:24.367] [SEVERE ] updating countdown to 39000
[18:27:25.376] [SEVERE ] updating countdown to 38000
[18:27:25.741] [SEVERE ] key 67 was pressed by player 1
[18:27:25.741] [SEVERE ] player 1 placing token on slot 10
[18:27:26.387] [SEVERE ] updating countdown to 37000
[18:27:26.389] [SEVERE ] removing player 1 token from slot 2
[18:27:26.389] [SEVERE ] removing card from slot 2
[18:27:26.492] [SEVERE ] removing player 1 token from slot 3
[18:27:26.492] [SEVERE ] removing card from slot 3
[18:27:26.596] [SEVERE ] removing player 1 token from slot 10
[18:27:26.596] [SEVERE ] removing card from slot 10
[18:27:26.816] [SEVERE ] placing card 24 in slot 2
[18:27:26.918] [SEVERE ] placing card 0 in slot 3
[18:27:27.026] [SEVERE ] placing card 20 in slot 10
[18:27:27.026] [SEVERE ] setting player 1 score to 1
[18:27:27.028] [SEVERE ] setting player 1 freeze to 1000
[18:27:27.033] [SEVERE ] updating countdown to 60000
[18:27:27.996] [SEVERE ] key 80 was pressed by player 2
[18:27:27.996] [SEVERE ] player 2 placing token on slot 3
[18:27:28.045] [SEVERE ] setting player 1 freeze to 0
[18:27:28.046] [SEVERE ] updating countdown to 59000
[18:27:28.676] [SEVERE ] key 80 was pressed by player 2
[18:27:28.680] [SEVERE ] removing player 2 token from slot 3
[18:27:29.049] [SEVERE ] updating countdown to 58000
[18:27:30.056] [SEVERE ] updating countdown to 57000
[18:27:30.266] [SEVERE ] key 85 was pressed by player 2
[18:27:30.267] [SEVERE ] player 2 placing token on slot 0
[18:27:31.062] [SEVERE ] updating countdown to 56000
[18:27:31.246] [SEVERE ] key 73 was pressed by player 2
[18:27:31.246] [SEVERE ] player 2 placing token on slot 1
[18:27:32.062] [SEVERE ] updating countdown to 55000
[18:27:32.434] [SEVERE ] key 47 was pressed by player 2
[18:27:32.434] [SEVERE ] player 2 placing token on slot 11
[18:27:33.076] [SEVERE ] updating countdown to 54000
[18:27:33.085] [SEVERE ] removing player 2 token from slot 0
[18:27:33.086] [SEVERE ] removing card from slot 0
[18:27:33.193] [SEVERE ] removing player 2 token from slot 1
[18:27:33.196] [SEVERE ] removing card from slot 1
[18:27:33.300] [SEVERE ] removing player 2 token from slot 11
[18:27:33.300] [SEVERE ] removing card from slot 11
[18:27:33.514] [SEVERE ] placing card 5 in slot 0
[18:27:33.625] [SEVERE ] placing card 30 in slot 1
[18:27:33.733] [SEVERE ] placing card 75 in slot 11
[18:27:33.736] [SEVERE ] setting player 2 score to 1
[18:27:33.736] [SEVERE ] setting player 2 freeze to 1000
[18:27:33.741] [SEVERE ] updating countdown to 60000
[18:27:34.744] [SEVERE ] setting player 2 freeze to 0
[18:27:34.749] [SEVERE ] updating countdown to 59000
[18:27:35.756] [SEVERE ] updating countdown to 58000
[18:27:36.760] [SEVERE ] updating countdown to 57000
[18:27:37.766] [SEVERE ] updating countdown to 56000
[18:27:38.776] [SEVERE ] updating countdown to 55000
[18:27:39.783] [SEVERE ] updating countdown to 54000
[18:27:40.786] [SEVERE ] updating countdown to 53000
[18:27:41.439] [SEVERE ] key 81 was pressed by player 1
[18:27:41.439] [SEVERE ] player 1 placing token on slot 0
[18:27:41.796] [SEVERE ] updating countdown to 52000
[18:27:42.204] [SEVERE ] key 82 was pressed by player 1
[18:27:42.204] [SEVERE ] player 1 placing token on slot 3
[18:27:42.811] [SEVERE ] updating countdown to 51000
[18:27:43.818] [SEVERE ] updating countdown to 50000
[18:27:44.826] [SEVERE ] updating countdown to 49000
[18:27:45.841] [SEVERE ] updating countdown to 48000
[18:27:46.852] [SEVERE ] updating countdown to 47000
[18:27:47.858] [SEVERE ] updating countdown to 46000
[18:27:48.436] [SEVERE ] key 77 was pressed by player 2
[18:27:48.436] [SEVERE ] player 2 placing token on slot 8
[18:27:48.860] [SEVERE ] updating countdown to 45000
[18:27:49.867] [SEVERE ] updating countdown to 44000
[18:27:50.877] [SEVERE ] updating countdown to 43000
[18:27:50.942] [SEVERE ] key 77 was pressed by player 2
[18:27:50.944] [SEVERE ] removing player 2 token from slot 8
[18:27:51.356] [SEVERE ] key 77 was pressed by player 2
[18:27:51.356] [SEVERE ] player 2 placing token on slot 8
[18:27:51.692] [SEVERE ] key 44 was pressed by player 2
[18:27:51.694] [SEVERE ] player 2 placing token on slot 9
[18:27:51.891] [SEVERE ] updating countdown to 42000
[18:27:52.903] [SEVERE ] updating countdown to 41000
[18:27:53.910] [SEVERE ] updating countdown to 40000
[18:27:54.331] [SEVERE ] key 46 was pressed by player 2
[18:27:54.331] [SEVERE ] player 2 placing token on slot 10
[18:27:54.446] [SEVERE ] key 88 was pressed by player 1
[18:27:54.446] [SEVERE ] player 1 placing token on slot 9
[18:27:54.928] [SEVERE ] updating countdown to 39000
[18:27:54.928] [SEVERE ] removing player 2 token from slot 8
[18:27:54.928] [SEVERE ] removing card from slot 8
[18:27:55.034] [SEVERE ] removing player 1 token from slot 9
[18:27:55.034] [SEVERE ] removing player 2 token from slot 9
[18:27:55.034] [SEVERE ] removing card from slot 9
[18:27:55.146] [SEVERE ] removing player 2 token from slot 10
[18:27:55.146] [SEVERE ] removing card from slot 10
[18:27:55.358] [SEVERE ] placing card 40 in slot 8
[18:27:55.459] [SEVERE ] placing card 1 in slot 9
[18:27:55.566] [SEVERE ] placing card 14 in slot 10
[18:27:55.566] [SEVERE ] setting player 2 score to 2
[18:27:55.566] [SEVERE ] setting player 2 freeze to 1000
[18:27:55.566] [SEVERE ] updating countdown to 60000
[18:27:56.575] [SEVERE ] setting player 2 freeze to 0
[18:27:56.577] [SEVERE ] updating countdown to 59000
[18:27:57.594] [SEVERE ] updating countdown to 58000
[18:27:58.600] [SEVERE ] updating countdown to 57000
[18:27:59.608] [SEVERE ] updating countdown to 56000
[18:28:00.617] [SEVERE ] updating countdown to 55000
[18:28:01.627] [SEVERE ] updating countdown to 54000
[18:28:02.635] [SEVERE ] updating countdown to 53000
[18:28:03.646] [SEVERE ] updating countdown to 52000
[18:28:04.649] [SEVERE ] updating countdown to 51000
[18:28:05.658] [SEVERE ] updating countdown to 50000
[18:28:06.666] [SEVERE ] updating countdown to 49000
[18:28:07.676] [SEVERE ] updating countdown to 48000
[18:28:08.696] [SEVERE ] updating countdown to 47000
[18:28:09.716] [SEVERE ] updating countdown to 46000
[18:28:10.726] [SEVERE ] updating countdown to 45000
[18:28:11.731] [SEVERE ] updating countdown to 44000
[18:28:12.737] [SEVERE ] updating countdown to 43000
[18:28:13.739] [SEVERE ] updating countdown to 42000
[18:28:14.749] [SEVERE ] updating countdown to 41000
[18:28:15.760] [SEVERE ] updating countdown to 40000
[18:28:16.766] [SEVERE ] updating countdown to 39000
[18:28:17.776] [SEVERE ] updating countdown to 38000
[18:28:18.788] [SEVERE ] updating countdown to 37000
[18:28:19.796] [SEVERE ] updating countdown to 36000
[18:28:20.796] [SEVERE ] updating countdown to 35000
[18:28:21.806] [SEVERE ] updating countdown to 34000
[18:28:22.816] [SEVERE ] updating countdown to 33000
[18:28:23.826] [SEVERE ] updating countdown to 32000
[18:28:24.833] [SEVERE ] updating countdown to 31000
[18:28:25.839] [SEVERE ] updating countdown to 30000
[18:28:26.856] [SEVERE ] updating countdown to 29000
[18:28:27.866] [SEVERE ] updating countdown to 28000
[18:28:28.876] [SEVERE ] updating countdown to 27000
[18:28:29.884] [SEVERE ] updating countdown to 26000
[18:28:30.896] [SEVERE ] updating countdown to 25000
[18:28:31.906] [SEVERE ] updating countdown to 24000
[18:28:32.916] [SEVERE ] updating countdown to 23000
[18:28:33.917] [SEVERE ] updating countdown to 22000
[18:28:34.926] [SEVERE ] updating countdown to 21000
[18:28:35.936] [SEVERE ] updating countdown to 20000
[18:28:36.946] [SEVERE ] updating countdown to 19000
[18:28:37.951] [SEVERE ] updating countdown to 18000
[18:28:38.956] [SEVERE ] updating countdown to 17000
[18:28:39.966] [SEVERE ] updating countdown to 16000
[18:28:40.976] [SEVERE ] updating countdown to 15000
[18:28:41.986] [SEVERE ] updating countdown to 14000
[18:28:42.996] [SEVERE ] updating countdown to 13000
[18:28:44.006] [SEVERE ] updating countdown to 12000
[18:28:45.016] [SEVERE ] updating countdown to 11000
[18:28:46.026] [SEVERE ] updating countdown to 10000
[18:28:47.036] [SEVERE ] updating countdown to 9000
[18:28:48.041] [SEVERE ] updating countdown to 8000
[18:28:49.041] [SEVERE ] updating countdown to 7000
[18:28:50.044] [SEVERE ] updating countdown to 6000
[18:28:51.066] [SEVERE ] updating countdown to 5000
[18:28:51.066] [SEVERE ] updating countdown to 5000
[18:28:51.077] [SEVERE ] updating countdown to 4000
[18:28:51.077] [SEVERE ] updating countdown to 4000
[18:28:51.077] [SEVERE ] updating countdown to 3000
[18:28:51.077] [SEVERE ] updating countdown to 3000
[18:28:51.083] [SEVERE ] updating countdown to 2000
[18:28:51.083] [SEVERE ] updating countdown to 2000
[18:28:51.086] [SEVERE ] updating countdown to 1000
[18:28:51.086] [SEVERE ] updating countdown to 1000
[18:28:51.086] [SEVERE ] updating countdown to 0
[18:28:51.086] [SEVERE ] updating countdown to 0
[18:28:51.086] [SEVERE ] updating countdown to -1000
[18:28:51.086] [SEVERE ] removing player 1 token from slot 0
[18:28:51.086] [SEVERE ] removing player 1 token from slot 3
[18:28:51.086] [SEVERE ] removing card from slot 0
[18:28:51.190] [SEVERE ] removing card from slot 1
[18:28:51.296] [SEVERE ] removing card from slot 2
[18:28:51.404] [SEVERE ] removing card from slot 3
[18:28:51.510] [SEVERE ] removing card from slot 4
[18:28:51.616] [SEVERE ] removing card from slot 5
[18:28:51.725] [SEVERE ] removing card from slot 6
[18:28:51.840] [SEVERE ] removing card from slot 7
[18:28:51.947] [SEVERE ] removing card from slot 8
[18:28:52.060] [SEVERE ] removing card from slot 9
[18:28:52.176] [SEVERE ] removing card from slot 10
[18:28:52.282] [SEVERE ] removing card from slot 11
[18:28:52.494] [SEVERE ] placing card 77 in slot 0
[18:28:52.604] [SEVERE ] placing card 53 in slot 1
[18:28:52.716] [SEVERE ] placing card 8 in slot 2
[18:28:52.826] [SEVERE ] placing card 40 in slot 3
[18:28:52.933] [SEVERE ] placing card 50 in slot 4
[18:28:53.045] [SEVERE ] placing card 24 in slot 5
[18:28:53.150] [SEVERE ] placing card 62 in slot 6
[18:28:53.254] [SEVERE ] placing card 34 in slot 7
[18:28:53.366] [SEVERE ] placing card 47 in slot 8
[18:28:53.474] [SEVERE ] placing card 28 in slot 9
[18:28:53.575] [SEVERE ] placing card 42 in slot 10
