[18:38:18.591] [INFO   ] thread main starting.
[18:38:18.600] [SEVERE ] cannot read configuration file config.properties trying from resources.
[18:38:18.605] [SEVERE ] configuration file was loaded from resources directory.
[18:38:19.347] [INFO   ] thread dealer starting.
[18:38:19.347] [INFO   ] thread player 0 starting.
[18:38:19.351] [INFO   ] thread player 1 starting.
[18:38:19.351] [INFO   ] thread dealer starting.
[18:38:19.367] [INFO   ] thread player 0 starting.
[18:38:19.367] [INFO   ] thread player 1 starting.
[18:38:19.483] [SEVERE ] placing card 59 in slot 0
[18:38:19.593] [SEVERE ] placing card 60 in slot 1
[18:38:19.695] [SEVERE ] placing card 71 in slot 2
[18:38:19.805] [SEVERE ] placing card 43 in slot 3
[18:38:19.915] [SEVERE ] placing card 32 in slot 4
[18:38:20.024] [SEVERE ] placing card 3 in slot 5
[18:38:20.125] [SEVERE ] placing card 33 in slot 6
[18:38:20.235] [SEVERE ] placing card 51 in slot 7
[18:38:20.343] [SEVERE ] placing card 62 in slot 8
[18:38:20.452] [SEVERE ] placing card 47 in slot 9
[18:38:20.559] [SEVERE ] placing card 12 in slot 10
[18:38:20.667] [SEVERE ] placing card 54 in slot 11
[18:38:21.697] [SEVERE ] updating countdown to 10000
[18:38:22.711] [SEVERE ] updating countdown to 9000
[18:38:23.727] [SEVERE ] updating countdown to 8000
[18:38:24.745] [SEVERE ] updating countdown to 7000
[18:38:25.764] [SEVERE ] updating countdown to 6000
[18:38:26.777] [SEVERE ] updating countdown to 5000
[18:38:28.611] [SEVERE ] updating countdown to 4000
[18:38:30.426] [SEVERE ] updating countdown to 3000
[18:38:32.225] [SEVERE ] updating countdown to 2000
[18:38:34.040] [SEVERE ] updating countdown to 1000
[18:38:35.827] [SEVERE ] updating countdown to 0
[18:38:37.552] [SEVERE ] updating countdown to -1000
[18:38:37.568] [SEVERE ] removing card from slot 0
[18:38:37.675] [SEVERE ] removing card from slot 1
[18:38:37.792] [SEVERE ] removing card from slot 2
[18:38:37.900] [SEVERE ] removing card from slot 3
[18:38:38.015] [SEVERE ] removing card from slot 4
[18:38:38.125] [SEVERE ] removing card from slot 5
[18:38:38.236] [SEVERE ] removing card from slot 6
[18:38:38.342] [SEVERE ] removing card from slot 7
[18:38:38.450] [SEVERE ] removing card from slot 8
[18:38:38.565] [SEVERE ] removing card from slot 9
[18:38:38.677] [SEVERE ] removing card from slot 10
[18:38:38.784] [SEVERE ] removing card from slot 11
[18:38:39.008] [SEVERE ] placing card 10 in slot 0
[18:38:39.110] [SEVERE ] placing card 16 in slot 1
