[11:36:52.923] [INFO   ] thread main starting.
[11:36:52.934] [SEVERE ] cannot read configuration file config.properties trying from resources.
[11:36:52.936] [SEVERE ] configuration file was loaded from resources directory.
[11:36:53.630] [INFO   ] thread dealer starting.
[11:36:53.630] [INFO   ] thread player 0 starting.
[11:36:53.631] [INFO   ] thread player 1 starting.
[11:36:53.633] [INFO   ] thread dealer starting.
[11:36:53.643] [INFO   ] thread player 0 starting.
[11:36:53.643] [INFO   ] thread player 1 starting.
[11:36:53.653] [INFO   ] thread computer-1 starting.
[11:36:53.769] [SEVERE ] placing card 77 in slot 0
[11:36:53.879] [SEVERE ] placing card 78 in slot 1
[11:36:53.987] [SEVERE ] placing card 2 in slot 2
[11:36:54.095] [SEVERE ] placing card 65 in slot 3
[11:36:54.204] [SEVERE ] placing card 21 in slot 4
[11:36:54.312] [SEVERE ] placing card 38 in slot 5
[11:36:54.422] [SEVERE ] placing card 36 in slot 6
[11:36:54.531] [SEVERE ] placing card 44 in slot 7
[11:36:54.640] [SEVERE ] placing card 1 in slot 8
[11:36:54.749] [SEVERE ] placing card 54 in slot 9
[11:36:54.858] [SEVERE ] placing card 55 in slot 10
[11:36:54.966] [SEVERE ] placing card 12 in slot 11
[11:36:55.983] [SEVERE ] updating countdown to 59000
[11:36:56.991] [SEVERE ] updating countdown to 58000
[11:36:57.994] [SEVERE ] updating countdown to 57000
[11:36:59.006] [SEVERE ] updating countdown to 56000
[11:37:00.016] [SEVERE ] updating countdown to 55000
[11:37:01.023] [SEVERE ] updating countdown to 54000
[11:37:02.036] [SEVERE ] updating countdown to 53000
[11:37:03.047] [SEVERE ] updating countdown to 52000
[11:37:04.055] [SEVERE ] updating countdown to 51000
[11:37:05.066] [SEVERE ] updating countdown to 50000
[11:37:06.080] [SEVERE ] updating countdown to 49000
