[15:19:49.405] [INFO   ] thread main starting.
[15:19:49.405] [SEVERE ] cannot read configuration file config.properties trying from resources.
[15:19:49.405] [SEVERE ] configuration file was loaded from resources directory.
[15:19:50.148] [INFO   ] thread dealer starting.
[15:19:50.193] [INFO   ] thread player 0 starting.
[15:19:50.204] [INFO   ] thread player 1 starting.
[15:19:50.210] [INFO   ] thread player 0 starting.
[15:19:50.212] [INFO   ] thread player 1 starting.
[15:19:50.212] [INFO   ] thread dealer starting.
[15:19:50.323] [SEVERE ] placing card 11 in slot 0
[15:19:50.425] [SEVERE ] placing card 22 in slot 1
[15:19:50.529] [SEVERE ] placing card 53 in slot 2
[15:19:50.638] [SEVERE ] placing card 26 in slot 3
[15:19:50.741] [SEVERE ] placing card 29 in slot 4
[15:19:50.846] [SEVERE ] placing card 48 in slot 5
[15:19:50.956] [SEVERE ] placing card 40 in slot 6
[15:19:51.057] [SEVERE ] placing card 36 in slot 7
[15:19:51.176] [SEVERE ] placing card 25 in slot 8
[15:19:51.289] [SEVERE ] placing card 73 in slot 9
[15:19:51.393] [SEVERE ] placing card 80 in slot 10
[15:19:51.496] [SEVERE ] placing card 9 in slot 11
[15:19:52.513] [SEVERE ] updating countdown to 59000
[15:19:53.518] [SEVERE ] updating countdown to 58000
[15:19:54.531] [SEVERE ] updating countdown to 57000
[15:19:55.546] [SEVERE ] updating countdown to 56000
