[11:53:48.036] [INFO   ] thread main starting.
[11:53:48.048] [SEVERE ] cannot read configuration file config.properties trying from resources.
[11:53:48.050] [SEVERE ] configuration file was loaded from resources directory.
[11:53:48.725] [INFO   ] thread dealer starting.
[11:53:48.732] [INFO   ] thread player 0 starting.
[11:53:48.734] [INFO   ] thread player 1 starting.
[11:53:48.736] [INFO   ] thread player 0 starting.
[11:53:48.736] [INFO   ] thread dealer starting.
[11:53:48.751] [INFO   ] thread player 1 starting.
[11:53:48.762] [INFO   ] thread computer-1 starting.
[11:53:48.875] [SEVERE ] placing card 55 in slot 0
[11:53:48.983] [SEVERE ] placing card 7 in slot 1
[11:53:49.093] [SEVERE ] placing card 56 in slot 2
[11:53:49.203] [SEVERE ] placing card 6 in slot 3
[11:53:49.313] [SEVERE ] placing card 44 in slot 4
[11:53:49.422] [SEVERE ] placing card 16 in slot 5
[11:53:49.531] [SEVERE ] placing card 64 in slot 6
[11:53:49.640] [SEVERE ] placing card 18 in slot 7
[11:53:49.747] [SEVERE ] placing card 22 in slot 8
[11:53:49.856] [SEVERE ] placing card 30 in slot 9
[11:53:49.963] [SEVERE ] placing card 2 in slot 10
[11:53:50.072] [SEVERE ] placing card 38 in slot 11
[11:53:51.093] [SEVERE ] updating countdown to 59000
[11:53:52.104] [SEVERE ] updating countdown to 58000
[11:53:53.126] [SEVERE ] updating countdown to 57000
