[16:28:09.148] [INFO   ] thread main starting.
[16:28:09.161] [SEVERE ] cannot read configuration file config.properties trying from resources.
[16:28:09.165] [SEVERE ] configuration file was loaded from resources directory.
[16:28:09.919] [INFO   ] thread dealer starting.
[16:28:09.920] [INFO   ] thread player 0 starting.
[16:28:09.922] [INFO   ] thread player 1 starting.
[16:28:09.922] [INFO   ] thread dealer starting.
[16:28:09.941] [INFO   ] thread player 1 starting.
[16:28:09.941] [INFO   ] thread player 0 starting.
[16:28:10.051] [SEVERE ] placing card 43 in slot 0
[16:28:10.161] [SEVERE ] placing card 49 in slot 1
[16:28:10.269] [SEVERE ] placing card 48 in slot 2
[16:28:10.380] [SEVERE ] placing card 75 in slot 3
[16:28:10.491] [SEVERE ] placing card 22 in slot 4
[16:28:10.600] [SEVERE ] placing card 52 in slot 5
[16:28:10.709] [SEVERE ] placing card 56 in slot 6
[16:28:10.820] [SEVERE ] placing card 23 in slot 7
[16:28:10.929] [SEVERE ] placing card 20 in slot 8
[16:28:11.038] [SEVERE ] placing card 2 in slot 9
[16:28:11.146] [SEVERE ] placing card 11 in slot 10
[16:28:11.254] [SEVERE ] placing card 39 in slot 11
[16:28:12.275] [SEVERE ] updating countdown to 59000
[16:28:13.302] [SEVERE ] updating countdown to 58000
[16:28:14.315] [SEVERE ] updating countdown to 57000
[16:28:15.327] [SEVERE ] updating countdown to 56000
[16:28:16.349] [SEVERE ] updating countdown to 55000
[16:28:17.359] [SEVERE ] updating countdown to 54000
[16:28:18.374] [SEVERE ] updating countdown to 53000
[16:28:19.386] [SEVERE ] updating countdown to 52000
[16:28:20.395] [SEVERE ] updating countdown to 51000
[16:28:20.943] [SEVERE ] key 69 was pressed by player 1
[16:28:20.947] [SEVERE ] player 1 placing token on slot 2
[16:28:21.406] [SEVERE ] updating countdown to 50000
[16:28:21.631] [SEVERE ] key 69 was pressed by player 1
[16:28:21.632] [SEVERE ] removing player 1 token from slot 2
[16:28:21.866] [SEVERE ] key 82 was pressed by player 1
[16:28:21.867] [SEVERE ] player 1 placing token on slot 3
[16:28:22.423] [SEVERE ] updating countdown to 49000
[16:28:23.433] [SEVERE ] updating countdown to 48000
[16:28:23.453] [SEVERE ] key 83 was pressed by player 1
[16:28:23.454] [SEVERE ] player 1 placing token on slot 5
[16:28:24.447] [SEVERE ] updating countdown to 47000
[16:28:25.455] [SEVERE ] updating countdown to 46000
[16:28:26.418] [SEVERE ] key 77 was pressed by player 2
[16:28:26.419] [SEVERE ] player 2 placing token on slot 8
[16:28:26.466] [SEVERE ] updating countdown to 45000
[16:28:27.101] [SEVERE ] key 77 was pressed by player 2
[16:28:27.102] [SEVERE ] removing player 2 token from slot 8
[16:28:27.478] [SEVERE ] updating countdown to 44000
[16:28:27.525] [SEVERE ] key 44 was pressed by player 2
[16:28:27.527] [SEVERE ] player 2 placing token on slot 9
[16:28:28.483] [SEVERE ] updating countdown to 43000
[16:28:29.502] [SEVERE ] updating countdown to 42000
[16:28:30.178] [SEVERE ] key 77 was pressed by player 2
[16:28:30.179] [SEVERE ] player 2 placing token on slot 8
[16:28:30.520] [SEVERE ] updating countdown to 41000
[16:28:31.525] [SEVERE ] updating countdown to 40000
[16:28:32.540] [SEVERE ] updating countdown to 39000
[16:28:33.553] [SEVERE ] updating countdown to 38000
[16:28:34.567] [SEVERE ] updating countdown to 37000
[16:28:35.585] [SEVERE ] updating countdown to 36000
[16:28:36.588] [SEVERE ] updating countdown to 35000
[16:28:37.610] [SEVERE ] updating countdown to 34000
[16:28:38.618] [SEVERE ] updating countdown to 33000
[16:28:39.624] [SEVERE ] updating countdown to 32000
[16:28:40.628] [SEVERE ] updating countdown to 31000
[16:28:41.633] [SEVERE ] updating countdown to 30000
[16:28:42.648] [SEVERE ] updating countdown to 29000
[16:28:43.652] [SEVERE ] updating countdown to 28000
[16:28:44.663] [SEVERE ] updating countdown to 27000
[16:28:45.676] [SEVERE ] updating countdown to 26000
[16:28:46.692] [SEVERE ] updating countdown to 25000
[16:28:47.709] [SEVERE ] updating countdown to 24000
[16:28:48.718] [SEVERE ] updating countdown to 23000
[16:28:49.717] [SEVERE ] key 90 was pressed by player 1
[16:28:49.728] [SEVERE ] player 1 placing token on slot 8
[16:28:49.736] [SEVERE ] updating countdown to 22000
[16:28:49.739] [SEVERE ] removing player 1 token from slot 3
[16:28:49.740] [SEVERE ] removing card from slot 3
[16:28:49.846] [SEVERE ] removing player 1 token from slot 5
[16:28:49.846] [SEVERE ] removing card from slot 5
[16:28:49.862] [SEVERE ] key 44 was pressed by player 2
[16:28:49.862] [SEVERE ] removing player 2 token from slot 9
[16:28:49.950] [SEVERE ] removing player 1 token from slot 8
[16:28:49.950] [SEVERE ] removing player 2 token from slot 8
[16:28:49.950] [SEVERE ] removing card from slot 8
[16:28:50.163] [SEVERE ] placing card 42 in slot 3
[16:28:50.275] [SEVERE ] placing card 36 in slot 5
[16:28:50.385] [SEVERE ] placing card 5 in slot 8
[16:28:50.388] [SEVERE ] setting player 1 score to 1
[16:28:50.392] [SEVERE ] setting player 1 freeze to 1000
[16:28:50.392] [SEVERE ] updating countdown to 60000
[16:28:51.396] [SEVERE ] setting player 1 freeze to 0
[16:28:52.407] [SEVERE ] updating countdown to 59000
[16:28:53.421] [SEVERE ] updating countdown to 58000
[16:28:54.433] [SEVERE ] updating countdown to 57000
[16:28:55.442] [SEVERE ] updating countdown to 56000
[16:28:56.448] [SEVERE ] updating countdown to 55000
[16:28:57.453] [SEVERE ] updating countdown to 54000
[16:28:58.457] [SEVERE ] updating countdown to 53000
