[00:08:23.298] [INFO   ] thread main starting.
[00:08:23.314] [SEVERE ] cannot read configuration file config.properties trying from resources.
[00:08:23.314] [SEVERE ] configuration file was loaded from resources directory.
[00:08:24.093] [INFO   ] thread dealer starting.
[00:08:24.100] [INFO   ] thread player 0 starting.
[00:08:24.102] [INFO   ] thread player 1 starting.
[00:08:24.102] [INFO   ] thread player 0 starting.
[00:08:24.102] [INFO   ] thread dealer starting.
[00:08:24.106] [INFO   ] thread player 1 starting.
[00:08:24.221] [SEVERE ] placing card 64 in slot 0
[00:08:24.331] [SEVERE ] placing card 4 in slot 1
[00:08:24.434] [SEVERE ] placing card 0 in slot 2
[00:08:24.547] [SEVERE ] placing card 66 in slot 3
[00:08:24.651] [SEVERE ] placing card 14 in slot 4
[00:08:24.763] [SEVERE ] placing card 54 in slot 5
[00:08:24.868] [SEVERE ] placing card 65 in slot 6
[00:08:24.984] [SEVERE ] placing card 55 in slot 7
[00:08:25.094] [SEVERE ] placing card 27 in slot 8
[00:08:25.204] [SEVERE ] placing card 28 in slot 9
[00:08:25.314] [SEVERE ] placing card 72 in slot 10
[00:08:25.424] [SEVERE ] placing card 18 in slot 11
[00:08:26.452] [SEVERE ] updating countdown to 59000
[00:08:27.453] [SEVERE ] updating countdown to 58000
[00:08:28.459] [SEVERE ] updating countdown to 57000
[00:08:29.469] [SEVERE ] updating countdown to 56000
[00:08:30.475] [SEVERE ] updating countdown to 55000
[00:08:31.466] [SEVERE ] key 69 was pressed by player 1
[00:08:31.466] [SEVERE ] player 1 placing token on slot 2
[00:08:31.481] [SEVERE ] updating countdown to 54000
[00:08:31.758] [SEVERE ] key 79 was pressed by player 2
[00:08:31.758] [SEVERE ] player 2 placing token on slot 2
[00:08:31.860] [SEVERE ] key 79 was pressed by player 2
[00:08:31.869] [SEVERE ] removing player 2 token from slot 2
[00:08:32.438] [SEVERE ] key 69 was pressed by player 1
[00:08:32.438] [SEVERE ] removing player 1 token from slot 2
[00:08:32.486] [SEVERE ] updating countdown to 53000
[00:08:32.794] [SEVERE ] key 79 was pressed by player 2
[00:08:32.794] [SEVERE ] player 2 placing token on slot 2
[00:08:33.078] [SEVERE ] key 69 was pressed by player 1
[00:08:33.078] [SEVERE ] player 1 placing token on slot 2
[00:08:33.491] [SEVERE ] updating countdown to 52000
[00:08:33.524] [SEVERE ] key 79 was pressed by player 2
[00:08:33.524] [SEVERE ] removing player 2 token from slot 2
[00:08:33.833] [SEVERE ] key 69 was pressed by player 1
[00:08:33.833] [SEVERE ] removing player 1 token from slot 2
[00:08:34.496] [SEVERE ] updating countdown to 51000
[00:08:34.620] [SEVERE ] key 68 was pressed by player 1
[00:08:34.620] [SEVERE ] player 1 placing token on slot 6
[00:08:35.503] [SEVERE ] updating countdown to 50000
[00:08:35.672] [SEVERE ] key 68 was pressed by player 1
[00:08:35.672] [SEVERE ] removing player 1 token from slot 6
[00:08:36.033] [SEVERE ] key 83 was pressed by player 1
[00:08:36.033] [SEVERE ] player 1 placing token on slot 5
[00:08:36.516] [SEVERE ] updating countdown to 49000
[00:08:37.063] [SEVERE ] key 74 was pressed by player 2
[00:08:37.072] [SEVERE ] player 2 placing token on slot 4
[00:08:37.520] [SEVERE ] updating countdown to 48000
[00:08:37.729] [SEVERE ] key 74 was pressed by player 2
[00:08:37.729] [SEVERE ] removing player 2 token from slot 4
[00:08:38.123] [SEVERE ] key 75 was pressed by player 2
[00:08:38.123] [SEVERE ] player 2 placing token on slot 5
[00:08:38.533] [SEVERE ] updating countdown to 47000
[00:08:39.360] [SEVERE ] key 90 was pressed by player 1
[00:08:39.360] [SEVERE ] player 1 placing token on slot 8
[00:08:39.552] [SEVERE ] updating countdown to 46000
[00:08:40.211] [SEVERE ] key 77 was pressed by player 2
[00:08:40.211] [SEVERE ] player 2 placing token on slot 8
[00:08:40.416] [SEVERE ] key 77 was pressed by player 2
[00:08:40.416] [SEVERE ] removing player 2 token from slot 8
[00:08:40.561] [SEVERE ] updating countdown to 45000
[00:08:40.841] [SEVERE ] key 77 was pressed by player 2
[00:08:40.841] [SEVERE ] player 2 placing token on slot 8
[00:08:41.579] [SEVERE ] updating countdown to 44000
[00:08:42.592] [SEVERE ] updating countdown to 43000
[00:08:43.597] [SEVERE ] updating countdown to 42000
[00:08:44.500] [SEVERE ] key 79 was pressed by player 2
[00:08:44.500] [SEVERE ] player 2 placing token on slot 2
[00:08:44.609] [SEVERE ] updating countdown to 41000
[00:08:44.613] [SEVERE ] removing player 1 token from slot 5
[00:08:44.616] [SEVERE ] removing player 2 token from slot 5
[00:08:44.616] [SEVERE ] removing card from slot 5
[00:08:44.731] [SEVERE ] removing player 1 token from slot 8
[00:08:44.731] [SEVERE ] removing player 2 token from slot 8
[00:08:44.731] [SEVERE ] removing card from slot 8
[00:08:44.749] [SEVERE ] key 69 was pressed by player 1
[00:08:44.753] [SEVERE ] player 1 placing token on slot 2
[00:08:44.831] [SEVERE ] removing player 1 token from slot 2
[00:08:44.831] [SEVERE ] removing player 2 token from slot 2
[00:08:44.831] [SEVERE ] removing card from slot 2
[00:08:45.051] [SEVERE ] placing card 24 in slot 2
[00:08:45.161] [SEVERE ] placing card 9 in slot 5
[00:08:45.272] [SEVERE ] placing card 16 in slot 8
[00:08:45.275] [SEVERE ] updating countdown to 60000
[00:08:46.287] [SEVERE ] updating countdown to 59000
[00:08:47.301] [SEVERE ] updating countdown to 58000
[00:08:48.308] [SEVERE ] updating countdown to 57000
