[22:42:31.143] [INFO   ] thread main starting.
[22:42:31.165] [SEVERE ] cannot read configuration file config.properties trying from resources.
[22:42:31.170] [SEVERE ] configuration file was loaded from resources directory.
[22:42:31.920] [INFO   ] thread dealer starting.
[22:42:31.927] [INFO   ] thread player 0 starting.
[22:42:31.928] [INFO   ] thread player 1 starting.
[22:42:31.928] [INFO   ] thread player 2 starting.
[22:42:31.933] [INFO   ] thread player 1 starting.
[22:42:31.934] [INFO   ] thread player 3 starting.
[22:42:31.936] [INFO   ] thread player 2 starting.
[22:42:31.934] [INFO   ] thread player 0 starting.
[22:42:31.936] [INFO   ] thread dealer starting.
[22:42:31.936] [INFO   ] thread computer-2 starting.
[22:42:31.936] [INFO   ] thread computer-0 starting.
[22:42:31.936] [INFO   ] thread player 3 starting.
[22:42:31.936] [INFO   ] thread computer-1 starting.
[22:42:31.940] [INFO   ] thread computer-3 starting.
[22:42:32.048] [SEVERE ] placing card 20 in slot 0
[22:42:32.150] [SEVERE ] placing card 34 in slot 1
[22:42:32.251] [SEVERE ] placing card 38 in slot 2
[22:42:32.351] [SEVERE ] placing card 10 in slot 3
[22:42:32.452] [SEVERE ] placing card 27 in slot 4
[22:42:32.553] [SEVERE ] placing card 77 in slot 5
[22:42:32.654] [SEVERE ] placing card 31 in slot 6
[22:42:32.754] [SEVERE ] placing card 21 in slot 7
[22:42:32.855] [SEVERE ] placing card 55 in slot 8
[22:42:32.956] [SEVERE ] placing card 23 in slot 9
[22:42:33.056] [SEVERE ] placing card 76 in slot 10
[22:42:33.156] [SEVERE ] placing card 13 in slot 11
[22:42:34.161] [SEVERE ] updating countdown to 59000
[22:42:34.165] [SEVERE ] player 2 placing token on slot 0
[22:42:34.165] [SEVERE ] player 3 placing token on slot 7
[22:42:34.165] [SEVERE ] player 4 placing token on slot 2
[22:42:34.167] [SEVERE ] player 3 placing token on slot 3
[22:42:34.167] [SEVERE ] player 2 placing token on slot 4
[22:42:34.168] [SEVERE ] player 1 placing token on slot 7
[22:42:34.170] [SEVERE ] removing player 3 token from slot 7
[22:42:34.170] [SEVERE ] player 2 placing token on slot 9
[22:42:34.171] [SEVERE ] player 3 placing token on slot 2
[22:42:34.171] [SEVERE ] player 1 placing token on slot 11
[22:42:34.171] [SEVERE ] player 4 placing token on slot 7
[22:42:34.174] [SEVERE ] player 4 placing token on slot 6
[22:42:34.174] [SEVERE ] player 1 placing token on slot 4
[22:42:34.173] [SEVERE ] removing player 3 token from slot 2
[22:42:34.176] [SEVERE ] player 3 placing token on slot 6
[22:42:34.176] [SEVERE ] player 3 placing token on slot 9
[22:42:34.176] [SEVERE ] setting player 2 freeze to 0
[22:42:34.177] [SEVERE ] removing player 2 token from slot 4
[22:42:34.178] [SEVERE ] removing player 2 token from slot 0
[22:42:34.180] [SEVERE ] player 2 placing token on slot 5
[22:42:34.182] [SEVERE ] player 2 placing token on slot 6
[22:42:35.176] [SEVERE ] updating countdown to 58000
[22:42:35.183] [SEVERE ] setting player 3 freeze to 0
[22:42:35.187] [SEVERE ] setting player 2 freeze to 0
[22:42:35.187] [SEVERE ] removing player 2 token from slot 5
[22:42:35.188] [SEVERE ] player 2 placing token on slot 10
[22:42:35.199] [SEVERE ] removing player 3 token from slot 6
[22:42:35.202] [SEVERE ] player 3 placing token on slot 1
[22:42:36.186] [SEVERE ] updating countdown to 57000
[22:42:36.189] [SEVERE ] setting player 1 freeze to 0
[22:42:36.191] [SEVERE ] removing player 1 token from slot 4
[22:42:36.191] [SEVERE ] player 1 placing token on slot 9
[22:42:36.192] [SEVERE ] setting player 4 freeze to 0
[22:42:36.193] [SEVERE ] removing player 4 token from slot 2
[22:42:36.196] [SEVERE ] player 4 placing token on slot 3
[22:42:36.201] [SEVERE ] setting player 1 freeze to 0
[22:42:36.203] [SEVERE ] removing player 1 token from slot 11
[22:42:36.204] [SEVERE ] player 1 placing token on slot 0
[22:42:37.204] [SEVERE ] updating countdown to 56000
[22:42:37.206] [SEVERE ] setting player 3 freeze to 0
[22:42:37.209] [SEVERE ] removing player 3 token from slot 3
[22:42:37.211] [SEVERE ] player 3 placing token on slot 3
[22:42:37.212] [SEVERE ] setting player 2 freeze to 0
[22:42:37.213] [SEVERE ] removing player 2 token from slot 10
[22:42:37.214] [SEVERE ] setting player 3 freeze to 0
[22:42:37.214] [SEVERE ] player 2 placing token on slot 10
[22:42:37.216] [SEVERE ] removing player 3 token from slot 1
[22:42:37.217] [SEVERE ] player 3 placing token on slot 11
