[18:53:32.511] [INFO   ] thread main starting.
[18:53:32.522] [SEVERE ] cannot read configuration file config.properties trying from resources.
[18:53:32.524] [SEVERE ] configuration file was loaded from resources directory.
[18:53:33.174] [INFO   ] thread dealer starting.
[18:53:33.176] [INFO   ] thread player 0 starting.
[18:53:33.179] [INFO   ] thread player 1 starting.
[18:53:33.179] [INFO   ] thread dealer starting.
[18:53:33.189] [INFO   ] thread player 1 starting.
[18:53:33.189] [INFO   ] thread player 0 starting.
[18:53:33.191] [INFO   ] thread computer-0 starting.
[18:53:33.192] [INFO   ] thread computer-1 starting.
[18:53:33.298] [SEVERE ] placing card 17 in slot 0
[18:53:33.408] [SEVERE ] placing card 78 in slot 1
[18:53:33.517] [SEVERE ] placing card 35 in slot 2
[18:53:33.628] [SEVERE ] placing card 49 in slot 3
[18:53:33.738] [SEVERE ] placing card 43 in slot 4
[18:53:33.847] [SEVERE ] placing card 32 in slot 5
[18:53:33.957] [SEVERE ] placing card 15 in slot 6
[18:53:34.066] [SEVERE ] placing card 33 in slot 7
[18:53:34.176] [SEVERE ] placing card 75 in slot 8
[18:53:34.284] [SEVERE ] placing card 44 in slot 9
[18:53:34.394] [SEVERE ] placing card 47 in slot 10
[18:53:34.506] [SEVERE ] placing card 2 in slot 11
[18:53:35.513] [SEVERE ] updating countdown to 9000
[18:53:36.522] [SEVERE ] updating countdown to 8000
[18:53:37.530] [SEVERE ] updating countdown to 7000
[18:53:38.540] [SEVERE ] updating countdown to 6000
