[18:01:47.879] [INFO   ] thread main starting.
[18:01:47.880] [SEVERE ] cannot read configuration file config.properties trying from resources.
[18:01:47.893] [SEVERE ] configuration file was loaded from resources directory.
[18:01:48.478] [INFO   ] thread dealer starting.
[18:01:48.478] [INFO   ] thread player 0 starting.
[18:01:48.478] [INFO   ] thread player 1 starting.
[18:01:48.485] [INFO   ] thread dealer starting.
[18:01:48.493] [INFO   ] thread player 0 starting.
[18:01:48.495] [INFO   ] thread player 1 starting.
[18:01:48.607] [SEVERE ] placing card 78 in slot 0
[18:01:48.708] [SEVERE ] placing card 50 in slot 1
[18:01:48.821] [SEVERE ] placing card 23 in slot 2
[18:01:48.924] [SEVERE ] placing card 66 in slot 3
[18:01:49.035] [SEVERE ] placing card 7 in slot 4
[18:01:49.139] [SEVERE ] placing card 67 in slot 5
[18:01:49.251] [SEVERE ] placing card 53 in slot 6
[18:01:49.366] [SEVERE ] placing card 72 in slot 7
[18:01:49.469] [SEVERE ] placing card 46 in slot 8
[18:01:49.580] [SEVERE ] placing card 5 in slot 9
[18:01:49.691] [SEVERE ] placing card 80 in slot 10
[18:01:49.802] [SEVERE ] placing card 9 in slot 11
[18:01:51.390] [SEVERE ] updating countdown to 4000
[18:01:52.974] [SEVERE ] updating countdown to 3000
[18:01:54.562] [SEVERE ] updating countdown to 2000
[18:01:56.064] [SEVERE ] exit button pressed
[18:01:56.080] [SEVERE ] updating countdown to 4000
[18:01:56.080] [SEVERE ] removing card from slot 0
[18:01:56.189] [SEVERE ] removing card from slot 1
[18:01:56.299] [SEVERE ] removing card from slot 2
[18:01:56.409] [SEVERE ] removing card from slot 3
[18:01:56.519] [SEVERE ] removing card from slot 4
[18:01:56.629] [SEVERE ] removing card from slot 5
[18:01:56.739] [SEVERE ] removing card from slot 6
[18:01:56.848] [SEVERE ] removing card from slot 7
[18:01:56.959] [SEVERE ] removing card from slot 8
[18:01:57.069] [SEVERE ] removing card from slot 9
[18:01:57.178] [SEVERE ] removing card from slot 10
[18:01:57.289] [SEVERE ] removing card from slot 11
[18:01:57.399] [SEVERE ] announcing winner(s): player 1, player 2
[18:01:57.399] [INFO   ] thread dealer terminated.
[18:01:57.399] [INFO   ] thread dealer terminated.
[18:01:57.399] [SEVERE ] thanks for playing... it was fun!
[18:01:57.399] [INFO   ] thread main terminated.
