[18:33:02.275] [INFO   ] thread main starting.
[18:33:02.283] [SEVERE ] cannot read configuration file config.properties trying from resources.
[18:33:02.299] [SEVERE ] configuration file was loaded from resources directory.
[18:33:03.108] [INFO   ] thread dealer starting.
[18:33:03.108] [INFO   ] thread player 0 starting.
[18:33:03.112] [INFO   ] thread player 1 starting.
[18:33:03.113] [INFO   ] thread dealer starting.
[18:33:03.227] [SEVERE ] placing card 29 in slot 0
[18:33:03.330] [SEVERE ] placing card 56 in slot 1
[18:33:03.438] [SEVERE ] placing card 50 in slot 2
[18:33:03.543] [SEVERE ] placing card 57 in slot 3
[18:33:03.646] [SEVERE ] placing card 55 in slot 4
[18:33:03.748] [SEVERE ] placing card 25 in slot 5
[18:33:03.864] [SEVERE ] placing card 36 in slot 6
[18:33:03.978] [SEVERE ] placing card 21 in slot 7
[18:33:04.081] [SEVERE ] placing card 17 in slot 8
[18:33:04.188] [SEVERE ] placing card 37 in slot 9
[18:33:04.298] [SEVERE ] placing card 74 in slot 10
[18:33:04.407] [SEVERE ] placing card 51 in slot 11
[18:33:05.373] [INFO   ] thread player 1 starting.
[18:33:05.415] [SEVERE ] updating countdown to 9000
[18:33:06.429] [SEVERE ] updating countdown to 8000
[18:33:07.444] [SEVERE ] updating countdown to 7000
[18:33:08.445] [SEVERE ] updating countdown to 6000
[18:33:09.453] [SEVERE ] updating countdown to 5000
[18:33:11.100] [SEVERE ] updating countdown to 4000
[18:33:12.710] [SEVERE ] updating countdown to 3000
[18:33:14.378] [SEVERE ] updating countdown to 2000
[18:33:16.092] [SEVERE ] updating countdown to 1000
[18:33:17.800] [SEVERE ] updating countdown to 0
[18:33:17.800] [SEVERE ] updating countdown to 9000
[18:33:17.800] [SEVERE ] removing card from slot 0
[18:33:17.909] [SEVERE ] removing card from slot 1
[18:33:18.011] [SEVERE ] removing card from slot 2
[18:33:18.112] [SEVERE ] removing card from slot 3
[18:33:18.223] [SEVERE ] removing card from slot 4
[18:33:18.327] [SEVERE ] removing card from slot 5
[18:33:18.427] [SEVERE ] removing card from slot 6
[18:33:18.538] [SEVERE ] removing card from slot 7
[18:33:18.650] [SEVERE ] removing card from slot 8
[18:33:18.763] [SEVERE ] removing card from slot 9
[18:33:18.868] [SEVERE ] removing card from slot 10
[18:33:18.970] [SEVERE ] removing card from slot 11
[18:33:19.184] [SEVERE ] placing card 27 in slot 0
[18:33:19.288] [SEVERE ] placing card 45 in slot 1
[18:33:19.395] [SEVERE ] placing card 74 in slot 2
[18:33:19.495] [SEVERE ] placing card 77 in slot 3
[18:33:19.605] [SEVERE ] placing card 62 in slot 4
[18:33:19.717] [SEVERE ] placing card 23 in slot 5
[18:33:19.828] [SEVERE ] placing card 7 in slot 6
[18:33:19.940] [SEVERE ] placing card 20 in slot 7
[18:33:20.045] [SEVERE ] placing card 22 in slot 8
[18:33:20.147] [SEVERE ] placing card 48 in slot 9
[18:33:20.262] [SEVERE ] placing card 8 in slot 10
[18:33:20.367] [SEVERE ] placing card 6 in slot 11
[18:33:21.370] [SEVERE ] updating countdown to 8000
[18:33:22.372] [SEVERE ] updating countdown to 7000
[18:33:23.386] [SEVERE ] updating countdown to 6000
[18:33:24.397] [SEVERE ] updating countdown to 5000
