[18:54:16.822] [INFO   ] thread main starting.
[18:54:16.822] [SEVERE ] cannot read configuration file config.properties trying from resources.
[18:54:16.822] [SEVERE ] configuration file was loaded from resources directory.
[18:54:17.448] [INFO   ] thread dealer starting.
[18:54:17.448] [INFO   ] thread player 0 starting.
[18:54:17.448] [INFO   ] thread player 1 starting.
[18:54:17.448] [INFO   ] thread player 0 starting.
[18:54:17.448] [INFO   ] thread dealer starting.
[18:54:17.448] [INFO   ] thread player 1 starting.
[18:54:17.448] [INFO   ] thread computer-1 starting.
[18:54:17.452] [INFO   ] thread computer-0 starting.
[18:54:17.569] [SEVERE ] placing card 39 in slot 0
[18:54:17.681] [SEVERE ] placing card 80 in slot 1
[18:54:17.784] [SEVERE ] placing card 1 in slot 2
[18:54:17.889] [SEVERE ] placing card 69 in slot 3
[18:54:18.000] [SEVERE ] placing card 29 in slot 4
[18:54:18.103] [SEVERE ] placing card 28 in slot 5
[18:54:18.215] [SEVERE ] placing card 35 in slot 6
[18:54:18.319] [SEVERE ] placing card 44 in slot 7
[18:54:18.422] [SEVERE ] placing card 78 in slot 8
[18:54:18.532] [SEVERE ] placing card 75 in slot 9
[18:54:18.642] [SEVERE ] placing card 2 in slot 10
[18:54:18.752] [SEVERE ] placing card 77 in slot 11
[18:54:19.758] [SEVERE ] updating countdown to 9000
[18:54:20.764] [SEVERE ] updating countdown to 8000
[18:54:21.771] [SEVERE ] updating countdown to 7000
[18:54:22.778] [SEVERE ] updating countdown to 6000
[18:54:23.780] [SEVERE ] updating countdown to 5000
