[18:28:38.911] [INFO   ] thread main starting.
[18:28:38.922] [SEVERE ] cannot read configuration file config.properties trying from resources.
[18:28:38.924] [SEVERE ] configuration file was loaded from resources directory.
[18:28:39.515] [INFO   ] thread dealer starting.
[18:28:39.517] [INFO   ] thread player 0 starting.
[18:28:39.518] [INFO   ] thread player 1 starting.
[18:28:39.518] [INFO   ] thread dealer starting.
[18:28:39.523] [INFO   ] thread player 1 starting.
[18:28:39.523] [INFO   ] thread player 0 starting.
[18:28:39.527] [INFO   ] thread computer-0 starting.
[18:28:39.527] [INFO   ] thread computer-1 starting.
[18:28:39.633] [SEVERE ] placing card 15 in slot 0
[18:28:39.742] [SEVERE ] placing card 20 in slot 1
[18:28:39.852] [SEVERE ] placing card 71 in slot 2
[18:28:39.962] [SEVERE ] placing card 29 in slot 3
[18:28:40.071] [SEVERE ] placing card 33 in slot 4
[18:28:40.180] [SEVERE ] placing card 45 in slot 5
[18:28:40.290] [SEVERE ] placing card 68 in slot 6
[18:28:40.399] [SEVERE ] placing card 62 in slot 7
[18:28:40.508] [SEVERE ] placing card 0 in slot 8
[18:28:40.618] [SEVERE ] placing card 46 in slot 9
[18:28:40.725] [SEVERE ] placing card 10 in slot 10
[18:28:40.836] [SEVERE ] placing card 31 in slot 11
[18:28:41.849] [SEVERE ] updating countdown to 9000
