[18:32:41.470] [INFO   ] thread main starting.
[18:32:41.470] [SEVERE ] cannot read configuration file config.properties trying from resources.
[18:32:41.484] [SEVERE ] configuration file was loaded from resources directory.
[18:32:42.106] [INFO   ] thread dealer starting.
[18:32:42.108] [INFO   ] thread player 0 starting.
[18:32:42.108] [INFO   ] thread player 1 starting.
[18:32:42.108] [INFO   ] thread dealer starting.
[18:32:42.108] [INFO   ] thread player 0 starting.
[18:32:42.108] [INFO   ] thread player 1 starting.
[18:32:42.232] [SEVERE ] placing card 25 in slot 0
[18:32:42.336] [SEVERE ] placing card 27 in slot 1
[18:32:42.447] [SEVERE ] placing card 46 in slot 2
[18:32:42.558] [SEVERE ] placing card 57 in slot 3
[18:32:42.667] [SEVERE ] placing card 50 in slot 4
[18:32:42.778] [SEVERE ] placing card 71 in slot 5
[18:32:42.890] [SEVERE ] placing card 12 in slot 6
[18:32:43.002] [SEVERE ] placing card 21 in slot 7
[18:32:43.113] [SEVERE ] placing card 80 in slot 8
[18:32:43.225] [SEVERE ] placing card 59 in slot 9
[18:32:43.335] [SEVERE ] placing card 5 in slot 10
[18:32:43.445] [SEVERE ] placing card 8 in slot 11
[18:32:44.335] [SEVERE ] key 65 was pressed by player 1
[18:32:44.460] [SEVERE ] updating countdown to 9000
[18:32:44.778] [SEVERE ] key 65 was pressed by player 1
[18:32:45.172] [SEVERE ] key 65 was pressed by player 1
[18:32:45.416] [SEVERE ] key 65 was pressed by player 1
[18:32:45.473] [SEVERE ] updating countdown to 8000
[18:32:45.697] [SEVERE ] key 65 was pressed by player 1
[18:32:45.944] [SEVERE ] key 65 was pressed by player 1
[18:32:46.218] [SEVERE ] key 65 was pressed by player 1
[18:32:46.469] [SEVERE ] key 65 was pressed by player 1
[18:32:46.477] [SEVERE ] updating countdown to 7000
[18:32:46.636] [SEVERE ] key 65 was pressed by player 1
[18:32:46.979] [SEVERE ] key 65 was pressed by player 1
[18:32:47.146] [SEVERE ] key 65 was pressed by player 1
[18:32:47.288] [SEVERE ] key 65 was pressed by player 1
[18:32:47.480] [SEVERE ] updating countdown to 6000
[18:32:48.491] [SEVERE ] updating countdown to 5000
