[20:14:12.482] [INFO   ] thread main starting.
[20:14:12.507] [SEVERE ] cannot read configuration file config.properties trying from resources.
[20:14:12.513] [SEVERE ] configuration file was loaded from resources directory.
[20:14:13.338] [INFO   ] thread dealer starting.
[20:14:13.343] [INFO   ] thread player 0 starting.
[20:14:13.351] [INFO   ] thread player 1 starting.
[20:14:13.351] [INFO   ] thread player 0 starting.
[20:14:13.351] [INFO   ] thread player 1 starting.
[20:14:13.351] [INFO   ] thread dealer starting.
[20:14:13.357] [INFO   ] thread computer-0 starting.
[20:14:13.358] [INFO   ] thread computer-1 starting.
[20:14:13.475] [SEVERE ] placing card 48 in slot 0
[20:14:13.588] [SEVERE ] placing card 38 in slot 1
[20:14:13.699] [SEVERE ] placing card 17 in slot 2
[20:14:13.809] [SEVERE ] placing card 31 in slot 3
[20:14:13.920] [SEVERE ] placing card 41 in slot 4
[20:14:14.032] [SEVERE ] placing card 63 in slot 5
[20:14:14.143] [SEVERE ] placing card 80 in slot 6
[20:14:14.253] [SEVERE ] placing card 71 in slot 7
[20:14:14.363] [SEVERE ] placing card 24 in slot 8
[20:14:14.474] [SEVERE ] placing card 69 in slot 9
[20:14:14.584] [SEVERE ] placing card 5 in slot 10
[20:14:14.695] [SEVERE ] placing card 11 in slot 11
[20:14:15.707] [SEVERE ] updating countdown to 9000
[20:14:15.708] [SEVERE ] player 2 placing token on slot 4
[20:14:15.708] [SEVERE ] player 1 placing token on slot 9
[20:14:15.708] [SEVERE ] player 2 placing token on slot 9
[20:14:15.708] [SEVERE ] player 1 placing token on slot 4
[20:14:15.708] [SEVERE ] player 2 placing token on slot 8
[20:14:15.708] [SEVERE ] player 1 placing token on slot 11
[20:14:15.708] [SEVERE ] setting player 2 freeze to 0
[20:14:15.708] [SEVERE ] removing player 2 token from slot 4
[20:14:15.708] [SEVERE ] setting player 1 freeze to 0
[20:14:15.708] [SEVERE ] player 2 placing token on slot 11
[20:14:15.708] [SEVERE ] removing player 1 token from slot 4
[20:14:15.708] [SEVERE ] player 1 placing token on slot 2
[20:14:15.708] [SEVERE ] setting player 2 freeze to 0
[20:14:15.708] [SEVERE ] removing player 2 token from slot 9
[20:14:15.708] [SEVERE ] player 2 placing token on slot 10
[20:14:15.708] [SEVERE ] setting player 1 freeze to 0
[20:14:15.708] [SEVERE ] removing player 1 token from slot 11
[20:14:15.708] [SEVERE ] setting player 2 freeze to 0
[20:14:15.708] [SEVERE ] player 1 placing token on slot 8
[20:14:15.708] [SEVERE ] removing player 2 token from slot 11
[20:14:15.708] [SEVERE ] player 2 placing token on slot 7
[20:14:15.708] [SEVERE ] setting player 1 freeze to 0
[20:14:15.708] [SEVERE ] removing player 1 token from slot 2
[20:14:15.708] [SEVERE ] player 1 placing token on slot 10
[20:14:15.708] [SEVERE ] setting player 2 freeze to 0
[20:14:15.708] [SEVERE ] removing player 2 token from slot 8
[20:14:15.708] [SEVERE ] player 2 placing token on slot 3
[20:14:15.723] [SEVERE ] setting player 1 freeze to 0
[20:14:15.723] [SEVERE ] removing player 1 token from slot 10
[20:14:15.723] [SEVERE ] player 1 placing token on slot 2
[20:14:15.723] [SEVERE ] setting player 2 freeze to 0
[20:14:15.725] [SEVERE ] removing player 2 token from slot 7
[20:14:15.725] [SEVERE ] player 2 placing token on slot 8
[20:14:15.725] [SEVERE ] setting player 1 freeze to 0
[20:14:15.725] [SEVERE ] removing player 1 token from slot 8
[20:14:15.725] [SEVERE ] player 1 placing token on slot 0
[20:14:15.725] [SEVERE ] setting player 2 freeze to 0
[20:14:15.726] [SEVERE ] removing player 2 token from slot 3
[20:14:15.726] [SEVERE ] player 2 placing token on slot 1
[20:14:15.728] [SEVERE ] setting player 1 freeze to 0
[20:14:15.728] [SEVERE ] removing player 1 token from slot 2
[20:14:15.728] [SEVERE ] setting player 2 freeze to 0
[20:14:15.728] [SEVERE ] removing player 2 token from slot 1
[20:14:15.728] [SEVERE ] player 2 placing token on slot 0
[20:14:15.728] [SEVERE ] removing player 1 token from slot 0
[20:14:15.728] [SEVERE ] player 1 placing token on slot 4
[20:14:15.728] [SEVERE ] player 1 placing token on slot 10
[20:14:15.728] [SEVERE ] setting player 2 freeze to 0
[20:14:15.728] [SEVERE ] removing player 2 token from slot 0
[20:14:15.728] [SEVERE ] player 2 placing token on slot 11
[20:14:15.732] [SEVERE ] setting player 2 freeze to 0
[20:14:15.732] [SEVERE ] removing player 2 token from slot 11
[20:14:15.732] [SEVERE ] setting player 1 freeze to 0
[20:14:15.732] [SEVERE ] player 2 placing token on slot 6
[20:14:15.733] [SEVERE ] removing player 1 token from slot 9
[20:14:15.733] [SEVERE ] player 1 placing token on slot 0
[20:14:15.733] [SEVERE ] setting player 2 freeze to 0
[20:14:15.733] [SEVERE ] removing player 2 token from slot 10
[20:14:15.733] [SEVERE ] setting player 1 freeze to 0
[20:14:15.733] [SEVERE ] player 2 placing token on slot 4
[20:14:15.733] [SEVERE ] removing player 1 token from slot 0
[20:14:15.733] [SEVERE ] removing player 1 token from slot 10
[20:14:15.733] [SEVERE ] player 1 placing token on slot 5
[20:14:15.733] [SEVERE ] setting player 2 freeze to 0
[20:14:15.736] [SEVERE ] player 1 placing token on slot 2
[20:14:15.736] [SEVERE ] removing player 2 token from slot 8
[20:14:15.737] [SEVERE ] player 2 placing token on slot 2
[20:14:15.737] [SEVERE ] setting player 1 freeze to 0
[20:14:15.737] [SEVERE ] removing player 1 token from slot 2
[20:14:15.737] [SEVERE ] setting player 2 freeze to 0
[20:14:15.737] [SEVERE ] player 1 placing token on slot 8
[20:14:15.737] [SEVERE ] removing player 2 token from slot 4
[20:14:15.737] [SEVERE ] removing player 2 token from slot 2
[20:14:15.737] [SEVERE ] player 2 placing token on slot 5
[20:14:15.737] [SEVERE ] setting player 1 freeze to 0
[20:14:15.737] [SEVERE ] player 2 placing token on slot 7
[20:14:15.737] [SEVERE ] removing player 1 token from slot 4
[20:14:15.737] [SEVERE ] player 1 placing token on slot 4
[20:14:15.740] [SEVERE ] setting player 2 freeze to 0
[20:14:15.740] [SEVERE ] removing player 2 token from slot 6
[20:14:15.740] [SEVERE ] player 2 placing token on slot 2
[20:14:15.741] [SEVERE ] setting player 1 freeze to 0
[20:14:15.741] [SEVERE ] removing player 1 token from slot 5
[20:14:15.741] [SEVERE ] setting player 2 freeze to 0
[20:14:15.741] [SEVERE ] player 1 placing token on slot 10
[20:14:15.741] [SEVERE ] removing player 2 token from slot 5
[20:14:15.742] [SEVERE ] player 2 placing token on slot 8
[20:14:15.742] [SEVERE ] setting player 1 freeze to 0
[20:14:15.742] [SEVERE ] setting player 2 freeze to 0
[20:14:15.742] [SEVERE ] removing player 1 token from slot 8
[20:14:15.742] [SEVERE ] removing player 2 token from slot 2
[20:14:15.742] [SEVERE ] removing player 1 token from slot 4
[20:14:15.743] [SEVERE ] player 2 placing token on slot 9
[20:14:15.743] [SEVERE ] player 1 placing token on slot 3
[20:14:15.744] [SEVERE ] player 1 placing token on slot 4
[20:14:15.744] [SEVERE ] setting player 2 freeze to 0
[20:14:15.744] [SEVERE ] removing player 2 token from slot 9
[20:14:15.744] [SEVERE ] player 2 placing token on slot 3
[20:14:15.744] [SEVERE ] setting player 1 freeze to 0
[20:14:15.744] [SEVERE ] removing player 1 token from slot 10
[20:14:15.744] [SEVERE ] removing player 1 token from slot 4
[20:14:15.744] [SEVERE ] player 1 placing token on slot 9
[20:14:15.744] [SEVERE ] setting player 2 freeze to 0
[20:14:15.744] [SEVERE ] player 1 placing token on slot 11
[20:14:15.744] [SEVERE ] removing player 2 token from slot 8
[20:14:15.744] [SEVERE ] player 2 placing token on slot 2
[20:14:15.744] [SEVERE ] setting player 1 freeze to 0
[20:14:15.744] [SEVERE ] removing player 1 token from slot 11
[20:14:15.744] [SEVERE ] player 1 placing token on slot 4
[20:14:15.744] [SEVERE ] setting player 2 freeze to 0
[20:14:15.744] [SEVERE ] removing player 2 token from slot 2
[20:14:15.744] [SEVERE ] setting player 1 freeze to 0
[20:14:15.744] [SEVERE ] player 2 placing token on slot 2
[20:14:15.744] [SEVERE ] removing player 1 token from slot 9
[20:14:15.744] [SEVERE ] player 1 placing token on slot 6
[20:14:15.744] [SEVERE ] setting player 2 freeze to 0
[20:14:15.744] [SEVERE ] removing player 2 token from slot 3
[20:14:15.744] [SEVERE ] setting player 1 freeze to 0
[20:14:15.744] [SEVERE ] player 2 placing token on slot 8
[20:14:15.744] [SEVERE ] removing player 1 token from slot 4
[20:14:15.744] [SEVERE ] player 1 placing token on slot 9
[20:14:15.744] [SEVERE ] setting player 2 freeze to 0
[20:14:15.744] [SEVERE ] removing player 2 token from slot 7
[20:14:15.744] [SEVERE ] player 2 placing token on slot 10
[20:14:15.744] [SEVERE ] setting player 1 freeze to 0
[20:14:15.744] [SEVERE ] removing player 1 token from slot 3
[20:14:15.744] [SEVERE ] setting player 2 freeze to 0
[20:14:15.744] [SEVERE ] player 1 placing token on slot 8
[20:14:15.744] [SEVERE ] removing player 2 token from slot 2
[20:14:15.751] [SEVERE ] player 2 placing token on slot 5
[20:14:15.751] [SEVERE ] setting player 1 freeze to 0
[20:14:15.751] [SEVERE ] removing player 1 token from slot 6
[20:14:15.751] [SEVERE ] setting player 2 freeze to 0
[20:14:15.752] [SEVERE ] player 1 placing token on slot 7
[20:14:15.752] [SEVERE ] removing player 2 token from slot 5
[20:14:15.752] [SEVERE ] player 2 placing token on slot 6
[20:14:15.752] [SEVERE ] setting player 1 freeze to 0
[20:14:15.752] [SEVERE ] removing player 1 token from slot 7
[20:14:15.752] [SEVERE ] setting player 2 freeze to 0
[20:14:15.752] [SEVERE ] player 1 placing token on slot 7
[20:14:15.752] [SEVERE ] removing player 2 token from slot 6
[20:14:15.752] [INFO   ] thread computer-1 terminated.
[20:14:15.752] [SEVERE ] player 2 placing token on slot 9
[20:14:15.752] [SEVERE ] setting player 1 freeze to 0
[20:14:15.752] [SEVERE ] removing player 1 token from slot 9
[20:14:15.752] [SEVERE ] setting player 2 freeze to 0
[20:14:15.752] [SEVERE ] removing player 1 token from slot 8
[20:14:15.755] [SEVERE ] removing player 1 token from slot 7
[20:14:15.755] [SEVERE ] player 1 placing token on slot 4
[20:14:15.755] [SEVERE ] player 1 placing token on slot 11
[20:14:15.755] [SEVERE ] player 1 placing token on slot 7
[20:14:15.755] [SEVERE ] removing player 1 token from slot 4
[20:14:15.755] [SEVERE ] removing card from slot 4
[20:14:15.863] [SEVERE ] removing player 1 token from slot 11
[20:14:15.863] [SEVERE ] removing card from slot 11
[20:14:15.974] [SEVERE ] removing player 1 token from slot 7
[20:14:15.974] [SEVERE ] removing card from slot 7
[20:14:16.195] [SEVERE ] placing card 19 in slot 4
[20:14:16.306] [SEVERE ] placing card 65 in slot 7
[20:14:16.416] [SEVERE ] placing card 70 in slot 11
[20:14:16.416] [SEVERE ] updating countdown to 9000
[20:14:16.416] [SEVERE ] updating countdown to 8000
[20:14:16.416] [SEVERE ] setting player 1 score to 1
[20:14:16.416] [SEVERE ] setting player 1 freeze to 0
[20:14:16.416] [SEVERE ] setting player 1 freeze to 0
[20:14:16.416] [SEVERE ] player 1 placing token on slot 2
[20:14:16.416] [SEVERE ] player 1 placing token on slot 0
[20:14:16.416] [SEVERE ] player 1 placing token on slot 4
[20:14:16.416] [SEVERE ] setting player 1 freeze to 0
[20:14:16.416] [SEVERE ] removing player 1 token from slot 2
[20:14:16.416] [SEVERE ] player 1 placing token on slot 11
[20:14:16.416] [SEVERE ] setting player 1 freeze to 0
[20:14:16.416] [SEVERE ] removing player 1 token from slot 4
[20:14:16.416] [SEVERE ] player 1 placing token on slot 3
[20:14:16.416] [SEVERE ] setting player 1 freeze to 0
[20:14:16.416] [SEVERE ] removing player 1 token from slot 0
[20:14:16.416] [SEVERE ] player 1 placing token on slot 5
[20:14:16.416] [SEVERE ] setting player 1 freeze to 0
[20:14:16.416] [SEVERE ] removing player 1 token from slot 11
[20:14:16.416] [SEVERE ] player 1 placing token on slot 1
[20:14:16.416] [SEVERE ] setting player 1 freeze to 0
[20:14:16.416] [SEVERE ] removing player 1 token from slot 5
[20:14:16.416] [SEVERE ] player 1 placing token on slot 5
[20:14:16.416] [SEVERE ] setting player 1 freeze to 0
[20:14:16.416] [SEVERE ] removing player 1 token from slot 3
[20:14:16.416] [SEVERE ] player 1 placing token on slot 2
[20:14:16.416] [SEVERE ] setting player 1 freeze to 0
[20:14:16.416] [SEVERE ] removing player 1 token from slot 2
[20:14:16.416] [SEVERE ] removing player 1 token from slot 5
[20:14:16.416] [SEVERE ] player 1 placing token on slot 8
[20:14:16.416] [SEVERE ] player 1 placing token on slot 3
[20:14:16.416] [SEVERE ] setting player 1 freeze to 0
[20:14:16.416] [SEVERE ] removing player 1 token from slot 1
[20:14:16.416] [SEVERE ] player 1 placing token on slot 6
[20:14:16.416] [SEVERE ] setting player 1 freeze to 0
[20:14:16.416] [SEVERE ] removing player 1 token from slot 6
[20:14:16.416] [SEVERE ] player 1 placing token on slot 4
[20:14:16.416] [SEVERE ] setting player 1 freeze to 0
[20:14:16.416] [SEVERE ] removing player 1 token from slot 8
[20:14:16.416] [SEVERE ] player 1 placing token on slot 9
[20:14:16.416] [SEVERE ] setting player 1 freeze to 0
[20:14:16.416] [SEVERE ] removing player 1 token from slot 4
[20:14:16.416] [SEVERE ] player 1 placing token on slot 1
[20:14:16.416] [SEVERE ] setting player 1 freeze to 0
[20:14:16.416] [SEVERE ] removing player 1 token from slot 3
[20:14:16.432] [SEVERE ] player 1 placing token on slot 5
[20:14:16.432] [SEVERE ] setting player 1 freeze to 0
[20:14:16.432] [SEVERE ] removing player 1 token from slot 9
[20:14:16.432] [SEVERE ] player 1 placing token on slot 9
[20:14:16.432] [SEVERE ] setting player 1 freeze to 0
[20:14:16.432] [SEVERE ] removing player 1 token from slot 9
[20:14:16.432] [SEVERE ] player 1 placing token on slot 11
[20:14:16.432] [SEVERE ] setting player 1 freeze to 0
[20:14:16.432] [SEVERE ] removing player 1 token from slot 1
[20:14:16.432] [SEVERE ] player 1 placing token on slot 9
[20:14:16.432] [SEVERE ] setting player 1 freeze to 0
[20:14:16.432] [SEVERE ] removing player 1 token from slot 5
[20:14:16.432] [SEVERE ] player 1 placing token on slot 4
[20:14:16.432] [SEVERE ] setting player 1 freeze to 0
[20:14:16.432] [SEVERE ] removing player 1 token from slot 9
[20:14:16.432] [SEVERE ] player 1 placing token on slot 6
[20:14:16.432] [SEVERE ] setting player 1 freeze to 0
[20:14:16.432] [SEVERE ] removing player 1 token from slot 6
[20:14:16.432] [SEVERE ] player 1 placing token on slot 0
[20:14:16.432] [SEVERE ] setting player 1 freeze to 0
[20:14:16.432] [SEVERE ] removing player 1 token from slot 0
[20:14:16.432] [SEVERE ] player 1 placing token on slot 9
[20:14:16.432] [SEVERE ] setting player 1 freeze to 0
[20:14:16.432] [SEVERE ] removing player 1 token from slot 11
[20:14:16.432] [SEVERE ] player 1 placing token on slot 5
[20:14:16.432] [SEVERE ] setting player 1 freeze to 0
[20:14:16.432] [SEVERE ] removing player 1 token from slot 9
[20:14:16.432] [SEVERE ] player 1 placing token on slot 10
[20:14:16.432] [SEVERE ] setting player 1 freeze to 0
[20:14:16.432] [SEVERE ] removing player 1 token from slot 4
[20:14:16.432] [SEVERE ] removing player 1 token from slot 10
[20:14:16.432] [SEVERE ] player 1 placing token on slot 2
[20:14:16.432] [SEVERE ] player 1 placing token on slot 4
[20:14:16.432] [SEVERE ] setting player 1 freeze to 0
[20:14:16.432] [SEVERE ] removing player 1 token from slot 4
[20:14:16.432] [SEVERE ] player 1 placing token on slot 4
[20:14:16.432] [SEVERE ] setting player 1 freeze to 0
[20:14:16.432] [SEVERE ] removing player 1 token from slot 4
[20:14:16.432] [SEVERE ] player 1 placing token on slot 6
[20:14:16.432] [SEVERE ] setting player 1 freeze to 0
[20:14:16.432] [SEVERE ] removing player 1 token from slot 6
[20:14:16.432] [SEVERE ] player 1 placing token on slot 10
[20:14:16.432] [SEVERE ] setting player 1 freeze to 0
[20:14:16.432] [SEVERE ] removing player 1 token from slot 2
[20:14:16.432] [SEVERE ] player 1 placing token on slot 9
[20:14:16.448] [SEVERE ] setting player 1 freeze to 0
[20:14:16.448] [SEVERE ] removing player 1 token from slot 5
[20:14:16.448] [SEVERE ] removing player 1 token from slot 9
[20:14:16.448] [SEVERE ] player 1 placing token on slot 5
[20:14:16.448] [SEVERE ] player 1 placing token on slot 2
[20:14:16.448] [SEVERE ] setting player 1 freeze to 0
[20:14:16.448] [SEVERE ] removing player 1 token from slot 5
[20:14:16.448] [SEVERE ] player 1 placing token on slot 4
[20:14:16.448] [SEVERE ] setting player 1 freeze to 0
[20:14:16.448] [SEVERE ] removing player 1 token from slot 10
[20:14:16.448] [SEVERE ] player 1 placing token on slot 7
[20:14:16.452] [SEVERE ] setting player 1 freeze to 0
[20:14:16.452] [SEVERE ] removing player 1 token from slot 7
[20:14:16.452] [SEVERE ] player 1 placing token on slot 0
[20:14:16.453] [SEVERE ] setting player 1 freeze to 0
[20:14:16.453] [SEVERE ] removing player 1 token from slot 4
[20:14:16.453] [SEVERE ] removing player 1 token from slot 2
[20:14:16.453] [SEVERE ] player 1 placing token on slot 1
[20:14:16.453] [SEVERE ] player 1 placing token on slot 2
[20:14:16.453] [SEVERE ] setting player 1 freeze to 0
[20:14:16.453] [SEVERE ] removing player 1 token from slot 1
[20:14:16.453] [SEVERE ] player 1 placing token on slot 6
[20:14:16.453] [SEVERE ] setting player 1 freeze to 0
[20:14:16.453] [SEVERE ] removing player 1 token from slot 6
[20:14:16.453] [SEVERE ] player 1 placing token on slot 6
[20:14:16.456] [SEVERE ] setting player 1 freeze to 0
[20:14:16.456] [SEVERE ] removing player 1 token from slot 0
[20:14:16.458] [SEVERE ] player 1 placing token on slot 4
[20:14:16.459] [SEVERE ] setting player 1 freeze to 0
[20:14:16.459] [SEVERE ] removing player 1 token from slot 4
[20:14:16.459] [SEVERE ] player 1 placing token on slot 11
[20:14:16.465] [SEVERE ] setting player 1 freeze to 0
[20:14:16.465] [SEVERE ] removing player 1 token from slot 6
[20:14:16.465] [SEVERE ] player 1 placing token on slot 1
[20:14:16.465] [SEVERE ] setting player 1 freeze to 0
[20:14:16.465] [SEVERE ] removing player 1 token from slot 11
[20:14:16.465] [SEVERE ] player 1 placing token on slot 0
[20:14:16.465] [SEVERE ] setting player 1 freeze to 0
[20:14:16.465] [SEVERE ] removing player 1 token from slot 0
[20:14:16.465] [SEVERE ] removing player 1 token from slot 2
[20:14:16.465] [SEVERE ] player 1 placing token on slot 2
[20:14:16.465] [SEVERE ] player 1 placing token on slot 4
[20:14:16.465] [SEVERE ] setting player 1 freeze to 0
[20:14:16.472] [SEVERE ] removing player 1 token from slot 4
[20:14:16.472] [SEVERE ] player 1 placing token on slot 4
[20:14:16.473] [SEVERE ] setting player 1 freeze to 0
[20:14:16.473] [SEVERE ] removing player 1 token from slot 4
[20:14:16.474] [SEVERE ] player 1 placing token on slot 4
[20:14:16.475] [SEVERE ] setting player 1 freeze to 0
[20:14:16.475] [SEVERE ] removing player 1 token from slot 1
[20:14:16.475] [SEVERE ] player 1 placing token on slot 5
[20:14:16.475] [SEVERE ] setting player 1 freeze to 0
[20:14:16.475] [SEVERE ] removing player 1 token from slot 5
[20:14:16.475] [SEVERE ] player 1 placing token on slot 0
[20:14:16.475] [SEVERE ] setting player 1 freeze to 0
[20:14:16.475] [SEVERE ] removing player 1 token from slot 2
[20:14:16.475] [SEVERE ] player 1 placing token on slot 11
[20:14:16.481] [SEVERE ] setting player 1 freeze to 0
[20:14:16.481] [SEVERE ] removing player 1 token from slot 11
[20:14:16.481] [SEVERE ] player 1 placing token on slot 10
[20:14:16.481] [SEVERE ] setting player 1 freeze to 0
[20:14:16.481] [SEVERE ] removing player 1 token from slot 0
[20:14:16.481] [SEVERE ] player 1 placing token on slot 0
[20:14:16.481] [SEVERE ] setting player 1 freeze to 0
[20:14:16.481] [SEVERE ] removing player 1 token from slot 4
[20:14:16.481] [SEVERE ] player 1 placing token on slot 4
[20:14:16.491] [SEVERE ] setting player 1 freeze to 0
[20:14:16.491] [SEVERE ] removing player 1 token from slot 0
[20:14:16.491] [SEVERE ] removing player 1 token from slot 10
[20:14:16.491] [SEVERE ] player 1 placing token on slot 2
[20:14:16.492] [SEVERE ] player 1 placing token on slot 7
[20:14:16.492] [SEVERE ] setting player 1 freeze to 0
[20:14:16.492] [SEVERE ] removing player 1 token from slot 4
[20:14:16.492] [SEVERE ] player 1 placing token on slot 10
[20:14:16.493] [SEVERE ] setting player 1 freeze to 0
[20:14:16.493] [SEVERE ] removing player 1 token from slot 7
[20:14:16.493] [SEVERE ] player 1 placing token on slot 8
[20:14:16.497] [SEVERE ] setting player 1 freeze to 0
[20:14:16.497] [SEVERE ] removing player 1 token from slot 10
[20:14:16.497] [SEVERE ] player 1 placing token on slot 3
[20:14:16.497] [SEVERE ] setting player 1 freeze to 0
[20:14:16.497] [SEVERE ] removing player 1 token from slot 3
[20:14:16.497] [SEVERE ] player 1 placing token on slot 11
[20:14:16.497] [SEVERE ] setting player 1 freeze to 0
[20:14:16.497] [SEVERE ] removing player 1 token from slot 2
[20:14:16.497] [SEVERE ] removing player 1 token from slot 11
[20:14:16.497] [SEVERE ] removing player 1 token from slot 8
[20:14:16.497] [SEVERE ] player 1 placing token on slot 8
[20:14:16.497] [SEVERE ] player 1 placing token on slot 3
[20:14:16.497] [SEVERE ] player 1 placing token on slot 9
[20:14:16.497] [SEVERE ] setting player 1 freeze to 0
[20:14:16.497] [SEVERE ] removing player 1 token from slot 3
[20:14:16.497] [SEVERE ] player 1 placing token on slot 7
[20:14:16.504] [SEVERE ] setting player 1 freeze to 0
[20:14:16.504] [SEVERE ] removing player 1 token from slot 9
[20:14:16.505] [SEVERE ] player 1 placing token on slot 6
[20:14:16.506] [SEVERE ] setting player 1 freeze to 0
[20:14:16.506] [SEVERE ] removing player 1 token from slot 6
[20:14:16.506] [SEVERE ] removing player 1 token from slot 7
[20:14:16.506] [SEVERE ] player 1 placing token on slot 1
[20:14:16.506] [SEVERE ] player 1 placing token on slot 4
[20:14:16.506] [SEVERE ] setting player 1 freeze to 0
[20:14:16.506] [SEVERE ] removing player 1 token from slot 8
[20:14:16.506] [SEVERE ] player 1 placing token on slot 10
[20:14:16.509] [SEVERE ] setting player 1 freeze to 0
[20:14:16.509] [SEVERE ] removing player 1 token from slot 4
[20:14:16.509] [SEVERE ] removing player 1 token from slot 10
[20:14:16.509] [SEVERE ] removing player 1 token from slot 1
[20:14:16.509] [SEVERE ] player 1 placing token on slot 3
[20:14:16.509] [SEVERE ] player 1 placing token on slot 9
[20:14:16.509] [SEVERE ] player 1 placing token on slot 4
[20:14:16.514] [SEVERE ] setting player 1 freeze to 0
[20:14:16.514] [SEVERE ] removing player 1 token from slot 9
[20:14:16.514] [SEVERE ] player 1 placing token on slot 2
[20:14:16.514] [SEVERE ] setting player 1 freeze to 0
[20:14:16.514] [SEVERE ] removing player 1 token from slot 4
[20:14:16.514] [SEVERE ] player 1 placing token on slot 10
[20:14:16.514] [SEVERE ] setting player 1 freeze to 0
[20:14:16.514] [SEVERE ] removing player 1 token from slot 10
[20:14:16.514] [SEVERE ] player 1 placing token on slot 8
[20:14:16.514] [SEVERE ] setting player 1 freeze to 0
[20:14:16.514] [SEVERE ] removing player 1 token from slot 3
[20:14:16.514] [SEVERE ] player 1 placing token on slot 3
[20:14:16.514] [SEVERE ] setting player 1 freeze to 0
[20:14:16.514] [SEVERE ] removing player 1 token from slot 3
[20:14:16.514] [SEVERE ] removing player 1 token from slot 8
[20:14:16.514] [SEVERE ] player 1 placing token on slot 7
[20:14:16.514] [SEVERE ] removing player 1 token from slot 2
[20:14:16.514] [SEVERE ] player 1 placing token on slot 0
[20:14:16.514] [SEVERE ] player 1 placing token on slot 6
[20:14:16.514] [SEVERE ] setting player 1 freeze to 0
[20:14:16.514] [SEVERE ] removing player 1 token from slot 6
[20:14:16.514] [SEVERE ] player 1 placing token on slot 3
[20:14:16.524] [SEVERE ] setting player 1 freeze to 0
[20:14:16.524] [SEVERE ] removing player 1 token from slot 3
[20:14:16.524] [SEVERE ] player 1 placing token on slot 11
[20:14:16.524] [SEVERE ] setting player 1 freeze to 0
[20:14:16.524] [SEVERE ] removing player 1 token from slot 0
[20:14:16.524] [SEVERE ] removing player 1 token from slot 7
[20:14:16.524] [SEVERE ] player 1 placing token on slot 7
[20:14:16.524] [SEVERE ] player 1 placing token on slot 10
[20:14:16.524] [SEVERE ] setting player 1 freeze to 0
[20:14:16.524] [SEVERE ] removing player 1 token from slot 11
[20:14:16.524] [SEVERE ] player 1 placing token on slot 11
[20:14:16.524] [SEVERE ] setting player 1 freeze to 0
[20:14:16.524] [SEVERE ] removing player 1 token from slot 10
[20:14:16.524] [SEVERE ] removing player 1 token from slot 11
[20:14:16.524] [SEVERE ] player 1 placing token on slot 6
[20:14:16.524] [SEVERE ] player 1 placing token on slot 2
[20:14:16.531] [SEVERE ] setting player 1 freeze to 0
[20:14:16.531] [SEVERE ] removing player 1 token from slot 7
[20:14:16.531] [SEVERE ] removing player 1 token from slot 2
[20:14:16.531] [SEVERE ] player 1 placing token on slot 5
[20:14:16.531] [SEVERE ] player 1 placing token on slot 9
[20:14:16.534] [SEVERE ] setting player 1 freeze to 0
[20:14:16.534] [SEVERE ] removing player 1 token from slot 6
[20:14:16.534] [SEVERE ] player 1 placing token on slot 4
[20:14:16.534] [SEVERE ] setting player 1 freeze to 0
[20:14:16.534] [SEVERE ] removing player 1 token from slot 4
[20:14:16.534] [SEVERE ] player 1 placing token on slot 7
[20:14:16.534] [SEVERE ] setting player 1 freeze to 0
[20:14:16.534] [SEVERE ] removing player 1 token from slot 5
[20:14:16.534] [SEVERE ] player 1 placing token on slot 8
[20:14:16.539] [SEVERE ] setting player 1 freeze to 0
[20:14:16.539] [SEVERE ] removing player 1 token from slot 9
[20:14:16.539] [SEVERE ] removing player 1 token from slot 7
[20:14:16.539] [SEVERE ] player 1 placing token on slot 5
[20:14:16.539] [SEVERE ] player 1 placing token on slot 10
[20:14:16.539] [SEVERE ] setting player 1 freeze to 0
[20:14:16.539] [SEVERE ] removing player 1 token from slot 10
[20:14:16.541] [SEVERE ] player 1 placing token on slot 11
[20:14:16.541] [SEVERE ] setting player 1 freeze to 0
[20:14:16.541] [SEVERE ] removing player 1 token from slot 8
[20:14:16.541] [SEVERE ] removing player 1 token from slot 5
[20:14:16.541] [SEVERE ] player 1 placing token on slot 2
[20:14:16.541] [SEVERE ] player 1 placing token on slot 4
[20:14:16.541] [SEVERE ] setting player 1 freeze to 0
[20:14:16.541] [SEVERE ] removing player 1 token from slot 2
[20:14:16.541] [SEVERE ] player 1 placing token on slot 8
[20:14:16.541] [SEVERE ] setting player 1 freeze to 0
[20:14:16.541] [SEVERE ] removing player 1 token from slot 8
[20:14:16.541] [SEVERE ] removing player 1 token from slot 11
[20:14:16.541] [SEVERE ] player 1 placing token on slot 10
[20:14:16.541] [SEVERE ] player 1 placing token on slot 1
[20:14:16.544] [SEVERE ] setting player 1 freeze to 0
[20:14:16.544] [SEVERE ] removing player 1 token from slot 1
[20:14:16.544] [SEVERE ] player 1 placing token on slot 1
[20:14:16.547] [SEVERE ] setting player 1 freeze to 0
[20:14:16.547] [SEVERE ] removing player 1 token from slot 4
[20:14:16.547] [SEVERE ] player 1 placing token on slot 2
[20:14:16.547] [SEVERE ] setting player 1 freeze to 0
[20:14:16.547] [SEVERE ] removing player 1 token from slot 1
[20:14:16.547] [SEVERE ] player 1 placing token on slot 7
[20:14:16.547] [SEVERE ] setting player 1 freeze to 0
[20:14:16.547] [SEVERE ] removing player 1 token from slot 7
[20:14:16.547] [SEVERE ] player 1 placing token on slot 8
[20:14:16.547] [SEVERE ] setting player 1 freeze to 0
[20:14:16.547] [SEVERE ] removing player 1 token from slot 2
[20:14:16.547] [SEVERE ] removing player 1 token from slot 10
[20:14:16.547] [SEVERE ] player 1 placing token on slot 4
[20:14:16.547] [SEVERE ] player 1 placing token on slot 6
[20:14:16.547] [SEVERE ] setting player 1 freeze to 0
[20:14:16.547] [SEVERE ] removing player 1 token from slot 6
[20:14:16.547] [SEVERE ] player 1 placing token on slot 0
[20:14:16.547] [SEVERE ] setting player 1 freeze to 0
[20:14:16.547] [SEVERE ] removing player 1 token from slot 0
[20:14:16.547] [SEVERE ] player 1 placing token on slot 9
[20:14:16.547] [SEVERE ] setting player 1 freeze to 0
[20:14:16.560] [SEVERE ] removing player 1 token from slot 9
[20:14:16.560] [SEVERE ] player 1 placing token on slot 2
[20:14:16.568] [SEVERE ] setting player 1 freeze to 0
[20:14:16.568] [SEVERE ] removing player 1 token from slot 4
[20:14:16.573] [SEVERE ] player 1 placing token on slot 6
[20:14:16.573] [SEVERE ] setting player 1 freeze to 0
[20:14:16.573] [SEVERE ] removing player 1 token from slot 8
[20:14:16.573] [SEVERE ] player 1 placing token on slot 0
[20:14:16.573] [SEVERE ] setting player 1 freeze to 0
[20:14:16.573] [SEVERE ] removing player 1 token from slot 2
[20:14:16.573] [SEVERE ] player 1 placing token on slot 10
[20:14:16.577] [SEVERE ] setting player 1 freeze to 0
[20:14:16.577] [SEVERE ] removing player 1 token from slot 10
[20:14:16.577] [SEVERE ] player 1 placing token on slot 5
[20:14:16.577] [SEVERE ] setting player 1 freeze to 0
[20:14:16.577] [SEVERE ] removing player 1 token from slot 5
[20:14:16.577] [SEVERE ] player 1 placing token on slot 1
[20:14:16.577] [SEVERE ] setting player 1 freeze to 0
[20:14:16.577] [SEVERE ] removing player 1 token from slot 0
[20:14:16.577] [SEVERE ] player 1 placing token on slot 5
[20:14:16.577] [SEVERE ] setting player 1 freeze to 0
[20:14:16.577] [SEVERE ] removing player 1 token from slot 5
[20:14:16.577] [SEVERE ] player 1 placing token on slot 9
[20:14:16.577] [SEVERE ] setting player 1 freeze to 0
[20:14:16.577] [SEVERE ] removing player 1 token from slot 1
[20:14:16.577] [SEVERE ] player 1 placing token on slot 5
[20:14:16.577] [SEVERE ] setting player 1 freeze to 0
[20:14:16.577] [SEVERE ] removing player 1 token from slot 6
[20:14:16.577] [SEVERE ] removing player 1 token from slot 9
[20:14:16.577] [SEVERE ] player 1 placing token on slot 11
[20:14:16.585] [SEVERE ] removing player 1 token from slot 5
[20:14:16.585] [SEVERE ] player 1 placing token on slot 9
[20:14:16.585] [SEVERE ] player 1 placing token on slot 6
[20:14:16.585] [SEVERE ] setting player 1 freeze to 0
[20:14:16.585] [SEVERE ] removing player 1 token from slot 6
[20:14:16.585] [SEVERE ] removing player 1 token from slot 11
[20:14:16.585] [SEVERE ] player 1 placing token on slot 1
[20:14:16.585] [SEVERE ] player 1 placing token on slot 6
[20:14:16.585] [SEVERE ] setting player 1 freeze to 0
[20:14:16.585] [SEVERE ] removing player 1 token from slot 1
[20:14:16.585] [SEVERE ] player 1 placing token on slot 4
[20:14:16.585] [SEVERE ] setting player 1 freeze to 0
[20:14:16.585] [SEVERE ] removing player 1 token from slot 4
[20:14:16.585] [SEVERE ] player 1 placing token on slot 4
[20:14:16.585] [SEVERE ] setting player 1 freeze to 0
[20:14:16.585] [SEVERE ] removing player 1 token from slot 9
[20:14:16.585] [SEVERE ] player 1 placing token on slot 3
[20:14:16.585] [SEVERE ] setting player 1 freeze to 0
[20:14:16.585] [SEVERE ] removing player 1 token from slot 4
[20:14:16.585] [SEVERE ] player 1 placing token on slot 1
[20:14:16.585] [SEVERE ] setting player 1 freeze to 0
[20:14:16.585] [SEVERE ] removing player 1 token from slot 1
[20:14:16.585] [SEVERE ] player 1 placing token on slot 7
[20:14:16.585] [SEVERE ] setting player 1 freeze to 0
[20:14:16.585] [SEVERE ] removing player 1 token from slot 7
[20:14:16.585] [SEVERE ] player 1 placing token on slot 4
[20:14:16.585] [SEVERE ] setting player 1 freeze to 0
[20:14:16.593] [SEVERE ] removing player 1 token from slot 3
[20:14:16.593] [SEVERE ] player 1 placing token on slot 8
[20:14:16.597] [SEVERE ] setting player 1 freeze to 0
[20:14:16.597] [SEVERE ] removing player 1 token from slot 8
[20:14:16.597] [SEVERE ] player 1 placing token on slot 0
[20:14:16.597] [SEVERE ] removing player 1 token from slot 6
[20:14:16.597] [SEVERE ] removing card from slot 6
[20:14:16.703] [SEVERE ] removing player 1 token from slot 4
[20:14:16.703] [SEVERE ] removing card from slot 4
[20:14:16.816] [SEVERE ] removing player 1 token from slot 0
[20:14:16.816] [SEVERE ] removing card from slot 0
[20:14:17.037] [SEVERE ] placing card 15 in slot 0
[20:14:17.148] [SEVERE ] placing card 42 in slot 4
[20:14:17.258] [SEVERE ] placing card 56 in slot 6
[20:14:17.258] [SEVERE ] updating countdown to 9000
[20:14:17.258] [SEVERE ] updating countdown to 8000
[20:14:17.258] [SEVERE ] setting player 1 score to 2
[20:14:17.258] [SEVERE ] setting player 1 freeze to 0
[20:14:17.258] [SEVERE ] setting player 1 freeze to 0
[20:14:17.258] [SEVERE ] player 1 placing token on slot 11
[20:14:17.258] [SEVERE ] player 1 placing token on slot 0
[20:14:17.258] [SEVERE ] removing player 1 token from slot 0
[20:14:17.258] [SEVERE ] player 1 placing token on slot 1
[20:14:17.258] [SEVERE ] player 1 placing token on slot 0
[20:14:17.258] [SEVERE ] setting player 1 freeze to 0
[20:14:17.258] [SEVERE ] removing player 1 token from slot 11
[20:14:17.258] [SEVERE ] player 1 placing token on slot 5
[20:14:17.258] [SEVERE ] setting player 1 freeze to 0
[20:14:17.258] [SEVERE ] removing player 1 token from slot 1
[20:14:17.258] [SEVERE ] player 1 placing token on slot 1
[20:14:17.258] [SEVERE ] setting player 1 freeze to 0
[20:14:17.258] [SEVERE ] removing player 1 token from slot 1
[20:14:17.258] [SEVERE ] player 1 placing token on slot 11
[20:14:17.258] [SEVERE ] setting player 1 freeze to 0
[20:14:17.258] [SEVERE ] removing player 1 token from slot 0
[20:14:17.258] [SEVERE ] player 1 placing token on slot 1
[20:14:17.258] [SEVERE ] setting player 1 freeze to 0
[20:14:17.258] [SEVERE ] removing player 1 token from slot 11
[20:14:17.258] [SEVERE ] player 1 placing token on slot 2
[20:14:17.258] [SEVERE ] setting player 1 freeze to 0
[20:14:17.258] [SEVERE ] removing player 1 token from slot 5
[20:14:17.258] [SEVERE ] player 1 placing token on slot 4
[20:14:17.258] [SEVERE ] setting player 1 freeze to 0
[20:14:17.258] [SEVERE ] removing player 1 token from slot 2
[20:14:17.258] [SEVERE ] player 1 placing token on slot 2
[20:14:17.265] [SEVERE ] setting player 1 freeze to 0
[20:14:17.266] [SEVERE ] removing player 1 token from slot 2
[20:14:17.266] [SEVERE ] removing player 1 token from slot 1
[20:14:17.266] [SEVERE ] removing player 1 token from slot 4
[20:14:17.266] [SEVERE ] player 1 placing token on slot 6
[20:14:17.266] [SEVERE ] player 1 placing token on slot 9
[20:14:17.266] [SEVERE ] removing player 1 token from slot 6
[20:14:17.266] [SEVERE ] player 1 placing token on slot 4
[20:14:17.266] [SEVERE ] player 1 placing token on slot 3
[20:14:17.267] [SEVERE ] setting player 1 freeze to 0
[20:14:17.267] [SEVERE ] removing player 1 token from slot 9
[20:14:17.267] [SEVERE ] removing player 1 token from slot 4
[20:14:17.267] [SEVERE ] removing player 1 token from slot 3
[20:14:17.267] [SEVERE ] player 1 placing token on slot 10
[20:14:17.267] [SEVERE ] player 1 placing token on slot 2
[20:14:17.267] [SEVERE ] player 1 placing token on slot 11
[20:14:17.268] [SEVERE ] setting player 1 freeze to 0
[20:14:17.268] [SEVERE ] removing player 1 token from slot 10
[20:14:17.268] [SEVERE ] player 1 placing token on slot 8
[20:14:17.268] [SEVERE ] setting player 1 freeze to 0
[20:14:17.268] [SEVERE ] removing player 1 token from slot 2
[20:14:17.268] [SEVERE ] player 1 placing token on slot 1
[20:14:17.268] [SEVERE ] setting player 1 freeze to 0
[20:14:17.268] [SEVERE ] removing player 1 token from slot 8
[20:14:17.268] [SEVERE ] player 1 placing token on slot 5
[20:14:17.268] [SEVERE ] setting player 1 freeze to 0
[20:14:17.268] [SEVERE ] removing player 1 token from slot 1
[20:14:17.268] [SEVERE ] player 1 placing token on slot 7
[20:14:17.273] [SEVERE ] setting player 1 freeze to 0
[20:14:17.273] [SEVERE ] removing player 1 token from slot 7
[20:14:17.274] [SEVERE ] player 1 placing token on slot 2
[20:14:17.274] [SEVERE ] setting player 1 freeze to 0
[20:14:17.277] [SEVERE ] removing player 1 token from slot 2
[20:14:17.277] [SEVERE ] player 1 placing token on slot 4
[20:14:17.279] [SEVERE ] setting player 1 freeze to 0
[20:14:17.279] [SEVERE ] removing player 1 token from slot 11
[20:14:17.279] [SEVERE ] player 1 placing token on slot 11
[20:14:17.285] [SEVERE ] setting player 1 freeze to 0
[20:14:17.285] [SEVERE ] removing player 1 token from slot 5
[20:14:17.285] [SEVERE ] player 1 placing token on slot 0
[20:14:17.293] [SEVERE ] setting player 1 freeze to 0
[20:14:17.293] [SEVERE ] removing player 1 token from slot 4
[20:14:17.293] [SEVERE ] removing player 1 token from slot 0
[20:14:17.293] [SEVERE ] player 1 placing token on slot 3
[20:14:17.293] [SEVERE ] player 1 placing token on slot 8
[20:14:17.295] [SEVERE ] setting player 1 freeze to 0
[20:14:17.295] [SEVERE ] removing player 1 token from slot 8
[20:14:17.295] [SEVERE ] player 1 placing token on slot 5
[20:14:17.299] [SEVERE ] setting player 1 freeze to 0
[20:14:17.299] [SEVERE ] removing player 1 token from slot 5
[20:14:17.299] [SEVERE ] player 1 placing token on slot 6
[20:14:17.302] [SEVERE ] setting player 1 freeze to 0
[20:14:17.302] [SEVERE ] removing player 1 token from slot 11
[20:14:17.302] [SEVERE ] player 1 placing token on slot 9
[20:14:17.303] [SEVERE ] setting player 1 freeze to 0
[20:14:17.303] [SEVERE ] removing player 1 token from slot 3
[20:14:17.303] [SEVERE ] player 1 placing token on slot 3
[20:14:17.303] [SEVERE ] setting player 1 freeze to 0
[20:14:17.303] [SEVERE ] removing player 1 token from slot 3
[20:14:17.303] [SEVERE ] removing player 1 token from slot 6
[20:14:17.303] [SEVERE ] player 1 placing token on slot 2
[20:14:17.303] [SEVERE ] player 1 placing token on slot 0
[20:14:17.306] [SEVERE ] setting player 1 freeze to 0
[20:14:17.307] [SEVERE ] removing player 1 token from slot 9
[20:14:17.307] [SEVERE ] player 1 placing token on slot 11
[20:14:17.307] [SEVERE ] setting player 1 freeze to 0
[20:14:17.307] [SEVERE ] removing player 1 token from slot 2
[20:14:17.307] [SEVERE ] player 1 placing token on slot 10
[20:14:17.307] [SEVERE ] setting player 1 freeze to 0
[20:14:17.307] [SEVERE ] removing player 1 token from slot 10
[20:14:17.307] [SEVERE ] player 1 placing token on slot 10
[20:14:17.310] [SEVERE ] setting player 1 freeze to 0
[20:14:17.310] [SEVERE ] removing player 1 token from slot 11
[20:14:17.310] [SEVERE ] removing player 1 token from slot 10
[20:14:17.310] [SEVERE ] player 1 placing token on slot 2
[20:14:17.310] [SEVERE ] player 1 placing token on slot 10
[20:14:17.311] [SEVERE ] setting player 1 freeze to 0
[20:14:17.311] [SEVERE ] removing player 1 token from slot 2
[20:14:17.311] [SEVERE ] player 1 placing token on slot 9
[20:14:17.311] [SEVERE ] setting player 1 freeze to 0
[20:14:17.311] [SEVERE ] removing player 1 token from slot 0
[20:14:17.311] [SEVERE ] player 1 placing token on slot 7
[20:14:17.311] [SEVERE ] setting player 1 freeze to 0
[20:14:17.311] [SEVERE ] removing player 1 token from slot 7
[20:14:17.311] [SEVERE ] player 1 placing token on slot 11
[20:14:17.311] [SEVERE ] setting player 1 freeze to 0
[20:14:17.311] [SEVERE ] removing player 1 token from slot 10
[20:14:17.311] [SEVERE ] removing player 1 token from slot 9
[20:14:17.311] [SEVERE ] removing player 1 token from slot 11
[20:14:17.311] [SEVERE ] player 1 placing token on slot 4
[20:14:17.311] [SEVERE ] player 1 placing token on slot 3
[20:14:17.311] [SEVERE ] player 1 placing token on slot 1
[20:14:17.311] [SEVERE ] setting player 1 freeze to 0
[20:14:17.311] [SEVERE ] removing player 1 token from slot 1
[20:14:17.311] [SEVERE ] removing player 1 token from slot 4
[20:14:17.311] [SEVERE ] player 1 placing token on slot 10
[20:14:17.311] [SEVERE ] player 1 placing token on slot 8
[20:14:17.311] [SEVERE ] setting player 1 freeze to 0
[20:14:17.311] [SEVERE ] removing player 1 token from slot 3
[20:14:17.311] [SEVERE ] removing player 1 token from slot 10
[20:14:17.311] [SEVERE ] player 1 placing token on slot 10
[20:14:17.311] [SEVERE ] player 1 placing token on slot 3
[20:14:17.318] [SEVERE ] setting player 1 freeze to 0
[20:14:17.318] [SEVERE ] removing player 1 token from slot 3
[20:14:17.319] [SEVERE ] removing player 1 token from slot 8
[20:14:17.319] [SEVERE ] player 1 placing token on slot 1
[20:14:17.319] [SEVERE ] player 1 placing token on slot 3
[20:14:17.319] [SEVERE ] setting player 1 freeze to 0
[20:14:17.320] [SEVERE ] removing player 1 token from slot 1
[20:14:17.320] [SEVERE ] player 1 placing token on slot 7
[20:14:17.320] [SEVERE ] setting player 1 freeze to 0
[20:14:17.320] [SEVERE ] removing player 1 token from slot 7
[20:14:17.320] [SEVERE ] player 1 placing token on slot 7
[20:14:17.320] [SEVERE ] setting player 1 freeze to 0
[20:14:17.320] [SEVERE ] removing player 1 token from slot 10
[20:14:17.320] [SEVERE ] player 1 placing token on slot 6
[20:14:17.320] [SEVERE ] setting player 1 freeze to 0
[20:14:17.320] [SEVERE ] removing player 1 token from slot 3
[20:14:17.320] [SEVERE ] player 1 placing token on slot 11
[20:14:17.320] [SEVERE ] setting player 1 freeze to 0
[20:14:17.320] [SEVERE ] removing player 1 token from slot 7
[20:14:17.320] [SEVERE ] player 1 placing token on slot 1
[20:14:17.324] [SEVERE ] setting player 1 freeze to 0
[20:14:17.324] [SEVERE ] removing player 1 token from slot 1
[20:14:17.324] [SEVERE ] player 1 placing token on slot 8
[20:14:17.326] [SEVERE ] setting player 1 freeze to 0
[20:14:17.326] [SEVERE ] removing player 1 token from slot 8
[20:14:17.326] [SEVERE ] player 1 placing token on slot 10
[20:14:17.328] [SEVERE ] setting player 1 freeze to 0
[20:14:17.328] [SEVERE ] removing player 1 token from slot 11
[20:14:17.328] [SEVERE ] player 1 placing token on slot 2
[20:14:17.328] [SEVERE ] setting player 1 freeze to 0
[20:14:17.328] [SEVERE ] removing player 1 token from slot 10
[20:14:17.328] [SEVERE ] player 1 placing token on slot 8
[20:14:17.328] [SEVERE ] setting player 1 freeze to 0
[20:14:17.328] [SEVERE ] removing player 1 token from slot 6
[20:14:17.328] [SEVERE ] player 1 placing token on slot 7
[20:14:17.332] [SEVERE ] setting player 1 freeze to 0
[20:14:17.332] [SEVERE ] removing player 1 token from slot 8
[20:14:17.332] [SEVERE ] player 1 placing token on slot 6
[20:14:17.332] [SEVERE ] setting player 1 freeze to 0
[20:14:17.332] [SEVERE ] removing player 1 token from slot 6
[20:14:17.332] [SEVERE ] player 1 placing token on slot 5
[20:14:17.332] [SEVERE ] setting player 1 freeze to 0
[20:14:17.332] [SEVERE ] removing player 1 token from slot 7
[20:14:17.332] [SEVERE ] removing player 1 token from slot 2
[20:14:17.332] [SEVERE ] player 1 placing token on slot 10
[20:14:17.332] [SEVERE ] player 1 placing token on slot 2
[20:14:17.332] [SEVERE ] setting player 1 freeze to 0
[20:14:17.332] [SEVERE ] removing player 1 token from slot 10
[20:14:17.332] [SEVERE ] player 1 placing token on slot 9
[20:14:17.335] [SEVERE ] setting player 1 freeze to 0
[20:14:17.335] [SEVERE ] removing player 1 token from slot 5
[20:14:17.335] [SEVERE ] player 1 placing token on slot 4
[20:14:17.335] [SEVERE ] setting player 1 freeze to 0
[20:14:17.335] [SEVERE ] removing player 1 token from slot 2
[20:14:17.335] [SEVERE ] player 1 placing token on slot 3
[20:14:17.336] [SEVERE ] setting player 1 freeze to 0
[20:14:17.337] [SEVERE ] removing player 1 token from slot 4
[20:14:17.337] [SEVERE ] player 1 placing token on slot 6
[20:14:17.337] [SEVERE ] setting player 1 freeze to 0
[20:14:17.337] [SEVERE ] removing player 1 token from slot 6
[20:14:17.337] [SEVERE ] player 1 placing token on slot 11
[20:14:17.337] [SEVERE ] setting player 1 freeze to 0
[20:14:17.337] [SEVERE ] removing player 1 token from slot 9
[20:14:17.337] [SEVERE ] player 1 placing token on slot 5
[20:14:17.337] [SEVERE ] setting player 1 freeze to 0
[20:14:17.337] [SEVERE ] removing player 1 token from slot 11
[20:14:17.337] [SEVERE ] player 1 placing token on slot 2
[20:14:17.337] [SEVERE ] setting player 1 freeze to 0
[20:14:17.337] [SEVERE ] removing player 1 token from slot 2
[20:14:17.337] [SEVERE ] player 1 placing token on slot 1
[20:14:17.337] [SEVERE ] setting player 1 freeze to 0
[20:14:17.337] [SEVERE ] removing player 1 token from slot 3
[20:14:17.337] [SEVERE ] player 1 placing token on slot 9
[20:14:17.337] [SEVERE ] setting player 1 freeze to 0
[20:14:17.337] [SEVERE ] removing player 1 token from slot 5
[20:14:17.337] [SEVERE ] player 1 placing token on slot 10
[20:14:17.337] [SEVERE ] setting player 1 freeze to 0
[20:14:17.337] [SEVERE ] removing player 1 token from slot 10
[20:14:17.337] [SEVERE ] removing player 1 token from slot 9
[20:14:17.337] [SEVERE ] player 1 placing token on slot 6
[20:14:17.337] [SEVERE ] player 1 placing token on slot 0
[20:14:17.343] [SEVERE ] setting player 1 freeze to 0
[20:14:17.343] [SEVERE ] removing player 1 token from slot 0
[20:14:17.343] [SEVERE ] removing player 1 token from slot 6
[20:14:17.343] [SEVERE ] player 1 placing token on slot 6
[20:14:17.343] [SEVERE ] player 1 placing token on slot 0
[20:14:17.343] [SEVERE ] setting player 1 freeze to 0
[20:14:17.343] [SEVERE ] removing player 1 token from slot 6
[20:14:17.343] [SEVERE ] player 1 placing token on slot 2
[20:14:17.350] [SEVERE ] setting player 1 freeze to 0
[20:14:17.350] [SEVERE ] removing player 1 token from slot 2
[20:14:17.350] [SEVERE ] player 1 placing token on slot 7
[20:14:17.352] [SEVERE ] setting player 1 freeze to 0
[20:14:17.352] [SEVERE ] removing player 1 token from slot 0
[20:14:17.352] [SEVERE ] player 1 placing token on slot 5
[20:14:17.352] [SEVERE ] setting player 1 freeze to 0
[20:14:17.352] [SEVERE ] removing player 1 token from slot 5
[20:14:17.352] [SEVERE ] player 1 placing token on slot 6
[20:14:17.352] [SEVERE ] setting player 1 freeze to 0
[20:14:17.352] [SEVERE ] removing player 1 token from slot 1
[20:14:17.352] [SEVERE ] removing player 1 token from slot 7
[20:14:17.352] [SEVERE ] player 1 placing token on slot 0
[20:14:17.352] [SEVERE ] player 1 placing token on slot 1
[20:14:17.352] [SEVERE ] setting player 1 freeze to 0
[20:14:17.352] [SEVERE ] removing player 1 token from slot 6
[20:14:17.352] [SEVERE ] player 1 placing token on slot 5
[20:14:17.356] [SEVERE ] setting player 1 freeze to 0
[20:14:17.356] [SEVERE ] removing player 1 token from slot 0
[20:14:17.356] [SEVERE ] player 1 placing token on slot 4
[20:14:17.356] [SEVERE ] setting player 1 freeze to 0
[20:14:17.356] [SEVERE ] removing player 1 token from slot 5
[20:14:17.356] [SEVERE ] player 1 placing token on slot 3
[20:14:17.356] [SEVERE ] setting player 1 freeze to 0
[20:14:17.356] [SEVERE ] removing player 1 token from slot 1
[20:14:17.358] [SEVERE ] player 1 placing token on slot 0
[20:14:17.358] [SEVERE ] setting player 1 freeze to 0
[20:14:17.358] [SEVERE ] removing player 1 token from slot 3
[20:14:17.358] [SEVERE ] player 1 placing token on slot 11
[20:14:17.358] [SEVERE ] setting player 1 freeze to 0
[20:14:17.358] [SEVERE ] removing player 1 token from slot 11
[20:14:17.358] [SEVERE ] player 1 placing token on slot 9
[20:14:17.362] [SEVERE ] removing player 1 token from slot 4
[20:14:17.362] [SEVERE ] removing card from slot 4
[20:14:17.473] [SEVERE ] removing player 1 token from slot 0
[20:14:17.473] [SEVERE ] removing card from slot 0
[20:14:17.577] [SEVERE ] removing player 1 token from slot 9
[20:14:17.577] [SEVERE ] removing player 2 token from slot 9
[20:14:17.577] [SEVERE ] removing card from slot 9
[20:14:17.800] [SEVERE ] placing card 2 in slot 0
[20:14:17.911] [SEVERE ] placing card 7 in slot 4
[20:14:18.022] [SEVERE ] placing card 35 in slot 9
[20:14:18.022] [SEVERE ] updating countdown to 9000
[20:14:18.023] [SEVERE ] updating countdown to 8000
[20:14:18.023] [SEVERE ] setting player 1 score to 3
[20:14:18.023] [SEVERE ] setting player 1 freeze to 0
[20:14:18.023] [SEVERE ] setting player 1 freeze to 0
[20:14:18.023] [SEVERE ] player 1 placing token on slot 9
[20:14:18.023] [SEVERE ] player 1 placing token on slot 2
[20:14:18.023] [SEVERE ] player 1 placing token on slot 3
[20:14:18.023] [SEVERE ] setting player 1 freeze to 0
[20:14:18.023] [SEVERE ] removing player 1 token from slot 2
[20:14:18.023] [SEVERE ] player 1 placing token on slot 6
[20:14:18.023] [SEVERE ] setting player 1 freeze to 0
[20:14:18.023] [SEVERE ] removing player 1 token from slot 9
[20:14:18.023] [SEVERE ] player 1 placing token on slot 10
[20:14:18.023] [SEVERE ] setting player 1 freeze to 0
[20:14:18.023] [SEVERE ] removing player 1 token from slot 10
[20:14:18.023] [SEVERE ] player 1 placing token on slot 7
[20:14:18.023] [SEVERE ] setting player 1 freeze to 0
[20:14:18.023] [SEVERE ] removing player 1 token from slot 7
[20:14:18.023] [SEVERE ] player 1 placing token on slot 9
[20:14:18.029] [SEVERE ] setting player 1 freeze to 0
[20:14:18.029] [SEVERE ] removing player 1 token from slot 6
[20:14:18.029] [SEVERE ] player 1 placing token on slot 7
[20:14:18.030] [SEVERE ] setting player 1 freeze to 0
[20:14:18.030] [SEVERE ] removing player 1 token from slot 9
[20:14:18.030] [SEVERE ] player 1 placing token on slot 10
[20:14:18.030] [SEVERE ] setting player 1 freeze to 0
[20:14:18.031] [SEVERE ] removing player 1 token from slot 10
[20:14:18.031] [SEVERE ] player 1 placing token on slot 1
[20:14:18.031] [SEVERE ] setting player 1 freeze to 0
[20:14:18.031] [SEVERE ] removing player 1 token from slot 1
[20:14:18.031] [SEVERE ] player 1 placing token on slot 2
[20:14:18.031] [SEVERE ] setting player 1 freeze to 0
[20:14:18.031] [SEVERE ] removing player 1 token from slot 3
[20:14:18.031] [SEVERE ] player 1 placing token on slot 3
[20:14:18.031] [SEVERE ] setting player 1 freeze to 0
[20:14:18.031] [SEVERE ] removing player 1 token from slot 7
[20:14:18.031] [SEVERE ] player 1 placing token on slot 5
[20:14:18.031] [SEVERE ] setting player 1 freeze to 0
[20:14:18.031] [SEVERE ] removing player 1 token from slot 3
[20:14:18.031] [SEVERE ] player 1 placing token on slot 6
[20:14:18.031] [SEVERE ] setting player 1 freeze to 0
[20:14:18.031] [SEVERE ] removing player 1 token from slot 5
[20:14:18.031] [SEVERE ] player 1 placing token on slot 7
[20:14:18.035] [SEVERE ] setting player 1 freeze to 0
[20:14:18.035] [SEVERE ] removing player 1 token from slot 7
[20:14:18.035] [SEVERE ] removing player 1 token from slot 2
[20:14:18.035] [SEVERE ] player 1 placing token on slot 1
[20:14:18.035] [SEVERE ] removing player 1 token from slot 1
[20:14:18.035] [SEVERE ] player 1 placing token on slot 10
[20:14:18.035] [SEVERE ] removing player 1 token from slot 10
[20:14:18.035] [SEVERE ] player 1 placing token on slot 7
[20:14:18.035] [SEVERE ] player 1 placing token on slot 11
[20:14:18.035] [SEVERE ] setting player 1 freeze to 0
[20:14:18.035] [SEVERE ] removing player 1 token from slot 6
[20:14:18.035] [SEVERE ] player 1 placing token on slot 0
[20:14:18.035] [SEVERE ] setting player 1 freeze to 0
[20:14:18.035] [SEVERE ] removing player 1 token from slot 0
[20:14:18.035] [SEVERE ] player 1 placing token on slot 2
[20:14:18.035] [SEVERE ] setting player 1 freeze to 0
[20:14:18.035] [SEVERE ] removing player 1 token from slot 2
[20:14:18.035] [SEVERE ] player 1 placing token on slot 3
[20:14:18.035] [SEVERE ] setting player 1 freeze to 0
[20:14:18.035] [SEVERE ] removing player 1 token from slot 7
[20:14:18.035] [SEVERE ] player 1 placing token on slot 0
[20:14:18.035] [SEVERE ] setting player 1 freeze to 0
[20:14:18.035] [SEVERE ] removing player 1 token from slot 11
[20:14:18.035] [SEVERE ] player 1 placing token on slot 9
[20:14:18.035] [SEVERE ] setting player 1 freeze to 0
[20:14:18.035] [SEVERE ] removing player 1 token from slot 3
[20:14:18.035] [SEVERE ] player 1 placing token on slot 7
[20:14:18.035] [SEVERE ] setting player 1 freeze to 0
[20:14:18.035] [SEVERE ] removing player 1 token from slot 0
[20:14:18.035] [SEVERE ] player 1 placing token on slot 8
[20:14:18.041] [SEVERE ] setting player 1 freeze to 0
[20:14:18.041] [SEVERE ] removing player 1 token from slot 7
[20:14:18.041] [SEVERE ] player 1 placing token on slot 10
[20:14:18.041] [SEVERE ] setting player 1 freeze to 0
[20:14:18.041] [SEVERE ] removing player 1 token from slot 8
[20:14:18.041] [SEVERE ] player 1 placing token on slot 6
[20:14:18.041] [SEVERE ] removing player 1 token from slot 9
[20:14:18.041] [SEVERE ] removing card from slot 9
[20:14:18.141] [SEVERE ] removing player 1 token from slot 10
[20:14:18.141] [SEVERE ] removing player 2 token from slot 10
[20:14:18.141] [SEVERE ] removing card from slot 10
[20:14:18.243] [SEVERE ] removing player 1 token from slot 6
[20:14:18.243] [SEVERE ] removing card from slot 6
[20:14:18.457] [SEVERE ] placing card 30 in slot 6
[20:14:18.567] [SEVERE ] placing card 4 in slot 9
[20:14:18.678] [SEVERE ] placing card 45 in slot 10
[20:14:18.678] [SEVERE ] updating countdown to 9000
[20:14:18.678] [SEVERE ] updating countdown to 8000
[20:14:18.678] [SEVERE ] setting player 1 score to 4
[20:14:18.678] [SEVERE ] setting player 1 freeze to 0
[20:14:18.678] [SEVERE ] setting player 1 freeze to 0
[20:14:18.678] [SEVERE ] player 1 placing token on slot 2
[20:14:18.678] [SEVERE ] player 1 placing token on slot 7
[20:14:18.678] [SEVERE ] player 1 placing token on slot 5
[20:14:18.678] [SEVERE ] setting player 1 freeze to 0
[20:14:18.678] [SEVERE ] removing player 1 token from slot 2
[20:14:18.678] [SEVERE ] player 1 placing token on slot 4
[20:14:18.678] [SEVERE ] setting player 1 freeze to 0
[20:14:18.678] [SEVERE ] removing player 1 token from slot 5
[20:14:18.678] [SEVERE ] player 1 placing token on slot 1
[20:14:18.678] [SEVERE ] setting player 1 freeze to 0
[20:14:18.678] [SEVERE ] removing player 1 token from slot 7
[20:14:18.678] [SEVERE ] player 1 placing token on slot 2
[20:14:18.678] [SEVERE ] setting player 1 freeze to 0
[20:14:18.678] [SEVERE ] removing player 1 token from slot 1
[20:14:18.678] [SEVERE ] player 1 placing token on slot 8
[20:14:18.678] [SEVERE ] removing player 1 token from slot 4
[20:14:18.678] [SEVERE ] removing card from slot 4
[20:14:18.792] [SEVERE ] removing player 1 token from slot 2
[20:14:18.792] [SEVERE ] removing card from slot 2
[20:14:18.896] [SEVERE ] removing player 1 token from slot 8
[20:14:18.896] [SEVERE ] removing player 2 token from slot 8
[20:14:18.896] [SEVERE ] removing card from slot 8
[20:14:19.119] [SEVERE ] placing card 67 in slot 2
[20:14:19.230] [SEVERE ] placing card 77 in slot 4
[20:14:19.341] [SEVERE ] placing card 74 in slot 8
[20:14:19.342] [SEVERE ] updating countdown to 9000
[20:14:19.342] [SEVERE ] updating countdown to 8000
[20:14:19.342] [SEVERE ] setting player 1 score to 5
[20:14:19.342] [SEVERE ] setting player 1 freeze to 0
[20:14:19.342] [SEVERE ] setting player 1 freeze to 0
[20:14:19.343] [SEVERE ] player 1 placing token on slot 0
[20:14:19.343] [SEVERE ] player 1 placing token on slot 6
[20:14:19.343] [SEVERE ] player 1 placing token on slot 10
[20:14:19.343] [SEVERE ] setting player 1 freeze to 0
[20:14:19.343] [SEVERE ] removing player 1 token from slot 10
[20:14:19.343] [SEVERE ] player 1 placing token on slot 2
[20:14:19.343] [SEVERE ] setting player 1 freeze to 0
[20:14:19.343] [SEVERE ] removing player 1 token from slot 0
[20:14:19.343] [SEVERE ] player 1 placing token on slot 7
[20:14:19.343] [SEVERE ] setting player 1 freeze to 0
[20:14:19.343] [SEVERE ] removing player 1 token from slot 7
[20:14:19.343] [SEVERE ] player 1 placing token on slot 9
[20:14:19.343] [SEVERE ] setting player 1 freeze to 0
[20:14:19.343] [SEVERE ] removing player 1 token from slot 9
[20:14:19.343] [SEVERE ] removing player 1 token from slot 2
[20:14:19.343] [SEVERE ] player 1 placing token on slot 1
[20:14:19.343] [SEVERE ] player 1 placing token on slot 5
[20:14:19.343] [SEVERE ] setting player 1 freeze to 0
[20:14:19.343] [SEVERE ] removing player 1 token from slot 5
[20:14:19.343] [SEVERE ] removing player 1 token from slot 1
[20:14:19.343] [SEVERE ] player 1 placing token on slot 3
[20:14:19.348] [SEVERE ] player 1 placing token on slot 10
[20:14:19.348] [SEVERE ] setting player 1 freeze to 0
[20:14:19.349] [SEVERE ] removing player 1 token from slot 3
[20:14:19.349] [SEVERE ] removing player 1 token from slot 6
[20:14:19.349] [SEVERE ] player 1 placing token on slot 5
[20:14:19.349] [SEVERE ] player 1 placing token on slot 11
[20:14:19.350] [SEVERE ] setting player 1 freeze to 0
[20:14:19.350] [SEVERE ] removing player 1 token from slot 11
[20:14:19.350] [SEVERE ] player 1 placing token on slot 1
[20:14:19.350] [SEVERE ] setting player 1 freeze to 0
[20:14:19.351] [SEVERE ] removing player 1 token from slot 5
[20:14:19.351] [SEVERE ] removing player 1 token from slot 1
[20:14:19.351] [SEVERE ] player 1 placing token on slot 11
[20:14:19.351] [SEVERE ] player 1 placing token on slot 0
[20:14:19.351] [SEVERE ] setting player 1 freeze to 0
[20:14:19.351] [SEVERE ] removing player 1 token from slot 10
[20:14:19.351] [SEVERE ] player 1 placing token on slot 4
[20:14:19.351] [SEVERE ] setting player 1 freeze to 0
[20:14:19.351] [SEVERE ] removing player 1 token from slot 4
[20:14:19.355] [SEVERE ] player 1 placing token on slot 2
[20:14:19.355] [SEVERE ] setting player 1 freeze to 0
[20:14:19.355] [SEVERE ] removing player 1 token from slot 2
[20:14:19.355] [SEVERE ] player 1 placing token on slot 5
[20:14:19.357] [SEVERE ] setting player 1 freeze to 0
[20:14:19.357] [SEVERE ] removing player 1 token from slot 11
[20:14:19.357] [SEVERE ] player 1 placing token on slot 1
[20:14:19.358] [SEVERE ] setting player 1 freeze to 0
[20:14:19.358] [SEVERE ] removing player 1 token from slot 5
[20:14:19.358] [SEVERE ] removing player 1 token from slot 0
[20:14:19.358] [SEVERE ] player 1 placing token on slot 6
[20:14:19.358] [SEVERE ] player 1 placing token on slot 4
[20:14:19.358] [SEVERE ] setting player 1 freeze to 0
[20:14:19.358] [SEVERE ] removing player 1 token from slot 4
[20:14:19.358] [SEVERE ] player 1 placing token on slot 5
[20:14:19.359] [SEVERE ] setting player 1 freeze to 0
[20:14:19.360] [SEVERE ] removing player 1 token from slot 1
[20:14:19.360] [SEVERE ] removing player 1 token from slot 5
[20:14:19.360] [SEVERE ] player 1 placing token on slot 2
[20:14:19.360] [SEVERE ] player 1 placing token on slot 8
[20:14:19.361] [SEVERE ] setting player 1 freeze to 0
[20:14:19.361] [SEVERE ] removing player 1 token from slot 2
[20:14:19.361] [SEVERE ] player 1 placing token on slot 9
[20:14:19.361] [SEVERE ] setting player 1 freeze to 0
[20:14:19.362] [SEVERE ] removing player 1 token from slot 8
[20:14:19.362] [SEVERE ] player 1 placing token on slot 5
[20:14:19.362] [SEVERE ] setting player 1 freeze to 0
[20:14:19.362] [SEVERE ] removing player 1 token from slot 6
[20:14:19.362] [SEVERE ] player 1 placing token on slot 8
[20:14:19.362] [SEVERE ] setting player 1 freeze to 0
[20:14:19.362] [SEVERE ] removing player 1 token from slot 5
[20:14:19.362] [SEVERE ] removing player 1 token from slot 9
[20:14:19.362] [SEVERE ] player 1 placing token on slot 4
[20:14:19.362] [SEVERE ] removing player 1 token from slot 4
[20:14:19.362] [SEVERE ] player 1 placing token on slot 4
[20:14:19.362] [SEVERE ] player 1 placing token on slot 0
[20:14:19.362] [SEVERE ] setting player 1 freeze to 0
[20:14:19.362] [SEVERE ] removing player 1 token from slot 4
[20:14:19.362] [SEVERE ] player 1 placing token on slot 7
[20:14:19.362] [SEVERE ] setting player 1 freeze to 0
[20:14:19.362] [SEVERE ] removing player 1 token from slot 8
[20:14:19.362] [SEVERE ] player 1 placing token on slot 3
[20:14:19.362] [SEVERE ] setting player 1 freeze to 0
[20:14:19.366] [SEVERE ] removing player 1 token from slot 7
[20:14:19.366] [SEVERE ] player 1 placing token on slot 10
[20:14:19.366] [SEVERE ] setting player 1 freeze to 0
[20:14:19.366] [SEVERE ] removing player 1 token from slot 10
[20:14:19.366] [SEVERE ] player 1 placing token on slot 10
[20:14:19.366] [SEVERE ] setting player 1 freeze to 0
[20:14:19.366] [SEVERE ] removing player 1 token from slot 10
[20:14:19.366] [SEVERE ] player 1 placing token on slot 2
[20:14:19.366] [SEVERE ] setting player 1 freeze to 0
[20:14:19.368] [SEVERE ] removing player 1 token from slot 0
[20:14:19.368] [SEVERE ] player 1 placing token on slot 1
[20:14:19.369] [SEVERE ] setting player 1 freeze to 0
[20:14:19.369] [SEVERE ] removing player 1 token from slot 3
[20:14:19.369] [SEVERE ] player 1 placing token on slot 7
[20:14:19.369] [SEVERE ] setting player 1 freeze to 0
[20:14:19.369] [SEVERE ] removing player 1 token from slot 7
[20:14:19.369] [SEVERE ] player 1 placing token on slot 8
[20:14:19.369] [SEVERE ] setting player 1 freeze to 0
[20:14:19.370] [SEVERE ] removing player 1 token from slot 8
[20:14:19.370] [SEVERE ] player 1 placing token on slot 7
[20:14:19.371] [SEVERE ] setting player 1 freeze to 0
[20:14:19.371] [SEVERE ] removing player 1 token from slot 2
[20:14:19.371] [SEVERE ] player 1 placing token on slot 11
[20:14:19.371] [SEVERE ] setting player 1 freeze to 0
[20:14:19.371] [SEVERE ] removing player 1 token from slot 11
[20:14:19.371] [SEVERE ] player 1 placing token on slot 3
[20:14:19.374] [SEVERE ] setting player 1 freeze to 0
[20:14:19.374] [SEVERE ] removing player 1 token from slot 7
[20:14:19.374] [SEVERE ] player 1 placing token on slot 9
[20:14:19.374] [SEVERE ] setting player 1 freeze to 0
[20:14:19.374] [SEVERE ] removing player 1 token from slot 1
[20:14:19.374] [SEVERE ] player 1 placing token on slot 10
[20:14:19.374] [SEVERE ] setting player 1 freeze to 0
[20:14:19.377] [SEVERE ] removing player 1 token from slot 3
[20:14:19.377] [SEVERE ] player 1 placing token on slot 0
[20:14:19.377] [SEVERE ] setting player 1 freeze to 0
[20:14:19.377] [SEVERE ] removing player 1 token from slot 9
[20:14:19.377] [SEVERE ] player 1 placing token on slot 8
[20:14:19.378] [SEVERE ] setting player 1 freeze to 0
[20:14:19.378] [SEVERE ] removing player 1 token from slot 10
[20:14:19.378] [SEVERE ] player 1 placing token on slot 2
[20:14:19.378] [SEVERE ] setting player 1 freeze to 0
[20:14:19.378] [SEVERE ] removing player 1 token from slot 8
[20:14:19.378] [SEVERE ] player 1 placing token on slot 9
[20:14:19.378] [SEVERE ] setting player 1 freeze to 0
[20:14:19.378] [SEVERE ] removing player 1 token from slot 2
[20:14:19.378] [SEVERE ] player 1 placing token on slot 2
[20:14:19.378] [SEVERE ] setting player 1 freeze to 0
[20:14:19.378] [SEVERE ] removing player 1 token from slot 2
[20:14:19.378] [SEVERE ] player 1 placing token on slot 8
[20:14:19.381] [SEVERE ] setting player 1 freeze to 0
[20:14:19.381] [SEVERE ] removing player 1 token from slot 8
[20:14:19.382] [SEVERE ] player 1 placing token on slot 8
[20:14:19.382] [SEVERE ] setting player 1 freeze to 0
[20:14:19.382] [SEVERE ] removing player 1 token from slot 9
[20:14:19.382] [SEVERE ] player 1 placing token on slot 1
[20:14:19.382] [SEVERE ] removing player 1 token from slot 0
[20:14:19.382] [SEVERE ] removing card from slot 0
[20:14:19.485] [SEVERE ] removing player 1 token from slot 8
[20:14:19.485] [SEVERE ] removing card from slot 8
[20:14:19.596] [SEVERE ] removing player 1 token from slot 1
[20:14:19.596] [SEVERE ] removing card from slot 1
[20:14:19.818] [SEVERE ] placing card 44 in slot 0
[20:14:19.929] [SEVERE ] placing card 18 in slot 1
[20:14:20.040] [SEVERE ] placing card 21 in slot 8
[20:14:20.040] [SEVERE ] updating countdown to 9000
[20:14:20.040] [SEVERE ] updating countdown to 8000
[20:14:20.040] [SEVERE ] setting player 1 score to 6
[20:14:20.040] [SEVERE ] setting player 1 freeze to 0
[20:14:20.040] [SEVERE ] setting player 1 freeze to 0
[20:14:20.040] [SEVERE ] player 1 placing token on slot 8
[20:14:20.040] [SEVERE ] player 1 placing token on slot 11
[20:14:20.040] [SEVERE ] player 1 placing token on slot 10
[20:14:20.040] [SEVERE ] setting player 1 freeze to 0
[20:14:20.040] [SEVERE ] removing player 1 token from slot 10
[20:14:20.040] [SEVERE ] removing player 1 token from slot 8
[20:14:20.040] [SEVERE ] player 1 placing token on slot 10
[20:14:20.040] [SEVERE ] player 1 placing token on slot 0
[20:14:20.040] [SEVERE ] setting player 1 freeze to 0
[20:14:20.040] [SEVERE ] removing player 1 token from slot 11
[20:14:20.040] [SEVERE ] player 1 placing token on slot 9
[20:14:20.040] [SEVERE ] setting player 1 freeze to 0
[20:14:20.040] [SEVERE ] removing player 1 token from slot 0
[20:14:20.040] [SEVERE ] player 1 placing token on slot 8
[20:14:20.047] [SEVERE ] setting player 1 freeze to 0
[20:14:20.047] [SEVERE ] removing player 1 token from slot 9
[20:14:20.047] [SEVERE ] removing player 1 token from slot 10
[20:14:20.047] [SEVERE ] player 1 placing token on slot 5
[20:14:20.047] [SEVERE ] player 1 placing token on slot 2
[20:14:20.047] [SEVERE ] setting player 1 freeze to 0
[20:14:20.047] [SEVERE ] removing player 1 token from slot 8
[20:14:20.047] [SEVERE ] player 1 placing token on slot 4
[20:14:20.047] [SEVERE ] setting player 1 freeze to 0
[20:14:20.047] [SEVERE ] removing player 1 token from slot 4
[20:14:20.047] [SEVERE ] player 1 placing token on slot 10
[20:14:20.052] [SEVERE ] setting player 1 freeze to 0
[20:14:20.053] [SEVERE ] removing player 1 token from slot 10
[20:14:20.053] [SEVERE ] player 1 placing token on slot 4
[20:14:20.053] [SEVERE ] setting player 1 freeze to 0
[20:14:20.055] [SEVERE ] removing player 1 token from slot 4
[20:14:20.055] [SEVERE ] player 1 placing token on slot 6
[20:14:20.056] [SEVERE ] setting player 1 freeze to 0
[20:14:20.056] [SEVERE ] removing player 1 token from slot 6
[20:14:20.056] [SEVERE ] player 1 placing token on slot 6
[20:14:20.056] [SEVERE ] setting player 1 freeze to 0
[20:14:20.056] [SEVERE ] removing player 1 token from slot 5
[20:14:20.056] [SEVERE ] player 1 placing token on slot 3
[20:14:20.056] [SEVERE ] setting player 1 freeze to 0
[20:14:20.056] [SEVERE ] removing player 1 token from slot 6
[20:14:20.056] [SEVERE ] player 1 placing token on slot 7
[20:14:20.058] [SEVERE ] setting player 1 freeze to 0
[20:14:20.058] [SEVERE ] removing player 1 token from slot 2
[20:14:20.058] [SEVERE ] player 1 placing token on slot 4
[20:14:20.059] [SEVERE ] setting player 1 freeze to 0
[20:14:20.059] [INFO   ] thread computer-0 terminated.
[20:14:21.054] [SEVERE ] updating countdown to 7000
[20:14:22.066] [SEVERE ] updating countdown to 6000
[20:14:23.080] [SEVERE ] updating countdown to 5000
[20:14:24.663] [SEVERE ] updating countdown to 4000
[20:14:26.248] [SEVERE ] updating countdown to 3000
[20:14:27.831] [SEVERE ] updating countdown to 2000
[20:14:29.414] [SEVERE ] updating countdown to 1000
[20:14:31.000] [SEVERE ] updating countdown to 0
[20:14:31.000] [SEVERE ] updating countdown to 9000
[20:14:31.000] [SEVERE ] removing player 1 token from slot 3
[20:14:31.000] [SEVERE ] removing player 1 token from slot 7
[20:14:31.000] [SEVERE ] removing player 1 token from slot 4
[20:14:31.000] [SEVERE ] removing card from slot 0
[20:14:31.111] [SEVERE ] removing card from slot 1
[20:14:31.222] [SEVERE ] removing card from slot 2
[20:14:31.331] [SEVERE ] removing card from slot 3
[20:14:31.442] [SEVERE ] removing card from slot 4
[20:14:31.554] [SEVERE ] removing card from slot 5
[20:14:31.664] [SEVERE ] removing card from slot 6
[20:14:31.776] [SEVERE ] removing card from slot 7
[20:14:31.886] [SEVERE ] removing card from slot 8
[20:14:31.997] [SEVERE ] removing card from slot 9
[20:14:32.108] [SEVERE ] removing card from slot 10
[20:14:32.220] [SEVERE ] removing card from slot 11
[20:14:32.441] [SEVERE ] placing card 60 in slot 0
[20:14:32.551] [SEVERE ] placing card 50 in slot 1
[20:14:32.662] [SEVERE ] placing card 31 in slot 2
[20:14:32.773] [SEVERE ] placing card 23 in slot 3
[20:14:32.885] [SEVERE ] placing card 75 in slot 4
[20:14:32.996] [SEVERE ] placing card 36 in slot 5
[20:14:33.106] [SEVERE ] placing card 63 in slot 6
[20:14:33.217] [SEVERE ] placing card 18 in slot 7
[20:14:33.327] [SEVERE ] placing card 61 in slot 8
[20:14:33.439] [SEVERE ] placing card 57 in slot 9
[20:14:33.550] [SEVERE ] placing card 22 in slot 10
[20:14:33.661] [SEVERE ] placing card 62 in slot 11
[20:14:34.675] [SEVERE ] updating countdown to 8000
[20:14:35.691] [SEVERE ] updating countdown to 7000
[20:14:36.703] [SEVERE ] updating countdown to 6000
[20:14:37.716] [SEVERE ] updating countdown to 5000
[20:14:39.300] [SEVERE ] updating countdown to 4000
[20:14:40.906] [SEVERE ] updating countdown to 3000
[20:14:42.131] [SEVERE ] exit button pressed
[20:14:42.569] [SEVERE ] updating countdown to 2000
[20:14:44.255] [SEVERE ] updating countdown to 1000
[20:14:45.891] [SEVERE ] updating countdown to 0
[20:14:45.891] [SEVERE ] updating countdown to 9000
[20:14:45.891] [SEVERE ] removing card from slot 0
[20:14:46.003] [SEVERE ] removing card from slot 1
[20:14:46.110] [SEVERE ] removing card from slot 2
[20:14:46.213] [SEVERE ] removing card from slot 3
[20:14:46.324] [SEVERE ] removing card from slot 4
[20:14:46.429] [SEVERE ] removing card from slot 5
[20:14:46.529] [SEVERE ] removing card from slot 6
[20:14:46.629] [SEVERE ] removing card from slot 7
[20:14:46.745] [SEVERE ] removing card from slot 8
[20:14:46.856] [SEVERE ] removing card from slot 9
[20:14:46.956] [SEVERE ] removing card from slot 10
[20:14:47.059] [SEVERE ] removing card from slot 11
[20:14:47.287] [SEVERE ] placing card 58 in slot 0
[20:14:47.389] [SEVERE ] placing card 67 in slot 1
[20:14:47.505] [SEVERE ] placing card 4 in slot 2
[20:14:47.616] [SEVERE ] placing card 65 in slot 3
[20:14:47.727] [SEVERE ] placing card 44 in slot 4
[20:14:47.835] [SEVERE ] placing card 13 in slot 5
[20:14:47.940] [SEVERE ] placing card 32 in slot 6
[20:14:48.053] [SEVERE ] placing card 10 in slot 7
[20:14:48.164] [SEVERE ] placing card 3 in slot 8
