[13:28:25.998] [INFO   ] thread bguspl.set.Main.main() starting.
[13:28:26.003] [SEVERE ] cannot read configuration file config.properties trying from resources.
[13:28:26.003] [SEVERE ] configuration file was loaded from resources directory.
[13:28:26.529] [INFO   ] thread dealer starting.
[13:28:26.530] [INFO   ] thread player 0 starting.
[13:28:26.531] [INFO   ] thread player 1 starting.
[13:28:26.533] [INFO   ] thread dealer starting.
[13:28:26.548] [INFO   ] thread player 0 starting.
[13:28:26.548] [INFO   ] thread player 1 starting.
[13:28:26.658] [SEVERE ] placing card 20 in slot 0
[13:28:26.768] [SEVERE ] placing card 12 in slot 1
[13:28:26.877] [SEVERE ] placing card 3 in slot 2
[13:28:26.986] [SEVERE ] placing card 56 in slot 3
[13:28:27.094] [SEVERE ] placing card 33 in slot 4
[13:28:27.203] [SEVERE ] placing card 42 in slot 5
[13:28:27.312] [SEVERE ] placing card 61 in slot 6
[13:28:27.422] [SEVERE ] key 83 was pressed by player 1
[13:28:27.422] [SEVERE ] placing card 55 in slot 7
[13:28:27.438] [SEVERE ] key 79 was pressed by player 2
[13:28:27.529] [SEVERE ] placing card 14 in slot 8
[13:28:27.538] [SEVERE ] key 80 was pressed by player 2
[13:28:27.600] [SEVERE ] key 83 was pressed by player 1
[13:28:27.631] [SEVERE ] key 79 was pressed by player 2
[13:28:27.638] [SEVERE ] placing card 76 in slot 9
[13:28:27.736] [SEVERE ] key 68 was pressed by player 1
[13:28:27.747] [SEVERE ] placing card 40 in slot 10
[13:28:27.814] [SEVERE ] key 76 was pressed by player 2
[13:28:27.857] [SEVERE ] placing card 78 in slot 11
[13:28:27.863] [SEVERE ] key 59 was pressed by player 2
[13:28:28.868] [SEVERE ] updating countdown to 59000
[13:28:29.878] [SEVERE ] updating countdown to 58000
[13:28:30.362] [SEVERE ] exit button pressed
[13:28:30.893] [SEVERE ] updating countdown to 57000
[13:28:30.893] [SEVERE ] updating countdown to 59000
[13:28:30.893] [SEVERE ] removing card from slot 0
[13:28:31.003] [SEVERE ] removing card from slot 1
[13:28:31.112] [SEVERE ] removing card from slot 2
[13:28:31.221] [SEVERE ] removing card from slot 3
[13:28:31.331] [SEVERE ] removing card from slot 4
[13:28:31.440] [SEVERE ] removing card from slot 5
[13:28:31.551] [SEVERE ] removing card from slot 6
[13:28:31.660] [SEVERE ] removing card from slot 7
[13:28:31.771] [SEVERE ] removing card from slot 8
[13:28:31.879] [SEVERE ] removing card from slot 9
[13:28:31.987] [SEVERE ] removing card from slot 10
[13:28:32.095] [SEVERE ] removing card from slot 11
[13:28:32.206] [SEVERE ] announcing winner(s): player 1, player 2
[13:28:32.209] [INFO   ] thread dealer terminated.
[13:28:32.211] [INFO   ] thread dealer terminated.
[13:28:32.211] [SEVERE ] thanks for playing... it was fun!
[13:28:32.212] [INFO   ] thread bguspl.set.Main.main() terminated.
