[18:50:42.849] [INFO   ] thread main starting.
[18:50:42.855] [SEVERE ] cannot read configuration file config.properties trying from resources.
[18:50:42.855] [SEVERE ] configuration file was loaded from resources directory.
[18:50:43.498] [INFO   ] thread dealer starting.
[18:50:43.502] [INFO   ] thread player 0 starting.
[18:50:43.502] [INFO   ] thread player 1 starting.
[18:50:43.504] [INFO   ] thread player 0 starting.
[18:50:43.504] [INFO   ] thread dealer starting.
[18:50:43.504] [INFO   ] thread player 1 starting.
[18:50:43.516] [INFO   ] thread computer-0 starting.
[18:50:43.521] [INFO   ] thread computer-1 starting.
[18:50:43.628] [SEVERE ] placing card 65 in slot 0
[18:50:43.731] [SEVERE ] placing card 36 in slot 1
[18:50:43.846] [SEVERE ] placing card 45 in slot 2
[18:50:43.957] [SEVERE ] placing card 44 in slot 3
[18:50:44.061] [SEVERE ] placing card 3 in slot 4
[18:50:44.162] [SEVERE ] placing card 43 in slot 5
[18:50:44.264] [SEVERE ] placing card 1 in slot 6
[18:50:44.365] [SEVERE ] placing card 19 in slot 7
[18:50:44.476] [SEVERE ] placing card 4 in slot 8
[18:50:44.580] [SEVERE ] placing card 70 in slot 9
[18:50:44.691] [SEVERE ] placing card 12 in slot 10
[18:50:44.795] [SEVERE ] placing card 79 in slot 11
[18:50:45.805] [SEVERE ] updating countdown to 9000
[18:50:46.812] [SEVERE ] updating countdown to 8000
[18:50:47.821] [SEVERE ] updating countdown to 7000
[18:50:48.832] [SEVERE ] updating countdown to 6000
[18:50:49.839] [SEVERE ] updating countdown to 5000
[18:50:51.457] [SEVERE ] updating countdown to 4000
