[18:49:47.578] [INFO   ] thread main starting.
[18:49:47.593] [SEVERE ] cannot read configuration file config.properties trying from resources.
[18:49:47.593] [SEVERE ] configuration file was loaded from resources directory.
[18:49:48.223] [INFO   ] thread dealer starting.
[18:49:48.264] [INFO   ] thread player 0 starting.
[18:49:48.267] [INFO   ] thread player 1 starting.
[18:49:48.272] [INFO   ] thread player 0 starting.
[18:49:48.272] [INFO   ] thread dealer starting.
[18:49:48.275] [INFO   ] thread player 1 starting.
[18:49:48.384] [SEVERE ] placing card 55 in slot 0
[18:49:48.485] [SEVERE ] placing card 11 in slot 1
[18:49:48.588] [SEVERE ] placing card 49 in slot 2
[18:49:48.700] [SEVERE ] placing card 19 in slot 3
[18:49:48.803] [SEVERE ] placing card 14 in slot 4
[18:49:48.906] [SEVERE ] placing card 28 in slot 5
[18:49:49.016] [SEVERE ] placing card 30 in slot 6
[18:49:49.120] [SEVERE ] placing card 78 in slot 7
[18:49:49.230] [SEVERE ] placing card 42 in slot 8
[18:49:49.340] [SEVERE ] placing card 51 in slot 9
[18:49:49.451] [SEVERE ] placing card 58 in slot 10
[18:49:49.561] [SEVERE ] placing card 38 in slot 11
[18:49:50.566] [SEVERE ] updating countdown to 9000
[18:49:50.944] [SEVERE ] key 81 was pressed by player 1
[18:49:50.944] [SEVERE ] player 1 placing token on slot 0
[18:49:51.573] [SEVERE ] updating countdown to 8000
[18:49:51.967] [SEVERE ] key 87 was pressed by player 1
[18:49:51.967] [SEVERE ] player 1 placing token on slot 1
[18:49:52.252] [SEVERE ] key 83 was pressed by player 1
[18:49:52.253] [SEVERE ] player 1 placing token on slot 5
[18:49:52.584] [SEVERE ] updating countdown to 7000
[18:49:52.584] [SEVERE ] setting player 1 freeze to 0
[18:49:53.595] [SEVERE ] updating countdown to 6000
[18:49:54.302] [SEVERE ] key 83 was pressed by player 1
[18:49:54.302] [SEVERE ] removing player 1 token from slot 5
[18:49:54.554] [SEVERE ] key 87 was pressed by player 1
[18:49:54.554] [SEVERE ] removing player 1 token from slot 1
[18:49:54.601] [SEVERE ] updating countdown to 5000
[18:49:55.329] [SEVERE ] key 81 was pressed by player 1
[18:49:55.329] [SEVERE ] removing player 1 token from slot 0
[18:49:55.646] [SEVERE ] key 87 was pressed by player 1
[18:49:55.646] [SEVERE ] player 1 placing token on slot 1
[18:49:55.913] [SEVERE ] key 83 was pressed by player 1
[18:49:55.913] [SEVERE ] player 1 placing token on slot 5
[18:49:56.182] [SEVERE ] updating countdown to 4000
[18:49:56.371] [SEVERE ] key 81 was pressed by player 1
[18:49:56.371] [SEVERE ] player 1 placing token on slot 0
[18:49:56.388] [SEVERE ] setting player 1 freeze to 0
[18:49:57.772] [SEVERE ] updating countdown to 3000
[18:49:59.384] [SEVERE ] updating countdown to 2000
