[19:04:43.552] [INFO   ] thread main starting.
[19:04:43.568] [SEVERE ] cannot read configuration file config.properties trying from resources.
[19:04:43.568] [SEVERE ] configuration file was loaded from resources directory.
[19:04:44.192] [INFO   ] thread dealer starting.
[19:04:44.192] [INFO   ] thread player 0 starting.
[19:04:44.192] [INFO   ] thread player 1 starting.
[19:04:44.192] [INFO   ] thread player 0 starting.
[19:04:44.192] [INFO   ] thread dealer starting.
[19:04:44.192] [INFO   ] thread player 1 starting.
[19:04:44.207] [INFO   ] thread computer-0 starting.
[19:04:44.216] [INFO   ] thread computer-1 starting.
[19:04:44.335] [SEVERE ] placing card 61 in slot 0
[19:04:44.438] [SEVERE ] placing card 36 in slot 1
[19:04:44.549] [SEVERE ] placing card 38 in slot 2
[19:04:44.655] [SEVERE ] placing card 24 in slot 3
[19:04:44.766] [SEVERE ] placing card 32 in slot 4
[19:04:44.869] [SEVERE ] placing card 53 in slot 5
[19:04:44.971] [SEVERE ] placing card 65 in slot 6
[19:04:45.082] [SEVERE ] placing card 34 in slot 7
[19:04:45.186] [SEVERE ] placing card 4 in slot 8
[19:04:45.298] [SEVERE ] placing card 44 in slot 9
[19:04:45.401] [SEVERE ] placing card 51 in slot 10
[19:04:45.512] [SEVERE ] placing card 76 in slot 11
[19:04:46.519] [SEVERE ] updating countdown to 9000
[19:04:47.501] [SEVERE ] exit button pressed
[19:04:47.532] [SEVERE ] updating countdown to 8000
[19:04:47.532] [SEVERE ] updating countdown to 9000
[19:04:47.532] [SEVERE ] removing card from slot 0
[19:04:47.643] [SEVERE ] removing card from slot 1
[19:04:47.753] [SEVERE ] removing card from slot 2
[19:04:47.865] [SEVERE ] removing card from slot 3
[19:04:47.977] [SEVERE ] removing card from slot 4
[19:04:48.087] [SEVERE ] removing card from slot 5
[19:04:48.197] [SEVERE ] removing card from slot 6
[19:04:48.307] [SEVERE ] removing card from slot 7
[19:04:48.418] [SEVERE ] removing card from slot 8
[19:04:48.529] [SEVERE ] removing card from slot 9
[19:04:48.640] [SEVERE ] removing card from slot 10
[19:04:48.750] [SEVERE ] removing card from slot 11
[19:04:48.862] [SEVERE ] announcing winner(s): player 1, player 2
[19:04:48.865] [INFO   ] thread dealer terminated.
[19:04:48.865] [INFO   ] thread dealer terminated.
[19:04:48.865] [SEVERE ] thanks for playing... it was fun!
[19:04:48.865] [INFO   ] thread main terminated.
