[19:07:52.254] [INFO   ] thread main starting.
[19:07:52.264] [SEVERE ] cannot read configuration file config.properties trying from resources.
[19:07:52.266] [SEVERE ] configuration file was loaded from resources directory.
[19:07:53.084] [INFO   ] thread dealer starting.
[19:07:53.084] [INFO   ] thread player 0 starting.
[19:07:53.086] [INFO   ] thread player 1 starting.
[19:07:53.086] [INFO   ] thread player 0 starting.
[19:07:53.086] [INFO   ] thread dealer starting.
[19:07:53.101] [INFO   ] thread computer-0 starting.
[19:07:53.101] [INFO   ] thread player 1 starting.
[19:07:53.104] [INFO   ] thread computer-0 terminated.
[19:07:53.106] [INFO   ] thread computer-1 starting.
[19:07:53.210] [SEVERE ] placing card 80 in slot 0
[19:07:53.319] [SEVERE ] placing card 70 in slot 1
[19:07:53.428] [SEVERE ] placing card 55 in slot 2
[19:07:53.538] [SEVERE ] placing card 46 in slot 3
[19:07:53.648] [SEVERE ] placing card 50 in slot 4
[19:07:53.759] [SEVERE ] placing card 26 in slot 5
[19:07:53.870] [SEVERE ] placing card 5 in slot 6
[19:07:53.981] [SEVERE ] placing card 3 in slot 7
[19:07:54.090] [SEVERE ] placing card 66 in slot 8
[19:07:54.198] [SEVERE ] placing card 2 in slot 9
[19:07:54.307] [SEVERE ] placing card 39 in slot 10
[19:07:54.417] [SEVERE ] placing card 45 in slot 11
[19:07:55.431] [SEVERE ] updating countdown to 9000
[19:07:55.433] [SEVERE ] player 2 placing token on slot 3
[19:07:55.436] [SEVERE ] player 2 placing token on slot 0
[19:07:55.437] [SEVERE ] player 2 placing token on slot 8
[19:07:56.449] [SEVERE ] setting player 2 freeze to 0
[19:07:56.450] [SEVERE ] removing player 2 token from slot 0
[19:07:56.451] [SEVERE ] player 2 placing token on slot 5
[19:07:56.452] [SEVERE ] setting player 2 freeze to 0
[19:07:56.454] [SEVERE ] removing player 2 token from slot 5
[19:07:56.455] [SEVERE ] player 2 placing token on slot 0
[19:07:56.455] [SEVERE ] updating countdown to 8000
[19:07:56.456] [SEVERE ] setting player 2 freeze to 0
[19:07:56.457] [SEVERE ] removing player 2 token from slot 0
[19:07:56.457] [SEVERE ] removing player 2 token from slot 3
[19:07:56.458] [SEVERE ] player 2 placing token on slot 6
[19:07:56.459] [SEVERE ] player 2 placing token on slot 5
[19:07:57.467] [SEVERE ] setting player 2 freeze to 0
[19:07:57.467] [SEVERE ] removing player 2 token from slot 5
[19:07:57.468] [SEVERE ] updating countdown to 7000
[19:07:57.468] [SEVERE ] removing player 2 token from slot 6
[19:07:57.468] [SEVERE ] player 2 placing token on slot 11
[19:07:57.468] [SEVERE ] removing player 2 token from slot 8
[19:07:57.469] [SEVERE ] player 2 placing token on slot 8
[19:07:57.469] [SEVERE ] player 2 placing token on slot 6
[19:07:58.472] [SEVERE ] setting player 2 freeze to 0
[19:07:58.473] [SEVERE ] updating countdown to 6000
[19:07:58.474] [SEVERE ] removing player 2 token from slot 8
[19:07:58.474] [SEVERE ] removing player 2 token from slot 11
[19:07:58.474] [SEVERE ] player 2 placing token on slot 4
[19:07:58.477] [SEVERE ] player 2 placing token on slot 11
[19:07:59.481] [SEVERE ] setting player 2 freeze to 0
[19:07:59.482] [SEVERE ] updating countdown to 5000
[19:07:59.483] [SEVERE ] removing player 2 token from slot 6
[19:07:59.484] [SEVERE ] player 2 placing token on slot 5
[19:07:59.508] [SEVERE ] setting player 2 freeze to 0
[19:07:59.509] [SEVERE ] removing player 2 token from slot 5
[19:07:59.510] [SEVERE ] player 2 placing token on slot 5
[19:07:59.510] [SEVERE ] setting player 2 freeze to 0
[19:07:59.512] [SEVERE ] removing player 2 token from slot 11
[19:07:59.512] [SEVERE ] player 2 placing token on slot 3
[19:07:59.525] [SEVERE ] setting player 2 freeze to 0
[19:07:59.525] [SEVERE ] removing player 2 token from slot 4
[19:07:59.525] [SEVERE ] player 2 placing token on slot 2
[19:07:59.541] [SEVERE ] setting player 2 freeze to 0
[19:07:59.542] [SEVERE ] removing player 2 token from slot 2
[19:07:59.542] [SEVERE ] removing player 2 token from slot 5
[19:07:59.542] [SEVERE ] player 2 placing token on slot 9
[19:07:59.543] [SEVERE ] player 2 placing token on slot 11
[19:07:59.556] [SEVERE ] setting player 2 freeze to 0
[19:07:59.557] [SEVERE ] removing player 2 token from slot 9
[19:07:59.557] [SEVERE ] player 2 placing token on slot 10
[19:07:59.573] [SEVERE ] setting player 2 freeze to 0
[19:07:59.573] [SEVERE ] removing player 2 token from slot 11
[19:07:59.573] [SEVERE ] player 2 placing token on slot 8
[19:07:59.576] [SEVERE ] setting player 2 freeze to 0
[19:07:59.576] [SEVERE ] removing player 2 token from slot 3
[19:07:59.577] [SEVERE ] player 2 placing token on slot 6
[19:07:59.588] [SEVERE ] setting player 2 freeze to 0
[19:07:59.588] [SEVERE ] removing player 2 token from slot 6
[19:07:59.588] [SEVERE ] player 2 placing token on slot 3
[19:07:59.603] [SEVERE ] setting player 2 freeze to 0
[19:07:59.604] [SEVERE ] removing player 2 token from slot 3
[19:07:59.604] [SEVERE ] player 2 placing token on slot 7
[19:07:59.620] [SEVERE ] setting player 2 freeze to 0
[19:07:59.621] [SEVERE ] removing player 2 token from slot 8
[19:07:59.621] [SEVERE ] player 2 placing token on slot 5
[19:07:59.635] [SEVERE ] setting player 2 freeze to 0
[19:07:59.635] [SEVERE ] removing player 2 token from slot 7
[19:07:59.636] [SEVERE ] player 2 placing token on slot 0
[19:07:59.651] [SEVERE ] setting player 2 freeze to 0
[19:07:59.652] [SEVERE ] removing player 2 token from slot 10
[19:07:59.652] [SEVERE ] player 2 placing token on slot 6
[19:07:59.665] [SEVERE ] setting player 2 freeze to 0
[19:07:59.666] [SEVERE ] removing player 2 token from slot 5
[19:07:59.666] [SEVERE ] removing player 2 token from slot 6
[19:07:59.667] [SEVERE ] player 2 placing token on slot 3
[19:07:59.667] [SEVERE ] player 2 placing token on slot 10
[19:07:59.681] [SEVERE ] setting player 2 freeze to 0
[19:07:59.682] [SEVERE ] removing player 2 token from slot 0
[19:07:59.682] [SEVERE ] player 2 placing token on slot 5
[19:07:59.696] [SEVERE ] setting player 2 freeze to 0
[19:07:59.696] [SEVERE ] removing player 2 token from slot 3
[19:07:59.697] [SEVERE ] player 2 placing token on slot 1
[19:07:59.711] [SEVERE ] setting player 2 freeze to 0
[19:07:59.712] [SEVERE ] removing player 2 token from slot 10
[19:07:59.714] [SEVERE ] player 2 placing token on slot 11
[19:07:59.727] [SEVERE ] setting player 2 freeze to 0
[19:07:59.728] [SEVERE ] removing player 2 token from slot 11
[19:07:59.728] [SEVERE ] player 2 placing token on slot 11
[19:07:59.743] [SEVERE ] setting player 2 freeze to 0
[19:07:59.743] [SEVERE ] removing player 2 token from slot 5
[19:07:59.745] [SEVERE ] player 2 placing token on slot 3
[19:07:59.758] [SEVERE ] setting player 2 freeze to 0
[19:07:59.759] [SEVERE ] removing player 2 token from slot 11
[19:07:59.759] [SEVERE ] player 2 placing token on slot 8
[19:07:59.774] [SEVERE ] setting player 2 freeze to 0
[19:07:59.775] [SEVERE ] removing player 2 token from slot 8
[19:07:59.775] [SEVERE ] removing player 2 token from slot 1
[19:07:59.776] [SEVERE ] player 2 placing token on slot 9
[19:07:59.776] [SEVERE ] player 2 placing token on slot 11
[19:07:59.788] [SEVERE ] setting player 2 freeze to 0
[19:07:59.789] [SEVERE ] removing player 2 token from slot 3
[19:07:59.790] [SEVERE ] player 2 placing token on slot 1
[19:07:59.806] [SEVERE ] setting player 2 freeze to 0
[19:07:59.807] [SEVERE ] removing player 2 token from slot 1
[19:07:59.807] [SEVERE ] player 2 placing token on slot 1
[19:07:59.822] [SEVERE ] setting player 2 freeze to 0
[19:07:59.823] [SEVERE ] removing player 2 token from slot 9
[19:07:59.823] [SEVERE ] player 2 placing token on slot 9
[19:07:59.836] [SEVERE ] setting player 2 freeze to 0
[19:07:59.837] [SEVERE ] removing player 2 token from slot 9
[19:07:59.837] [SEVERE ] player 2 placing token on slot 3
[19:07:59.851] [SEVERE ] setting player 2 freeze to 0
[19:07:59.853] [SEVERE ] removing player 2 token from slot 11
[19:07:59.853] [SEVERE ] player 2 placing token on slot 5
[19:07:59.866] [SEVERE ] setting player 2 freeze to 0
[19:07:59.867] [SEVERE ] removing player 2 token from slot 5
[19:07:59.867] [SEVERE ] player 2 placing token on slot 9
[19:07:59.884] [SEVERE ] setting player 2 freeze to 0
[19:07:59.884] [SEVERE ] removing player 2 token from slot 3
[19:07:59.884] [SEVERE ] player 2 placing token on slot 5
[19:07:59.899] [SEVERE ] setting player 2 freeze to 0
[19:07:59.899] [SEVERE ] removing player 2 token from slot 1
[19:07:59.900] [SEVERE ] removing player 2 token from slot 9
[19:07:59.900] [SEVERE ] player 2 placing token on slot 4
[19:07:59.900] [SEVERE ] player 2 placing token on slot 8
[19:07:59.914] [SEVERE ] setting player 2 freeze to 0
[19:07:59.914] [SEVERE ] removing player 2 token from slot 4
[19:07:59.915] [SEVERE ] removing player 2 token from slot 5
[19:07:59.915] [SEVERE ] player 2 placing token on slot 7
[19:07:59.915] [SEVERE ] player 2 placing token on slot 1
[19:07:59.927] [SEVERE ] setting player 2 freeze to 0
[19:07:59.928] [SEVERE ] removing player 2 token from slot 1
[19:07:59.930] [SEVERE ] player 2 placing token on slot 10
[19:07:59.943] [SEVERE ] setting player 2 freeze to 0
[19:07:59.943] [SEVERE ] removing player 2 token from slot 8
[19:07:59.945] [SEVERE ] player 2 placing token on slot 3
[19:07:59.960] [SEVERE ] setting player 2 freeze to 0
[19:07:59.960] [SEVERE ] removing player 2 token from slot 10
[19:07:59.960] [SEVERE ] removing player 2 token from slot 3
[19:07:59.960] [SEVERE ] player 2 placing token on slot 5
[19:07:59.961] [SEVERE ] player 2 placing token on slot 4
[19:07:59.975] [SEVERE ] setting player 2 freeze to 0
[19:07:59.975] [SEVERE ] removing player 2 token from slot 5
[19:07:59.975] [SEVERE ] removing player 2 token from slot 4
[19:07:59.975] [SEVERE ] player 2 placing token on slot 4
[19:07:59.975] [SEVERE ] player 2 placing token on slot 3
[19:07:59.990] [SEVERE ] setting player 2 freeze to 0
[19:07:59.990] [SEVERE ] removing player 2 token from slot 4
[19:07:59.990] [SEVERE ] player 2 placing token on slot 6
[19:08:00.005] [SEVERE ] setting player 2 freeze to 0
[19:08:00.006] [SEVERE ] removing player 2 token from slot 6
[19:08:00.006] [SEVERE ] player 2 placing token on slot 9
[19:08:00.021] [SEVERE ] setting player 2 freeze to 0
[19:08:00.022] [SEVERE ] removing player 2 token from slot 9
[19:08:00.022] [SEVERE ] player 2 placing token on slot 5
[19:08:00.037] [SEVERE ] setting player 2 freeze to 0
[19:08:00.037] [SEVERE ] removing player 2 token from slot 3
[19:08:00.038] [SEVERE ] player 2 placing token on slot 9
[19:08:00.053] [SEVERE ] setting player 2 freeze to 0
[19:08:00.054] [SEVERE ] removing player 2 token from slot 7
[19:08:00.054] [SEVERE ] player 2 placing token on slot 10
[19:08:00.069] [SEVERE ] setting player 2 freeze to 0
[19:08:00.069] [SEVERE ] removing player 2 token from slot 9
[19:08:00.069] [SEVERE ] player 2 placing token on slot 6
[19:08:00.085] [SEVERE ] setting player 2 freeze to 0
[19:08:00.085] [SEVERE ] removing player 2 token from slot 6
[19:08:00.085] [SEVERE ] player 2 placing token on slot 9
[19:08:00.099] [SEVERE ] setting player 2 freeze to 0
[19:08:00.100] [SEVERE ] removing player 2 token from slot 5
[19:08:00.100] [SEVERE ] player 2 placing token on slot 2
[19:08:00.119] [SEVERE ] setting player 2 freeze to 0
[19:08:00.119] [SEVERE ] removing player 2 token from slot 9
[19:08:00.119] [SEVERE ] player 2 placing token on slot 4
[19:08:00.147] [SEVERE ] setting player 2 freeze to 0
[19:08:00.147] [SEVERE ] removing player 2 token from slot 10
[19:08:00.148] [SEVERE ] player 2 placing token on slot 7
[19:08:00.161] [SEVERE ] setting player 2 freeze to 0
[19:08:00.161] [SEVERE ] removing player 2 token from slot 7
[19:08:00.161] [SEVERE ] removing player 2 token from slot 2
[19:08:00.161] [SEVERE ] player 2 placing token on slot 5
[19:08:00.161] [SEVERE ] player 2 placing token on slot 10
[19:08:00.176] [SEVERE ] setting player 2 freeze to 0
[19:08:00.176] [SEVERE ] removing player 2 token from slot 4
[19:08:00.176] [SEVERE ] player 2 placing token on slot 7
[19:08:00.192] [SEVERE ] setting player 2 freeze to 0
[19:08:00.194] [SEVERE ] removing player 2 token from slot 7
[19:08:00.194] [SEVERE ] player 2 placing token on slot 9
[19:08:00.209] [SEVERE ] setting player 2 freeze to 0
[19:08:00.209] [SEVERE ] removing player 2 token from slot 10
[19:08:00.209] [SEVERE ] player 2 placing token on slot 0
[19:08:00.224] [SEVERE ] setting player 2 freeze to 0
[19:08:00.224] [SEVERE ] removing player 2 token from slot 0
[19:08:00.225] [SEVERE ] player 2 placing token on slot 4
[19:08:00.240] [SEVERE ] setting player 2 freeze to 0
[19:08:00.240] [SEVERE ] removing player 2 token from slot 9
[19:08:00.241] [SEVERE ] player 2 placing token on slot 2
[19:08:00.256] [SEVERE ] setting player 2 freeze to 0
[19:08:00.256] [SEVERE ] removing player 2 token from slot 2
[19:08:00.257] [SEVERE ] player 2 placing token on slot 8
[19:08:00.272] [SEVERE ] setting player 2 freeze to 0
[19:08:00.272] [SEVERE ] removing player 2 token from slot 4
[19:08:00.272] [SEVERE ] player 2 placing token on slot 1
[19:08:00.288] [SEVERE ] setting player 2 freeze to 0
[19:08:00.288] [SEVERE ] removing player 2 token from slot 8
[19:08:00.289] [SEVERE ] player 2 placing token on slot 0
[19:08:00.303] [SEVERE ] setting player 2 freeze to 0
[19:08:00.303] [SEVERE ] removing player 2 token from slot 1
[19:08:00.303] [SEVERE ] player 2 placing token on slot 1
[19:08:00.319] [SEVERE ] setting player 2 freeze to 0
[19:08:00.319] [SEVERE ] removing player 2 token from slot 5
[19:08:00.319] [SEVERE ] player 2 placing token on slot 9
[19:08:00.335] [SEVERE ] setting player 2 freeze to 0
[19:08:00.335] [SEVERE ] removing player 2 token from slot 1
[19:08:00.335] [SEVERE ] player 2 placing token on slot 3
[19:08:00.350] [SEVERE ] setting player 2 freeze to 0
[19:08:00.350] [SEVERE ] removing player 2 token from slot 0
[19:08:00.352] [SEVERE ] removing player 2 token from slot 3
[19:08:00.352] [SEVERE ] player 2 placing token on slot 0
[19:08:00.352] [SEVERE ] player 2 placing token on slot 7
[19:08:00.367] [SEVERE ] setting player 2 freeze to 0
[19:08:00.367] [SEVERE ] removing player 2 token from slot 0
[19:08:00.367] [SEVERE ] player 2 placing token on slot 5
[19:08:00.383] [SEVERE ] setting player 2 freeze to 0
[19:08:00.384] [SEVERE ] removing player 2 token from slot 5
[19:08:00.384] [SEVERE ] player 2 placing token on slot 1
[19:08:00.399] [SEVERE ] setting player 2 freeze to 0
[19:08:00.399] [SEVERE ] removing player 2 token from slot 7
[19:08:00.399] [SEVERE ] player 2 placing token on slot 0
[19:08:00.414] [SEVERE ] setting player 2 freeze to 0
[19:08:00.414] [SEVERE ] removing player 2 token from slot 0
[19:08:00.415] [SEVERE ] removing player 2 token from slot 1
[19:08:00.415] [SEVERE ] player 2 placing token on slot 3
[19:08:00.415] [SEVERE ] player 2 placing token on slot 11
[19:08:00.429] [SEVERE ] setting player 2 freeze to 0
[19:08:00.430] [SEVERE ] removing player 2 token from slot 9
[19:08:00.430] [SEVERE ] player 2 placing token on slot 0
[19:08:00.433] [SEVERE ] setting player 2 freeze to 0
[19:08:00.433] [SEVERE ] removing player 2 token from slot 3
[19:08:00.433] [SEVERE ] player 2 placing token on slot 5
[19:08:00.460] [SEVERE ] setting player 2 freeze to 0
[19:08:00.460] [SEVERE ] removing player 2 token from slot 0
[19:08:00.460] [SEVERE ] player 2 placing token on slot 9
[19:08:00.475] [SEVERE ] setting player 2 freeze to 0
[19:08:00.475] [SEVERE ] removing player 2 token from slot 11
[19:08:00.475] [SEVERE ] removing player 2 token from slot 5
[19:08:00.475] [SEVERE ] player 2 placing token on slot 1
[19:08:00.475] [SEVERE ] player 2 placing token on slot 6
[19:08:00.490] [SEVERE ] setting player 2 freeze to 0
[19:08:00.490] [SEVERE ] removing player 2 token from slot 9
[19:08:00.491] [SEVERE ] player 2 placing token on slot 8
[19:08:00.506] [SEVERE ] setting player 2 freeze to 0
[19:08:00.506] [SEVERE ] removing player 2 token from slot 8
[19:08:00.506] [SEVERE ] player 2 placing token on slot 5
[19:08:00.522] [SEVERE ] setting player 2 freeze to 0
[19:08:00.522] [SEVERE ] removing player 2 token from slot 5
[19:08:00.522] [SEVERE ] player 2 placing token on slot 3
[19:08:00.539] [SEVERE ] setting player 2 freeze to 0
[19:08:00.539] [SEVERE ] removing player 2 token from slot 6
[19:08:00.539] [SEVERE ] removing player 2 token from slot 3
[19:08:00.539] [SEVERE ] player 2 placing token on slot 11
[19:08:00.539] [SEVERE ] player 2 placing token on slot 4
[19:08:00.552] [SEVERE ] setting player 2 freeze to 0
[19:08:00.554] [SEVERE ] removing player 2 token from slot 4
[19:08:00.554] [SEVERE ] removing player 2 token from slot 1
[19:08:00.554] [SEVERE ] removing player 2 token from slot 11
[19:08:00.554] [SEVERE ] player 2 placing token on slot 9
[19:08:00.554] [SEVERE ] removing player 2 token from slot 9
[19:08:00.554] [SEVERE ] player 2 placing token on slot 8
[19:08:00.554] [SEVERE ] player 2 placing token on slot 7
[19:08:00.554] [SEVERE ] removing player 2 token from slot 7
[19:08:00.554] [SEVERE ] player 2 placing token on slot 3
[19:08:00.554] [SEVERE ] removing player 2 token from slot 8
[19:08:00.554] [SEVERE ] player 2 placing token on slot 11
[19:08:00.554] [SEVERE ] player 2 placing token on slot 1
[19:08:00.570] [SEVERE ] setting player 2 freeze to 0
[19:08:00.570] [SEVERE ] removing player 2 token from slot 1
[19:08:00.570] [SEVERE ] player 2 placing token on slot 5
[19:08:00.586] [SEVERE ] setting player 2 freeze to 0
[19:08:00.586] [SEVERE ] removing player 2 token from slot 11
[19:08:00.586] [SEVERE ] player 2 placing token on slot 7
[19:08:00.600] [SEVERE ] setting player 2 freeze to 0
[19:08:00.602] [SEVERE ] removing player 2 token from slot 5
[19:08:00.602] [SEVERE ] player 2 placing token on slot 4
[19:08:00.617] [SEVERE ] setting player 2 freeze to 0
[19:08:00.617] [SEVERE ] removing player 2 token from slot 7
[19:08:00.617] [SEVERE ] player 2 placing token on slot 1
[19:08:00.632] [SEVERE ] setting player 2 freeze to 0
[19:08:00.632] [SEVERE ] removing player 2 token from slot 3
[19:08:00.632] [SEVERE ] removing player 2 token from slot 4
[19:08:00.632] [SEVERE ] player 2 placing token on slot 3
[19:08:00.632] [SEVERE ] player 2 placing token on slot 2
[19:08:00.650] [SEVERE ] setting player 2 freeze to 0
[19:08:00.651] [SEVERE ] removing player 2 token from slot 2
[19:08:00.651] [SEVERE ] player 2 placing token on slot 5
[19:08:00.665] [SEVERE ] setting player 2 freeze to 0
[19:08:00.665] [SEVERE ] removing player 2 token from slot 3
[19:08:00.665] [SEVERE ] player 2 placing token on slot 3
[19:08:00.681] [SEVERE ] setting player 2 freeze to 0
[19:08:00.683] [SEVERE ] removing player 2 token from slot 3
[19:08:00.683] [SEVERE ] player 2 placing token on slot 9
[19:08:00.696] [SEVERE ] setting player 2 freeze to 0
[19:08:00.696] [SEVERE ] removing player 2 token from slot 9
[19:08:00.696] [SEVERE ] player 2 placing token on slot 8
[19:08:00.711] [SEVERE ] setting player 2 freeze to 0
[19:08:00.711] [SEVERE ] removing player 2 token from slot 1
[19:08:00.711] [SEVERE ] player 2 placing token on slot 0
[19:08:00.725] [SEVERE ] setting player 2 freeze to 0
[19:08:00.727] [SEVERE ] removing player 2 token from slot 0
[19:08:00.727] [SEVERE ] player 2 placing token on slot 0
[19:08:00.742] [SEVERE ] setting player 2 freeze to 0
[19:08:00.742] [SEVERE ] removing player 2 token from slot 5
[19:08:00.742] [SEVERE ] player 2 placing token on slot 4
[19:08:00.757] [SEVERE ] setting player 2 freeze to 0
[19:08:00.757] [SEVERE ] removing player 2 token from slot 8
[19:08:00.757] [SEVERE ] player 2 placing token on slot 1
[19:08:00.774] [SEVERE ] setting player 2 freeze to 0
[19:08:00.774] [SEVERE ] removing player 2 token from slot 1
[19:08:00.774] [SEVERE ] removing player 2 token from slot 0
[19:08:00.774] [SEVERE ] player 2 placing token on slot 3
[19:08:00.774] [SEVERE ] player 2 placing token on slot 8
[19:08:00.788] [SEVERE ] setting player 2 freeze to 0
[19:08:00.789] [SEVERE ] removing player 2 token from slot 3
[19:08:00.789] [SEVERE ] player 2 placing token on slot 3
[19:08:00.804] [SEVERE ] setting player 2 freeze to 0
[19:08:00.805] [SEVERE ] removing player 2 token from slot 3
[19:08:00.805] [SEVERE ] player 2 placing token on slot 11
[19:08:00.806] [SEVERE ] setting player 2 freeze to 0
[19:08:00.806] [SEVERE ] removing player 2 token from slot 8
[19:08:00.806] [SEVERE ] player 2 placing token on slot 6
[19:08:00.821] [SEVERE ] setting player 2 freeze to 0
[19:08:00.821] [SEVERE ] removing player 2 token from slot 4
[19:08:00.821] [SEVERE ] player 2 placing token on slot 1
[19:08:00.837] [SEVERE ] removing player 2 token from slot 11
[19:08:00.837] [SEVERE ] removing card from slot 11
[19:08:00.943] [SEVERE ] removing player 2 token from slot 6
[19:08:00.943] [SEVERE ] removing card from slot 6
[19:08:01.051] [SEVERE ] removing player 2 token from slot 1
[19:08:01.051] [SEVERE ] removing card from slot 1
[19:08:01.270] [SEVERE ] placing card 63 in slot 1
[19:08:01.380] [SEVERE ] placing card 34 in slot 6
[19:08:01.490] [SEVERE ] placing card 11 in slot 11
[19:08:01.490] [SEVERE ] updating countdown to 9000
[19:08:01.491] [SEVERE ] setting player 2 score to 1
[19:08:01.491] [SEVERE ] setting player 2 freeze to 0
[19:08:01.491] [SEVERE ] setting player 2 freeze to 0
[19:08:01.493] [SEVERE ] player 2 placing token on slot 2
[19:08:01.493] [SEVERE ] player 2 placing token on slot 3
[19:08:01.493] [SEVERE ] removing player 2 token from slot 3
[19:08:01.493] [SEVERE ] player 2 placing token on slot 3
[19:08:01.493] [SEVERE ] player 2 placing token on slot 6
[19:08:01.493] [SEVERE ] updating countdown to 8000
[19:08:01.494] [SEVERE ] setting player 2 freeze to 0
[19:08:01.494] [SEVERE ] removing player 2 token from slot 2
[19:08:01.494] [SEVERE ] player 2 placing token on slot 5
[19:08:02.498] [SEVERE ] setting player 2 freeze to 0
[19:08:02.498] [SEVERE ] updating countdown to 7000
[19:08:02.499] [SEVERE ] removing player 2 token from slot 6
[19:08:02.499] [SEVERE ] player 2 placing token on slot 8
[19:08:03.506] [SEVERE ] updating countdown to 6000
[19:08:03.506] [SEVERE ] setting player 2 freeze to 0
[19:08:03.506] [SEVERE ] removing player 2 token from slot 5
[19:08:03.507] [SEVERE ] player 2 placing token on slot 4
[19:08:04.514] [SEVERE ] updating countdown to 5000
[19:08:04.514] [SEVERE ] setting player 2 freeze to 0
[19:08:04.514] [SEVERE ] removing player 2 token from slot 3
[19:08:04.514] [SEVERE ] player 2 placing token on slot 1
[19:08:04.529] [SEVERE ] setting player 2 freeze to 0
[19:08:04.529] [SEVERE ] removing player 2 token from slot 8
[19:08:04.530] [SEVERE ] removing player 2 token from slot 1
[19:08:04.530] [SEVERE ] player 2 placing token on slot 5
[19:08:04.530] [SEVERE ] removing player 2 token from slot 4
[19:08:04.530] [SEVERE ] player 2 placing token on slot 9
[19:08:04.530] [SEVERE ] player 2 placing token on slot 11
[19:08:04.544] [SEVERE ] setting player 2 freeze to 0
[19:08:04.544] [SEVERE ] removing player 2 token from slot 11
[19:08:04.545] [SEVERE ] player 2 placing token on slot 8
[19:08:04.560] [SEVERE ] setting player 2 freeze to 0
[19:08:04.561] [SEVERE ] removing player 2 token from slot 8
[19:08:04.561] [SEVERE ] player 2 placing token on slot 0
[19:08:04.575] [SEVERE ] setting player 2 freeze to 0
[19:08:04.577] [SEVERE ] removing player 2 token from slot 0
[19:08:04.577] [SEVERE ] removing player 2 token from slot 5
[19:08:04.577] [SEVERE ] player 2 placing token on slot 8
[19:08:04.577] [SEVERE ] player 2 placing token on slot 0
[19:08:04.591] [SEVERE ] setting player 2 freeze to 0
[19:08:04.591] [SEVERE ] removing player 2 token from slot 0
[19:08:04.591] [SEVERE ] player 2 placing token on slot 7
[19:08:04.594] [SEVERE ] setting player 2 freeze to 0
[19:08:04.594] [SEVERE ] removing player 2 token from slot 8
[19:08:04.594] [SEVERE ] player 2 placing token on slot 8
[19:08:04.606] [SEVERE ] setting player 2 freeze to 0
[19:08:04.606] [SEVERE ] removing player 2 token from slot 9
[19:08:04.606] [SEVERE ] player 2 placing token on slot 1
[19:08:04.620] [SEVERE ] setting player 2 freeze to 0
[19:08:04.620] [SEVERE ] removing player 2 token from slot 8
[19:08:04.620] [SEVERE ] player 2 placing token on slot 8
[19:08:04.622] [SEVERE ] setting player 2 freeze to 0
[19:08:04.623] [SEVERE ] removing player 2 token from slot 7
[19:08:04.623] [SEVERE ] removing player 2 token from slot 8
[19:08:04.623] [SEVERE ] player 2 placing token on slot 8
[19:08:04.623] [SEVERE ] player 2 placing token on slot 10
[19:08:04.637] [SEVERE ] setting player 2 freeze to 0
[19:08:04.637] [SEVERE ] removing player 2 token from slot 8
[19:08:04.637] [SEVERE ] player 2 placing token on slot 3
[19:08:04.640] [SEVERE ] setting player 2 freeze to 0
[19:08:04.640] [SEVERE ] removing player 2 token from slot 3
[19:08:04.640] [SEVERE ] removing player 2 token from slot 1
[19:08:04.640] [SEVERE ] player 2 placing token on slot 4
[19:08:04.640] [SEVERE ] player 2 placing token on slot 3
[19:08:04.667] [SEVERE ] setting player 2 freeze to 0
[19:08:04.667] [SEVERE ] removing player 2 token from slot 3
[19:08:04.667] [SEVERE ] player 2 placing token on slot 8
[19:08:04.669] [SEVERE ] setting player 2 freeze to 0
[19:08:04.669] [SEVERE ] removing player 2 token from slot 8
[19:08:04.669] [SEVERE ] player 2 placing token on slot 6
[19:08:04.681] [SEVERE ] setting player 2 freeze to 0
[19:08:04.681] [SEVERE ] removing player 2 token from slot 6
[19:08:04.681] [SEVERE ] player 2 placing token on slot 11
[19:08:04.698] [SEVERE ] setting player 2 freeze to 0
[19:08:04.698] [SEVERE ] removing player 2 token from slot 11
[19:08:04.698] [SEVERE ] player 2 placing token on slot 9
[19:08:04.713] [SEVERE ] setting player 2 freeze to 0
[19:08:04.713] [SEVERE ] removing player 2 token from slot 10
[19:08:04.713] [SEVERE ] player 2 placing token on slot 7
[19:08:04.715] [SEVERE ] setting player 2 freeze to 0
[19:08:04.715] [SEVERE ] removing player 2 token from slot 4
[19:08:04.715] [SEVERE ] player 2 placing token on slot 11
[19:08:04.729] [SEVERE ] setting player 2 freeze to 0
[19:08:04.730] [SEVERE ] removing player 2 token from slot 7
[19:08:04.730] [SEVERE ] player 2 placing token on slot 10
[19:08:04.746] [SEVERE ] setting player 2 freeze to 0
[19:08:04.746] [SEVERE ] removing player 2 token from slot 9
[19:08:04.746] [SEVERE ] player 2 placing token on slot 5
[19:08:04.761] [SEVERE ] setting player 2 freeze to 0
[19:08:04.761] [SEVERE ] removing player 2 token from slot 10
[19:08:04.761] [SEVERE ] player 2 placing token on slot 2
[19:08:04.775] [SEVERE ] setting player 2 freeze to 0
[19:08:04.776] [SEVERE ] removing player 2 token from slot 2
[19:08:04.776] [SEVERE ] removing player 2 token from slot 5
[19:08:04.776] [SEVERE ] player 2 placing token on slot 2
[19:08:04.776] [SEVERE ] player 2 placing token on slot 9
[19:08:04.778] [SEVERE ] setting player 2 freeze to 0
[19:08:04.778] [SEVERE ] removing player 2 token from slot 2
[19:08:04.778] [SEVERE ] player 2 placing token on slot 4
[19:08:04.789] [SEVERE ] setting player 2 freeze to 0
[19:08:04.790] [SEVERE ] removing player 2 token from slot 4
[19:08:04.790] [SEVERE ] player 2 placing token on slot 0
[19:08:04.793] [SEVERE ] setting player 2 freeze to 0
[19:08:04.793] [SEVERE ] removing player 2 token from slot 9
[19:08:04.793] [SEVERE ] player 2 placing token on slot 9
[19:08:04.807] [SEVERE ] setting player 2 freeze to 0
[19:08:04.807] [SEVERE ] removing player 2 token from slot 11
[19:08:04.807] [SEVERE ] player 2 placing token on slot 11
[19:08:04.809] [SEVERE ] setting player 2 freeze to 0
[19:08:04.809] [SEVERE ] removing player 2 token from slot 9
[19:08:04.809] [SEVERE ] player 2 placing token on slot 3
[19:08:04.821] [SEVERE ] setting player 2 freeze to 0
[19:08:04.822] [SEVERE ] removing player 2 token from slot 0
[19:08:04.822] [SEVERE ] player 2 placing token on slot 1
[19:08:04.824] [SEVERE ] setting player 2 freeze to 0
[19:08:04.825] [SEVERE ] removing player 2 token from slot 3
[19:08:04.825] [SEVERE ] player 2 placing token on slot 10
[19:08:04.838] [SEVERE ] setting player 2 freeze to 0
[19:08:04.838] [SEVERE ] removing player 2 token from slot 1
[19:08:04.838] [SEVERE ] player 2 placing token on slot 3
[19:08:04.852] [SEVERE ] setting player 2 freeze to 0
[19:08:04.853] [SEVERE ] removing player 2 token from slot 3
[19:08:04.853] [SEVERE ] player 2 placing token on slot 0
[19:08:04.869] [SEVERE ] setting player 2 freeze to 0
[19:08:04.869] [SEVERE ] removing player 2 token from slot 11
[19:08:04.870] [SEVERE ] player 2 placing token on slot 1
[19:08:04.885] [SEVERE ] setting player 2 freeze to 0
[19:08:04.885] [SEVERE ] removing player 2 token from slot 1
[19:08:04.885] [SEVERE ] player 2 placing token on slot 1
[19:08:04.886] [SEVERE ] setting player 2 freeze to 0
[19:08:04.888] [SEVERE ] removing player 2 token from slot 0
[19:08:04.888] [SEVERE ] player 2 placing token on slot 3
[19:08:04.900] [SEVERE ] setting player 2 freeze to 0
[19:08:04.901] [SEVERE ] removing player 2 token from slot 1
[19:08:04.901] [SEVERE ] player 2 placing token on slot 6
[19:08:04.902] [SEVERE ] setting player 2 freeze to 0
[19:08:04.902] [SEVERE ] removing player 2 token from slot 6
[19:08:04.903] [SEVERE ] player 2 placing token on slot 1
[19:08:04.918] [SEVERE ] setting player 2 freeze to 0
[19:08:04.918] [SEVERE ] removing player 2 token from slot 1
[19:08:04.918] [SEVERE ] player 2 placing token on slot 5
[19:08:04.931] [SEVERE ] setting player 2 freeze to 0
[19:08:04.932] [SEVERE ] removing player 2 token from slot 5
[19:08:04.932] [SEVERE ] player 2 placing token on slot 1
[19:08:04.948] [SEVERE ] setting player 2 freeze to 0
[19:08:04.948] [SEVERE ] removing player 2 token from slot 1
[19:08:04.949] [SEVERE ] player 2 placing token on slot 4
[19:08:04.963] [SEVERE ] setting player 2 freeze to 0
[19:08:04.963] [SEVERE ] removing player 2 token from slot 4
[19:08:04.964] [SEVERE ] player 2 placing token on slot 5
[19:08:04.979] [SEVERE ] setting player 2 freeze to 0
[19:08:04.979] [SEVERE ] removing player 2 token from slot 5
[19:08:04.979] [SEVERE ] removing player 2 token from slot 3
[19:08:04.980] [SEVERE ] player 2 placing token on slot 0
[19:08:04.980] [SEVERE ] removing player 2 token from slot 10
[19:08:04.980] [SEVERE ] player 2 placing token on slot 8
[19:08:04.980] [SEVERE ] player 2 placing token on slot 7
[19:08:04.993] [SEVERE ] setting player 2 freeze to 0
[19:08:04.995] [SEVERE ] removing player 2 token from slot 0
[19:08:04.995] [SEVERE ] player 2 placing token on slot 1
[19:08:05.010] [SEVERE ] setting player 2 freeze to 0
[19:08:05.011] [SEVERE ] removing player 2 token from slot 7
[19:08:05.011] [SEVERE ] removing player 2 token from slot 1
[19:08:05.012] [SEVERE ] removing player 2 token from slot 8
[19:08:05.012] [SEVERE ] player 2 placing token on slot 4
[19:08:05.012] [SEVERE ] player 2 placing token on slot 3
[19:08:05.012] [SEVERE ] player 2 placing token on slot 2
[19:08:05.026] [SEVERE ] setting player 2 freeze to 0
[19:08:05.026] [SEVERE ] removing player 2 token from slot 4
[19:08:05.026] [SEVERE ] player 2 placing token on slot 10
[19:08:05.040] [SEVERE ] setting player 2 freeze to 0
[19:08:05.041] [SEVERE ] removing player 2 token from slot 3
[19:08:05.041] [SEVERE ] removing player 2 token from slot 2
[19:08:05.041] [SEVERE ] player 2 placing token on slot 0
[19:08:05.041] [SEVERE ] player 2 placing token on slot 3
[19:08:05.042] [SEVERE ] setting player 2 freeze to 0
[19:08:05.043] [SEVERE ] removing player 2 token from slot 0
[19:08:05.043] [SEVERE ] removing player 2 token from slot 3
[19:08:05.043] [SEVERE ] player 2 placing token on slot 6
[19:08:05.043] [SEVERE ] player 2 placing token on slot 1
[19:08:05.057] [SEVERE ] setting player 2 freeze to 0
[19:08:05.057] [SEVERE ] removing player 2 token from slot 10
[19:08:05.057] [SEVERE ] player 2 placing token on slot 9
[19:08:05.072] [SEVERE ] setting player 2 freeze to 0
[19:08:05.072] [SEVERE ] removing player 2 token from slot 1
[19:08:05.073] [SEVERE ] player 2 placing token on slot 2
[19:08:05.087] [SEVERE ] setting player 2 freeze to 0
[19:08:05.087] [SEVERE ] removing player 2 token from slot 6
[19:08:05.088] [SEVERE ] player 2 placing token on slot 0
[19:08:05.103] [SEVERE ] setting player 2 freeze to 0
[19:08:05.103] [SEVERE ] removing player 2 token from slot 9
[19:08:05.103] [SEVERE ] player 2 placing token on slot 5
[19:08:05.106] [SEVERE ] setting player 2 freeze to 0
[19:08:05.106] [SEVERE ] removing player 2 token from slot 0
[19:08:05.106] [SEVERE ] player 2 placing token on slot 0
[19:08:05.119] [SEVERE ] setting player 2 freeze to 0
[19:08:05.120] [SEVERE ] removing player 2 token from slot 5
[19:08:05.120] [SEVERE ] player 2 placing token on slot 10
[19:08:05.135] [SEVERE ] setting player 2 freeze to 0
[19:08:05.135] [SEVERE ] removing player 2 token from slot 0
[19:08:05.135] [SEVERE ] player 2 placing token on slot 1
[19:08:05.148] [SEVERE ] setting player 2 freeze to 0
[19:08:05.150] [SEVERE ] removing player 2 token from slot 2
[19:08:05.150] [SEVERE ] player 2 placing token on slot 11
[19:08:05.165] [SEVERE ] setting player 2 freeze to 0
[19:08:05.165] [SEVERE ] removing player 2 token from slot 1
[19:08:05.165] [SEVERE ] player 2 placing token on slot 3
[19:08:05.180] [SEVERE ] setting player 2 freeze to 0
[19:08:05.180] [SEVERE ] removing player 2 token from slot 3
[19:08:05.180] [SEVERE ] player 2 placing token on slot 8
[19:08:05.194] [SEVERE ] setting player 2 freeze to 0
[19:08:05.195] [SEVERE ] removing player 2 token from slot 11
[19:08:05.195] [SEVERE ] player 2 placing token on slot 2
[19:08:05.209] [SEVERE ] setting player 2 freeze to 0
[19:08:05.211] [SEVERE ] removing player 2 token from slot 8
[19:08:05.211] [SEVERE ] removing player 2 token from slot 2
[19:08:05.211] [SEVERE ] player 2 placing token on slot 11
[19:08:05.211] [SEVERE ] player 2 placing token on slot 7
[19:08:05.224] [SEVERE ] setting player 2 freeze to 0
[19:08:05.226] [SEVERE ] removing player 2 token from slot 11
[19:08:05.226] [SEVERE ] removing player 2 token from slot 10
[19:08:05.226] [SEVERE ] player 2 placing token on slot 1
[19:08:05.226] [SEVERE ] removing player 2 token from slot 1
[19:08:05.226] [SEVERE ] player 2 placing token on slot 11
[19:08:05.226] [SEVERE ] player 2 placing token on slot 5
[19:08:05.242] [SEVERE ] setting player 2 freeze to 0
[19:08:05.242] [SEVERE ] removing player 2 token from slot 5
[19:08:05.242] [SEVERE ] player 2 placing token on slot 3
[19:08:05.258] [SEVERE ] setting player 2 freeze to 0
[19:08:05.258] [SEVERE ] removing player 2 token from slot 11
[19:08:05.258] [SEVERE ] player 2 placing token on slot 2
[19:08:05.260] [SEVERE ] setting player 2 freeze to 0
[19:08:05.260] [SEVERE ] removing player 2 token from slot 2
[19:08:05.260] [SEVERE ] player 2 placing token on slot 1
[19:08:05.274] [SEVERE ] setting player 2 freeze to 0
[19:08:05.274] [SEVERE ] removing player 2 token from slot 3
[19:08:05.274] [SEVERE ] player 2 placing token on slot 4
[19:08:05.276] [SEVERE ] setting player 2 freeze to 0
[19:08:05.276] [SEVERE ] removing player 2 token from slot 4
[19:08:05.276] [SEVERE ] player 2 placing token on slot 4
[19:08:05.288] [SEVERE ] setting player 2 freeze to 0
[19:08:05.289] [SEVERE ] removing player 2 token from slot 7
[19:08:05.289] [SEVERE ] player 2 placing token on slot 6
[19:08:05.290] [SEVERE ] setting player 2 freeze to 0
[19:08:05.291] [SEVERE ] removing player 2 token from slot 1
[19:08:05.291] [SEVERE ] removing player 2 token from slot 6
[19:08:05.291] [SEVERE ] player 2 placing token on slot 8
[19:08:05.291] [SEVERE ] player 2 placing token on slot 7
[19:08:05.304] [SEVERE ] setting player 2 freeze to 0
[19:08:05.305] [SEVERE ] removing player 2 token from slot 8
[19:08:05.305] [SEVERE ] player 2 placing token on slot 2
[19:08:05.306] [SEVERE ] setting player 2 freeze to 0
[19:08:05.306] [SEVERE ] removing player 2 token from slot 2
[19:08:05.306] [SEVERE ] player 2 placing token on slot 10
[19:08:05.320] [SEVERE ] setting player 2 freeze to 0
[19:08:05.320] [SEVERE ] removing player 2 token from slot 10
[19:08:05.320] [SEVERE ] player 2 placing token on slot 1
[19:08:05.322] [SEVERE ] setting player 2 freeze to 0
[19:08:05.322] [SEVERE ] removing player 2 token from slot 4
[19:08:05.322] [SEVERE ] player 2 placing token on slot 8
[19:08:05.335] [SEVERE ] setting player 2 freeze to 0
[19:08:05.337] [SEVERE ] removing player 2 token from slot 1
[19:08:05.337] [SEVERE ] player 2 placing token on slot 11
[19:08:05.352] [SEVERE ] setting player 2 freeze to 0
[19:08:05.352] [SEVERE ] removing player 2 token from slot 7
[19:08:05.352] [SEVERE ] player 2 placing token on slot 1
[19:08:05.368] [SEVERE ] setting player 2 freeze to 0
[19:08:05.369] [SEVERE ] removing player 2 token from slot 1
[19:08:05.369] [SEVERE ] player 2 placing token on slot 7
[19:08:05.383] [SEVERE ] setting player 2 freeze to 0
[19:08:05.383] [SEVERE ] removing player 2 token from slot 11
[19:08:05.384] [SEVERE ] player 2 placing token on slot 4
[19:08:05.398] [SEVERE ] setting player 2 freeze to 0
[19:08:05.398] [SEVERE ] removing player 2 token from slot 4
[19:08:05.398] [SEVERE ] player 2 placing token on slot 5
[19:08:05.401] [SEVERE ] setting player 2 freeze to 0
[19:08:05.401] [SEVERE ] removing player 2 token from slot 7
[19:08:05.401] [SEVERE ] player 2 placing token on slot 4
[19:08:05.413] [SEVERE ] setting player 2 freeze to 0
[19:08:05.415] [SEVERE ] removing player 2 token from slot 4
[19:08:05.415] [SEVERE ] player 2 placing token on slot 11
[19:08:05.429] [SEVERE ] setting player 2 freeze to 0
[19:08:05.429] [SEVERE ] removing player 2 token from slot 5
[19:08:05.429] [SEVERE ] player 2 placing token on slot 9
[19:08:05.443] [SEVERE ] setting player 2 freeze to 0
[19:08:05.444] [SEVERE ] removing player 2 token from slot 11
[19:08:05.444] [SEVERE ] player 2 placing token on slot 5
[19:08:05.446] [SEVERE ] setting player 2 freeze to 0
[19:08:05.447] [SEVERE ] removing player 2 token from slot 8
[19:08:05.447] [SEVERE ] removing player 2 token from slot 5
[19:08:05.447] [SEVERE ] player 2 placing token on slot 10
[19:08:05.447] [SEVERE ] removing player 2 token from slot 9
[19:08:05.447] [SEVERE ] player 2 placing token on slot 11
[19:08:05.448] [SEVERE ] player 2 placing token on slot 5
[19:08:05.460] [SEVERE ] setting player 2 freeze to 0
[19:08:05.460] [SEVERE ] removing player 2 token from slot 5
[19:08:05.460] [SEVERE ] player 2 placing token on slot 4
[19:08:05.463] [SEVERE ] setting player 2 freeze to 0
[19:08:05.463] [SEVERE ] removing player 2 token from slot 11
[19:08:05.463] [SEVERE ] player 2 placing token on slot 2
[19:08:05.476] [SEVERE ] setting player 2 freeze to 0
[19:08:05.476] [SEVERE ] removing player 2 token from slot 10
[19:08:05.477] [SEVERE ] player 2 placing token on slot 11
[19:08:05.490] [SEVERE ] setting player 2 freeze to 0
[19:08:05.490] [SEVERE ] removing player 2 token from slot 2
[19:08:05.491] [SEVERE ] removing player 2 token from slot 4
[19:08:05.491] [SEVERE ] player 2 placing token on slot 9
[19:08:05.491] [SEVERE ] player 2 placing token on slot 0
[19:08:05.492] [SEVERE ] setting player 2 freeze to 0
[19:08:05.492] [SEVERE ] removing player 2 token from slot 11
[19:08:05.492] [SEVERE ] player 2 placing token on slot 6
[19:08:05.493] [SEVERE ] setting player 2 freeze to 0
[19:08:05.493] [SEVERE ] removing player 2 token from slot 9
[19:08:05.493] [SEVERE ] player 2 placing token on slot 5
[19:08:05.507] [SEVERE ] setting player 2 freeze to 0
[19:08:05.507] [SEVERE ] removing player 2 token from slot 6
[19:08:05.507] [SEVERE ] player 2 placing token on slot 1
[19:08:05.509] [SEVERE ] setting player 2 freeze to 0
[19:08:05.510] [SEVERE ] removing player 2 token from slot 5
[19:08:05.510] [SEVERE ] player 2 placing token on slot 2
[19:08:05.523] [SEVERE ] setting player 2 freeze to 0
[19:08:05.523] [SEVERE ] removing player 2 token from slot 2
[19:08:05.523] [SEVERE ] removing player 2 token from slot 1
[19:08:05.523] [SEVERE ] player 2 placing token on slot 5
[19:08:05.523] [SEVERE ] player 2 placing token on slot 2
[19:08:05.525] [SEVERE ] setting player 2 freeze to 0
[19:08:05.525] [SEVERE ] removing player 2 token from slot 0
[19:08:05.525] [SEVERE ] player 2 placing token on slot 11
[19:08:05.538] [SEVERE ] setting player 2 freeze to 0
[19:08:05.538] [SEVERE ] removing player 2 token from slot 5
[19:08:05.538] [SEVERE ] player 2 placing token on slot 10
[19:08:05.541] [SEVERE ] setting player 2 freeze to 0
[19:08:05.541] [SEVERE ] removing player 2 token from slot 11
[19:08:05.541] [SEVERE ] player 2 placing token on slot 3
[19:08:05.554] [SEVERE ] setting player 2 freeze to 0
[19:08:05.554] [SEVERE ] removing player 2 token from slot 3
[19:08:05.554] [SEVERE ] removing player 2 token from slot 10
[19:08:05.555] [SEVERE ] player 2 placing token on slot 10
[19:08:05.555] [SEVERE ] player 2 placing token on slot 8
[19:08:05.570] [SEVERE ] setting player 2 freeze to 0
[19:08:05.571] [SEVERE ] removing player 2 token from slot 10
[19:08:05.571] [SEVERE ] player 2 placing token on slot 3
[19:08:05.586] [SEVERE ] setting player 2 freeze to 0
[19:08:05.586] [SEVERE ] removing player 2 token from slot 3
[19:08:05.587] [SEVERE ] player 2 placing token on slot 1
[19:08:05.601] [SEVERE ] setting player 2 freeze to 0
[19:08:05.602] [SEVERE ] removing player 2 token from slot 8
[19:08:05.602] [SEVERE ] removing player 2 token from slot 2
[19:08:05.602] [SEVERE ] player 2 placing token on slot 4
[19:08:05.602] [SEVERE ] player 2 placing token on slot 0
[19:08:05.616] [SEVERE ] setting player 2 freeze to 0
[19:08:05.616] [SEVERE ] removing player 2 token from slot 4
[19:08:05.616] [SEVERE ] player 2 placing token on slot 10
[19:08:05.618] [SEVERE ] setting player 2 freeze to 0
[19:08:05.618] [SEVERE ] removing player 2 token from slot 0
[19:08:05.619] [SEVERE ] player 2 placing token on slot 8
[19:08:05.633] [SEVERE ] setting player 2 freeze to 0
[19:08:05.634] [SEVERE ] removing player 2 token from slot 10
[19:08:05.635] [SEVERE ] player 2 placing token on slot 2
[19:08:05.648] [SEVERE ] setting player 2 freeze to 0
[19:08:05.648] [SEVERE ] removing player 2 token from slot 2
[19:08:05.649] [SEVERE ] player 2 placing token on slot 4
[19:08:05.650] [SEVERE ] setting player 2 freeze to 0
[19:08:05.651] [SEVERE ] removing player 2 token from slot 4
[19:08:05.651] [SEVERE ] player 2 placing token on slot 7
[19:08:05.664] [SEVERE ] setting player 2 freeze to 0
[19:08:05.666] [SEVERE ] removing player 2 token from slot 7
[19:08:05.667] [SEVERE ] player 2 placing token on slot 0
[19:08:05.679] [SEVERE ] setting player 2 freeze to 0
[19:08:05.680] [SEVERE ] removing player 2 token from slot 0
[19:08:05.680] [SEVERE ] player 2 placing token on slot 11
[19:08:05.695] [SEVERE ] setting player 2 freeze to 0
[19:08:05.695] [SEVERE ] removing player 2 token from slot 8
[19:08:05.695] [SEVERE ] removing player 2 token from slot 11
[19:08:05.695] [SEVERE ] player 2 placing token on slot 2
[19:08:05.696] [SEVERE ] player 2 placing token on slot 10
[19:08:05.711] [SEVERE ] setting player 2 freeze to 0
[19:08:05.712] [SEVERE ] removing player 2 token from slot 10
[19:08:05.712] [SEVERE ] player 2 placing token on slot 8
[19:08:05.727] [SEVERE ] setting player 2 freeze to 0
[19:08:05.727] [SEVERE ] removing player 2 token from slot 1
[19:08:05.727] [SEVERE ] player 2 placing token on slot 1
[19:08:05.741] [SEVERE ] setting player 2 freeze to 0
[19:08:05.741] [SEVERE ] removing player 2 token from slot 2
[19:08:05.742] [SEVERE ] player 2 placing token on slot 0
[19:08:05.743] [SEVERE ] setting player 2 freeze to 0
[19:08:05.743] [SEVERE ] removing player 2 token from slot 8
[19:08:05.743] [SEVERE ] removing player 2 token from slot 1
[19:08:05.744] [SEVERE ] player 2 placing token on slot 11
[19:08:05.744] [SEVERE ] player 2 placing token on slot 2
[19:08:05.757] [SEVERE ] setting player 2 freeze to 0
[19:08:05.757] [SEVERE ] removing player 2 token from slot 11
[19:08:05.757] [SEVERE ] removing player 2 token from slot 2
[19:08:05.757] [SEVERE ] player 2 placing token on slot 4
[19:08:05.758] [SEVERE ] player 2 placing token on slot 2
[19:08:05.772] [SEVERE ] setting player 2 freeze to 0
[19:08:05.773] [SEVERE ] removing player 2 token from slot 4
[19:08:05.773] [SEVERE ] player 2 placing token on slot 5
[19:08:05.788] [SEVERE ] setting player 2 freeze to 0
[19:08:05.789] [SEVERE ] removing player 2 token from slot 0
[19:08:05.789] [SEVERE ] player 2 placing token on slot 10
[19:08:05.791] [SEVERE ] removing player 2 token from slot 2
[19:08:05.791] [SEVERE ] removing card from slot 2
[19:08:05.897] [SEVERE ] removing player 2 token from slot 5
[19:08:05.897] [SEVERE ] removing card from slot 5
[19:08:06.005] [SEVERE ] removing player 2 token from slot 10
[19:08:06.005] [SEVERE ] removing card from slot 10
[19:08:06.226] [SEVERE ] placing card 42 in slot 2
[19:08:06.336] [SEVERE ] placing card 32 in slot 5
[19:08:06.447] [SEVERE ] placing card 7 in slot 10
[19:08:06.447] [SEVERE ] updating countdown to 9000
[19:08:06.448] [SEVERE ] setting player 2 score to 2
[19:08:06.448] [SEVERE ] setting player 2 freeze to 0
[19:08:06.448] [SEVERE ] setting player 2 freeze to 0
[19:08:06.448] [SEVERE ] player 2 placing token on slot 9
[19:08:06.448] [SEVERE ] player 2 placing token on slot 11
[19:08:06.448] [SEVERE ] player 2 placing token on slot 1
[19:08:06.450] [SEVERE ] updating countdown to 8000
[19:08:06.450] [SEVERE ] setting player 2 freeze to 0
[19:08:06.450] [SEVERE ] removing player 2 token from slot 1
[19:08:06.450] [SEVERE ] player 2 placing token on slot 8
[19:08:07.451] [SEVERE ] setting player 2 freeze to 0
[19:08:07.453] [SEVERE ] removing player 2 token from slot 8
[19:08:07.453] [SEVERE ] player 2 placing token on slot 10
[19:08:07.453] [SEVERE ] updating countdown to 7000
[19:08:07.453] [SEVERE ] setting player 2 freeze to 0
[19:08:07.454] [SEVERE ] removing player 2 token from slot 11
[19:08:07.454] [SEVERE ] player 2 placing token on slot 0
[19:08:08.468] [SEVERE ] setting player 2 freeze to 0
[19:08:08.468] [SEVERE ] removing player 2 token from slot 9
[19:08:08.468] [SEVERE ] player 2 placing token on slot 11
[19:08:08.470] [SEVERE ] setting player 2 freeze to 0
[19:08:08.470] [SEVERE ] removing player 2 token from slot 10
[19:08:08.470] [SEVERE ] removing player 2 token from slot 11
[19:08:08.470] [SEVERE ] player 2 placing token on slot 2
[19:08:08.470] [SEVERE ] updating countdown to 6000
[19:08:08.470] [SEVERE ] player 2 placing token on slot 3
