[18:49:11.860] [INFO   ] thread main starting.
[18:49:11.861] [SEVERE ] cannot read configuration file config.properties trying from resources.
[18:49:11.861] [SEVERE ] configuration file was loaded from resources directory.
[18:49:12.564] [INFO   ] thread dealer starting.
[18:49:12.565] [INFO   ] thread player 0 starting.
[18:49:12.567] [INFO   ] thread player 1 starting.
[18:49:12.567] [INFO   ] thread dealer starting.
[18:49:12.567] [INFO   ] thread player 1 starting.
[18:49:12.567] [INFO   ] thread player 0 starting.
[18:49:12.684] [SEVERE ] placing card 20 in slot 0
[18:49:12.795] [SEVERE ] placing card 68 in slot 1
[18:49:12.906] [SEVERE ] placing card 49 in slot 2
[18:49:13.017] [SEVERE ] placing card 25 in slot 3
[18:49:13.125] [SEVERE ] placing card 76 in slot 4
[18:49:13.236] [SEVERE ] placing card 67 in slot 5
[18:49:13.342] [SEVERE ] placing card 42 in slot 6
[18:49:13.443] [SEVERE ] placing card 33 in slot 7
[18:49:13.546] [SEVERE ] placing card 72 in slot 8
[18:49:13.657] [SEVERE ] placing card 47 in slot 9
[18:49:13.767] [SEVERE ] placing card 18 in slot 10
[18:49:13.878] [SEVERE ] placing card 73 in slot 11
[18:49:14.892] [SEVERE ] updating countdown to 9000
[18:49:15.906] [SEVERE ] updating countdown to 8000
[18:49:16.919] [SEVERE ] updating countdown to 7000
[18:49:17.172] [SEVERE ] key 81 was pressed by player 1
[18:49:17.931] [SEVERE ] updating countdown to 6000
[18:49:18.942] [SEVERE ] updating countdown to 5000
[18:49:20.567] [SEVERE ] updating countdown to 4000
