[20:19:14.941] [INFO   ] thread main starting.
[20:19:14.962] [SEVERE ] cannot read configuration file config.properties trying from resources.
[20:19:14.962] [SEVERE ] configuration file was loaded from resources directory.
[20:19:15.876] [INFO   ] thread dealer starting.
[20:19:15.876] [INFO   ] thread player 0 starting.
[20:19:15.880] [INFO   ] thread player 1 starting.
[20:19:15.880] [INFO   ] thread player 0 starting.
[20:19:15.880] [INFO   ] thread dealer starting.
[20:19:15.882] [INFO   ] thread player 1 starting.
[20:19:16.002] [SEVERE ] placing card 19 in slot 0
[20:19:16.105] [SEVERE ] placing card 40 in slot 1
[20:19:16.216] [SEVERE ] placing card 48 in slot 2
[20:19:16.318] [SEVERE ] placing card 26 in slot 3
[20:19:16.430] [SEVERE ] placing card 4 in slot 4
[20:19:16.534] [SEVERE ] placing card 58 in slot 5
[20:19:16.637] [SEVERE ] placing card 53 in slot 6
[20:19:16.743] [SEVERE ] placing card 56 in slot 7
[20:19:16.850] [SEVERE ] placing card 16 in slot 8
[20:19:16.961] [SEVERE ] placing card 14 in slot 9
[20:19:17.072] [SEVERE ] placing card 11 in slot 10
[20:19:17.183] [SEVERE ] placing card 10 in slot 11
[20:19:18.767] [SEVERE ] updating countdown to 4000
[20:19:20.124] [SEVERE ] exit button pressed
[20:19:20.128] [SEVERE ] updating countdown to 4000
[20:19:20.128] [INFO   ] thread player 1 terminated.
[20:19:20.128] [SEVERE ] removing card from slot 0
[20:19:20.128] [INFO   ] thread player 0 terminated.
[20:19:20.238] [SEVERE ] removing card from slot 1
[20:19:20.349] [SEVERE ] removing card from slot 2
[20:19:20.460] [SEVERE ] removing card from slot 3
[20:19:20.572] [SEVERE ] removing card from slot 4
[20:19:20.682] [SEVERE ] removing card from slot 5
[20:19:20.791] [SEVERE ] removing card from slot 6
[20:19:20.902] [SEVERE ] removing card from slot 7
[20:19:21.015] [SEVERE ] removing card from slot 8
[20:19:21.119] [SEVERE ] removing card from slot 9
[20:19:21.235] [SEVERE ] removing card from slot 10
[20:19:21.338] [SEVERE ] removing card from slot 11
[20:19:21.450] [SEVERE ] announcing winner(s): player 1, player 2
[20:19:21.456] [INFO   ] thread dealer terminated.
[20:19:21.456] [INFO   ] thread dealer terminated.
[20:19:21.456] [SEVERE ] thanks for playing... it was fun!
[20:19:21.456] [INFO   ] thread main terminated.
