[19:10:16.722] [INFO   ] thread main starting.
[19:10:16.730] [SEVERE ] cannot read configuration file config.properties trying from resources.
[19:10:16.730] [SEVERE ] configuration file was loaded from resources directory.
[19:10:17.476] [INFO   ] thread dealer starting.
[19:10:17.476] [INFO   ] thread player 0 starting.
[19:10:17.482] [INFO   ] thread player 1 starting.
[19:10:17.482] [INFO   ] thread dealer starting.
[19:10:17.492] [INFO   ] thread player 1 starting.
[19:10:17.492] [INFO   ] thread player 0 starting.
[19:10:17.493] [INFO   ] thread computer-0 starting.
[19:10:17.494] [INFO   ] thread computer-1 starting.
[19:10:17.609] [SEVERE ] placing card 8 in slot 0
[19:10:17.720] [SEVERE ] placing card 35 in slot 1
[19:10:17.831] [SEVERE ] placing card 67 in slot 2
[19:10:17.942] [SEVERE ] placing card 7 in slot 3
[19:10:18.052] [SEVERE ] placing card 62 in slot 4
[19:10:18.163] [SEVERE ] placing card 74 in slot 5
[19:10:18.274] [SEVERE ] placing card 54 in slot 6
[19:10:18.385] [SEVERE ] placing card 36 in slot 7
[19:10:18.497] [SEVERE ] placing card 17 in slot 8
[19:10:18.607] [SEVERE ] placing card 52 in slot 9
[19:10:18.717] [SEVERE ] placing card 23 in slot 10
[19:10:18.827] [SEVERE ] placing card 71 in slot 11
[19:10:19.842] [SEVERE ] updating countdown to 9000
[19:10:19.842] [SEVERE ] player 1 placing token on slot 11
[19:10:19.842] [SEVERE ] player 2 placing token on slot 2
[19:10:19.842] [SEVERE ] player 1 placing token on slot 10
[19:10:19.842] [SEVERE ] player 2 placing token on slot 6
[19:10:19.842] [SEVERE ] player 1 placing token on slot 5
[19:10:19.842] [SEVERE ] player 2 placing token on slot 1
[19:10:20.852] [SEVERE ] updating countdown to 8000
[19:10:20.852] [SEVERE ] setting player 1 freeze to 0
[19:10:20.855] [SEVERE ] removing player 1 token from slot 5
[19:10:20.856] [SEVERE ] player 1 placing token on slot 6
[19:10:21.855] [SEVERE ] updating countdown to 7000
[19:10:21.856] [SEVERE ] setting player 2 freeze to 0
[19:10:21.857] [SEVERE ] removing player 2 token from slot 6
[19:10:21.857] [SEVERE ] setting player 1 freeze to 0
[19:10:21.858] [SEVERE ] player 2 placing token on slot 10
[19:10:21.858] [SEVERE ] removing player 1 token from slot 6
[19:10:21.859] [SEVERE ] player 1 placing token on slot 2
[19:10:22.869] [SEVERE ] updating countdown to 6000
[19:10:22.871] [SEVERE ] setting player 2 freeze to 0
[19:10:22.871] [SEVERE ] removing player 2 token from slot 2
[19:10:22.873] [SEVERE ] player 2 placing token on slot 3
[19:10:23.884] [SEVERE ] updating countdown to 5000
[19:10:23.885] [SEVERE ] setting player 1 freeze to 0
[19:10:23.885] [SEVERE ] removing player 1 token from slot 2
[19:10:23.887] [SEVERE ] player 1 placing token on slot 3
[19:10:23.900] [SEVERE ] setting player 2 freeze to 0
[19:10:23.901] [SEVERE ] removing player 2 token from slot 10
[19:10:23.902] [SEVERE ] setting player 1 freeze to 0
[19:10:23.902] [SEVERE ] player 2 placing token on slot 2
[19:10:23.902] [SEVERE ] removing player 1 token from slot 10
[19:10:23.903] [SEVERE ] player 1 placing token on slot 9
[19:10:23.904] [SEVERE ] setting player 2 freeze to 0
[19:10:23.904] [SEVERE ] removing player 2 token from slot 1
[19:10:23.904] [SEVERE ] setting player 1 freeze to 0
[19:10:23.904] [SEVERE ] player 2 placing token on slot 11
[19:10:23.904] [SEVERE ] removing player 1 token from slot 11
[19:10:23.907] [SEVERE ] player 1 placing token on slot 0
[19:10:23.920] [SEVERE ] setting player 2 freeze to 0
[19:10:23.920] [SEVERE ] removing player 2 token from slot 2
[19:10:23.920] [SEVERE ] player 2 placing token on slot 7
[19:10:23.945] [SEVERE ] setting player 1 freeze to 0
[19:10:23.945] [SEVERE ] removing player 1 token from slot 9
[19:10:23.945] [SEVERE ] player 1 placing token on slot 4
[19:10:23.961] [SEVERE ] setting player 2 freeze to 0
[19:10:23.962] [SEVERE ] removing player 2 token from slot 3
[19:10:23.962] [SEVERE ] player 2 placing token on slot 6
[19:10:23.978] [SEVERE ] setting player 1 freeze to 0
[19:10:23.978] [SEVERE ] removing player 1 token from slot 3
[19:10:23.978] [SEVERE ] player 1 placing token on slot 3
[19:10:23.995] [SEVERE ] setting player 2 freeze to 0
[19:10:23.995] [SEVERE ] removing player 2 token from slot 11
[19:10:23.997] [SEVERE ] removing player 2 token from slot 6
[19:10:23.997] [SEVERE ] player 2 placing token on slot 3
[19:10:23.997] [SEVERE ] player 2 placing token on slot 0
[19:10:24.012] [SEVERE ] setting player 1 freeze to 0
[19:10:24.012] [SEVERE ] removing player 1 token from slot 3
[19:10:24.012] [SEVERE ] removing player 1 token from slot 4
[19:10:24.014] [SEVERE ] player 1 placing token on slot 1
[19:10:24.015] [SEVERE ] player 1 placing token on slot 3
[19:10:24.028] [SEVERE ] setting player 2 freeze to 0
[19:10:24.028] [SEVERE ] removing player 2 token from slot 0
[19:10:24.028] [SEVERE ] removing player 2 token from slot 3
[19:10:24.028] [SEVERE ] player 2 placing token on slot 3
[19:10:24.028] [SEVERE ] player 2 placing token on slot 0
[19:10:24.045] [SEVERE ] setting player 1 freeze to 0
[19:10:24.045] [SEVERE ] removing player 1 token from slot 1
[19:10:24.045] [SEVERE ] player 1 placing token on slot 5
[19:10:24.061] [SEVERE ] setting player 2 freeze to 0
[19:10:24.061] [SEVERE ] removing player 2 token from slot 3
[19:10:24.061] [SEVERE ] player 2 placing token on slot 2
[19:10:24.078] [SEVERE ] setting player 1 freeze to 0
[19:10:24.078] [SEVERE ] removing player 1 token from slot 3
[19:10:24.080] [SEVERE ] player 1 placing token on slot 10
[19:10:24.095] [SEVERE ] setting player 2 freeze to 0
[19:10:24.096] [SEVERE ] removing player 2 token from slot 2
[19:10:24.096] [SEVERE ] removing player 2 token from slot 7
[19:10:24.096] [SEVERE ] player 2 placing token on slot 2
[19:10:24.096] [SEVERE ] player 2 placing token on slot 6
[19:10:24.112] [SEVERE ] setting player 1 freeze to 0
[19:10:24.112] [SEVERE ] removing player 1 token from slot 0
[19:10:24.112] [SEVERE ] player 1 placing token on slot 8
[19:10:24.145] [SEVERE ] setting player 2 freeze to 0
[19:10:24.145] [SEVERE ] removing player 2 token from slot 2
[19:10:24.147] [SEVERE ] player 2 placing token on slot 11
[19:10:24.161] [SEVERE ] setting player 1 freeze to 0
[19:10:24.163] [SEVERE ] removing player 1 token from slot 5
[19:10:24.163] [SEVERE ] removing player 1 token from slot 8
[19:10:24.163] [SEVERE ] player 1 placing token on slot 6
[19:10:24.163] [SEVERE ] player 1 placing token on slot 5
[19:10:24.178] [SEVERE ] setting player 2 freeze to 0
[19:10:24.178] [SEVERE ] removing player 2 token from slot 0
[19:10:24.178] [SEVERE ] removing player 2 token from slot 6
[19:10:24.178] [SEVERE ] player 2 placing token on slot 4
[19:10:24.182] [SEVERE ] player 2 placing token on slot 8
[19:10:24.195] [SEVERE ] setting player 1 freeze to 0
[19:10:24.196] [SEVERE ] removing player 1 token from slot 5
[19:10:24.196] [SEVERE ] player 1 placing token on slot 11
[19:10:24.211] [SEVERE ] setting player 2 freeze to 0
[19:10:24.211] [SEVERE ] removing player 2 token from slot 4
[19:10:24.213] [SEVERE ] player 2 placing token on slot 9
[19:10:24.229] [SEVERE ] setting player 1 freeze to 0
[19:10:24.229] [SEVERE ] removing player 1 token from slot 10
[19:10:24.229] [SEVERE ] removing player 1 token from slot 11
[19:10:24.229] [SEVERE ] player 1 placing token on slot 4
[19:10:24.229] [SEVERE ] player 1 placing token on slot 10
[19:10:24.244] [SEVERE ] setting player 2 freeze to 0
[19:10:24.244] [SEVERE ] removing player 2 token from slot 9
[19:10:24.244] [SEVERE ] player 2 placing token on slot 3
[19:10:24.262] [SEVERE ] setting player 1 freeze to 0
[19:10:24.262] [SEVERE ] removing player 1 token from slot 10
[19:10:24.263] [SEVERE ] player 1 placing token on slot 8
[19:10:24.277] [SEVERE ] setting player 2 freeze to 0
[19:10:24.277] [SEVERE ] removing player 2 token from slot 11
[19:10:24.277] [SEVERE ] player 2 placing token on slot 2
[19:10:24.296] [SEVERE ] setting player 1 freeze to 0
[19:10:24.296] [SEVERE ] removing player 1 token from slot 8
[19:10:24.296] [SEVERE ] player 1 placing token on slot 10
[19:10:24.312] [SEVERE ] setting player 2 freeze to 0
[19:10:24.312] [SEVERE ] removing player 2 token from slot 8
[19:10:24.313] [SEVERE ] player 2 placing token on slot 4
[19:10:24.328] [SEVERE ] setting player 1 freeze to 0
[19:10:24.328] [SEVERE ] removing player 1 token from slot 10
[19:10:24.328] [SEVERE ] player 1 placing token on slot 5
[19:10:24.345] [SEVERE ] setting player 2 freeze to 0
[19:10:24.345] [SEVERE ] removing player 2 token from slot 2
[19:10:24.345] [SEVERE ] player 2 placing token on slot 9
[19:10:24.362] [SEVERE ] setting player 1 freeze to 0
[19:10:24.362] [SEVERE ] removing player 1 token from slot 5
[19:10:24.364] [SEVERE ] player 1 placing token on slot 9
[19:10:24.378] [SEVERE ] setting player 2 freeze to 0
[19:10:24.378] [SEVERE ] removing player 2 token from slot 3
[19:10:24.378] [SEVERE ] player 2 placing token on slot 6
[19:10:24.395] [SEVERE ] setting player 1 freeze to 0
[19:10:24.396] [SEVERE ] removing player 1 token from slot 9
[19:10:24.396] [SEVERE ] player 1 placing token on slot 10
[19:10:24.412] [SEVERE ] setting player 2 freeze to 0
[19:10:24.412] [SEVERE ] removing player 2 token from slot 4
[19:10:24.413] [SEVERE ] player 2 placing token on slot 4
[19:10:24.429] [SEVERE ] setting player 1 freeze to 0
[19:10:24.429] [SEVERE ] removing player 1 token from slot 4
[19:10:24.430] [SEVERE ] player 1 placing token on slot 1
[19:10:24.445] [SEVERE ] setting player 2 freeze to 0
[19:10:24.445] [SEVERE ] removing player 2 token from slot 9
[19:10:24.445] [SEVERE ] removing player 2 token from slot 6
[19:10:24.445] [SEVERE ] player 2 placing token on slot 1
[19:10:24.445] [SEVERE ] player 2 placing token on slot 0
[19:10:24.461] [SEVERE ] setting player 1 freeze to 0
[19:10:24.461] [SEVERE ] removing player 1 token from slot 1
[19:10:24.461] [SEVERE ] player 1 placing token on slot 2
[19:10:24.478] [SEVERE ] removing player 2 token from slot 4
[19:10:24.480] [SEVERE ] removing card from slot 4
[19:10:24.584] [SEVERE ] removing player 2 token from slot 1
[19:10:24.584] [SEVERE ] removing card from slot 1
[19:10:24.695] [SEVERE ] removing player 2 token from slot 0
[19:10:24.695] [SEVERE ] removing card from slot 0
[19:10:24.917] [SEVERE ] placing card 11 in slot 0
[19:10:25.028] [SEVERE ] placing card 2 in slot 1
[19:10:25.139] [SEVERE ] placing card 44 in slot 4
[19:10:25.139] [SEVERE ] updating countdown to 9000
[19:10:25.139] [SEVERE ] updating countdown to 8000
[19:10:25.139] [SEVERE ] setting player 2 score to 1
[19:10:25.139] [SEVERE ] setting player 2 freeze to 0
[19:10:25.139] [SEVERE ] setting player 2 freeze to 0
[19:10:25.139] [SEVERE ] player 2 placing token on slot 0
[19:10:25.139] [SEVERE ] player 2 placing token on slot 7
[19:10:25.139] [SEVERE ] player 2 placing token on slot 2
[19:10:26.141] [SEVERE ] updating countdown to 7000
[19:10:26.142] [SEVERE ] setting player 1 freeze to 0
[19:10:26.144] [SEVERE ] removing player 1 token from slot 10
[19:10:26.144] [SEVERE ] removing player 1 token from slot 6
[19:10:26.144] [SEVERE ] player 1 placing token on slot 9
[19:10:26.144] [SEVERE ] removing player 1 token from slot 2
[19:10:26.144] [SEVERE ] player 1 placing token on slot 10
[19:10:26.144] [SEVERE ] player 1 placing token on slot 4
[19:10:27.147] [SEVERE ] updating countdown to 6000
[19:10:27.148] [SEVERE ] setting player 2 freeze to 0
[19:10:27.149] [SEVERE ] removing player 2 token from slot 2
[19:10:27.149] [SEVERE ] player 2 placing token on slot 9
[19:10:28.151] [SEVERE ] updating countdown to 5000
[19:10:28.151] [SEVERE ] setting player 1 freeze to 0
[19:10:28.153] [SEVERE ] removing player 1 token from slot 9
[19:10:28.153] [SEVERE ] player 1 placing token on slot 3
[19:10:28.167] [SEVERE ] setting player 2 freeze to 0
[19:10:28.167] [SEVERE ] removing player 2 token from slot 7
[19:10:28.167] [SEVERE ] removing player 2 token from slot 0
[19:10:28.170] [SEVERE ] player 2 placing token on slot 0
[19:10:28.170] [SEVERE ] player 2 placing token on slot 4
[19:10:28.182] [SEVERE ] setting player 1 freeze to 0
[19:10:28.182] [SEVERE ] removing player 1 token from slot 4
[19:10:28.182] [SEVERE ] player 1 placing token on slot 4
[19:10:28.196] [SEVERE ] setting player 2 freeze to 0
[19:10:28.198] [SEVERE ] removing player 2 token from slot 0
[19:10:28.200] [SEVERE ] player 2 placing token on slot 5
[19:10:28.211] [SEVERE ] setting player 1 freeze to 0
[19:10:28.212] [SEVERE ] removing player 1 token from slot 4
[19:10:28.212] [SEVERE ] player 1 placing token on slot 5
[19:10:28.227] [SEVERE ] setting player 2 freeze to 0
[19:10:28.227] [SEVERE ] removing player 2 token from slot 4
[19:10:28.228] [SEVERE ] removing player 2 token from slot 5
[19:10:28.228] [SEVERE ] player 2 placing token on slot 1
[19:10:28.228] [SEVERE ] player 2 placing token on slot 7
[19:10:28.261] [SEVERE ] setting player 1 freeze to 0
[19:10:28.262] [INFO   ] thread computer-0 terminated.
[19:10:28.278] [SEVERE ] setting player 2 freeze to 0
[19:10:28.278] [SEVERE ] removing player 2 token from slot 9
[19:10:28.278] [SEVERE ] player 2 placing token on slot 8
[19:10:28.295] [SEVERE ] setting player 2 freeze to 0
[19:10:28.295] [SEVERE ] removing player 2 token from slot 7
[19:10:28.295] [SEVERE ] player 2 placing token on slot 2
[19:10:28.311] [SEVERE ] setting player 2 freeze to 0
[19:10:28.311] [SEVERE ] removing player 2 token from slot 1
[19:10:28.311] [SEVERE ] player 2 placing token on slot 6
[19:10:28.335] [SEVERE ] setting player 2 freeze to 0
[19:10:28.336] [SEVERE ] removing player 2 token from slot 8
[19:10:28.336] [SEVERE ] player 2 placing token on slot 4
[19:10:28.359] [SEVERE ] setting player 2 freeze to 0
[19:10:28.360] [SEVERE ] removing player 2 token from slot 4
[19:10:28.360] [SEVERE ] player 2 placing token on slot 8
[19:10:28.375] [SEVERE ] setting player 2 freeze to 0
[19:10:28.376] [SEVERE ] removing player 2 token from slot 8
[19:10:28.376] [SEVERE ] player 2 placing token on slot 8
[19:10:28.391] [SEVERE ] setting player 2 freeze to 0
[19:10:28.392] [SEVERE ] removing player 2 token from slot 2
[19:10:28.392] [SEVERE ] player 2 placing token on slot 5
[19:10:28.407] [SEVERE ] setting player 2 freeze to 0
[19:10:28.408] [SEVERE ] removing player 2 token from slot 8
[19:10:28.408] [SEVERE ] player 2 placing token on slot 4
[19:10:28.423] [SEVERE ] setting player 2 freeze to 0
[19:10:28.424] [SEVERE ] removing player 2 token from slot 6
[19:10:28.424] [SEVERE ] removing player 2 token from slot 5
[19:10:28.424] [SEVERE ] player 2 placing token on slot 8
[19:10:28.424] [SEVERE ] player 2 placing token on slot 2
[19:10:28.444] [SEVERE ] setting player 2 freeze to 0
[19:10:28.444] [SEVERE ] removing player 2 token from slot 4
[19:10:28.446] [SEVERE ] removing player 2 token from slot 2
[19:10:28.446] [SEVERE ] player 2 placing token on slot 3
[19:10:28.446] [SEVERE ] player 2 placing token on slot 0
[19:10:28.461] [SEVERE ] setting player 2 freeze to 0
[19:10:28.462] [SEVERE ] removing player 2 token from slot 3
[19:10:28.462] [SEVERE ] player 2 placing token on slot 11
[19:10:28.477] [SEVERE ] setting player 2 freeze to 0
[19:10:28.478] [SEVERE ] removing player 2 token from slot 8
[19:10:28.478] [SEVERE ] removing player 2 token from slot 0
[19:10:28.478] [SEVERE ] player 2 placing token on slot 10
[19:10:28.478] [SEVERE ] removing player 2 token from slot 10
[19:10:28.478] [SEVERE ] player 2 placing token on slot 7
[19:10:28.478] [SEVERE ] removing player 2 token from slot 7
[19:10:28.478] [SEVERE ] player 2 placing token on slot 2
[19:10:28.478] [SEVERE ] player 2 placing token on slot 1
[19:10:28.494] [SEVERE ] setting player 2 freeze to 0
[19:10:28.494] [SEVERE ] removing player 2 token from slot 11
[19:10:28.494] [SEVERE ] removing player 2 token from slot 2
[19:10:28.494] [SEVERE ] player 2 placing token on slot 4
[19:10:28.494] [SEVERE ] removing player 2 token from slot 1
[19:10:28.494] [SEVERE ] player 2 placing token on slot 9
[19:10:28.494] [SEVERE ] player 2 placing token on slot 3
[19:10:28.509] [SEVERE ] setting player 2 freeze to 0
[19:10:28.509] [SEVERE ] removing player 2 token from slot 4
[19:10:28.509] [SEVERE ] player 2 placing token on slot 7
[19:10:28.525] [SEVERE ] setting player 2 freeze to 0
[19:10:28.525] [SEVERE ] removing player 2 token from slot 3
[19:10:28.526] [SEVERE ] player 2 placing token on slot 10
[19:10:28.541] [SEVERE ] setting player 2 freeze to 0
[19:10:28.542] [SEVERE ] removing player 2 token from slot 7
[19:10:28.542] [SEVERE ] player 2 placing token on slot 0
[19:10:28.556] [SEVERE ] setting player 2 freeze to 0
[19:10:28.558] [SEVERE ] removing player 2 token from slot 0
[19:10:28.558] [SEVERE ] player 2 placing token on slot 2
[19:10:28.572] [SEVERE ] setting player 2 freeze to 0
[19:10:28.572] [SEVERE ] removing player 2 token from slot 10
[19:10:28.574] [SEVERE ] player 2 placing token on slot 10
[19:10:28.588] [SEVERE ] setting player 2 freeze to 0
[19:10:28.590] [SEVERE ] removing player 2 token from slot 10
[19:10:28.590] [SEVERE ] player 2 placing token on slot 10
[19:10:28.611] [SEVERE ] setting player 2 freeze to 0
[19:10:28.611] [SEVERE ] removing player 2 token from slot 10
[19:10:28.611] [SEVERE ] player 2 placing token on slot 5
[19:10:28.628] [SEVERE ] setting player 2 freeze to 0
[19:10:28.628] [SEVERE ] removing player 2 token from slot 9
[19:10:28.628] [SEVERE ] player 2 placing token on slot 8
[19:10:28.645] [SEVERE ] setting player 2 freeze to 0
[19:10:28.645] [SEVERE ] removing player 2 token from slot 2
[19:10:28.645] [SEVERE ] player 2 placing token on slot 7
[19:10:28.661] [SEVERE ] setting player 2 freeze to 0
[19:10:28.662] [SEVERE ] removing player 2 token from slot 7
[19:10:28.662] [SEVERE ] removing player 2 token from slot 5
[19:10:28.662] [SEVERE ] player 2 placing token on slot 11
[19:10:28.662] [SEVERE ] player 2 placing token on slot 3
[19:10:28.677] [SEVERE ] setting player 2 freeze to 0
[19:10:28.679] [SEVERE ] removing player 2 token from slot 11
[19:10:28.679] [SEVERE ] player 2 placing token on slot 6
[19:10:28.694] [SEVERE ] setting player 2 freeze to 0
[19:10:28.694] [SEVERE ] removing player 2 token from slot 8
[19:10:28.694] [SEVERE ] player 2 placing token on slot 0
[19:10:28.710] [SEVERE ] setting player 2 freeze to 0
[19:10:28.710] [SEVERE ] removing player 2 token from slot 0
[19:10:28.710] [SEVERE ] player 2 placing token on slot 9
[19:10:28.727] [SEVERE ] setting player 2 freeze to 0
[19:10:28.727] [SEVERE ] removing player 2 token from slot 9
[19:10:28.727] [SEVERE ] player 2 placing token on slot 11
[19:10:28.744] [SEVERE ] setting player 2 freeze to 0
[19:10:28.744] [SEVERE ] removing player 2 token from slot 11
[19:10:28.746] [SEVERE ] player 2 placing token on slot 4
[19:10:28.760] [SEVERE ] setting player 2 freeze to 0
[19:10:28.761] [SEVERE ] removing player 2 token from slot 6
[19:10:28.761] [SEVERE ] player 2 placing token on slot 9
[19:10:28.775] [SEVERE ] setting player 2 freeze to 0
[19:10:28.775] [SEVERE ] removing player 2 token from slot 3
[19:10:28.777] [SEVERE ] player 2 placing token on slot 3
[19:10:28.794] [SEVERE ] setting player 2 freeze to 0
[19:10:28.794] [SEVERE ] removing player 2 token from slot 9
[19:10:28.794] [SEVERE ] player 2 placing token on slot 6
[19:10:28.811] [SEVERE ] setting player 2 freeze to 0
[19:10:28.811] [SEVERE ] removing player 2 token from slot 4
[19:10:28.811] [SEVERE ] player 2 placing token on slot 4
[19:10:28.826] [SEVERE ] setting player 2 freeze to 0
[19:10:28.826] [SEVERE ] removing player 2 token from slot 6
[19:10:28.827] [SEVERE ] player 2 placing token on slot 2
[19:10:28.841] [SEVERE ] setting player 2 freeze to 0
[19:10:28.843] [SEVERE ] removing player 2 token from slot 4
[19:10:28.843] [SEVERE ] player 2 placing token on slot 1
[19:10:28.857] [SEVERE ] setting player 2 freeze to 0
[19:10:28.857] [SEVERE ] removing player 2 token from slot 2
[19:10:28.857] [SEVERE ] player 2 placing token on slot 2
[19:10:28.877] [SEVERE ] setting player 2 freeze to 0
[19:10:28.877] [SEVERE ] removing player 2 token from slot 2
[19:10:28.878] [SEVERE ] player 2 placing token on slot 5
[19:10:28.893] [SEVERE ] setting player 2 freeze to 0
[19:10:28.893] [SEVERE ] removing player 2 token from slot 3
[19:10:28.893] [SEVERE ] player 2 placing token on slot 10
[19:10:28.914] [SEVERE ] setting player 2 freeze to 0
[19:10:28.914] [SEVERE ] removing player 2 token from slot 5
[19:10:28.914] [SEVERE ] player 2 placing token on slot 4
[19:10:28.925] [SEVERE ] setting player 2 freeze to 0
[19:10:28.925] [SEVERE ] removing player 2 token from slot 4
[19:10:28.925] [SEVERE ] player 2 placing token on slot 9
[19:10:28.941] [SEVERE ] setting player 2 freeze to 0
[19:10:28.942] [SEVERE ] removing player 2 token from slot 9
[19:10:28.942] [SEVERE ] player 2 placing token on slot 4
[19:10:28.960] [SEVERE ] setting player 2 freeze to 0
[19:10:28.960] [SEVERE ] removing player 2 token from slot 4
[19:10:28.962] [SEVERE ] player 2 placing token on slot 9
[19:10:28.978] [SEVERE ] setting player 2 freeze to 0
[19:10:28.978] [SEVERE ] removing player 2 token from slot 9
[19:10:28.978] [SEVERE ] player 2 placing token on slot 11
[19:10:28.994] [SEVERE ] setting player 2 freeze to 0
[19:10:28.994] [SEVERE ] removing player 2 token from slot 1
[19:10:28.994] [SEVERE ] player 2 placing token on slot 2
[19:10:29.011] [SEVERE ] setting player 2 freeze to 0
[19:10:29.011] [SEVERE ] removing player 2 token from slot 10
[19:10:29.013] [SEVERE ] player 2 placing token on slot 3
[19:10:29.028] [SEVERE ] setting player 2 freeze to 0
[19:10:29.028] [SEVERE ] removing player 2 token from slot 11
[19:10:29.028] [SEVERE ] removing player 2 token from slot 3
[19:10:29.028] [SEVERE ] player 2 placing token on slot 0
[19:10:29.029] [SEVERE ] player 2 placing token on slot 11
[19:10:29.043] [SEVERE ] setting player 2 freeze to 0
[19:10:29.045] [SEVERE ] removing player 2 token from slot 2
[19:10:29.045] [SEVERE ] removing player 2 token from slot 0
[19:10:29.046] [SEVERE ] player 2 placing token on slot 8
[19:10:29.046] [SEVERE ] player 2 placing token on slot 6
[19:10:29.062] [SEVERE ] setting player 2 freeze to 0
[19:10:29.062] [SEVERE ] removing player 2 token from slot 11
[19:10:29.062] [SEVERE ] player 2 placing token on slot 7
[19:10:29.094] [SEVERE ] setting player 2 freeze to 0
[19:10:29.094] [SEVERE ] removing player 2 token from slot 6
[19:10:29.096] [SEVERE ] player 2 placing token on slot 11
[19:10:29.110] [SEVERE ] setting player 2 freeze to 0
[19:10:29.111] [SEVERE ] removing player 2 token from slot 8
[19:10:29.111] [SEVERE ] player 2 placing token on slot 8
[19:10:29.127] [SEVERE ] setting player 2 freeze to 0
[19:10:29.127] [SEVERE ] removing player 2 token from slot 7
[19:10:29.129] [SEVERE ] removing player 2 token from slot 8
[19:10:29.129] [SEVERE ] player 2 placing token on slot 8
[19:10:29.129] [SEVERE ] player 2 placing token on slot 6
[19:10:29.144] [SEVERE ] setting player 2 freeze to 0
[19:10:29.144] [SEVERE ] removing player 2 token from slot 11
[19:10:29.146] [SEVERE ] player 2 placing token on slot 10
[19:10:29.160] [SEVERE ] setting player 2 freeze to 0
[19:10:29.162] [SEVERE ] removing player 2 token from slot 10
[19:10:29.162] [SEVERE ] player 2 placing token on slot 11
[19:10:29.177] [SEVERE ] setting player 2 freeze to 0
[19:10:29.177] [SEVERE ] removing player 2 token from slot 8
[19:10:29.177] [SEVERE ] player 2 placing token on slot 3
[19:10:29.195] [SEVERE ] setting player 2 freeze to 0
[19:10:29.195] [SEVERE ] removing player 2 token from slot 6
[19:10:29.195] [SEVERE ] player 2 placing token on slot 1
[19:10:29.210] [SEVERE ] setting player 2 freeze to 0
[19:10:29.210] [SEVERE ] removing player 2 token from slot 1
[19:10:29.211] [SEVERE ] player 2 placing token on slot 4
[19:10:29.228] [SEVERE ] setting player 2 freeze to 0
[19:10:29.228] [SEVERE ] removing player 2 token from slot 3
[19:10:29.230] [SEVERE ] player 2 placing token on slot 10
[19:10:29.245] [SEVERE ] setting player 2 freeze to 0
[19:10:29.245] [SEVERE ] removing player 2 token from slot 11
[19:10:29.245] [SEVERE ] removing player 2 token from slot 4
[19:10:29.245] [SEVERE ] player 2 placing token on slot 7
[19:10:29.245] [SEVERE ] player 2 placing token on slot 4
[19:10:29.260] [SEVERE ] setting player 2 freeze to 0
[19:10:29.262] [SEVERE ] removing player 2 token from slot 10
[19:10:29.262] [SEVERE ] player 2 placing token on slot 11
[19:10:29.277] [SEVERE ] setting player 2 freeze to 0
[19:10:29.278] [SEVERE ] removing player 2 token from slot 4
[19:10:29.278] [SEVERE ] player 2 placing token on slot 5
[19:10:29.293] [SEVERE ] setting player 2 freeze to 0
[19:10:29.293] [SEVERE ] removing player 2 token from slot 11
[19:10:29.293] [SEVERE ] player 2 placing token on slot 8
[19:10:29.310] [SEVERE ] setting player 2 freeze to 0
[19:10:29.311] [SEVERE ] removing player 2 token from slot 7
[19:10:29.311] [SEVERE ] player 2 placing token on slot 2
[19:10:29.327] [SEVERE ] setting player 2 freeze to 0
[19:10:29.328] [SEVERE ] removing player 2 token from slot 8
[19:10:29.328] [SEVERE ] player 2 placing token on slot 3
[19:10:29.343] [SEVERE ] setting player 2 freeze to 0
[19:10:29.344] [SEVERE ] removing player 2 token from slot 2
[19:10:29.344] [SEVERE ] player 2 placing token on slot 6
[19:10:29.359] [SEVERE ] setting player 2 freeze to 0
[19:10:29.360] [SEVERE ] removing player 2 token from slot 3
[19:10:29.360] [SEVERE ] player 2 placing token on slot 4
[19:10:29.377] [SEVERE ] setting player 2 freeze to 0
[19:10:29.377] [SEVERE ] removing player 2 token from slot 5
[19:10:29.377] [SEVERE ] player 2 placing token on slot 8
[19:10:29.404] [SEVERE ] setting player 2 freeze to 0
[19:10:29.405] [SEVERE ] removing player 2 token from slot 8
[19:10:29.405] [SEVERE ] player 2 placing token on slot 11
[19:10:29.420] [SEVERE ] setting player 2 freeze to 0
[19:10:29.421] [SEVERE ] removing player 2 token from slot 4
[19:10:29.421] [SEVERE ] removing player 2 token from slot 11
[19:10:29.421] [SEVERE ] player 2 placing token on slot 9
[19:10:29.421] [SEVERE ] player 2 placing token on slot 3
[19:10:29.437] [SEVERE ] setting player 2 freeze to 0
[19:10:29.437] [SEVERE ] removing player 2 token from slot 9
[19:10:29.438] [SEVERE ] player 2 placing token on slot 7
[19:10:29.453] [SEVERE ] setting player 2 freeze to 0
[19:10:29.453] [SEVERE ] removing player 2 token from slot 7
[19:10:29.453] [SEVERE ] player 2 placing token on slot 11
[19:10:29.470] [SEVERE ] setting player 2 freeze to 0
[19:10:29.471] [SEVERE ] removing player 2 token from slot 11
[19:10:29.471] [SEVERE ] player 2 placing token on slot 1
[19:10:29.487] [SEVERE ] setting player 2 freeze to 0
[19:10:29.487] [SEVERE ] removing player 2 token from slot 1
[19:10:29.487] [SEVERE ] removing player 2 token from slot 6
[19:10:29.487] [SEVERE ] player 2 placing token on slot 1
[19:10:29.487] [SEVERE ] player 2 placing token on slot 0
[19:10:29.511] [SEVERE ] setting player 2 freeze to 0
[19:10:29.511] [SEVERE ] removing player 2 token from slot 0
[19:10:29.511] [SEVERE ] player 2 placing token on slot 2
[19:10:29.529] [SEVERE ] setting player 2 freeze to 0
[19:10:29.529] [SEVERE ] removing player 2 token from slot 1
[19:10:29.529] [SEVERE ] removing player 2 token from slot 3
[19:10:29.529] [SEVERE ] player 2 placing token on slot 7
[19:10:29.529] [SEVERE ] removing player 2 token from slot 2
[19:10:29.529] [SEVERE ] player 2 placing token on slot 11
[19:10:29.529] [SEVERE ] player 2 placing token on slot 3
[19:10:29.542] [SEVERE ] setting player 2 freeze to 0
[19:10:29.543] [SEVERE ] removing player 2 token from slot 11
[19:10:29.543] [SEVERE ] player 2 placing token on slot 5
[19:10:29.560] [SEVERE ] setting player 2 freeze to 0
[19:10:29.560] [SEVERE ] removing player 2 token from slot 7
[19:10:29.560] [SEVERE ] player 2 placing token on slot 1
[19:10:29.581] [SEVERE ] setting player 2 freeze to 0
[19:10:29.581] [SEVERE ] removing player 2 token from slot 5
[19:10:29.581] [SEVERE ] player 2 placing token on slot 4
[19:10:29.598] [SEVERE ] setting player 2 freeze to 0
[19:10:29.598] [SEVERE ] removing player 2 token from slot 4
[19:10:29.599] [SEVERE ] player 2 placing token on slot 8
[19:10:29.615] [SEVERE ] setting player 2 freeze to 0
[19:10:29.615] [SEVERE ] removing player 2 token from slot 3
[19:10:29.615] [SEVERE ] player 2 placing token on slot 3
[19:10:29.631] [SEVERE ] setting player 2 freeze to 0
[19:10:29.631] [SEVERE ] removing player 2 token from slot 1
[19:10:29.631] [SEVERE ] player 2 placing token on slot 6
[19:10:29.646] [SEVERE ] setting player 2 freeze to 0
[19:10:29.647] [SEVERE ] removing player 2 token from slot 8
[19:10:29.648] [SEVERE ] removing player 2 token from slot 6
[19:10:29.648] [SEVERE ] player 2 placing token on slot 10
[19:10:29.648] [SEVERE ] player 2 placing token on slot 5
[19:10:29.672] [SEVERE ] setting player 2 freeze to 0
[19:10:29.673] [SEVERE ] removing player 2 token from slot 3
[19:10:29.673] [SEVERE ] removing player 2 token from slot 10
[19:10:29.673] [SEVERE ] player 2 placing token on slot 0
[19:10:29.673] [SEVERE ] player 2 placing token on slot 4
[19:10:29.688] [SEVERE ] setting player 2 freeze to 0
[19:10:29.689] [SEVERE ] removing player 2 token from slot 4
[19:10:29.689] [SEVERE ] player 2 placing token on slot 1
[19:10:29.705] [SEVERE ] setting player 2 freeze to 0
[19:10:29.705] [SEVERE ] removing player 2 token from slot 5
[19:10:29.705] [SEVERE ] player 2 placing token on slot 8
[19:10:29.721] [SEVERE ] setting player 2 freeze to 0
[19:10:29.721] [SEVERE ] removing player 2 token from slot 8
[19:10:29.721] [SEVERE ] player 2 placing token on slot 6
[19:10:29.736] [SEVERE ] setting player 2 freeze to 0
[19:10:29.737] [SEVERE ] removing player 2 token from slot 0
[19:10:29.737] [SEVERE ] removing player 2 token from slot 6
[19:10:29.737] [SEVERE ] player 2 placing token on slot 3
[19:10:29.737] [SEVERE ] player 2 placing token on slot 8
[19:10:29.761] [SEVERE ] setting player 2 freeze to 0
[19:10:29.762] [SEVERE ] removing player 2 token from slot 3
[19:10:29.762] [SEVERE ] player 2 placing token on slot 9
[19:10:29.777] [SEVERE ] setting player 2 freeze to 0
[19:10:29.778] [SEVERE ] removing player 2 token from slot 9
[19:10:29.778] [SEVERE ] player 2 placing token on slot 9
[19:10:29.794] [SEVERE ] setting player 2 freeze to 0
[19:10:29.795] [SEVERE ] removing player 2 token from slot 1
[19:10:29.795] [SEVERE ] player 2 placing token on slot 4
[19:10:29.811] [SEVERE ] setting player 2 freeze to 0
[19:10:29.811] [SEVERE ] removing player 2 token from slot 8
[19:10:29.811] [SEVERE ] player 2 placing token on slot 1
[19:10:29.827] [SEVERE ] setting player 2 freeze to 0
[19:10:29.828] [SEVERE ] removing player 2 token from slot 9
[19:10:29.828] [SEVERE ] player 2 placing token on slot 2
[19:10:29.845] [SEVERE ] setting player 2 freeze to 0
[19:10:29.845] [SEVERE ] removing player 2 token from slot 4
[19:10:29.845] [SEVERE ] player 2 placing token on slot 0
[19:10:29.861] [SEVERE ] setting player 2 freeze to 0
[19:10:29.861] [SEVERE ] removing player 2 token from slot 2
[19:10:29.861] [SEVERE ] player 2 placing token on slot 4
[19:10:29.877] [SEVERE ] setting player 2 freeze to 0
[19:10:29.879] [SEVERE ] removing player 2 token from slot 4
[19:10:29.879] [SEVERE ] player 2 placing token on slot 2
[19:10:29.893] [SEVERE ] updating countdown to 4000
[19:10:29.893] [SEVERE ] setting player 2 freeze to 0
[19:10:29.893] [SEVERE ] removing player 2 token from slot 2
[19:10:29.895] [SEVERE ] player 2 placing token on slot 7
[19:10:29.909] [SEVERE ] setting player 2 freeze to 0
[19:10:29.909] [SEVERE ] removing player 2 token from slot 7
[19:10:29.910] [SEVERE ] player 2 placing token on slot 8
[19:10:29.927] [SEVERE ] setting player 2 freeze to 0
[19:10:29.928] [SEVERE ] removing player 2 token from slot 8
[19:10:29.928] [SEVERE ] removing player 2 token from slot 0
[19:10:29.928] [SEVERE ] player 2 placing token on slot 11
[19:10:29.928] [SEVERE ] removing player 2 token from slot 11
[19:10:29.928] [SEVERE ] player 2 placing token on slot 9
[19:10:29.928] [SEVERE ] player 2 placing token on slot 4
[19:10:29.944] [SEVERE ] setting player 2 freeze to 0
[19:10:29.944] [SEVERE ] removing player 2 token from slot 9
[19:10:29.945] [SEVERE ] removing player 2 token from slot 1
[19:10:29.945] [SEVERE ] player 2 placing token on slot 8
[19:10:29.945] [SEVERE ] player 2 placing token on slot 0
[19:10:29.960] [SEVERE ] setting player 2 freeze to 0
[19:10:29.960] [SEVERE ] removing player 2 token from slot 8
[19:10:29.960] [SEVERE ] removing player 2 token from slot 4
[19:10:29.960] [SEVERE ] player 2 placing token on slot 11
[19:10:29.960] [SEVERE ] player 2 placing token on slot 7
[19:10:29.976] [SEVERE ] setting player 2 freeze to 0
[19:10:29.977] [SEVERE ] removing player 2 token from slot 0
[19:10:29.977] [SEVERE ] player 2 placing token on slot 8
[19:10:29.992] [SEVERE ] setting player 2 freeze to 0
[19:10:29.992] [SEVERE ] removing player 2 token from slot 8
[19:10:29.993] [SEVERE ] player 2 placing token on slot 5
[19:10:30.010] [SEVERE ] setting player 2 freeze to 0
[19:10:30.010] [SEVERE ] removing player 2 token from slot 11
[19:10:30.012] [SEVERE ] player 2 placing token on slot 11
[19:10:30.027] [SEVERE ] setting player 2 freeze to 0
[19:10:30.028] [SEVERE ] removing player 2 token from slot 11
[19:10:30.028] [SEVERE ] player 2 placing token on slot 2
[19:10:30.045] [SEVERE ] setting player 2 freeze to 0
[19:10:30.045] [SEVERE ] removing player 2 token from slot 7
[19:10:30.045] [SEVERE ] player 2 placing token on slot 11
[19:10:30.060] [SEVERE ] setting player 2 freeze to 0
[19:10:30.060] [SEVERE ] removing player 2 token from slot 5
[19:10:30.060] [SEVERE ] player 2 placing token on slot 4
[19:10:30.078] [SEVERE ] setting player 2 freeze to 0
[19:10:30.078] [SEVERE ] removing player 2 token from slot 4
[19:10:30.078] [SEVERE ] player 2 placing token on slot 6
[19:10:30.094] [SEVERE ] setting player 2 freeze to 0
[19:10:30.094] [SEVERE ] removing player 2 token from slot 11
[19:10:30.094] [SEVERE ] player 2 placing token on slot 8
[19:10:30.110] [SEVERE ] setting player 2 freeze to 0
[19:10:30.110] [SEVERE ] removing player 2 token from slot 2
[19:10:30.110] [SEVERE ] player 2 placing token on slot 4
[19:10:30.127] [SEVERE ] setting player 2 freeze to 0
[19:10:30.128] [SEVERE ] removing player 2 token from slot 6
[19:10:30.128] [SEVERE ] removing player 2 token from slot 8
[19:10:30.128] [SEVERE ] player 2 placing token on slot 2
[19:10:30.128] [SEVERE ] removing player 2 token from slot 4
[19:10:30.128] [SEVERE ] player 2 placing token on slot 11
[19:10:30.128] [SEVERE ] player 2 placing token on slot 5
[19:10:30.145] [SEVERE ] setting player 2 freeze to 0
[19:10:30.145] [SEVERE ] removing player 2 token from slot 11
[19:10:30.145] [SEVERE ] player 2 placing token on slot 4
[19:10:30.161] [SEVERE ] setting player 2 freeze to 0
[19:10:30.162] [SEVERE ] removing player 2 token from slot 5
[19:10:30.162] [SEVERE ] player 2 placing token on slot 6
[19:10:30.177] [SEVERE ] setting player 2 freeze to 0
[19:10:30.177] [SEVERE ] removing player 2 token from slot 6
[19:10:30.177] [SEVERE ] player 2 placing token on slot 10
[19:10:30.193] [SEVERE ] setting player 2 freeze to 0
[19:10:30.193] [SEVERE ] removing player 2 token from slot 10
[19:10:30.193] [SEVERE ] player 2 placing token on slot 11
[19:10:30.208] [SEVERE ] setting player 2 freeze to 0
[19:10:30.210] [SEVERE ] removing player 2 token from slot 11
[19:10:30.210] [SEVERE ] player 2 placing token on slot 0
[19:10:30.241] [SEVERE ] setting player 2 freeze to 0
[19:10:30.242] [SEVERE ] removing player 2 token from slot 2
[19:10:30.242] [SEVERE ] player 2 placing token on slot 9
[19:10:30.262] [SEVERE ] setting player 2 freeze to 0
[19:10:30.262] [SEVERE ] removing player 2 token from slot 9
[19:10:30.263] [SEVERE ] player 2 placing token on slot 10
[19:10:30.278] [SEVERE ] setting player 2 freeze to 0
[19:10:30.278] [SEVERE ] removing player 2 token from slot 4
[19:10:30.279] [SEVERE ] player 2 placing token on slot 6
[19:10:30.294] [SEVERE ] setting player 2 freeze to 0
[19:10:30.295] [SEVERE ] removing player 2 token from slot 0
[19:10:30.295] [SEVERE ] player 2 placing token on slot 5
[19:10:30.310] [SEVERE ] setting player 2 freeze to 0
[19:10:30.310] [SEVERE ] removing player 2 token from slot 6
[19:10:30.310] [SEVERE ] player 2 placing token on slot 2
[19:10:30.327] [SEVERE ] setting player 2 freeze to 0
[19:10:30.328] [SEVERE ] removing player 2 token from slot 2
[19:10:30.328] [SEVERE ] player 2 placing token on slot 4
[19:10:30.343] [SEVERE ] setting player 2 freeze to 0
[19:10:30.344] [SEVERE ] removing player 2 token from slot 4
[19:10:30.344] [SEVERE ] player 2 placing token on slot 7
[19:10:30.360] [SEVERE ] setting player 2 freeze to 0
[19:10:30.360] [SEVERE ] removing player 2 token from slot 5
[19:10:30.360] [SEVERE ] player 2 placing token on slot 9
[19:10:30.377] [SEVERE ] setting player 2 freeze to 0
[19:10:30.377] [SEVERE ] removing player 2 token from slot 10
[19:10:30.377] [SEVERE ] player 2 placing token on slot 11
[19:10:30.393] [SEVERE ] setting player 2 freeze to 0
[19:10:30.395] [SEVERE ] removing player 2 token from slot 9
[19:10:30.395] [SEVERE ] removing player 2 token from slot 11
[19:10:30.395] [SEVERE ] player 2 placing token on slot 1
[19:10:30.395] [SEVERE ] player 2 placing token on slot 8
[19:10:30.410] [SEVERE ] setting player 2 freeze to 0
[19:10:30.411] [SEVERE ] removing player 2 token from slot 8
[19:10:30.411] [SEVERE ] player 2 placing token on slot 2
[19:10:30.427] [SEVERE ] setting player 2 freeze to 0
[19:10:30.428] [SEVERE ] removing player 2 token from slot 1
[19:10:30.428] [SEVERE ] player 2 placing token on slot 11
[19:10:30.444] [SEVERE ] setting player 2 freeze to 0
[19:10:30.444] [SEVERE ] removing player 2 token from slot 11
[19:10:30.444] [SEVERE ] removing player 2 token from slot 2
[19:10:30.444] [SEVERE ] player 2 placing token on slot 3
[19:10:30.444] [SEVERE ] player 2 placing token on slot 9
[19:10:30.460] [SEVERE ] setting player 2 freeze to 0
[19:10:30.461] [SEVERE ] removing player 2 token from slot 9
[19:10:30.461] [SEVERE ] player 2 placing token on slot 2
[19:10:30.477] [SEVERE ] setting player 2 freeze to 0
[19:10:30.477] [SEVERE ] removing player 2 token from slot 7
[19:10:30.477] [SEVERE ] player 2 placing token on slot 6
[19:10:30.494] [SEVERE ] setting player 2 freeze to 0
[19:10:30.494] [SEVERE ] removing player 2 token from slot 3
[19:10:30.494] [SEVERE ] removing player 2 token from slot 2
[19:10:30.494] [SEVERE ] player 2 placing token on slot 3
[19:10:30.494] [SEVERE ] player 2 placing token on slot 10
[19:10:30.510] [SEVERE ] setting player 2 freeze to 0
[19:10:30.511] [SEVERE ] removing player 2 token from slot 10
[19:10:30.511] [SEVERE ] removing player 2 token from slot 6
[19:10:30.511] [SEVERE ] player 2 placing token on slot 6
[19:10:30.511] [SEVERE ] player 2 placing token on slot 11
[19:10:30.527] [SEVERE ] setting player 2 freeze to 0
[19:10:30.528] [SEVERE ] removing player 2 token from slot 3
[19:10:30.528] [SEVERE ] player 2 placing token on slot 4
[19:10:30.544] [SEVERE ] setting player 2 freeze to 0
[19:10:30.544] [SEVERE ] removing player 2 token from slot 4
[19:10:30.544] [SEVERE ] player 2 placing token on slot 8
[19:10:30.561] [SEVERE ] setting player 2 freeze to 0
[19:10:30.561] [SEVERE ] removing player 2 token from slot 8
[19:10:30.561] [SEVERE ] player 2 placing token on slot 8
[19:10:30.577] [SEVERE ] setting player 2 freeze to 0
[19:10:30.577] [SEVERE ] removing player 2 token from slot 11
[19:10:30.577] [SEVERE ] player 2 placing token on slot 4
[19:10:30.595] [SEVERE ] setting player 2 freeze to 0
[19:10:30.595] [SEVERE ] removing player 2 token from slot 6
[19:10:30.596] [SEVERE ] player 2 placing token on slot 5
[19:10:30.611] [SEVERE ] setting player 2 freeze to 0
[19:10:30.611] [SEVERE ] removing player 2 token from slot 8
[19:10:30.612] [SEVERE ] player 2 placing token on slot 3
[19:10:30.627] [SEVERE ] setting player 2 freeze to 0
[19:10:30.627] [SEVERE ] removing player 2 token from slot 3
[19:10:30.627] [SEVERE ] player 2 placing token on slot 9
[19:10:30.644] [SEVERE ] setting player 2 freeze to 0
[19:10:30.644] [SEVERE ] removing player 2 token from slot 9
[19:10:30.644] [SEVERE ] player 2 placing token on slot 1
[19:10:30.659] [SEVERE ] setting player 2 freeze to 0
[19:10:30.659] [SEVERE ] removing player 2 token from slot 1
[19:10:30.660] [SEVERE ] player 2 placing token on slot 7
[19:10:30.677] [SEVERE ] setting player 2 freeze to 0
[19:10:30.677] [SEVERE ] removing player 2 token from slot 7
[19:10:30.677] [SEVERE ] player 2 placing token on slot 1
[19:10:30.693] [SEVERE ] setting player 2 freeze to 0
[19:10:30.696] [SEVERE ] removing player 2 token from slot 5
[19:10:30.696] [SEVERE ] player 2 placing token on slot 0
[19:10:30.711] [SEVERE ] setting player 2 freeze to 0
[19:10:30.711] [SEVERE ] removing player 2 token from slot 4
[19:10:30.711] [SEVERE ] player 2 placing token on slot 11
[19:10:30.727] [SEVERE ] setting player 2 freeze to 0
[19:10:30.727] [SEVERE ] removing player 2 token from slot 0
[19:10:30.727] [SEVERE ] player 2 placing token on slot 5
[19:10:30.742] [SEVERE ] setting player 2 freeze to 0
[19:10:30.742] [SEVERE ] removing player 2 token from slot 1
[19:10:30.742] [SEVERE ] player 2 placing token on slot 3
[19:10:30.761] [SEVERE ] setting player 2 freeze to 0
[19:10:30.762] [SEVERE ] removing player 2 token from slot 11
[19:10:30.762] [SEVERE ] player 2 placing token on slot 7
[19:10:30.776] [SEVERE ] setting player 2 freeze to 0
[19:10:30.776] [SEVERE ] removing player 2 token from slot 3
[19:10:30.776] [SEVERE ] player 2 placing token on slot 1
[19:10:30.793] [SEVERE ] setting player 2 freeze to 0
[19:10:30.793] [SEVERE ] removing player 2 token from slot 5
[19:10:30.793] [SEVERE ] removing player 2 token from slot 7
[19:10:30.793] [SEVERE ] player 2 placing token on slot 10
[19:10:30.793] [SEVERE ] player 2 placing token on slot 2
[19:10:30.811] [SEVERE ] setting player 2 freeze to 0
[19:10:30.811] [SEVERE ] removing player 2 token from slot 1
[19:10:30.811] [SEVERE ] player 2 placing token on slot 7
[19:10:30.828] [SEVERE ] setting player 2 freeze to 0
[19:10:30.828] [SEVERE ] removing player 2 token from slot 7
[19:10:30.829] [SEVERE ] player 2 placing token on slot 3
[19:10:30.845] [SEVERE ] setting player 2 freeze to 0
[19:10:30.845] [SEVERE ] removing player 2 token from slot 3
[19:10:30.846] [SEVERE ] player 2 placing token on slot 3
[19:10:30.861] [SEVERE ] setting player 2 freeze to 0
[19:10:30.861] [SEVERE ] removing player 2 token from slot 3
[19:10:30.861] [SEVERE ] player 2 placing token on slot 0
[19:10:30.876] [SEVERE ] setting player 2 freeze to 0
[19:10:30.877] [SEVERE ] removing player 2 token from slot 2
[19:10:30.877] [SEVERE ] player 2 placing token on slot 2
[19:10:30.892] [SEVERE ] setting player 2 freeze to 0
[19:10:30.892] [SEVERE ] removing player 2 token from slot 10
[19:10:30.893] [SEVERE ] removing player 2 token from slot 0
[19:10:30.893] [SEVERE ] player 2 placing token on slot 4
[19:10:30.893] [SEVERE ] removing player 2 token from slot 2
[19:10:30.893] [SEVERE ] removing player 2 token from slot 4
[19:10:30.893] [SEVERE ] player 2 placing token on slot 3
[19:10:30.893] [SEVERE ] player 2 placing token on slot 6
[19:10:30.893] [SEVERE ] removing player 2 token from slot 3
[19:10:30.893] [SEVERE ] player 2 placing token on slot 9
[19:10:30.893] [SEVERE ] player 2 placing token on slot 11
[19:10:30.911] [SEVERE ] setting player 2 freeze to 0
[19:10:30.913] [SEVERE ] removing player 2 token from slot 6
[19:10:30.913] [SEVERE ] removing player 2 token from slot 11
[19:10:30.913] [SEVERE ] player 2 placing token on slot 6
[19:10:30.913] [SEVERE ] player 2 placing token on slot 7
[19:10:30.942] [SEVERE ] setting player 2 freeze to 0
[19:10:30.943] [SEVERE ] removing player 2 token from slot 7
[19:10:30.943] [SEVERE ] player 2 placing token on slot 1
[19:10:30.957] [SEVERE ] setting player 2 freeze to 0
[19:10:30.957] [SEVERE ] removing player 2 token from slot 6
[19:10:30.957] [SEVERE ] player 2 placing token on slot 0
[19:10:30.977] [SEVERE ] setting player 2 freeze to 0
[19:10:30.978] [SEVERE ] removing player 2 token from slot 1
[19:10:30.978] [SEVERE ] player 2 placing token on slot 8
[19:10:30.995] [SEVERE ] setting player 2 freeze to 0
[19:10:30.995] [SEVERE ] removing player 2 token from slot 0
[19:10:30.996] [SEVERE ] player 2 placing token on slot 6
[19:10:31.010] [SEVERE ] setting player 2 freeze to 0
[19:10:31.011] [SEVERE ] removing player 2 token from slot 6
[19:10:31.011] [SEVERE ] player 2 placing token on slot 2
[19:10:31.027] [SEVERE ] setting player 2 freeze to 0
[19:10:31.027] [SEVERE ] removing player 2 token from slot 8
[19:10:31.027] [SEVERE ] player 2 placing token on slot 10
[19:10:31.043] [SEVERE ] setting player 2 freeze to 0
[19:10:31.044] [SEVERE ] removing player 2 token from slot 10
[19:10:31.044] [SEVERE ] player 2 placing token on slot 4
[19:10:31.061] [SEVERE ] setting player 2 freeze to 0
[19:10:31.063] [SEVERE ] removing player 2 token from slot 9
[19:10:31.064] [SEVERE ] player 2 placing token on slot 8
[19:10:31.078] [SEVERE ] setting player 2 freeze to 0
[19:10:31.078] [SEVERE ] removing player 2 token from slot 4
[19:10:31.078] [SEVERE ] player 2 placing token on slot 0
[19:10:31.093] [SEVERE ] setting player 2 freeze to 0
[19:10:31.095] [SEVERE ] removing player 2 token from slot 8
[19:10:31.095] [SEVERE ] player 2 placing token on slot 3
[19:10:31.123] [SEVERE ] setting player 2 freeze to 0
[19:10:31.124] [SEVERE ] removing player 2 token from slot 2
[19:10:31.124] [SEVERE ] player 2 placing token on slot 4
[19:10:31.140] [SEVERE ] setting player 2 freeze to 0
[19:10:31.140] [SEVERE ] removing player 2 token from slot 3
[19:10:31.140] [SEVERE ] removing player 2 token from slot 0
[19:10:31.140] [SEVERE ] player 2 placing token on slot 11
[19:10:31.141] [SEVERE ] player 2 placing token on slot 6
[19:10:31.161] [SEVERE ] setting player 2 freeze to 0
[19:10:31.161] [SEVERE ] removing player 2 token from slot 11
[19:10:31.162] [SEVERE ] player 2 placing token on slot 10
[19:10:31.178] [SEVERE ] setting player 2 freeze to 0
[19:10:31.178] [SEVERE ] removing player 2 token from slot 6
[19:10:31.178] [SEVERE ] removing player 2 token from slot 4
[19:10:31.178] [SEVERE ] player 2 placing token on slot 11
[19:10:31.178] [SEVERE ] removing player 2 token from slot 10
[19:10:31.178] [SEVERE ] player 2 placing token on slot 1
[19:10:31.178] [SEVERE ] player 2 placing token on slot 8
[19:10:31.193] [SEVERE ] setting player 2 freeze to 0
[19:10:31.193] [SEVERE ] removing player 2 token from slot 1
[19:10:31.193] [SEVERE ] player 2 placing token on slot 0
[19:10:31.210] [SEVERE ] setting player 2 freeze to 0
[19:10:31.210] [SEVERE ] removing player 2 token from slot 11
[19:10:31.210] [SEVERE ] removing player 2 token from slot 0
[19:10:31.210] [SEVERE ] player 2 placing token on slot 2
[19:10:31.211] [SEVERE ] player 2 placing token on slot 11
[19:10:31.227] [SEVERE ] setting player 2 freeze to 0
[19:10:31.228] [SEVERE ] removing player 2 token from slot 8
[19:10:31.228] [SEVERE ] player 2 placing token on slot 8
[19:10:31.244] [SEVERE ] setting player 2 freeze to 0
[19:10:31.244] [SEVERE ] removing player 2 token from slot 11
[19:10:31.244] [SEVERE ] player 2 placing token on slot 5
[19:10:31.259] [SEVERE ] setting player 2 freeze to 0
[19:10:31.260] [SEVERE ] removing player 2 token from slot 5
[19:10:31.260] [SEVERE ] player 2 placing token on slot 0
[19:10:31.278] [SEVERE ] setting player 2 freeze to 0
[19:10:31.278] [SEVERE ] removing player 2 token from slot 0
[19:10:31.279] [SEVERE ] player 2 placing token on slot 7
[19:10:31.293] [SEVERE ] removing player 2 token from slot 2
[19:10:31.293] [SEVERE ] removing card from slot 2
[19:10:31.408] [SEVERE ] removing player 2 token from slot 8
[19:10:31.408] [SEVERE ] removing card from slot 8
[19:10:31.510] [SEVERE ] removing player 2 token from slot 7
[19:10:31.510] [SEVERE ] removing card from slot 7
[19:10:31.731] [SEVERE ] placing card 48 in slot 2
[19:10:31.841] [SEVERE ] placing card 68 in slot 7
[19:10:31.952] [SEVERE ] placing card 20 in slot 8
[19:10:31.952] [SEVERE ] updating countdown to 9000
[19:10:31.952] [SEVERE ] updating countdown to 8000
[19:10:31.952] [SEVERE ] setting player 2 score to 2
[19:10:31.952] [SEVERE ] setting player 2 freeze to 0
[19:10:31.952] [SEVERE ] setting player 2 freeze to 0
[19:10:31.952] [SEVERE ] player 2 placing token on slot 11
[19:10:31.952] [SEVERE ] player 2 placing token on slot 7
[19:10:31.952] [SEVERE ] player 2 placing token on slot 6
[19:10:32.963] [SEVERE ] updating countdown to 7000
[19:10:32.963] [SEVERE ] setting player 2 freeze to 0
[19:10:32.963] [SEVERE ] removing player 2 token from slot 7
[19:10:32.963] [SEVERE ] player 2 placing token on slot 2
[19:10:33.963] [SEVERE ] updating countdown to 6000
[19:10:33.963] [SEVERE ] setting player 2 freeze to 0
[19:10:33.963] [SEVERE ] removing player 2 token from slot 6
[19:10:33.963] [SEVERE ] player 2 placing token on slot 3
[19:10:34.965] [SEVERE ] updating countdown to 5000
[19:10:34.965] [SEVERE ] setting player 2 freeze to 0
[19:10:34.965] [SEVERE ] removing player 2 token from slot 11
[19:10:34.965] [SEVERE ] removing player 2 token from slot 3
[19:10:34.965] [SEVERE ] removing player 2 token from slot 2
[19:10:34.965] [SEVERE ] player 2 placing token on slot 5
[19:10:34.965] [SEVERE ] player 2 placing token on slot 3
[19:10:34.965] [SEVERE ] player 2 placing token on slot 2
[19:10:34.980] [SEVERE ] setting player 2 freeze to 0
[19:10:34.980] [SEVERE ] removing player 2 token from slot 2
[19:10:34.980] [SEVERE ] player 2 placing token on slot 4
[19:10:34.993] [SEVERE ] setting player 2 freeze to 0
[19:10:34.993] [SEVERE ] removing player 2 token from slot 5
[19:10:34.993] [SEVERE ] player 2 placing token on slot 9
[19:10:35.010] [SEVERE ] setting player 2 freeze to 0
[19:10:35.010] [SEVERE ] removing player 2 token from slot 4
[19:10:35.010] [SEVERE ] player 2 placing token on slot 11
[19:10:35.026] [SEVERE ] setting player 2 freeze to 0
[19:10:35.026] [SEVERE ] removing player 2 token from slot 11
[19:10:35.026] [SEVERE ] player 2 placing token on slot 5
[19:10:35.043] [SEVERE ] setting player 2 freeze to 0
[19:10:35.043] [SEVERE ] removing player 2 token from slot 3
[19:10:35.043] [SEVERE ] player 2 placing token on slot 8
[19:10:35.060] [SEVERE ] setting player 2 freeze to 0
[19:10:35.060] [SEVERE ] removing player 2 token from slot 5
[19:10:35.060] [SEVERE ] removing player 2 token from slot 8
[19:10:35.060] [SEVERE ] player 2 placing token on slot 10
[19:10:35.060] [SEVERE ] player 2 placing token on slot 3
[19:10:35.076] [SEVERE ] setting player 2 freeze to 0
[19:10:35.076] [SEVERE ] removing player 2 token from slot 9
[19:10:35.076] [SEVERE ] removing player 2 token from slot 10
[19:10:35.076] [SEVERE ] player 2 placing token on slot 10
[19:10:35.076] [SEVERE ] player 2 placing token on slot 5
[19:10:35.108] [SEVERE ] setting player 2 freeze to 0
[19:10:35.109] [SEVERE ] removing player 2 token from slot 10
[19:10:35.109] [SEVERE ] player 2 placing token on slot 4
[19:10:35.126] [SEVERE ] setting player 2 freeze to 0
[19:10:35.127] [SEVERE ] removing player 2 token from slot 5
[19:10:35.127] [SEVERE ] player 2 placing token on slot 11
[19:10:35.143] [SEVERE ] setting player 2 freeze to 0
[19:10:35.143] [SEVERE ] removing player 2 token from slot 3
[19:10:35.143] [SEVERE ] player 2 placing token on slot 8
[19:10:35.159] [SEVERE ] setting player 2 freeze to 0
[19:10:35.159] [SEVERE ] removing player 2 token from slot 8
[19:10:35.159] [SEVERE ] player 2 placing token on slot 8
[19:10:35.176] [SEVERE ] setting player 2 freeze to 0
[19:10:35.176] [SEVERE ] removing player 2 token from slot 8
[19:10:35.177] [SEVERE ] player 2 placing token on slot 8
[19:10:35.195] [SEVERE ] setting player 2 freeze to 0
[19:10:35.195] [SEVERE ] removing player 2 token from slot 8
[19:10:35.195] [SEVERE ] player 2 placing token on slot 8
[19:10:35.210] [SEVERE ] setting player 2 freeze to 0
[19:10:35.210] [SEVERE ] removing player 2 token from slot 8
[19:10:35.210] [SEVERE ] removing player 2 token from slot 11
[19:10:35.210] [SEVERE ] removing player 2 token from slot 4
[19:10:35.210] [SEVERE ] player 2 placing token on slot 9
[19:10:35.210] [SEVERE ] player 2 placing token on slot 10
[19:10:35.210] [SEVERE ] removing player 2 token from slot 9
[19:10:35.210] [SEVERE ] player 2 placing token on slot 7
[19:10:35.210] [SEVERE ] player 2 placing token on slot 0
[19:10:35.226] [SEVERE ] setting player 2 freeze to 0
[19:10:35.226] [SEVERE ] removing player 2 token from slot 0
[19:10:35.226] [SEVERE ] player 2 placing token on slot 3
[19:10:35.243] [SEVERE ] setting player 2 freeze to 0
[19:10:35.243] [SEVERE ] removing player 2 token from slot 10
[19:10:35.243] [SEVERE ] removing player 2 token from slot 7
[19:10:35.243] [SEVERE ] player 2 placing token on slot 4
[19:10:35.243] [SEVERE ] player 2 placing token on slot 10
[19:10:35.276] [SEVERE ] setting player 2 freeze to 0
[19:10:35.277] [SEVERE ] removing player 2 token from slot 3
[19:10:35.277] [SEVERE ] player 2 placing token on slot 5
[19:10:35.293] [SEVERE ] setting player 2 freeze to 0
[19:10:35.293] [SEVERE ] removing player 2 token from slot 4
[19:10:35.293] [SEVERE ] player 2 placing token on slot 6
[19:10:35.310] [SEVERE ] setting player 2 freeze to 0
[19:10:35.310] [SEVERE ] removing player 2 token from slot 6
[19:10:35.310] [SEVERE ] player 2 placing token on slot 7
[19:10:35.326] [SEVERE ] setting player 2 freeze to 0
[19:10:35.326] [SEVERE ] removing player 2 token from slot 5
[19:10:35.326] [SEVERE ] player 2 placing token on slot 3
[19:10:35.341] [SEVERE ] setting player 2 freeze to 0
[19:10:35.343] [SEVERE ] removing player 2 token from slot 7
[19:10:35.343] [SEVERE ] player 2 placing token on slot 8
[19:10:35.362] [SEVERE ] setting player 2 freeze to 0
[19:10:35.363] [SEVERE ] removing player 2 token from slot 3
[19:10:35.363] [SEVERE ] player 2 placing token on slot 11
[19:10:35.378] [SEVERE ] setting player 2 freeze to 0
[19:10:35.378] [SEVERE ] removing player 2 token from slot 10
[19:10:35.379] [SEVERE ] player 2 placing token on slot 0
[19:10:35.391] [SEVERE ] setting player 2 freeze to 0
[19:10:35.391] [SEVERE ] removing player 2 token from slot 8
[19:10:35.391] [SEVERE ] removing player 2 token from slot 11
[19:10:35.391] [SEVERE ] player 2 placing token on slot 9
[19:10:35.393] [SEVERE ] removing player 2 token from slot 0
[19:10:35.393] [SEVERE ] player 2 placing token on slot 2
[19:10:35.393] [SEVERE ] player 2 placing token on slot 6
[19:10:35.407] [SEVERE ] setting player 2 freeze to 0
[19:10:35.407] [SEVERE ] removing player 2 token from slot 6
[19:10:35.407] [SEVERE ] player 2 placing token on slot 4
[19:10:35.424] [SEVERE ] setting player 2 freeze to 0
[19:10:35.425] [SEVERE ] removing player 2 token from slot 9
[19:10:35.426] [SEVERE ] removing player 2 token from slot 2
[19:10:35.426] [SEVERE ] player 2 placing token on slot 8
[19:10:35.426] [SEVERE ] player 2 placing token on slot 1
[19:10:35.445] [SEVERE ] setting player 2 freeze to 0
[19:10:35.445] [SEVERE ] removing player 2 token from slot 4
[19:10:35.445] [SEVERE ] player 2 placing token on slot 0
[19:10:35.459] [SEVERE ] removing player 2 token from slot 8
[19:10:35.459] [SEVERE ] removing card from slot 8
[19:10:35.573] [SEVERE ] removing player 2 token from slot 1
[19:10:35.573] [SEVERE ] removing card from slot 1
[19:10:35.676] [SEVERE ] removing player 2 token from slot 0
[19:10:35.676] [SEVERE ] removing card from slot 0
[19:10:35.896] [SEVERE ] placing card 24 in slot 0
[19:10:36.006] [SEVERE ] placing card 40 in slot 1
[19:10:36.116] [SEVERE ] placing card 43 in slot 8
[19:10:36.116] [SEVERE ] updating countdown to 9000
[19:10:36.116] [SEVERE ] updating countdown to 8000
[19:10:37.123] [SEVERE ] updating countdown to 7000
[19:10:37.123] [SEVERE ] setting player 2 score to 3
[19:10:37.123] [SEVERE ] setting player 2 freeze to 0
[19:10:37.123] [SEVERE ] setting player 2 freeze to 0
[19:10:37.123] [SEVERE ] player 2 placing token on slot 3
[19:10:37.123] [SEVERE ] player 2 placing token on slot 10
[19:10:37.123] [SEVERE ] player 2 placing token on slot 6
[19:10:37.580] [SEVERE ] exit button pressed
[19:10:38.129] [SEVERE ] updating countdown to 6000
[19:10:38.129] [SEVERE ] updating countdown to 9000
[19:10:38.129] [SEVERE ] removing player 1 token from slot 10
[19:10:38.129] [INFO   ] thread player 0 terminated.
[19:10:38.129] [INFO   ] thread player 0 terminated.
[19:10:38.129] [SEVERE ] setting player 2 freeze to 0
[19:10:38.129] [SEVERE ] removing player 1 token from slot 3
[19:10:38.129] [INFO   ] thread computer-1 terminated.
[19:10:38.129] [SEVERE ] removing player 1 token from slot 5
[19:10:38.129] [SEVERE ] removing player 2 token from slot 3
[19:10:38.129] [SEVERE ] removing player 2 token from slot 10
[19:10:38.129] [INFO   ] thread player 1 terminated.
[19:10:38.129] [INFO   ] thread player 1 terminated.
[19:10:38.129] [SEVERE ] removing player 2 token from slot 6
[19:10:38.129] [SEVERE ] removing card from slot 0
[19:10:38.232] [SEVERE ] removing card from slot 1
[19:10:38.345] [SEVERE ] removing card from slot 2
[19:10:38.455] [SEVERE ] removing card from slot 3
[19:10:38.565] [SEVERE ] removing card from slot 4
[19:10:38.674] [SEVERE ] removing card from slot 5
[19:10:38.784] [SEVERE ] removing card from slot 6
[19:10:38.895] [SEVERE ] removing card from slot 7
[19:10:39.006] [SEVERE ] removing card from slot 8
[19:10:39.116] [SEVERE ] removing card from slot 9
[19:10:39.227] [SEVERE ] removing card from slot 10
[19:10:39.338] [SEVERE ] removing card from slot 11
[19:10:39.449] [SEVERE ] announcing winner(s): player 2
[19:10:39.453] [INFO   ] thread dealer terminated.
[19:10:39.455] [INFO   ] thread dealer terminated.
[19:10:39.455] [SEVERE ] thanks for playing... it was fun!
[19:10:39.456] [INFO   ] thread main terminated.
