[20:13:43.712] [INFO   ] thread main starting.
[20:13:43.729] [SEVERE ] cannot read configuration file config.properties trying from resources.
[20:13:43.736] [SEVERE ] configuration file was loaded from resources directory.
[20:13:44.444] [INFO   ] thread dealer starting.
[20:13:44.466] [INFO   ] thread player 0 starting.
[20:13:44.466] [INFO   ] thread player 1 starting.
[20:13:44.466] [INFO   ] thread dealer starting.
[20:13:44.596] [SEVERE ] placing card 15 in slot 0
[20:13:44.706] [SEVERE ] placing card 79 in slot 1
[20:13:44.815] [SEVERE ] placing card 1 in slot 2
[20:13:44.923] [SEVERE ] placing card 11 in slot 3
[20:13:45.044] [SEVERE ] placing card 24 in slot 4
[20:13:45.147] [SEVERE ] placing card 59 in slot 5
[20:13:45.257] [SEVERE ] placing card 16 in slot 6
[20:13:45.364] [SEVERE ] placing card 77 in slot 7
[20:13:45.474] [SEVERE ] placing card 31 in slot 8
[20:13:45.580] [SEVERE ] placing card 68 in slot 9
[20:13:45.691] [SEVERE ] placing card 80 in slot 10
[20:13:45.802] [SEVERE ] placing card 43 in slot 11
[20:13:46.818] [SEVERE ] updating countdown to 9000
[20:13:47.819] [SEVERE ] updating countdown to 8000
[20:13:48.719] [INFO   ] thread player 1 starting.
[20:13:48.722] [INFO   ] thread computer-1 starting.
[20:13:48.722] [SEVERE ] player 2 placing token on slot 3
[20:13:48.722] [SEVERE ] player 2 placing token on slot 11
[20:13:48.726] [SEVERE ] removing player 2 token from slot 11
[20:13:48.726] [SEVERE ] removing player 2 token from slot 3
[20:13:48.726] [SEVERE ] player 2 placing token on slot 6
[20:13:48.727] [SEVERE ] player 2 placing token on slot 4
[20:13:48.728] [SEVERE ] removing player 2 token from slot 6
[20:13:48.728] [SEVERE ] player 2 placing token on slot 11
[20:13:48.728] [SEVERE ] player 2 placing token on slot 6
[20:13:48.730] [SEVERE ] setting player 2 freeze to 0
[20:13:48.730] [SEVERE ] removing player 2 token from slot 6
[20:13:48.730] [SEVERE ] removing player 2 token from slot 4
[20:13:48.730] [SEVERE ] player 2 placing token on slot 2
[20:13:48.734] [SEVERE ] player 2 placing token on slot 3
[20:13:48.735] [SEVERE ] setting player 2 freeze to 0
[20:13:48.735] [SEVERE ] removing player 2 token from slot 11
[20:13:48.735] [SEVERE ] player 2 placing token on slot 9
[20:13:48.735] [SEVERE ] setting player 2 freeze to 0
[20:13:48.739] [SEVERE ] removing player 2 token from slot 2
[20:13:48.739] [SEVERE ] player 2 placing token on slot 0
[20:13:48.739] [SEVERE ] setting player 2 freeze to 0
[20:13:48.739] [SEVERE ] removing player 2 token from slot 3
[20:13:48.739] [SEVERE ] player 2 placing token on slot 4
[20:13:48.739] [SEVERE ] setting player 2 freeze to 0
[20:13:48.742] [SEVERE ] removing player 2 token from slot 4
[20:13:48.742] [SEVERE ] player 2 placing token on slot 3
[20:13:48.743] [SEVERE ] setting player 2 freeze to 0
[20:13:48.743] [SEVERE ] removing player 2 token from slot 0
[20:13:48.743] [SEVERE ] player 2 placing token on slot 10
[20:13:48.746] [SEVERE ] setting player 2 freeze to 0
[20:13:48.747] [SEVERE ] removing player 2 token from slot 10
[20:13:48.747] [SEVERE ] player 2 placing token on slot 1
[20:13:48.747] [SEVERE ] setting player 2 freeze to 0
[20:13:48.747] [SEVERE ] removing player 2 token from slot 3
[20:13:48.747] [SEVERE ] player 2 placing token on slot 8
[20:13:48.747] [SEVERE ] setting player 2 freeze to 0
[20:13:48.747] [SEVERE ] removing player 2 token from slot 9
[20:13:48.747] [SEVERE ] player 2 placing token on slot 11
[20:13:48.747] [SEVERE ] setting player 2 freeze to 0
[20:13:48.747] [SEVERE ] removing player 2 token from slot 11
[20:13:48.754] [SEVERE ] player 2 placing token on slot 0
[20:13:48.754] [SEVERE ] setting player 2 freeze to 0
[20:13:48.754] [SEVERE ] removing player 2 token from slot 1
[20:13:48.756] [SEVERE ] player 2 placing token on slot 10
[20:13:48.757] [SEVERE ] setting player 2 freeze to 0
[20:13:48.758] [SEVERE ] removing player 2 token from slot 10
[20:13:48.758] [SEVERE ] player 2 placing token on slot 7
[20:13:48.758] [SEVERE ] setting player 2 freeze to 0
[20:13:48.758] [SEVERE ] removing player 2 token from slot 0
[20:13:48.761] [SEVERE ] player 2 placing token on slot 2
[20:13:48.761] [SEVERE ] setting player 2 freeze to 0
[20:13:48.762] [SEVERE ] removing player 2 token from slot 8
[20:13:48.762] [SEVERE ] removing player 2 token from slot 7
[20:13:48.762] [SEVERE ] player 2 placing token on slot 1
[20:13:48.762] [SEVERE ] player 2 placing token on slot 6
[20:13:48.764] [SEVERE ] setting player 2 freeze to 0
[20:13:48.765] [SEVERE ] removing player 2 token from slot 1
[20:13:48.765] [SEVERE ] player 2 placing token on slot 9
[20:13:48.765] [SEVERE ] setting player 2 freeze to 0
[20:13:48.765] [SEVERE ] removing player 2 token from slot 9
[20:13:48.765] [SEVERE ] player 2 placing token on slot 9
[20:13:48.765] [SEVERE ] setting player 2 freeze to 0
[20:13:48.765] [SEVERE ] removing player 2 token from slot 2
[20:13:48.768] [SEVERE ] player 2 placing token on slot 7
[20:13:48.768] [SEVERE ] setting player 2 freeze to 0
[20:13:48.768] [SEVERE ] removing player 2 token from slot 6
[20:13:48.768] [SEVERE ] player 2 placing token on slot 11
[20:13:48.768] [SEVERE ] setting player 2 freeze to 0
[20:13:48.768] [SEVERE ] removing player 2 token from slot 11
[20:13:48.768] [SEVERE ] player 2 placing token on slot 3
[20:13:48.768] [SEVERE ] setting player 2 freeze to 0
[20:13:48.768] [SEVERE ] removing player 2 token from slot 3
[20:13:48.768] [SEVERE ] player 2 placing token on slot 8
[20:13:48.768] [SEVERE ] setting player 2 freeze to 0
[20:13:48.773] [SEVERE ] removing player 2 token from slot 7
[20:13:48.773] [SEVERE ] removing player 2 token from slot 8
[20:13:48.773] [SEVERE ] player 2 placing token on slot 2
[20:13:48.773] [SEVERE ] player 2 placing token on slot 11
[20:13:48.773] [SEVERE ] setting player 2 freeze to 0
[20:13:48.773] [SEVERE ] removing player 2 token from slot 2
[20:13:48.773] [SEVERE ] player 2 placing token on slot 4
[20:13:48.773] [SEVERE ] setting player 2 freeze to 0
[20:13:48.773] [SEVERE ] removing player 2 token from slot 4
[20:13:48.773] [SEVERE ] player 2 placing token on slot 6
[20:13:48.773] [SEVERE ] setting player 2 freeze to 0
[20:13:48.773] [SEVERE ] removing player 2 token from slot 9
[20:13:48.773] [SEVERE ] player 2 placing token on slot 10
[20:13:48.773] [SEVERE ] setting player 2 freeze to 0
[20:13:48.773] [SEVERE ] removing player 2 token from slot 6
[20:13:48.773] [SEVERE ] player 2 placing token on slot 0
[20:13:48.781] [SEVERE ] setting player 2 freeze to 0
[20:13:48.781] [SEVERE ] removing player 2 token from slot 11
[20:13:48.781] [SEVERE ] removing player 2 token from slot 0
[20:13:48.781] [SEVERE ] player 2 placing token on slot 11
[20:13:48.781] [SEVERE ] player 2 placing token on slot 4
[20:13:48.781] [SEVERE ] setting player 2 freeze to 0
[20:13:48.781] [SEVERE ] removing player 2 token from slot 4
[20:13:48.781] [SEVERE ] player 2 placing token on slot 8
[20:13:48.781] [SEVERE ] setting player 2 freeze to 0
[20:13:48.781] [SEVERE ] removing player 2 token from slot 11
[20:13:48.781] [SEVERE ] removing player 2 token from slot 10
[20:13:48.781] [SEVERE ] player 2 placing token on slot 3
[20:13:48.781] [SEVERE ] player 2 placing token on slot 11
[20:13:48.781] [SEVERE ] setting player 2 freeze to 0
[20:13:48.781] [SEVERE ] removing player 2 token from slot 11
[20:13:48.781] [SEVERE ] player 2 placing token on slot 1
[20:13:48.781] [SEVERE ] setting player 2 freeze to 0
[20:13:48.781] [SEVERE ] removing player 2 token from slot 1
[20:13:48.789] [SEVERE ] player 2 placing token on slot 1
[20:13:48.789] [SEVERE ] setting player 2 freeze to 0
[20:13:48.789] [SEVERE ] removing player 2 token from slot 1
[20:13:48.789] [SEVERE ] player 2 placing token on slot 11
[20:13:48.789] [SEVERE ] setting player 2 freeze to 0
[20:13:48.789] [SEVERE ] removing player 2 token from slot 11
[20:13:48.789] [SEVERE ] player 2 placing token on slot 6
[20:13:48.789] [SEVERE ] setting player 2 freeze to 0
[20:13:48.789] [SEVERE ] removing player 2 token from slot 8
[20:13:48.789] [SEVERE ] player 2 placing token on slot 10
[20:13:48.789] [SEVERE ] setting player 2 freeze to 0
[20:13:48.789] [SEVERE ] removing player 2 token from slot 3
[20:13:48.789] [SEVERE ] player 2 placing token on slot 7
[20:13:48.789] [SEVERE ] setting player 2 freeze to 0
[20:13:48.797] [SEVERE ] removing player 2 token from slot 6
[20:13:48.797] [SEVERE ] removing player 2 token from slot 7
[20:13:48.797] [SEVERE ] removing player 2 token from slot 10
[20:13:48.797] [SEVERE ] player 2 placing token on slot 6
[20:13:48.797] [SEVERE ] player 2 placing token on slot 11
[20:13:48.797] [SEVERE ] player 2 placing token on slot 7
[20:13:48.797] [SEVERE ] setting player 2 freeze to 0
[20:13:48.797] [SEVERE ] removing player 2 token from slot 11
[20:13:48.797] [SEVERE ] player 2 placing token on slot 5
[20:13:48.797] [SEVERE ] setting player 2 freeze to 0
[20:13:48.797] [SEVERE ] removing player 2 token from slot 6
[20:13:48.797] [SEVERE ] player 2 placing token on slot 3
[20:13:48.797] [SEVERE ] setting player 2 freeze to 0
[20:13:48.797] [SEVERE ] removing player 2 token from slot 5
[20:13:48.797] [SEVERE ] removing player 2 token from slot 3
[20:13:48.797] [SEVERE ] player 2 placing token on slot 0
[20:13:48.797] [SEVERE ] player 2 placing token on slot 3
[20:13:48.807] [SEVERE ] setting player 2 freeze to 0
[20:13:48.807] [SEVERE ] removing player 2 token from slot 3
[20:13:48.807] [SEVERE ] player 2 placing token on slot 6
[20:13:48.807] [SEVERE ] setting player 2 freeze to 0
[20:13:48.807] [SEVERE ] removing player 2 token from slot 6
[20:13:48.807] [SEVERE ] player 2 placing token on slot 10
[20:13:48.807] [SEVERE ] setting player 2 freeze to 0
[20:13:48.807] [SEVERE ] removing player 2 token from slot 7
[20:13:48.807] [SEVERE ] player 2 placing token on slot 3
[20:13:48.807] [SEVERE ] setting player 2 freeze to 0
[20:13:48.807] [SEVERE ] removing player 2 token from slot 10
[20:13:48.807] [SEVERE ] player 2 placing token on slot 1
[20:13:48.807] [SEVERE ] setting player 2 freeze to 0
[20:13:48.814] [SEVERE ] removing player 2 token from slot 0
[20:13:48.814] [SEVERE ] player 2 placing token on slot 5
[20:13:48.816] [SEVERE ] setting player 2 freeze to 0
[20:13:48.816] [SEVERE ] removing player 2 token from slot 3
[20:13:48.816] [SEVERE ] player 2 placing token on slot 0
[20:13:48.816] [SEVERE ] setting player 2 freeze to 0
[20:13:48.816] [SEVERE ] removing player 2 token from slot 1
[20:13:48.816] [SEVERE ] player 2 placing token on slot 8
[20:13:48.816] [SEVERE ] setting player 2 freeze to 0
[20:13:48.816] [SEVERE ] removing player 2 token from slot 8
[20:13:48.816] [SEVERE ] player 2 placing token on slot 4
[20:13:48.816] [SEVERE ] setting player 2 freeze to 0
[20:13:48.816] [SEVERE ] removing player 2 token from slot 4
[20:13:48.816] [SEVERE ] player 2 placing token on slot 6
[20:13:48.821] [SEVERE ] setting player 2 freeze to 0
[20:13:48.821] [SEVERE ] removing player 2 token from slot 5
[20:13:48.821] [SEVERE ] player 2 placing token on slot 4
[20:13:48.822] [SEVERE ] setting player 2 freeze to 0
[20:13:48.822] [SEVERE ] removing player 2 token from slot 0
[20:13:48.822] [SEVERE ] player 2 placing token on slot 8
[20:13:48.823] [SEVERE ] setting player 2 freeze to 0
[20:13:48.823] [SEVERE ] removing player 2 token from slot 8
[20:13:48.823] [SEVERE ] player 2 placing token on slot 8
[20:13:48.823] [SEVERE ] setting player 2 freeze to 0
[20:13:48.823] [SEVERE ] removing player 2 token from slot 4
[20:13:48.824] [SEVERE ] player 2 placing token on slot 0
[20:13:48.824] [SEVERE ] setting player 2 freeze to 0
[20:13:48.824] [SEVERE ] removing player 2 token from slot 6
[20:13:48.824] [SEVERE ] player 2 placing token on slot 4
[20:13:48.824] [SEVERE ] setting player 2 freeze to 0
[20:13:48.824] [SEVERE ] removing player 2 token from slot 8
[20:13:48.824] [SEVERE ] player 2 placing token on slot 10
[20:13:48.824] [SEVERE ] setting player 2 freeze to 0
[20:13:48.827] [SEVERE ] removing player 2 token from slot 0
[20:13:48.827] [SEVERE ] updating countdown to 7000
[20:13:48.828] [SEVERE ] player 2 placing token on slot 2
[20:13:48.828] [SEVERE ] setting player 2 freeze to 0
[20:13:48.828] [SEVERE ] removing player 2 token from slot 4
[20:13:48.828] [SEVERE ] player 2 placing token on slot 5
[20:13:48.828] [SEVERE ] setting player 2 freeze to 0
[20:13:48.828] [SEVERE ] removing player 2 token from slot 2
[20:13:48.830] [SEVERE ] removing player 2 token from slot 10
[20:13:48.830] [SEVERE ] player 2 placing token on slot 6
[20:13:48.831] [SEVERE ] player 2 placing token on slot 8
[20:13:48.831] [SEVERE ] setting player 2 freeze to 0
[20:13:48.831] [SEVERE ] removing player 2 token from slot 6
[20:13:48.831] [SEVERE ] player 2 placing token on slot 6
[20:13:48.831] [SEVERE ] setting player 2 freeze to 0
[20:13:48.831] [SEVERE ] removing player 2 token from slot 5
[20:13:48.831] [SEVERE ] player 2 placing token on slot 5
[20:13:48.831] [SEVERE ] setting player 2 freeze to 0
[20:13:48.831] [SEVERE ] removing player 2 token from slot 5
[20:13:48.831] [SEVERE ] player 2 placing token on slot 1
[20:13:48.831] [SEVERE ] setting player 2 freeze to 0
[20:13:48.831] [SEVERE ] removing player 2 token from slot 1
[20:13:48.831] [SEVERE ] player 2 placing token on slot 11
[20:13:48.831] [SEVERE ] setting player 2 freeze to 0
[20:13:48.831] [SEVERE ] removing player 2 token from slot 11
[20:13:48.831] [SEVERE ] player 2 placing token on slot 10
[20:13:48.831] [SEVERE ] setting player 2 freeze to 0
[20:13:48.841] [SEVERE ] removing player 2 token from slot 8
[20:13:48.841] [SEVERE ] player 2 placing token on slot 5
[20:13:48.842] [SEVERE ] setting player 2 freeze to 0
[20:13:48.842] [SEVERE ] removing player 2 token from slot 10
[20:13:48.842] [SEVERE ] player 2 placing token on slot 2
[20:13:48.842] [SEVERE ] setting player 2 freeze to 0
[20:13:48.842] [SEVERE ] removing player 2 token from slot 2
[20:13:48.842] [SEVERE ] player 2 placing token on slot 0
[20:13:48.842] [SEVERE ] setting player 2 freeze to 0
[20:13:48.842] [SEVERE ] removing player 2 token from slot 5
[20:13:48.842] [SEVERE ] player 2 placing token on slot 8
[20:13:48.842] [SEVERE ] setting player 2 freeze to 0
[20:13:48.845] [SEVERE ] removing player 2 token from slot 6
[20:13:48.845] [SEVERE ] player 2 placing token on slot 2
[20:13:48.846] [SEVERE ] setting player 2 freeze to 0
[20:13:48.848] [SEVERE ] removing player 2 token from slot 0
[20:13:48.848] [SEVERE ] player 2 placing token on slot 6
[20:13:48.848] [SEVERE ] setting player 2 freeze to 0
[20:13:48.848] [SEVERE ] removing player 2 token from slot 6
[20:13:48.848] [SEVERE ] player 2 placing token on slot 0
[20:13:48.848] [SEVERE ] setting player 2 freeze to 0
[20:13:48.848] [SEVERE ] removing player 2 token from slot 0
[20:13:48.848] [SEVERE ] player 2 placing token on slot 3
[20:13:48.848] [SEVERE ] setting player 2 freeze to 0
[20:13:48.848] [SEVERE ] removing player 2 token from slot 8
[20:13:48.848] [SEVERE ] player 2 placing token on slot 6
[20:13:48.848] [SEVERE ] setting player 2 freeze to 0
[20:13:48.848] [SEVERE ] removing player 2 token from slot 6
[20:13:48.848] [SEVERE ] player 2 placing token on slot 9
[20:13:48.848] [SEVERE ] setting player 2 freeze to 0
[20:13:48.848] [SEVERE ] removing player 2 token from slot 3
[20:13:48.848] [SEVERE ] player 2 placing token on slot 5
[20:13:48.848] [SEVERE ] setting player 2 freeze to 0
[20:13:48.848] [SEVERE ] removing player 2 token from slot 9
[20:13:48.848] [SEVERE ] player 2 placing token on slot 3
[20:13:48.856] [SEVERE ] setting player 2 freeze to 0
[20:13:48.856] [SEVERE ] removing player 2 token from slot 3
[20:13:48.860] [SEVERE ] player 2 placing token on slot 7
[20:13:48.860] [SEVERE ] setting player 2 freeze to 0
[20:13:48.861] [SEVERE ] removing player 2 token from slot 7
[20:13:48.861] [SEVERE ] removing player 2 token from slot 2
[20:13:48.861] [SEVERE ] player 2 placing token on slot 7
[20:13:48.861] [SEVERE ] player 2 placing token on slot 0
[20:13:48.861] [SEVERE ] setting player 2 freeze to 0
[20:13:48.867] [SEVERE ] removing player 2 token from slot 7
[20:13:48.873] [SEVERE ] removing player 2 token from slot 0
[20:13:48.874] [SEVERE ] player 2 placing token on slot 4
[20:13:48.874] [SEVERE ] removing player 2 token from slot 4
[20:13:48.874] [SEVERE ] player 2 placing token on slot 9
[20:13:48.874] [SEVERE ] player 2 placing token on slot 7
[20:13:48.876] [SEVERE ] removing player 2 token from slot 5
[20:13:48.876] [SEVERE ] removing card from slot 5
[20:13:48.994] [SEVERE ] removing player 2 token from slot 9
[20:13:48.994] [SEVERE ] removing card from slot 9
[20:13:49.096] [SEVERE ] removing player 2 token from slot 7
[20:13:49.096] [SEVERE ] removing card from slot 7
[20:13:49.310] [SEVERE ] placing card 18 in slot 5
[20:13:49.414] [SEVERE ] placing card 2 in slot 7
[20:13:49.525] [SEVERE ] placing card 48 in slot 9
[20:13:49.525] [SEVERE ] updating countdown to 9000
[20:13:49.527] [SEVERE ] updating countdown to 8000
[20:13:49.527] [SEVERE ] setting player 2 score to 1
[20:13:49.527] [SEVERE ] setting player 2 freeze to 0
[20:13:49.527] [SEVERE ] setting player 2 freeze to 0
[20:13:49.527] [SEVERE ] player 2 placing token on slot 2
[20:13:49.527] [SEVERE ] player 2 placing token on slot 11
[20:13:49.527] [SEVERE ] removing player 2 token from slot 11
[20:13:49.527] [SEVERE ] player 2 placing token on slot 6
[20:13:49.527] [SEVERE ] player 2 placing token on slot 5
[20:13:49.527] [SEVERE ] setting player 2 freeze to 0
[20:13:49.527] [SEVERE ] removing player 2 token from slot 2
[20:13:49.527] [SEVERE ] removing player 2 token from slot 6
[20:13:49.527] [SEVERE ] player 2 placing token on slot 11
[20:13:49.527] [SEVERE ] player 2 placing token on slot 2
[20:13:49.527] [SEVERE ] setting player 2 freeze to 0
[20:13:49.527] [SEVERE ] removing player 2 token from slot 11
[20:13:49.527] [SEVERE ] player 2 placing token on slot 4
[20:13:49.527] [SEVERE ] setting player 2 freeze to 0
[20:13:49.527] [SEVERE ] removing player 2 token from slot 2
[20:13:49.527] [SEVERE ] removing player 2 token from slot 4
[20:13:49.527] [SEVERE ] player 2 placing token on slot 8
[20:13:49.527] [SEVERE ] player 2 placing token on slot 9
[20:13:49.532] [SEVERE ] setting player 2 freeze to 0
[20:13:49.534] [SEVERE ] removing player 2 token from slot 5
[20:13:49.534] [SEVERE ] player 2 placing token on slot 1
[20:13:49.534] [SEVERE ] setting player 2 freeze to 0
[20:13:49.534] [SEVERE ] removing player 2 token from slot 8
[20:13:49.534] [SEVERE ] player 2 placing token on slot 3
[20:13:49.534] [SEVERE ] setting player 2 freeze to 0
[20:13:49.537] [SEVERE ] removing player 2 token from slot 9
[20:13:49.538] [SEVERE ] player 2 placing token on slot 8
[20:13:49.538] [SEVERE ] setting player 2 freeze to 0
[20:13:49.538] [SEVERE ] removing player 2 token from slot 8
[20:13:49.538] [SEVERE ] player 2 placing token on slot 2
[20:13:49.538] [SEVERE ] setting player 2 freeze to 0
[20:13:49.538] [SEVERE ] removing player 2 token from slot 3
[20:13:49.538] [SEVERE ] player 2 placing token on slot 11
[20:13:49.538] [SEVERE ] setting player 2 freeze to 0
[20:13:49.538] [SEVERE ] removing player 2 token from slot 11
[20:13:49.538] [SEVERE ] player 2 placing token on slot 7
[20:13:49.538] [SEVERE ] setting player 2 freeze to 0
[20:13:49.538] [SEVERE ] removing player 2 token from slot 7
[20:13:49.538] [SEVERE ] player 2 placing token on slot 8
[20:13:49.538] [SEVERE ] setting player 2 freeze to 0
[20:13:49.538] [SEVERE ] removing player 2 token from slot 1
[20:13:49.542] [SEVERE ] player 2 placing token on slot 9
[20:13:49.542] [SEVERE ] setting player 2 freeze to 0
[20:13:49.542] [SEVERE ] removing player 2 token from slot 2
[20:13:49.542] [SEVERE ] player 2 placing token on slot 6
[20:13:49.542] [SEVERE ] setting player 2 freeze to 0
[20:13:49.542] [SEVERE ] removing player 2 token from slot 8
[20:13:49.542] [SEVERE ] player 2 placing token on slot 8
[20:13:49.542] [SEVERE ] setting player 2 freeze to 0
[20:13:49.542] [SEVERE ] removing player 2 token from slot 9
[20:13:49.542] [SEVERE ] player 2 placing token on slot 7
[20:13:49.542] [SEVERE ] setting player 2 freeze to 0
[20:13:49.542] [SEVERE ] removing player 2 token from slot 7
[20:13:49.542] [SEVERE ] player 2 placing token on slot 11
[20:13:49.542] [SEVERE ] setting player 2 freeze to 0
[20:13:49.542] [SEVERE ] removing player 2 token from slot 6
[20:13:49.542] [SEVERE ] player 2 placing token on slot 6
[20:13:49.542] [SEVERE ] setting player 2 freeze to 0
[20:13:49.542] [SEVERE ] removing player 2 token from slot 6
[20:13:49.547] [SEVERE ] player 2 placing token on slot 3
[20:13:49.549] [SEVERE ] setting player 2 freeze to 0
[20:13:49.549] [INFO   ] thread computer-1 terminated.
[20:13:50.528] [SEVERE ] updating countdown to 7000
[20:13:51.541] [SEVERE ] updating countdown to 6000
[20:13:52.552] [SEVERE ] updating countdown to 5000
