[18:52:55.911] [INFO   ] thread main starting.
[18:52:55.923] [SEVERE ] cannot read configuration file config.properties trying from resources.
[18:52:55.926] [SEVERE ] configuration file was loaded from resources directory.
[18:52:56.800] [INFO   ] thread dealer starting.
[18:52:56.801] [INFO   ] thread player 0 starting.
[18:52:56.801] [INFO   ] thread player 1 starting.
[18:52:56.802] [INFO   ] thread dealer starting.
[18:52:56.817] [INFO   ] thread player 0 starting.
[18:52:56.817] [INFO   ] thread player 1 starting.
[18:52:56.823] [INFO   ] thread computer-1 starting.
[18:52:56.823] [INFO   ] thread computer-0 starting.
[18:52:56.940] [SEVERE ] placing card 24 in slot 0
[18:52:57.049] [SEVERE ] placing card 30 in slot 1
[18:52:57.158] [SEVERE ] placing card 69 in slot 2
[18:52:57.267] [SEVERE ] placing card 2 in slot 3
[18:52:57.376] [SEVERE ] placing card 55 in slot 4
[18:52:57.485] [SEVERE ] placing card 51 in slot 5
[18:52:57.596] [SEVERE ] placing card 38 in slot 6
[18:52:57.705] [SEVERE ] placing card 66 in slot 7
[18:52:57.815] [SEVERE ] placing card 35 in slot 8
[18:52:57.926] [SEVERE ] placing card 8 in slot 9
[18:52:58.036] [SEVERE ] placing card 63 in slot 10
[18:52:58.147] [SEVERE ] placing card 72 in slot 11
[18:52:59.150] [SEVERE ] updating countdown to 9000
[18:53:00.159] [SEVERE ] updating countdown to 8000
[18:53:01.166] [SEVERE ] updating countdown to 7000
[18:53:02.170] [SEVERE ] updating countdown to 6000
[18:53:03.178] [SEVERE ] updating countdown to 5000
