[18:22:30.166] [INFO   ] thread main starting.
[18:22:30.194] [SEVERE ] cannot read configuration file config.properties trying from resources.
[18:22:30.200] [SEVERE ] configuration file was loaded from resources directory.
[18:22:31.108] [INFO   ] thread dealer starting.
[18:22:31.109] [INFO   ] thread player 0 starting.
[18:22:31.109] [INFO   ] thread player 1 starting.
[18:22:31.110] [INFO   ] thread dealer starting.
[18:22:31.237] [SEVERE ] placing card 39 in slot 0
[18:22:31.346] [SEVERE ] placing card 14 in slot 1
[18:22:31.455] [SEVERE ] placing card 3 in slot 2
[18:22:31.567] [SEVERE ] placing card 11 in slot 3
[18:22:31.676] [SEVERE ] placing card 37 in slot 4
[18:22:31.785] [SEVERE ] placing card 17 in slot 5
[18:22:31.895] [SEVERE ] placing card 61 in slot 6
[18:22:32.004] [SEVERE ] placing card 78 in slot 7
[18:22:32.112] [SEVERE ] placing card 50 in slot 8
[18:22:32.221] [SEVERE ] placing card 18 in slot 9
[18:22:32.361] [SEVERE ] placing card 77 in slot 10
[18:22:32.471] [SEVERE ] placing card 46 in slot 11
[18:22:33.478] [SEVERE ] updating countdown to 9000
[18:22:34.489] [SEVERE ] updating countdown to 8000
[18:22:35.492] [SEVERE ] updating countdown to 7000
[18:22:36.505] [SEVERE ] updating countdown to 6000
[18:22:37.506] [SEVERE ] updating countdown to 5000
[18:22:37.608] [INFO   ] thread player 1 starting.
[18:22:39.067] [SEVERE ] updating countdown to 4000
[18:22:40.655] [SEVERE ] updating countdown to 3000
[18:22:42.428] [SEVERE ] updating countdown to 2000
[18:22:43.987] [SEVERE ] updating countdown to 1000
[18:22:45.550] [SEVERE ] updating countdown to 0
