[15:15:01.087] [INFO   ] thread main starting.
[15:15:01.104] [SEVERE ] cannot read configuration file config.properties trying from resources.
[15:15:01.108] [SEVERE ] configuration file was loaded from resources directory.
[15:15:01.757] [INFO   ] thread dealer starting.
[15:15:01.758] [INFO   ] thread player 0 starting.
[15:15:01.759] [INFO   ] thread player 1 starting.
[15:15:01.760] [INFO   ] thread dealer starting.
[15:15:01.787] [INFO   ] thread player 1 starting.
[15:15:01.787] [INFO   ] thread player 0 starting.
[15:15:01.896] [SEVERE ] placing card 46 in slot 0
[15:15:02.005] [SEVERE ] placing card 24 in slot 1
[15:15:02.115] [SEVERE ] placing card 23 in slot 2
[15:15:02.225] [SEVERE ] placing card 71 in slot 3
[15:15:02.334] [SEVERE ] placing card 0 in slot 4
[15:15:02.375] [SEVERE ] key 70 was pressed by player 1
[15:15:02.441] [SEVERE ] key 75 was pressed by player 2
[15:15:02.443] [SEVERE ] placing card 28 in slot 5
[15:15:02.551] [SEVERE ] placing card 3 in slot 6
[15:15:02.558] [SEVERE ] key 79 was pressed by player 2
[15:15:02.639] [SEVERE ] key 73 was pressed by player 2
[15:15:02.661] [SEVERE ] placing card 72 in slot 7
[15:15:02.711] [SEVERE ] key 82 was pressed by player 1
[15:15:02.770] [SEVERE ] placing card 19 in slot 8
[15:15:02.811] [SEVERE ] key 79 was pressed by player 2
[15:15:02.873] [SEVERE ] key 70 was pressed by player 1
[15:15:02.878] [SEVERE ] placing card 1 in slot 9
[15:15:02.903] [SEVERE ] key 67 was pressed by player 1
[15:15:02.945] [SEVERE ] key 75 was pressed by player 2
[15:15:02.987] [SEVERE ] placing card 22 in slot 10
[15:15:03.029] [SEVERE ] key 83 was pressed by player 1
[15:15:03.057] [SEVERE ] key 76 was pressed by player 2
[15:15:03.095] [SEVERE ] placing card 44 in slot 11
[15:15:03.193] [SEVERE ] key 73 was pressed by player 2
[15:15:04.106] [SEVERE ] updating countdown to 59000
[15:15:05.123] [SEVERE ] updating countdown to 58000
[15:15:06.135] [SEVERE ] updating countdown to 57000
[15:15:07.144] [SEVERE ] updating countdown to 56000
[15:15:08.147] [SEVERE ] updating countdown to 55000
[15:15:09.152] [SEVERE ] updating countdown to 54000
[15:15:10.161] [SEVERE ] updating countdown to 53000
[15:15:11.169] [SEVERE ] updating countdown to 52000
[15:15:12.174] [SEVERE ] updating countdown to 51000
[15:15:12.938] [SEVERE ] key 81 was pressed by player 1
[15:15:12.939] [SEVERE ] player 1 placing token on slot 0
[15:15:13.185] [SEVERE ] updating countdown to 50000
[15:15:14.195] [SEVERE ] updating countdown to 49000
[15:15:14.735] [SEVERE ] key 85 was pressed by player 2
[15:15:14.735] [SEVERE ] player 2 placing token on slot 0
[15:15:15.143] [SEVERE ] key 85 was pressed by player 2
[15:15:15.143] [SEVERE ] removing player 2 token from slot 0
[15:15:15.234] [SEVERE ] updating countdown to 48000
[15:15:15.367] [SEVERE ] key 73 was pressed by player 2
[15:15:15.367] [SEVERE ] player 2 placing token on slot 1
[15:15:16.237] [SEVERE ] updating countdown to 47000
[15:15:17.246] [SEVERE ] updating countdown to 46000
[15:15:18.263] [SEVERE ] updating countdown to 45000
[15:15:18.668] [SEVERE ] key 69 was pressed by player 1
[15:15:18.669] [SEVERE ] player 1 placing token on slot 2
[15:15:19.098] [SEVERE ] key 69 was pressed by player 1
[15:15:19.098] [SEVERE ] removing player 1 token from slot 2
[15:15:19.278] [SEVERE ] updating countdown to 44000
[15:15:19.381] [SEVERE ] key 82 was pressed by player 1
[15:15:19.381] [SEVERE ] player 1 placing token on slot 3
[15:15:20.284] [SEVERE ] updating countdown to 43000
[15:15:21.298] [SEVERE ] updating countdown to 42000
[15:15:22.302] [SEVERE ] updating countdown to 41000
[15:15:23.315] [SEVERE ] updating countdown to 40000
[15:15:23.745] [SEVERE ] key 79 was pressed by player 2
[15:15:23.745] [SEVERE ] player 2 placing token on slot 2
[15:15:24.326] [SEVERE ] updating countdown to 39000
[15:15:25.339] [SEVERE ] updating countdown to 38000
[15:15:26.345] [SEVERE ] updating countdown to 37000
[15:15:27.359] [SEVERE ] updating countdown to 36000
[15:15:28.374] [SEVERE ] updating countdown to 35000
[15:15:29.380] [SEVERE ] updating countdown to 34000
[15:15:30.392] [SEVERE ] updating countdown to 33000
[15:15:31.405] [SEVERE ] updating countdown to 32000
[15:15:32.409] [SEVERE ] updating countdown to 31000
[15:15:33.194] [SEVERE ] key 77 was pressed by player 2
[15:15:33.195] [SEVERE ] player 2 placing token on slot 8
[15:15:33.196] [SEVERE ] removing player 2 token from slot 1
[15:15:33.196] [SEVERE ] removing card from slot 1
[15:15:33.300] [SEVERE ] removing player 2 token from slot 2
[15:15:33.300] [SEVERE ] removing card from slot 2
[15:15:33.395] [SEVERE ] key 68 was pressed by player 1
[15:15:33.397] [SEVERE ] player 1 placing token on slot 6
[15:15:33.409] [SEVERE ] removing player 2 token from slot 8
[15:15:33.409] [SEVERE ] removing card from slot 8
[15:15:33.626] [SEVERE ] placing card 69 in slot 1
[15:15:33.736] [SEVERE ] placing card 70 in slot 2
[15:15:33.844] [SEVERE ] placing card 29 in slot 8
[15:15:33.844] [SEVERE ] updating countdown to 59000
[15:15:33.846] [SEVERE ] setting player 2 score to 1
[15:15:33.847] [SEVERE ] setting player 2 freeze to 1000
[15:15:33.850] [SEVERE ] updating countdown to 58000
[15:15:34.857] [SEVERE ] setting player 2 freeze to 0
[15:15:34.862] [SEVERE ] updating countdown to 57000
[15:15:34.862] [SEVERE ] removing player 1 token from slot 0
[15:15:34.863] [SEVERE ] removing card from slot 0
[15:15:34.967] [SEVERE ] removing player 1 token from slot 3
[15:15:34.967] [SEVERE ] removing card from slot 3
[15:15:35.077] [SEVERE ] removing player 1 token from slot 6
[15:15:35.077] [SEVERE ] removing card from slot 6
[15:15:35.296] [SEVERE ] placing card 5 in slot 0
[15:15:35.404] [SEVERE ] placing card 8 in slot 3
[15:15:35.514] [SEVERE ] placing card 16 in slot 6
[15:15:35.514] [SEVERE ] updating countdown to 59000
[15:15:35.515] [SEVERE ] setting player 1 score to 1
[15:15:35.515] [SEVERE ] setting player 1 freeze to 1000
[15:15:35.517] [SEVERE ] updating countdown to 58000
[15:15:36.524] [SEVERE ] setting player 1 freeze to 0
[15:15:36.526] [SEVERE ] updating countdown to 57000
[15:15:37.529] [SEVERE ] updating countdown to 56000
[15:15:38.537] [SEVERE ] updating countdown to 55000
[15:15:39.543] [SEVERE ] updating countdown to 54000
[15:15:40.552] [SEVERE ] updating countdown to 53000
[15:15:41.564] [SEVERE ] updating countdown to 52000
[15:15:42.576] [SEVERE ] updating countdown to 51000
[15:15:43.589] [SEVERE ] updating countdown to 50000
[15:15:44.603] [SEVERE ] updating countdown to 49000
[15:15:45.606] [SEVERE ] updating countdown to 48000
[15:15:46.619] [SEVERE ] updating countdown to 47000
[15:15:47.621] [SEVERE ] updating countdown to 46000
[15:15:48.628] [SEVERE ] updating countdown to 45000
[15:15:49.639] [SEVERE ] updating countdown to 44000
[15:15:50.655] [SEVERE ] updating countdown to 43000
[15:15:51.666] [SEVERE ] updating countdown to 42000
[15:15:52.674] [SEVERE ] updating countdown to 41000
[15:15:52.983] [SEVERE ] key 87 was pressed by player 1
[15:15:52.984] [SEVERE ] player 1 placing token on slot 1
[15:15:53.682] [SEVERE ] updating countdown to 40000
[15:15:54.692] [SEVERE ] updating countdown to 39000
[15:15:55.701] [SEVERE ] updating countdown to 38000
[15:15:55.894] [SEVERE ] key 80 was pressed by player 2
[15:15:55.895] [SEVERE ] player 2 placing token on slot 3
[15:15:56.372] [SEVERE ] key 80 was pressed by player 2
[15:15:56.372] [SEVERE ] removing player 2 token from slot 3
[15:15:56.576] [SEVERE ] key 79 was pressed by player 2
[15:15:56.576] [SEVERE ] player 2 placing token on slot 2
[15:15:56.716] [SEVERE ] updating countdown to 37000
[15:15:57.731] [SEVERE ] updating countdown to 36000
[15:15:58.332] [SEVERE ] key 75 was pressed by player 2
[15:15:58.332] [SEVERE ] player 2 placing token on slot 5
[15:15:58.736] [SEVERE ] updating countdown to 35000
[15:15:59.744] [SEVERE ] updating countdown to 34000
[15:16:00.751] [SEVERE ] updating countdown to 33000
[15:16:01.763] [SEVERE ] updating countdown to 32000
[15:16:01.817] [SEVERE ] key 90 was pressed by player 1
[15:16:01.818] [SEVERE ] player 1 placing token on slot 8
[15:16:02.772] [SEVERE ] updating countdown to 31000
[15:16:03.780] [SEVERE ] updating countdown to 30000
[15:16:04.787] [SEVERE ] updating countdown to 29000
[15:16:05.789] [SEVERE ] updating countdown to 28000
[15:16:06.801] [SEVERE ] updating countdown to 27000
[15:16:07.811] [SEVERE ] updating countdown to 26000
[15:16:08.818] [SEVERE ] updating countdown to 25000
[15:16:09.830] [SEVERE ] updating countdown to 24000
[15:16:10.844] [SEVERE ] updating countdown to 23000
[15:16:11.172] [SEVERE ] key 46 was pressed by player 2
[15:16:11.172] [SEVERE ] player 2 placing token on slot 10
[15:16:11.173] [SEVERE ] removing player 2 token from slot 2
[15:16:11.173] [SEVERE ] removing card from slot 2
[15:16:11.277] [SEVERE ] removing player 2 token from slot 5
[15:16:11.277] [SEVERE ] removing card from slot 5
[15:16:11.304] [SEVERE ] key 67 was pressed by player 1
[15:16:11.304] [SEVERE ] player 1 placing token on slot 10
[15:16:11.388] [SEVERE ] removing player 1 token from slot 10
[15:16:11.388] [SEVERE ] removing player 2 token from slot 10
[15:16:11.388] [SEVERE ] removing card from slot 10
[15:16:11.605] [SEVERE ] placing card 15 in slot 2
[15:16:11.716] [SEVERE ] placing card 49 in slot 5
[15:16:11.824] [SEVERE ] placing card 51 in slot 10
[15:16:11.825] [SEVERE ] updating countdown to 59000
[15:16:11.825] [SEVERE ] setting player 2 score to 2
[15:16:11.826] [SEVERE ] setting player 2 freeze to 1000
[15:16:11.826] [SEVERE ] updating countdown to 58000
[15:16:12.837] [SEVERE ] setting player 2 freeze to 0
[15:16:12.839] [SEVERE ] updating countdown to 57000
[15:16:13.849] [SEVERE ] updating countdown to 56000
[15:16:14.855] [SEVERE ] updating countdown to 55000
[15:16:15.868] [SEVERE ] updating countdown to 54000
[15:16:16.874] [SEVERE ] updating countdown to 53000
[15:16:17.877] [SEVERE ] updating countdown to 52000
[15:16:18.887] [SEVERE ] updating countdown to 51000
[15:16:19.253] [SEVERE ] key 81 was pressed by player 1
[15:16:19.253] [SEVERE ] player 1 placing token on slot 0
[15:16:19.254] [SEVERE ] setting player 1 freeze to 3000
[15:16:19.353] [SEVERE ] key 80 was pressed by player 2
[15:16:19.354] [SEVERE ] player 2 placing token on slot 3
[15:16:19.399] [SEVERE ] key 79 was pressed by player 2
[15:16:19.399] [SEVERE ] player 2 placing token on slot 2
[15:16:19.444] [SEVERE ] key 87 was pressed by player 1
[15:16:19.743] [SEVERE ] key 75 was pressed by player 2
[15:16:19.743] [SEVERE ] player 2 placing token on slot 5
[15:16:19.744] [SEVERE ] setting player 2 freeze to 3000
[15:16:19.839] [SEVERE ] key 76 was pressed by player 2
[15:16:19.859] [SEVERE ] key 83 was pressed by player 1
[15:16:19.893] [SEVERE ] updating countdown to 50000
[15:16:20.267] [SEVERE ] setting player 1 freeze to 2000
[15:16:20.749] [SEVERE ] setting player 2 freeze to 2000
[15:16:20.905] [SEVERE ] updating countdown to 49000
[15:16:21.276] [SEVERE ] setting player 1 freeze to 1000
[15:16:21.762] [SEVERE ] setting player 2 freeze to 1000
[15:16:21.917] [SEVERE ] updating countdown to 48000
[15:16:22.291] [SEVERE ] setting player 1 freeze to 0
[15:16:22.774] [SEVERE ] setting player 2 freeze to 0
[15:16:22.930] [SEVERE ] updating countdown to 47000
[15:16:23.935] [SEVERE ] updating countdown to 46000
[15:16:24.359] [SEVERE ] key 81 was pressed by player 1
[15:16:24.360] [SEVERE ] removing player 1 token from slot 0
[15:16:24.942] [SEVERE ] updating countdown to 45000
[15:16:25.410] [SEVERE ] key 81 was pressed by player 1
[15:16:25.410] [SEVERE ] player 1 placing token on slot 0
[15:16:25.411] [SEVERE ] setting player 1 freeze to 3000
[15:16:25.854] [SEVERE ] key 80 was pressed by player 2
[15:16:25.854] [SEVERE ] removing player 2 token from slot 3
[15:16:25.947] [SEVERE ] updating countdown to 44000
[15:16:26.269] [SEVERE ] key 80 was pressed by player 2
[15:16:26.270] [SEVERE ] player 2 placing token on slot 3
[15:16:26.271] [SEVERE ] setting player 2 freeze to 3000
[15:16:26.417] [SEVERE ] setting player 1 freeze to 2000
[15:16:26.599] [SEVERE ] key 79 was pressed by player 2
[15:16:26.951] [SEVERE ] updating countdown to 43000
[15:16:27.207] [SEVERE ] key 79 was pressed by player 2
[15:16:27.276] [SEVERE ] setting player 2 freeze to 2000
[15:16:27.430] [SEVERE ] setting player 1 freeze to 1000
[15:16:27.575] [SEVERE ] key 80 was pressed by player 2
[15:16:27.958] [SEVERE ] updating countdown to 42000
[15:16:28.121] [SEVERE ] key 80 was pressed by player 2
[15:16:28.284] [SEVERE ] setting player 2 freeze to 1000
[15:16:28.439] [SEVERE ] setting player 1 freeze to 0
[15:16:28.967] [SEVERE ] updating countdown to 41000
[15:16:29.007] [SEVERE ] key 81 was pressed by player 1
[15:16:29.007] [SEVERE ] removing player 1 token from slot 0
[15:16:29.293] [SEVERE ] setting player 2 freeze to 0
[15:16:29.975] [SEVERE ] updating countdown to 40000
[15:16:29.977] [SEVERE ] key 87 was pressed by player 1
[15:16:29.977] [SEVERE ] removing player 1 token from slot 1
[15:16:30.431] [SEVERE ] key 80 was pressed by player 2
[15:16:30.431] [SEVERE ] removing player 2 token from slot 3
[15:16:30.709] [SEVERE ] key 79 was pressed by player 2
[15:16:30.710] [SEVERE ] removing player 2 token from slot 2
[15:16:30.985] [SEVERE ] updating countdown to 39000
[15:16:31.932] [SEVERE ] key 90 was pressed by player 1
[15:16:31.932] [SEVERE ] removing player 1 token from slot 8
[15:16:31.990] [SEVERE ] updating countdown to 38000
[15:16:32.391] [SEVERE ] key 74 was pressed by player 2
[15:16:32.391] [SEVERE ] player 2 placing token on slot 4
[15:16:32.725] [SEVERE ] key 74 was pressed by player 2
[15:16:32.725] [SEVERE ] removing player 2 token from slot 4
[15:16:32.958] [SEVERE ] key 75 was pressed by player 2
[15:16:32.958] [SEVERE ] removing player 2 token from slot 5
[15:16:33.004] [SEVERE ] updating countdown to 37000
[15:16:34.012] [SEVERE ] updating countdown to 36000
[15:16:35.023] [SEVERE ] updating countdown to 35000
[15:16:36.026] [SEVERE ] updating countdown to 34000
