[15:10:52.246] [INFO   ] thread main starting.
[15:10:52.259] [SEVERE ] cannot read configuration file config.properties trying from resources.
[15:10:52.263] [SEVERE ] configuration file was loaded from resources directory.
[15:10:53.339] [INFO   ] thread dealer starting.
[15:10:53.341] [INFO   ] thread player 0 starting.
[15:10:53.342] [INFO   ] thread player 1 starting.
[15:10:53.343] [INFO   ] thread dealer starting.
[15:10:53.353] [INFO   ] thread player 1 starting.
[15:10:53.353] [INFO   ] thread player 0 starting.
[15:10:53.471] [SEVERE ] placing card 59 in slot 0
[15:10:53.579] [SEVERE ] placing card 38 in slot 1
[15:10:53.690] [SEVERE ] placing card 26 in slot 2
[15:10:53.798] [SEVERE ] placing card 12 in slot 3
[15:10:53.907] [SEVERE ] placing card 70 in slot 4
[15:10:54.015] [SEVERE ] placing card 69 in slot 5
[15:10:54.125] [SEVERE ] placing card 64 in slot 6
[15:10:54.235] [SEVERE ] placing card 33 in slot 7
[15:10:54.343] [SEVERE ] placing card 50 in slot 8
[15:10:54.452] [SEVERE ] placing card 55 in slot 9
[15:10:54.562] [SEVERE ] placing card 17 in slot 10
[15:10:54.671] [SEVERE ] placing card 53 in slot 11
[15:10:55.112] [SEVERE ] exit button pressed
[15:10:55.113] [INFO   ] thread player 0 terminated.
[15:10:55.113] [INFO   ] thread player 1 terminated.
[15:10:55.694] [SEVERE ] updating countdown to 59000
[15:10:55.696] [SEVERE ] updating countdown to 59000
[15:10:55.697] [SEVERE ] removing card from slot 0
[15:10:55.804] [SEVERE ] removing card from slot 1
[15:10:55.913] [SEVERE ] removing card from slot 2
[15:10:56.021] [SEVERE ] removing card from slot 3
[15:10:56.132] [SEVERE ] removing card from slot 4
