[08:11:15.189] [INFO   ] thread main starting.
[08:11:15.205] [SEVERE ] cannot read configuration file config.properties trying from resources.
[08:11:15.205] [SEVERE ] configuration file was loaded from resources directory.
[08:11:16.213] [INFO   ] thread dealer starting.
[08:11:16.213] [INFO   ] thread player 0 starting.
[08:11:16.222] [INFO   ] thread player 1 starting.
[08:11:16.223] [INFO   ] thread dealer starting.
[08:11:16.225] [INFO   ] thread player 0 starting.
[08:11:16.242] [INFO   ] thread player 1 starting.
[08:11:16.353] [SEVERE ] placing card 64 in slot 0
[08:11:16.463] [SEVERE ] placing card 72 in slot 1
[08:11:16.573] [SEVERE ] placing card 22 in slot 2
[08:11:16.683] [SEVERE ] placing card 62 in slot 3
[08:11:16.793] [SEVERE ] placing card 34 in slot 4
[08:11:16.903] [SEVERE ] placing card 47 in slot 5
[08:11:17.013] [SEVERE ] placing card 49 in slot 6
[08:11:17.123] [SEVERE ] placing card 1 in slot 7
[08:11:17.233] [SEVERE ] placing card 30 in slot 8
[08:11:17.344] [SEVERE ] placing card 11 in slot 9
[08:11:17.454] [SEVERE ] placing card 74 in slot 10
[08:11:17.564] [SEVERE ] placing card 12 in slot 11
[08:11:19.166] [SEVERE ] updating countdown to 4000
[08:11:20.740] [SEVERE ] updating countdown to 3000
[08:11:22.405] [SEVERE ] updating countdown to 2000
