[21:47:07.291] [INFO   ] thread main starting.
[21:47:07.297] [SEVERE ] cannot read configuration file config.properties trying from resources.
[21:47:07.301] [SEVERE ] configuration file was loaded from resources directory.
[21:47:07.803] [INFO   ] thread dealer starting.
[21:47:07.804] [INFO   ] thread player 0 starting.
[21:47:07.804] [INFO   ] thread player 1 starting.
[21:47:07.805] [INFO   ] thread player 0 starting.
[21:47:07.805] [INFO   ] thread dealer starting.
[21:47:07.806] [INFO   ] thread player 1 starting.
[21:47:07.920] [SEVERE ] placing card 9 in slot 0
[21:47:08.030] [SEVERE ] placing card 23 in slot 1
[21:47:08.139] [SEVERE ] placing card 59 in slot 2
[21:47:08.248] [SEVERE ] placing card 45 in slot 3
[21:47:08.358] [SEVERE ] placing card 43 in slot 4
[21:47:08.468] [SEVERE ] placing card 68 in slot 5
[21:47:08.576] [SEVERE ] placing card 41 in slot 6
[21:47:08.684] [SEVERE ] placing card 25 in slot 7
[21:47:08.795] [SEVERE ] placing card 56 in slot 8
[21:47:08.904] [SEVERE ] placing card 33 in slot 9
[21:47:09.014] [SEVERE ] placing card 21 in slot 10
[21:47:09.124] [SEVERE ] placing card 42 in slot 11
[21:47:10.136] [SEVERE ] updating countdown to 59000
[21:47:10.739] [SEVERE ] key 81 was pressed by player 1
[21:47:10.739] [SEVERE ] player 1 placing token on slot 0
[21:47:10.861] [SEVERE ] key 69 was pressed by player 1
[21:47:10.861] [SEVERE ] player 1 placing token on slot 2
[21:47:11.014] [SEVERE ] key 87 was pressed by player 1
[21:47:11.014] [SEVERE ] player 1 placing token on slot 1
[21:47:11.014] [SEVERE ] setting player 1 freeze to 3000
[21:47:11.145] [SEVERE ] updating countdown to 58000
[21:47:11.184] [SEVERE ] key 69 was pressed by player 1
[21:47:11.339] [SEVERE ] key 87 was pressed by player 1
[21:47:12.017] [SEVERE ] setting player 1 freeze to 2000
[21:47:12.140] [SEVERE ] key 75 was pressed by player 2
[21:47:12.140] [SEVERE ] player 2 placing token on slot 5
[21:47:12.150] [SEVERE ] key 76 was pressed by player 2
[21:47:12.150] [SEVERE ] player 2 placing token on slot 6
[21:47:12.156] [SEVERE ] updating countdown to 57000
[21:47:12.256] [SEVERE ] key 77 was pressed by player 2
[21:47:12.256] [SEVERE ] player 2 placing token on slot 8
[21:47:12.256] [SEVERE ] setting player 2 freeze to 3000
[21:47:13.023] [SEVERE ] setting player 1 freeze to 1000
[21:47:13.165] [SEVERE ] updating countdown to 56000
[21:47:13.259] [SEVERE ] setting player 2 freeze to 2000
[21:47:14.025] [SEVERE ] setting player 1 freeze to 0
[21:47:14.167] [SEVERE ] updating countdown to 55000
[21:47:14.263] [SEVERE ] setting player 2 freeze to 1000
[21:47:15.175] [SEVERE ] updating countdown to 54000
[21:47:15.271] [SEVERE ] setting player 2 freeze to 0
[21:47:16.082] [SEVERE ] exit button pressed
[21:47:16.186] [SEVERE ] updating countdown to 53000
[21:47:16.187] [SEVERE ] updating countdown to 59000
[21:47:16.187] [SEVERE ] removing player 1 token from slot 0
[21:47:16.188] [INFO   ] thread player 0 terminated.
[21:47:16.188] [INFO   ] thread player 1 terminated.
[21:47:16.188] [SEVERE ] removing player 1 token from slot 2
[21:47:16.188] [SEVERE ] removing player 1 token from slot 1
[21:47:16.188] [SEVERE ] removing player 2 token from slot 5
[21:47:16.188] [SEVERE ] removing player 2 token from slot 6
[21:47:16.189] [SEVERE ] removing player 2 token from slot 8
[21:47:16.189] [SEVERE ] removing card from slot 0
[21:47:16.298] [SEVERE ] removing card from slot 1
[21:47:16.410] [SEVERE ] removing card from slot 2
[21:47:16.522] [SEVERE ] removing card from slot 3
[21:47:16.632] [SEVERE ] removing card from slot 4
[21:47:16.742] [SEVERE ] removing card from slot 5
[21:47:16.854] [SEVERE ] removing card from slot 6
[21:47:16.963] [SEVERE ] removing card from slot 7
[21:47:17.071] [SEVERE ] removing card from slot 8
[21:47:17.181] [SEVERE ] removing card from slot 9
[21:47:17.293] [SEVERE ] removing card from slot 10
[21:47:17.403] [SEVERE ] removing card from slot 11
[21:47:17.516] [SEVERE ] announcing winner(s): player 1, player 2
[21:47:17.519] [INFO   ] thread dealer terminated.
[21:47:17.519] [INFO   ] thread dealer terminated.
[21:47:17.520] [SEVERE ] thanks for playing... it was fun!
[21:47:17.521] [INFO   ] thread main terminated.
