[08:07:50.510] [INFO   ] thread main starting.
[08:07:50.546] [SEVERE ] cannot read configuration file config.properties trying from resources.
[08:07:50.561] [SEVERE ] configuration file was loaded from resources directory.
[08:07:51.560] [INFO   ] thread dealer starting.
[08:07:51.560] [INFO   ] thread player 0 starting.
[08:07:51.560] [INFO   ] thread player 1 starting.
[08:07:51.560] [INFO   ] thread player 0 starting.
[08:07:51.560] [INFO   ] thread dealer starting.
[08:07:51.560] [INFO   ] thread player 1 starting.
[08:07:51.684] [SEVERE ] placing card 22 in slot 0
[08:07:51.795] [SEVERE ] placing card 41 in slot 1
[08:07:51.899] [SEVERE ] placing card 59 in slot 2
[08:07:52.014] [SEVERE ] placing card 6 in slot 3
[08:07:52.126] [SEVERE ] placing card 3 in slot 4
[08:07:52.229] [SEVERE ] placing card 15 in slot 5
[08:07:52.330] [SEVERE ] placing card 55 in slot 6
[08:07:52.441] [SEVERE ] placing card 52 in slot 7
[08:07:52.552] [SEVERE ] placing card 1 in slot 8
[08:07:52.618] [SEVERE ] key 65 was pressed by player 1
[08:07:52.663] [SEVERE ] placing card 12 in slot 9
[08:07:52.773] [SEVERE ] placing card 23 in slot 10
[08:07:52.885] [SEVERE ] placing card 75 in slot 11
[08:07:53.440] [SEVERE ] key 65 was pressed by player 1
[08:07:53.446] [SEVERE ] player 1 placing token on slot 4
[08:07:53.764] [SEVERE ] key 83 was pressed by player 1
[08:07:53.764] [SEVERE ] player 1 placing token on slot 5
[08:07:54.485] [SEVERE ] updating countdown to 4000
[08:07:56.069] [SEVERE ] updating countdown to 3000
[08:07:56.609] [SEVERE ] key 81 was pressed by player 1
[08:07:56.609] [SEVERE ] player 1 placing token on slot 0
[08:07:56.613] [SEVERE ] setting player 1 freeze to 0
[08:07:56.836] [SEVERE ] key 80 was pressed by player 2
[08:07:56.836] [SEVERE ] player 2 placing token on slot 3
[08:07:56.886] [SEVERE ] key 79 was pressed by player 2
[08:07:56.901] [SEVERE ] player 2 placing token on slot 2
[08:07:57.135] [SEVERE ] key 76 was pressed by player 2
[08:07:57.135] [SEVERE ] player 2 placing token on slot 6
[08:07:57.135] [SEVERE ] setting player 2 freeze to 0
[08:07:57.697] [SEVERE ] updating countdown to 2000
[08:07:58.330] [SEVERE ] key 65 was pressed by player 1
[08:07:58.330] [SEVERE ] removing player 1 token from slot 4
[08:07:59.314] [SEVERE ] updating countdown to 1000
[08:07:59.497] [SEVERE ] exit button pressed
[08:07:59.518] [SEVERE ] updating countdown to 4000
[08:07:59.518] [SEVERE ] removing player 1 token from slot 5
[08:07:59.518] [INFO   ] thread player 0 terminated.
[08:07:59.518] [INFO   ] thread player 1 terminated.
[08:07:59.518] [SEVERE ] removing player 1 token from slot 0
[08:07:59.518] [SEVERE ] removing player 2 token from slot 3
[08:07:59.518] [SEVERE ] removing player 2 token from slot 2
[08:07:59.518] [SEVERE ] removing player 2 token from slot 6
[08:07:59.518] [SEVERE ] removing card from slot 0
[08:07:59.629] [SEVERE ] removing card from slot 1
[08:07:59.732] [SEVERE ] removing card from slot 2
[08:07:59.838] [SEVERE ] removing card from slot 3
[08:07:59.943] [SEVERE ] removing card from slot 4
[08:08:00.047] [SEVERE ] removing card from slot 5
[08:08:00.157] [SEVERE ] removing card from slot 6
[08:08:00.269] [SEVERE ] removing card from slot 7
[08:08:00.380] [SEVERE ] removing card from slot 8
[08:08:00.491] [SEVERE ] removing card from slot 9
[08:08:00.603] [SEVERE ] removing card from slot 10
[08:08:00.714] [SEVERE ] removing card from slot 11
[08:08:00.826] [SEVERE ] announcing winner(s): player 1, player 2
[08:08:00.826] [INFO   ] thread dealer terminated.
[08:08:00.826] [INFO   ] thread dealer terminated.
[08:08:00.826] [SEVERE ] thanks for playing... it was fun!
[08:08:00.826] [INFO   ] thread main terminated.
