[00:34:20.439] [INFO   ] thread main starting.
[00:34:20.469] [SEVERE ] cannot read configuration file config.properties trying from resources.
[00:34:20.474] [SEVERE ] configuration file was loaded from resources directory.
[00:34:21.456] [INFO   ] thread dealer starting.
[00:34:21.460] [INFO   ] thread player 0 starting.
[00:34:21.462] [INFO   ] thread player 1 starting.
[00:34:21.462] [INFO   ] thread player 0 starting.
[00:34:21.462] [INFO   ] thread dealer starting.
[00:34:21.462] [INFO   ] thread player 1 starting.
[00:34:21.462] [INFO   ] thread computer-1 starting.
[00:34:21.466] [INFO   ] thread computer-0 starting.
[00:34:21.589] [SEVERE ] placing card 46 in slot 0
[00:34:21.701] [SEVERE ] placing card 29 in slot 1
[00:34:21.812] [SEVERE ] placing card 23 in slot 2
[00:34:21.924] [SEVERE ] placing card 24 in slot 3
[00:34:22.024] [SEVERE ] placing card 25 in slot 4
[00:34:22.129] [SEVERE ] placing card 17 in slot 5
[00:34:22.233] [SEVERE ] placing card 73 in slot 6
[00:34:22.344] [SEVERE ] placing card 12 in slot 7
[00:34:22.456] [SEVERE ] placing card 77 in slot 8
[00:34:22.567] [SEVERE ] placing card 9 in slot 9
[00:34:22.677] [SEVERE ] placing card 52 in slot 10
[00:34:22.780] [SEVERE ] placing card 16 in slot 11
[00:34:22.803] [SEVERE ] player 1 placing token on slot 0
[00:34:22.804] [SEVERE ] player 2 placing token on slot 9
[00:34:22.804] [SEVERE ] player 1 placing token on slot 6
[00:34:22.805] [SEVERE ] player 2 placing token on slot 11
[00:34:22.808] [SEVERE ] player 1 placing token on slot 11
[00:34:22.809] [SEVERE ] setting player 1 freeze to 0
[00:34:22.809] [SEVERE ] removing player 2 token from slot 9
[00:34:22.813] [SEVERE ] removing player 2 token from slot 11
[00:34:22.818] [SEVERE ] removing player 1 token from slot 0
[00:34:22.821] [SEVERE ] player 2 placing token on slot 4
[00:34:22.822] [SEVERE ] player 1 placing token on slot 5
[00:34:22.822] [SEVERE ] player 2 placing token on slot 8
[00:34:22.824] [SEVERE ] setting player 1 freeze to 0
[00:34:22.824] [SEVERE ] removing player 2 token from slot 8
[00:34:22.826] [SEVERE ] player 2 placing token on slot 9
[00:34:22.831] [SEVERE ] removing player 2 token from slot 4
[00:34:22.831] [SEVERE ] removing player 1 token from slot 5
[00:34:22.838] [SEVERE ] removing player 2 token from slot 9
[00:34:22.838] [SEVERE ] player 1 placing token on slot 9
[00:34:22.839] [SEVERE ] player 2 placing token on slot 0
[00:34:22.841] [SEVERE ] setting player 1 freeze to 0
[00:34:22.842] [SEVERE ] player 2 placing token on slot 7
[00:34:22.849] [SEVERE ] player 2 placing token on slot 10
[00:34:22.850] [SEVERE ] setting player 2 freeze to 0
[00:34:22.853] [SEVERE ] removing player 2 token from slot 10
[00:34:22.856] [SEVERE ] player 2 placing token on slot 4
[00:34:22.859] [SEVERE ] setting player 2 freeze to 0
[00:34:22.861] [SEVERE ] removing player 2 token from slot 7
[00:34:22.861] [SEVERE ] removing player 1 token from slot 6
[00:34:22.861] [SEVERE ] player 2 placing token on slot 9
[00:34:22.861] [SEVERE ] removing player 1 token from slot 9
[00:34:22.861] [SEVERE ] setting player 2 freeze to 0
[00:34:22.866] [SEVERE ] player 1 placing token on slot 7
[00:34:22.872] [SEVERE ] player 1 placing token on slot 10
[00:34:22.873] [SEVERE ] setting player 1 freeze to 0
[00:34:22.879] [SEVERE ] removing player 1 token from slot 10
[00:34:22.883] [SEVERE ] removing player 2 token from slot 0
[00:34:22.883] [SEVERE ] removing player 1 token from slot 11
[00:34:22.883] [SEVERE ] player 2 placing token on slot 2
[00:34:22.887] [SEVERE ] player 1 placing token on slot 11
[00:34:22.887] [SEVERE ] setting player 2 freeze to 0
[00:34:22.889] [SEVERE ] player 1 placing token on slot 6
[00:34:22.889] [SEVERE ] setting player 1 freeze to 0
[00:34:22.889] [SEVERE ] removing player 1 token from slot 7
[00:34:22.889] [SEVERE ] player 1 placing token on slot 5
[00:34:22.894] [SEVERE ] setting player 1 freeze to 0
[00:34:22.894] [SEVERE ] removing player 1 token from slot 11
[00:34:22.894] [SEVERE ] removing player 2 token from slot 2
[00:34:22.894] [SEVERE ] player 1 placing token on slot 10
[00:34:22.899] [SEVERE ] setting player 1 freeze to 0
[00:34:22.899] [SEVERE ] player 2 placing token on slot 10
[00:34:22.899] [SEVERE ] setting player 2 freeze to 0
[00:34:22.907] [SEVERE ] removing player 2 token from slot 10
[00:34:22.907] [SEVERE ] player 2 placing token on slot 1
[00:34:22.910] [SEVERE ] setting player 2 freeze to 0
[00:34:22.915] [SEVERE ] removing player 1 token from slot 5
[00:34:22.915] [SEVERE ] removing player 2 token from slot 9
[00:34:22.915] [SEVERE ] player 1 placing token on slot 2
[00:34:22.915] [SEVERE ] player 2 placing token on slot 7
[00:34:22.915] [SEVERE ] setting player 1 freeze to 0
[00:34:22.919] [SEVERE ] setting player 2 freeze to 0
[00:34:22.922] [SEVERE ] removing player 2 token from slot 4
[00:34:22.922] [SEVERE ] player 2 placing token on slot 4
[00:34:22.925] [SEVERE ] removing player 1 token from slot 6
[00:34:22.925] [SEVERE ] setting player 2 freeze to 0
[00:34:22.925] [SEVERE ] player 1 placing token on slot 0
[00:34:22.925] [SEVERE ] setting player 1 freeze to 0
[00:34:22.928] [SEVERE ] removing player 2 token from slot 1
[00:34:22.929] [SEVERE ] removing player 2 token from slot 4
[00:34:22.930] [SEVERE ] player 2 placing token on slot 4
[00:34:22.930] [SEVERE ] player 2 placing token on slot 11
[00:34:22.930] [SEVERE ] removing player 1 token from slot 0
[00:34:22.930] [SEVERE ] setting player 2 freeze to 0
[00:34:22.930] [SEVERE ] player 1 placing token on slot 1
[00:34:22.930] [SEVERE ] setting player 1 freeze to 0
[00:34:22.936] [SEVERE ] removing player 2 token from slot 7
[00:34:22.936] [SEVERE ] player 2 placing token on slot 7
[00:34:22.936] [SEVERE ] setting player 2 freeze to 0
[00:34:22.940] [SEVERE ] removing player 2 token from slot 11
[00:34:22.941] [SEVERE ] removing player 2 token from slot 7
[00:34:22.941] [SEVERE ] player 2 placing token on slot 8
[00:34:22.941] [SEVERE ] removing player 1 token from slot 2
[00:34:22.944] [SEVERE ] player 2 placing token on slot 10
[00:34:22.946] [SEVERE ] player 1 placing token on slot 9
[00:34:22.946] [SEVERE ] setting player 2 freeze to 0
[00:34:22.946] [SEVERE ] setting player 1 freeze to 0
[00:34:22.956] [SEVERE ] removing player 2 token from slot 4
[00:34:22.956] [SEVERE ] removing player 1 token from slot 10
[00:34:22.956] [SEVERE ] player 2 placing token on slot 6
[00:34:22.956] [SEVERE ] removing player 1 token from slot 9
[00:34:22.956] [SEVERE ] setting player 2 freeze to 0
[00:34:22.956] [SEVERE ] player 1 placing token on slot 6
[00:34:22.956] [SEVERE ] player 1 placing token on slot 9
[00:34:22.959] [SEVERE ] removing player 1 token from slot 1
[00:34:22.959] [SEVERE ] removing card from slot 1
[00:34:22.961] [SEVERE ] removing player 2 token from slot 6
[00:34:22.961] [SEVERE ] player 2 placing token on slot 5
[00:34:23.069] [SEVERE ] removing player 1 token from slot 6
[00:34:23.069] [SEVERE ] removing card from slot 6
[00:34:23.174] [SEVERE ] removing player 1 token from slot 9
[00:34:23.174] [SEVERE ] removing card from slot 9
[00:34:23.396] [SEVERE ] placing card 80 in slot 1
[00:34:23.502] [SEVERE ] placing card 64 in slot 6
[00:34:23.609] [SEVERE ] placing card 36 in slot 9
[00:34:23.613] [SEVERE ] updating countdown to 4000
[00:34:23.616] [SEVERE ] setting player 1 score to 1
[00:34:23.617] [SEVERE ] setting player 1 freeze to 0
[00:34:23.619] [SEVERE ] setting player 1 freeze to 0
[00:34:23.623] [SEVERE ] setting player 2 freeze to 0
[00:34:23.626] [SEVERE ] player 1 placing token on slot 1
[00:34:23.643] [SEVERE ] player 1 placing token on slot 11
[00:34:23.649] [SEVERE ] player 1 placing token on slot 10
[00:34:23.649] [SEVERE ] setting player 1 freeze to 0
[00:34:23.660] [SEVERE ] removing player 1 token from slot 10
[00:34:23.667] [SEVERE ] player 1 placing token on slot 7
[00:34:23.669] [SEVERE ] setting player 1 freeze to 0
[00:34:23.686] [SEVERE ] removing player 2 token from slot 8
[00:34:23.687] [SEVERE ] removing player 1 token from slot 11
[00:34:23.689] [SEVERE ] removing player 2 token from slot 5
[00:34:23.691] [SEVERE ] player 1 placing token on slot 10
[00:34:23.691] [SEVERE ] setting player 1 freeze to 0
[00:34:23.691] [SEVERE ] player 2 placing token on slot 2
