[21:40:17.840] [INFO   ] thread main starting.
[21:40:17.851] [SEVERE ] cannot read configuration file config.properties trying from resources.
[21:40:17.856] [SEVERE ] configuration file was loaded from resources directory.
[21:40:18.334] [INFO   ] thread dealer starting.
[21:40:18.336] [INFO   ] thread player 0 starting.
[21:40:18.336] [INFO   ] thread player 1 starting.
[21:40:18.337] [INFO   ] thread player 0 starting.
[21:40:18.337] [INFO   ] thread dealer starting.
[21:40:18.337] [INFO   ] thread player 1 starting.
[21:40:18.452] [SEVERE ] placing card 49 in slot 0
[21:40:18.560] [SEVERE ] placing card 11 in slot 1
[21:40:18.669] [SEVERE ] placing card 24 in slot 2
[21:40:18.778] [SEVERE ] placing card 67 in slot 3
[21:40:18.778] [SEVERE ] key 65 was pressed by player 1
[21:40:18.851] [SEVERE ] key 83 was pressed by player 1
[21:40:18.871] [SEVERE ] key 68 was pressed by player 1
[21:40:18.888] [SEVERE ] placing card 19 in slot 4
[21:40:18.999] [SEVERE ] placing card 61 in slot 5
[21:40:19.108] [SEVERE ] placing card 7 in slot 6
[21:40:19.217] [SEVERE ] placing card 64 in slot 7
[21:40:19.328] [SEVERE ] placing card 74 in slot 8
[21:40:19.436] [SEVERE ] placing card 27 in slot 9
[21:40:19.547] [SEVERE ] placing card 69 in slot 10
[21:40:19.657] [SEVERE ] placing card 60 in slot 11
[21:40:20.674] [SEVERE ] updating countdown to 59000
[21:40:21.681] [SEVERE ] updating countdown to 58000
[21:40:22.690] [SEVERE ] updating countdown to 57000
[21:40:23.696] [SEVERE ] updating countdown to 56000
[21:40:23.799] [SEVERE ] key 65 was pressed by player 1
[21:40:23.799] [SEVERE ] player 1 placing token on slot 4
[21:40:23.849] [SEVERE ] key 83 was pressed by player 1
[21:40:23.849] [SEVERE ] player 1 placing token on slot 5
[21:40:23.869] [SEVERE ] key 68 was pressed by player 1
[21:40:23.869] [SEVERE ] player 1 placing token on slot 6
[21:40:23.870] [SEVERE ] setting player 1 freeze to 3000
[21:40:24.706] [SEVERE ] updating countdown to 55000
[21:40:24.878] [SEVERE ] setting player 1 freeze to 2000
[21:40:25.578] [SEVERE ] key 74 was pressed by player 2
[21:40:25.578] [SEVERE ] player 2 placing token on slot 4
[21:40:25.619] [SEVERE ] key 75 was pressed by player 2
[21:40:25.619] [SEVERE ] player 2 placing token on slot 5
[21:40:25.717] [SEVERE ] updating countdown to 54000
[21:40:25.885] [SEVERE ] setting player 1 freeze to 1000
[21:40:26.725] [SEVERE ] updating countdown to 53000
[21:40:26.770] [SEVERE ] key 76 was pressed by player 2
[21:40:26.771] [SEVERE ] player 2 placing token on slot 6
[21:40:26.772] [SEVERE ] setting player 2 freeze to 3000
[21:40:26.895] [SEVERE ] setting player 1 freeze to 0
[21:40:27.736] [SEVERE ] updating countdown to 52000
[21:40:27.780] [SEVERE ] setting player 2 freeze to 2000
[21:40:28.739] [SEVERE ] updating countdown to 51000
[21:40:28.784] [SEVERE ] setting player 2 freeze to 1000
[21:40:29.383] [SEVERE ] exit button pressed
[21:40:29.755] [SEVERE ] updating countdown to 50000
[21:40:29.755] [SEVERE ] updating countdown to 59000
[21:40:29.755] [SEVERE ] removing player 1 token from slot 4
[21:40:29.755] [INFO   ] thread player 0 terminated.
[21:40:29.755] [SEVERE ] removing player 1 token from slot 5
[21:40:29.756] [SEVERE ] removing player 1 token from slot 6
[21:40:29.756] [SEVERE ] removing player 2 token from slot 4
[21:40:29.756] [SEVERE ] removing player 2 token from slot 5
[21:40:29.756] [SEVERE ] removing player 2 token from slot 6
[21:40:29.756] [SEVERE ] removing card from slot 0
[21:40:29.799] [SEVERE ] setting player 2 freeze to 0
[21:40:29.799] [INFO   ] thread player 1 terminated.
[21:40:29.862] [SEVERE ] removing card from slot 1
[21:40:29.971] [SEVERE ] removing card from slot 2
[21:40:30.079] [SEVERE ] removing card from slot 3
[21:40:30.189] [SEVERE ] removing card from slot 4
[21:40:30.298] [SEVERE ] removing card from slot 5
[21:40:30.408] [SEVERE ] removing card from slot 6
[21:40:30.518] [SEVERE ] removing card from slot 7
[21:40:30.627] [SEVERE ] removing card from slot 8
[21:40:30.736] [SEVERE ] removing card from slot 9
[21:40:30.844] [SEVERE ] removing card from slot 10
[21:40:30.953] [SEVERE ] removing card from slot 11
[21:40:31.061] [SEVERE ] announcing winner(s): player 1, player 2
[21:40:31.065] [INFO   ] thread dealer terminated.
[21:40:31.065] [INFO   ] thread dealer terminated.
[21:40:31.066] [SEVERE ] thanks for playing... it was fun!
[21:40:31.066] [INFO   ] thread main terminated.
