[08:13:37.787] [INFO   ] thread main starting.
[08:13:37.815] [SEVERE ] cannot read configuration file config.properties trying from resources.
[08:13:37.821] [SEVERE ] configuration file was loaded from resources directory.
[08:13:38.923] [INFO   ] thread dealer starting.
[08:13:38.930] [INFO   ] thread player 0 starting.
[08:13:38.932] [INFO   ] thread player 1 starting.
[08:13:38.935] [INFO   ] thread dealer starting.
[08:13:38.958] [INFO   ] thread player 1 starting.
[08:13:38.959] [INFO   ] thread player 0 starting.
[08:13:39.081] [SEVERE ] placing card 66 in slot 0
[08:13:39.190] [SEVERE ] placing card 1 in slot 1
[08:13:39.298] [SEVERE ] placing card 13 in slot 2
[08:13:39.407] [SEVERE ] placing card 62 in slot 3
[08:13:39.515] [SEVERE ] placing card 75 in slot 4
[08:13:39.625] [SEVERE ] placing card 32 in slot 5
[08:13:39.733] [SEVERE ] placing card 52 in slot 6
[08:13:39.841] [SEVERE ] placing card 34 in slot 7
[08:13:39.949] [SEVERE ] placing card 38 in slot 8
[08:13:40.058] [SEVERE ] placing card 56 in slot 9
[08:13:40.168] [SEVERE ] placing card 18 in slot 10
[08:13:40.277] [SEVERE ] placing card 22 in slot 11
[08:13:40.393] [SEVERE ] key 83 was pressed by player 1
[08:13:40.395] [SEVERE ] player 1 placing token on slot 5
[08:13:41.829] [SEVERE ] updating countdown to 4000
[08:13:43.387] [SEVERE ] updating countdown to 3000
[08:13:43.417] [SEVERE ] key 83 was pressed by player 1
[08:13:43.418] [SEVERE ] removing player 1 token from slot 5
[08:13:44.947] [SEVERE ] updating countdown to 2000
