[15:17:10.020] [INFO   ] thread main starting.
[15:17:10.036] [SEVERE ] cannot read configuration file config.properties trying from resources.
[15:17:10.039] [SEVERE ] configuration file was loaded from resources directory.
[15:17:10.882] [INFO   ] thread dealer starting.
[15:17:10.882] [INFO   ] thread player 0 starting.
[15:17:10.883] [INFO   ] thread player 1 starting.
[15:17:10.884] [INFO   ] thread dealer starting.
[15:17:10.895] [INFO   ] thread player 0 starting.
[15:17:10.895] [INFO   ] thread player 1 starting.
[15:17:11.019] [SEVERE ] placing card 10 in slot 0
[15:17:11.130] [SEVERE ] placing card 71 in slot 1
[15:17:11.240] [SEVERE ] placing card 14 in slot 2
[15:17:11.347] [SEVERE ] placing card 61 in slot 3
[15:17:11.456] [SEVERE ] placing card 5 in slot 4
[15:17:11.565] [SEVERE ] placing card 20 in slot 5
[15:17:11.674] [SEVERE ] placing card 30 in slot 6
[15:17:11.783] [SEVERE ] placing card 31 in slot 7
[15:17:11.890] [SEVERE ] placing card 15 in slot 8
[15:17:11.999] [SEVERE ] placing card 64 in slot 9
[15:17:12.106] [SEVERE ] placing card 3 in slot 10
[15:17:12.212] [SEVERE ] placing card 51 in slot 11
[15:17:13.231] [SEVERE ] updating countdown to 6000
[15:17:13.570] [SEVERE ] key 81 was pressed by player 1
[15:17:13.570] [SEVERE ] player 1 placing token on slot 0
[15:17:13.851] [SEVERE ] key 87 was pressed by player 1
[15:17:13.851] [SEVERE ] player 1 placing token on slot 1
[15:17:14.107] [SEVERE ] key 79 was pressed by player 2
[15:17:14.107] [SEVERE ] player 2 placing token on slot 2
[15:17:14.242] [SEVERE ] updating countdown to 5000
[15:17:14.350] [SEVERE ] key 80 was pressed by player 2
[15:17:14.350] [SEVERE ] player 2 placing token on slot 3
[15:17:14.675] [SEVERE ] key 65 was pressed by player 1
[15:17:14.676] [SEVERE ] player 1 placing token on slot 4
[15:17:14.677] [SEVERE ] setting player 1 freeze to 3000
[15:17:15.104] [SEVERE ] key 76 was pressed by player 2
[15:17:15.104] [SEVERE ] player 2 placing token on slot 6
[15:17:15.105] [SEVERE ] setting player 2 freeze to 3000
[15:17:15.683] [SEVERE ] setting player 1 freeze to 2000
[15:17:15.757] [SEVERE ] key 83 was pressed by player 1
[15:17:15.825] [SEVERE ] updating countdown to 4000
[15:17:16.019] [SEVERE ] key 76 was pressed by player 2
[15:17:16.120] [SEVERE ] setting player 2 freeze to 2000
[15:17:16.328] [SEVERE ] key 83 was pressed by player 1
[15:17:16.529] [SEVERE ] key 76 was pressed by player 2
[15:17:16.697] [SEVERE ] setting player 1 freeze to 1000
[15:17:17.131] [SEVERE ] setting player 2 freeze to 1000
[15:17:17.380] [SEVERE ] updating countdown to 3000
[15:17:17.704] [SEVERE ] setting player 1 freeze to 0
[15:17:18.139] [SEVERE ] setting player 2 freeze to 0
[15:17:18.389] [SEVERE ] key 83 was pressed by player 1
[15:17:18.672] [SEVERE ] key 76 was pressed by player 2
[15:17:18.672] [SEVERE ] removing player 2 token from slot 6
[15:17:18.931] [SEVERE ] updating countdown to 2000
[15:17:19.065] [SEVERE ] key 83 was pressed by player 1
[15:17:19.288] [SEVERE ] key 76 was pressed by player 2
[15:17:19.288] [SEVERE ] player 2 placing token on slot 6
[15:17:19.290] [SEVERE ] setting player 2 freeze to 3000
[15:17:19.557] [SEVERE ] key 65 was pressed by player 1
[15:17:19.557] [SEVERE ] removing player 1 token from slot 4
[15:17:19.853] [SEVERE ] key 65 was pressed by player 1
[15:17:19.853] [SEVERE ] player 1 placing token on slot 4
[15:17:19.855] [SEVERE ] setting player 1 freeze to 3000
[15:17:20.298] [SEVERE ] setting player 2 freeze to 2000
[15:17:20.479] [SEVERE ] key 80 was pressed by player 2
[15:17:20.518] [SEVERE ] updating countdown to 1000
[15:17:20.777] [SEVERE ] key 81 was pressed by player 1
[15:17:20.859] [SEVERE ] setting player 1 freeze to 2000
[15:17:21.157] [SEVERE ] key 87 was pressed by player 1
[15:17:21.313] [SEVERE ] setting player 2 freeze to 1000
[15:17:21.875] [SEVERE ] setting player 1 freeze to 1000
[15:17:22.035] [SEVERE ] key 75 was pressed by player 2
[15:17:22.077] [SEVERE ] updating countdown to 0
[15:17:22.077] [SEVERE ] updating countdown to 6000
[15:17:22.078] [SEVERE ] removing player 1 token from slot 0
[15:17:22.078] [SEVERE ] removing player 1 token from slot 1
[15:17:22.079] [SEVERE ] removing player 1 token from slot 4
[15:17:22.079] [SEVERE ] removing player 2 token from slot 2
[15:17:22.079] [SEVERE ] removing player 2 token from slot 3
[15:17:22.079] [SEVERE ] removing player 2 token from slot 6
[15:17:22.079] [SEVERE ] removing card from slot 0
[15:17:22.167] [SEVERE ] key 83 was pressed by player 1
[15:17:22.184] [SEVERE ] removing card from slot 1
[15:17:22.293] [SEVERE ] removing card from slot 2
[15:17:22.325] [SEVERE ] setting player 2 freeze to 0
[15:17:22.403] [SEVERE ] removing card from slot 3
[15:17:22.511] [SEVERE ] removing card from slot 4
[15:17:22.620] [SEVERE ] removing card from slot 5
[15:17:22.730] [SEVERE ] removing card from slot 6
[15:17:22.838] [SEVERE ] removing card from slot 7
[15:17:22.884] [SEVERE ] setting player 1 freeze to 0
[15:17:22.947] [SEVERE ] removing card from slot 8
[15:17:23.058] [SEVERE ] removing card from slot 9
[15:17:23.168] [SEVERE ] removing card from slot 10
[15:17:23.278] [SEVERE ] removing card from slot 11
[15:17:23.496] [SEVERE ] placing card 73 in slot 0
[15:17:23.604] [SEVERE ] placing card 15 in slot 1
[15:17:23.713] [SEVERE ] placing card 77 in slot 2
[15:17:23.821] [SEVERE ] placing card 10 in slot 3
[15:17:23.931] [SEVERE ] placing card 33 in slot 4
[15:17:24.039] [SEVERE ] placing card 64 in slot 5
[15:17:24.147] [SEVERE ] placing card 55 in slot 6
[15:17:24.257] [SEVERE ] placing card 19 in slot 7
[15:17:24.295] [SEVERE ] key 80 was pressed by player 2
[15:17:24.364] [SEVERE ] placing card 54 in slot 8
[15:17:24.422] [SEVERE ] key 79 was pressed by player 2
[15:17:24.471] [SEVERE ] placing card 42 in slot 9
[15:17:24.580] [SEVERE ] placing card 14 in slot 10
[15:17:24.688] [SEVERE ] placing card 66 in slot 11
[15:17:25.699] [SEVERE ] updating countdown to 5000
[15:17:27.256] [SEVERE ] updating countdown to 4000
