[15:16:55.202] [INFO   ] thread main starting.
[15:16:55.220] [SEVERE ] cannot read configuration file config.properties trying from resources.
[15:16:55.226] [SEVERE ] configuration file was loaded from resources directory.
[15:16:56.033] [INFO   ] thread dealer starting.
[15:16:56.051] [INFO   ] thread player 0 starting.
[15:16:56.055] [INFO   ] thread player 1 starting.
[15:16:56.057] [INFO   ] thread dealer starting.
[15:16:56.059] [INFO   ] thread player 0 starting.
[15:16:56.060] [INFO   ] thread player 1 starting.
[15:16:56.172] [SEVERE ] placing card 40 in slot 0
[15:16:56.282] [SEVERE ] placing card 2 in slot 1
[15:16:56.393] [SEVERE ] placing card 28 in slot 2
[15:16:56.501] [SEVERE ] placing card 78 in slot 3
[15:16:56.608] [SEVERE ] placing card 5 in slot 4
[15:16:56.718] [SEVERE ] placing card 47 in slot 5
[15:16:56.827] [SEVERE ] placing card 57 in slot 6
[15:16:56.938] [SEVERE ] placing card 32 in slot 7
[15:16:57.049] [SEVERE ] placing card 76 in slot 8
[15:16:57.157] [SEVERE ] placing card 10 in slot 9
[15:16:57.267] [SEVERE ] placing card 19 in slot 10
[15:16:57.375] [SEVERE ] placing card 46 in slot 11
[15:16:57.405] [SEVERE ] updating countdown to -993
[15:16:57.406] [SEVERE ] removing card from slot 0
[15:16:57.516] [SEVERE ] removing card from slot 1
[15:16:57.625] [SEVERE ] removing card from slot 2
[15:16:57.735] [SEVERE ] removing card from slot 3
[15:16:57.845] [SEVERE ] removing card from slot 4
[15:16:57.953] [SEVERE ] removing card from slot 5
[15:16:58.064] [SEVERE ] removing card from slot 6
[15:16:58.173] [SEVERE ] removing card from slot 7
[15:16:58.280] [SEVERE ] removing card from slot 8
[15:16:58.390] [SEVERE ] removing card from slot 9
[15:16:58.498] [SEVERE ] removing card from slot 10
[15:16:58.607] [SEVERE ] removing card from slot 11
[15:16:58.824] [SEVERE ] placing card 80 in slot 0
[15:16:58.933] [SEVERE ] placing card 74 in slot 1
[15:16:59.043] [SEVERE ] placing card 38 in slot 2
[15:16:59.152] [SEVERE ] placing card 51 in slot 3
[15:16:59.261] [SEVERE ] placing card 27 in slot 4
[15:16:59.370] [SEVERE ] placing card 19 in slot 5
[15:16:59.478] [SEVERE ] placing card 55 in slot 6
[15:16:59.588] [SEVERE ] placing card 3 in slot 7
[15:16:59.697] [SEVERE ] placing card 57 in slot 8
[15:16:59.805] [SEVERE ] placing card 61 in slot 9
[15:16:59.914] [SEVERE ] placing card 15 in slot 10
[15:17:00.023] [SEVERE ] placing card 7 in slot 11
[15:17:00.023] [SEVERE ] updating countdown to -993
[15:17:00.023] [SEVERE ] removing card from slot 0
[15:17:00.133] [SEVERE ] removing card from slot 1
[15:17:00.242] [SEVERE ] removing card from slot 2
